


-------------------------------------------------- 
OOD TEST ON 0



-------------------------------------------------- 
OPTIMIZING HYPERPARAMETERS FOR REGRESSOR NGB 	SEED: 6


Best parameters: OrderedDict([('regressor__regressor__learning_rate', 0.09881126983994516), ('regressor__regressor__minibatch_frac', 1), ('regressor__regressor__n_estimators', 1587), ('regressor__regressor__natural_gradient', True), ('regressor__regressor__tol', 0.0003718925871335274), ('regressor__regressor__verbose', False)])




Best parameters: OrderedDict([('regressor__regressor__learning_rate', 0.05951306598367807), ('regressor__regressor__minibatch_frac', 1), ('regressor__regressor__n_estimators', 2000), ('regressor__regressor__natural_gradient', True), ('regressor__regressor__tol', 0.001), ('regressor__regressor__verbose', False)])




Best parameters: OrderedDict([('regressor__regressor__learning_rate', 0.05455822321128567), ('regressor__regressor__minibatch_frac', 1), ('regressor__regressor__n_estimators', 1136), ('regressor__regressor__natural_gradient', True), ('regressor__regressor__tol', 1.3491293111406948e-06), ('regressor__regressor__verbose', False)])




Best parameters: OrderedDict([('regressor__regressor__learning_rate', 0.01217923988738758), ('regressor__regressor__minibatch_frac', 1), ('regressor__regressor__n_estimators', 2000), ('regressor__regressor__natural_gradient', True), ('regressor__regressor__tol', 3.215222443204178e-06), ('regressor__regressor__verbose', False)])




Best parameters: OrderedDict([('regressor__regressor__learning_rate', 0.051922451003193835), ('regressor__regressor__minibatch_frac', 1), ('regressor__regressor__n_estimators', 2000), ('regressor__regressor__natural_gradient', True), ('regressor__regressor__tol', 0.001), ('regressor__regressor__verbose', False)])





OPTIMIZING HYPERPARAMETERS FOR REGRESSOR NGB 	SEED: 6


Best parameters: OrderedDict([('regressor__regressor__learning_rate', 0.09802839489310182), ('regressor__regressor__minibatch_frac', 1), ('regressor__regressor__n_estimators', 1988), ('regressor__regressor__natural_gradient', True), ('regressor__regressor__tol', 1.038974921879261e-06), ('regressor__regressor__verbose', False)])





OPTIMIZING HYPERPARAMETERS FOR REGRESSOR NGB 	SEED: 6


Best parameters: OrderedDict([('regressor__regressor__learning_rate', 0.1), ('regressor__regressor__minibatch_frac', 1), ('regressor__regressor__n_estimators', 279), ('regressor__regressor__natural_gradient', True), ('regressor__regressor__tol', 4.669752078835571e-06), ('regressor__regressor__verbose', False)])





OPTIMIZING HYPERPARAMETERS FOR REGRESSOR NGB 	SEED: 6


Best parameters: OrderedDict([('regressor__regressor__learning_rate', 0.05701970896459677), ('regressor__regressor__minibatch_frac', 1), ('regressor__regressor__n_estimators', 2000), ('regressor__regressor__natural_gradient', True), ('regressor__regressor__tol', 1e-06), ('regressor__regressor__verbose', False)])





OPTIMIZING HYPERPARAMETERS FOR REGRESSOR NGB 	SEED: 6


Best parameters: OrderedDict([('regressor__regressor__learning_rate', 0.04323095470153025), ('regressor__regressor__minibatch_frac', 1), ('regressor__regressor__n_estimators', 2000), ('regressor__regressor__natural_gradient', True), ('regressor__regressor__tol', 1e-06), ('regressor__regressor__verbose', False)])





OPTIMIZING HYPERPARAMETERS FOR REGRESSOR NGB 	SEED: 6


Best parameters: OrderedDict([('regressor__regressor__learning_rate', 0.09869782481935704), ('regressor__regressor__minibatch_frac', 1), ('regressor__regressor__n_estimators', 687), ('regressor__regressor__natural_gradient', True), ('regressor__regressor__tol', 2.0589992026020883e-06), ('regressor__regressor__verbose', False)])





-------------------------------------------------- 
OPTIMIZING HYPERPARAMETERS FOR REGRESSOR NGB 	SEED: 13


Best parameters: OrderedDict([('regressor__regressor__learning_rate', 0.1), ('regressor__regressor__minibatch_frac', 1), ('regressor__regressor__n_estimators', 2000), ('regressor__regressor__natural_gradient', True), ('regressor__regressor__tol', 0.001), ('regressor__regressor__verbose', False)])




Best parameters: OrderedDict([('regressor__regressor__learning_rate', 0.1), ('regressor__regressor__minibatch_frac', 1), ('regressor__regressor__n_estimators', 169), ('regressor__regressor__natural_gradient', True), ('regressor__regressor__tol', 0.001), ('regressor__regressor__verbose', False)])




Best parameters: OrderedDict([('regressor__regressor__learning_rate', 0.027551814060114227), ('regressor__regressor__minibatch_frac', 1), ('regressor__regressor__n_estimators', 451), ('regressor__regressor__natural_gradient', True), ('regressor__regressor__tol', 1e-06), ('regressor__regressor__verbose', False)])




Best parameters: OrderedDict([('regressor__regressor__learning_rate', 0.03263520596534252), ('regressor__regressor__minibatch_frac', 1), ('regressor__regressor__n_estimators', 2000), ('regressor__regressor__natural_gradient', True), ('regressor__regressor__tol', 0.001), ('regressor__regressor__verbose', False)])




Best parameters: OrderedDict([('regressor__regressor__learning_rate', 0.010096287829404584), ('regressor__regressor__minibatch_frac', 1), ('regressor__regressor__n_estimators', 1445), ('regressor__regressor__natural_gradient', True), ('regressor__regressor__tol', 1e-06), ('regressor__regressor__verbose', False)])





OPTIMIZING HYPERPARAMETERS FOR REGRESSOR NGB 	SEED: 13


Best parameters: OrderedDict([('regressor__regressor__learning_rate', 0.02498404088678552), ('regressor__regressor__minibatch_frac', 1), ('regressor__regressor__n_estimators', 2000), ('regressor__regressor__natural_gradient', True), ('regressor__regressor__tol', 0.001), ('regressor__regressor__verbose', False)])





OPTIMIZING HYPERPARAMETERS FOR REGRESSOR NGB 	SEED: 13


Best parameters: OrderedDict([('regressor__regressor__learning_rate', 0.09806827433050348), ('regressor__regressor__minibatch_frac', 1), ('regressor__regressor__n_estimators', 1953), ('regressor__regressor__natural_gradient', True), ('regressor__regressor__tol', 0.00010093325086128994), ('regressor__regressor__verbose', False)])





OPTIMIZING HYPERPARAMETERS FOR REGRESSOR NGB 	SEED: 13


Best parameters: OrderedDict([('regressor__regressor__learning_rate', 0.1), ('regressor__regressor__minibatch_frac', 1), ('regressor__regressor__n_estimators', 1685), ('regressor__regressor__natural_gradient', True), ('regressor__regressor__tol', 0.001), ('regressor__regressor__verbose', False)])





OPTIMIZING HYPERPARAMETERS FOR REGRESSOR NGB 	SEED: 13


Best parameters: OrderedDict([('regressor__regressor__learning_rate', 0.04400475393984643), ('regressor__regressor__minibatch_frac', 1), ('regressor__regressor__n_estimators', 470), ('regressor__regressor__natural_gradient', True), ('regressor__regressor__tol', 0.001), ('regressor__regressor__verbose', False)])





OPTIMIZING HYPERPARAMETERS FOR REGRESSOR NGB 	SEED: 13


Best parameters: OrderedDict([('regressor__regressor__learning_rate', 0.07385228370377277), ('regressor__regressor__minibatch_frac', 1), ('regressor__regressor__n_estimators', 1518), ('regressor__regressor__natural_gradient', True), ('regressor__regressor__tol', 1e-06), ('regressor__regressor__verbose', False)])





-------------------------------------------------- 
OPTIMIZING HYPERPARAMETERS FOR REGRESSOR NGB 	SEED: 42


Best parameters: OrderedDict([('regressor__regressor__learning_rate', 0.07352481813242628), ('regressor__regressor__minibatch_frac', 1), ('regressor__regressor__n_estimators', 1246), ('regressor__regressor__natural_gradient', True), ('regressor__regressor__tol', 1.390574606467376e-05), ('regressor__regressor__verbose', False)])




Best parameters: OrderedDict([('regressor__regressor__learning_rate', 0.07352481813242628), ('regressor__regressor__minibatch_frac', 1), ('regressor__regressor__n_estimators', 1246), ('regressor__regressor__natural_gradient', True), ('regressor__regressor__tol', 1.390574606467376e-05), ('regressor__regressor__verbose', False)])




Best parameters: OrderedDict([('regressor__regressor__learning_rate', 0.05129435489423944), ('regressor__regressor__minibatch_frac', 1), ('regressor__regressor__n_estimators', 272), ('regressor__regressor__natural_gradient', True), ('regressor__regressor__tol', 0.001), ('regressor__regressor__verbose', False)])




Best parameters: OrderedDict([('regressor__regressor__learning_rate', 0.1), ('regressor__regressor__minibatch_frac', 1), ('regressor__regressor__n_estimators', 1020), ('regressor__regressor__natural_gradient', True), ('regressor__regressor__tol', 9.595111608060778e-05), ('regressor__regressor__verbose', False)])




Best parameters: OrderedDict([('regressor__regressor__learning_rate', 0.1), ('regressor__regressor__minibatch_frac', 1), ('regressor__regressor__n_estimators', 798), ('regressor__regressor__natural_gradient', True), ('regressor__regressor__tol', 1e-06), ('regressor__regressor__verbose', False)])





OPTIMIZING HYPERPARAMETERS FOR REGRESSOR NGB 	SEED: 42


Best parameters: OrderedDict([('regressor__regressor__learning_rate', 0.09936781474009372), ('regressor__regressor__minibatch_frac', 1), ('regressor__regressor__n_estimators', 206), ('regressor__regressor__natural_gradient', True), ('regressor__regressor__tol', 2.3542077621331432e-06), ('regressor__regressor__verbose', False)])





OPTIMIZING HYPERPARAMETERS FOR REGRESSOR NGB 	SEED: 42


Best parameters: OrderedDict([('regressor__regressor__learning_rate', 0.07749393625513754), ('regressor__regressor__minibatch_frac', 1), ('regressor__regressor__n_estimators', 303), ('regressor__regressor__natural_gradient', True), ('regressor__regressor__tol', 0.001), ('regressor__regressor__verbose', False)])





OPTIMIZING HYPERPARAMETERS FOR REGRESSOR NGB 	SEED: 42


Best parameters: OrderedDict([('regressor__regressor__learning_rate', 0.1), ('regressor__regressor__minibatch_frac', 1), ('regressor__regressor__n_estimators', 637), ('regressor__regressor__natural_gradient', True), ('regressor__regressor__tol', 1e-06), ('regressor__regressor__verbose', False)])





OPTIMIZING HYPERPARAMETERS FOR REGRESSOR NGB 	SEED: 42


Best parameters: OrderedDict([('regressor__regressor__learning_rate', 0.052150688782326815), ('regressor__regressor__minibatch_frac', 1), ('regressor__regressor__n_estimators', 1125), ('regressor__regressor__natural_gradient', True), ('regressor__regressor__tol', 1e-06), ('regressor__regressor__verbose', False)])





OPTIMIZING HYPERPARAMETERS FOR REGRESSOR NGB 	SEED: 42


Best parameters: OrderedDict([('regressor__regressor__learning_rate', 0.09974824185182105), ('regressor__regressor__minibatch_frac', 1), ('regressor__regressor__n_estimators', 331), ('regressor__regressor__natural_gradient', True), ('regressor__regressor__tol', 1.6631737221048567e-06), ('regressor__regressor__verbose', False)])





-------------------------------------------------- 
OPTIMIZING HYPERPARAMETERS FOR REGRESSOR NGB 	SEED: 69


Best parameters: OrderedDict([('regressor__regressor__learning_rate', 0.0311460874689866), ('regressor__regressor__minibatch_frac', 1), ('regressor__regressor__n_estimators', 520), ('regressor__regressor__natural_gradient', True), ('regressor__regressor__tol', 1.1091704725230186e-06), ('regressor__regressor__verbose', False)])




Best parameters: OrderedDict([('regressor__regressor__learning_rate', 0.05435240221193137), ('regressor__regressor__minibatch_frac', 1), ('regressor__regressor__n_estimators', 2000), ('regressor__regressor__natural_gradient', True), ('regressor__regressor__tol', 0.001), ('regressor__regressor__verbose', False)])




Best parameters: OrderedDict([('regressor__regressor__learning_rate', 0.09939793013929618), ('regressor__regressor__minibatch_frac', 1), ('regressor__regressor__n_estimators', 161), ('regressor__regressor__natural_gradient', True), ('regressor__regressor__tol', 2.3527825731996607e-05), ('regressor__regressor__verbose', False)])




Best parameters: OrderedDict([('regressor__regressor__learning_rate', 0.1), ('regressor__regressor__minibatch_frac', 1), ('regressor__regressor__n_estimators', 683), ('regressor__regressor__natural_gradient', True), ('regressor__regressor__tol', 0.001), ('regressor__regressor__verbose', False)])




Best parameters: OrderedDict([('regressor__regressor__learning_rate', 0.0396879300524295), ('regressor__regressor__minibatch_frac', 1), ('regressor__regressor__n_estimators', 888), ('regressor__regressor__natural_gradient', True), ('regressor__regressor__tol', 0.001), ('regressor__regressor__verbose', False)])





OPTIMIZING HYPERPARAMETERS FOR REGRESSOR NGB 	SEED: 69


Best parameters: OrderedDict([('regressor__regressor__learning_rate', 0.1), ('regressor__regressor__minibatch_frac', 1), ('regressor__regressor__n_estimators', 1069), ('regressor__regressor__natural_gradient', True), ('regressor__regressor__tol', 1e-06), ('regressor__regressor__verbose', False)])





OPTIMIZING HYPERPARAMETERS FOR REGRESSOR NGB 	SEED: 69


Best parameters: OrderedDict([('regressor__regressor__learning_rate', 0.013396776351644967), ('regressor__regressor__minibatch_frac', 1), ('regressor__regressor__n_estimators', 1480), ('regressor__regressor__natural_gradient', True), ('regressor__regressor__tol', 1e-06), ('regressor__regressor__verbose', False)])





OPTIMIZING HYPERPARAMETERS FOR REGRESSOR NGB 	SEED: 69


Best parameters: OrderedDict([('regressor__regressor__learning_rate', 0.05139334157646888), ('regressor__regressor__minibatch_frac', 1), ('regressor__regressor__n_estimators', 2000), ('regressor__regressor__natural_gradient', True), ('regressor__regressor__tol', 0.001), ('regressor__regressor__verbose', False)])





OPTIMIZING HYPERPARAMETERS FOR REGRESSOR NGB 	SEED: 69


Best parameters: OrderedDict([('regressor__regressor__learning_rate', 0.024357980948874768), ('regressor__regressor__minibatch_frac', 1), ('regressor__regressor__n_estimators', 2000), ('regressor__regressor__natural_gradient', True), ('regressor__regressor__tol', 1e-06), ('regressor__regressor__verbose', False)])





OPTIMIZING HYPERPARAMETERS FOR REGRESSOR NGB 	SEED: 69


Best parameters: OrderedDict([('regressor__regressor__learning_rate', 0.05470167316954395), ('regressor__regressor__minibatch_frac', 1), ('regressor__regressor__n_estimators', 384), ('regressor__regressor__natural_gradient', True), ('regressor__regressor__tol', 1e-06), ('regressor__regressor__verbose', False)])





-------------------------------------------------- 
OPTIMIZING HYPERPARAMETERS FOR REGRESSOR NGB 	SEED: 420


Best parameters: OrderedDict([('regressor__regressor__learning_rate', 0.07019092113160814), ('regressor__regressor__minibatch_frac', 1), ('regressor__regressor__n_estimators', 269), ('regressor__regressor__natural_gradient', True), ('regressor__regressor__tol', 1e-06), ('regressor__regressor__verbose', False)])




Best parameters: OrderedDict([('regressor__regressor__learning_rate', 0.06303515506062947), ('regressor__regressor__minibatch_frac', 1), ('regressor__regressor__n_estimators', 205), ('regressor__regressor__natural_gradient', True), ('regressor__regressor__tol', 1e-06), ('regressor__regressor__verbose', False)])




Best parameters: OrderedDict([('regressor__regressor__learning_rate', 0.1), ('regressor__regressor__minibatch_frac', 1), ('regressor__regressor__n_estimators', 2000), ('regressor__regressor__natural_gradient', True), ('regressor__regressor__tol', 3.089526593624884e-06), ('regressor__regressor__verbose', False)])




Best parameters: OrderedDict([('regressor__regressor__learning_rate', 0.03292708982045243), ('regressor__regressor__minibatch_frac', 1), ('regressor__regressor__n_estimators', 2000), ('regressor__regressor__natural_gradient', True), ('regressor__regressor__tol', 1e-06), ('regressor__regressor__verbose', False)])




Best parameters: OrderedDict([('regressor__regressor__learning_rate', 0.012161147822384017), ('regressor__regressor__minibatch_frac', 1), ('regressor__regressor__n_estimators', 2000), ('regressor__regressor__natural_gradient', True), ('regressor__regressor__tol', 1e-06), ('regressor__regressor__verbose', False)])





OPTIMIZING HYPERPARAMETERS FOR REGRESSOR NGB 	SEED: 420


Best parameters: OrderedDict([('regressor__regressor__learning_rate', 0.04096083215917022), ('regressor__regressor__minibatch_frac', 1), ('regressor__regressor__n_estimators', 2000), ('regressor__regressor__natural_gradient', True), ('regressor__regressor__tol', 0.001), ('regressor__regressor__verbose', False)])





OPTIMIZING HYPERPARAMETERS FOR REGRESSOR NGB 	SEED: 420


Best parameters: OrderedDict([('regressor__regressor__learning_rate', 0.1), ('regressor__regressor__minibatch_frac', 1), ('regressor__regressor__n_estimators', 2000), ('regressor__regressor__natural_gradient', True), ('regressor__regressor__tol', 0.001), ('regressor__regressor__verbose', False)])





OPTIMIZING HYPERPARAMETERS FOR REGRESSOR NGB 	SEED: 420


Best parameters: OrderedDict([('regressor__regressor__learning_rate', 0.04322356300925498), ('regressor__regressor__minibatch_frac', 1), ('regressor__regressor__n_estimators', 478), ('regressor__regressor__natural_gradient', True), ('regressor__regressor__tol', 0.001), ('regressor__regressor__verbose', False)])





OPTIMIZING HYPERPARAMETERS FOR REGRESSOR NGB 	SEED: 420


Best parameters: OrderedDict([('regressor__regressor__learning_rate', 0.037990334958567566), ('regressor__regressor__minibatch_frac', 1), ('regressor__regressor__n_estimators', 2000), ('regressor__regressor__natural_gradient', True), ('regressor__regressor__tol', 1e-06), ('regressor__regressor__verbose', False)])





OPTIMIZING HYPERPARAMETERS FOR REGRESSOR NGB 	SEED: 420


Best parameters: OrderedDict([('regressor__regressor__learning_rate', 0.03974481701957806), ('regressor__regressor__minibatch_frac', 1), ('regressor__regressor__n_estimators', 2000), ('regressor__regressor__natural_gradient', True), ('regressor__regressor__tol', 1e-06), ('regressor__regressor__verbose', False)])





-------------------------------------------------- 
OPTIMIZING HYPERPARAMETERS FOR REGRESSOR NGB 	SEED: 1234567890


Best parameters: OrderedDict([('regressor__regressor__learning_rate', 0.027031325335668488), ('regressor__regressor__minibatch_frac', 1), ('regressor__regressor__n_estimators', 1975), ('regressor__regressor__natural_gradient', True), ('regressor__regressor__tol', 0.0006170178135778509), ('regressor__regressor__verbose', False)])




Best parameters: OrderedDict([('regressor__regressor__learning_rate', 0.1), ('regressor__regressor__minibatch_frac', 1), ('regressor__regressor__n_estimators', 2000), ('regressor__regressor__natural_gradient', True), ('regressor__regressor__tol', 1e-06), ('regressor__regressor__verbose', False)])




Best parameters: OrderedDict([('regressor__regressor__learning_rate', 0.047167089950685345), ('regressor__regressor__minibatch_frac', 1), ('regressor__regressor__n_estimators', 989), ('regressor__regressor__natural_gradient', True), ('regressor__regressor__tol', 0.001), ('regressor__regressor__verbose', False)])




Best parameters: OrderedDict([('regressor__regressor__learning_rate', 0.1), ('regressor__regressor__minibatch_frac', 1), ('regressor__regressor__n_estimators', 95), ('regressor__regressor__natural_gradient', True), ('regressor__regressor__tol', 0.001), ('regressor__regressor__verbose', False)])




Best parameters: OrderedDict([('regressor__regressor__learning_rate', 0.1), ('regressor__regressor__minibatch_frac', 1), ('regressor__regressor__n_estimators', 676), ('regressor__regressor__natural_gradient', True), ('regressor__regressor__tol', 0.001), ('regressor__regressor__verbose', False)])





OPTIMIZING HYPERPARAMETERS FOR REGRESSOR NGB 	SEED: 1234567890


Best parameters: OrderedDict([('regressor__regressor__learning_rate', 0.0218334151205763), ('regressor__regressor__minibatch_frac', 1), ('regressor__regressor__n_estimators', 1250), ('regressor__regressor__natural_gradient', True), ('regressor__regressor__tol', 1e-06), ('regressor__regressor__verbose', False)])





OPTIMIZING HYPERPARAMETERS FOR REGRESSOR NGB 	SEED: 1234567890


Best parameters: OrderedDict([('regressor__regressor__learning_rate', 0.1), ('regressor__regressor__minibatch_frac', 1), ('regressor__regressor__n_estimators', 1327), ('regressor__regressor__natural_gradient', True), ('regressor__regressor__tol', 1e-06), ('regressor__regressor__verbose', False)])





OPTIMIZING HYPERPARAMETERS FOR REGRESSOR NGB 	SEED: 1234567890


Best parameters: OrderedDict([('regressor__regressor__learning_rate', 0.1), ('regressor__regressor__minibatch_frac', 1), ('regressor__regressor__n_estimators', 1299), ('regressor__regressor__natural_gradient', True), ('regressor__regressor__tol', 0.001), ('regressor__regressor__verbose', False)])





OPTIMIZING HYPERPARAMETERS FOR REGRESSOR NGB 	SEED: 1234567890


Best parameters: OrderedDict([('regressor__regressor__learning_rate', 0.04051733063790841), ('regressor__regressor__minibatch_frac', 1), ('regressor__regressor__n_estimators', 650), ('regressor__regressor__natural_gradient', True), ('regressor__regressor__tol', 1e-06), ('regressor__regressor__verbose', False)])





OPTIMIZING HYPERPARAMETERS FOR REGRESSOR NGB 	SEED: 1234567890


Best parameters: OrderedDict([('regressor__regressor__learning_rate', 0.09985019446608498), ('regressor__regressor__minibatch_frac', 1), ('regressor__regressor__n_estimators', 467), ('regressor__regressor__natural_gradient', True), ('regressor__regressor__tol', 0.0001417814995608653), ('regressor__regressor__verbose', False)])





-------------------------------------------------- 
OPTIMIZING HYPERPARAMETERS FOR REGRESSOR NGB 	SEED: 473129


Best parameters: OrderedDict([('regressor__regressor__learning_rate', 0.1), ('regressor__regressor__minibatch_frac', 1), ('regressor__regressor__n_estimators', 2000), ('regressor__regressor__natural_gradient', True), ('regressor__regressor__tol', 0.001), ('regressor__regressor__verbose', False)])




Best parameters: OrderedDict([('regressor__regressor__learning_rate', 0.06721501683543399), ('regressor__regressor__minibatch_frac', 1), ('regressor__regressor__n_estimators', 181), ('regressor__regressor__natural_gradient', True), ('regressor__regressor__tol', 0.0006938928167057857), ('regressor__regressor__verbose', False)])


