/usr/local/usrapps/ddomlab/sdehgha2/pls-dataset-env/lib/python3.10/site-packages/skopt/optimizer/optimizer.py:517: UserWarning: The objective has been evaluated at point [0.1, 1, 2000, True, 0.001, False] before, using random point [0.008769419739882232, 1, 65, True, 6.04089975433638e-06, False]
  warnings.warn(
/usr/local/usrapps/ddomlab/sdehgha2/pls-dataset-env/lib/python3.10/site-packages/skopt/optimizer/optimizer.py:517: UserWarning: The objective has been evaluated at point [0.1, 1, 2000, True, 0.001, False] before, using random point [0.01323667276717293, 1, 214, True, 0.00012210734589077367, False]
  warnings.warn(
/usr/local/usrapps/ddomlab/sdehgha2/pls-dataset-env/lib/python3.10/site-packages/skopt/optimizer/optimizer.py:517: UserWarning: The objective has been evaluated at point [0.1, 1, 2000, True, 0.001, False] before, using random point [0.0014043559229705738, 1, 95, True, 4.4882220559517476e-05, False]
  warnings.warn(
/usr/local/usrapps/ddomlab/sdehgha2/pls-dataset-env/lib/python3.10/site-packages/skopt/optimizer/optimizer.py:517: UserWarning: The objective has been evaluated at point [0.1, 1, 2000, True, 0.001, False] before, using random point [0.00015175857136425625, 1, 512, True, 1.3419751525849327e-06, False]
  warnings.warn(
/usr/local/usrapps/ddomlab/sdehgha2/pls-dataset-env/lib/python3.10/site-packages/skopt/optimizer/optimizer.py:517: UserWarning: The objective has been evaluated at point [0.1, 1, 2000, True, 0.001, False] before, using random point [0.018402924580858886, 1, 356, True, 2.0428651475198124e-05, False]
  warnings.warn(
/usr/local/usrapps/ddomlab/sdehgha2/pls-dataset-env/lib/python3.10/site-packages/skopt/optimizer/optimizer.py:517: UserWarning: The objective has been evaluated at point [0.1, 1, 2000, True, 1e-06, False] before, using random point [0.004383563747774247, 1, 366, True, 3.71459228288051e-05, False]
  warnings.warn(
/usr/local/usrapps/ddomlab/sdehgha2/pls-dataset-env/lib/python3.10/site-packages/skopt/optimizer/optimizer.py:517: UserWarning: The objective has been evaluated at point [0.1, 1, 2000, True, 0.001, False] before, using random point [0.00525949814301105, 1, 1884, True, 0.0004653773355468672, False]
  warnings.warn(
/usr/local/usrapps/ddomlab/sdehgha2/pls-dataset-env/lib/python3.10/site-packages/skopt/optimizer/optimizer.py:517: UserWarning: The objective has been evaluated at point [0.1, 1, 2000, True, 0.001, False] before, using random point [0.00525949814301105, 1, 1884, True, 0.0004653773355468672, False]
  warnings.warn(
/usr/local/usrapps/ddomlab/sdehgha2/pls-dataset-env/lib/python3.10/site-packages/skopt/optimizer/optimizer.py:517: UserWarning: The objective has been evaluated at point [0.1, 1, 2000, True, 1e-06, False] before, using random point [0.001301568495166768, 1, 59, True, 0.00012534668451817232, False]
  warnings.warn(
/usr/local/usrapps/ddomlab/sdehgha2/pls-dataset-env/lib/python3.10/site-packages/skopt/optimizer/optimizer.py:517: UserWarning: The objective has been evaluated at point [0.1, 1, 2000, True, 0.001, False] before, using random point [0.00525949814301105, 1, 1884, True, 0.0004653773355468672, False]
  warnings.warn(
/usr/local/usrapps/ddomlab/sdehgha2/pls-dataset-env/lib/python3.10/site-packages/skopt/optimizer/optimizer.py:517: UserWarning: The objective has been evaluated at point [0.1, 1, 2000, True, 1e-06, False] before, using random point [0.00044782253482358365, 1, 1435, True, 1.4968078841923233e-06, False]
  warnings.warn(
/usr/local/usrapps/ddomlab/sdehgha2/pls-dataset-env/lib/python3.10/site-packages/skopt/optimizer/optimizer.py:517: UserWarning: The objective has been evaluated at point [0.1, 1, 2000, True, 1e-06, False] before, using random point [0.008283419842830465, 1, 77, True, 3.61509626399564e-06, False]
  warnings.warn(
/usr/local/usrapps/ddomlab/sdehgha2/pls-dataset-env/lib/python3.10/site-packages/skopt/optimizer/optimizer.py:517: UserWarning: The objective has been evaluated at point [0.1, 1, 2000, True, 1e-06, False] before, using random point [0.008283419842830465, 1, 77, True, 3.61509626399564e-06, False]
  warnings.warn(
/usr/local/usrapps/ddomlab/sdehgha2/pls-dataset-env/lib/python3.10/site-packages/skopt/optimizer/optimizer.py:517: UserWarning: The objective has been evaluated at point [0.1, 1, 2000, True, 1e-06, False] before, using random point [0.0011769163113934042, 1, 134, True, 3.3087287096102835e-05, False]
  warnings.warn(
/usr/local/usrapps/ddomlab/sdehgha2/pls-dataset-env/lib/python3.10/site-packages/skopt/optimizer/optimizer.py:517: UserWarning: The objective has been evaluated at point [0.1, 1, 2000, True, 1e-06, False] before, using random point [0.001257312437861901, 1, 288, True, 3.9771781735441875e-06, False]
  warnings.warn(
/usr/local/usrapps/ddomlab/sdehgha2/pls-dataset-env/lib/python3.10/site-packages/skopt/optimizer/optimizer.py:517: UserWarning: The objective has been evaluated at point [0.1, 1, 2000, True, 1e-06, False] before, using random point [0.0028901374881468277, 1, 541, True, 1.1067231584073613e-06, False]
  warnings.warn(
/usr/local/usrapps/ddomlab/sdehgha2/pls-dataset-env/lib/python3.10/site-packages/skopt/optimizer/optimizer.py:517: UserWarning: The objective has been evaluated at point [0.1, 1, 2000, True, 1e-06, False] before, using random point [0.0007952728229437744, 1, 619, True, 1.0923262269025822e-06, False]
  warnings.warn(
/usr/local/usrapps/ddomlab/sdehgha2/pls-dataset-env/lib/python3.10/site-packages/skopt/optimizer/optimizer.py:517: UserWarning: The objective has been evaluated at point [0.1, 1, 2000, True, 1e-06, False] before, using random point [0.0011010842076964464, 1, 176, True, 7.530770699782633e-05, False]
  warnings.warn(
/usr/local/usrapps/ddomlab/sdehgha2/pls-dataset-env/lib/python3.10/site-packages/skopt/optimizer/optimizer.py:517: UserWarning: The objective has been evaluated at point [0.1, 1, 2000, True, 1e-06, False] before, using random point [0.0012578950114513104, 1, 514, True, 0.0004228998434568543, False]
  warnings.warn(
/usr/local/usrapps/ddomlab/sdehgha2/pls-dataset-env/lib/python3.10/site-packages/skopt/optimizer/optimizer.py:517: UserWarning: The objective has been evaluated at point [0.1, 1, 2000, True, 0.001, False] before, using random point [0.008283419842830465, 1, 77, True, 3.61509626399564e-06, False]
  warnings.warn(
/usr/local/usrapps/ddomlab/sdehgha2/pls-dataset-env/lib/python3.10/site-packages/skopt/optimizer/optimizer.py:517: UserWarning: The objective has been evaluated at point [0.1, 1, 2000, True, 0.001, False] before, using random point [0.024553820388737633, 1, 125, True, 0.0002981835659086422, False]
  warnings.warn(
