


OPTIMIZING HYPERPARAMETERS FOR REGRESSOR RF 	SEED: 6


Best parameters: OrderedDict([('regressor__regressor__max_depth', None), ('regressor__regressor__max_features', 'sqrt'), ('regressor__regressor__min_samples_leaf', 0.05), ('regressor__regressor__min_samples_split', 0.05), ('regressor__regressor__n_estimators', 678)])





OPTIMIZING HYPERPARAMETERS FOR REGRESSOR RF 	SEED: 6


Best parameters: OrderedDict([('regressor__regressor__max_depth', None), ('regressor__regressor__max_features', 'sqrt'), ('regressor__regressor__min_samples_leaf', 0.05), ('regressor__regressor__min_samples_split', 0.05), ('regressor__regressor__n_estimators', 1810)])





OPTIMIZING HYPERPARAMETERS FOR REGRESSOR RF 	SEED: 6


Best parameters: OrderedDict([('regressor__regressor__max_depth', None), ('regressor__regressor__max_features', 'sqrt'), ('regressor__regressor__min_samples_leaf', 0.05), ('regressor__regressor__min_samples_split', 0.05), ('regressor__regressor__n_estimators', 2000)])





OPTIMIZING HYPERPARAMETERS FOR REGRESSOR RF 	SEED: 6


Best parameters: OrderedDict([('regressor__regressor__max_depth', None), ('regressor__regressor__max_features', 'sqrt'), ('regressor__regressor__min_samples_leaf', 0.05), ('regressor__regressor__min_samples_split', 0.05), ('regressor__regressor__n_estimators', 2000)])





OPTIMIZING HYPERPARAMETERS FOR REGRESSOR RF 	SEED: 6


Best parameters: OrderedDict([('regressor__regressor__max_depth', None), ('regressor__regressor__max_features', 'sqrt'), ('regressor__regressor__min_samples_leaf', 0.05), ('regressor__regressor__min_samples_split', 0.05), ('regressor__regressor__n_estimators', 50)])





OPTIMIZING HYPERPARAMETERS FOR REGRESSOR RF 	SEED: 13


Best parameters: OrderedDict([('regressor__regressor__max_depth', None), ('regressor__regressor__max_features', 'sqrt'), ('regressor__regressor__min_samples_leaf', 0.05), ('regressor__regressor__min_samples_split', 0.05), ('regressor__regressor__n_estimators', 2000)])





OPTIMIZING HYPERPARAMETERS FOR REGRESSOR RF 	SEED: 13


Best parameters: OrderedDict([('regressor__regressor__max_depth', None), ('regressor__regressor__max_features', 'sqrt'), ('regressor__regressor__min_samples_leaf', 0.05), ('regressor__regressor__min_samples_split', 0.05), ('regressor__regressor__n_estimators', 50)])





OPTIMIZING HYPERPARAMETERS FOR REGRESSOR RF 	SEED: 13


Best parameters: OrderedDict([('regressor__regressor__max_depth', None), ('regressor__regressor__max_features', 'sqrt'), ('regressor__regressor__min_samples_leaf', 0.05), ('regressor__regressor__min_samples_split', 0.05), ('regressor__regressor__n_estimators', 50)])





OPTIMIZING HYPERPARAMETERS FOR REGRESSOR RF 	SEED: 13


Best parameters: OrderedDict([('regressor__regressor__max_depth', None), ('regressor__regressor__max_features', 'sqrt'), ('regressor__regressor__min_samples_leaf', 0.05), ('regressor__regressor__min_samples_split', 0.05), ('regressor__regressor__n_estimators', 50)])





OPTIMIZING HYPERPARAMETERS FOR REGRESSOR RF 	SEED: 13


Best parameters: OrderedDict([('regressor__regressor__max_depth', None), ('regressor__regressor__max_features', 'sqrt'), ('regressor__regressor__min_samples_leaf', 0.05), ('regressor__regressor__min_samples_split', 0.05), ('regressor__regressor__n_estimators', 2000)])





OPTIMIZING HYPERPARAMETERS FOR REGRESSOR RF 	SEED: 42


Best parameters: OrderedDict([('regressor__regressor__max_depth', None), ('regressor__regressor__max_features', 'sqrt'), ('regressor__regressor__min_samples_leaf', 0.05), ('regressor__regressor__min_samples_split', 0.08963841162038835), ('regressor__regressor__n_estimators', 2000)])





OPTIMIZING HYPERPARAMETERS FOR REGRESSOR RF 	SEED: 42


Best parameters: OrderedDict([('regressor__regressor__max_depth', None), ('regressor__regressor__max_features', 'sqrt'), ('regressor__regressor__min_samples_leaf', 0.05), ('regressor__regressor__min_samples_split', 0.07383975214097424), ('regressor__regressor__n_estimators', 2000)])





OPTIMIZING HYPERPARAMETERS FOR REGRESSOR RF 	SEED: 42


Best parameters: OrderedDict([('regressor__regressor__max_depth', None), ('regressor__regressor__max_features', 'sqrt'), ('regressor__regressor__min_samples_leaf', 0.05293852842887101), ('regressor__regressor__min_samples_split', 0.08829985350332258), ('regressor__regressor__n_estimators', 1710)])





OPTIMIZING HYPERPARAMETERS FOR REGRESSOR RF 	SEED: 42


Best parameters: OrderedDict([('regressor__regressor__max_depth', None), ('regressor__regressor__max_features', 'sqrt'), ('regressor__regressor__min_samples_leaf', 0.05), ('regressor__regressor__min_samples_split', 0.05), ('regressor__regressor__n_estimators', 50)])





OPTIMIZING HYPERPARAMETERS FOR REGRESSOR RF 	SEED: 42


Best parameters: OrderedDict([('regressor__regressor__max_depth', None), ('regressor__regressor__max_features', 'sqrt'), ('regressor__regressor__min_samples_leaf', 0.05), ('regressor__regressor__min_samples_split', 0.10877188728099932), ('regressor__regressor__n_estimators', 2000)])





OPTIMIZING HYPERPARAMETERS FOR REGRESSOR RF 	SEED: 69


Best parameters: OrderedDict([('regressor__regressor__max_depth', None), ('regressor__regressor__max_features', 'sqrt'), ('regressor__regressor__min_samples_leaf', 0.053270391365795255), ('regressor__regressor__min_samples_split', 0.054186379680458835), ('regressor__regressor__n_estimators', 233)])





OPTIMIZING HYPERPARAMETERS FOR REGRESSOR RF 	SEED: 69


Best parameters: OrderedDict([('regressor__regressor__max_depth', None), ('regressor__regressor__max_features', 'sqrt'), ('regressor__regressor__min_samples_leaf', 0.05), ('regressor__regressor__min_samples_split', 0.05), ('regressor__regressor__n_estimators', 50)])





OPTIMIZING HYPERPARAMETERS FOR REGRESSOR RF 	SEED: 69


Best parameters: OrderedDict([('regressor__regressor__max_depth', None), ('regressor__regressor__max_features', 'sqrt'), ('regressor__regressor__min_samples_leaf', 0.05), ('regressor__regressor__min_samples_split', 0.05), ('regressor__regressor__n_estimators', 2000)])





OPTIMIZING HYPERPARAMETERS FOR REGRESSOR RF 	SEED: 69


Best parameters: OrderedDict([('regressor__regressor__max_depth', None), ('regressor__regressor__max_features', 'sqrt'), ('regressor__regressor__min_samples_leaf', 0.05), ('regressor__regressor__min_samples_split', 0.15986985113907937), ('regressor__regressor__n_estimators', 50)])





OPTIMIZING HYPERPARAMETERS FOR REGRESSOR RF 	SEED: 69


Best parameters: OrderedDict([('regressor__regressor__max_depth', None), ('regressor__regressor__max_features', 'sqrt'), ('regressor__regressor__min_samples_leaf', 0.05), ('regressor__regressor__min_samples_split', 0.05), ('regressor__regressor__n_estimators', 2000)])





OPTIMIZING HYPERPARAMETERS FOR REGRESSOR RF 	SEED: 420


Best parameters: OrderedDict([('regressor__regressor__max_depth', None), ('regressor__regressor__max_features', 'sqrt'), ('regressor__regressor__min_samples_leaf', 0.05), ('regressor__regressor__min_samples_split', 0.05), ('regressor__regressor__n_estimators', 2000)])





OPTIMIZING HYPERPARAMETERS FOR REGRESSOR RF 	SEED: 420


Best parameters: OrderedDict([('regressor__regressor__max_depth', None), ('regressor__regressor__max_features', 'sqrt'), ('regressor__regressor__min_samples_leaf', 0.05), ('regressor__regressor__min_samples_split', 0.17013545110766976), ('regressor__regressor__n_estimators', 50)])





OPTIMIZING HYPERPARAMETERS FOR REGRESSOR RF 	SEED: 420


Best parameters: OrderedDict([('regressor__regressor__max_depth', None), ('regressor__regressor__max_features', 'sqrt'), ('regressor__regressor__min_samples_leaf', 0.05), ('regressor__regressor__min_samples_split', 0.05), ('regressor__regressor__n_estimators', 50)])





OPTIMIZING HYPERPARAMETERS FOR REGRESSOR RF 	SEED: 420


Best parameters: OrderedDict([('regressor__regressor__max_depth', None), ('regressor__regressor__max_features', 'sqrt'), ('regressor__regressor__min_samples_leaf', 0.05), ('regressor__regressor__min_samples_split', 0.07040240125890956), ('regressor__regressor__n_estimators', 2000)])





OPTIMIZING HYPERPARAMETERS FOR REGRESSOR RF 	SEED: 420


Best parameters: OrderedDict([('regressor__regressor__max_depth', None), ('regressor__regressor__max_features', 'sqrt'), ('regressor__regressor__min_samples_leaf', 0.05069733793106011), ('regressor__regressor__min_samples_split', 0.05375640052295252), ('regressor__regressor__n_estimators', 1889)])





OPTIMIZING HYPERPARAMETERS FOR REGRESSOR RF 	SEED: 1234567890


Best parameters: OrderedDict([('regressor__regressor__max_depth', None), ('regressor__regressor__max_features', 'sqrt'), ('regressor__regressor__min_samples_leaf', 0.05033068017061291), ('regressor__regressor__min_samples_split', 0.184334173209598), ('regressor__regressor__n_estimators', 188)])





OPTIMIZING HYPERPARAMETERS FOR REGRESSOR RF 	SEED: 1234567890


Best parameters: OrderedDict([('regressor__regressor__max_depth', None), ('regressor__regressor__max_features', 'sqrt'), ('regressor__regressor__min_samples_leaf', 0.05), ('regressor__regressor__min_samples_split', 0.05), ('regressor__regressor__n_estimators', 61)])





OPTIMIZING HYPERPARAMETERS FOR REGRESSOR RF 	SEED: 1234567890


Best parameters: OrderedDict([('regressor__regressor__max_depth', None), ('regressor__regressor__max_features', 'sqrt'), ('regressor__regressor__min_samples_leaf', 0.05), ('regressor__regressor__min_samples_split', 0.05), ('regressor__regressor__n_estimators', 2000)])





OPTIMIZING HYPERPARAMETERS FOR REGRESSOR RF 	SEED: 1234567890


Best parameters: OrderedDict([('regressor__regressor__max_depth', None), ('regressor__regressor__max_features', 'sqrt'), ('regressor__regressor__min_samples_leaf', 0.05), ('regressor__regressor__min_samples_split', 0.05), ('regressor__regressor__n_estimators', 2000)])





OPTIMIZING HYPERPARAMETERS FOR REGRESSOR RF 	SEED: 1234567890


Best parameters: OrderedDict([('regressor__regressor__max_depth', None), ('regressor__regressor__max_features', 'sqrt'), ('regressor__regressor__min_samples_leaf', 0.05), ('regressor__regressor__min_samples_split', 0.05), ('regressor__regressor__n_estimators', 50)])





OPTIMIZING HYPERPARAMETERS FOR REGRESSOR RF 	SEED: 473129


Best parameters: OrderedDict([('regressor__regressor__max_depth', None), ('regressor__regressor__max_features', 'sqrt'), ('regressor__regressor__min_samples_leaf', 0.05), ('regressor__regressor__min_samples_split', 0.08568516773431532), ('regressor__regressor__n_estimators', 2000)])





OPTIMIZING HYPERPARAMETERS FOR REGRESSOR RF 	SEED: 473129


Best parameters: OrderedDict([('regressor__regressor__max_depth', None), ('regressor__regressor__max_features', 'sqrt'), ('regressor__regressor__min_samples_leaf', 0.05), ('regressor__regressor__min_samples_split', 0.05), ('regressor__regressor__n_estimators', 2000)])





OPTIMIZING HYPERPARAMETERS FOR REGRESSOR RF 	SEED: 473129


Best parameters: OrderedDict([('regressor__regressor__max_depth', None), ('regressor__regressor__max_features', 'sqrt'), ('regressor__regressor__min_samples_leaf', 0.05), ('regressor__regressor__min_samples_split', 0.05), ('regressor__regressor__n_estimators', 2000)])





OPTIMIZING HYPERPARAMETERS FOR REGRESSOR RF 	SEED: 473129


Best parameters: OrderedDict([('regressor__regressor__max_depth', None), ('regressor__regressor__max_features', 'sqrt'), ('regressor__regressor__min_samples_leaf', 0.05), ('regressor__regressor__min_samples_split', 0.10909782027136156), ('regressor__regressor__n_estimators', 2000)])





OPTIMIZING HYPERPARAMETERS FOR REGRESSOR RF 	SEED: 473129


Best parameters: OrderedDict([('regressor__regressor__max_depth', None), ('regressor__regressor__max_features', 'sqrt'), ('regressor__regressor__min_samples_leaf', 0.05), ('regressor__regressor__min_samples_split', 0.05), ('regressor__regressor__n_estimators', 2000)])


Average scores:	 r: 0.44±0.15	 r2: 0.14±0.1
Filename: (ECFP5.count.2048)_RF_Standard
Done Saving scores!

------------------------------------------------------------
Sender: LSF System <lsfadmin@c034n01>
Subject: Job 741645: <ECFP_RF_RRU Monomer_log Rg (nm)_5_count_20250321> in cluster <Hazel> Done

Job <ECFP_RF_RRU Monomer_log Rg (nm)_5_count_20250321> was submitted from host <c038n03> by user <sdehgha2> in cluster <Hazel> at Sat Apr  5 16:01:40 2025
Job was executed on host(s) <6*c034n01>, in queue <single_chassis>, as user <sdehgha2> in cluster <Hazel> at Sat Apr  5 17:20:34 2025
</home/sdehgha2> was used as the home directory.
</share/ddomlab/sdehgha2/working-space/main/P1_pls-dataset/pls-dataset-space/PLS-Dataset/code_/training/hpc_submit_training_Rh> was used as the working directory.
Started at Sat Apr  5 17:20:34 2025
Terminated at Sat Apr  5 18:03:41 2025
Results reported at Sat Apr  5 18:03:41 2025

Your job looked like:

------------------------------------------------------------
# LSBATCH: User input
          
#BSUB -n 6
#BSUB -W 30:01
#BSUB -R span[hosts=1]
#BSUB -R "rusage[mem=8GB]"
#BSUB -J "ECFP_RF_RRU Monomer_log Rg (nm)_5_count_20250321"  
#BSUB -o "/share/ddomlab/sdehgha2/working-space/main/P1_pls-dataset/pls-dataset-space/PLS-Dataset/results/hpc_20250321/ECFP_RF_RRU Monomer_log Rg (nm)_5_count_20250321.out"
#BSUB -e "/share/ddomlab/sdehgha2/working-space/main/P1_pls-dataset/pls-dataset-space/PLS-Dataset/results/hpc_20250321/ECFP_RF_RRU Monomer_log Rg (nm)_5_count_20250321.err"

source ~/.bashrc
conda activate /usr/local/usrapps/ddomlab/sdehgha2/pls-dataset-env
python ../train_structure_only.py --target_features "log Rg (nm)"                                   --representation "ECFP"                                   --regressor_type "RF"                                   --oligomer_representation "RRU Monomer"                                   --radius "5"                                   --vector "count" 

------------------------------------------------------------

Successfully completed.

Resource usage summary:

    CPU time :                                   7716.00 sec.
    Max Memory :                                 3 GB
    Average Memory :                             2.90 GB
    Total Requested Memory :                     8.00 GB
    Delta Memory :                               5.00 GB
    Max Swap :                                   -
    Max Processes :                              38
    Max Threads :                                41
    Run time :                                   2608 sec.
    Turnaround time :                            7321 sec.

The output (if any) is above this job summary.



PS:

Read file </share/ddomlab/sdehgha2/working-space/main/P1_pls-dataset/pls-dataset-space/PLS-Dataset/results/hpc_20250321/ECFP_RF_RRU Monomer_log Rg (nm)_5_count_20250321.err> for stderr output of this job.




OPTIMIZING HYPERPARAMETERS FOR REGRESSOR RF 	SEED: 6


Best parameters: OrderedDict([('regressor__regressor__max_depth', None), ('regressor__regressor__max_features', None), ('regressor__regressor__min_samples_leaf', 0.0015149756751533685), ('regressor__regressor__min_samples_split', 0.14824811373712501), ('regressor__regressor__n_estimators', 32)])





OPTIMIZING HYPERPARAMETERS FOR REGRESSOR RF 	SEED: 6


Best parameters: OrderedDict([('regressor__regressor__max_depth', None), ('regressor__regressor__max_features', None), ('regressor__regressor__min_samples_leaf', 0.001), ('regressor__regressor__min_samples_split', 0.18063428356233835), ('regressor__regressor__n_estimators', 2000)])





OPTIMIZING HYPERPARAMETERS FOR REGRESSOR RF 	SEED: 6


Best parameters: OrderedDict([('regressor__regressor__max_depth', None), ('regressor__regressor__max_features', None), ('regressor__regressor__min_samples_leaf', 0.001), ('regressor__regressor__min_samples_split', 0.12167493565081385), ('regressor__regressor__n_estimators', 53)])





OPTIMIZING HYPERPARAMETERS FOR REGRESSOR RF 	SEED: 6


Best parameters: OrderedDict([('regressor__regressor__max_depth', None), ('regressor__regressor__max_features', None), ('regressor__regressor__min_samples_leaf', 0.001), ('regressor__regressor__min_samples_split', 0.16085081998236553), ('regressor__regressor__n_estimators', 10)])





OPTIMIZING HYPERPARAMETERS FOR REGRESSOR RF 	SEED: 6


Best parameters: OrderedDict([('regressor__regressor__max_depth', None), ('regressor__regressor__max_features', None), ('regressor__regressor__min_samples_leaf', 0.0010760159576654606), ('regressor__regressor__min_samples_split', 0.07401930850496925), ('regressor__regressor__n_estimators', 444)])





OPTIMIZING HYPERPARAMETERS FOR REGRESSOR RF 	SEED: 13


Best parameters: OrderedDict([('regressor__regressor__max_depth', None), ('regressor__regressor__max_features', None), ('regressor__regressor__min_samples_leaf', 0.001), ('regressor__regressor__min_samples_split', 0.047166994846146275), ('regressor__regressor__n_estimators', 2000)])





OPTIMIZING HYPERPARAMETERS FOR REGRESSOR RF 	SEED: 13


Best parameters: OrderedDict([('regressor__regressor__max_depth', None), ('regressor__regressor__max_features', None), ('regressor__regressor__min_samples_leaf', 0.001), ('regressor__regressor__min_samples_split', 0.07592098745967565), ('regressor__regressor__n_estimators', 45)])





OPTIMIZING HYPERPARAMETERS FOR REGRESSOR RF 	SEED: 13


Best parameters: OrderedDict([('regressor__regressor__max_depth', None), ('regressor__regressor__max_features', None), ('regressor__regressor__min_samples_leaf', 0.001), ('regressor__regressor__min_samples_split', 0.11390755867089584), ('regressor__regressor__n_estimators', 2000)])





OPTIMIZING HYPERPARAMETERS FOR REGRESSOR RF 	SEED: 13


Best parameters: OrderedDict([('regressor__regressor__max_depth', None), ('regressor__regressor__max_features', None), ('regressor__regressor__min_samples_leaf', 0.001), ('regressor__regressor__min_samples_split', 0.006947979154143554), ('regressor__regressor__n_estimators', 13)])





OPTIMIZING HYPERPARAMETERS FOR REGRESSOR RF 	SEED: 13


Best parameters: OrderedDict([('regressor__regressor__max_depth', None), ('regressor__regressor__max_features', None), ('regressor__regressor__min_samples_leaf', 0.001), ('regressor__regressor__min_samples_split', 0.03634784333426392), ('regressor__regressor__n_estimators', 79)])





OPTIMIZING HYPERPARAMETERS FOR REGRESSOR RF 	SEED: 42


Best parameters: OrderedDict([('regressor__regressor__max_depth', None), ('regressor__regressor__max_features', None), ('regressor__regressor__min_samples_leaf', 0.001), ('regressor__regressor__min_samples_split', 0.05024069471628593), ('regressor__regressor__n_estimators', 2000)])





OPTIMIZING HYPERPARAMETERS FOR REGRESSOR RF 	SEED: 42


Best parameters: OrderedDict([('regressor__regressor__max_depth', None), ('regressor__regressor__max_features', None), ('regressor__regressor__min_samples_leaf', 0.001), ('regressor__regressor__min_samples_split', 0.001), ('regressor__regressor__n_estimators', 10)])





OPTIMIZING HYPERPARAMETERS FOR REGRESSOR RF 	SEED: 42


Best parameters: OrderedDict([('regressor__regressor__max_depth', None), ('regressor__regressor__max_features', None), ('regressor__regressor__min_samples_leaf', 0.001), ('regressor__regressor__min_samples_split', 0.001), ('regressor__regressor__n_estimators', 10)])





OPTIMIZING HYPERPARAMETERS FOR REGRESSOR RF 	SEED: 42


Best parameters: OrderedDict([('regressor__regressor__max_depth', None), ('regressor__regressor__max_features', None), ('regressor__regressor__min_samples_leaf', 0.001), ('regressor__regressor__min_samples_split', 0.21045523402068905), ('regressor__regressor__n_estimators', 10)])





OPTIMIZING HYPERPARAMETERS FOR REGRESSOR RF 	SEED: 42


Best parameters: OrderedDict([('regressor__regressor__max_depth', None), ('regressor__regressor__max_features', None), ('regressor__regressor__min_samples_leaf', 0.001), ('regressor__regressor__min_samples_split', 0.001), ('regressor__regressor__n_estimators', 280)])





OPTIMIZING HYPERPARAMETERS FOR REGRESSOR RF 	SEED: 69


Best parameters: OrderedDict([('regressor__regressor__max_depth', None), ('regressor__regressor__max_features', None), ('regressor__regressor__min_samples_leaf', 0.001), ('regressor__regressor__min_samples_split', 0.001), ('regressor__regressor__n_estimators', 2000)])





OPTIMIZING HYPERPARAMETERS FOR REGRESSOR RF 	SEED: 69


Best parameters: OrderedDict([('regressor__regressor__max_depth', None), ('regressor__regressor__max_features', None), ('regressor__regressor__min_samples_leaf', 0.001), ('regressor__regressor__min_samples_split', 0.15023547729067094), ('regressor__regressor__n_estimators', 10)])





OPTIMIZING HYPERPARAMETERS FOR REGRESSOR RF 	SEED: 69


Best parameters: OrderedDict([('regressor__regressor__max_depth', None), ('regressor__regressor__max_features', None), ('regressor__regressor__min_samples_leaf', 0.001), ('regressor__regressor__min_samples_split', 0.03508154640714839), ('regressor__regressor__n_estimators', 2000)])





OPTIMIZING HYPERPARAMETERS FOR REGRESSOR RF 	SEED: 69


Best parameters: OrderedDict([('regressor__regressor__max_depth', None), ('regressor__regressor__max_features', 'sqrt'), ('regressor__regressor__min_samples_leaf', 0.001), ('regressor__regressor__min_samples_split', 0.001), ('regressor__regressor__n_estimators', 10)])





OPTIMIZING HYPERPARAMETERS FOR REGRESSOR RF 	SEED: 69


Best parameters: OrderedDict([('regressor__regressor__max_depth', None), ('regressor__regressor__max_features', None), ('regressor__regressor__min_samples_leaf', 0.001), ('regressor__regressor__min_samples_split', 0.001), ('regressor__regressor__n_estimators', 764)])





OPTIMIZING HYPERPARAMETERS FOR REGRESSOR RF 	SEED: 420


Best parameters: OrderedDict([('regressor__regressor__max_depth', None), ('regressor__regressor__max_features', None), ('regressor__regressor__min_samples_leaf', 0.001), ('regressor__regressor__min_samples_split', 0.001), ('regressor__regressor__n_estimators', 2000)])





OPTIMIZING HYPERPARAMETERS FOR REGRESSOR RF 	SEED: 420


Best parameters: OrderedDict([('regressor__regressor__max_depth', None), ('regressor__regressor__max_features', 'sqrt'), ('regressor__regressor__min_samples_leaf', 0.001), ('regressor__regressor__min_samples_split', 0.029507964035230774), ('regressor__regressor__n_estimators', 2000)])





OPTIMIZING HYPERPARAMETERS FOR REGRESSOR RF 	SEED: 420


Best parameters: OrderedDict([('regressor__regressor__max_depth', None), ('regressor__regressor__max_features', None), ('regressor__regressor__min_samples_leaf', 0.0038151584341142002), ('regressor__regressor__min_samples_split', 0.003270233653615861), ('regressor__regressor__n_estimators', 17)])





OPTIMIZING HYPERPARAMETERS FOR REGRESSOR RF 	SEED: 420


Best parameters: OrderedDict([('regressor__regressor__max_depth', None), ('regressor__regressor__max_features', None), ('regressor__regressor__min_samples_leaf', 0.001), ('regressor__regressor__min_samples_split', 0.023579496705435885), ('regressor__regressor__n_estimators', 2000)])





OPTIMIZING HYPERPARAMETERS FOR REGRESSOR RF 	SEED: 420


Best parameters: OrderedDict([('regressor__regressor__max_depth', None), ('regressor__regressor__max_features', None), ('regressor__regressor__min_samples_leaf', 0.001), ('regressor__regressor__min_samples_split', 0.059423872437065824), ('regressor__regressor__n_estimators', 2000)])





OPTIMIZING HYPERPARAMETERS FOR REGRESSOR RF 	SEED: 1234567890


Best parameters: OrderedDict([('regressor__regressor__max_depth', None), ('regressor__regressor__max_features', None), ('regressor__regressor__min_samples_leaf', 0.001), ('regressor__regressor__min_samples_split', 0.001), ('regressor__regressor__n_estimators', 10)])





OPTIMIZING HYPERPARAMETERS FOR REGRESSOR RF 	SEED: 1234567890


Best parameters: OrderedDict([('regressor__regressor__max_depth', None), ('regressor__regressor__max_features', None), ('regressor__regressor__min_samples_leaf', 0.001), ('regressor__regressor__min_samples_split', 0.001), ('regressor__regressor__n_estimators', 10)])





OPTIMIZING HYPERPARAMETERS FOR REGRESSOR RF 	SEED: 1234567890


Best parameters: OrderedDict([('regressor__regressor__max_depth', None), ('regressor__regressor__max_features', None), ('regressor__regressor__min_samples_leaf', 0.001), ('regressor__regressor__min_samples_split', 0.001), ('regressor__regressor__n_estimators', 690)])





OPTIMIZING HYPERPARAMETERS FOR REGRESSOR RF 	SEED: 1234567890


Best parameters: OrderedDict([('regressor__regressor__max_depth', None), ('regressor__regressor__max_features', None), ('regressor__regressor__min_samples_leaf', 0.001), ('regressor__regressor__min_samples_split', 0.001), ('regressor__regressor__n_estimators', 2000)])





OPTIMIZING HYPERPARAMETERS FOR REGRESSOR RF 	SEED: 1234567890


Best parameters: OrderedDict([('regressor__regressor__max_depth', None), ('regressor__regressor__max_features', None), ('regressor__regressor__min_samples_leaf', 0.001165986225558216), ('regressor__regressor__min_samples_split', 0.01332105806524923), ('regressor__regressor__n_estimators', 11)])





OPTIMIZING HYPERPARAMETERS FOR REGRESSOR RF 	SEED: 473129


Best parameters: OrderedDict([('regressor__regressor__max_depth', None), ('regressor__regressor__max_features', None), ('regressor__regressor__min_samples_leaf', 0.001), ('regressor__regressor__min_samples_split', 0.001), ('regressor__regressor__n_estimators', 10)])





OPTIMIZING HYPERPARAMETERS FOR REGRESSOR RF 	SEED: 473129


Best parameters: OrderedDict([('regressor__regressor__max_depth', None), ('regressor__regressor__max_features', None), ('regressor__regressor__min_samples_leaf', 0.001), ('regressor__regressor__min_samples_split', 0.03135153418221278), ('regressor__regressor__n_estimators', 2000)])





OPTIMIZING HYPERPARAMETERS FOR REGRESSOR RF 	SEED: 473129


Best parameters: OrderedDict([('regressor__regressor__max_depth', None), ('regressor__regressor__max_features', None), ('regressor__regressor__min_samples_leaf', 0.001), ('regressor__regressor__min_samples_split', 0.001), ('regressor__regressor__n_estimators', 10)])





OPTIMIZING HYPERPARAMETERS FOR REGRESSOR RF 	SEED: 473129


Best parameters: OrderedDict([('regressor__regressor__max_depth', None), ('regressor__regressor__max_features', None), ('regressor__regressor__min_samples_leaf', 0.001), ('regressor__regressor__min_samples_split', 0.001), ('regressor__regressor__n_estimators', 2000)])





OPTIMIZING HYPERPARAMETERS FOR REGRESSOR RF 	SEED: 473129


Best parameters: OrderedDict([('regressor__regressor__max_depth', None), ('regressor__regressor__max_features', None), ('regressor__regressor__min_samples_leaf', 0.001), ('regressor__regressor__min_samples_split', 0.0283065206015434), ('regressor__regressor__n_estimators', 1020)])


Average scores:	 r: 0.48±0.12	 r2: 0.2±0.13
Filename: (ECFP5.count.2048)_RF_Standard
Done Saving scores!

------------------------------------------------------------
Sender: LSF System <lsfadmin@c007n04>
Subject: Job 565781: <ECFP_RF_RRU Monomer_log Rg (nm)_5_count_20250321> in cluster <Hazel> Done

Job <ECFP_RF_RRU Monomer_log Rg (nm)_5_count_20250321> was submitted from host <c201n01> by user <sdehgha2> in cluster <Hazel> at Mon May 26 12:16:40 2025
Job was executed on host(s) <4*c007n04>, in queue <single_chassis>, as user <sdehgha2> in cluster <Hazel> at Mon May 26 13:17:17 2025
</home/sdehgha2> was used as the home directory.
</share/ddomlab/sdehgha2/working-space/main/P1_pls-dataset/pls-dataset-space/PLS-Dataset/code_/training/hpc_submit_training_Rh> was used as the working directory.
Started at Mon May 26 13:17:17 2025
Terminated at Mon May 26 14:15:17 2025
Results reported at Mon May 26 14:15:17 2025

Your job looked like:

------------------------------------------------------------
# LSBATCH: User input
          
#BSUB -n 4
#BSUB -W 30:01
#BSUB -R span[hosts=1]
#BSUB -R "rusage[mem=8GB]"
#BSUB -J "ECFP_RF_RRU Monomer_log Rg (nm)_5_count_20250321"  
#BSUB -o "/share/ddomlab/sdehgha2/working-space/main/P1_pls-dataset/pls-dataset-space/PLS-Dataset/results/hpc_20250321/ECFP_RF_RRU Monomer_log Rg (nm)_5_count_20250321.out"
#BSUB -e "/share/ddomlab/sdehgha2/working-space/main/P1_pls-dataset/pls-dataset-space/PLS-Dataset/results/hpc_20250321/ECFP_RF_RRU Monomer_log Rg (nm)_5_count_20250321.err"

source ~/.bashrc
conda activate /usr/local/usrapps/ddomlab/sdehgha2/pls-dataset-env
python ../train_structure_only.py --target_features "log Rg (nm)"                                   --representation "ECFP"                                   --regressor_type "RF"                                   --oligomer_representation "RRU Monomer"                                   --radius "5"                                   --vector "count" 

------------------------------------------------------------

Successfully completed.

Resource usage summary:

    CPU time :                                   11320.00 sec.
    Max Memory :                                 3 GB
    Average Memory :                             2.92 GB
    Total Requested Memory :                     8.00 GB
    Delta Memory :                               5.00 GB
    Max Swap :                                   -
    Max Processes :                              38
    Max Threads :                                41
    Run time :                                   3482 sec.
    Turnaround time :                            7117 sec.

The output (if any) is above this job summary.



PS:

Read file </share/ddomlab/sdehgha2/working-space/main/P1_pls-dataset/pls-dataset-space/PLS-Dataset/results/hpc_20250321/ECFP_RF_RRU Monomer_log Rg (nm)_5_count_20250321.err> for stderr output of this job.

