


OPTIMIZING HYPERPARAMETERS FOR REGRESSOR NGB 	SEED: 6


Best parameters: OrderedDict([('regressor__regressor__n_estimators', 91), ('regressor__regressor__natural_gradient', True), ('regressor__regressor__verbose', False)])





OPTIMIZING HYPERPARAMETERS FOR REGRESSOR NGB 	SEED: 6


Best parameters: OrderedDict([('regressor__regressor__n_estimators', 160), ('regressor__regressor__natural_gradient', True), ('regressor__regressor__verbose', False)])





OPTIMIZING HYPERPARAMETERS FOR REGRESSOR NGB 	SEED: 6


Best parameters: OrderedDict([('regressor__regressor__n_estimators', 100), ('regressor__regressor__natural_gradient', True), ('regressor__regressor__verbose', False)])





OPTIMIZING HYPERPARAMETERS FOR REGRESSOR NGB 	SEED: 6


Best parameters: OrderedDict([('regressor__regressor__n_estimators', 113), ('regressor__regressor__natural_gradient', True), ('regressor__regressor__verbose', False)])





OPTIMIZING HYPERPARAMETERS FOR REGRESSOR NGB 	SEED: 6


Best parameters: OrderedDict([('regressor__regressor__n_estimators', 134), ('regressor__regressor__natural_gradient', True), ('regressor__regressor__verbose', False)])





OPTIMIZING HYPERPARAMETERS FOR REGRESSOR NGB 	SEED: 13


Best parameters: OrderedDict([('regressor__regressor__n_estimators', 164), ('regressor__regressor__natural_gradient', True), ('regressor__regressor__verbose', False)])





OPTIMIZING HYPERPARAMETERS FOR REGRESSOR NGB 	SEED: 13


Best parameters: OrderedDict([('regressor__regressor__n_estimators', 1652), ('regressor__regressor__natural_gradient', True), ('regressor__regressor__verbose', False)])





OPTIMIZING HYPERPARAMETERS FOR REGRESSOR NGB 	SEED: 13


Best parameters: OrderedDict([('regressor__regressor__n_estimators', 124), ('regressor__regressor__natural_gradient', True), ('regressor__regressor__verbose', False)])





OPTIMIZING HYPERPARAMETERS FOR REGRESSOR NGB 	SEED: 13


Best parameters: OrderedDict([('regressor__regressor__n_estimators', 147), ('regressor__regressor__natural_gradient', True), ('regressor__regressor__verbose', False)])





OPTIMIZING HYPERPARAMETERS FOR REGRESSOR NGB 	SEED: 13


Best parameters: OrderedDict([('regressor__regressor__n_estimators', 1739), ('regressor__regressor__natural_gradient', True), ('regressor__regressor__verbose', False)])





OPTIMIZING HYPERPARAMETERS FOR REGRESSOR NGB 	SEED: 42


Best parameters: OrderedDict([('regressor__regressor__n_estimators', 151), ('regressor__regressor__natural_gradient', True), ('regressor__regressor__verbose', False)])





OPTIMIZING HYPERPARAMETERS FOR REGRESSOR NGB 	SEED: 42


Best parameters: OrderedDict([('regressor__regressor__n_estimators', 142), ('regressor__regressor__natural_gradient', True), ('regressor__regressor__verbose', False)])





OPTIMIZING HYPERPARAMETERS FOR REGRESSOR NGB 	SEED: 42


Best parameters: OrderedDict([('regressor__regressor__n_estimators', 401), ('regressor__regressor__natural_gradient', True), ('regressor__regressor__verbose', False)])





OPTIMIZING HYPERPARAMETERS FOR REGRESSOR NGB 	SEED: 42


Best parameters: OrderedDict([('regressor__regressor__n_estimators', 93), ('regressor__regressor__natural_gradient', True), ('regressor__regressor__verbose', False)])





OPTIMIZING HYPERPARAMETERS FOR REGRESSOR NGB 	SEED: 42


Best parameters: OrderedDict([('regressor__regressor__n_estimators', 238), ('regressor__regressor__natural_gradient', True), ('regressor__regressor__verbose', False)])





OPTIMIZING HYPERPARAMETERS FOR REGRESSOR NGB 	SEED: 69


Best parameters: OrderedDict([('regressor__regressor__n_estimators', 587), ('regressor__regressor__natural_gradient', True), ('regressor__regressor__verbose', False)])





OPTIMIZING HYPERPARAMETERS FOR REGRESSOR NGB 	SEED: 69


Best parameters: OrderedDict([('regressor__regressor__n_estimators', 163), ('regressor__regressor__natural_gradient', True), ('regressor__regressor__verbose', False)])





OPTIMIZING HYPERPARAMETERS FOR REGRESSOR NGB 	SEED: 69


Best parameters: OrderedDict([('regressor__regressor__n_estimators', 208), ('regressor__regressor__natural_gradient', True), ('regressor__regressor__verbose', False)])





OPTIMIZING HYPERPARAMETERS FOR REGRESSOR NGB 	SEED: 69


Best parameters: OrderedDict([('regressor__regressor__n_estimators', 368), ('regressor__regressor__natural_gradient', True), ('regressor__regressor__verbose', False)])





OPTIMIZING HYPERPARAMETERS FOR REGRESSOR NGB 	SEED: 69


Best parameters: OrderedDict([('regressor__regressor__n_estimators', 368), ('regressor__regressor__natural_gradient', True), ('regressor__regressor__verbose', False)])





OPTIMIZING HYPERPARAMETERS FOR REGRESSOR NGB 	SEED: 420


Best parameters: OrderedDict([('regressor__regressor__n_estimators', 771), ('regressor__regressor__natural_gradient', True), ('regressor__regressor__verbose', False)])





OPTIMIZING HYPERPARAMETERS FOR REGRESSOR NGB 	SEED: 420


Best parameters: OrderedDict([('regressor__regressor__n_estimators', 153), ('regressor__regressor__natural_gradient', True), ('regressor__regressor__verbose', False)])





OPTIMIZING HYPERPARAMETERS FOR REGRESSOR NGB 	SEED: 420


Best parameters: OrderedDict([('regressor__regressor__n_estimators', 181), ('regressor__regressor__natural_gradient', True), ('regressor__regressor__verbose', False)])





OPTIMIZING HYPERPARAMETERS FOR REGRESSOR NGB 	SEED: 420


Best parameters: OrderedDict([('regressor__regressor__n_estimators', 1058), ('regressor__regressor__natural_gradient', True), ('regressor__regressor__verbose', False)])





OPTIMIZING HYPERPARAMETERS FOR REGRESSOR NGB 	SEED: 420


Best parameters: OrderedDict([('regressor__regressor__n_estimators', 132), ('regressor__regressor__natural_gradient', True), ('regressor__regressor__verbose', False)])





OPTIMIZING HYPERPARAMETERS FOR REGRESSOR NGB 	SEED: 1234567890


Best parameters: OrderedDict([('regressor__regressor__n_estimators', 223), ('regressor__regressor__natural_gradient', True), ('regressor__regressor__verbose', False)])





OPTIMIZING HYPERPARAMETERS FOR REGRESSOR NGB 	SEED: 1234567890


Best parameters: OrderedDict([('regressor__regressor__n_estimators', 176), ('regressor__regressor__natural_gradient', True), ('regressor__regressor__verbose', False)])





OPTIMIZING HYPERPARAMETERS FOR REGRESSOR NGB 	SEED: 1234567890


Best parameters: OrderedDict([('regressor__regressor__n_estimators', 116), ('regressor__regressor__natural_gradient', True), ('regressor__regressor__verbose', False)])





OPTIMIZING HYPERPARAMETERS FOR REGRESSOR NGB 	SEED: 1234567890


Best parameters: OrderedDict([('regressor__regressor__n_estimators', 136), ('regressor__regressor__natural_gradient', True), ('regressor__regressor__verbose', False)])





OPTIMIZING HYPERPARAMETERS FOR REGRESSOR NGB 	SEED: 1234567890


Best parameters: OrderedDict([('regressor__regressor__n_estimators', 382), ('regressor__regressor__natural_gradient', True), ('regressor__regressor__verbose', False)])





OPTIMIZING HYPERPARAMETERS FOR REGRESSOR NGB 	SEED: 473129


Best parameters: OrderedDict([('regressor__regressor__n_estimators', 182), ('regressor__regressor__natural_gradient', True), ('regressor__regressor__verbose', False)])





OPTIMIZING HYPERPARAMETERS FOR REGRESSOR NGB 	SEED: 473129


Best parameters: OrderedDict([('regressor__regressor__n_estimators', 124), ('regressor__regressor__natural_gradient', True), ('regressor__regressor__verbose', False)])





OPTIMIZING HYPERPARAMETERS FOR REGRESSOR NGB 	SEED: 473129


Best parameters: OrderedDict([('regressor__regressor__n_estimators', 130), ('regressor__regressor__natural_gradient', True), ('regressor__regressor__verbose', False)])





OPTIMIZING HYPERPARAMETERS FOR REGRESSOR NGB 	SEED: 473129


Best parameters: OrderedDict([('regressor__regressor__n_estimators', 2000), ('regressor__regressor__natural_gradient', True), ('regressor__regressor__verbose', False)])





OPTIMIZING HYPERPARAMETERS FOR REGRESSOR NGB 	SEED: 473129


Best parameters: OrderedDict([('regressor__regressor__n_estimators', 222), ('regressor__regressor__natural_gradient', True), ('regressor__regressor__verbose', False)])


Average scores:	 r: 0.48±0.12	 r2: 0.2±0.13
Filename: (ECFP4.binary.1024)_NGB_Standard
Done Saving scores!

------------------------------------------------------------
Sender: LSF System <lsfadmin@c201n06>
Subject: Job 741596: <ECFP_NGB_Dimer_log Rg (nm)_4_binary_20250321> in cluster <Hazel> Done

Job <ECFP_NGB_Dimer_log Rg (nm)_4_binary_20250321> was submitted from host <c038n03> by user <sdehgha2> in cluster <Hazel> at Sat Apr  5 16:01:36 2025
Job was executed on host(s) <6*c201n06>, in queue <single_chassis>, as user <sdehgha2> in cluster <Hazel> at Sat Apr  5 16:01:37 2025
</home/sdehgha2> was used as the home directory.
</share/ddomlab/sdehgha2/working-space/main/P1_pls-dataset/pls-dataset-space/PLS-Dataset/code_/training/hpc_submit_training_Rh> was used as the working directory.
Started at Sat Apr  5 16:01:37 2025
Terminated at Sat Apr  5 20:25:07 2025
Results reported at Sat Apr  5 20:25:07 2025

Your job looked like:

------------------------------------------------------------
# LSBATCH: User input
          
#BSUB -n 6
#BSUB -W 30:01
#BSUB -R span[hosts=1]
#BSUB -R "rusage[mem=8GB]"
#BSUB -J "ECFP_NGB_Dimer_log Rg (nm)_4_binary_20250321"  
#BSUB -o "/share/ddomlab/sdehgha2/working-space/main/P1_pls-dataset/pls-dataset-space/PLS-Dataset/results/hpc_20250321/ECFP_NGB_Dimer_log Rg (nm)_4_binary_20250321.out"
#BSUB -e "/share/ddomlab/sdehgha2/working-space/main/P1_pls-dataset/pls-dataset-space/PLS-Dataset/results/hpc_20250321/ECFP_NGB_Dimer_log Rg (nm)_4_binary_20250321.err"

source ~/.bashrc
conda activate /usr/local/usrapps/ddomlab/sdehgha2/pls-dataset-env
python ../train_structure_only.py --target_features "log Rg (nm)"                                   --representation "ECFP"                                   --regressor_type "NGB"                                   --oligomer_representation "Dimer"                                   --radius "4"                                   --vector "binary" 

------------------------------------------------------------

Successfully completed.

Resource usage summary:

    CPU time :                                   70592.27 sec.
    Max Memory :                                 3 GB
    Average Memory :                             2.94 GB
    Total Requested Memory :                     8.00 GB
    Delta Memory :                               5.00 GB
    Max Swap :                                   -
    Max Processes :                              30
    Max Threads :                                33
    Run time :                                   15824 sec.
    Turnaround time :                            15811 sec.

The output (if any) is above this job summary.



PS:

Read file </share/ddomlab/sdehgha2/working-space/main/P1_pls-dataset/pls-dataset-space/PLS-Dataset/results/hpc_20250321/ECFP_NGB_Dimer_log Rg (nm)_4_binary_20250321.err> for stderr output of this job.

