


OPTIMIZING HYPERPARAMETERS FOR REGRESSOR XGBR 	SEED: 6


Best parameters: OrderedDict([('regressor__regressor__learning_rate', 0.002607471657472133), ('regressor__regressor__max_depth', 10), ('regressor__regressor__n_estimators', 895), ('regressor__regressor__n_jobs', -2)])





OPTIMIZING HYPERPARAMETERS FOR REGRESSOR XGBR 	SEED: 6


Best parameters: OrderedDict([('regressor__regressor__learning_rate', 0.04162235946791531), ('regressor__regressor__max_depth', 10), ('regressor__regressor__n_estimators', 50), ('regressor__regressor__n_jobs', -2)])





OPTIMIZING HYPERPARAMETERS FOR REGRESSOR XGBR 	SEED: 6


Best parameters: OrderedDict([('regressor__regressor__learning_rate', 0.024073993011439025), ('regressor__regressor__max_depth', 3865), ('regressor__regressor__n_estimators', 82), ('regressor__regressor__n_jobs', -2)])





OPTIMIZING HYPERPARAMETERS FOR REGRESSOR XGBR 	SEED: 6


Best parameters: OrderedDict([('regressor__regressor__learning_rate', 0.001377248704562444), ('regressor__regressor__max_depth', 10000), ('regressor__regressor__n_estimators', 2000), ('regressor__regressor__n_jobs', -2)])





OPTIMIZING HYPERPARAMETERS FOR REGRESSOR XGBR 	SEED: 6


Best parameters: OrderedDict([('regressor__regressor__learning_rate', 0.0018373490398805416), ('regressor__regressor__max_depth', 216), ('regressor__regressor__n_estimators', 1510), ('regressor__regressor__n_jobs', -2)])





OPTIMIZING HYPERPARAMETERS FOR REGRESSOR XGBR 	SEED: 13


Best parameters: OrderedDict([('regressor__regressor__learning_rate', 0.03771702075382399), ('regressor__regressor__max_depth', 11), ('regressor__regressor__n_estimators', 95), ('regressor__regressor__n_jobs', -2)])





OPTIMIZING HYPERPARAMETERS FOR REGRESSOR XGBR 	SEED: 13


Best parameters: OrderedDict([('regressor__regressor__learning_rate', 0.06991692945397764), ('regressor__regressor__max_depth', 25), ('regressor__regressor__n_estimators', 586), ('regressor__regressor__n_jobs', -2)])





OPTIMIZING HYPERPARAMETERS FOR REGRESSOR XGBR 	SEED: 13


Best parameters: OrderedDict([('regressor__regressor__learning_rate', 0.002720071706043383), ('regressor__regressor__max_depth', 1461), ('regressor__regressor__n_estimators', 1066), ('regressor__regressor__n_jobs', -2)])





OPTIMIZING HYPERPARAMETERS FOR REGRESSOR XGBR 	SEED: 13


Best parameters: OrderedDict([('regressor__regressor__learning_rate', 0.07693173041362837), ('regressor__regressor__max_depth', 269), ('regressor__regressor__n_estimators', 289), ('regressor__regressor__n_jobs', -2)])





OPTIMIZING HYPERPARAMETERS FOR REGRESSOR XGBR 	SEED: 13


Best parameters: OrderedDict([('regressor__regressor__learning_rate', 0.06083306478993564), ('regressor__regressor__max_depth', 10), ('regressor__regressor__n_estimators', 96), ('regressor__regressor__n_jobs', -2)])





OPTIMIZING HYPERPARAMETERS FOR REGRESSOR XGBR 	SEED: 42


Best parameters: OrderedDict([('regressor__regressor__learning_rate', 0.06706993654867291), ('regressor__regressor__max_depth', 10000), ('regressor__regressor__n_estimators', 50), ('regressor__regressor__n_jobs', -2)])





OPTIMIZING HYPERPARAMETERS FOR REGRESSOR XGBR 	SEED: 42


Best parameters: OrderedDict([('regressor__regressor__learning_rate', 0.017471303815939705), ('regressor__regressor__max_depth', 10000), ('regressor__regressor__n_estimators', 184), ('regressor__regressor__n_jobs', -2)])





OPTIMIZING HYPERPARAMETERS FOR REGRESSOR XGBR 	SEED: 42


Best parameters: OrderedDict([('regressor__regressor__learning_rate', 0.05997032776049186), ('regressor__regressor__max_depth', 10), ('regressor__regressor__n_estimators', 105), ('regressor__regressor__n_jobs', -2)])





OPTIMIZING HYPERPARAMETERS FOR REGRESSOR XGBR 	SEED: 42


Best parameters: OrderedDict([('regressor__regressor__learning_rate', 0.001133675850731417), ('regressor__regressor__max_depth', 10000), ('regressor__regressor__n_estimators', 2000), ('regressor__regressor__n_jobs', -2)])





OPTIMIZING HYPERPARAMETERS FOR REGRESSOR XGBR 	SEED: 42


Best parameters: OrderedDict([('regressor__regressor__learning_rate', 0.05882966486604291), ('regressor__regressor__max_depth', 18), ('regressor__regressor__n_estimators', 81), ('regressor__regressor__n_jobs', -2)])





OPTIMIZING HYPERPARAMETERS FOR REGRESSOR XGBR 	SEED: 69


Best parameters: OrderedDict([('regressor__regressor__learning_rate', 0.006804651512986788), ('regressor__regressor__max_depth', 10), ('regressor__regressor__n_estimators', 609), ('regressor__regressor__n_jobs', -2)])





OPTIMIZING HYPERPARAMETERS FOR REGRESSOR XGBR 	SEED: 69


Best parameters: OrderedDict([('regressor__regressor__learning_rate', 0.06736466611806931), ('regressor__regressor__max_depth', 10000), ('regressor__regressor__n_estimators', 50), ('regressor__regressor__n_jobs', -2)])





OPTIMIZING HYPERPARAMETERS FOR REGRESSOR XGBR 	SEED: 69


Best parameters: OrderedDict([('regressor__regressor__learning_rate', 0.0020117343606266456), ('regressor__regressor__max_depth', 10), ('regressor__regressor__n_estimators', 2000), ('regressor__regressor__n_jobs', -2)])





OPTIMIZING HYPERPARAMETERS FOR REGRESSOR XGBR 	SEED: 69


Best parameters: OrderedDict([('regressor__regressor__learning_rate', 0.013507921101097537), ('regressor__regressor__max_depth', 14), ('regressor__regressor__n_estimators', 230), ('regressor__regressor__n_jobs', -2)])





OPTIMIZING HYPERPARAMETERS FOR REGRESSOR XGBR 	SEED: 69


Best parameters: OrderedDict([('regressor__regressor__learning_rate', 0.051427431456011544), ('regressor__regressor__max_depth', 10000), ('regressor__regressor__n_estimators', 87), ('regressor__regressor__n_jobs', -2)])





OPTIMIZING HYPERPARAMETERS FOR REGRESSOR XGBR 	SEED: 420


Best parameters: OrderedDict([('regressor__regressor__learning_rate', 0.0021534448848976547), ('regressor__regressor__max_depth', 10000), ('regressor__regressor__n_estimators', 2000), ('regressor__regressor__n_jobs', -2)])





OPTIMIZING HYPERPARAMETERS FOR REGRESSOR XGBR 	SEED: 420


Best parameters: OrderedDict([('regressor__regressor__learning_rate', 0.06599562527107983), ('regressor__regressor__max_depth', 10), ('regressor__regressor__n_estimators', 50), ('regressor__regressor__n_jobs', -2)])





OPTIMIZING HYPERPARAMETERS FOR REGRESSOR XGBR 	SEED: 420


Best parameters: OrderedDict([('regressor__regressor__learning_rate', 0.03770052924189587), ('regressor__regressor__max_depth', 549), ('regressor__regressor__n_estimators', 220), ('regressor__regressor__n_jobs', -2)])





OPTIMIZING HYPERPARAMETERS FOR REGRESSOR XGBR 	SEED: 420


Best parameters: OrderedDict([('regressor__regressor__learning_rate', 0.0027727949776691113), ('regressor__regressor__max_depth', 10000), ('regressor__regressor__n_estimators', 2000), ('regressor__regressor__n_jobs', -2)])





OPTIMIZING HYPERPARAMETERS FOR REGRESSOR XGBR 	SEED: 420


Best parameters: OrderedDict([('regressor__regressor__learning_rate', 0.025213549498511), ('regressor__regressor__max_depth', 10), ('regressor__regressor__n_estimators', 170), ('regressor__regressor__n_jobs', -2)])





OPTIMIZING HYPERPARAMETERS FOR REGRESSOR XGBR 	SEED: 1234567890


Best parameters: OrderedDict([('regressor__regressor__learning_rate', 0.1), ('regressor__regressor__max_depth', 10000), ('regressor__regressor__n_estimators', 50), ('regressor__regressor__n_jobs', -2)])





OPTIMIZING HYPERPARAMETERS FOR REGRESSOR XGBR 	SEED: 1234567890


Best parameters: OrderedDict([('regressor__regressor__learning_rate', 0.03223573631194806), ('regressor__regressor__max_depth', 10), ('regressor__regressor__n_estimators', 110), ('regressor__regressor__n_jobs', -2)])





OPTIMIZING HYPERPARAMETERS FOR REGRESSOR XGBR 	SEED: 1234567890


Best parameters: OrderedDict([('regressor__regressor__learning_rate', 0.022740636986650194), ('regressor__regressor__max_depth', 6695), ('regressor__regressor__n_estimators', 125), ('regressor__regressor__n_jobs', -2)])





OPTIMIZING HYPERPARAMETERS FOR REGRESSOR XGBR 	SEED: 1234567890


Best parameters: OrderedDict([('regressor__regressor__learning_rate', 0.002741248488581765), ('regressor__regressor__max_depth', 10000), ('regressor__regressor__n_estimators', 1414), ('regressor__regressor__n_jobs', -2)])





OPTIMIZING HYPERPARAMETERS FOR REGRESSOR XGBR 	SEED: 1234567890


Best parameters: OrderedDict([('regressor__regressor__learning_rate', 0.06500917667150612), ('regressor__regressor__max_depth', 10000), ('regressor__regressor__n_estimators', 50), ('regressor__regressor__n_jobs', -2)])





OPTIMIZING HYPERPARAMETERS FOR REGRESSOR XGBR 	SEED: 473129


Best parameters: OrderedDict([('regressor__regressor__learning_rate', 0.0019812740049403943), ('regressor__regressor__max_depth', 10000), ('regressor__regressor__n_estimators', 2000), ('regressor__regressor__n_jobs', -2)])





OPTIMIZING HYPERPARAMETERS FOR REGRESSOR XGBR 	SEED: 473129


Best parameters: OrderedDict([('regressor__regressor__learning_rate', 0.0026729316569648483), ('regressor__regressor__max_depth', 10000), ('regressor__regressor__n_estimators', 1162), ('regressor__regressor__n_jobs', -2)])





OPTIMIZING HYPERPARAMETERS FOR REGRESSOR XGBR 	SEED: 473129


Best parameters: OrderedDict([('regressor__regressor__learning_rate', 0.0727880237480246), ('regressor__regressor__max_depth', 502), ('regressor__regressor__n_estimators', 56), ('regressor__regressor__n_jobs', -2)])





OPTIMIZING HYPERPARAMETERS FOR REGRESSOR XGBR 	SEED: 473129


Best parameters: OrderedDict([('regressor__regressor__learning_rate', 0.0991844230778905), ('regressor__regressor__max_depth', 51), ('regressor__regressor__n_estimators', 52), ('regressor__regressor__n_jobs', -2)])





OPTIMIZING HYPERPARAMETERS FOR REGRESSOR XGBR 	SEED: 473129


Best parameters: OrderedDict([('regressor__regressor__learning_rate', 0.008225578356695282), ('regressor__regressor__max_depth', 10), ('regressor__regressor__n_estimators', 603), ('regressor__regressor__n_jobs', -2)])


Average scores:	 r: 0.48±0.12	 r2: 0.2±0.13
Filename: (ECFP6.binary.4096)_XGBR_Standard
Done Saving scores!

------------------------------------------------------------
Sender: LSF System <lsfadmin@c205n07>
Subject: Job 741666: <ECFP_XGBR_Monomer_log Rg (nm)_6_binary_20250321> in cluster <Hazel> Done

Job <ECFP_XGBR_Monomer_log Rg (nm)_6_binary_20250321> was submitted from host <c038n03> by user <sdehgha2> in cluster <Hazel> at Sat Apr  5 16:01:42 2025
Job was executed on host(s) <6*c205n07>, in queue <single_chassis>, as user <sdehgha2> in cluster <Hazel> at Sat Apr  5 18:12:38 2025
</home/sdehgha2> was used as the home directory.
</share/ddomlab/sdehgha2/working-space/main/P1_pls-dataset/pls-dataset-space/PLS-Dataset/code_/training/hpc_submit_training_Rh> was used as the working directory.
Started at Sat Apr  5 18:12:38 2025
Terminated at Sun Apr  6 00:52:46 2025
Results reported at Sun Apr  6 00:52:46 2025

Your job looked like:

------------------------------------------------------------
# LSBATCH: User input
          
#BSUB -n 6
#BSUB -W 30:01
#BSUB -R span[hosts=1]
#BSUB -R "rusage[mem=8GB]"
#BSUB -J "ECFP_XGBR_Monomer_log Rg (nm)_6_binary_20250321"  
#BSUB -o "/share/ddomlab/sdehgha2/working-space/main/P1_pls-dataset/pls-dataset-space/PLS-Dataset/results/hpc_20250321/ECFP_XGBR_Monomer_log Rg (nm)_6_binary_20250321.out"
#BSUB -e "/share/ddomlab/sdehgha2/working-space/main/P1_pls-dataset/pls-dataset-space/PLS-Dataset/results/hpc_20250321/ECFP_XGBR_Monomer_log Rg (nm)_6_binary_20250321.err"

source ~/.bashrc
conda activate /usr/local/usrapps/ddomlab/sdehgha2/pls-dataset-env
python ../train_structure_only.py --target_features "log Rg (nm)"                                   --representation "ECFP"                                   --regressor_type "XGBR"                                   --oligomer_representation "Monomer"                                   --radius "6"                                   --vector "binary" 

------------------------------------------------------------

Successfully completed.

Resource usage summary:

    CPU time :                                   109125.37 sec.
    Max Memory :                                 4 GB
    Average Memory :                             3.64 GB
    Total Requested Memory :                     8.00 GB
    Delta Memory :                               4.00 GB
    Max Swap :                                   -
    Max Processes :                              30
    Max Threads :                                33
    Run time :                                   24034 sec.
    Turnaround time :                            31864 sec.

The output (if any) is above this job summary.



PS:

Read file </share/ddomlab/sdehgha2/working-space/main/P1_pls-dataset/pls-dataset-space/PLS-Dataset/results/hpc_20250321/ECFP_XGBR_Monomer_log Rg (nm)_6_binary_20250321.err> for stderr output of this job.

