


OPTIMIZING HYPERPARAMETERS FOR REGRESSOR NGB 	SEED: 6


Best parameters: OrderedDict([('regressor__regressor__n_estimators', 85), ('regressor__regressor__natural_gradient', True), ('regressor__regressor__verbose', False)])





OPTIMIZING HYPERPARAMETERS FOR REGRESSOR NGB 	SEED: 6


Best parameters: OrderedDict([('regressor__regressor__n_estimators', 94), ('regressor__regressor__natural_gradient', True), ('regressor__regressor__verbose', False)])





OPTIMIZING HYPERPARAMETERS FOR REGRESSOR NGB 	SEED: 6


Best parameters: OrderedDict([('regressor__regressor__n_estimators', 108), ('regressor__regressor__natural_gradient', True), ('regressor__regressor__verbose', False)])





OPTIMIZING HYPERPARAMETERS FOR REGRESSOR NGB 	SEED: 6


Best parameters: OrderedDict([('regressor__regressor__n_estimators', 103), ('regressor__regressor__natural_gradient', True), ('regressor__regressor__verbose', False)])





OPTIMIZING HYPERPARAMETERS FOR REGRESSOR NGB 	SEED: 6


Best parameters: OrderedDict([('regressor__regressor__n_estimators', 121), ('regressor__regressor__natural_gradient', True), ('regressor__regressor__verbose', False)])





OPTIMIZING HYPERPARAMETERS FOR REGRESSOR NGB 	SEED: 13


Best parameters: OrderedDict([('regressor__regressor__n_estimators', 148), ('regressor__regressor__natural_gradient', True), ('regressor__regressor__verbose', False)])





OPTIMIZING HYPERPARAMETERS FOR REGRESSOR NGB 	SEED: 13


Best parameters: OrderedDict([('regressor__regressor__n_estimators', 131), ('regressor__regressor__natural_gradient', True), ('regressor__regressor__verbose', False)])





OPTIMIZING HYPERPARAMETERS FOR REGRESSOR NGB 	SEED: 13


Best parameters: OrderedDict([('regressor__regressor__n_estimators', 143), ('regressor__regressor__natural_gradient', True), ('regressor__regressor__verbose', False)])





OPTIMIZING HYPERPARAMETERS FOR REGRESSOR NGB 	SEED: 13


Best parameters: OrderedDict([('regressor__regressor__n_estimators', 343), ('regressor__regressor__natural_gradient', True), ('regressor__regressor__verbose', False)])





OPTIMIZING HYPERPARAMETERS FOR REGRESSOR NGB 	SEED: 13


Best parameters: OrderedDict([('regressor__regressor__n_estimators', 125), ('regressor__regressor__natural_gradient', True), ('regressor__regressor__verbose', False)])





OPTIMIZING HYPERPARAMETERS FOR REGRESSOR NGB 	SEED: 42


Best parameters: OrderedDict([('regressor__regressor__n_estimators', 155), ('regressor__regressor__natural_gradient', True), ('regressor__regressor__verbose', False)])





OPTIMIZING HYPERPARAMETERS FOR REGRESSOR NGB 	SEED: 42


Best parameters: OrderedDict([('regressor__regressor__n_estimators', 165), ('regressor__regressor__natural_gradient', True), ('regressor__regressor__verbose', False)])





OPTIMIZING HYPERPARAMETERS FOR REGRESSOR NGB 	SEED: 42


Best parameters: OrderedDict([('regressor__regressor__n_estimators', 156), ('regressor__regressor__natural_gradient', True), ('regressor__regressor__verbose', False)])





OPTIMIZING HYPERPARAMETERS FOR REGRESSOR NGB 	SEED: 42


Best parameters: OrderedDict([('regressor__regressor__n_estimators', 139), ('regressor__regressor__natural_gradient', True), ('regressor__regressor__verbose', False)])





OPTIMIZING HYPERPARAMETERS FOR REGRESSOR NGB 	SEED: 42


Best parameters: OrderedDict([('regressor__regressor__n_estimators', 155), ('regressor__regressor__natural_gradient', True), ('regressor__regressor__verbose', False)])





OPTIMIZING HYPERPARAMETERS FOR REGRESSOR NGB 	SEED: 69


Best parameters: OrderedDict([('regressor__regressor__n_estimators', 392), ('regressor__regressor__natural_gradient', True), ('regressor__regressor__verbose', False)])





OPTIMIZING HYPERPARAMETERS FOR REGRESSOR NGB 	SEED: 69


Best parameters: OrderedDict([('regressor__regressor__n_estimators', 121), ('regressor__regressor__natural_gradient', True), ('regressor__regressor__verbose', False)])





OPTIMIZING HYPERPARAMETERS FOR REGRESSOR NGB 	SEED: 69


Best parameters: OrderedDict([('regressor__regressor__n_estimators', 171), ('regressor__regressor__natural_gradient', True), ('regressor__regressor__verbose', False)])





OPTIMIZING HYPERPARAMETERS FOR REGRESSOR NGB 	SEED: 69


Best parameters: OrderedDict([('regressor__regressor__n_estimators', 117), ('regressor__regressor__natural_gradient', True), ('regressor__regressor__verbose', False)])





OPTIMIZING HYPERPARAMETERS FOR REGRESSOR NGB 	SEED: 69


Best parameters: OrderedDict([('regressor__regressor__n_estimators', 182), ('regressor__regressor__natural_gradient', True), ('regressor__regressor__verbose', False)])





OPTIMIZING HYPERPARAMETERS FOR REGRESSOR NGB 	SEED: 420


Best parameters: OrderedDict([('regressor__regressor__n_estimators', 137), ('regressor__regressor__natural_gradient', True), ('regressor__regressor__verbose', False)])





OPTIMIZING HYPERPARAMETERS FOR REGRESSOR NGB 	SEED: 420


Best parameters: OrderedDict([('regressor__regressor__n_estimators', 168), ('regressor__regressor__natural_gradient', True), ('regressor__regressor__verbose', False)])





OPTIMIZING HYPERPARAMETERS FOR REGRESSOR NGB 	SEED: 420


Best parameters: OrderedDict([('regressor__regressor__n_estimators', 200), ('regressor__regressor__natural_gradient', True), ('regressor__regressor__verbose', False)])





OPTIMIZING HYPERPARAMETERS FOR REGRESSOR NGB 	SEED: 420


Best parameters: OrderedDict([('regressor__regressor__n_estimators', 1015), ('regressor__regressor__natural_gradient', True), ('regressor__regressor__verbose', False)])





OPTIMIZING HYPERPARAMETERS FOR REGRESSOR NGB 	SEED: 420


Best parameters: OrderedDict([('regressor__regressor__n_estimators', 124), ('regressor__regressor__natural_gradient', True), ('regressor__regressor__verbose', False)])





OPTIMIZING HYPERPARAMETERS FOR REGRESSOR NGB 	SEED: 1234567890


Best parameters: OrderedDict([('regressor__regressor__n_estimators', 188), ('regressor__regressor__natural_gradient', True), ('regressor__regressor__verbose', False)])





OPTIMIZING HYPERPARAMETERS FOR REGRESSOR NGB 	SEED: 1234567890


Best parameters: OrderedDict([('regressor__regressor__n_estimators', 119), ('regressor__regressor__natural_gradient', True), ('regressor__regressor__verbose', False)])





OPTIMIZING HYPERPARAMETERS FOR REGRESSOR NGB 	SEED: 1234567890


Best parameters: OrderedDict([('regressor__regressor__n_estimators', 109), ('regressor__regressor__natural_gradient', True), ('regressor__regressor__verbose', False)])





OPTIMIZING HYPERPARAMETERS FOR REGRESSOR NGB 	SEED: 1234567890


Best parameters: OrderedDict([('regressor__regressor__n_estimators', 140), ('regressor__regressor__natural_gradient', True), ('regressor__regressor__verbose', False)])





OPTIMIZING HYPERPARAMETERS FOR REGRESSOR NGB 	SEED: 1234567890


Best parameters: OrderedDict([('regressor__regressor__n_estimators', 206), ('regressor__regressor__natural_gradient', True), ('regressor__regressor__verbose', False)])





OPTIMIZING HYPERPARAMETERS FOR REGRESSOR NGB 	SEED: 473129


Best parameters: OrderedDict([('regressor__regressor__n_estimators', 165), ('regressor__regressor__natural_gradient', True), ('regressor__regressor__verbose', False)])





OPTIMIZING HYPERPARAMETERS FOR REGRESSOR NGB 	SEED: 473129


Best parameters: OrderedDict([('regressor__regressor__n_estimators', 123), ('regressor__regressor__natural_gradient', True), ('regressor__regressor__verbose', False)])





OPTIMIZING HYPERPARAMETERS FOR REGRESSOR NGB 	SEED: 473129


Best parameters: OrderedDict([('regressor__regressor__n_estimators', 135), ('regressor__regressor__natural_gradient', True), ('regressor__regressor__verbose', False)])





OPTIMIZING HYPERPARAMETERS FOR REGRESSOR NGB 	SEED: 473129


Best parameters: OrderedDict([('regressor__regressor__n_estimators', 233), ('regressor__regressor__natural_gradient', True), ('regressor__regressor__verbose', False)])





OPTIMIZING HYPERPARAMETERS FOR REGRESSOR NGB 	SEED: 473129


Best parameters: OrderedDict([('regressor__regressor__n_estimators', 187), ('regressor__regressor__natural_gradient', True), ('regressor__regressor__verbose', False)])


Average scores:	 r: 0.48±0.12	 r2: 0.2±0.13
Filename: (ECFP5.count.2048)_NGB_Standard
Done Saving scores!

------------------------------------------------------------
Sender: LSF System <lsfadmin@c203n10>
Subject: Job 741603: <ECFP_NGB_Trimer_log Rg (nm)_5_count_20250321> in cluster <Hazel> Done

Job <ECFP_NGB_Trimer_log Rg (nm)_5_count_20250321> was submitted from host <c038n03> by user <sdehgha2> in cluster <Hazel> at Sat Apr  5 16:01:36 2025
Job was executed on host(s) <6*c203n10>, in queue <single_chassis>, as user <sdehgha2> in cluster <Hazel> at Sat Apr  5 16:01:50 2025
</home/sdehgha2> was used as the home directory.
</share/ddomlab/sdehgha2/working-space/main/P1_pls-dataset/pls-dataset-space/PLS-Dataset/code_/training/hpc_submit_training_Rh> was used as the working directory.
Started at Sat Apr  5 16:01:50 2025
Terminated at Sat Apr  5 21:58:32 2025
Results reported at Sat Apr  5 21:58:32 2025

Your job looked like:

------------------------------------------------------------
# LSBATCH: User input
          
#BSUB -n 6
#BSUB -W 30:01
#BSUB -R span[hosts=1]
#BSUB -R "rusage[mem=8GB]"
#BSUB -J "ECFP_NGB_Trimer_log Rg (nm)_5_count_20250321"  
#BSUB -o "/share/ddomlab/sdehgha2/working-space/main/P1_pls-dataset/pls-dataset-space/PLS-Dataset/results/hpc_20250321/ECFP_NGB_Trimer_log Rg (nm)_5_count_20250321.out"
#BSUB -e "/share/ddomlab/sdehgha2/working-space/main/P1_pls-dataset/pls-dataset-space/PLS-Dataset/results/hpc_20250321/ECFP_NGB_Trimer_log Rg (nm)_5_count_20250321.err"

source ~/.bashrc
conda activate /usr/local/usrapps/ddomlab/sdehgha2/pls-dataset-env
python ../train_structure_only.py --target_features "log Rg (nm)"                                   --representation "ECFP"                                   --regressor_type "NGB"                                   --oligomer_representation "Trimer"                                   --radius "5"                                   --vector "count" 

------------------------------------------------------------

Successfully completed.

Resource usage summary:

    CPU time :                                   97836.00 sec.
    Max Memory :                                 3 GB
    Average Memory :                             2.93 GB
    Total Requested Memory :                     8.00 GB
    Delta Memory :                               5.00 GB
    Max Swap :                                   -
    Max Processes :                              26
    Max Threads :                                29
    Run time :                                   21404 sec.
    Turnaround time :                            21416 sec.

The output (if any) is above this job summary.



PS:

Read file </share/ddomlab/sdehgha2/working-space/main/P1_pls-dataset/pls-dataset-space/PLS-Dataset/results/hpc_20250321/ECFP_NGB_Trimer_log Rg (nm)_5_count_20250321.err> for stderr output of this job.

