/usr/local/usrapps/ddomlab/sdehgha2/pls-dataset-env/lib/python3.10/site-packages/skopt/optimizer/optimizer.py:517: UserWarning: The objective has been evaluated at point [None, None, 0.001, 0.001, 2000] before, using random point [None, None, 0.9777559180047606, 0.646245155038471, 25]
  warnings.warn(
/usr/local/usrapps/ddomlab/sdehgha2/pls-dataset-env/lib/python3.10/site-packages/skopt/optimizer/optimizer.py:517: UserWarning: The objective has been evaluated at point [None, None, 0.001, 0.001, 2000] before, using random point [None, None, 0.24686287786773403, 0.9039059799833056, 320]
  warnings.warn(
/usr/local/usrapps/ddomlab/sdehgha2/pls-dataset-env/lib/python3.10/site-packages/skopt/optimizer/optimizer.py:517: UserWarning: The objective has been evaluated at point [None, None, 0.001, 0.001, 2000] before, using random point [None, 'log2', 0.0877453047288787, 0.6056381105999071, 1009]
  warnings.warn(
/usr/local/usrapps/ddomlab/sdehgha2/pls-dataset-env/lib/python3.10/site-packages/skopt/optimizer/optimizer.py:517: UserWarning: The objective has been evaluated at point [None, None, 0.001, 0.001, 2000] before, using random point [None, None, 0.9777559180047606, 0.646245155038471, 25]
  warnings.warn(
/usr/local/usrapps/ddomlab/sdehgha2/pls-dataset-env/lib/python3.10/site-packages/skopt/optimizer/optimizer.py:517: UserWarning: The objective has been evaluated at point [None, None, 0.001, 0.001, 2000] before, using random point [None, None, 0.09254753961867293, 0.1979799391018266, 11]
  warnings.warn(
/usr/local/usrapps/ddomlab/sdehgha2/pls-dataset-env/lib/python3.10/site-packages/skopt/optimizer/optimizer.py:517: UserWarning: The objective has been evaluated at point [None, None, 0.001, 0.001, 2000] before, using random point [None, 'log2', 0.37676810897551644, 0.716934004940761, 17]
  warnings.warn(
/usr/local/usrapps/ddomlab/sdehgha2/pls-dataset-env/lib/python3.10/site-packages/skopt/optimizer/optimizer.py:517: UserWarning: The objective has been evaluated at point [None, None, 0.001, 0.001, 2000] before, using random point [None, None, 0.24686287786773403, 0.9039059799833056, 320]
  warnings.warn(
/usr/local/usrapps/ddomlab/sdehgha2/pls-dataset-env/lib/python3.10/site-packages/skopt/optimizer/optimizer.py:517: UserWarning: The objective has been evaluated at point [None, None, 0.001, 0.001, 2000] before, using random point [None, 'log2', 0.6912125639974879, 0.3750491527015788, 965]
  warnings.warn(
/usr/local/usrapps/ddomlab/sdehgha2/pls-dataset-env/lib/python3.10/site-packages/skopt/optimizer/optimizer.py:517: UserWarning: The objective has been evaluated at point [None, None, 0.001, 0.001, 2000] before, using random point [None, 'log2', 0.7784372644680081, 0.23698041242958068, 319]
  warnings.warn(
/usr/local/usrapps/ddomlab/sdehgha2/pls-dataset-env/lib/python3.10/site-packages/skopt/optimizer/optimizer.py:517: UserWarning: The objective has been evaluated at point [None, None, 0.001, 0.001, 2000] before, using random point [None, 'log2', 0.6096944994646206, 0.852642830052957, 82]
  warnings.warn(
/usr/local/usrapps/ddomlab/sdehgha2/pls-dataset-env/lib/python3.10/site-packages/skopt/optimizer/optimizer.py:517: UserWarning: The objective has been evaluated at point [None, None, 0.001, 0.001, 2000] before, using random point [None, None, 0.7489169549008605, 0.8770814067716379, 12]
  warnings.warn(
/usr/local/usrapps/ddomlab/sdehgha2/pls-dataset-env/lib/python3.10/site-packages/skopt/optimizer/optimizer.py:517: UserWarning: The objective has been evaluated at point [None, None, 0.001, 0.001, 2000] before, using random point [None, 'log2', 0.5598091832240518, 0.6878086204296104, 66]
  warnings.warn(
/usr/local/usrapps/ddomlab/sdehgha2/pls-dataset-env/lib/python3.10/site-packages/skopt/optimizer/optimizer.py:517: UserWarning: The objective has been evaluated at point [None, None, 0.001, 0.001, 2000] before, using random point [None, 'sqrt', 0.01146565319308018, 0.5314396307505439, 1974]
  warnings.warn(
/usr/local/usrapps/ddomlab/sdehgha2/pls-dataset-env/lib/python3.10/site-packages/skopt/optimizer/optimizer.py:517: UserWarning: The objective has been evaluated at point [None, 'sqrt', 0.001, 0.001, 2000] before, using random point [None, 'sqrt', 0.21326752875495772, 0.48705850028223896, 86]
  warnings.warn(
/usr/local/usrapps/ddomlab/sdehgha2/pls-dataset-env/lib/python3.10/site-packages/skopt/optimizer/optimizer.py:517: UserWarning: The objective has been evaluated at point [None, None, 0.001, 0.001, 2000] before, using random point [None, 'log2', 0.9837626112749219, 0.4453497286348472, 1054]
  warnings.warn(
/usr/local/usrapps/ddomlab/sdehgha2/pls-dataset-env/lib/python3.10/site-packages/skopt/optimizer/optimizer.py:517: UserWarning: The objective has been evaluated at point [None, 'sqrt', 0.001, 0.001, 2000] before, using random point [None, 'log2', 0.2775960084911277, 0.573232066986876, 14]
  warnings.warn(
/usr/local/usrapps/ddomlab/sdehgha2/pls-dataset-env/lib/python3.10/site-packages/skopt/optimizer/optimizer.py:517: UserWarning: The objective has been evaluated at point [None, None, 0.001, 0.001, 2000] before, using random point [None, 'sqrt', 0.5336847701378816, 0.8140175300960636, 1019]
  warnings.warn(
/usr/local/usrapps/ddomlab/sdehgha2/pls-dataset-env/lib/python3.10/site-packages/skopt/optimizer/optimizer.py:517: UserWarning: The objective has been evaluated at point [None, 'sqrt', 0.001, 0.001, 2000] before, using random point [None, 'log2', 0.8512217737443095, 0.01919184606842913, 1833]
  warnings.warn(
/usr/local/usrapps/ddomlab/sdehgha2/pls-dataset-env/lib/python3.10/site-packages/skopt/optimizer/optimizer.py:517: UserWarning: The objective has been evaluated at point [None, None, 0.001, 0.001, 2000] before, using random point [None, 'sqrt', 0.2297458937549242, 0.24028219266403883, 587]
  warnings.warn(
/usr/local/usrapps/ddomlab/sdehgha2/pls-dataset-env/lib/python3.10/site-packages/skopt/optimizer/optimizer.py:517: UserWarning: The objective has been evaluated at point [None, None, 0.001, 0.001, 2000] before, using random point [None, None, 0.6750120498204549, 0.9028758846909392, 232]
  warnings.warn(
/usr/local/usrapps/ddomlab/sdehgha2/pls-dataset-env/lib/python3.10/site-packages/skopt/optimizer/optimizer.py:517: UserWarning: The objective has been evaluated at point [None, 'sqrt', 0.001, 0.001, 2000] before, using random point [None, 'sqrt', 0.7987461638717251, 0.7982819269369832, 103]
  warnings.warn(
/usr/local/usrapps/ddomlab/sdehgha2/pls-dataset-env/lib/python3.10/site-packages/skopt/optimizer/optimizer.py:517: UserWarning: The objective has been evaluated at point [None, None, 0.001, 0.001, 2000] before, using random point [None, 'sqrt', 0.7960186941335272, 0.7456304998633269, 1741]
  warnings.warn(
/usr/local/usrapps/ddomlab/sdehgha2/pls-dataset-env/lib/python3.10/site-packages/skopt/optimizer/optimizer.py:517: UserWarning: The objective has been evaluated at point [None, 'sqrt', 0.001, 0.001, 2000] before, using random point [None, 'log2', 0.8266327918144353, 0.3665965219474675, 454]
  warnings.warn(
/usr/local/usrapps/ddomlab/sdehgha2/pls-dataset-env/lib/python3.10/site-packages/skopt/optimizer/optimizer.py:517: UserWarning: The objective has been evaluated at point [None, None, 0.001, 0.001, 2000] before, using random point [None, 'log2', 0.5228285398579982, 0.5116237276200462, 32]
  warnings.warn(
/usr/local/usrapps/ddomlab/sdehgha2/pls-dataset-env/lib/python3.10/site-packages/skopt/optimizer/optimizer.py:517: UserWarning: The objective has been evaluated at point [None, None, 0.001, 0.001, 2000] before, using random point [None, 'log2', 0.1936990120653765, 0.11438601693492133, 702]
  warnings.warn(
/usr/local/usrapps/ddomlab/sdehgha2/pls-dataset-env/lib/python3.10/site-packages/skopt/optimizer/optimizer.py:517: UserWarning: The objective has been evaluated at point [None, None, 0.001, 0.001, 2000] before, using random point [None, 'log2', 0.4064124014922122, 0.8124475720302125, 1938]
  warnings.warn(
