


OPTIMIZING HYPERPARAMETERS FOR REGRESSOR NGB 	SEED: 6


Best parameters: OrderedDict([('regressor__regressor__learning_rate', 0.004557051996953247), ('regressor__regressor__minibatch_frac', 1), ('regressor__regressor__n_estimators', 163), ('regressor__regressor__natural_gradient', True), ('regressor__regressor__verbose', False)])





OPTIMIZING HYPERPARAMETERS FOR REGRESSOR NGB 	SEED: 6


Best parameters: OrderedDict([('regressor__regressor__learning_rate', 0.0020398992140389692), ('regressor__regressor__minibatch_frac', 1), ('regressor__regressor__n_estimators', 603), ('regressor__regressor__natural_gradient', True), ('regressor__regressor__verbose', False)])





OPTIMIZING HYPERPARAMETERS FOR REGRESSOR NGB 	SEED: 6


Best parameters: OrderedDict([('regressor__regressor__learning_rate', 0.012708762420409792), ('regressor__regressor__minibatch_frac', 1), ('regressor__regressor__n_estimators', 78), ('regressor__regressor__natural_gradient', True), ('regressor__regressor__verbose', False)])





OPTIMIZING HYPERPARAMETERS FOR REGRESSOR NGB 	SEED: 6


Best parameters: OrderedDict([('regressor__regressor__learning_rate', 0.00565993861106943), ('regressor__regressor__minibatch_frac', 1), ('regressor__regressor__n_estimators', 191), ('regressor__regressor__natural_gradient', True), ('regressor__regressor__verbose', False)])





OPTIMIZING HYPERPARAMETERS FOR REGRESSOR NGB 	SEED: 6


Best parameters: OrderedDict([('regressor__regressor__learning_rate', 0.09879474602500372), ('regressor__regressor__minibatch_frac', 1), ('regressor__regressor__n_estimators', 517), ('regressor__regressor__natural_gradient', True), ('regressor__regressor__verbose', False)])





OPTIMIZING HYPERPARAMETERS FOR REGRESSOR NGB 	SEED: 13


Best parameters: OrderedDict([('regressor__regressor__learning_rate', 0.04398562797175452), ('regressor__regressor__minibatch_frac', 1), ('regressor__regressor__n_estimators', 99), ('regressor__regressor__natural_gradient', True), ('regressor__regressor__verbose', False)])





OPTIMIZING HYPERPARAMETERS FOR REGRESSOR NGB 	SEED: 13


Best parameters: OrderedDict([('regressor__regressor__learning_rate', 0.0015091157368080942), ('regressor__regressor__minibatch_frac', 1), ('regressor__regressor__n_estimators', 959), ('regressor__regressor__natural_gradient', True), ('regressor__regressor__verbose', False)])





OPTIMIZING HYPERPARAMETERS FOR REGRESSOR NGB 	SEED: 13

------------------------------------------------------------
Sender: LSF System <lsfadmin@c040n02>
Subject: Job 427243: <MACCS_NGB_RRU Trimer_log Rg (nm)_20250321> in cluster <Hazel> Exited

Job <MACCS_NGB_RRU Trimer_log Rg (nm)_20250321> was submitted from host <c030n01> by user <sdehgha2> in cluster <Hazel> at Fri Mar 21 08:09:39 2025
Job was executed on host(s) <6*c040n02>, in queue <single_chassis>, as user <sdehgha2> in cluster <Hazel> at Fri Mar 21 08:19:00 2025
</home/sdehgha2> was used as the home directory.
</share/ddomlab/sdehgha2/working-space/main/P1_pls-dataset/pls-dataset-space/PLS-Dataset/code_/training/hpc_submit_training_Rh> was used as the working directory.
Started at Fri Mar 21 08:19:00 2025
Terminated at Fri Mar 21 09:02:45 2025
Results reported at Fri Mar 21 09:02:45 2025

Your job looked like:

------------------------------------------------------------
# LSBATCH: User input
          
#BSUB -n 6
#BSUB -W 35:01
#BSUB -R span[hosts=1]
#BSUB -R "rusage[mem=16GB]"
#BSUB -J "MACCS_NGB_RRU Trimer_log Rg (nm)_20250321"  
#BSUB -o "/share/ddomlab/sdehgha2/working-space/main/P1_pls-dataset/pls-dataset-space/PLS-Dataset/results/hpc_20250321/MACCS_NGB_RRU Trimer_log Rg (nm)_20250321.out"
#BSUB -e "/share/ddomlab/sdehgha2/working-space/main/P1_pls-dataset/pls-dataset-space/PLS-Dataset/results/hpc_20250321/MACCS_NGB_RRU Trimer_log Rg (nm)_20250321.err"

source ~/.bashrc
conda activate /usr/local/usrapps/ddomlab/sdehgha2/pls-dataset-env
python ../train_structure_only.py --target_features "log Rg (nm)"                                   --representation "MACCS"                                   --regressor_type "NGB"                                   --oligomer_representation "RRU Trimer" 

------------------------------------------------------------

Exited with exit code 1.

Resource usage summary:

    CPU time :                                   11140.00 sec.
    Max Memory :                                 3 GB
    Average Memory :                             2.87 GB
    Total Requested Memory :                     16.00 GB
    Delta Memory :                               13.00 GB
    Max Swap :                                   -
    Max Processes :                              38
    Max Threads :                                41
    Run time :                                   2652 sec.
    Turnaround time :                            3186 sec.

The output (if any) is above this job summary.



PS:

Read file </share/ddomlab/sdehgha2/working-space/main/P1_pls-dataset/pls-dataset-space/PLS-Dataset/results/hpc_20250321/MACCS_NGB_RRU Trimer_log Rg (nm)_20250321.err> for stderr output of this job.

