 REGRESSOR NGB, 	SEED:, 6
{6: {'train_sizes': array([ 20,  43,  67,  90, 113, 137, 160, 183, 207]), 'train_sizes_fraction': array([0.07722008, 0.16602317, 0.25868726, 0.34749035, 0.43629344,
       0.52895753, 0.61776062, 0.70656371, 0.7992278 ]), 'train_scores': array([[0.99945817, 0.9999894 , 0.99990871, 0.99999586, 0.9999858 ],
       [0.99772848, 0.99718909, 0.99301046, 0.99873383, 0.99338857],
       [0.98868121, 0.97358118, 0.97221952, 0.989558  , 0.97622512],
       [0.98436076, 0.97138874, 0.95883707, 0.98104662, 0.95729791],
       [0.97816216, 0.97288579, 0.95082423, 0.97409677, 0.9539673 ],
       [0.97010564, 0.97360471, 0.94326522, 0.97052741, 0.94802824],
       [0.96779095, 0.9747076 , 0.96705062, 0.95973652, 0.93587254],
       [0.956549  , 0.96247337, 0.96659205, 0.94286022, 0.92732914],
       [0.92409009, 0.92688586, 0.9628123 , 0.95016502, 0.93295866]]), 'test_scores': array([[ 0.29191636,  0.47344645, -0.00191899,  0.20793535, -0.53768251],
       [ 0.30449997,  0.62502709,  0.46792647, -0.07494019, -0.43319765],
       [ 0.63341561,  0.60092386,  0.57738646,  0.39619796,  0.35676897],
       [ 0.74896911,  0.74894204,  0.604716  ,  0.290767  ,  0.75538055],
       [ 0.88141609,  0.79084206,  0.51538625,  0.509406  ,  0.81122109],
       [ 0.82567224,  0.81105646,  0.56347741,  0.62041159,  0.82884337],
       [ 0.84785569,  0.81407615,  0.67388832,  0.69968813,  0.81768673],
       [ 0.87644959,  0.82484925,  0.67737612,  0.77051095,  0.86423327],
       [ 0.89283664,  0.90710335,  0.69698777,  0.80014585,  0.8749498 ]]), 'best_params': 'Default'}}
 REGRESSOR NGB, 	SEED:, 13
{6: {'train_sizes': array([ 20,  43,  67,  90, 113, 137, 160, 183, 207]), 'train_sizes_fraction': array([0.07722008, 0.16602317, 0.25868726, 0.34749035, 0.43629344,
       0.52895753, 0.61776062, 0.70656371, 0.7992278 ]), 'train_scores': array([[0.99945817, 0.9999894 , 0.99990871, 0.99999586, 0.9999858 ],
       [0.99772848, 0.99718909, 0.99301046, 0.99873383, 0.99338857],
       [0.98868121, 0.97358118, 0.97221952, 0.989558  , 0.97622512],
       [0.98436076, 0.97138874, 0.95883707, 0.98104662, 0.95729791],
       [0.97816216, 0.97288579, 0.95082423, 0.97409677, 0.9539673 ],
       [0.97010564, 0.97360471, 0.94326522, 0.97052741, 0.94802824],
       [0.96779095, 0.9747076 , 0.96705062, 0.95973652, 0.93587254],
       [0.956549  , 0.96247337, 0.96659205, 0.94286022, 0.92732914],
       [0.92409009, 0.92688586, 0.9628123 , 0.95016502, 0.93295866]]), 'test_scores': array([[ 0.29191636,  0.47344645, -0.00191899,  0.20793535, -0.53768251],
       [ 0.30449997,  0.62502709,  0.46792647, -0.07494019, -0.43319765],
       [ 0.63341561,  0.60092386,  0.57738646,  0.39619796,  0.35676897],
       [ 0.74896911,  0.74894204,  0.604716  ,  0.290767  ,  0.75538055],
       [ 0.88141609,  0.79084206,  0.51538625,  0.509406  ,  0.81122109],
       [ 0.82567224,  0.81105646,  0.56347741,  0.62041159,  0.82884337],
       [ 0.84785569,  0.81407615,  0.67388832,  0.69968813,  0.81768673],
       [ 0.87644959,  0.82484925,  0.67737612,  0.77051095,  0.86423327],
       [ 0.89283664,  0.90710335,  0.69698777,  0.80014585,  0.8749498 ]]), 'best_params': 'Default'}, 13: {'train_sizes': array([ 20,  43,  67,  90, 113, 137, 160, 183, 207]), 'train_sizes_fraction': array([0.07722008, 0.16602317, 0.25868726, 0.34749035, 0.43629344,
       0.52895753, 0.61776062, 0.70656371, 0.7992278 ]), 'train_scores': array([[0.99989223, 0.99999771, 0.99998889, 0.99998294, 0.99999987],
       [0.99762675, 0.99541188, 0.99630935, 0.99922701, 0.99617192],
       [0.99130379, 0.97148774, 0.98664448, 0.99512844, 0.99504934],
       [0.98060044, 0.96439787, 0.96842484, 0.98281496, 0.97659756],
       [0.97169942, 0.96313042, 0.946014  , 0.98493298, 0.97310496],
       [0.969581  , 0.94584383, 0.95004504, 0.97317976, 0.96013382],
       [0.9614195 , 0.9379856 , 0.95833012, 0.96841262, 0.96308393],
       [0.96415272, 0.92850383, 0.95376117, 0.9657639 , 0.96315283],
       [0.94184885, 0.9302932 , 0.95973211, 0.93347551, 0.93593525]]), 'test_scores': array([[0.5918145 , 0.04664968, 0.18931825, 0.12146526, 0.33186806],
       [0.78891967, 0.43967348, 0.4572823 , 0.4014402 , 0.76876003],
       [0.8242435 , 0.65504268, 0.51081002, 0.71181887, 0.65090231],
       [0.8506028 , 0.58507508, 0.71164808, 0.80166005, 0.73248693],
       [0.8588085 , 0.65268627, 0.70646312, 0.85386217, 0.74016831],
       [0.87163496, 0.67333836, 0.73249665, 0.85446932, 0.70941137],
       [0.84181383, 0.553609  , 0.72822863, 0.86319669, 0.67188178],
       [0.82101838, 0.89488424, 0.66567414, 0.86355476, 0.78059824],
       [0.88704948, 0.8965572 , 0.66203741, 0.8277436 , 0.8186318 ]]), 'best_params': 'Default'}}
 REGRESSOR NGB, 	SEED:, 42
{6: {'train_sizes': array([ 20,  43,  67,  90, 113, 137, 160, 183, 207]), 'train_sizes_fraction': array([0.07722008, 0.16602317, 0.25868726, 0.34749035, 0.43629344,
       0.52895753, 0.61776062, 0.70656371, 0.7992278 ]), 'train_scores': array([[0.99945817, 0.9999894 , 0.99990871, 0.99999586, 0.9999858 ],
       [0.99772848, 0.99718909, 0.99301046, 0.99873383, 0.99338857],
       [0.98868121, 0.97358118, 0.97221952, 0.989558  , 0.97622512],
       [0.98436076, 0.97138874, 0.95883707, 0.98104662, 0.95729791],
       [0.97816216, 0.97288579, 0.95082423, 0.97409677, 0.9539673 ],
       [0.97010564, 0.97360471, 0.94326522, 0.97052741, 0.94802824],
       [0.96779095, 0.9747076 , 0.96705062, 0.95973652, 0.93587254],
       [0.956549  , 0.96247337, 0.96659205, 0.94286022, 0.92732914],
       [0.92409009, 0.92688586, 0.9628123 , 0.95016502, 0.93295866]]), 'test_scores': array([[ 0.29191636,  0.47344645, -0.00191899,  0.20793535, -0.53768251],
       [ 0.30449997,  0.62502709,  0.46792647, -0.07494019, -0.43319765],
       [ 0.63341561,  0.60092386,  0.57738646,  0.39619796,  0.35676897],
       [ 0.74896911,  0.74894204,  0.604716  ,  0.290767  ,  0.75538055],
       [ 0.88141609,  0.79084206,  0.51538625,  0.509406  ,  0.81122109],
       [ 0.82567224,  0.81105646,  0.56347741,  0.62041159,  0.82884337],
       [ 0.84785569,  0.81407615,  0.67388832,  0.69968813,  0.81768673],
       [ 0.87644959,  0.82484925,  0.67737612,  0.77051095,  0.86423327],
       [ 0.89283664,  0.90710335,  0.69698777,  0.80014585,  0.8749498 ]]), 'best_params': 'Default'}, 13: {'train_sizes': array([ 20,  43,  67,  90, 113, 137, 160, 183, 207]), 'train_sizes_fraction': array([0.07722008, 0.16602317, 0.25868726, 0.34749035, 0.43629344,
       0.52895753, 0.61776062, 0.70656371, 0.7992278 ]), 'train_scores': array([[0.99989223, 0.99999771, 0.99998889, 0.99998294, 0.99999987],
       [0.99762675, 0.99541188, 0.99630935, 0.99922701, 0.99617192],
       [0.99130379, 0.97148774, 0.98664448, 0.99512844, 0.99504934],
       [0.98060044, 0.96439787, 0.96842484, 0.98281496, 0.97659756],
       [0.97169942, 0.96313042, 0.946014  , 0.98493298, 0.97310496],
       [0.969581  , 0.94584383, 0.95004504, 0.97317976, 0.96013382],
       [0.9614195 , 0.9379856 , 0.95833012, 0.96841262, 0.96308393],
       [0.96415272, 0.92850383, 0.95376117, 0.9657639 , 0.96315283],
       [0.94184885, 0.9302932 , 0.95973211, 0.93347551, 0.93593525]]), 'test_scores': array([[0.5918145 , 0.04664968, 0.18931825, 0.12146526, 0.33186806],
       [0.78891967, 0.43967348, 0.4572823 , 0.4014402 , 0.76876003],
       [0.8242435 , 0.65504268, 0.51081002, 0.71181887, 0.65090231],
       [0.8506028 , 0.58507508, 0.71164808, 0.80166005, 0.73248693],
       [0.8588085 , 0.65268627, 0.70646312, 0.85386217, 0.74016831],
       [0.87163496, 0.67333836, 0.73249665, 0.85446932, 0.70941137],
       [0.84181383, 0.553609  , 0.72822863, 0.86319669, 0.67188178],
       [0.82101838, 0.89488424, 0.66567414, 0.86355476, 0.78059824],
       [0.88704948, 0.8965572 , 0.66203741, 0.8277436 , 0.8186318 ]]), 'best_params': 'Default'}, 42: {'train_sizes': array([ 20,  43,  67,  90, 113, 137, 160, 183, 207]), 'train_sizes_fraction': array([0.07722008, 0.16602317, 0.25868726, 0.34749035, 0.43629344,
       0.52895753, 0.61776062, 0.70656371, 0.7992278 ]), 'train_scores': array([[0.99999056, 0.99878355, 0.99956151, 0.99999999, 0.99999114],
       [0.9992637 , 0.99671879, 0.99612901, 0.9994001 , 0.99904834],
       [0.99621321, 0.99409609, 0.9939366 , 0.99503734, 0.99437301],
       [0.98245312, 0.96703723, 0.97540505, 0.97726326, 0.97237483],
       [0.9671489 , 0.95988856, 0.96926246, 0.97732521, 0.97024365],
       [0.97219391, 0.9650652 , 0.9543166 , 0.95072642, 0.95745203],
       [0.94684871, 0.96245928, 0.95553448, 0.94042749, 0.9627153 ],
       [0.94384395, 0.94558931, 0.94789764, 0.92652583, 0.96309757],
       [0.93728074, 0.92117406, 0.93132811, 0.92845876, 0.95354327]]), 'test_scores': array([[ 0.41490827, -0.5923147 ,  0.19182912,  0.09407642,  0.55110532],
       [ 0.62256063,  0.31086159,  0.62271908, -0.20556299,  0.51339181],
       [ 0.49514673,  0.39212731,  0.44866948,  0.0107976 ,  0.54643831],
       [ 0.76930548,  0.54190072,  0.47093211,  0.21290584,  0.59325053],
       [ 0.77766705,  0.49118731,  0.61859853,  0.86809077,  0.65729514],
       [ 0.81987462,  0.53165904,  0.74459118,  0.8866284 ,  0.74971609],
       [ 0.86446603,  0.53800917,  0.71048609,  0.86375526,  0.76440281],
       [ 0.88777452,  0.50734666,  0.7193341 ,  0.87757959,  0.72268493],
       [ 0.86320875,  0.87005729,  0.7608539 ,  0.89920868,  0.71727856]]), 'best_params': 'Default'}}
 REGRESSOR NGB, 	SEED:, 69
{6: {'train_sizes': array([ 20,  43,  67,  90, 113, 137, 160, 183, 207]), 'train_sizes_fraction': array([0.07722008, 0.16602317, 0.25868726, 0.34749035, 0.43629344,
       0.52895753, 0.61776062, 0.70656371, 0.7992278 ]), 'train_scores': array([[0.99945817, 0.9999894 , 0.99990871, 0.99999586, 0.9999858 ],
       [0.99772848, 0.99718909, 0.99301046, 0.99873383, 0.99338857],
       [0.98868121, 0.97358118, 0.97221952, 0.989558  , 0.97622512],
       [0.98436076, 0.97138874, 0.95883707, 0.98104662, 0.95729791],
       [0.97816216, 0.97288579, 0.95082423, 0.97409677, 0.9539673 ],
       [0.97010564, 0.97360471, 0.94326522, 0.97052741, 0.94802824],
       [0.96779095, 0.9747076 , 0.96705062, 0.95973652, 0.93587254],
       [0.956549  , 0.96247337, 0.96659205, 0.94286022, 0.92732914],
       [0.92409009, 0.92688586, 0.9628123 , 0.95016502, 0.93295866]]), 'test_scores': array([[ 0.29191636,  0.47344645, -0.00191899,  0.20793535, -0.53768251],
       [ 0.30449997,  0.62502709,  0.46792647, -0.07494019, -0.43319765],
       [ 0.63341561,  0.60092386,  0.57738646,  0.39619796,  0.35676897],
       [ 0.74896911,  0.74894204,  0.604716  ,  0.290767  ,  0.75538055],
       [ 0.88141609,  0.79084206,  0.51538625,  0.509406  ,  0.81122109],
       [ 0.82567224,  0.81105646,  0.56347741,  0.62041159,  0.82884337],
       [ 0.84785569,  0.81407615,  0.67388832,  0.69968813,  0.81768673],
       [ 0.87644959,  0.82484925,  0.67737612,  0.77051095,  0.86423327],
       [ 0.89283664,  0.90710335,  0.69698777,  0.80014585,  0.8749498 ]]), 'best_params': 'Default'}, 13: {'train_sizes': array([ 20,  43,  67,  90, 113, 137, 160, 183, 207]), 'train_sizes_fraction': array([0.07722008, 0.16602317, 0.25868726, 0.34749035, 0.43629344,
       0.52895753, 0.61776062, 0.70656371, 0.7992278 ]), 'train_scores': array([[0.99989223, 0.99999771, 0.99998889, 0.99998294, 0.99999987],
       [0.99762675, 0.99541188, 0.99630935, 0.99922701, 0.99617192],
       [0.99130379, 0.97148774, 0.98664448, 0.99512844, 0.99504934],
       [0.98060044, 0.96439787, 0.96842484, 0.98281496, 0.97659756],
       [0.97169942, 0.96313042, 0.946014  , 0.98493298, 0.97310496],
       [0.969581  , 0.94584383, 0.95004504, 0.97317976, 0.96013382],
       [0.9614195 , 0.9379856 , 0.95833012, 0.96841262, 0.96308393],
       [0.96415272, 0.92850383, 0.95376117, 0.9657639 , 0.96315283],
       [0.94184885, 0.9302932 , 0.95973211, 0.93347551, 0.93593525]]), 'test_scores': array([[0.5918145 , 0.04664968, 0.18931825, 0.12146526, 0.33186806],
       [0.78891967, 0.43967348, 0.4572823 , 0.4014402 , 0.76876003],
       [0.8242435 , 0.65504268, 0.51081002, 0.71181887, 0.65090231],
       [0.8506028 , 0.58507508, 0.71164808, 0.80166005, 0.73248693],
       [0.8588085 , 0.65268627, 0.70646312, 0.85386217, 0.74016831],
       [0.87163496, 0.67333836, 0.73249665, 0.85446932, 0.70941137],
       [0.84181383, 0.553609  , 0.72822863, 0.86319669, 0.67188178],
       [0.82101838, 0.89488424, 0.66567414, 0.86355476, 0.78059824],
       [0.88704948, 0.8965572 , 0.66203741, 0.8277436 , 0.8186318 ]]), 'best_params': 'Default'}, 42: {'train_sizes': array([ 20,  43,  67,  90, 113, 137, 160, 183, 207]), 'train_sizes_fraction': array([0.07722008, 0.16602317, 0.25868726, 0.34749035, 0.43629344,
       0.52895753, 0.61776062, 0.70656371, 0.7992278 ]), 'train_scores': array([[0.99999056, 0.99878355, 0.99956151, 0.99999999, 0.99999114],
       [0.9992637 , 0.99671879, 0.99612901, 0.9994001 , 0.99904834],
       [0.99621321, 0.99409609, 0.9939366 , 0.99503734, 0.99437301],
       [0.98245312, 0.96703723, 0.97540505, 0.97726326, 0.97237483],
       [0.9671489 , 0.95988856, 0.96926246, 0.97732521, 0.97024365],
       [0.97219391, 0.9650652 , 0.9543166 , 0.95072642, 0.95745203],
       [0.94684871, 0.96245928, 0.95553448, 0.94042749, 0.9627153 ],
       [0.94384395, 0.94558931, 0.94789764, 0.92652583, 0.96309757],
       [0.93728074, 0.92117406, 0.93132811, 0.92845876, 0.95354327]]), 'test_scores': array([[ 0.41490827, -0.5923147 ,  0.19182912,  0.09407642,  0.55110532],
       [ 0.62256063,  0.31086159,  0.62271908, -0.20556299,  0.51339181],
       [ 0.49514673,  0.39212731,  0.44866948,  0.0107976 ,  0.54643831],
       [ 0.76930548,  0.54190072,  0.47093211,  0.21290584,  0.59325053],
       [ 0.77766705,  0.49118731,  0.61859853,  0.86809077,  0.65729514],
       [ 0.81987462,  0.53165904,  0.74459118,  0.8866284 ,  0.74971609],
       [ 0.86446603,  0.53800917,  0.71048609,  0.86375526,  0.76440281],
       [ 0.88777452,  0.50734666,  0.7193341 ,  0.87757959,  0.72268493],
       [ 0.86320875,  0.87005729,  0.7608539 ,  0.89920868,  0.71727856]]), 'best_params': 'Default'}, 69: {'train_sizes': array([ 20,  43,  67,  90, 113, 137, 160, 183, 207]), 'train_sizes_fraction': array([0.07722008, 0.16602317, 0.25868726, 0.34749035, 0.43629344,
       0.52895753, 0.61776062, 0.70656371, 0.7992278 ]), 'train_scores': array([[0.99999974, 0.99960494, 0.99996888, 0.99999185, 0.99963117],
       [0.99942942, 0.99456556, 0.99954905, 0.99488783, 0.99703866],
       [0.98749792, 0.99240534, 0.99097635, 0.9883575 , 0.98362237],
       [0.97575754, 0.98410917, 0.98079483, 0.98451656, 0.9705009 ],
       [0.97341618, 0.97750994, 0.97338744, 0.97960818, 0.97140255],
       [0.94847963, 0.95389453, 0.95824991, 0.97389406, 0.96155671],
       [0.94891084, 0.95351182, 0.92745484, 0.96732739, 0.93639681],
       [0.93790349, 0.94711155, 0.92036608, 0.96350987, 0.93502038],
       [0.93180719, 0.94662537, 0.92675743, 0.96560146, 0.93807582]]), 'test_scores': array([[ 0.39502666, -0.3420722 ,  0.25605524, -0.13403037,  0.31086127],
       [ 0.59750246,  0.25530083,  0.59232812,  0.2622    ,  0.33987827],
       [ 0.81766753,  0.42081394,  0.80381286,  0.46172796,  0.76185741],
       [ 0.83108354,  0.66826619,  0.86591159,  0.51584584,  0.81298986],
       [ 0.82378938,  0.74020265,  0.87637778,  0.4948907 ,  0.82325788],
       [ 0.87142943,  0.70358084,  0.88542571,  0.56094722,  0.79916962],
       [ 0.91535587,  0.76863714,  0.85905432,  0.51330471,  0.80481237],
       [ 0.92749662,  0.72554107,  0.84867522,  0.53215231,  0.88015179],
       [ 0.91950898,  0.69359645,  0.87613528,  0.5888837 ,  0.86495568]]), 'best_params': 'Default'}}
 REGRESSOR NGB, 	SEED:, 420
{6: {'train_sizes': array([ 20,  43,  67,  90, 113, 137, 160, 183, 207]), 'train_sizes_fraction': array([0.07722008, 0.16602317, 0.25868726, 0.34749035, 0.43629344,
       0.52895753, 0.61776062, 0.70656371, 0.7992278 ]), 'train_scores': array([[0.99945817, 0.9999894 , 0.99990871, 0.99999586, 0.9999858 ],
       [0.99772848, 0.99718909, 0.99301046, 0.99873383, 0.99338857],
       [0.98868121, 0.97358118, 0.97221952, 0.989558  , 0.97622512],
       [0.98436076, 0.97138874, 0.95883707, 0.98104662, 0.95729791],
       [0.97816216, 0.97288579, 0.95082423, 0.97409677, 0.9539673 ],
       [0.97010564, 0.97360471, 0.94326522, 0.97052741, 0.94802824],
       [0.96779095, 0.9747076 , 0.96705062, 0.95973652, 0.93587254],
       [0.956549  , 0.96247337, 0.96659205, 0.94286022, 0.92732914],
       [0.92409009, 0.92688586, 0.9628123 , 0.95016502, 0.93295866]]), 'test_scores': array([[ 0.29191636,  0.47344645, -0.00191899,  0.20793535, -0.53768251],
       [ 0.30449997,  0.62502709,  0.46792647, -0.07494019, -0.43319765],
       [ 0.63341561,  0.60092386,  0.57738646,  0.39619796,  0.35676897],
       [ 0.74896911,  0.74894204,  0.604716  ,  0.290767  ,  0.75538055],
       [ 0.88141609,  0.79084206,  0.51538625,  0.509406  ,  0.81122109],
       [ 0.82567224,  0.81105646,  0.56347741,  0.62041159,  0.82884337],
       [ 0.84785569,  0.81407615,  0.67388832,  0.69968813,  0.81768673],
       [ 0.87644959,  0.82484925,  0.67737612,  0.77051095,  0.86423327],
       [ 0.89283664,  0.90710335,  0.69698777,  0.80014585,  0.8749498 ]]), 'best_params': 'Default'}, 13: {'train_sizes': array([ 20,  43,  67,  90, 113, 137, 160, 183, 207]), 'train_sizes_fraction': array([0.07722008, 0.16602317, 0.25868726, 0.34749035, 0.43629344,
       0.52895753, 0.61776062, 0.70656371, 0.7992278 ]), 'train_scores': array([[0.99989223, 0.99999771, 0.99998889, 0.99998294, 0.99999987],
       [0.99762675, 0.99541188, 0.99630935, 0.99922701, 0.99617192],
       [0.99130379, 0.97148774, 0.98664448, 0.99512844, 0.99504934],
       [0.98060044, 0.96439787, 0.96842484, 0.98281496, 0.97659756],
       [0.97169942, 0.96313042, 0.946014  , 0.98493298, 0.97310496],
       [0.969581  , 0.94584383, 0.95004504, 0.97317976, 0.96013382],
       [0.9614195 , 0.9379856 , 0.95833012, 0.96841262, 0.96308393],
       [0.96415272, 0.92850383, 0.95376117, 0.9657639 , 0.96315283],
       [0.94184885, 0.9302932 , 0.95973211, 0.93347551, 0.93593525]]), 'test_scores': array([[0.5918145 , 0.04664968, 0.18931825, 0.12146526, 0.33186806],
       [0.78891967, 0.43967348, 0.4572823 , 0.4014402 , 0.76876003],
       [0.8242435 , 0.65504268, 0.51081002, 0.71181887, 0.65090231],
       [0.8506028 , 0.58507508, 0.71164808, 0.80166005, 0.73248693],
       [0.8588085 , 0.65268627, 0.70646312, 0.85386217, 0.74016831],
       [0.87163496, 0.67333836, 0.73249665, 0.85446932, 0.70941137],
       [0.84181383, 0.553609  , 0.72822863, 0.86319669, 0.67188178],
       [0.82101838, 0.89488424, 0.66567414, 0.86355476, 0.78059824],
       [0.88704948, 0.8965572 , 0.66203741, 0.8277436 , 0.8186318 ]]), 'best_params': 'Default'}, 42: {'train_sizes': array([ 20,  43,  67,  90, 113, 137, 160, 183, 207]), 'train_sizes_fraction': array([0.07722008, 0.16602317, 0.25868726, 0.34749035, 0.43629344,
       0.52895753, 0.61776062, 0.70656371, 0.7992278 ]), 'train_scores': array([[0.99999056, 0.99878355, 0.99956151, 0.99999999, 0.99999114],
       [0.9992637 , 0.99671879, 0.99612901, 0.9994001 , 0.99904834],
       [0.99621321, 0.99409609, 0.9939366 , 0.99503734, 0.99437301],
       [0.98245312, 0.96703723, 0.97540505, 0.97726326, 0.97237483],
       [0.9671489 , 0.95988856, 0.96926246, 0.97732521, 0.97024365],
       [0.97219391, 0.9650652 , 0.9543166 , 0.95072642, 0.95745203],
       [0.94684871, 0.96245928, 0.95553448, 0.94042749, 0.9627153 ],
       [0.94384395, 0.94558931, 0.94789764, 0.92652583, 0.96309757],
       [0.93728074, 0.92117406, 0.93132811, 0.92845876, 0.95354327]]), 'test_scores': array([[ 0.41490827, -0.5923147 ,  0.19182912,  0.09407642,  0.55110532],
       [ 0.62256063,  0.31086159,  0.62271908, -0.20556299,  0.51339181],
       [ 0.49514673,  0.39212731,  0.44866948,  0.0107976 ,  0.54643831],
       [ 0.76930548,  0.54190072,  0.47093211,  0.21290584,  0.59325053],
       [ 0.77766705,  0.49118731,  0.61859853,  0.86809077,  0.65729514],
       [ 0.81987462,  0.53165904,  0.74459118,  0.8866284 ,  0.74971609],
       [ 0.86446603,  0.53800917,  0.71048609,  0.86375526,  0.76440281],
       [ 0.88777452,  0.50734666,  0.7193341 ,  0.87757959,  0.72268493],
       [ 0.86320875,  0.87005729,  0.7608539 ,  0.89920868,  0.71727856]]), 'best_params': 'Default'}, 69: {'train_sizes': array([ 20,  43,  67,  90, 113, 137, 160, 183, 207]), 'train_sizes_fraction': array([0.07722008, 0.16602317, 0.25868726, 0.34749035, 0.43629344,
       0.52895753, 0.61776062, 0.70656371, 0.7992278 ]), 'train_scores': array([[0.99999974, 0.99960494, 0.99996888, 0.99999185, 0.99963117],
       [0.99942942, 0.99456556, 0.99954905, 0.99488783, 0.99703866],
       [0.98749792, 0.99240534, 0.99097635, 0.9883575 , 0.98362237],
       [0.97575754, 0.98410917, 0.98079483, 0.98451656, 0.9705009 ],
       [0.97341618, 0.97750994, 0.97338744, 0.97960818, 0.97140255],
       [0.94847963, 0.95389453, 0.95824991, 0.97389406, 0.96155671],
       [0.94891084, 0.95351182, 0.92745484, 0.96732739, 0.93639681],
       [0.93790349, 0.94711155, 0.92036608, 0.96350987, 0.93502038],
       [0.93180719, 0.94662537, 0.92675743, 0.96560146, 0.93807582]]), 'test_scores': array([[ 0.39502666, -0.3420722 ,  0.25605524, -0.13403037,  0.31086127],
       [ 0.59750246,  0.25530083,  0.59232812,  0.2622    ,  0.33987827],
       [ 0.81766753,  0.42081394,  0.80381286,  0.46172796,  0.76185741],
       [ 0.83108354,  0.66826619,  0.86591159,  0.51584584,  0.81298986],
       [ 0.82378938,  0.74020265,  0.87637778,  0.4948907 ,  0.82325788],
       [ 0.87142943,  0.70358084,  0.88542571,  0.56094722,  0.79916962],
       [ 0.91535587,  0.76863714,  0.85905432,  0.51330471,  0.80481237],
       [ 0.92749662,  0.72554107,  0.84867522,  0.53215231,  0.88015179],
       [ 0.91950898,  0.69359645,  0.87613528,  0.5888837 ,  0.86495568]]), 'best_params': 'Default'}, 420: {'train_sizes': array([ 20,  43,  67,  90, 113, 137, 160, 183, 207]), 'train_sizes_fraction': array([0.07722008, 0.16602317, 0.25868726, 0.34749035, 0.43629344,
       0.52895753, 0.61776062, 0.70656371, 0.7992278 ]), 'train_scores': array([[0.9997821 , 0.99983651, 0.99994166, 0.99999999, 0.99998567],
       [0.99791138, 0.99813435, 0.99566746, 0.99791831, 0.99913014],
       [0.96792469, 0.98844126, 0.99384081, 0.99095423, 0.99402358],
       [0.96950713, 0.97955319, 0.99187199, 0.98184253, 0.98938085],
       [0.96469418, 0.96195929, 0.97323624, 0.96952201, 0.97822174],
       [0.94709243, 0.96599075, 0.97466864, 0.95986787, 0.97645782],
       [0.94493094, 0.94907051, 0.95581694, 0.930917  , 0.97185371],
       [0.92716805, 0.94688649, 0.94994601, 0.936404  , 0.96018363],
       [0.92905661, 0.94895461, 0.95144845, 0.93694   , 0.94576254]]), 'test_scores': array([[ 0.4664737 , -0.14093005,  0.64543008,  0.22097944,  0.12442036],
       [ 0.63385099,  0.52768557,  0.2615728 , -0.18313164,  0.3571277 ],
       [ 0.64176832,  0.67154808,  0.51579702,  0.00263134,  0.66625245],
       [ 0.79058747,  0.71102096,  0.43701299,  0.30712183,  0.57718553],
       [ 0.77864121,  0.79301995,  0.44019669,  0.56900881,  0.45244786],
       [ 0.85240415,  0.87676577,  0.46788524,  0.71858156,  0.57711211],
       [ 0.8335023 ,  0.89043855,  0.56043775,  0.81985459,  0.62299719],
       [ 0.87568694,  0.9022143 ,  0.75502552,  0.84626876,  0.68908623],
       [ 0.85411136,  0.90659272,  0.75625794,  0.88588292,  0.72075414]]), 'best_params': 'Default'}}
 REGRESSOR NGB, 	SEED:, 1234567890
{6: {'train_sizes': array([ 20,  43,  67,  90, 113, 137, 160, 183, 207]), 'train_sizes_fraction': array([0.07722008, 0.16602317, 0.25868726, 0.34749035, 0.43629344,
       0.52895753, 0.61776062, 0.70656371, 0.7992278 ]), 'train_scores': array([[0.99945817, 0.9999894 , 0.99990871, 0.99999586, 0.9999858 ],
       [0.99772848, 0.99718909, 0.99301046, 0.99873383, 0.99338857],
       [0.98868121, 0.97358118, 0.97221952, 0.989558  , 0.97622512],
       [0.98436076, 0.97138874, 0.95883707, 0.98104662, 0.95729791],
       [0.97816216, 0.97288579, 0.95082423, 0.97409677, 0.9539673 ],
       [0.97010564, 0.97360471, 0.94326522, 0.97052741, 0.94802824],
       [0.96779095, 0.9747076 , 0.96705062, 0.95973652, 0.93587254],
       [0.956549  , 0.96247337, 0.96659205, 0.94286022, 0.92732914],
       [0.92409009, 0.92688586, 0.9628123 , 0.95016502, 0.93295866]]), 'test_scores': array([[ 0.29191636,  0.47344645, -0.00191899,  0.20793535, -0.53768251],
       [ 0.30449997,  0.62502709,  0.46792647, -0.07494019, -0.43319765],
       [ 0.63341561,  0.60092386,  0.57738646,  0.39619796,  0.35676897],
       [ 0.74896911,  0.74894204,  0.604716  ,  0.290767  ,  0.75538055],
       [ 0.88141609,  0.79084206,  0.51538625,  0.509406  ,  0.81122109],
       [ 0.82567224,  0.81105646,  0.56347741,  0.62041159,  0.82884337],
       [ 0.84785569,  0.81407615,  0.67388832,  0.69968813,  0.81768673],
       [ 0.87644959,  0.82484925,  0.67737612,  0.77051095,  0.86423327],
       [ 0.89283664,  0.90710335,  0.69698777,  0.80014585,  0.8749498 ]]), 'best_params': 'Default'}, 13: {'train_sizes': array([ 20,  43,  67,  90, 113, 137, 160, 183, 207]), 'train_sizes_fraction': array([0.07722008, 0.16602317, 0.25868726, 0.34749035, 0.43629344,
       0.52895753, 0.61776062, 0.70656371, 0.7992278 ]), 'train_scores': array([[0.99989223, 0.99999771, 0.99998889, 0.99998294, 0.99999987],
       [0.99762675, 0.99541188, 0.99630935, 0.99922701, 0.99617192],
       [0.99130379, 0.97148774, 0.98664448, 0.99512844, 0.99504934],
       [0.98060044, 0.96439787, 0.96842484, 0.98281496, 0.97659756],
       [0.97169942, 0.96313042, 0.946014  , 0.98493298, 0.97310496],
       [0.969581  , 0.94584383, 0.95004504, 0.97317976, 0.96013382],
       [0.9614195 , 0.9379856 , 0.95833012, 0.96841262, 0.96308393],
       [0.96415272, 0.92850383, 0.95376117, 0.9657639 , 0.96315283],
       [0.94184885, 0.9302932 , 0.95973211, 0.93347551, 0.93593525]]), 'test_scores': array([[0.5918145 , 0.04664968, 0.18931825, 0.12146526, 0.33186806],
       [0.78891967, 0.43967348, 0.4572823 , 0.4014402 , 0.76876003],
       [0.8242435 , 0.65504268, 0.51081002, 0.71181887, 0.65090231],
       [0.8506028 , 0.58507508, 0.71164808, 0.80166005, 0.73248693],
       [0.8588085 , 0.65268627, 0.70646312, 0.85386217, 0.74016831],
       [0.87163496, 0.67333836, 0.73249665, 0.85446932, 0.70941137],
       [0.84181383, 0.553609  , 0.72822863, 0.86319669, 0.67188178],
       [0.82101838, 0.89488424, 0.66567414, 0.86355476, 0.78059824],
       [0.88704948, 0.8965572 , 0.66203741, 0.8277436 , 0.8186318 ]]), 'best_params': 'Default'}, 42: {'train_sizes': array([ 20,  43,  67,  90, 113, 137, 160, 183, 207]), 'train_sizes_fraction': array([0.07722008, 0.16602317, 0.25868726, 0.34749035, 0.43629344,
       0.52895753, 0.61776062, 0.70656371, 0.7992278 ]), 'train_scores': array([[0.99999056, 0.99878355, 0.99956151, 0.99999999, 0.99999114],
       [0.9992637 , 0.99671879, 0.99612901, 0.9994001 , 0.99904834],
       [0.99621321, 0.99409609, 0.9939366 , 0.99503734, 0.99437301],
       [0.98245312, 0.96703723, 0.97540505, 0.97726326, 0.97237483],
       [0.9671489 , 0.95988856, 0.96926246, 0.97732521, 0.97024365],
       [0.97219391, 0.9650652 , 0.9543166 , 0.95072642, 0.95745203],
       [0.94684871, 0.96245928, 0.95553448, 0.94042749, 0.9627153 ],
       [0.94384395, 0.94558931, 0.94789764, 0.92652583, 0.96309757],
       [0.93728074, 0.92117406, 0.93132811, 0.92845876, 0.95354327]]), 'test_scores': array([[ 0.41490827, -0.5923147 ,  0.19182912,  0.09407642,  0.55110532],
       [ 0.62256063,  0.31086159,  0.62271908, -0.20556299,  0.51339181],
       [ 0.49514673,  0.39212731,  0.44866948,  0.0107976 ,  0.54643831],
       [ 0.76930548,  0.54190072,  0.47093211,  0.21290584,  0.59325053],
       [ 0.77766705,  0.49118731,  0.61859853,  0.86809077,  0.65729514],
       [ 0.81987462,  0.53165904,  0.74459118,  0.8866284 ,  0.74971609],
       [ 0.86446603,  0.53800917,  0.71048609,  0.86375526,  0.76440281],
       [ 0.88777452,  0.50734666,  0.7193341 ,  0.87757959,  0.72268493],
       [ 0.86320875,  0.87005729,  0.7608539 ,  0.89920868,  0.71727856]]), 'best_params': 'Default'}, 69: {'train_sizes': array([ 20,  43,  67,  90, 113, 137, 160, 183, 207]), 'train_sizes_fraction': array([0.07722008, 0.16602317, 0.25868726, 0.34749035, 0.43629344,
       0.52895753, 0.61776062, 0.70656371, 0.7992278 ]), 'train_scores': array([[0.99999974, 0.99960494, 0.99996888, 0.99999185, 0.99963117],
       [0.99942942, 0.99456556, 0.99954905, 0.99488783, 0.99703866],
       [0.98749792, 0.99240534, 0.99097635, 0.9883575 , 0.98362237],
       [0.97575754, 0.98410917, 0.98079483, 0.98451656, 0.9705009 ],
       [0.97341618, 0.97750994, 0.97338744, 0.97960818, 0.97140255],
       [0.94847963, 0.95389453, 0.95824991, 0.97389406, 0.96155671],
       [0.94891084, 0.95351182, 0.92745484, 0.96732739, 0.93639681],
       [0.93790349, 0.94711155, 0.92036608, 0.96350987, 0.93502038],
       [0.93180719, 0.94662537, 0.92675743, 0.96560146, 0.93807582]]), 'test_scores': array([[ 0.39502666, -0.3420722 ,  0.25605524, -0.13403037,  0.31086127],
       [ 0.59750246,  0.25530083,  0.59232812,  0.2622    ,  0.33987827],
       [ 0.81766753,  0.42081394,  0.80381286,  0.46172796,  0.76185741],
       [ 0.83108354,  0.66826619,  0.86591159,  0.51584584,  0.81298986],
       [ 0.82378938,  0.74020265,  0.87637778,  0.4948907 ,  0.82325788],
       [ 0.87142943,  0.70358084,  0.88542571,  0.56094722,  0.79916962],
       [ 0.91535587,  0.76863714,  0.85905432,  0.51330471,  0.80481237],
       [ 0.92749662,  0.72554107,  0.84867522,  0.53215231,  0.88015179],
       [ 0.91950898,  0.69359645,  0.87613528,  0.5888837 ,  0.86495568]]), 'best_params': 'Default'}, 420: {'train_sizes': array([ 20,  43,  67,  90, 113, 137, 160, 183, 207]), 'train_sizes_fraction': array([0.07722008, 0.16602317, 0.25868726, 0.34749035, 0.43629344,
       0.52895753, 0.61776062, 0.70656371, 0.7992278 ]), 'train_scores': array([[0.9997821 , 0.99983651, 0.99994166, 0.99999999, 0.99998567],
       [0.99791138, 0.99813435, 0.99566746, 0.99791831, 0.99913014],
       [0.96792469, 0.98844126, 0.99384081, 0.99095423, 0.99402358],
       [0.96950713, 0.97955319, 0.99187199, 0.98184253, 0.98938085],
       [0.96469418, 0.96195929, 0.97323624, 0.96952201, 0.97822174],
       [0.94709243, 0.96599075, 0.97466864, 0.95986787, 0.97645782],
       [0.94493094, 0.94907051, 0.95581694, 0.930917  , 0.97185371],
       [0.92716805, 0.94688649, 0.94994601, 0.936404  , 0.96018363],
       [0.92905661, 0.94895461, 0.95144845, 0.93694   , 0.94576254]]), 'test_scores': array([[ 0.4664737 , -0.14093005,  0.64543008,  0.22097944,  0.12442036],
       [ 0.63385099,  0.52768557,  0.2615728 , -0.18313164,  0.3571277 ],
       [ 0.64176832,  0.67154808,  0.51579702,  0.00263134,  0.66625245],
       [ 0.79058747,  0.71102096,  0.43701299,  0.30712183,  0.57718553],
       [ 0.77864121,  0.79301995,  0.44019669,  0.56900881,  0.45244786],
       [ 0.85240415,  0.87676577,  0.46788524,  0.71858156,  0.57711211],
       [ 0.8335023 ,  0.89043855,  0.56043775,  0.81985459,  0.62299719],
       [ 0.87568694,  0.9022143 ,  0.75502552,  0.84626876,  0.68908623],
       [ 0.85411136,  0.90659272,  0.75625794,  0.88588292,  0.72075414]]), 'best_params': 'Default'}, 1234567890: {'train_sizes': array([ 20,  43,  67,  90, 113, 137, 160, 183, 207]), 'train_sizes_fraction': array([0.07722008, 0.16602317, 0.25868726, 0.34749035, 0.43629344,
       0.52895753, 0.61776062, 0.70656371, 0.7992278 ]), 'train_scores': array([[0.99996358, 0.9999904 , 0.99993215, 0.99999961, 0.99995919],
       [0.99859641, 0.99907839, 0.99653694, 0.99519191, 0.99926998],
       [0.99574801, 0.99202376, 0.98695393, 0.98868514, 0.99551513],
       [0.99228331, 0.98258171, 0.96155069, 0.94858718, 0.98875204],
       [0.99039063, 0.97467422, 0.95833789, 0.92545041, 0.98246506],
       [0.98098626, 0.96163191, 0.95985204, 0.93166138, 0.96778304],
       [0.94998476, 0.94943358, 0.94562615, 0.93072914, 0.96918159],
       [0.95244117, 0.93280615, 0.9585219 , 0.93658479, 0.9575085 ],
       [0.93968062, 0.92537454, 0.95160325, 0.91795842, 0.95874304]]), 'test_scores': array([[-0.26669287,  0.6691941 ,  0.5056724 ,  0.03723162,  0.2105451 ],
       [ 0.22010485,  0.42049905,  0.49994319,  0.60178409,  0.42802072],
       [ 0.36309782,  0.75109694,  0.38752742,  0.6949697 ,  0.4661379 ],
       [ 0.52233176,  0.80602943,  0.81644243,  0.87882029,  0.49078021],
       [ 0.59747782,  0.85858563,  0.84539082,  0.91490796,  0.53368169],
       [ 0.69780821,  0.82585169,  0.82168828,  0.92193981,  0.63351614],
       [ 0.78000943,  0.89691029,  0.8527969 ,  0.92162432,  0.65019789],
       [ 0.77157084,  0.91770232,  0.85646531,  0.93577905,  0.70552798],
       [ 0.8580895 ,  0.92424393,  0.85790395,  0.93575201,  0.68797163]]), 'best_params': 'Default'}}
 REGRESSOR NGB, 	SEED:, 473129
{6: {'train_sizes': array([ 20,  43,  67,  90, 113, 137, 160, 183, 207]), 'train_sizes_fraction': array([0.07722008, 0.16602317, 0.25868726, 0.34749035, 0.43629344,
       0.52895753, 0.61776062, 0.70656371, 0.7992278 ]), 'train_scores': array([[0.99945817, 0.9999894 , 0.99990871, 0.99999586, 0.9999858 ],
       [0.99772848, 0.99718909, 0.99301046, 0.99873383, 0.99338857],
       [0.98868121, 0.97358118, 0.97221952, 0.989558  , 0.97622512],
       [0.98436076, 0.97138874, 0.95883707, 0.98104662, 0.95729791],
       [0.97816216, 0.97288579, 0.95082423, 0.97409677, 0.9539673 ],
       [0.97010564, 0.97360471, 0.94326522, 0.97052741, 0.94802824],
       [0.96779095, 0.9747076 , 0.96705062, 0.95973652, 0.93587254],
       [0.956549  , 0.96247337, 0.96659205, 0.94286022, 0.92732914],
       [0.92409009, 0.92688586, 0.9628123 , 0.95016502, 0.93295866]]), 'test_scores': array([[ 0.29191636,  0.47344645, -0.00191899,  0.20793535, -0.53768251],
       [ 0.30449997,  0.62502709,  0.46792647, -0.07494019, -0.43319765],
       [ 0.63341561,  0.60092386,  0.57738646,  0.39619796,  0.35676897],
       [ 0.74896911,  0.74894204,  0.604716  ,  0.290767  ,  0.75538055],
       [ 0.88141609,  0.79084206,  0.51538625,  0.509406  ,  0.81122109],
       [ 0.82567224,  0.81105646,  0.56347741,  0.62041159,  0.82884337],
       [ 0.84785569,  0.81407615,  0.67388832,  0.69968813,  0.81768673],
       [ 0.87644959,  0.82484925,  0.67737612,  0.77051095,  0.86423327],
       [ 0.89283664,  0.90710335,  0.69698777,  0.80014585,  0.8749498 ]]), 'best_params': 'Default'}, 13: {'train_sizes': array([ 20,  43,  67,  90, 113, 137, 160, 183, 207]), 'train_sizes_fraction': array([0.07722008, 0.16602317, 0.25868726, 0.34749035, 0.43629344,
       0.52895753, 0.61776062, 0.70656371, 0.7992278 ]), 'train_scores': array([[0.99989223, 0.99999771, 0.99998889, 0.99998294, 0.99999987],
       [0.99762675, 0.99541188, 0.99630935, 0.99922701, 0.99617192],
       [0.99130379, 0.97148774, 0.98664448, 0.99512844, 0.99504934],
       [0.98060044, 0.96439787, 0.96842484, 0.98281496, 0.97659756],
       [0.97169942, 0.96313042, 0.946014  , 0.98493298, 0.97310496],
       [0.969581  , 0.94584383, 0.95004504, 0.97317976, 0.96013382],
       [0.9614195 , 0.9379856 , 0.95833012, 0.96841262, 0.96308393],
       [0.96415272, 0.92850383, 0.95376117, 0.9657639 , 0.96315283],
       [0.94184885, 0.9302932 , 0.95973211, 0.93347551, 0.93593525]]), 'test_scores': array([[0.5918145 , 0.04664968, 0.18931825, 0.12146526, 0.33186806],
       [0.78891967, 0.43967348, 0.4572823 , 0.4014402 , 0.76876003],
       [0.8242435 , 0.65504268, 0.51081002, 0.71181887, 0.65090231],
       [0.8506028 , 0.58507508, 0.71164808, 0.80166005, 0.73248693],
       [0.8588085 , 0.65268627, 0.70646312, 0.85386217, 0.74016831],
       [0.87163496, 0.67333836, 0.73249665, 0.85446932, 0.70941137],
       [0.84181383, 0.553609  , 0.72822863, 0.86319669, 0.67188178],
       [0.82101838, 0.89488424, 0.66567414, 0.86355476, 0.78059824],
       [0.88704948, 0.8965572 , 0.66203741, 0.8277436 , 0.8186318 ]]), 'best_params': 'Default'}, 42: {'train_sizes': array([ 20,  43,  67,  90, 113, 137, 160, 183, 207]), 'train_sizes_fraction': array([0.07722008, 0.16602317, 0.25868726, 0.34749035, 0.43629344,
       0.52895753, 0.61776062, 0.70656371, 0.7992278 ]), 'train_scores': array([[0.99999056, 0.99878355, 0.99956151, 0.99999999, 0.99999114],
       [0.9992637 , 0.99671879, 0.99612901, 0.9994001 , 0.99904834],
       [0.99621321, 0.99409609, 0.9939366 , 0.99503734, 0.99437301],
       [0.98245312, 0.96703723, 0.97540505, 0.97726326, 0.97237483],
       [0.9671489 , 0.95988856, 0.96926246, 0.97732521, 0.97024365],
       [0.97219391, 0.9650652 , 0.9543166 , 0.95072642, 0.95745203],
       [0.94684871, 0.96245928, 0.95553448, 0.94042749, 0.9627153 ],
       [0.94384395, 0.94558931, 0.94789764, 0.92652583, 0.96309757],
       [0.93728074, 0.92117406, 0.93132811, 0.92845876, 0.95354327]]), 'test_scores': array([[ 0.41490827, -0.5923147 ,  0.19182912,  0.09407642,  0.55110532],
       [ 0.62256063,  0.31086159,  0.62271908, -0.20556299,  0.51339181],
       [ 0.49514673,  0.39212731,  0.44866948,  0.0107976 ,  0.54643831],
       [ 0.76930548,  0.54190072,  0.47093211,  0.21290584,  0.59325053],
       [ 0.77766705,  0.49118731,  0.61859853,  0.86809077,  0.65729514],
       [ 0.81987462,  0.53165904,  0.74459118,  0.8866284 ,  0.74971609],
       [ 0.86446603,  0.53800917,  0.71048609,  0.86375526,  0.76440281],
       [ 0.88777452,  0.50734666,  0.7193341 ,  0.87757959,  0.72268493],
       [ 0.86320875,  0.87005729,  0.7608539 ,  0.89920868,  0.71727856]]), 'best_params': 'Default'}, 69: {'train_sizes': array([ 20,  43,  67,  90, 113, 137, 160, 183, 207]), 'train_sizes_fraction': array([0.07722008, 0.16602317, 0.25868726, 0.34749035, 0.43629344,
       0.52895753, 0.61776062, 0.70656371, 0.7992278 ]), 'train_scores': array([[0.99999974, 0.99960494, 0.99996888, 0.99999185, 0.99963117],
       [0.99942942, 0.99456556, 0.99954905, 0.99488783, 0.99703866],
       [0.98749792, 0.99240534, 0.99097635, 0.9883575 , 0.98362237],
       [0.97575754, 0.98410917, 0.98079483, 0.98451656, 0.9705009 ],
       [0.97341618, 0.97750994, 0.97338744, 0.97960818, 0.97140255],
       [0.94847963, 0.95389453, 0.95824991, 0.97389406, 0.96155671],
       [0.94891084, 0.95351182, 0.92745484, 0.96732739, 0.93639681],
       [0.93790349, 0.94711155, 0.92036608, 0.96350987, 0.93502038],
       [0.93180719, 0.94662537, 0.92675743, 0.96560146, 0.93807582]]), 'test_scores': array([[ 0.39502666, -0.3420722 ,  0.25605524, -0.13403037,  0.31086127],
       [ 0.59750246,  0.25530083,  0.59232812,  0.2622    ,  0.33987827],
       [ 0.81766753,  0.42081394,  0.80381286,  0.46172796,  0.76185741],
       [ 0.83108354,  0.66826619,  0.86591159,  0.51584584,  0.81298986],
       [ 0.82378938,  0.74020265,  0.87637778,  0.4948907 ,  0.82325788],
       [ 0.87142943,  0.70358084,  0.88542571,  0.56094722,  0.79916962],
       [ 0.91535587,  0.76863714,  0.85905432,  0.51330471,  0.80481237],
       [ 0.92749662,  0.72554107,  0.84867522,  0.53215231,  0.88015179],
       [ 0.91950898,  0.69359645,  0.87613528,  0.5888837 ,  0.86495568]]), 'best_params': 'Default'}, 420: {'train_sizes': array([ 20,  43,  67,  90, 113, 137, 160, 183, 207]), 'train_sizes_fraction': array([0.07722008, 0.16602317, 0.25868726, 0.34749035, 0.43629344,
       0.52895753, 0.61776062, 0.70656371, 0.7992278 ]), 'train_scores': array([[0.9997821 , 0.99983651, 0.99994166, 0.99999999, 0.99998567],
       [0.99791138, 0.99813435, 0.99566746, 0.99791831, 0.99913014],
       [0.96792469, 0.98844126, 0.99384081, 0.99095423, 0.99402358],
       [0.96950713, 0.97955319, 0.99187199, 0.98184253, 0.98938085],
       [0.96469418, 0.96195929, 0.97323624, 0.96952201, 0.97822174],
       [0.94709243, 0.96599075, 0.97466864, 0.95986787, 0.97645782],
       [0.94493094, 0.94907051, 0.95581694, 0.930917  , 0.97185371],
       [0.92716805, 0.94688649, 0.94994601, 0.936404  , 0.96018363],
       [0.92905661, 0.94895461, 0.95144845, 0.93694   , 0.94576254]]), 'test_scores': array([[ 0.4664737 , -0.14093005,  0.64543008,  0.22097944,  0.12442036],
       [ 0.63385099,  0.52768557,  0.2615728 , -0.18313164,  0.3571277 ],
       [ 0.64176832,  0.67154808,  0.51579702,  0.00263134,  0.66625245],
       [ 0.79058747,  0.71102096,  0.43701299,  0.30712183,  0.57718553],
       [ 0.77864121,  0.79301995,  0.44019669,  0.56900881,  0.45244786],
       [ 0.85240415,  0.87676577,  0.46788524,  0.71858156,  0.57711211],
       [ 0.8335023 ,  0.89043855,  0.56043775,  0.81985459,  0.62299719],
       [ 0.87568694,  0.9022143 ,  0.75502552,  0.84626876,  0.68908623],
       [ 0.85411136,  0.90659272,  0.75625794,  0.88588292,  0.72075414]]), 'best_params': 'Default'}, 1234567890: {'train_sizes': array([ 20,  43,  67,  90, 113, 137, 160, 183, 207]), 'train_sizes_fraction': array([0.07722008, 0.16602317, 0.25868726, 0.34749035, 0.43629344,
       0.52895753, 0.61776062, 0.70656371, 0.7992278 ]), 'train_scores': array([[0.99996358, 0.9999904 , 0.99993215, 0.99999961, 0.99995919],
       [0.99859641, 0.99907839, 0.99653694, 0.99519191, 0.99926998],
       [0.99574801, 0.99202376, 0.98695393, 0.98868514, 0.99551513],
       [0.99228331, 0.98258171, 0.96155069, 0.94858718, 0.98875204],
       [0.99039063, 0.97467422, 0.95833789, 0.92545041, 0.98246506],
       [0.98098626, 0.96163191, 0.95985204, 0.93166138, 0.96778304],
       [0.94998476, 0.94943358, 0.94562615, 0.93072914, 0.96918159],
       [0.95244117, 0.93280615, 0.9585219 , 0.93658479, 0.9575085 ],
       [0.93968062, 0.92537454, 0.95160325, 0.91795842, 0.95874304]]), 'test_scores': array([[-0.26669287,  0.6691941 ,  0.5056724 ,  0.03723162,  0.2105451 ],
       [ 0.22010485,  0.42049905,  0.49994319,  0.60178409,  0.42802072],
       [ 0.36309782,  0.75109694,  0.38752742,  0.6949697 ,  0.4661379 ],
       [ 0.52233176,  0.80602943,  0.81644243,  0.87882029,  0.49078021],
       [ 0.59747782,  0.85858563,  0.84539082,  0.91490796,  0.53368169],
       [ 0.69780821,  0.82585169,  0.82168828,  0.92193981,  0.63351614],
       [ 0.78000943,  0.89691029,  0.8527969 ,  0.92162432,  0.65019789],
       [ 0.77157084,  0.91770232,  0.85646531,  0.93577905,  0.70552798],
       [ 0.8580895 ,  0.92424393,  0.85790395,  0.93575201,  0.68797163]]), 'best_params': 'Default'}, 473129: {'train_sizes': array([ 20,  43,  67,  90, 113, 137, 160, 183, 207]), 'train_sizes_fraction': array([0.07722008, 0.16602317, 0.25868726, 0.34749035, 0.43629344,
       0.52895753, 0.61776062, 0.70656371, 0.7992278 ]), 'train_scores': array([[0.99995107, 0.99995617, 0.99982232, 0.99999735, 0.9999027 ],
       [0.99481229, 0.99940148, 0.99837678, 0.99933512, 0.99898089],
       [0.98931102, 0.99425239, 0.99269336, 0.98733531, 0.99446159],
       [0.97528164, 0.98916219, 0.97157348, 0.97879974, 0.98973282],
       [0.97231035, 0.97331473, 0.96993263, 0.96363546, 0.9864779 ],
       [0.96236761, 0.95992294, 0.96282581, 0.96149297, 0.95710881],
       [0.95581102, 0.95408845, 0.95549634, 0.95869302, 0.96255199],
       [0.95001924, 0.95112148, 0.95415047, 0.95107207, 0.9462863 ],
       [0.95212493, 0.93728919, 0.94867792, 0.9230378 , 0.94662042]]), 'test_scores': array([[ 0.2122502 , -0.37522755, -0.24229153,  0.39664468, -0.65412384],
       [ 0.36551268,  0.48615989,  0.53051211,  0.26107831, -0.16636935],
       [ 0.59770664,  0.78590533,  0.73331594,  0.83816234, -0.12891434],
       [ 0.61536401,  0.7562744 ,  0.63313705,  0.86149439,  0.51043864],
       [ 0.59460732,  0.75906059,  0.79198861,  0.91924763,  0.56825812],
       [ 0.60124638,  0.73683888,  0.89261593,  0.8963491 ,  0.86512562],
       [ 0.66284022,  0.82803951,  0.87604777,  0.90044858,  0.87961208],
       [ 0.66848595,  0.87713883,  0.88663115,  0.90665885,  0.87517973],
       [ 0.65504635,  0.88682346,  0.88792757,  0.87894273,  0.88251372]]), 'best_params': 'Default'}}
Filename: (Mordred-Mw-PDI-concentration-temperature-polymer dP-polymer dD-polymer dH-solvent dP-solvent dD-solvent dH)_NGB_hypOFF_Standard_lc
Done Saving scores!

------------------------------------------------------------
Sender: LSF System <lsfadmin@c020n01>
Subject: Job 786356: <structure_numerical_mordred_NGB_generalizibility_wo_hypo> in cluster <Hazel> Done

Job <structure_numerical_mordred_NGB_generalizibility_wo_hypo> was submitted from host <c003n04> by user <sdehgha2> in cluster <Hazel> at Mon Apr  7 13:31:09 2025
Job was executed on host(s) <1*c020n01>, in queue <single_chassis>, as user <sdehgha2> in cluster <Hazel> at Mon Apr  7 13:31:09 2025
                            <1*c020n04>
                            <1*c018n03>
                            <1*c026n04>
                            <1*c025n02>
                            <1*c016n02>
</home/sdehgha2> was used as the home directory.
</share/ddomlab/sdehgha2/working-space/main/P1_pls-dataset/pls-dataset-space/PLS-Dataset/code_/training/hpc_submit_generalizibility> was used as the working directory.
Started at Mon Apr  7 13:31:09 2025
Terminated at Mon Apr  7 13:34:42 2025
Results reported at Mon Apr  7 13:34:42 2025

Your job looked like:

------------------------------------------------------------
# LSBATCH: User input

#BSUB -n 6
#BSUB -W 7:01
#BSUB -R span[ptile=1]
#BSUB -R "rusage[mem=16GB]"
#BSUB -J "structure_numerical_mordred_NGB_generalizibility_wo_hypo"  
#BSUB -o "/share/ddomlab/sdehgha2/working-space/main/P1_pls-dataset/pls-dataset-space/PLS-Dataset/results/hpc_20250407/structure_numerical_mordred_generalizability_NGB_wo_hypo.out"
#BSUB -e "/share/ddomlab/sdehgha2/working-space/main/P1_pls-dataset/pls-dataset-space/PLS-Dataset/results/hpc_20250407/structure_numerical_mordred_generalizability_NGB_wo_hypo.err"

source ~/.bashrc
conda activate /usr/local/usrapps/ddomlab/sdehgha2/pls-dataset-env

python ../train_structure_numerical_leaning_curve.py --target_features "log Rg (nm)"                                                     --representation "Mordred"                                                     --regressor_type "NGB"                                                     --oligomer_representation "Trimer"                                                     --numerical_feats 'Mw (g/mol)' 'PDI' 'Concentration (mg/ml)' 'Temperature SANS/SLS/DLS/SEC (K)' "polymer dP" "polymer dD" "polymer dH" 'solvent dP' 'solvent dD' 'solvent dH' 

------------------------------------------------------------

Successfully completed.

Resource usage summary:

    CPU time :                                   2499.19 sec.
    Max Memory :                                 3 GB
    Average Memory :                             2.00 GB
    Total Requested Memory :                     96.00 GB
    Delta Memory :                               93.00 GB
    Max Swap :                                   -
    Max Processes :                              38
    Max Threads :                                41
    Run time :                                   228 sec.
    Turnaround time :                            213 sec.

The output (if any) is above this job summary.



PS:

Read file </share/ddomlab/sdehgha2/working-space/main/P1_pls-dataset/pls-dataset-space/PLS-Dataset/results/hpc_20250407/structure_numerical_mordred_generalizability_NGB_wo_hypo.err> for stderr output of this job.

