/gpfs_common/share03/ddomlab/sdehgha2/working-space/main/P1_pls-dataset/pls-dataset-space/PLS-Dataset/code_/training/scoring.py:70: ConstantInputWarning: An input array is constant; the correlation coefficient is not defined.
  r = pearsonr(y_true, y_pred)[0]
/gpfs_common/share03/ddomlab/sdehgha2/working-space/main/P1_pls-dataset/pls-dataset-space/PLS-Dataset/code_/training/scoring.py:70: ConstantInputWarning: An input array is constant; the correlation coefficient is not defined.
  r = pearsonr(y_true, y_pred)[0]
/gpfs_common/share03/ddomlab/sdehgha2/working-space/main/P1_pls-dataset/pls-dataset-space/PLS-Dataset/code_/training/scoring.py:70: ConstantInputWarning: An input array is constant; the correlation coefficient is not defined.
  r = pearsonr(y_true, y_pred)[0]
/gpfs_common/share03/ddomlab/sdehgha2/working-space/main/P1_pls-dataset/pls-dataset-space/PLS-Dataset/code_/training/scoring.py:70: ConstantInputWarning: An input array is constant; the correlation coefficient is not defined.
  r = pearsonr(y_true, y_pred)[0]
/gpfs_common/share03/ddomlab/sdehgha2/working-space/main/P1_pls-dataset/pls-dataset-space/PLS-Dataset/code_/training/scoring.py:70: ConstantInputWarning: An input array is constant; the correlation coefficient is not defined.
  r = pearsonr(y_true, y_pred)[0]
/gpfs_common/share03/ddomlab/sdehgha2/working-space/main/P1_pls-dataset/pls-dataset-space/PLS-Dataset/code_/training/scoring.py:70: ConstantInputWarning: An input array is constant; the correlation coefficient is not defined.
  r = pearsonr(y_true, y_pred)[0]
/gpfs_common/share03/ddomlab/sdehgha2/working-space/main/P1_pls-dataset/pls-dataset-space/PLS-Dataset/code_/training/scoring.py:70: ConstantInputWarning: An input array is constant; the correlation coefficient is not defined.
  r = pearsonr(y_true, y_pred)[0]
/gpfs_common/share03/ddomlab/sdehgha2/working-space/main/P1_pls-dataset/pls-dataset-space/PLS-Dataset/code_/training/scoring.py:70: ConstantInputWarning: An input array is constant; the correlation coefficient is not defined.
  r = pearsonr(y_true, y_pred)[0]
/gpfs_common/share03/ddomlab/sdehgha2/working-space/main/P1_pls-dataset/pls-dataset-space/PLS-Dataset/code_/training/scoring.py:70: ConstantInputWarning: An input array is constant; the correlation coefficient is not defined.
  r = pearsonr(y_true, y_pred)[0]
/gpfs_common/share03/ddomlab/sdehgha2/working-space/main/P1_pls-dataset/pls-dataset-space/PLS-Dataset/code_/training/scoring.py:70: ConstantInputWarning: An input array is constant; the correlation coefficient is not defined.
  r = pearsonr(y_true, y_pred)[0]
/gpfs_common/share03/ddomlab/sdehgha2/working-space/main/P1_pls-dataset/pls-dataset-space/PLS-Dataset/code_/training/scoring.py:70: ConstantInputWarning: An input array is constant; the correlation coefficient is not defined.
  r = pearsonr(y_true, y_pred)[0]
/gpfs_common/share03/ddomlab/sdehgha2/working-space/main/P1_pls-dataset/pls-dataset-space/PLS-Dataset/code_/training/scoring.py:70: ConstantInputWarning: An input array is constant; the correlation coefficient is not defined.
  r = pearsonr(y_true, y_pred)[0]
/gpfs_common/share03/ddomlab/sdehgha2/working-space/main/P1_pls-dataset/pls-dataset-space/PLS-Dataset/code_/training/scoring.py:70: ConstantInputWarning: An input array is constant; the correlation coefficient is not defined.
  r = pearsonr(y_true, y_pred)[0]
/gpfs_common/share03/ddomlab/sdehgha2/working-space/main/P1_pls-dataset/pls-dataset-space/PLS-Dataset/code_/training/scoring.py:70: ConstantInputWarning: An input array is constant; the correlation coefficient is not defined.
  r = pearsonr(y_true, y_pred)[0]
/gpfs_common/share03/ddomlab/sdehgha2/working-space/main/P1_pls-dataset/pls-dataset-space/PLS-Dataset/code_/training/scoring.py:70: ConstantInputWarning: An input array is constant; the correlation coefficient is not defined.
  r = pearsonr(y_true, y_pred)[0]
/gpfs_common/share03/ddomlab/sdehgha2/working-space/main/P1_pls-dataset/pls-dataset-space/PLS-Dataset/code_/training/scoring.py:70: ConstantInputWarning: An input array is constant; the correlation coefficient is not defined.
  r = pearsonr(y_true, y_pred)[0]
/gpfs_common/share03/ddomlab/sdehgha2/working-space/main/P1_pls-dataset/pls-dataset-space/PLS-Dataset/code_/training/scoring.py:70: ConstantInputWarning: An input array is constant; the correlation coefficient is not defined.
  r = pearsonr(y_true, y_pred)[0]
/gpfs_common/share03/ddomlab/sdehgha2/working-space/main/P1_pls-dataset/pls-dataset-space/PLS-Dataset/code_/training/scoring.py:70: ConstantInputWarning: An input array is constant; the correlation coefficient is not defined.
  r = pearsonr(y_true, y_pred)[0]
/gpfs_common/share03/ddomlab/sdehgha2/working-space/main/P1_pls-dataset/pls-dataset-space/PLS-Dataset/code_/training/scoring.py:70: ConstantInputWarning: An input array is constant; the correlation coefficient is not defined.
  r = pearsonr(y_true, y_pred)[0]
/gpfs_common/share03/ddomlab/sdehgha2/working-space/main/P1_pls-dataset/pls-dataset-space/PLS-Dataset/code_/training/scoring.py:70: ConstantInputWarning: An input array is constant; the correlation coefficient is not defined.
  r = pearsonr(y_true, y_pred)[0]
/gpfs_common/share03/ddomlab/sdehgha2/working-space/main/P1_pls-dataset/pls-dataset-space/PLS-Dataset/code_/training/scoring.py:70: ConstantInputWarning: An input array is constant; the correlation coefficient is not defined.
  r = pearsonr(y_true, y_pred)[0]
/gpfs_common/share03/ddomlab/sdehgha2/working-space/main/P1_pls-dataset/pls-dataset-space/PLS-Dataset/code_/training/scoring.py:70: ConstantInputWarning: An input array is constant; the correlation coefficient is not defined.
  r = pearsonr(y_true, y_pred)[0]
/gpfs_common/share03/ddomlab/sdehgha2/working-space/main/P1_pls-dataset/pls-dataset-space/PLS-Dataset/code_/training/scoring.py:70: ConstantInputWarning: An input array is constant; the correlation coefficient is not defined.
  r = pearsonr(y_true, y_pred)[0]
/gpfs_common/share03/ddomlab/sdehgha2/working-space/main/P1_pls-dataset/pls-dataset-space/PLS-Dataset/code_/training/scoring.py:70: ConstantInputWarning: An input array is constant; the correlation coefficient is not defined.
  r = pearsonr(y_true, y_pred)[0]
/gpfs_common/share03/ddomlab/sdehgha2/working-space/main/P1_pls-dataset/pls-dataset-space/PLS-Dataset/code_/training/scoring.py:70: ConstantInputWarning: An input array is constant; the correlation coefficient is not defined.
  r = pearsonr(y_true, y_pred)[0]
/gpfs_common/share03/ddomlab/sdehgha2/working-space/main/P1_pls-dataset/pls-dataset-space/PLS-Dataset/code_/training/scoring.py:70: ConstantInputWarning: An input array is constant; the correlation coefficient is not defined.
  r = pearsonr(y_true, y_pred)[0]
/gpfs_common/share03/ddomlab/sdehgha2/working-space/main/P1_pls-dataset/pls-dataset-space/PLS-Dataset/code_/training/scoring.py:70: ConstantInputWarning: An input array is constant; the correlation coefficient is not defined.
  r = pearsonr(y_true, y_pred)[0]
/gpfs_common/share03/ddomlab/sdehgha2/working-space/main/P1_pls-dataset/pls-dataset-space/PLS-Dataset/code_/training/scoring.py:70: ConstantInputWarning: An input array is constant; the correlation coefficient is not defined.
  r = pearsonr(y_true, y_pred)[0]
/gpfs_common/share03/ddomlab/sdehgha2/working-space/main/P1_pls-dataset/pls-dataset-space/PLS-Dataset/code_/training/scoring.py:70: ConstantInputWarning: An input array is constant; the correlation coefficient is not defined.
  r = pearsonr(y_true, y_pred)[0]
/gpfs_common/share03/ddomlab/sdehgha2/working-space/main/P1_pls-dataset/pls-dataset-space/PLS-Dataset/code_/training/scoring.py:70: ConstantInputWarning: An input array is constant; the correlation coefficient is not defined.
  r = pearsonr(y_true, y_pred)[0]
Traceback (most recent call last):
  File "/gpfs_common/share03/ddomlab/sdehgha2/working-space/main/P1_pls-dataset/pls-dataset-space/PLS-Dataset/code_/training/hpc_submit_training_Rh/../train_numerical_only.py", line 155, in <module>
    main_numerical_only(
  File "/gpfs_common/share03/ddomlab/sdehgha2/working-space/main/P1_pls-dataset/pls-dataset-space/PLS-Dataset/code_/training/hpc_submit_training_Rh/../train_numerical_only.py", line 53, in main_numerical_only
    save_results(scores,
  File "/gpfs_common/share03/ddomlab/sdehgha2/working-space/main/P1_pls-dataset/pls-dataset-space/PLS-Dataset/code_/training/data_handling.py", line 165, in save_results
    _save(scores=scores,
  File "/gpfs_common/share03/ddomlab/sdehgha2/working-space/main/P1_pls-dataset/pls-dataset-space/PLS-Dataset/code_/training/data_handling.py", line 101, in _save
    with open(scores_file, "w") as f:
OSError: [Errno 28] No space left on device: '/gpfs_common/share03/ddomlab/sdehgha2/working-space/main/P1_pls-dataset/pls-dataset-space/PLS-Dataset/results/target_Rh/scaler/(polymer dP-polymer dD-polymer dH-solvent dP-solvent dD-solvent dH)_DT_Standard_scores.json'
