


OPTIMIZING HYPERPARAMETERS FOR REGRESSOR RF 	SEED: 6


Best parameters: OrderedDict([('regressor__regressor__max_depth', None), ('regressor__regressor__max_features', 'sqrt'), ('regressor__regressor__min_samples_leaf', 0.001), ('regressor__regressor__min_samples_split', 0.001), ('regressor__regressor__n_estimators', 1073)])





OPTIMIZING HYPERPARAMETERS FOR REGRESSOR RF 	SEED: 6


Best parameters: OrderedDict([('regressor__regressor__max_depth', None), ('regressor__regressor__max_features', None), ('regressor__regressor__min_samples_leaf', 0.001), ('regressor__regressor__min_samples_split', 0.001), ('regressor__regressor__n_estimators', 307)])





OPTIMIZING HYPERPARAMETERS FOR REGRESSOR RF 	SEED: 6


Best parameters: OrderedDict([('regressor__regressor__max_depth', None), ('regressor__regressor__max_features', None), ('regressor__regressor__min_samples_leaf', 0.001), ('regressor__regressor__min_samples_split', 0.001), ('regressor__regressor__n_estimators', 2000)])





OPTIMIZING HYPERPARAMETERS FOR REGRESSOR RF 	SEED: 6


Best parameters: OrderedDict([('regressor__regressor__max_depth', None), ('regressor__regressor__max_features', None), ('regressor__regressor__min_samples_leaf', 0.001), ('regressor__regressor__min_samples_split', 0.001), ('regressor__regressor__n_estimators', 246)])





OPTIMIZING HYPERPARAMETERS FOR REGRESSOR RF 	SEED: 6


Best parameters: OrderedDict([('regressor__regressor__max_depth', None), ('regressor__regressor__max_features', 'log2'), ('regressor__regressor__min_samples_leaf', 0.004266866136984838), ('regressor__regressor__min_samples_split', 0.0073970509058953115), ('regressor__regressor__n_estimators', 13)])





OPTIMIZING HYPERPARAMETERS FOR REGRESSOR RF 	SEED: 13


Best parameters: OrderedDict([('regressor__regressor__max_depth', None), ('regressor__regressor__max_features', None), ('regressor__regressor__min_samples_leaf', 0.001), ('regressor__regressor__min_samples_split', 0.001), ('regressor__regressor__n_estimators', 842)])





OPTIMIZING HYPERPARAMETERS FOR REGRESSOR RF 	SEED: 13


Best parameters: OrderedDict([('regressor__regressor__max_depth', None), ('regressor__regressor__max_features', None), ('regressor__regressor__min_samples_leaf', 0.001), ('regressor__regressor__min_samples_split', 0.001), ('regressor__regressor__n_estimators', 2000)])





OPTIMIZING HYPERPARAMETERS FOR REGRESSOR RF 	SEED: 13


Best parameters: OrderedDict([('regressor__regressor__max_depth', None), ('regressor__regressor__max_features', None), ('regressor__regressor__min_samples_leaf', 0.001), ('regressor__regressor__min_samples_split', 0.001), ('regressor__regressor__n_estimators', 2000)])





OPTIMIZING HYPERPARAMETERS FOR REGRESSOR RF 	SEED: 13


Best parameters: OrderedDict([('regressor__regressor__max_depth', None), ('regressor__regressor__max_features', None), ('regressor__regressor__min_samples_leaf', 0.001), ('regressor__regressor__min_samples_split', 0.001), ('regressor__regressor__n_estimators', 2000)])





OPTIMIZING HYPERPARAMETERS FOR REGRESSOR RF 	SEED: 13


Best parameters: OrderedDict([('regressor__regressor__max_depth', None), ('regressor__regressor__max_features', None), ('regressor__regressor__min_samples_leaf', 0.0037996049129048796), ('regressor__regressor__min_samples_split', 0.009212031592174194), ('regressor__regressor__n_estimators', 17)])





OPTIMIZING HYPERPARAMETERS FOR REGRESSOR RF 	SEED: 42


Best parameters: OrderedDict([('regressor__regressor__max_depth', None), ('regressor__regressor__max_features', None), ('regressor__regressor__min_samples_leaf', 0.001), ('regressor__regressor__min_samples_split', 0.001), ('regressor__regressor__n_estimators', 154)])





OPTIMIZING HYPERPARAMETERS FOR REGRESSOR RF 	SEED: 42


Best parameters: OrderedDict([('regressor__regressor__max_depth', None), ('regressor__regressor__max_features', None), ('regressor__regressor__min_samples_leaf', 0.004459375261573199), ('regressor__regressor__min_samples_split', 0.02388225945678278), ('regressor__regressor__n_estimators', 20)])





OPTIMIZING HYPERPARAMETERS FOR REGRESSOR RF 	SEED: 42


Best parameters: OrderedDict([('regressor__regressor__max_depth', None), ('regressor__regressor__max_features', None), ('regressor__regressor__min_samples_leaf', 0.001), ('regressor__regressor__min_samples_split', 0.001), ('regressor__regressor__n_estimators', 2000)])





OPTIMIZING HYPERPARAMETERS FOR REGRESSOR RF 	SEED: 42


Best parameters: OrderedDict([('regressor__regressor__max_depth', None), ('regressor__regressor__max_features', None), ('regressor__regressor__min_samples_leaf', 0.001), ('regressor__regressor__min_samples_split', 0.001), ('regressor__regressor__n_estimators', 2000)])





OPTIMIZING HYPERPARAMETERS FOR REGRESSOR RF 	SEED: 42


Best parameters: OrderedDict([('regressor__regressor__max_depth', None), ('regressor__regressor__max_features', None), ('regressor__regressor__min_samples_leaf', 0.001), ('regressor__regressor__min_samples_split', 0.001), ('regressor__regressor__n_estimators', 2000)])





OPTIMIZING HYPERPARAMETERS FOR REGRESSOR RF 	SEED: 69


Best parameters: OrderedDict([('regressor__regressor__max_depth', None), ('regressor__regressor__max_features', None), ('regressor__regressor__min_samples_leaf', 0.001), ('regressor__regressor__min_samples_split', 0.001), ('regressor__regressor__n_estimators', 2000)])





OPTIMIZING HYPERPARAMETERS FOR REGRESSOR RF 	SEED: 69


Best parameters: OrderedDict([('regressor__regressor__max_depth', None), ('regressor__regressor__max_features', None), ('regressor__regressor__min_samples_leaf', 0.001), ('regressor__regressor__min_samples_split', 0.001), ('regressor__regressor__n_estimators', 2000)])





OPTIMIZING HYPERPARAMETERS FOR REGRESSOR RF 	SEED: 69


Best parameters: OrderedDict([('regressor__regressor__max_depth', None), ('regressor__regressor__max_features', None), ('regressor__regressor__min_samples_leaf', 0.001), ('regressor__regressor__min_samples_split', 0.001), ('regressor__regressor__n_estimators', 2000)])





OPTIMIZING HYPERPARAMETERS FOR REGRESSOR RF 	SEED: 69


Best parameters: OrderedDict([('regressor__regressor__max_depth', None), ('regressor__regressor__max_features', None), ('regressor__regressor__min_samples_leaf', 0.001), ('regressor__regressor__min_samples_split', 0.001), ('regressor__regressor__n_estimators', 34)])





OPTIMIZING HYPERPARAMETERS FOR REGRESSOR RF 	SEED: 69


Best parameters: OrderedDict([('regressor__regressor__max_depth', None), ('regressor__regressor__max_features', None), ('regressor__regressor__min_samples_leaf', 0.001), ('regressor__regressor__min_samples_split', 0.001), ('regressor__regressor__n_estimators', 161)])





OPTIMIZING HYPERPARAMETERS FOR REGRESSOR RF 	SEED: 420


Best parameters: OrderedDict([('regressor__regressor__max_depth', None), ('regressor__regressor__max_features', None), ('regressor__regressor__min_samples_leaf', 0.001), ('regressor__regressor__min_samples_split', 0.001), ('regressor__regressor__n_estimators', 1117)])





OPTIMIZING HYPERPARAMETERS FOR REGRESSOR RF 	SEED: 420


Best parameters: OrderedDict([('regressor__regressor__max_depth', None), ('regressor__regressor__max_features', None), ('regressor__regressor__min_samples_leaf', 0.001), ('regressor__regressor__min_samples_split', 0.001), ('regressor__regressor__n_estimators', 2000)])





OPTIMIZING HYPERPARAMETERS FOR REGRESSOR RF 	SEED: 420


Best parameters: OrderedDict([('regressor__regressor__max_depth', None), ('regressor__regressor__max_features', None), ('regressor__regressor__min_samples_leaf', 0.001), ('regressor__regressor__min_samples_split', 0.001), ('regressor__regressor__n_estimators', 607)])





OPTIMIZING HYPERPARAMETERS FOR REGRESSOR RF 	SEED: 420


Best parameters: OrderedDict([('regressor__regressor__max_depth', None), ('regressor__regressor__max_features', None), ('regressor__regressor__min_samples_leaf', 0.001), ('regressor__regressor__min_samples_split', 0.001), ('regressor__regressor__n_estimators', 2000)])





OPTIMIZING HYPERPARAMETERS FOR REGRESSOR RF 	SEED: 420


Best parameters: OrderedDict([('regressor__regressor__max_depth', None), ('regressor__regressor__max_features', None), ('regressor__regressor__min_samples_leaf', 0.001), ('regressor__regressor__min_samples_split', 0.001), ('regressor__regressor__n_estimators', 2000)])





OPTIMIZING HYPERPARAMETERS FOR REGRESSOR RF 	SEED: 1234567890


Best parameters: OrderedDict([('regressor__regressor__max_depth', None), ('regressor__regressor__max_features', None), ('regressor__regressor__min_samples_leaf', 0.001), ('regressor__regressor__min_samples_split', 0.001), ('regressor__regressor__n_estimators', 342)])





OPTIMIZING HYPERPARAMETERS FOR REGRESSOR RF 	SEED: 1234567890


Best parameters: OrderedDict([('regressor__regressor__max_depth', None), ('regressor__regressor__max_features', None), ('regressor__regressor__min_samples_leaf', 0.001), ('regressor__regressor__min_samples_split', 0.001), ('regressor__regressor__n_estimators', 2000)])





OPTIMIZING HYPERPARAMETERS FOR REGRESSOR RF 	SEED: 1234567890


Best parameters: OrderedDict([('regressor__regressor__max_depth', None), ('regressor__regressor__max_features', None), ('regressor__regressor__min_samples_leaf', 0.001), ('regressor__regressor__min_samples_split', 0.001), ('regressor__regressor__n_estimators', 2000)])





OPTIMIZING HYPERPARAMETERS FOR REGRESSOR RF 	SEED: 1234567890


Best parameters: OrderedDict([('regressor__regressor__max_depth', None), ('regressor__regressor__max_features', None), ('regressor__regressor__min_samples_leaf', 0.001), ('regressor__regressor__min_samples_split', 0.001), ('regressor__regressor__n_estimators', 2000)])





OPTIMIZING HYPERPARAMETERS FOR REGRESSOR RF 	SEED: 1234567890


Best parameters: OrderedDict([('regressor__regressor__max_depth', None), ('regressor__regressor__max_features', None), ('regressor__regressor__min_samples_leaf', 0.001), ('regressor__regressor__min_samples_split', 0.001), ('regressor__regressor__n_estimators', 2000)])





OPTIMIZING HYPERPARAMETERS FOR REGRESSOR RF 	SEED: 473129


Best parameters: OrderedDict([('regressor__regressor__max_depth', None), ('regressor__regressor__max_features', 'sqrt'), ('regressor__regressor__min_samples_leaf', 0.001), ('regressor__regressor__min_samples_split', 0.001), ('regressor__regressor__n_estimators', 2000)])





OPTIMIZING HYPERPARAMETERS FOR REGRESSOR RF 	SEED: 473129


Best parameters: OrderedDict([('regressor__regressor__max_depth', None), ('regressor__regressor__max_features', None), ('regressor__regressor__min_samples_leaf', 0.001), ('regressor__regressor__min_samples_split', 0.001), ('regressor__regressor__n_estimators', 2000)])





OPTIMIZING HYPERPARAMETERS FOR REGRESSOR RF 	SEED: 473129


Best parameters: OrderedDict([('regressor__regressor__max_depth', None), ('regressor__regressor__max_features', None), ('regressor__regressor__min_samples_leaf', 0.001), ('regressor__regressor__min_samples_split', 0.001), ('regressor__regressor__n_estimators', 2000)])





OPTIMIZING HYPERPARAMETERS FOR REGRESSOR RF 	SEED: 473129


Best parameters: OrderedDict([('regressor__regressor__max_depth', None), ('regressor__regressor__max_features', None), ('regressor__regressor__min_samples_leaf', 0.001), ('regressor__regressor__min_samples_split', 0.001), ('regressor__regressor__n_estimators', 581)])





OPTIMIZING HYPERPARAMETERS FOR REGRESSOR RF 	SEED: 473129


Best parameters: OrderedDict([('regressor__regressor__max_depth', None), ('regressor__regressor__max_features', None), ('regressor__regressor__min_samples_leaf', 0.001), ('regressor__regressor__min_samples_split', 0.001), ('regressor__regressor__n_estimators', 2000)])


Average scores:	 r: 0.93±0.06	 r2: 0.85±0.12
Filename: (Mordred-Xn-Mw-PDI-concentration-temperature-solvent dP-solvent dD-solvent dH)_RF_Standard_v2_(max_feat_all_leaf_smaller)
{6: {'fit_time': array([36.78056574, 31.70494032, 34.90055943, 34.02811384, 32.57634068]), 'score_time': array([0.15881777, 0.14896607, 0.1335578 , 0.14947534, 0.13151741]), 'test_pearson_r': array([0.97301193, 0.96575884, 0.87100067, 0.92885958, 0.93735987]), 'test_spearman_r': array([0.95691626, 0.9648445 , 0.87841012, 0.92137232, 0.92184813]), 'test_rmse': array([-0.162197  , -0.16659514, -0.32132615, -0.23234937, -0.19434445]), 'test_mae': array([-0.09884714, -0.0993207 , -0.13860333, -0.13096646, -0.11327084]), 'test_r2': array([0.93972735, 0.93064209, 0.73791224, 0.86252957, 0.87625472]), 'best_params': {'check_inverse': True, 'func': None, 'inverse_func': None, 'regressor__bootstrap': True, 'regressor__ccp_alpha': 0.0, 'regressor__criterion': 'squared_error', 'regressor__max_depth': None, 'regressor__max_features': None, 'regressor__max_leaf_nodes': None, 'regressor__max_samples': None, 'regressor__min_impurity_decrease': 0.0, 'regressor__min_samples_leaf': 0.001, 'regressor__min_samples_split': 0.001, 'regressor__min_weight_fraction_leaf': 0.0, 'regressor__monotonic_cst': None, 'regressor__n_estimators': 2000, 'regressor__n_jobs': None, 'regressor__oob_score': False, 'regressor__random_state': None, 'regressor__verbose': 0, 'regressor__warm_start': False, 'transformer__memory': None, 'transformer__verbose': False, 'transformer__y scaler__copy': True, 'transformer__y scaler__with_mean': True, 'transformer__y scaler__with_std': True}}, 13: {'fit_time': array([32.03682327, 33.55113697, 30.24352598, 36.65368295, 32.52039528]), 'score_time': array([0.14372396, 0.14659643, 0.13079906, 0.13424373, 0.20926547]), 'test_pearson_r': array([0.97458069, 0.96492976, 0.8077474 , 0.95905209, 0.92117487]), 'test_spearman_r': array([0.94049831, 0.95529844, 0.836831  , 0.94835723, 0.91609721]), 'test_rmse': array([-0.14736073, -0.18334266, -0.38318869, -0.18328739, -0.22809085]), 'test_mae': array([-0.10598177, -0.12245255, -0.14795545, -0.11276744, -0.13339295]), 'test_r2': array([0.94479879, 0.92048351, 0.62323237, 0.91896471, 0.83750481]), 'best_params': {'check_inverse': True, 'func': None, 'inverse_func': None, 'regressor__bootstrap': True, 'regressor__ccp_alpha': 0.0, 'regressor__criterion': 'squared_error', 'regressor__max_depth': None, 'regressor__max_features': None, 'regressor__max_leaf_nodes': None, 'regressor__max_samples': None, 'regressor__min_impurity_decrease': 0.0, 'regressor__min_samples_leaf': 0.001, 'regressor__min_samples_split': 0.001, 'regressor__min_weight_fraction_leaf': 0.0, 'regressor__monotonic_cst': None, 'regressor__n_estimators': 2000, 'regressor__n_jobs': None, 'regressor__oob_score': False, 'regressor__random_state': None, 'regressor__verbose': 0, 'regressor__warm_start': False, 'transformer__memory': None, 'transformer__verbose': False, 'transformer__y scaler__copy': True, 'transformer__y scaler__with_mean': True, 'transformer__y scaler__with_std': True}}, 42: {'fit_time': array([32.09924722, 31.3415792 , 31.25439   , 34.74265981, 33.3129878 ]), 'score_time': array([0.13850546, 0.12911677, 0.13147426, 0.1303308 , 0.1285398 ]), 'test_pearson_r': array([0.96697673, 0.95651891, 0.8939857 , 0.97320373, 0.87243886]), 'test_spearman_r': array([0.96975131, 0.95795091, 0.90768213, 0.96928168, 0.87055609]), 'test_rmse': array([-0.179538  , -0.2075837 , -0.23247734, -0.15132726, -0.32117424]), 'test_mae': array([-0.11295416, -0.12608905, -0.13368234, -0.0884284 , -0.12113431]), 'test_r2': array([0.92738464, 0.89999324, 0.78225748, 0.94442115, 0.75254211]), 'best_params': {'check_inverse': True, 'func': None, 'inverse_func': None, 'regressor__bootstrap': True, 'regressor__ccp_alpha': 0.0, 'regressor__criterion': 'squared_error', 'regressor__max_depth': None, 'regressor__max_features': None, 'regressor__max_leaf_nodes': None, 'regressor__max_samples': None, 'regressor__min_impurity_decrease': 0.0, 'regressor__min_samples_leaf': 0.001, 'regressor__min_samples_split': 0.001, 'regressor__min_weight_fraction_leaf': 0.0, 'regressor__monotonic_cst': None, 'regressor__n_estimators': 2000, 'regressor__n_jobs': None, 'regressor__oob_score': False, 'regressor__random_state': None, 'regressor__verbose': 0, 'regressor__warm_start': False, 'transformer__memory': None, 'transformer__verbose': False, 'transformer__y scaler__copy': True, 'transformer__y scaler__with_mean': True, 'transformer__y scaler__with_std': True}}, 69: {'fit_time': array([0.72252989, 0.68732691, 0.70609117, 0.66433835, 0.58848   ]), 'score_time': array([0.02683759, 0.02060962, 0.02216911, 0.02054691, 0.01909995]), 'test_pearson_r': array([0.97760278, 0.8386096 , 0.97089381, 0.75976907, 0.94587096]), 'test_spearman_r': array([0.96667663, 0.86167145, 0.96782735, 0.78009522, 0.94968098]), 'test_rmse': array([-0.13230387, -0.33404603, -0.15949964, -0.41882589, -0.22930581]), 'test_mae': array([-0.08752948, -0.14258406, -0.09910438, -0.20158776, -0.14203354]), 'test_r2': array([0.9546249 , 0.68259095, 0.93518105, 0.50484054, 0.88822096]), 'best_params': {'check_inverse': True, 'func': None, 'inverse_func': None, 'regressor__bootstrap': True, 'regressor__ccp_alpha': 0.0, 'regressor__criterion': 'squared_error', 'regressor__max_depth': None, 'regressor__max_features': None, 'regressor__max_leaf_nodes': None, 'regressor__max_samples': None, 'regressor__min_impurity_decrease': 0.0, 'regressor__min_samples_leaf': 0.001, 'regressor__min_samples_split': 0.001, 'regressor__min_weight_fraction_leaf': 0.0, 'regressor__monotonic_cst': None, 'regressor__n_estimators': 34, 'regressor__n_jobs': None, 'regressor__oob_score': False, 'regressor__random_state': None, 'regressor__verbose': 0, 'regressor__warm_start': False, 'transformer__memory': None, 'transformer__verbose': False, 'transformer__y scaler__copy': True, 'transformer__y scaler__with_mean': True, 'transformer__y scaler__with_std': True}}, 420: {'fit_time': array([18.32351756, 17.67064118, 16.74521995, 18.72160983, 18.59338045]), 'score_time': array([0.07946372, 0.08334398, 0.08326674, 0.07083511, 0.07654977]), 'test_pearson_r': array([0.96071564, 0.97481669, 0.89919025, 0.96568268, 0.84622011]), 'test_spearman_r': array([0.91876665, 0.97240069, 0.88866593, 0.96403339, 0.88119103]), 'test_rmse': array([-0.17338516, -0.14387317, -0.24894916, -0.17481529, -0.35472757]), 'test_mae': array([-0.08758321, -0.08974002, -0.1599263 , -0.11518642, -0.14303375]), 'test_r2': array([0.91740027, 0.94695851, 0.80803522, 0.92940211, 0.70549722]), 'best_params': {'check_inverse': True, 'func': None, 'inverse_func': None, 'regressor__bootstrap': True, 'regressor__ccp_alpha': 0.0, 'regressor__criterion': 'squared_error', 'regressor__max_depth': None, 'regressor__max_features': None, 'regressor__max_leaf_nodes': None, 'regressor__max_samples': None, 'regressor__min_impurity_decrease': 0.0, 'regressor__min_samples_leaf': 0.001, 'regressor__min_samples_split': 0.001, 'regressor__min_weight_fraction_leaf': 0.0, 'regressor__monotonic_cst': None, 'regressor__n_estimators': 1117, 'regressor__n_jobs': None, 'regressor__oob_score': False, 'regressor__random_state': None, 'regressor__verbose': 0, 'regressor__warm_start': False, 'transformer__memory': None, 'transformer__verbose': False, 'transformer__y scaler__copy': True, 'transformer__y scaler__with_mean': True, 'transformer__y scaler__with_std': True}}, 1234567890: {'fit_time': array([5.96643615, 5.66639495, 5.24174833, 6.08454084, 5.30321479]), 'score_time': array([0.03302765, 0.03587031, 0.03536367, 0.04274607, 0.0329318 ]), 'test_pearson_r': array([0.94748112, 0.97209403, 0.96094783, 0.98571179, 0.81313029]), 'test_spearman_r': array([0.9422412 , 0.95292387, 0.94912794, 0.97504326, 0.83896971]), 'test_rmse': array([-0.18766357, -0.13608355, -0.18395212, -0.11663008, -0.40675483]), 'test_mae': array([-0.11473846, -0.08213741, -0.11414667, -0.0806507 , -0.20043597]), 'test_r2': array([0.89322102, 0.94400905, 0.91657313, 0.96656401, 0.65260128]), 'best_params': {'check_inverse': True, 'func': None, 'inverse_func': None, 'regressor__bootstrap': True, 'regressor__ccp_alpha': 0.0, 'regressor__criterion': 'squared_error', 'regressor__max_depth': None, 'regressor__max_features': None, 'regressor__max_leaf_nodes': None, 'regressor__max_samples': None, 'regressor__min_impurity_decrease': 0.0, 'regressor__min_samples_leaf': 0.001, 'regressor__min_samples_split': 0.001, 'regressor__min_weight_fraction_leaf': 0.0, 'regressor__monotonic_cst': None, 'regressor__n_estimators': 342, 'regressor__n_jobs': None, 'regressor__oob_score': False, 'regressor__random_state': None, 'regressor__verbose': 0, 'regressor__warm_start': False, 'transformer__memory': None, 'transformer__verbose': False, 'transformer__y scaler__copy': True, 'transformer__y scaler__with_mean': True, 'transformer__y scaler__with_std': True}}, 473129: {'fit_time': array([31.06331635, 32.23861098, 30.87792349, 33.05468655, 33.19536877]), 'score_time': array([0.14364576, 0.13158107, 0.13731003, 0.11966658, 0.11929631]), 'test_pearson_r': array([0.8030327 , 0.95179157, 0.93223352, 0.98603564, 0.96538108]), 'test_spearman_r': array([0.84755182, 0.95264733, 0.92867969, 0.9832615 , 0.96099548]), 'test_rmse': array([-0.40148983, -0.18236488, -0.21279884, -0.1151149 , -0.17011309]), 'test_mae': array([-0.16618038, -0.10646602, -0.13165501, -0.07920508, -0.11566102]), 'test_r2': array([0.63596145, 0.89692091, 0.86894264, 0.96808747, 0.92333159]), 'best_params': {'check_inverse': True, 'func': None, 'inverse_func': None, 'regressor__bootstrap': True, 'regressor__ccp_alpha': 0.0, 'regressor__criterion': 'squared_error', 'regressor__max_depth': None, 'regressor__max_features': None, 'regressor__max_leaf_nodes': None, 'regressor__max_samples': None, 'regressor__min_impurity_decrease': 0.0, 'regressor__min_samples_leaf': 0.001, 'regressor__min_samples_split': 0.001, 'regressor__min_weight_fraction_leaf': 0.0, 'regressor__monotonic_cst': None, 'regressor__n_estimators': 2000, 'regressor__n_jobs': None, 'regressor__oob_score': False, 'regressor__random_state': None, 'regressor__verbose': 0, 'regressor__warm_start': False, 'transformer__memory': None, 'transformer__verbose': False, 'transformer__y scaler__copy': True, 'transformer__y scaler__with_mean': True, 'transformer__y scaler__with_std': True}}, 'pearson_r_avg': 0.926394594267084, 'pearson_r_stdev': 0.060553917262466485, 'spearman_r_avg': 0.9256613358715122, 'spearman_r_stdev': 0.04838020312561489, 'rmse_avg': 0.22219657897210646, 'rmse_stdev': 0.08692964589804142, 'mae_avg': 0.12129807185719044, 'mae_stdev': 0.02962688651859274, 'r2_avg': 0.852503229674307, 'r2_stdev': 0.11645061992675917}
Done Saving scores!

------------------------------------------------------------
Sender: LSF System <lsfadmin@c202n13>
Subject: Job 246753: <RF_log Rg (nm)_Mordred_Trimer_20250519> in cluster <Hazel> Done

Job <RF_log Rg (nm)_Mordred_Trimer_20250519> was submitted from host <c202n13> by user <sdehgha2> in cluster <Hazel> at Mon May 19 00:44:19 2025
Job was executed on host(s) <6*c202n13>, in queue <single_chassis>, as user <sdehgha2> in cluster <Hazel> at Mon May 19 00:45:19 2025
</home/sdehgha2> was used as the home directory.
</share/ddomlab/sdehgha2/working-space/main/P1_pls-dataset/pls-dataset-space/PLS-Dataset/code_/training/hpc_submit_training_Rh> was used as the working directory.
Started at Mon May 19 00:45:19 2025
Terminated at Mon May 19 02:33:44 2025
Results reported at Mon May 19 02:33:44 2025

Your job looked like:

------------------------------------------------------------
# LSBATCH: User input



#BSUB -n 6
#BSUB -W 40:05
#BSUB -R span[hosts=1]
#BSUB -R "rusage[mem=16GB]"
#BSUB -J "RF_log Rg (nm)_Mordred_Trimer_20250519"  
#BSUB -o "/share/ddomlab/sdehgha2/working-space/main/P1_pls-dataset/pls-dataset-space/PLS-Dataset/results/hpc_20250519/RF_log Rg (nm)_Mordred_Trimer_20250519.out"
#BSUB -e "/share/ddomlab/sdehgha2/working-space/main/P1_pls-dataset/pls-dataset-space/PLS-Dataset/results/hpc_20250519/RF_log Rg (nm)_Mordred__Trimer_20250519.err"

source ~/.bashrc
conda activate /usr/local/usrapps/ddomlab/sdehgha2/pls-dataset-env
python ../train_structure_numerical.py --target_features "log Rg (nm)"                                       --representation "Mordred"                                       --regressor_type "RF"                                       --oligomer_representation "Trimer"                                       --numerical_feats  'Xn' 'Mw (g/mol)' 'PDI' 'Concentration (mg/ml)' 'Temperature SANS/SLS/DLS/SEC (K)' 'solvent dP' 'solvent dD' 'solvent dH' 




------------------------------------------------------------

Successfully completed.

Resource usage summary:

    CPU time :                                   21405.26 sec.
    Max Memory :                                 3 GB
    Average Memory :                             2.95 GB
    Total Requested Memory :                     16.00 GB
    Delta Memory :                               13.00 GB
    Max Swap :                                   -
    Max Processes :                              30
    Max Threads :                                33
    Run time :                                   6531 sec.
    Turnaround time :                            6565 sec.

The output (if any) is above this job summary.



PS:

Read file </share/ddomlab/sdehgha2/working-space/main/P1_pls-dataset/pls-dataset-space/PLS-Dataset/results/hpc_20250519/RF_log Rg (nm)_Mordred__Trimer_20250519.err> for stderr output of this job.




OPTIMIZING HYPERPARAMETERS FOR REGRESSOR RF 	SEED: 6


Best parameters: OrderedDict([('regressor__regressor__max_depth', None), ('regressor__regressor__max_features', 'sqrt'), ('regressor__regressor__min_samples_leaf', 0.0016204497046390944), ('regressor__regressor__min_samples_split', 0.0011136362710158338), ('regressor__regressor__n_estimators', 25)])





OPTIMIZING HYPERPARAMETERS FOR REGRESSOR RF 	SEED: 6


Best parameters: OrderedDict([('regressor__regressor__max_depth', None), ('regressor__regressor__max_features', None), ('regressor__regressor__min_samples_leaf', 0.001), ('regressor__regressor__min_samples_split', 0.001), ('regressor__regressor__n_estimators', 2000)])





OPTIMIZING HYPERPARAMETERS FOR REGRESSOR RF 	SEED: 6


Best parameters: OrderedDict([('regressor__regressor__max_depth', None), ('regressor__regressor__max_features', None), ('regressor__regressor__min_samples_leaf', 0.001), ('regressor__regressor__min_samples_split', 0.001), ('regressor__regressor__n_estimators', 2000)])





OPTIMIZING HYPERPARAMETERS FOR REGRESSOR RF 	SEED: 6


Best parameters: OrderedDict([('regressor__regressor__max_depth', None), ('regressor__regressor__max_features', None), ('regressor__regressor__min_samples_leaf', 0.001), ('regressor__regressor__min_samples_split', 0.001), ('regressor__regressor__n_estimators', 2000)])





OPTIMIZING HYPERPARAMETERS FOR REGRESSOR RF 	SEED: 6


Best parameters: OrderedDict([('regressor__regressor__max_depth', None), ('regressor__regressor__max_features', 'sqrt'), ('regressor__regressor__min_samples_leaf', 0.001), ('regressor__regressor__min_samples_split', 0.001), ('regressor__regressor__n_estimators', 2000)])





OPTIMIZING HYPERPARAMETERS FOR REGRESSOR RF 	SEED: 13


Best parameters: OrderedDict([('regressor__regressor__max_depth', None), ('regressor__regressor__max_features', None), ('regressor__regressor__min_samples_leaf', 0.002473907783854986), ('regressor__regressor__min_samples_split', 0.001), ('regressor__regressor__n_estimators', 2000)])





OPTIMIZING HYPERPARAMETERS FOR REGRESSOR RF 	SEED: 13


Best parameters: OrderedDict([('regressor__regressor__max_depth', None), ('regressor__regressor__max_features', None), ('regressor__regressor__min_samples_leaf', 0.001), ('regressor__regressor__min_samples_split', 0.001), ('regressor__regressor__n_estimators', 2000)])





OPTIMIZING HYPERPARAMETERS FOR REGRESSOR RF 	SEED: 13


Best parameters: OrderedDict([('regressor__regressor__max_depth', None), ('regressor__regressor__max_features', None), ('regressor__regressor__min_samples_leaf', 0.001), ('regressor__regressor__min_samples_split', 0.001), ('regressor__regressor__n_estimators', 2000)])





OPTIMIZING HYPERPARAMETERS FOR REGRESSOR RF 	SEED: 13


Best parameters: OrderedDict([('regressor__regressor__max_depth', None), ('regressor__regressor__max_features', None), ('regressor__regressor__min_samples_leaf', 0.001), ('regressor__regressor__min_samples_split', 0.001), ('regressor__regressor__n_estimators', 1113)])





OPTIMIZING HYPERPARAMETERS FOR REGRESSOR RF 	SEED: 13


Best parameters: OrderedDict([('regressor__regressor__max_depth', None), ('regressor__regressor__max_features', None), ('regressor__regressor__min_samples_leaf', 0.001), ('regressor__regressor__min_samples_split', 0.001), ('regressor__regressor__n_estimators', 2000)])





OPTIMIZING HYPERPARAMETERS FOR REGRESSOR RF 	SEED: 42


Best parameters: OrderedDict([('regressor__regressor__max_depth', None), ('regressor__regressor__max_features', None), ('regressor__regressor__min_samples_leaf', 0.001), ('regressor__regressor__min_samples_split', 0.001), ('regressor__regressor__n_estimators', 2000)])





OPTIMIZING HYPERPARAMETERS FOR REGRESSOR RF 	SEED: 42


Best parameters: OrderedDict([('regressor__regressor__max_depth', None), ('regressor__regressor__max_features', None), ('regressor__regressor__min_samples_leaf', 0.001), ('regressor__regressor__min_samples_split', 0.001), ('regressor__regressor__n_estimators', 10)])





OPTIMIZING HYPERPARAMETERS FOR REGRESSOR RF 	SEED: 42


Best parameters: OrderedDict([('regressor__regressor__max_depth', None), ('regressor__regressor__max_features', None), ('regressor__regressor__min_samples_leaf', 0.001), ('regressor__regressor__min_samples_split', 0.001), ('regressor__regressor__n_estimators', 1058)])





OPTIMIZING HYPERPARAMETERS FOR REGRESSOR RF 	SEED: 42


Best parameters: OrderedDict([('regressor__regressor__max_depth', None), ('regressor__regressor__max_features', None), ('regressor__regressor__min_samples_leaf', 0.001), ('regressor__regressor__min_samples_split', 0.001), ('regressor__regressor__n_estimators', 2000)])





OPTIMIZING HYPERPARAMETERS FOR REGRESSOR RF 	SEED: 42


Best parameters: OrderedDict([('regressor__regressor__max_depth', None), ('regressor__regressor__max_features', None), ('regressor__regressor__min_samples_leaf', 0.001), ('regressor__regressor__min_samples_split', 0.001), ('regressor__regressor__n_estimators', 554)])





OPTIMIZING HYPERPARAMETERS FOR REGRESSOR RF 	SEED: 69


Best parameters: OrderedDict([('regressor__regressor__max_depth', None), ('regressor__regressor__max_features', None), ('regressor__regressor__min_samples_leaf', 0.001), ('regressor__regressor__min_samples_split', 0.001), ('regressor__regressor__n_estimators', 2000)])





OPTIMIZING HYPERPARAMETERS FOR REGRESSOR RF 	SEED: 69


Best parameters: OrderedDict([('regressor__regressor__max_depth', None), ('regressor__regressor__max_features', None), ('regressor__regressor__min_samples_leaf', 0.0036733244315996488), ('regressor__regressor__min_samples_split', 0.008382376158443613), ('regressor__regressor__n_estimators', 772)])





OPTIMIZING HYPERPARAMETERS FOR REGRESSOR RF 	SEED: 69


Best parameters: OrderedDict([('regressor__regressor__max_depth', None), ('regressor__regressor__max_features', None), ('regressor__regressor__min_samples_leaf', 0.0017070092320335575), ('regressor__regressor__min_samples_split', 0.001688030456517983), ('regressor__regressor__n_estimators', 13)])





OPTIMIZING HYPERPARAMETERS FOR REGRESSOR RF 	SEED: 69


Best parameters: OrderedDict([('regressor__regressor__max_depth', None), ('regressor__regressor__max_features', None), ('regressor__regressor__min_samples_leaf', 0.001), ('regressor__regressor__min_samples_split', 0.001), ('regressor__regressor__n_estimators', 10)])





OPTIMIZING HYPERPARAMETERS FOR REGRESSOR RF 	SEED: 69


Best parameters: OrderedDict([('regressor__regressor__max_depth', None), ('regressor__regressor__max_features', None), ('regressor__regressor__min_samples_leaf', 0.001), ('regressor__regressor__min_samples_split', 0.001), ('regressor__regressor__n_estimators', 2000)])





OPTIMIZING HYPERPARAMETERS FOR REGRESSOR RF 	SEED: 420


Best parameters: OrderedDict([('regressor__regressor__max_depth', None), ('regressor__regressor__max_features', None), ('regressor__regressor__min_samples_leaf', 0.001), ('regressor__regressor__min_samples_split', 0.001), ('regressor__regressor__n_estimators', 2000)])





OPTIMIZING HYPERPARAMETERS FOR REGRESSOR RF 	SEED: 420


Best parameters: OrderedDict([('regressor__regressor__max_depth', None), ('regressor__regressor__max_features', None), ('regressor__regressor__min_samples_leaf', 0.001), ('regressor__regressor__min_samples_split', 0.001), ('regressor__regressor__n_estimators', 164)])





OPTIMIZING HYPERPARAMETERS FOR REGRESSOR RF 	SEED: 420


Best parameters: OrderedDict([('regressor__regressor__max_depth', None), ('regressor__regressor__max_features', None), ('regressor__regressor__min_samples_leaf', 0.001), ('regressor__regressor__min_samples_split', 0.001), ('regressor__regressor__n_estimators', 607)])





OPTIMIZING HYPERPARAMETERS FOR REGRESSOR RF 	SEED: 420


Best parameters: OrderedDict([('regressor__regressor__max_depth', None), ('regressor__regressor__max_features', None), ('regressor__regressor__min_samples_leaf', 0.001), ('regressor__regressor__min_samples_split', 0.001), ('regressor__regressor__n_estimators', 10)])





OPTIMIZING HYPERPARAMETERS FOR REGRESSOR RF 	SEED: 420


Best parameters: OrderedDict([('regressor__regressor__max_depth', None), ('regressor__regressor__max_features', None), ('regressor__regressor__min_samples_leaf', 0.001), ('regressor__regressor__min_samples_split', 0.001), ('regressor__regressor__n_estimators', 759)])





OPTIMIZING HYPERPARAMETERS FOR REGRESSOR RF 	SEED: 1234567890


Best parameters: OrderedDict([('regressor__regressor__max_depth', None), ('regressor__regressor__max_features', None), ('regressor__regressor__min_samples_leaf', 0.001), ('regressor__regressor__min_samples_split', 0.001), ('regressor__regressor__n_estimators', 2000)])





OPTIMIZING HYPERPARAMETERS FOR REGRESSOR RF 	SEED: 1234567890


Best parameters: OrderedDict([('regressor__regressor__max_depth', None), ('regressor__regressor__max_features', None), ('regressor__regressor__min_samples_leaf', 0.001), ('regressor__regressor__min_samples_split', 0.001), ('regressor__regressor__n_estimators', 2000)])





OPTIMIZING HYPERPARAMETERS FOR REGRESSOR RF 	SEED: 1234567890


Best parameters: OrderedDict([('regressor__regressor__max_depth', None), ('regressor__regressor__max_features', None), ('regressor__regressor__min_samples_leaf', 0.001), ('regressor__regressor__min_samples_split', 0.001), ('regressor__regressor__n_estimators', 2000)])





OPTIMIZING HYPERPARAMETERS FOR REGRESSOR RF 	SEED: 1234567890


Best parameters: OrderedDict([('regressor__regressor__max_depth', None), ('regressor__regressor__max_features', None), ('regressor__regressor__min_samples_leaf', 0.001), ('regressor__regressor__min_samples_split', 0.001), ('regressor__regressor__n_estimators', 2000)])





OPTIMIZING HYPERPARAMETERS FOR REGRESSOR RF 	SEED: 1234567890


Best parameters: OrderedDict([('regressor__regressor__max_depth', None), ('regressor__regressor__max_features', None), ('regressor__regressor__min_samples_leaf', 0.001), ('regressor__regressor__min_samples_split', 0.001), ('regressor__regressor__n_estimators', 343)])





OPTIMIZING HYPERPARAMETERS FOR REGRESSOR RF 	SEED: 473129


Best parameters: OrderedDict([('regressor__regressor__max_depth', None), ('regressor__regressor__max_features', 'sqrt'), ('regressor__regressor__min_samples_leaf', 0.001), ('regressor__regressor__min_samples_split', 0.001), ('regressor__regressor__n_estimators', 2000)])





OPTIMIZING HYPERPARAMETERS FOR REGRESSOR RF 	SEED: 473129


Best parameters: OrderedDict([('regressor__regressor__max_depth', None), ('regressor__regressor__max_features', None), ('regressor__regressor__min_samples_leaf', 0.001), ('regressor__regressor__min_samples_split', 0.001), ('regressor__regressor__n_estimators', 2000)])





OPTIMIZING HYPERPARAMETERS FOR REGRESSOR RF 	SEED: 473129


Best parameters: OrderedDict([('regressor__regressor__max_depth', None), ('regressor__regressor__max_features', None), ('regressor__regressor__min_samples_leaf', 0.001), ('regressor__regressor__min_samples_split', 0.001), ('regressor__regressor__n_estimators', 2000)])





OPTIMIZING HYPERPARAMETERS FOR REGRESSOR RF 	SEED: 473129


Best parameters: OrderedDict([('regressor__regressor__max_depth', None), ('regressor__regressor__max_features', None), ('regressor__regressor__min_samples_leaf', 0.001), ('regressor__regressor__min_samples_split', 0.001), ('regressor__regressor__n_estimators', 22)])





OPTIMIZING HYPERPARAMETERS FOR REGRESSOR RF 	SEED: 473129


Best parameters: OrderedDict([('regressor__regressor__max_depth', None), ('regressor__regressor__max_features', None), ('regressor__regressor__min_samples_leaf', 0.001), ('regressor__regressor__min_samples_split', 0.001), ('regressor__regressor__n_estimators', 2000)])


Average scores:	 r: 0.93±0.06	 r2: 0.85±0.11
Filename: (Mordred-Xn-Mw-PDI-concentration-temperature-polymer dP-polymer dD-polymer dH-solvent dP-solvent dD-solvent dH)_RF_Standard
Done Saving scores!

------------------------------------------------------------
Sender: LSF System <lsfadmin@c011n03>
Subject: Job 565615: <RF_log Rg (nm)_Mordred_Trimer_20250519> in cluster <Hazel> Done

Job <RF_log Rg (nm)_Mordred_Trimer_20250519> was submitted from host <c011n03> by user <sdehgha2> in cluster <Hazel> at Mon May 26 12:08:03 2025
Job was executed on host(s) <6*c011n03>, in queue <single_chassis>, as user <sdehgha2> in cluster <Hazel> at Mon May 26 12:09:04 2025
</home/sdehgha2> was used as the home directory.
</share/ddomlab/sdehgha2/working-space/main/P1_pls-dataset/pls-dataset-space/PLS-Dataset/code_/training/hpc_submit_training_Rh> was used as the working directory.
Started at Mon May 26 12:09:04 2025
Terminated at Mon May 26 13:26:38 2025
Results reported at Mon May 26 13:26:38 2025

Your job looked like:

------------------------------------------------------------
# LSBATCH: User input



#BSUB -n 6
#BSUB -W 30:05
#BSUB -R span[hosts=1]
#BSUB -R "rusage[mem=16GB]"
#BSUB -J "RF_log Rg (nm)_Mordred_Trimer_20250519"  
#BSUB -o "/share/ddomlab/sdehgha2/working-space/main/P1_pls-dataset/pls-dataset-space/PLS-Dataset/results/hpc_20250519/RF_log Rg (nm)_Mordred_Trimer_20250519.out"
#BSUB -e "/share/ddomlab/sdehgha2/working-space/main/P1_pls-dataset/pls-dataset-space/PLS-Dataset/results/hpc_20250519/RF_log Rg (nm)_Mordred__Trimer_20250519.err"

source ~/.bashrc
conda activate /usr/local/usrapps/ddomlab/sdehgha2/pls-dataset-env
python ../train_structure_numerical.py --target_features "log Rg (nm)"                                       --representation "Mordred"                                       --regressor_type "RF"                                       --oligomer_representation "Trimer"                                       --numerical_feats 'Xn' 'Mw (g/mol)' 'PDI' 'Concentration (mg/ml)' 'Temperature SANS/SLS/DLS/SEC (K)' "polymer dP" "polymer dD" "polymer dH" 'solvent dP' 'solvent dD' 'solvent dH'





------------------------------------------------------------

Successfully completed.

Resource usage summary:

    CPU time :                                   15465.34 sec.
    Max Memory :                                 4 GB
    Average Memory :                             3.80 GB
    Total Requested Memory :                     16.00 GB
    Delta Memory :                               12.00 GB
    Max Swap :                                   -
    Max Processes :                              38
    Max Threads :                                41
    Run time :                                   4654 sec.
    Turnaround time :                            4715 sec.

The output (if any) is above this job summary.



PS:

Read file </share/ddomlab/sdehgha2/working-space/main/P1_pls-dataset/pls-dataset-space/PLS-Dataset/results/hpc_20250519/RF_log Rg (nm)_Mordred__Trimer_20250519.err> for stderr output of this job.

