


-------------------------------------------------- 
OOD TEST ON -1



-------------------------------------------------- 
OPTIMIZING HYPERPARAMETERS FOR REGRESSOR NGB 	SEED: 6


Best parameters: OrderedDict([('regressor__regressor__n_estimators', 2000), ('regressor__regressor__natural_gradient', True), ('regressor__regressor__verbose', False)])




Best parameters: OrderedDict([('regressor__regressor__n_estimators', 2000), ('regressor__regressor__natural_gradient', True), ('regressor__regressor__verbose', False)])




Best parameters: OrderedDict([('regressor__regressor__n_estimators', 1998), ('regressor__regressor__natural_gradient', True), ('regressor__regressor__verbose', False)])




Best parameters: OrderedDict([('regressor__regressor__n_estimators', 1995), ('regressor__regressor__natural_gradient', True), ('regressor__regressor__verbose', False)])




Best parameters: OrderedDict([('regressor__regressor__n_estimators', 1811), ('regressor__regressor__natural_gradient', True), ('regressor__regressor__verbose', False)])





OPTIMIZING HYPERPARAMETERS FOR REGRESSOR NGB 	SEED: 6


Best parameters: OrderedDict([('regressor__regressor__n_estimators', 1997), ('regressor__regressor__natural_gradient', True), ('regressor__regressor__verbose', False)])





OPTIMIZING HYPERPARAMETERS FOR REGRESSOR NGB 	SEED: 6


Best parameters: OrderedDict([('regressor__regressor__n_estimators', 906), ('regressor__regressor__natural_gradient', True), ('regressor__regressor__verbose', False)])





OPTIMIZING HYPERPARAMETERS FOR REGRESSOR NGB 	SEED: 6


Best parameters: OrderedDict([('regressor__regressor__n_estimators', 1999), ('regressor__regressor__natural_gradient', True), ('regressor__regressor__verbose', False)])





OPTIMIZING HYPERPARAMETERS FOR REGRESSOR NGB 	SEED: 6


Best parameters: OrderedDict([('regressor__regressor__n_estimators', 1653), ('regressor__regressor__natural_gradient', True), ('regressor__regressor__verbose', False)])





OPTIMIZING HYPERPARAMETERS FOR REGRESSOR NGB 	SEED: 6


Best parameters: OrderedDict([('regressor__regressor__n_estimators', 1997), ('regressor__regressor__natural_gradient', True), ('regressor__regressor__verbose', False)])





-------------------------------------------------- 
OPTIMIZING HYPERPARAMETERS FOR REGRESSOR NGB 	SEED: 13


Best parameters: OrderedDict([('regressor__regressor__n_estimators', 1997), ('regressor__regressor__natural_gradient', True), ('regressor__regressor__verbose', False)])




Best parameters: OrderedDict([('regressor__regressor__n_estimators', 1999), ('regressor__regressor__natural_gradient', True), ('regressor__regressor__verbose', False)])




Best parameters: OrderedDict([('regressor__regressor__n_estimators', 1739), ('regressor__regressor__natural_gradient', True), ('regressor__regressor__verbose', False)])




Best parameters: OrderedDict([('regressor__regressor__n_estimators', 1561), ('regressor__regressor__natural_gradient', True), ('regressor__regressor__verbose', False)])




Best parameters: OrderedDict([('regressor__regressor__n_estimators', 1930), ('regressor__regressor__natural_gradient', True), ('regressor__regressor__verbose', False)])





OPTIMIZING HYPERPARAMETERS FOR REGRESSOR NGB 	SEED: 13


Best parameters: OrderedDict([('regressor__regressor__n_estimators', 1172), ('regressor__regressor__natural_gradient', True), ('regressor__regressor__verbose', False)])





OPTIMIZING HYPERPARAMETERS FOR REGRESSOR NGB 	SEED: 13


Best parameters: OrderedDict([('regressor__regressor__n_estimators', 1998), ('regressor__regressor__natural_gradient', True), ('regressor__regressor__verbose', False)])





OPTIMIZING HYPERPARAMETERS FOR REGRESSOR NGB 	SEED: 13


Best parameters: OrderedDict([('regressor__regressor__n_estimators', 1652), ('regressor__regressor__natural_gradient', True), ('regressor__regressor__verbose', False)])





OPTIMIZING HYPERPARAMETERS FOR REGRESSOR NGB 	SEED: 13


Best parameters: OrderedDict([('regressor__regressor__n_estimators', 2000), ('regressor__regressor__natural_gradient', True), ('regressor__regressor__verbose', False)])





OPTIMIZING HYPERPARAMETERS FOR REGRESSOR NGB 	SEED: 13


Best parameters: OrderedDict([('regressor__regressor__n_estimators', 1999), ('regressor__regressor__natural_gradient', True), ('regressor__regressor__verbose', False)])





-------------------------------------------------- 
OPTIMIZING HYPERPARAMETERS FOR REGRESSOR NGB 	SEED: 42


Best parameters: OrderedDict([('regressor__regressor__n_estimators', 1999), ('regressor__regressor__natural_gradient', True), ('regressor__regressor__verbose', False)])




Best parameters: OrderedDict([('regressor__regressor__n_estimators', 1997), ('regressor__regressor__natural_gradient', True), ('regressor__regressor__verbose', False)])




Best parameters: OrderedDict([('regressor__regressor__n_estimators', 2000), ('regressor__regressor__natural_gradient', True), ('regressor__regressor__verbose', False)])




Best parameters: OrderedDict([('regressor__regressor__n_estimators', 1664), ('regressor__regressor__natural_gradient', True), ('regressor__regressor__verbose', False)])




Best parameters: OrderedDict([('regressor__regressor__n_estimators', 1998), ('regressor__regressor__natural_gradient', True), ('regressor__regressor__verbose', False)])





OPTIMIZING HYPERPARAMETERS FOR REGRESSOR NGB 	SEED: 42


Best parameters: OrderedDict([('regressor__regressor__n_estimators', 2000), ('regressor__regressor__natural_gradient', True), ('regressor__regressor__verbose', False)])





OPTIMIZING HYPERPARAMETERS FOR REGRESSOR NGB 	SEED: 42


Best parameters: OrderedDict([('regressor__regressor__n_estimators', 1509), ('regressor__regressor__natural_gradient', True), ('regressor__regressor__verbose', False)])





OPTIMIZING HYPERPARAMETERS FOR REGRESSOR NGB 	SEED: 42


Best parameters: OrderedDict([('regressor__regressor__n_estimators', 1998), ('regressor__regressor__natural_gradient', True), ('regressor__regressor__verbose', False)])





OPTIMIZING HYPERPARAMETERS FOR REGRESSOR NGB 	SEED: 42


Best parameters: OrderedDict([('regressor__regressor__n_estimators', 1854), ('regressor__regressor__natural_gradient', True), ('regressor__regressor__verbose', False)])





OPTIMIZING HYPERPARAMETERS FOR REGRESSOR NGB 	SEED: 42


Best parameters: OrderedDict([('regressor__regressor__n_estimators', 2000), ('regressor__regressor__natural_gradient', True), ('regressor__regressor__verbose', False)])





-------------------------------------------------- 
OPTIMIZING HYPERPARAMETERS FOR REGRESSOR NGB 	SEED: 69


Best parameters: OrderedDict([('regressor__regressor__n_estimators', 1771), ('regressor__regressor__natural_gradient', True), ('regressor__regressor__verbose', False)])




Best parameters: OrderedDict([('regressor__regressor__n_estimators', 1729), ('regressor__regressor__natural_gradient', True), ('regressor__regressor__verbose', False)])




Best parameters: OrderedDict([('regressor__regressor__n_estimators', 1111), ('regressor__regressor__natural_gradient', True), ('regressor__regressor__verbose', False)])




Best parameters: OrderedDict([('regressor__regressor__n_estimators', 1386), ('regressor__regressor__natural_gradient', True), ('regressor__regressor__verbose', False)])




Best parameters: OrderedDict([('regressor__regressor__n_estimators', 1994), ('regressor__regressor__natural_gradient', True), ('regressor__regressor__verbose', False)])





OPTIMIZING HYPERPARAMETERS FOR REGRESSOR NGB 	SEED: 69


Best parameters: OrderedDict([('regressor__regressor__n_estimators', 1819), ('regressor__regressor__natural_gradient', True), ('regressor__regressor__verbose', False)])





OPTIMIZING HYPERPARAMETERS FOR REGRESSOR NGB 	SEED: 69


Best parameters: OrderedDict([('regressor__regressor__n_estimators', 2000), ('regressor__regressor__natural_gradient', True), ('regressor__regressor__verbose', False)])





OPTIMIZING HYPERPARAMETERS FOR REGRESSOR NGB 	SEED: 69


Best parameters: OrderedDict([('regressor__regressor__n_estimators', 2000), ('regressor__regressor__natural_gradient', True), ('regressor__regressor__verbose', False)])





OPTIMIZING HYPERPARAMETERS FOR REGRESSOR NGB 	SEED: 69


Best parameters: OrderedDict([('regressor__regressor__n_estimators', 1814), ('regressor__regressor__natural_gradient', True), ('regressor__regressor__verbose', False)])





OPTIMIZING HYPERPARAMETERS FOR REGRESSOR NGB 	SEED: 69


Best parameters: OrderedDict([('regressor__regressor__n_estimators', 2000), ('regressor__regressor__natural_gradient', True), ('regressor__regressor__verbose', False)])





-------------------------------------------------- 
OPTIMIZING HYPERPARAMETERS FOR REGRESSOR NGB 	SEED: 420


Best parameters: OrderedDict([('regressor__regressor__n_estimators', 1999), ('regressor__regressor__natural_gradient', True), ('regressor__regressor__verbose', False)])




Best parameters: OrderedDict([('regressor__regressor__n_estimators', 1795), ('regressor__regressor__natural_gradient', True), ('regressor__regressor__verbose', False)])




Best parameters: OrderedDict([('regressor__regressor__n_estimators', 1755), ('regressor__regressor__natural_gradient', True), ('regressor__regressor__verbose', False)])




Best parameters: OrderedDict([('regressor__regressor__n_estimators', 1998), ('regressor__regressor__natural_gradient', True), ('regressor__regressor__verbose', False)])




Best parameters: OrderedDict([('regressor__regressor__n_estimators', 1999), ('regressor__regressor__natural_gradient', True), ('regressor__regressor__verbose', False)])





OPTIMIZING HYPERPARAMETERS FOR REGRESSOR NGB 	SEED: 420


Best parameters: OrderedDict([('regressor__regressor__n_estimators', 1999), ('regressor__regressor__natural_gradient', True), ('regressor__regressor__verbose', False)])





OPTIMIZING HYPERPARAMETERS FOR REGRESSOR NGB 	SEED: 420


Best parameters: OrderedDict([('regressor__regressor__n_estimators', 1583), ('regressor__regressor__natural_gradient', True), ('regressor__regressor__verbose', False)])





OPTIMIZING HYPERPARAMETERS FOR REGRESSOR NGB 	SEED: 420


Best parameters: OrderedDict([('regressor__regressor__n_estimators', 2000), ('regressor__regressor__natural_gradient', True), ('regressor__regressor__verbose', False)])





OPTIMIZING HYPERPARAMETERS FOR REGRESSOR NGB 	SEED: 420


Best parameters: OrderedDict([('regressor__regressor__n_estimators', 1998), ('regressor__regressor__natural_gradient', True), ('regressor__regressor__verbose', False)])





OPTIMIZING HYPERPARAMETERS FOR REGRESSOR NGB 	SEED: 420


Best parameters: OrderedDict([('regressor__regressor__n_estimators', 2000), ('regressor__regressor__natural_gradient', True), ('regressor__regressor__verbose', False)])





-------------------------------------------------- 
OPTIMIZING HYPERPARAMETERS FOR REGRESSOR NGB 	SEED: 1234567890


Best parameters: OrderedDict([('regressor__regressor__n_estimators', 1998), ('regressor__regressor__natural_gradient', True), ('regressor__regressor__verbose', False)])




Best parameters: OrderedDict([('regressor__regressor__n_estimators', 1999), ('regressor__regressor__natural_gradient', True), ('regressor__regressor__verbose', False)])




Best parameters: OrderedDict([('regressor__regressor__n_estimators', 1722), ('regressor__regressor__natural_gradient', True), ('regressor__regressor__verbose', False)])




Best parameters: OrderedDict([('regressor__regressor__n_estimators', 1998), ('regressor__regressor__natural_gradient', True), ('regressor__regressor__verbose', False)])




Best parameters: OrderedDict([('regressor__regressor__n_estimators', 1719), ('regressor__regressor__natural_gradient', True), ('regressor__regressor__verbose', False)])





OPTIMIZING HYPERPARAMETERS FOR REGRESSOR NGB 	SEED: 1234567890


Best parameters: OrderedDict([('regressor__regressor__n_estimators', 1996), ('regressor__regressor__natural_gradient', True), ('regressor__regressor__verbose', False)])





OPTIMIZING HYPERPARAMETERS FOR REGRESSOR NGB 	SEED: 1234567890


Best parameters: OrderedDict([('regressor__regressor__n_estimators', 1695), ('regressor__regressor__natural_gradient', True), ('regressor__regressor__verbose', False)])





OPTIMIZING HYPERPARAMETERS FOR REGRESSOR NGB 	SEED: 1234567890


Best parameters: OrderedDict([('regressor__regressor__n_estimators', 1999), ('regressor__regressor__natural_gradient', True), ('regressor__regressor__verbose', False)])





OPTIMIZING HYPERPARAMETERS FOR REGRESSOR NGB 	SEED: 1234567890


Best parameters: OrderedDict([('regressor__regressor__n_estimators', 1998), ('regressor__regressor__natural_gradient', True), ('regressor__regressor__verbose', False)])





OPTIMIZING HYPERPARAMETERS FOR REGRESSOR NGB 	SEED: 1234567890


Best parameters: OrderedDict([('regressor__regressor__n_estimators', 1999), ('regressor__regressor__natural_gradient', True), ('regressor__regressor__verbose', False)])





-------------------------------------------------- 
OPTIMIZING HYPERPARAMETERS FOR REGRESSOR NGB 	SEED: 473129


Best parameters: OrderedDict([('regressor__regressor__n_estimators', 1998), ('regressor__regressor__natural_gradient', True), ('regressor__regressor__verbose', False)])




Best parameters: OrderedDict([('regressor__regressor__n_estimators', 1878), ('regressor__regressor__natural_gradient', True), ('regressor__regressor__verbose', False)])




Best parameters: OrderedDict([('regressor__regressor__n_estimators', 2000), ('regressor__regressor__natural_gradient', True), ('regressor__regressor__verbose', False)])




Best parameters: OrderedDict([('regressor__regressor__n_estimators', 1867), ('regressor__regressor__natural_gradient', True), ('regressor__regressor__verbose', False)])




Best parameters: OrderedDict([('regressor__regressor__n_estimators', 1999), ('regressor__regressor__natural_gradient', True), ('regressor__regressor__verbose', False)])





OPTIMIZING HYPERPARAMETERS FOR REGRESSOR NGB 	SEED: 473129


Best parameters: OrderedDict([('regressor__regressor__n_estimators', 1997), ('regressor__regressor__natural_gradient', True), ('regressor__regressor__verbose', False)])





OPTIMIZING HYPERPARAMETERS FOR REGRESSOR NGB 	SEED: 473129


Best parameters: OrderedDict([('regressor__regressor__n_estimators', 1999), ('regressor__regressor__natural_gradient', True), ('regressor__regressor__verbose', False)])





OPTIMIZING HYPERPARAMETERS FOR REGRESSOR NGB 	SEED: 473129


Best parameters: OrderedDict([('regressor__regressor__n_estimators', 2000), ('regressor__regressor__natural_gradient', True), ('regressor__regressor__verbose', False)])





OPTIMIZING HYPERPARAMETERS FOR REGRESSOR NGB 	SEED: 473129


Best parameters: OrderedDict([('regressor__regressor__n_estimators', 1417), ('regressor__regressor__natural_gradient', True), ('regressor__regressor__verbose', False)])





OPTIMIZING HYPERPARAMETERS FOR REGRESSOR NGB 	SEED: 473129


Best parameters: OrderedDict([('regressor__regressor__n_estimators', 1715), ('regressor__regressor__natural_gradient', True), ('regressor__regressor__verbose', False)])





-------------------------------------------------- 
OOD TEST ON 0



-------------------------------------------------- 
OPTIMIZING HYPERPARAMETERS FOR REGRESSOR NGB 	SEED: 6


Best parameters: OrderedDict([('regressor__regressor__n_estimators', 1864), ('regressor__regressor__natural_gradient', True), ('regressor__regressor__verbose', False)])




Best parameters: OrderedDict([('regressor__regressor__n_estimators', 1656), ('regressor__regressor__natural_gradient', True), ('regressor__regressor__verbose', False)])




Best parameters: OrderedDict([('regressor__regressor__n_estimators', 904), ('regressor__regressor__natural_gradient', True), ('regressor__regressor__verbose', False)])




Best parameters: OrderedDict([('regressor__regressor__n_estimators', 1999), ('regressor__regressor__natural_gradient', True), ('regressor__regressor__verbose', False)])




Best parameters: OrderedDict([('regressor__regressor__n_estimators', 1496), ('regressor__regressor__natural_gradient', True), ('regressor__regressor__verbose', False)])





OPTIMIZING HYPERPARAMETERS FOR REGRESSOR NGB 	SEED: 6


Best parameters: OrderedDict([('regressor__regressor__n_estimators', 1931), ('regressor__regressor__natural_gradient', True), ('regressor__regressor__verbose', False)])





OPTIMIZING HYPERPARAMETERS FOR REGRESSOR NGB 	SEED: 6


Best parameters: OrderedDict([('regressor__regressor__n_estimators', 964), ('regressor__regressor__natural_gradient', True), ('regressor__regressor__verbose', False)])





OPTIMIZING HYPERPARAMETERS FOR REGRESSOR NGB 	SEED: 6


Best parameters: OrderedDict([('regressor__regressor__n_estimators', 1851), ('regressor__regressor__natural_gradient', True), ('regressor__regressor__verbose', False)])





OPTIMIZING HYPERPARAMETERS FOR REGRESSOR NGB 	SEED: 6


Best parameters: OrderedDict([('regressor__regressor__n_estimators', 1998), ('regressor__regressor__natural_gradient', True), ('regressor__regressor__verbose', False)])





OPTIMIZING HYPERPARAMETERS FOR REGRESSOR NGB 	SEED: 6


Best parameters: OrderedDict([('regressor__regressor__n_estimators', 1864), ('regressor__regressor__natural_gradient', True), ('regressor__regressor__verbose', False)])





-------------------------------------------------- 
OPTIMIZING HYPERPARAMETERS FOR REGRESSOR NGB 	SEED: 13


Best parameters: OrderedDict([('regressor__regressor__n_estimators', 1430), ('regressor__regressor__natural_gradient', True), ('regressor__regressor__verbose', False)])




Best parameters: OrderedDict([('regressor__regressor__n_estimators', 1700), ('regressor__regressor__natural_gradient', True), ('regressor__regressor__verbose', False)])




Best parameters: OrderedDict([('regressor__regressor__n_estimators', 1603), ('regressor__regressor__natural_gradient', True), ('regressor__regressor__verbose', False)])




Best parameters: OrderedDict([('regressor__regressor__n_estimators', 1652), ('regressor__regressor__natural_gradient', True), ('regressor__regressor__verbose', False)])




Best parameters: OrderedDict([('regressor__regressor__n_estimators', 1441), ('regressor__regressor__natural_gradient', True), ('regressor__regressor__verbose', False)])





OPTIMIZING HYPERPARAMETERS FOR REGRESSOR NGB 	SEED: 13


Best parameters: OrderedDict([('regressor__regressor__n_estimators', 1312), ('regressor__regressor__natural_gradient', True), ('regressor__regressor__verbose', False)])





OPTIMIZING HYPERPARAMETERS FOR REGRESSOR NGB 	SEED: 13


Best parameters: OrderedDict([('regressor__regressor__n_estimators', 1998), ('regressor__regressor__natural_gradient', True), ('regressor__regressor__verbose', False)])





OPTIMIZING HYPERPARAMETERS FOR REGRESSOR NGB 	SEED: 13


Best parameters: OrderedDict([('regressor__regressor__n_estimators', 2000), ('regressor__regressor__natural_gradient', True), ('regressor__regressor__verbose', False)])





OPTIMIZING HYPERPARAMETERS FOR REGRESSOR NGB 	SEED: 13


Best parameters: OrderedDict([('regressor__regressor__n_estimators', 1998), ('regressor__regressor__natural_gradient', True), ('regressor__regressor__verbose', False)])





OPTIMIZING HYPERPARAMETERS FOR REGRESSOR NGB 	SEED: 13


Best parameters: OrderedDict([('regressor__regressor__n_estimators', 1998), ('regressor__regressor__natural_gradient', True), ('regressor__regressor__verbose', False)])





-------------------------------------------------- 
OPTIMIZING HYPERPARAMETERS FOR REGRESSOR NGB 	SEED: 42


Best parameters: OrderedDict([('regressor__regressor__n_estimators', 1998), ('regressor__regressor__natural_gradient', True), ('regressor__regressor__verbose', False)])




Best parameters: OrderedDict([('regressor__regressor__n_estimators', 1156), ('regressor__regressor__natural_gradient', True), ('regressor__regressor__verbose', False)])




Best parameters: OrderedDict([('regressor__regressor__n_estimators', 2000), ('regressor__regressor__natural_gradient', True), ('regressor__regressor__verbose', False)])




Best parameters: OrderedDict([('regressor__regressor__n_estimators', 1697), ('regressor__regressor__natural_gradient', True), ('regressor__regressor__verbose', False)])




Best parameters: OrderedDict([('regressor__regressor__n_estimators', 2000), ('regressor__regressor__natural_gradient', True), ('regressor__regressor__verbose', False)])





OPTIMIZING HYPERPARAMETERS FOR REGRESSOR NGB 	SEED: 42


Best parameters: OrderedDict([('regressor__regressor__n_estimators', 1998), ('regressor__regressor__natural_gradient', True), ('regressor__regressor__verbose', False)])





OPTIMIZING HYPERPARAMETERS FOR REGRESSOR NGB 	SEED: 42


Best parameters: OrderedDict([('regressor__regressor__n_estimators', 2000), ('regressor__regressor__natural_gradient', True), ('regressor__regressor__verbose', False)])





OPTIMIZING HYPERPARAMETERS FOR REGRESSOR NGB 	SEED: 42


Best parameters: OrderedDict([('regressor__regressor__n_estimators', 2000), ('regressor__regressor__natural_gradient', True), ('regressor__regressor__verbose', False)])





OPTIMIZING HYPERPARAMETERS FOR REGRESSOR NGB 	SEED: 42


Best parameters: OrderedDict([('regressor__regressor__n_estimators', 1998), ('regressor__regressor__natural_gradient', True), ('regressor__regressor__verbose', False)])





OPTIMIZING HYPERPARAMETERS FOR REGRESSOR NGB 	SEED: 42


Best parameters: OrderedDict([('regressor__regressor__n_estimators', 2000), ('regressor__regressor__natural_gradient', True), ('regressor__regressor__verbose', False)])





-------------------------------------------------- 
OPTIMIZING HYPERPARAMETERS FOR REGRESSOR NGB 	SEED: 69


Best parameters: OrderedDict([('regressor__regressor__n_estimators', 1498), ('regressor__regressor__natural_gradient', True), ('regressor__regressor__verbose', False)])




Best parameters: OrderedDict([('regressor__regressor__n_estimators', 1771), ('regressor__regressor__natural_gradient', True), ('regressor__regressor__verbose', False)])




Best parameters: OrderedDict([('regressor__regressor__n_estimators', 1994), ('regressor__regressor__natural_gradient', True), ('regressor__regressor__verbose', False)])




Best parameters: OrderedDict([('regressor__regressor__n_estimators', 1707), ('regressor__regressor__natural_gradient', True), ('regressor__regressor__verbose', False)])




Best parameters: OrderedDict([('regressor__regressor__n_estimators', 299), ('regressor__regressor__natural_gradient', True), ('regressor__regressor__verbose', False)])





OPTIMIZING HYPERPARAMETERS FOR REGRESSOR NGB 	SEED: 69


Best parameters: OrderedDict([('regressor__regressor__n_estimators', 1994), ('regressor__regressor__natural_gradient', True), ('regressor__regressor__verbose', False)])





OPTIMIZING HYPERPARAMETERS FOR REGRESSOR NGB 	SEED: 69


Best parameters: OrderedDict([('regressor__regressor__n_estimators', 2000), ('regressor__regressor__natural_gradient', True), ('regressor__regressor__verbose', False)])





OPTIMIZING HYPERPARAMETERS FOR REGRESSOR NGB 	SEED: 69


Best parameters: OrderedDict([('regressor__regressor__n_estimators', 1994), ('regressor__regressor__natural_gradient', True), ('regressor__regressor__verbose', False)])





OPTIMIZING HYPERPARAMETERS FOR REGRESSOR NGB 	SEED: 69


Best parameters: OrderedDict([('regressor__regressor__n_estimators', 1771), ('regressor__regressor__natural_gradient', True), ('regressor__regressor__verbose', False)])





OPTIMIZING HYPERPARAMETERS FOR REGRESSOR NGB 	SEED: 69


Best parameters: OrderedDict([('regressor__regressor__n_estimators', 1997), ('regressor__regressor__natural_gradient', True), ('regressor__regressor__verbose', False)])





-------------------------------------------------- 
OPTIMIZING HYPERPARAMETERS FOR REGRESSOR NGB 	SEED: 420


Best parameters: OrderedDict([('regressor__regressor__n_estimators', 735), ('regressor__regressor__natural_gradient', True), ('regressor__regressor__verbose', False)])




Best parameters: OrderedDict([('regressor__regressor__n_estimators', 1739), ('regressor__regressor__natural_gradient', True), ('regressor__regressor__verbose', False)])




Best parameters: OrderedDict([('regressor__regressor__n_estimators', 1628), ('regressor__regressor__natural_gradient', True), ('regressor__regressor__verbose', False)])




Best parameters: OrderedDict([('regressor__regressor__n_estimators', 1694), ('regressor__regressor__natural_gradient', True), ('regressor__regressor__verbose', False)])




Best parameters: OrderedDict([('regressor__regressor__n_estimators', 1511), ('regressor__regressor__natural_gradient', True), ('regressor__regressor__verbose', False)])





OPTIMIZING HYPERPARAMETERS FOR REGRESSOR NGB 	SEED: 420


Best parameters: OrderedDict([('regressor__regressor__n_estimators', 1998), ('regressor__regressor__natural_gradient', True), ('regressor__regressor__verbose', False)])





OPTIMIZING HYPERPARAMETERS FOR REGRESSOR NGB 	SEED: 420


Best parameters: OrderedDict([('regressor__regressor__n_estimators', 1721), ('regressor__regressor__natural_gradient', True), ('regressor__regressor__verbose', False)])





OPTIMIZING HYPERPARAMETERS FOR REGRESSOR NGB 	SEED: 420


Best parameters: OrderedDict([('regressor__regressor__n_estimators', 1998), ('regressor__regressor__natural_gradient', True), ('regressor__regressor__verbose', False)])





OPTIMIZING HYPERPARAMETERS FOR REGRESSOR NGB 	SEED: 420


Best parameters: OrderedDict([('regressor__regressor__n_estimators', 1999), ('regressor__regressor__natural_gradient', True), ('regressor__regressor__verbose', False)])





OPTIMIZING HYPERPARAMETERS FOR REGRESSOR NGB 	SEED: 420


Best parameters: OrderedDict([('regressor__regressor__n_estimators', 2000), ('regressor__regressor__natural_gradient', True), ('regressor__regressor__verbose', False)])





-------------------------------------------------- 
OPTIMIZING HYPERPARAMETERS FOR REGRESSOR NGB 	SEED: 1234567890


Best parameters: OrderedDict([('regressor__regressor__n_estimators', 1819), ('regressor__regressor__natural_gradient', True), ('regressor__regressor__verbose', False)])




Best parameters: OrderedDict([('regressor__regressor__n_estimators', 1449), ('regressor__regressor__natural_gradient', True), ('regressor__regressor__verbose', False)])




Best parameters: OrderedDict([('regressor__regressor__n_estimators', 1371), ('regressor__regressor__natural_gradient', True), ('regressor__regressor__verbose', False)])




Best parameters: OrderedDict([('regressor__regressor__n_estimators', 1515), ('regressor__regressor__natural_gradient', True), ('regressor__regressor__verbose', False)])




Best parameters: OrderedDict([('regressor__regressor__n_estimators', 2000), ('regressor__regressor__natural_gradient', True), ('regressor__regressor__verbose', False)])





OPTIMIZING HYPERPARAMETERS FOR REGRESSOR NGB 	SEED: 1234567890


Best parameters: OrderedDict([('regressor__regressor__n_estimators', 1998), ('regressor__regressor__natural_gradient', True), ('regressor__regressor__verbose', False)])





OPTIMIZING HYPERPARAMETERS FOR REGRESSOR NGB 	SEED: 1234567890


Best parameters: OrderedDict([('regressor__regressor__n_estimators', 1539), ('regressor__regressor__natural_gradient', True), ('regressor__regressor__verbose', False)])





OPTIMIZING HYPERPARAMETERS FOR REGRESSOR NGB 	SEED: 1234567890


Best parameters: OrderedDict([('regressor__regressor__n_estimators', 2000), ('regressor__regressor__natural_gradient', True), ('regressor__regressor__verbose', False)])





OPTIMIZING HYPERPARAMETERS FOR REGRESSOR NGB 	SEED: 1234567890


Best parameters: OrderedDict([('regressor__regressor__n_estimators', 2000), ('regressor__regressor__natural_gradient', True), ('regressor__regressor__verbose', False)])





OPTIMIZING HYPERPARAMETERS FOR REGRESSOR NGB 	SEED: 1234567890


Best parameters: OrderedDict([('regressor__regressor__n_estimators', 1996), ('regressor__regressor__natural_gradient', True), ('regressor__regressor__verbose', False)])





-------------------------------------------------- 
OPTIMIZING HYPERPARAMETERS FOR REGRESSOR NGB 	SEED: 473129


Best parameters: OrderedDict([('regressor__regressor__n_estimators', 2000), ('regressor__regressor__natural_gradient', True), ('regressor__regressor__verbose', False)])




Best parameters: OrderedDict([('regressor__regressor__n_estimators', 1071), ('regressor__regressor__natural_gradient', True), ('regressor__regressor__verbose', False)])




Best parameters: OrderedDict([('regressor__regressor__n_estimators', 1688), ('regressor__regressor__natural_gradient', True), ('regressor__regressor__verbose', False)])




Best parameters: OrderedDict([('regressor__regressor__n_estimators', 1688), ('regressor__regressor__natural_gradient', True), ('regressor__regressor__verbose', False)])




Best parameters: OrderedDict([('regressor__regressor__n_estimators', 1028), ('regressor__regressor__natural_gradient', True), ('regressor__regressor__verbose', False)])





OPTIMIZING HYPERPARAMETERS FOR REGRESSOR NGB 	SEED: 473129


Best parameters: OrderedDict([('regressor__regressor__n_estimators', 1998), ('regressor__regressor__natural_gradient', True), ('regressor__regressor__verbose', False)])





OPTIMIZING HYPERPARAMETERS FOR REGRESSOR NGB 	SEED: 473129


Best parameters: OrderedDict([('regressor__regressor__n_estimators', 2000), ('regressor__regressor__natural_gradient', True), ('regressor__regressor__verbose', False)])





OPTIMIZING HYPERPARAMETERS FOR REGRESSOR NGB 	SEED: 473129


Best parameters: OrderedDict([('regressor__regressor__n_estimators', 1997), ('regressor__regressor__natural_gradient', True), ('regressor__regressor__verbose', False)])





OPTIMIZING HYPERPARAMETERS FOR REGRESSOR NGB 	SEED: 473129


Best parameters: OrderedDict([('regressor__regressor__n_estimators', 1590), ('regressor__regressor__natural_gradient', True), ('regressor__regressor__verbose', False)])





OPTIMIZING HYPERPARAMETERS FOR REGRESSOR NGB 	SEED: 473129


Best parameters: OrderedDict([('regressor__regressor__n_estimators', 1915), ('regressor__regressor__natural_gradient', True), ('regressor__regressor__verbose', False)])





-------------------------------------------------- 
OOD TEST ON 1



-------------------------------------------------- 
OPTIMIZING HYPERPARAMETERS FOR REGRESSOR NGB 	SEED: 6


Best parameters: OrderedDict([('regressor__regressor__n_estimators', 1999), ('regressor__regressor__natural_gradient', True), ('regressor__regressor__verbose', False)])




Best parameters: OrderedDict([('regressor__regressor__n_estimators', 1456), ('regressor__regressor__natural_gradient', True), ('regressor__regressor__verbose', False)])




Best parameters: OrderedDict([('regressor__regressor__n_estimators', 1711), ('regressor__regressor__natural_gradient', True), ('regressor__regressor__verbose', False)])




Best parameters: OrderedDict([('regressor__regressor__n_estimators', 2000), ('regressor__regressor__natural_gradient', True), ('regressor__regressor__verbose', False)])




Best parameters: OrderedDict([('regressor__regressor__n_estimators', 2000), ('regressor__regressor__natural_gradient', True), ('regressor__regressor__verbose', False)])





OPTIMIZING HYPERPARAMETERS FOR REGRESSOR NGB 	SEED: 6


Best parameters: OrderedDict([('regressor__regressor__n_estimators', 2000), ('regressor__regressor__natural_gradient', True), ('regressor__regressor__verbose', False)])





OPTIMIZING HYPERPARAMETERS FOR REGRESSOR NGB 	SEED: 6


Best parameters: OrderedDict([('regressor__regressor__n_estimators', 883), ('regressor__regressor__natural_gradient', True), ('regressor__regressor__verbose', False)])





OPTIMIZING HYPERPARAMETERS FOR REGRESSOR NGB 	SEED: 6


Best parameters: OrderedDict([('regressor__regressor__n_estimators', 1931), ('regressor__regressor__natural_gradient', True), ('regressor__regressor__verbose', False)])





OPTIMIZING HYPERPARAMETERS FOR REGRESSOR NGB 	SEED: 6


Best parameters: OrderedDict([('regressor__regressor__n_estimators', 1811), ('regressor__regressor__natural_gradient', True), ('regressor__regressor__verbose', False)])





OPTIMIZING HYPERPARAMETERS FOR REGRESSOR NGB 	SEED: 6


Best parameters: OrderedDict([('regressor__regressor__n_estimators', 1999), ('regressor__regressor__natural_gradient', True), ('regressor__regressor__verbose', False)])





-------------------------------------------------- 
OPTIMIZING HYPERPARAMETERS FOR REGRESSOR NGB 	SEED: 13


Best parameters: OrderedDict([('regressor__regressor__n_estimators', 436), ('regressor__regressor__natural_gradient', True), ('regressor__regressor__verbose', False)])




Best parameters: OrderedDict([('regressor__regressor__n_estimators', 2000), ('regressor__regressor__natural_gradient', True), ('regressor__regressor__verbose', False)])




Best parameters: OrderedDict([('regressor__regressor__n_estimators', 1652), ('regressor__regressor__natural_gradient', True), ('regressor__regressor__verbose', False)])




Best parameters: OrderedDict([('regressor__regressor__n_estimators', 1611), ('regressor__regressor__natural_gradient', True), ('regressor__regressor__verbose', False)])




Best parameters: OrderedDict([('regressor__regressor__n_estimators', 1652), ('regressor__regressor__natural_gradient', True), ('regressor__regressor__verbose', False)])





OPTIMIZING HYPERPARAMETERS FOR REGRESSOR NGB 	SEED: 13


Best parameters: OrderedDict([('regressor__regressor__n_estimators', 1313), ('regressor__regressor__natural_gradient', True), ('regressor__regressor__verbose', False)])





OPTIMIZING HYPERPARAMETERS FOR REGRESSOR NGB 	SEED: 13


Best parameters: OrderedDict([('regressor__regressor__n_estimators', 1999), ('regressor__regressor__natural_gradient', True), ('regressor__regressor__verbose', False)])





OPTIMIZING HYPERPARAMETERS FOR REGRESSOR NGB 	SEED: 13


Best parameters: OrderedDict([('regressor__regressor__n_estimators', 2000), ('regressor__regressor__natural_gradient', True), ('regressor__regressor__verbose', False)])





OPTIMIZING HYPERPARAMETERS FOR REGRESSOR NGB 	SEED: 13


Best parameters: OrderedDict([('regressor__regressor__n_estimators', 2000), ('regressor__regressor__natural_gradient', True), ('regressor__regressor__verbose', False)])





OPTIMIZING HYPERPARAMETERS FOR REGRESSOR NGB 	SEED: 13


Best parameters: OrderedDict([('regressor__regressor__n_estimators', 1999), ('regressor__regressor__natural_gradient', True), ('regressor__regressor__verbose', False)])





-------------------------------------------------- 
OPTIMIZING HYPERPARAMETERS FOR REGRESSOR NGB 	SEED: 42


Best parameters: OrderedDict([('regressor__regressor__n_estimators', 2000), ('regressor__regressor__natural_gradient', True), ('regressor__regressor__verbose', False)])




Best parameters: OrderedDict([('regressor__regressor__n_estimators', 1998), ('regressor__regressor__natural_gradient', True), ('regressor__regressor__verbose', False)])




Best parameters: OrderedDict([('regressor__regressor__n_estimators', 1677), ('regressor__regressor__natural_gradient', True), ('regressor__regressor__verbose', False)])




Best parameters: OrderedDict([('regressor__regressor__n_estimators', 1606), ('regressor__regressor__natural_gradient', True), ('regressor__regressor__verbose', False)])




Best parameters: OrderedDict([('regressor__regressor__n_estimators', 1998), ('regressor__regressor__natural_gradient', True), ('regressor__regressor__verbose', False)])





OPTIMIZING HYPERPARAMETERS FOR REGRESSOR NGB 	SEED: 42


Best parameters: OrderedDict([('regressor__regressor__n_estimators', 1997), ('regressor__regressor__natural_gradient', True), ('regressor__regressor__verbose', False)])





OPTIMIZING HYPERPARAMETERS FOR REGRESSOR NGB 	SEED: 42


Best parameters: OrderedDict([('regressor__regressor__n_estimators', 2000), ('regressor__regressor__natural_gradient', True), ('regressor__regressor__verbose', False)])





OPTIMIZING HYPERPARAMETERS FOR REGRESSOR NGB 	SEED: 42


Best parameters: OrderedDict([('regressor__regressor__n_estimators', 1998), ('regressor__regressor__natural_gradient', True), ('regressor__regressor__verbose', False)])





OPTIMIZING HYPERPARAMETERS FOR REGRESSOR NGB 	SEED: 42


Best parameters: OrderedDict([('regressor__regressor__n_estimators', 1998), ('regressor__regressor__natural_gradient', True), ('regressor__regressor__verbose', False)])





OPTIMIZING HYPERPARAMETERS FOR REGRESSOR NGB 	SEED: 42


Best parameters: OrderedDict([('regressor__regressor__n_estimators', 1697), ('regressor__regressor__natural_gradient', True), ('regressor__regressor__verbose', False)])





-------------------------------------------------- 
OPTIMIZING HYPERPARAMETERS FOR REGRESSOR NGB 	SEED: 69


Best parameters: OrderedDict([('regressor__regressor__n_estimators', 1998), ('regressor__regressor__natural_gradient', True), ('regressor__regressor__verbose', False)])




Best parameters: OrderedDict([('regressor__regressor__n_estimators', 1998), ('regressor__regressor__natural_gradient', True), ('regressor__regressor__verbose', False)])




Best parameters: OrderedDict([('regressor__regressor__n_estimators', 935), ('regressor__regressor__natural_gradient', True), ('regressor__regressor__verbose', False)])




Best parameters: OrderedDict([('regressor__regressor__n_estimators', 1630), ('regressor__regressor__natural_gradient', True), ('regressor__regressor__verbose', False)])




Best parameters: OrderedDict([('regressor__regressor__n_estimators', 1999), ('regressor__regressor__natural_gradient', True), ('regressor__regressor__verbose', False)])





OPTIMIZING HYPERPARAMETERS FOR REGRESSOR NGB 	SEED: 69


Best parameters: OrderedDict([('regressor__regressor__n_estimators', 1999), ('regressor__regressor__natural_gradient', True), ('regressor__regressor__verbose', False)])





OPTIMIZING HYPERPARAMETERS FOR REGRESSOR NGB 	SEED: 69


Best parameters: OrderedDict([('regressor__regressor__n_estimators', 1998), ('regressor__regressor__natural_gradient', True), ('regressor__regressor__verbose', False)])





OPTIMIZING HYPERPARAMETERS FOR REGRESSOR NGB 	SEED: 69


Best parameters: OrderedDict([('regressor__regressor__n_estimators', 1994), ('regressor__regressor__natural_gradient', True), ('regressor__regressor__verbose', False)])





OPTIMIZING HYPERPARAMETERS FOR REGRESSOR NGB 	SEED: 69


Best parameters: OrderedDict([('regressor__regressor__n_estimators', 1998), ('regressor__regressor__natural_gradient', True), ('regressor__regressor__verbose', False)])





OPTIMIZING HYPERPARAMETERS FOR REGRESSOR NGB 	SEED: 69


Best parameters: OrderedDict([('regressor__regressor__n_estimators', 2000), ('regressor__regressor__natural_gradient', True), ('regressor__regressor__verbose', False)])





-------------------------------------------------- 
OPTIMIZING HYPERPARAMETERS FOR REGRESSOR NGB 	SEED: 420


Best parameters: OrderedDict([('regressor__regressor__n_estimators', 1999), ('regressor__regressor__natural_gradient', True), ('regressor__regressor__verbose', False)])




Best parameters: OrderedDict([('regressor__regressor__n_estimators', 1192), ('regressor__regressor__natural_gradient', True), ('regressor__regressor__verbose', False)])




Best parameters: OrderedDict([('regressor__regressor__n_estimators', 1998), ('regressor__regressor__natural_gradient', True), ('regressor__regressor__verbose', False)])




Best parameters: OrderedDict([('regressor__regressor__n_estimators', 1780), ('regressor__regressor__natural_gradient', True), ('regressor__regressor__verbose', False)])




Best parameters: OrderedDict([('regressor__regressor__n_estimators', 1622), ('regressor__regressor__natural_gradient', True), ('regressor__regressor__verbose', False)])





OPTIMIZING HYPERPARAMETERS FOR REGRESSOR NGB 	SEED: 420


Best parameters: OrderedDict([('regressor__regressor__n_estimators', 1998), ('regressor__regressor__natural_gradient', True), ('regressor__regressor__verbose', False)])





OPTIMIZING HYPERPARAMETERS FOR REGRESSOR NGB 	SEED: 420


Best parameters: OrderedDict([('regressor__regressor__n_estimators', 1998), ('regressor__regressor__natural_gradient', True), ('regressor__regressor__verbose', False)])





OPTIMIZING HYPERPARAMETERS FOR REGRESSOR NGB 	SEED: 420


Best parameters: OrderedDict([('regressor__regressor__n_estimators', 1999), ('regressor__regressor__natural_gradient', True), ('regressor__regressor__verbose', False)])





OPTIMIZING HYPERPARAMETERS FOR REGRESSOR NGB 	SEED: 420


Best parameters: OrderedDict([('regressor__regressor__n_estimators', 2000), ('regressor__regressor__natural_gradient', True), ('regressor__regressor__verbose', False)])





OPTIMIZING HYPERPARAMETERS FOR REGRESSOR NGB 	SEED: 420


Best parameters: OrderedDict([('regressor__regressor__n_estimators', 2000), ('regressor__regressor__natural_gradient', True), ('regressor__regressor__verbose', False)])





-------------------------------------------------- 
OPTIMIZING HYPERPARAMETERS FOR REGRESSOR NGB 	SEED: 1234567890


Best parameters: OrderedDict([('regressor__regressor__n_estimators', 1205), ('regressor__regressor__natural_gradient', True), ('regressor__regressor__verbose', False)])




Best parameters: OrderedDict([('regressor__regressor__n_estimators', 774), ('regressor__regressor__natural_gradient', True), ('regressor__regressor__verbose', False)])




Best parameters: OrderedDict([('regressor__regressor__n_estimators', 1492), ('regressor__regressor__natural_gradient', True), ('regressor__regressor__verbose', False)])




Best parameters: OrderedDict([('regressor__regressor__n_estimators', 1411), ('regressor__regressor__natural_gradient', True), ('regressor__regressor__verbose', False)])




Best parameters: OrderedDict([('regressor__regressor__n_estimators', 1749), ('regressor__regressor__natural_gradient', True), ('regressor__regressor__verbose', False)])





OPTIMIZING HYPERPARAMETERS FOR REGRESSOR NGB 	SEED: 1234567890


Best parameters: OrderedDict([('regressor__regressor__n_estimators', 2000), ('regressor__regressor__natural_gradient', True), ('regressor__regressor__verbose', False)])





OPTIMIZING HYPERPARAMETERS FOR REGRESSOR NGB 	SEED: 1234567890


Best parameters: OrderedDict([('regressor__regressor__n_estimators', 2000), ('regressor__regressor__natural_gradient', True), ('regressor__regressor__verbose', False)])





OPTIMIZING HYPERPARAMETERS FOR REGRESSOR NGB 	SEED: 1234567890


Best parameters: OrderedDict([('regressor__regressor__n_estimators', 1999), ('regressor__regressor__natural_gradient', True), ('regressor__regressor__verbose', False)])





OPTIMIZING HYPERPARAMETERS FOR REGRESSOR NGB 	SEED: 1234567890


Best parameters: OrderedDict([('regressor__regressor__n_estimators', 1998), ('regressor__regressor__natural_gradient', True), ('regressor__regressor__verbose', False)])





OPTIMIZING HYPERPARAMETERS FOR REGRESSOR NGB 	SEED: 1234567890


Best parameters: OrderedDict([('regressor__regressor__n_estimators', 1996), ('regressor__regressor__natural_gradient', True), ('regressor__regressor__verbose', False)])





-------------------------------------------------- 
OPTIMIZING HYPERPARAMETERS FOR REGRESSOR NGB 	SEED: 473129


Best parameters: OrderedDict([('regressor__regressor__n_estimators', 1688), ('regressor__regressor__natural_gradient', True), ('regressor__regressor__verbose', False)])




Best parameters: OrderedDict([('regressor__regressor__n_estimators', 1458), ('regressor__regressor__natural_gradient', True), ('regressor__regressor__verbose', False)])




Best parameters: OrderedDict([('regressor__regressor__n_estimators', 1999), ('regressor__regressor__natural_gradient', True), ('regressor__regressor__verbose', False)])




Best parameters: OrderedDict([('regressor__regressor__n_estimators', 1328), ('regressor__regressor__natural_gradient', True), ('regressor__regressor__verbose', False)])




Best parameters: OrderedDict([('regressor__regressor__n_estimators', 1999), ('regressor__regressor__natural_gradient', True), ('regressor__regressor__verbose', False)])





OPTIMIZING HYPERPARAMETERS FOR REGRESSOR NGB 	SEED: 473129


Best parameters: OrderedDict([('regressor__regressor__n_estimators', 1772), ('regressor__regressor__natural_gradient', True), ('regressor__regressor__verbose', False)])





OPTIMIZING HYPERPARAMETERS FOR REGRESSOR NGB 	SEED: 473129


Best parameters: OrderedDict([('regressor__regressor__n_estimators', 1998), ('regressor__regressor__natural_gradient', True), ('regressor__regressor__verbose', False)])





OPTIMIZING HYPERPARAMETERS FOR REGRESSOR NGB 	SEED: 473129


Best parameters: OrderedDict([('regressor__regressor__n_estimators', 1999), ('regressor__regressor__natural_gradient', True), ('regressor__regressor__verbose', False)])





OPTIMIZING HYPERPARAMETERS FOR REGRESSOR NGB 	SEED: 473129


Best parameters: OrderedDict([('regressor__regressor__n_estimators', 1522), ('regressor__regressor__natural_gradient', True), ('regressor__regressor__verbose', False)])





OPTIMIZING HYPERPARAMETERS FOR REGRESSOR NGB 	SEED: 473129


Best parameters: OrderedDict([('regressor__regressor__n_estimators', 1926), ('regressor__regressor__natural_gradient', True), ('regressor__regressor__verbose', False)])


Filename: (MACCS-Xn-Mw-PDI-concentration-temperature-polymer dP-polymer dD-polymer dH-solvent dP-solvent dD-solvent dH)_NGB_Standard
Done Saving scores!

------------------------------------------------------------
Sender: LSF System <lsfadmin@c022n04>
Subject: Job 210138: <NGB_log Rg (nm)_MACCS_Trimer_HBD3 MACCS cluster_20250417> in cluster <Hazel> Done

Job <NGB_log Rg (nm)_MACCS_Trimer_HBD3 MACCS cluster_20250417> was submitted from host <c010n01> by user <sdehgha2> in cluster <Hazel> at Thu Apr 17 18:40:26 2025
Job was executed on host(s) <6*c022n04>, in queue <single_chassis>, as user <sdehgha2> in cluster <Hazel> at Thu Apr 17 19:27:28 2025
</home/sdehgha2> was used as the home directory.
</share/ddomlab/sdehgha2/working-space/main/P1_pls-dataset/pls-dataset-space/PLS-Dataset/code_/training/hpc_submit_training_Rh> was used as the working directory.
Started at Thu Apr 17 19:27:28 2025
Terminated at Fri Apr 18 14:50:33 2025
Results reported at Fri Apr 18 14:50:33 2025

Your job looked like:

------------------------------------------------------------
# LSBATCH: User input



#BSUB -n 6
#BSUB -W 72:05
#BSUB -R span[hosts=1]
#BSUB -R "rusage[mem=16GB]"
#BSUB -J "NGB_log Rg (nm)_MACCS_Trimer_HBD3 MACCS cluster_20250417"  
#BSUB -o "/share/ddomlab/sdehgha2/working-space/main/P1_pls-dataset/pls-dataset-space/PLS-Dataset/results/hpc_20250417/NGB_log Rg (nm)_MACCS_Trimer_HBD3 MACCS cluster_20250417.out"
#BSUB -e "/share/ddomlab/sdehgha2/working-space/main/P1_pls-dataset/pls-dataset-space/PLS-Dataset/results/hpc_20250417/NGB_log Rg (nm)_MACCS_Trimer_HBD3 MACCS cluster_20250417.err"

source ~/.bashrc
conda activate /usr/local/usrapps/ddomlab/sdehgha2/pls-dataset-env
python ../make_ood_prediction.py --target_features "log Rg (nm)"                                   --representation "MACCS"                                   --regressor_type "NGB"                                   --oligomer_representation "Trimer"                                   --numerical_feats 'Xn' 'Mw (g/mol)' 'PDI' 'Concentration (mg/ml)' 'Temperature SANS/SLS/DLS/SEC (K)' "polymer dP" "polymer dD" "polymer dH" 'solvent dP' 'solvent dD' 'solvent dH'                                   --clustering_method "HBD3 MACCS cluster" 



------------------------------------------------------------

Successfully completed.

Resource usage summary:

    CPU time :                                   298835.00 sec.
    Max Memory :                                 3 GB
    Average Memory :                             2.99 GB
    Total Requested Memory :                     16.00 GB
    Delta Memory :                               13.00 GB
    Max Swap :                                   -
    Max Processes :                              38
    Max Threads :                                41
    Run time :                                   69787 sec.
    Turnaround time :                            72607 sec.

The output (if any) is above this job summary.



PS:

Read file </share/ddomlab/sdehgha2/working-space/main/P1_pls-dataset/pls-dataset-space/PLS-Dataset/results/hpc_20250417/NGB_log Rg (nm)_MACCS_Trimer_HBD3 MACCS cluster_20250417.err> for stderr output of this job.

