


-------------------------------------------------- 
OOD TEST ON Fluorene



-------------------------------------------------- 
OPTIMIZING HYPERPARAMETERS FOR REGRESSOR NGB 	SEED: 6


Best parameters: OrderedDict([('regressor__regressor__n_estimators', 2000), ('regressor__regressor__natural_gradient', True), ('regressor__regressor__verbose', False)])




Best parameters: OrderedDict([('regressor__regressor__n_estimators', 1999), ('regressor__regressor__natural_gradient', True), ('regressor__regressor__verbose', False)])




Best parameters: OrderedDict([('regressor__regressor__n_estimators', 2000), ('regressor__regressor__natural_gradient', True), ('regressor__regressor__verbose', False)])




Best parameters: OrderedDict([('regressor__regressor__n_estimators', 892), ('regressor__regressor__natural_gradient', True), ('regressor__regressor__verbose', False)])




Best parameters: OrderedDict([('regressor__regressor__n_estimators', 1997), ('regressor__regressor__natural_gradient', True), ('regressor__regressor__verbose', False)])





OPTIMIZING HYPERPARAMETERS FOR REGRESSOR NGB 	SEED: 6


Best parameters: OrderedDict([('regressor__regressor__n_estimators', 1999), ('regressor__regressor__natural_gradient', True), ('regressor__regressor__verbose', False)])





OPTIMIZING HYPERPARAMETERS FOR REGRESSOR NGB 	SEED: 6


Best parameters: OrderedDict([('regressor__regressor__n_estimators', 1997), ('regressor__regressor__natural_gradient', True), ('regressor__regressor__verbose', False)])





OPTIMIZING HYPERPARAMETERS FOR REGRESSOR NGB 	SEED: 6


Best parameters: OrderedDict([('regressor__regressor__n_estimators', 1998), ('regressor__regressor__natural_gradient', True), ('regressor__regressor__verbose', False)])





OPTIMIZING HYPERPARAMETERS FOR REGRESSOR NGB 	SEED: 6


Best parameters: OrderedDict([('regressor__regressor__n_estimators', 1570), ('regressor__regressor__natural_gradient', True), ('regressor__regressor__verbose', False)])





OPTIMIZING HYPERPARAMETERS FOR REGRESSOR NGB 	SEED: 6


Best parameters: OrderedDict([('regressor__regressor__n_estimators', 1998), ('regressor__regressor__natural_gradient', True), ('regressor__regressor__verbose', False)])





-------------------------------------------------- 
OPTIMIZING HYPERPARAMETERS FOR REGRESSOR NGB 	SEED: 13


Best parameters: OrderedDict([('regressor__regressor__n_estimators', 1652), ('regressor__regressor__natural_gradient', True), ('regressor__regressor__verbose', False)])




Best parameters: OrderedDict([('regressor__regressor__n_estimators', 1998), ('regressor__regressor__natural_gradient', True), ('regressor__regressor__verbose', False)])




Best parameters: OrderedDict([('regressor__regressor__n_estimators', 1511), ('regressor__regressor__natural_gradient', True), ('regressor__regressor__verbose', False)])




Best parameters: OrderedDict([('regressor__regressor__n_estimators', 2000), ('regressor__regressor__natural_gradient', True), ('regressor__regressor__verbose', False)])




Best parameters: OrderedDict([('regressor__regressor__n_estimators', 1288), ('regressor__regressor__natural_gradient', True), ('regressor__regressor__verbose', False)])





OPTIMIZING HYPERPARAMETERS FOR REGRESSOR NGB 	SEED: 13


Best parameters: OrderedDict([('regressor__regressor__n_estimators', 1999), ('regressor__regressor__natural_gradient', True), ('regressor__regressor__verbose', False)])





OPTIMIZING HYPERPARAMETERS FOR REGRESSOR NGB 	SEED: 13


Best parameters: OrderedDict([('regressor__regressor__n_estimators', 1998), ('regressor__regressor__natural_gradient', True), ('regressor__regressor__verbose', False)])





OPTIMIZING HYPERPARAMETERS FOR REGRESSOR NGB 	SEED: 13


Best parameters: OrderedDict([('regressor__regressor__n_estimators', 1739), ('regressor__regressor__natural_gradient', True), ('regressor__regressor__verbose', False)])





OPTIMIZING HYPERPARAMETERS FOR REGRESSOR NGB 	SEED: 13


Best parameters: OrderedDict([('regressor__regressor__n_estimators', 2000), ('regressor__regressor__natural_gradient', True), ('regressor__regressor__verbose', False)])





OPTIMIZING HYPERPARAMETERS FOR REGRESSOR NGB 	SEED: 13


Best parameters: OrderedDict([('regressor__regressor__n_estimators', 1998), ('regressor__regressor__natural_gradient', True), ('regressor__regressor__verbose', False)])





-------------------------------------------------- 
OPTIMIZING HYPERPARAMETERS FOR REGRESSOR NGB 	SEED: 42


Best parameters: OrderedDict([('regressor__regressor__n_estimators', 1691), ('regressor__regressor__natural_gradient', True), ('regressor__regressor__verbose', False)])




Best parameters: OrderedDict([('regressor__regressor__n_estimators', 1523), ('regressor__regressor__natural_gradient', True), ('regressor__regressor__verbose', False)])




Best parameters: OrderedDict([('regressor__regressor__n_estimators', 2000), ('regressor__regressor__natural_gradient', True), ('regressor__regressor__verbose', False)])




Best parameters: OrderedDict([('regressor__regressor__n_estimators', 1755), ('regressor__regressor__natural_gradient', True), ('regressor__regressor__verbose', False)])




Best parameters: OrderedDict([('regressor__regressor__n_estimators', 1464), ('regressor__regressor__natural_gradient', True), ('regressor__regressor__verbose', False)])





OPTIMIZING HYPERPARAMETERS FOR REGRESSOR NGB 	SEED: 42


Best parameters: OrderedDict([('regressor__regressor__n_estimators', 2000), ('regressor__regressor__natural_gradient', True), ('regressor__regressor__verbose', False)])





OPTIMIZING HYPERPARAMETERS FOR REGRESSOR NGB 	SEED: 42


Best parameters: OrderedDict([('regressor__regressor__n_estimators', 1142), ('regressor__regressor__natural_gradient', True), ('regressor__regressor__verbose', False)])





OPTIMIZING HYPERPARAMETERS FOR REGRESSOR NGB 	SEED: 42


Best parameters: OrderedDict([('regressor__regressor__n_estimators', 1873), ('regressor__regressor__natural_gradient', True), ('regressor__regressor__verbose', False)])





OPTIMIZING HYPERPARAMETERS FOR REGRESSOR NGB 	SEED: 42


Best parameters: OrderedDict([('regressor__regressor__n_estimators', 1997), ('regressor__regressor__natural_gradient', True), ('regressor__regressor__verbose', False)])





OPTIMIZING HYPERPARAMETERS FOR REGRESSOR NGB 	SEED: 42


Best parameters: OrderedDict([('regressor__regressor__n_estimators', 1998), ('regressor__regressor__natural_gradient', True), ('regressor__regressor__verbose', False)])





-------------------------------------------------- 
OPTIMIZING HYPERPARAMETERS FOR REGRESSOR NGB 	SEED: 69


Best parameters: OrderedDict([('regressor__regressor__n_estimators', 1610), ('regressor__regressor__natural_gradient', True), ('regressor__regressor__verbose', False)])




Best parameters: OrderedDict([('regressor__regressor__n_estimators', 1998), ('regressor__regressor__natural_gradient', True), ('regressor__regressor__verbose', False)])




Best parameters: OrderedDict([('regressor__regressor__n_estimators', 2000), ('regressor__regressor__natural_gradient', True), ('regressor__regressor__verbose', False)])




Best parameters: OrderedDict([('regressor__regressor__n_estimators', 2000), ('regressor__regressor__natural_gradient', True), ('regressor__regressor__verbose', False)])




Best parameters: OrderedDict([('regressor__regressor__n_estimators', 1272), ('regressor__regressor__natural_gradient', True), ('regressor__regressor__verbose', False)])





OPTIMIZING HYPERPARAMETERS FOR REGRESSOR NGB 	SEED: 69


Best parameters: OrderedDict([('regressor__regressor__n_estimators', 1994), ('regressor__regressor__natural_gradient', True), ('regressor__regressor__verbose', False)])





OPTIMIZING HYPERPARAMETERS FOR REGRESSOR NGB 	SEED: 69


Best parameters: OrderedDict([('regressor__regressor__n_estimators', 2000), ('regressor__regressor__natural_gradient', True), ('regressor__regressor__verbose', False)])





OPTIMIZING HYPERPARAMETERS FOR REGRESSOR NGB 	SEED: 69


Best parameters: OrderedDict([('regressor__regressor__n_estimators', 1999), ('regressor__regressor__natural_gradient', True), ('regressor__regressor__verbose', False)])





OPTIMIZING HYPERPARAMETERS FOR REGRESSOR NGB 	SEED: 69


Best parameters: OrderedDict([('regressor__regressor__n_estimators', 2000), ('regressor__regressor__natural_gradient', True), ('regressor__regressor__verbose', False)])





OPTIMIZING HYPERPARAMETERS FOR REGRESSOR NGB 	SEED: 69


Best parameters: OrderedDict([('regressor__regressor__n_estimators', 1994), ('regressor__regressor__natural_gradient', True), ('regressor__regressor__verbose', False)])





-------------------------------------------------- 
OPTIMIZING HYPERPARAMETERS FOR REGRESSOR NGB 	SEED: 420


Best parameters: OrderedDict([('regressor__regressor__n_estimators', 1760), ('regressor__regressor__natural_gradient', True), ('regressor__regressor__verbose', False)])




Best parameters: OrderedDict([('regressor__regressor__n_estimators', 1180), ('regressor__regressor__natural_gradient', True), ('regressor__regressor__verbose', False)])




Best parameters: OrderedDict([('regressor__regressor__n_estimators', 1999), ('regressor__regressor__natural_gradient', True), ('regressor__regressor__verbose', False)])




Best parameters: OrderedDict([('regressor__regressor__n_estimators', 1635), ('regressor__regressor__natural_gradient', True), ('regressor__regressor__verbose', False)])




Best parameters: OrderedDict([('regressor__regressor__n_estimators', 1700), ('regressor__regressor__natural_gradient', True), ('regressor__regressor__verbose', False)])





OPTIMIZING HYPERPARAMETERS FOR REGRESSOR NGB 	SEED: 420


Best parameters: OrderedDict([('regressor__regressor__n_estimators', 1686), ('regressor__regressor__natural_gradient', True), ('regressor__regressor__verbose', False)])





OPTIMIZING HYPERPARAMETERS FOR REGRESSOR NGB 	SEED: 420


Best parameters: OrderedDict([('regressor__regressor__n_estimators', 2000), ('regressor__regressor__natural_gradient', True), ('regressor__regressor__verbose', False)])





OPTIMIZING HYPERPARAMETERS FOR REGRESSOR NGB 	SEED: 420


Best parameters: OrderedDict([('regressor__regressor__n_estimators', 2000), ('regressor__regressor__natural_gradient', True), ('regressor__regressor__verbose', False)])





OPTIMIZING HYPERPARAMETERS FOR REGRESSOR NGB 	SEED: 420


Best parameters: OrderedDict([('regressor__regressor__n_estimators', 1795), ('regressor__regressor__natural_gradient', True), ('regressor__regressor__verbose', False)])





OPTIMIZING HYPERPARAMETERS FOR REGRESSOR NGB 	SEED: 420


Best parameters: OrderedDict([('regressor__regressor__n_estimators', 1511), ('regressor__regressor__natural_gradient', True), ('regressor__regressor__verbose', False)])





-------------------------------------------------- 
OPTIMIZING HYPERPARAMETERS FOR REGRESSOR NGB 	SEED: 1234567890


Best parameters: OrderedDict([('regressor__regressor__n_estimators', 1553), ('regressor__regressor__natural_gradient', True), ('regressor__regressor__verbose', False)])




Best parameters: OrderedDict([('regressor__regressor__n_estimators', 2000), ('regressor__regressor__natural_gradient', True), ('regressor__regressor__verbose', False)])




Best parameters: OrderedDict([('regressor__regressor__n_estimators', 1799), ('regressor__regressor__natural_gradient', True), ('regressor__regressor__verbose', False)])




Best parameters: OrderedDict([('regressor__regressor__n_estimators', 1226), ('regressor__regressor__natural_gradient', True), ('regressor__regressor__verbose', False)])




Best parameters: OrderedDict([('regressor__regressor__n_estimators', 1165), ('regressor__regressor__natural_gradient', True), ('regressor__regressor__verbose', False)])





OPTIMIZING HYPERPARAMETERS FOR REGRESSOR NGB 	SEED: 1234567890


Best parameters: OrderedDict([('regressor__regressor__n_estimators', 1999), ('regressor__regressor__natural_gradient', True), ('regressor__regressor__verbose', False)])





OPTIMIZING HYPERPARAMETERS FOR REGRESSOR NGB 	SEED: 1234567890


Best parameters: OrderedDict([('regressor__regressor__n_estimators', 1755), ('regressor__regressor__natural_gradient', True), ('regressor__regressor__verbose', False)])





OPTIMIZING HYPERPARAMETERS FOR REGRESSOR NGB 	SEED: 1234567890


Best parameters: OrderedDict([('regressor__regressor__n_estimators', 1819), ('regressor__regressor__natural_gradient', True), ('regressor__regressor__verbose', False)])





OPTIMIZING HYPERPARAMETERS FOR REGRESSOR NGB 	SEED: 1234567890


Best parameters: OrderedDict([('regressor__regressor__n_estimators', 1999), ('regressor__regressor__natural_gradient', True), ('regressor__regressor__verbose', False)])





OPTIMIZING HYPERPARAMETERS FOR REGRESSOR NGB 	SEED: 1234567890


Best parameters: OrderedDict([('regressor__regressor__n_estimators', 1998), ('regressor__regressor__natural_gradient', True), ('regressor__regressor__verbose', False)])





-------------------------------------------------- 
OPTIMIZING HYPERPARAMETERS FOR REGRESSOR NGB 	SEED: 473129


Best parameters: OrderedDict([('regressor__regressor__n_estimators', 1997), ('regressor__regressor__natural_gradient', True), ('regressor__regressor__verbose', False)])




Best parameters: OrderedDict([('regressor__regressor__n_estimators', 1522), ('regressor__regressor__natural_gradient', True), ('regressor__regressor__verbose', False)])




Best parameters: OrderedDict([('regressor__regressor__n_estimators', 1997), ('regressor__regressor__natural_gradient', True), ('regressor__regressor__verbose', False)])




Best parameters: OrderedDict([('regressor__regressor__n_estimators', 1684), ('regressor__regressor__natural_gradient', True), ('regressor__regressor__verbose', False)])




Best parameters: OrderedDict([('regressor__regressor__n_estimators', 1504), ('regressor__regressor__natural_gradient', True), ('regressor__regressor__verbose', False)])





OPTIMIZING HYPERPARAMETERS FOR REGRESSOR NGB 	SEED: 473129


Best parameters: OrderedDict([('regressor__regressor__n_estimators', 1688), ('regressor__regressor__natural_gradient', True), ('regressor__regressor__verbose', False)])





OPTIMIZING HYPERPARAMETERS FOR REGRESSOR NGB 	SEED: 473129


Best parameters: OrderedDict([('regressor__regressor__n_estimators', 1999), ('regressor__regressor__natural_gradient', True), ('regressor__regressor__verbose', False)])





OPTIMIZING HYPERPARAMETERS FOR REGRESSOR NGB 	SEED: 473129


Best parameters: OrderedDict([('regressor__regressor__n_estimators', 1999), ('regressor__regressor__natural_gradient', True), ('regressor__regressor__verbose', False)])





OPTIMIZING HYPERPARAMETERS FOR REGRESSOR NGB 	SEED: 473129


Best parameters: OrderedDict([('regressor__regressor__n_estimators', 1655), ('regressor__regressor__natural_gradient', True), ('regressor__regressor__verbose', False)])





OPTIMIZING HYPERPARAMETERS FOR REGRESSOR NGB 	SEED: 473129


Best parameters: OrderedDict([('regressor__regressor__n_estimators', 1999), ('regressor__regressor__natural_gradient', True), ('regressor__regressor__verbose', False)])





-------------------------------------------------- 
OOD TEST ON PPV



-------------------------------------------------- 
OPTIMIZING HYPERPARAMETERS FOR REGRESSOR NGB 	SEED: 6


Best parameters: OrderedDict([('regressor__regressor__n_estimators', 1997), ('regressor__regressor__natural_gradient', True), ('regressor__regressor__verbose', False)])




Best parameters: OrderedDict([('regressor__regressor__n_estimators', 1751), ('regressor__regressor__natural_gradient', True), ('regressor__regressor__verbose', False)])




Best parameters: OrderedDict([('regressor__regressor__n_estimators', 1999), ('regressor__regressor__natural_gradient', True), ('regressor__regressor__verbose', False)])




Best parameters: OrderedDict([('regressor__regressor__n_estimators', 2000), ('regressor__regressor__natural_gradient', True), ('regressor__regressor__verbose', False)])




Best parameters: OrderedDict([('regressor__regressor__n_estimators', 1998), ('regressor__regressor__natural_gradient', True), ('regressor__regressor__verbose', False)])





OPTIMIZING HYPERPARAMETERS FOR REGRESSOR NGB 	SEED: 6


Best parameters: OrderedDict([('regressor__regressor__n_estimators', 1851), ('regressor__regressor__natural_gradient', True), ('regressor__regressor__verbose', False)])





OPTIMIZING HYPERPARAMETERS FOR REGRESSOR NGB 	SEED: 6


Best parameters: OrderedDict([('regressor__regressor__n_estimators', 1998), ('regressor__regressor__natural_gradient', True), ('regressor__regressor__verbose', False)])





OPTIMIZING HYPERPARAMETERS FOR REGRESSOR NGB 	SEED: 6


Best parameters: OrderedDict([('regressor__regressor__n_estimators', 1999), ('regressor__regressor__natural_gradient', True), ('regressor__regressor__verbose', False)])





OPTIMIZING HYPERPARAMETERS FOR REGRESSOR NGB 	SEED: 6


Best parameters: OrderedDict([('regressor__regressor__n_estimators', 1687), ('regressor__regressor__natural_gradient', True), ('regressor__regressor__verbose', False)])





OPTIMIZING HYPERPARAMETERS FOR REGRESSOR NGB 	SEED: 6


Best parameters: OrderedDict([('regressor__regressor__n_estimators', 1995), ('regressor__regressor__natural_gradient', True), ('regressor__regressor__verbose', False)])





-------------------------------------------------- 
OPTIMIZING HYPERPARAMETERS FOR REGRESSOR NGB 	SEED: 13


Best parameters: OrderedDict([('regressor__regressor__n_estimators', 1739), ('regressor__regressor__natural_gradient', True), ('regressor__regressor__verbose', False)])




Best parameters: OrderedDict([('regressor__regressor__n_estimators', 1998), ('regressor__regressor__natural_gradient', True), ('regressor__regressor__verbose', False)])




Best parameters: OrderedDict([('regressor__regressor__n_estimators', 1673), ('regressor__regressor__natural_gradient', True), ('regressor__regressor__verbose', False)])




Best parameters: OrderedDict([('regressor__regressor__n_estimators', 1998), ('regressor__regressor__natural_gradient', True), ('regressor__regressor__verbose', False)])




Best parameters: OrderedDict([('regressor__regressor__n_estimators', 2000), ('regressor__regressor__natural_gradient', True), ('regressor__regressor__verbose', False)])





OPTIMIZING HYPERPARAMETERS FOR REGRESSOR NGB 	SEED: 13


Best parameters: OrderedDict([('regressor__regressor__n_estimators', 1824), ('regressor__regressor__natural_gradient', True), ('regressor__regressor__verbose', False)])





OPTIMIZING HYPERPARAMETERS FOR REGRESSOR NGB 	SEED: 13


Best parameters: OrderedDict([('regressor__regressor__n_estimators', 1999), ('regressor__regressor__natural_gradient', True), ('regressor__regressor__verbose', False)])





OPTIMIZING HYPERPARAMETERS FOR REGRESSOR NGB 	SEED: 13


Best parameters: OrderedDict([('regressor__regressor__n_estimators', 2000), ('regressor__regressor__natural_gradient', True), ('regressor__regressor__verbose', False)])





OPTIMIZING HYPERPARAMETERS FOR REGRESSOR NGB 	SEED: 13


Best parameters: OrderedDict([('regressor__regressor__n_estimators', 1999), ('regressor__regressor__natural_gradient', True), ('regressor__regressor__verbose', False)])





OPTIMIZING HYPERPARAMETERS FOR REGRESSOR NGB 	SEED: 13


Best parameters: OrderedDict([('regressor__regressor__n_estimators', 1998), ('regressor__regressor__natural_gradient', True), ('regressor__regressor__verbose', False)])





-------------------------------------------------- 
OPTIMIZING HYPERPARAMETERS FOR REGRESSOR NGB 	SEED: 42


Best parameters: OrderedDict([('regressor__regressor__n_estimators', 1776), ('regressor__regressor__natural_gradient', True), ('regressor__regressor__verbose', False)])




Best parameters: OrderedDict([('regressor__regressor__n_estimators', 2000), ('regressor__regressor__natural_gradient', True), ('regressor__regressor__verbose', False)])




Best parameters: OrderedDict([('regressor__regressor__n_estimators', 1999), ('regressor__regressor__natural_gradient', True), ('regressor__regressor__verbose', False)])




Best parameters: OrderedDict([('regressor__regressor__n_estimators', 2000), ('regressor__regressor__natural_gradient', True), ('regressor__regressor__verbose', False)])




Best parameters: OrderedDict([('regressor__regressor__n_estimators', 1722), ('regressor__regressor__natural_gradient', True), ('regressor__regressor__verbose', False)])





OPTIMIZING HYPERPARAMETERS FOR REGRESSOR NGB 	SEED: 42


Best parameters: OrderedDict([('regressor__regressor__n_estimators', 1998), ('regressor__regressor__natural_gradient', True), ('regressor__regressor__verbose', False)])





OPTIMIZING HYPERPARAMETERS FOR REGRESSOR NGB 	SEED: 42


Best parameters: OrderedDict([('regressor__regressor__n_estimators', 1157), ('regressor__regressor__natural_gradient', True), ('regressor__regressor__verbose', False)])





OPTIMIZING HYPERPARAMETERS FOR REGRESSOR NGB 	SEED: 42


Best parameters: OrderedDict([('regressor__regressor__n_estimators', 1999), ('regressor__regressor__natural_gradient', True), ('regressor__regressor__verbose', False)])





OPTIMIZING HYPERPARAMETERS FOR REGRESSOR NGB 	SEED: 42


Best parameters: OrderedDict([('regressor__regressor__n_estimators', 1999), ('regressor__regressor__natural_gradient', True), ('regressor__regressor__verbose', False)])





OPTIMIZING HYPERPARAMETERS FOR REGRESSOR NGB 	SEED: 42


Best parameters: OrderedDict([('regressor__regressor__n_estimators', 1998), ('regressor__regressor__natural_gradient', True), ('regressor__regressor__verbose', False)])





-------------------------------------------------- 
OPTIMIZING HYPERPARAMETERS FOR REGRESSOR NGB 	SEED: 69


Best parameters: OrderedDict([('regressor__regressor__n_estimators', 1998), ('regressor__regressor__natural_gradient', True), ('regressor__regressor__verbose', False)])




Best parameters: OrderedDict([('regressor__regressor__n_estimators', 1999), ('regressor__regressor__natural_gradient', True), ('regressor__regressor__verbose', False)])




Best parameters: OrderedDict([('regressor__regressor__n_estimators', 1997), ('regressor__regressor__natural_gradient', True), ('regressor__regressor__verbose', False)])




Best parameters: OrderedDict([('regressor__regressor__n_estimators', 1580), ('regressor__regressor__natural_gradient', True), ('regressor__regressor__verbose', False)])




Best parameters: OrderedDict([('regressor__regressor__n_estimators', 1999), ('regressor__regressor__natural_gradient', True), ('regressor__regressor__verbose', False)])





OPTIMIZING HYPERPARAMETERS FOR REGRESSOR NGB 	SEED: 69


Best parameters: OrderedDict([('regressor__regressor__n_estimators', 1997), ('regressor__regressor__natural_gradient', True), ('regressor__regressor__verbose', False)])





OPTIMIZING HYPERPARAMETERS FOR REGRESSOR NGB 	SEED: 69


Best parameters: OrderedDict([('regressor__regressor__n_estimators', 1999), ('regressor__regressor__natural_gradient', True), ('regressor__regressor__verbose', False)])





OPTIMIZING HYPERPARAMETERS FOR REGRESSOR NGB 	SEED: 69


Best parameters: OrderedDict([('regressor__regressor__n_estimators', 2000), ('regressor__regressor__natural_gradient', True), ('regressor__regressor__verbose', False)])





OPTIMIZING HYPERPARAMETERS FOR REGRESSOR NGB 	SEED: 69


Best parameters: OrderedDict([('regressor__regressor__n_estimators', 1867), ('regressor__regressor__natural_gradient', True), ('regressor__regressor__verbose', False)])





OPTIMIZING HYPERPARAMETERS FOR REGRESSOR NGB 	SEED: 69


Best parameters: OrderedDict([('regressor__regressor__n_estimators', 2000), ('regressor__regressor__natural_gradient', True), ('regressor__regressor__verbose', False)])





-------------------------------------------------- 
OPTIMIZING HYPERPARAMETERS FOR REGRESSOR NGB 	SEED: 420


Best parameters: OrderedDict([('regressor__regressor__n_estimators', 1999), ('regressor__regressor__natural_gradient', True), ('regressor__regressor__verbose', False)])




Best parameters: OrderedDict([('regressor__regressor__n_estimators', 2000), ('regressor__regressor__natural_gradient', True), ('regressor__regressor__verbose', False)])




Best parameters: OrderedDict([('regressor__regressor__n_estimators', 2000), ('regressor__regressor__natural_gradient', True), ('regressor__regressor__verbose', False)])




Best parameters: OrderedDict([('regressor__regressor__n_estimators', 1999), ('regressor__regressor__natural_gradient', True), ('regressor__regressor__verbose', False)])




Best parameters: OrderedDict([('regressor__regressor__n_estimators', 1999), ('regressor__regressor__natural_gradient', True), ('regressor__regressor__verbose', False)])





OPTIMIZING HYPERPARAMETERS FOR REGRESSOR NGB 	SEED: 420


Best parameters: OrderedDict([('regressor__regressor__n_estimators', 1747), ('regressor__regressor__natural_gradient', True), ('regressor__regressor__verbose', False)])





OPTIMIZING HYPERPARAMETERS FOR REGRESSOR NGB 	SEED: 420


Best parameters: OrderedDict([('regressor__regressor__n_estimators', 1999), ('regressor__regressor__natural_gradient', True), ('regressor__regressor__verbose', False)])





OPTIMIZING HYPERPARAMETERS FOR REGRESSOR NGB 	SEED: 420


Best parameters: OrderedDict([('regressor__regressor__n_estimators', 1720), ('regressor__regressor__natural_gradient', True), ('regressor__regressor__verbose', False)])





OPTIMIZING HYPERPARAMETERS FOR REGRESSOR NGB 	SEED: 420


Best parameters: OrderedDict([('regressor__regressor__n_estimators', 1999), ('regressor__regressor__natural_gradient', True), ('regressor__regressor__verbose', False)])





OPTIMIZING HYPERPARAMETERS FOR REGRESSOR NGB 	SEED: 420


Best parameters: OrderedDict([('regressor__regressor__n_estimators', 1724), ('regressor__regressor__natural_gradient', True), ('regressor__regressor__verbose', False)])





-------------------------------------------------- 
OPTIMIZING HYPERPARAMETERS FOR REGRESSOR NGB 	SEED: 1234567890


Best parameters: OrderedDict([('regressor__regressor__n_estimators', 1999), ('regressor__regressor__natural_gradient', True), ('regressor__regressor__verbose', False)])




Best parameters: OrderedDict([('regressor__regressor__n_estimators', 1823), ('regressor__regressor__natural_gradient', True), ('regressor__regressor__verbose', False)])




Best parameters: OrderedDict([('regressor__regressor__n_estimators', 1999), ('regressor__regressor__natural_gradient', True), ('regressor__regressor__verbose', False)])




Best parameters: OrderedDict([('regressor__regressor__n_estimators', 1998), ('regressor__regressor__natural_gradient', True), ('regressor__regressor__verbose', False)])




Best parameters: OrderedDict([('regressor__regressor__n_estimators', 2000), ('regressor__regressor__natural_gradient', True), ('regressor__regressor__verbose', False)])





OPTIMIZING HYPERPARAMETERS FOR REGRESSOR NGB 	SEED: 1234567890


Best parameters: OrderedDict([('regressor__regressor__n_estimators', 1999), ('regressor__regressor__natural_gradient', True), ('regressor__regressor__verbose', False)])





OPTIMIZING HYPERPARAMETERS FOR REGRESSOR NGB 	SEED: 1234567890


Best parameters: OrderedDict([('regressor__regressor__n_estimators', 1998), ('regressor__regressor__natural_gradient', True), ('regressor__regressor__verbose', False)])





OPTIMIZING HYPERPARAMETERS FOR REGRESSOR NGB 	SEED: 1234567890


Best parameters: OrderedDict([('regressor__regressor__n_estimators', 1615), ('regressor__regressor__natural_gradient', True), ('regressor__regressor__verbose', False)])





OPTIMIZING HYPERPARAMETERS FOR REGRESSOR NGB 	SEED: 1234567890


Best parameters: OrderedDict([('regressor__regressor__n_estimators', 2000), ('regressor__regressor__natural_gradient', True), ('regressor__regressor__verbose', False)])





OPTIMIZING HYPERPARAMETERS FOR REGRESSOR NGB 	SEED: 1234567890


Best parameters: OrderedDict([('regressor__regressor__n_estimators', 2000), ('regressor__regressor__natural_gradient', True), ('regressor__regressor__verbose', False)])





-------------------------------------------------- 
OPTIMIZING HYPERPARAMETERS FOR REGRESSOR NGB 	SEED: 473129


Best parameters: OrderedDict([('regressor__regressor__n_estimators', 2000), ('regressor__regressor__natural_gradient', True), ('regressor__regressor__verbose', False)])




Best parameters: OrderedDict([('regressor__regressor__n_estimators', 1997), ('regressor__regressor__natural_gradient', True), ('regressor__regressor__verbose', False)])




Best parameters: OrderedDict([('regressor__regressor__n_estimators', 1688), ('regressor__regressor__natural_gradient', True), ('regressor__regressor__verbose', False)])




Best parameters: OrderedDict([('regressor__regressor__n_estimators', 2000), ('regressor__regressor__natural_gradient', True), ('regressor__regressor__verbose', False)])




Best parameters: OrderedDict([('regressor__regressor__n_estimators', 1999), ('regressor__regressor__natural_gradient', True), ('regressor__regressor__verbose', False)])





OPTIMIZING HYPERPARAMETERS FOR REGRESSOR NGB 	SEED: 473129


Best parameters: OrderedDict([('regressor__regressor__n_estimators', 1688), ('regressor__regressor__natural_gradient', True), ('regressor__regressor__verbose', False)])





OPTIMIZING HYPERPARAMETERS FOR REGRESSOR NGB 	SEED: 473129


Best parameters: OrderedDict([('regressor__regressor__n_estimators', 1999), ('regressor__regressor__natural_gradient', True), ('regressor__regressor__verbose', False)])





OPTIMIZING HYPERPARAMETERS FOR REGRESSOR NGB 	SEED: 473129


Best parameters: OrderedDict([('regressor__regressor__n_estimators', 1999), ('regressor__regressor__natural_gradient', True), ('regressor__regressor__verbose', False)])





OPTIMIZING HYPERPARAMETERS FOR REGRESSOR NGB 	SEED: 473129


Best parameters: OrderedDict([('regressor__regressor__n_estimators', 1997), ('regressor__regressor__natural_gradient', True), ('regressor__regressor__verbose', False)])





OPTIMIZING HYPERPARAMETERS FOR REGRESSOR NGB 	SEED: 473129


Best parameters: OrderedDict([('regressor__regressor__n_estimators', 1926), ('regressor__regressor__natural_gradient', True), ('regressor__regressor__verbose', False)])





-------------------------------------------------- 
OOD TEST ON Thiophene



-------------------------------------------------- 
OPTIMIZING HYPERPARAMETERS FOR REGRESSOR NGB 	SEED: 6


Best parameters: OrderedDict([('regressor__regressor__n_estimators', 1995), ('regressor__regressor__natural_gradient', True), ('regressor__regressor__verbose', False)])




Best parameters: OrderedDict([('regressor__regressor__n_estimators', 1677), ('regressor__regressor__natural_gradient', True), ('regressor__regressor__verbose', False)])




Best parameters: OrderedDict([('regressor__regressor__n_estimators', 1316), ('regressor__regressor__natural_gradient', True), ('regressor__regressor__verbose', False)])




Best parameters: OrderedDict([('regressor__regressor__n_estimators', 1864), ('regressor__regressor__natural_gradient', True), ('regressor__regressor__verbose', False)])




Best parameters: OrderedDict([('regressor__regressor__n_estimators', 1995), ('regressor__regressor__natural_gradient', True), ('regressor__regressor__verbose', False)])





OPTIMIZING HYPERPARAMETERS FOR REGRESSOR NGB 	SEED: 6


Best parameters: OrderedDict([('regressor__regressor__n_estimators', 1999), ('regressor__regressor__natural_gradient', True), ('regressor__regressor__verbose', False)])





OPTIMIZING HYPERPARAMETERS FOR REGRESSOR NGB 	SEED: 6


Best parameters: OrderedDict([('regressor__regressor__n_estimators', 1999), ('regressor__regressor__natural_gradient', True), ('regressor__regressor__verbose', False)])





OPTIMIZING HYPERPARAMETERS FOR REGRESSOR NGB 	SEED: 6


Best parameters: OrderedDict([('regressor__regressor__n_estimators', 2000), ('regressor__regressor__natural_gradient', True), ('regressor__regressor__verbose', False)])





OPTIMIZING HYPERPARAMETERS FOR REGRESSOR NGB 	SEED: 6


Best parameters: OrderedDict([('regressor__regressor__n_estimators', 1586), ('regressor__regressor__natural_gradient', True), ('regressor__regressor__verbose', False)])





OPTIMIZING HYPERPARAMETERS FOR REGRESSOR NGB 	SEED: 6


Best parameters: OrderedDict([('regressor__regressor__n_estimators', 1998), ('regressor__regressor__natural_gradient', True), ('regressor__regressor__verbose', False)])





-------------------------------------------------- 
OPTIMIZING HYPERPARAMETERS FOR REGRESSOR NGB 	SEED: 13


Best parameters: OrderedDict([('regressor__regressor__n_estimators', 1999), ('regressor__regressor__natural_gradient', True), ('regressor__regressor__verbose', False)])




Best parameters: OrderedDict([('regressor__regressor__n_estimators', 1999), ('regressor__regressor__natural_gradient', True), ('regressor__regressor__verbose', False)])




Best parameters: OrderedDict([('regressor__regressor__n_estimators', 1473), ('regressor__regressor__natural_gradient', True), ('regressor__regressor__verbose', False)])




Best parameters: OrderedDict([('regressor__regressor__n_estimators', 2000), ('regressor__regressor__natural_gradient', True), ('regressor__regressor__verbose', False)])




Best parameters: OrderedDict([('regressor__regressor__n_estimators', 1766), ('regressor__regressor__natural_gradient', True), ('regressor__regressor__verbose', False)])





OPTIMIZING HYPERPARAMETERS FOR REGRESSOR NGB 	SEED: 13


Best parameters: OrderedDict([('regressor__regressor__n_estimators', 1814), ('regressor__regressor__natural_gradient', True), ('regressor__regressor__verbose', False)])





OPTIMIZING HYPERPARAMETERS FOR REGRESSOR NGB 	SEED: 13


Best parameters: OrderedDict([('regressor__regressor__n_estimators', 2000), ('regressor__regressor__natural_gradient', True), ('regressor__regressor__verbose', False)])





OPTIMIZING HYPERPARAMETERS FOR REGRESSOR NGB 	SEED: 13


Best parameters: OrderedDict([('regressor__regressor__n_estimators', 1998), ('regressor__regressor__natural_gradient', True), ('regressor__regressor__verbose', False)])





OPTIMIZING HYPERPARAMETERS FOR REGRESSOR NGB 	SEED: 13


Best parameters: OrderedDict([('regressor__regressor__n_estimators', 1998), ('regressor__regressor__natural_gradient', True), ('regressor__regressor__verbose', False)])





OPTIMIZING HYPERPARAMETERS FOR REGRESSOR NGB 	SEED: 13


Best parameters: OrderedDict([('regressor__regressor__n_estimators', 1998), ('regressor__regressor__natural_gradient', True), ('regressor__regressor__verbose', False)])





-------------------------------------------------- 
OPTIMIZING HYPERPARAMETERS FOR REGRESSOR NGB 	SEED: 42


Best parameters: OrderedDict([('regressor__regressor__n_estimators', 1999), ('regressor__regressor__natural_gradient', True), ('regressor__regressor__verbose', False)])




Best parameters: OrderedDict([('regressor__regressor__n_estimators', 2000), ('regressor__regressor__natural_gradient', True), ('regressor__regressor__verbose', False)])




Best parameters: OrderedDict([('regressor__regressor__n_estimators', 1697), ('regressor__regressor__natural_gradient', True), ('regressor__regressor__verbose', False)])




Best parameters: OrderedDict([('regressor__regressor__n_estimators', 1998), ('regressor__regressor__natural_gradient', True), ('regressor__regressor__verbose', False)])




Best parameters: OrderedDict([('regressor__regressor__n_estimators', 2000), ('regressor__regressor__natural_gradient', True), ('regressor__regressor__verbose', False)])





OPTIMIZING HYPERPARAMETERS FOR REGRESSOR NGB 	SEED: 42


Best parameters: OrderedDict([('regressor__regressor__n_estimators', 1999), ('regressor__regressor__natural_gradient', True), ('regressor__regressor__verbose', False)])





OPTIMIZING HYPERPARAMETERS FOR REGRESSOR NGB 	SEED: 42


Best parameters: OrderedDict([('regressor__regressor__n_estimators', 1146), ('regressor__regressor__natural_gradient', True), ('regressor__regressor__verbose', False)])





OPTIMIZING HYPERPARAMETERS FOR REGRESSOR NGB 	SEED: 42


Best parameters: OrderedDict([('regressor__regressor__n_estimators', 1999), ('regressor__regressor__natural_gradient', True), ('regressor__regressor__verbose', False)])





OPTIMIZING HYPERPARAMETERS FOR REGRESSOR NGB 	SEED: 42


Best parameters: OrderedDict([('regressor__regressor__n_estimators', 1997), ('regressor__regressor__natural_gradient', True), ('regressor__regressor__verbose', False)])





OPTIMIZING HYPERPARAMETERS FOR REGRESSOR NGB 	SEED: 42


Best parameters: OrderedDict([('regressor__regressor__n_estimators', 2000), ('regressor__regressor__natural_gradient', True), ('regressor__regressor__verbose', False)])





-------------------------------------------------- 
OPTIMIZING HYPERPARAMETERS FOR REGRESSOR NGB 	SEED: 69


Best parameters: OrderedDict([('regressor__regressor__n_estimators', 1994), ('regressor__regressor__natural_gradient', True), ('regressor__regressor__verbose', False)])




Best parameters: OrderedDict([('regressor__regressor__n_estimators', 1421), ('regressor__regressor__natural_gradient', True), ('regressor__regressor__verbose', False)])




Best parameters: OrderedDict([('regressor__regressor__n_estimators', 1998), ('regressor__regressor__natural_gradient', True), ('regressor__regressor__verbose', False)])




Best parameters: OrderedDict([('regressor__regressor__n_estimators', 1669), ('regressor__regressor__natural_gradient', True), ('regressor__regressor__verbose', False)])




Best parameters: OrderedDict([('regressor__regressor__n_estimators', 1699), ('regressor__regressor__natural_gradient', True), ('regressor__regressor__verbose', False)])





OPTIMIZING HYPERPARAMETERS FOR REGRESSOR NGB 	SEED: 69


Best parameters: OrderedDict([('regressor__regressor__n_estimators', 1999), ('regressor__regressor__natural_gradient', True), ('regressor__regressor__verbose', False)])





OPTIMIZING HYPERPARAMETERS FOR REGRESSOR NGB 	SEED: 69


Best parameters: OrderedDict([('regressor__regressor__n_estimators', 1771), ('regressor__regressor__natural_gradient', True), ('regressor__regressor__verbose', False)])





OPTIMIZING HYPERPARAMETERS FOR REGRESSOR NGB 	SEED: 69


Best parameters: OrderedDict([('regressor__regressor__n_estimators', 1999), ('regressor__regressor__natural_gradient', True), ('regressor__regressor__verbose', False)])





OPTIMIZING HYPERPARAMETERS FOR REGRESSOR NGB 	SEED: 69


Best parameters: OrderedDict([('regressor__regressor__n_estimators', 2000), ('regressor__regressor__natural_gradient', True), ('regressor__regressor__verbose', False)])





OPTIMIZING HYPERPARAMETERS FOR REGRESSOR NGB 	SEED: 69


Best parameters: OrderedDict([('regressor__regressor__n_estimators', 1994), ('regressor__regressor__natural_gradient', True), ('regressor__regressor__verbose', False)])





-------------------------------------------------- 
OPTIMIZING HYPERPARAMETERS FOR REGRESSOR NGB 	SEED: 420


Best parameters: OrderedDict([('regressor__regressor__n_estimators', 1588), ('regressor__regressor__natural_gradient', True), ('regressor__regressor__verbose', False)])




Best parameters: OrderedDict([('regressor__regressor__n_estimators', 1405), ('regressor__regressor__natural_gradient', True), ('regressor__regressor__verbose', False)])




Best parameters: OrderedDict([('regressor__regressor__n_estimators', 1623), ('regressor__regressor__natural_gradient', True), ('regressor__regressor__verbose', False)])




Best parameters: OrderedDict([('regressor__regressor__n_estimators', 1998), ('regressor__regressor__natural_gradient', True), ('regressor__regressor__verbose', False)])




Best parameters: OrderedDict([('regressor__regressor__n_estimators', 2000), ('regressor__regressor__natural_gradient', True), ('regressor__regressor__verbose', False)])





OPTIMIZING HYPERPARAMETERS FOR REGRESSOR NGB 	SEED: 420


Best parameters: OrderedDict([('regressor__regressor__n_estimators', 1999), ('regressor__regressor__natural_gradient', True), ('regressor__regressor__verbose', False)])





OPTIMIZING HYPERPARAMETERS FOR REGRESSOR NGB 	SEED: 420


Best parameters: OrderedDict([('regressor__regressor__n_estimators', 1998), ('regressor__regressor__natural_gradient', True), ('regressor__regressor__verbose', False)])





OPTIMIZING HYPERPARAMETERS FOR REGRESSOR NGB 	SEED: 420


Best parameters: OrderedDict([('regressor__regressor__n_estimators', 1746), ('regressor__regressor__natural_gradient', True), ('regressor__regressor__verbose', False)])





OPTIMIZING HYPERPARAMETERS FOR REGRESSOR NGB 	SEED: 420


Best parameters: OrderedDict([('regressor__regressor__n_estimators', 1847), ('regressor__regressor__natural_gradient', True), ('regressor__regressor__verbose', False)])





OPTIMIZING HYPERPARAMETERS FOR REGRESSOR NGB 	SEED: 420


Best parameters: OrderedDict([('regressor__regressor__n_estimators', 2000), ('regressor__regressor__natural_gradient', True), ('regressor__regressor__verbose', False)])





-------------------------------------------------- 
OPTIMIZING HYPERPARAMETERS FOR REGRESSOR NGB 	SEED: 1234567890


Best parameters: OrderedDict([('regressor__regressor__n_estimators', 1458), ('regressor__regressor__natural_gradient', True), ('regressor__regressor__verbose', False)])




Best parameters: OrderedDict([('regressor__regressor__n_estimators', 1697), ('regressor__regressor__natural_gradient', True), ('regressor__regressor__verbose', False)])




Best parameters: OrderedDict([('regressor__regressor__n_estimators', 1996), ('regressor__regressor__natural_gradient', True), ('regressor__regressor__verbose', False)])




Best parameters: OrderedDict([('regressor__regressor__n_estimators', 1228), ('regressor__regressor__natural_gradient', True), ('regressor__regressor__verbose', False)])




Best parameters: OrderedDict([('regressor__regressor__n_estimators', 1679), ('regressor__regressor__natural_gradient', True), ('regressor__regressor__verbose', False)])





OPTIMIZING HYPERPARAMETERS FOR REGRESSOR NGB 	SEED: 1234567890


Best parameters: OrderedDict([('regressor__regressor__n_estimators', 2000), ('regressor__regressor__natural_gradient', True), ('regressor__regressor__verbose', False)])





OPTIMIZING HYPERPARAMETERS FOR REGRESSOR NGB 	SEED: 1234567890


Best parameters: OrderedDict([('regressor__regressor__n_estimators', 1996), ('regressor__regressor__natural_gradient', True), ('regressor__regressor__verbose', False)])





OPTIMIZING HYPERPARAMETERS FOR REGRESSOR NGB 	SEED: 1234567890


Best parameters: OrderedDict([('regressor__regressor__n_estimators', 1744), ('regressor__regressor__natural_gradient', True), ('regressor__regressor__verbose', False)])





OPTIMIZING HYPERPARAMETERS FOR REGRESSOR NGB 	SEED: 1234567890


Best parameters: OrderedDict([('regressor__regressor__n_estimators', 2000), ('regressor__regressor__natural_gradient', True), ('regressor__regressor__verbose', False)])





OPTIMIZING HYPERPARAMETERS FOR REGRESSOR NGB 	SEED: 1234567890


Best parameters: OrderedDict([('regressor__regressor__n_estimators', 1819), ('regressor__regressor__natural_gradient', True), ('regressor__regressor__verbose', False)])





-------------------------------------------------- 
OPTIMIZING HYPERPARAMETERS FOR REGRESSOR NGB 	SEED: 473129


Best parameters: OrderedDict([('regressor__regressor__n_estimators', 2000), ('regressor__regressor__natural_gradient', True), ('regressor__regressor__verbose', False)])




Best parameters: OrderedDict([('regressor__regressor__n_estimators', 1999), ('regressor__regressor__natural_gradient', True), ('regressor__regressor__verbose', False)])




Best parameters: OrderedDict([('regressor__regressor__n_estimators', 1602), ('regressor__regressor__natural_gradient', True), ('regressor__regressor__verbose', False)])




Best parameters: OrderedDict([('regressor__regressor__n_estimators', 2000), ('regressor__regressor__natural_gradient', True), ('regressor__regressor__verbose', False)])




Best parameters: OrderedDict([('regressor__regressor__n_estimators', 1522), ('regressor__regressor__natural_gradient', True), ('regressor__regressor__verbose', False)])





OPTIMIZING HYPERPARAMETERS FOR REGRESSOR NGB 	SEED: 473129


Best parameters: OrderedDict([('regressor__regressor__n_estimators', 1480), ('regressor__regressor__natural_gradient', True), ('regressor__regressor__verbose', False)])





OPTIMIZING HYPERPARAMETERS FOR REGRESSOR NGB 	SEED: 473129


Best parameters: OrderedDict([('regressor__regressor__n_estimators', 2000), ('regressor__regressor__natural_gradient', True), ('regressor__regressor__verbose', False)])





OPTIMIZING HYPERPARAMETERS FOR REGRESSOR NGB 	SEED: 473129


Best parameters: OrderedDict([('regressor__regressor__n_estimators', 2000), ('regressor__regressor__natural_gradient', True), ('regressor__regressor__verbose', False)])





OPTIMIZING HYPERPARAMETERS FOR REGRESSOR NGB 	SEED: 473129


Best parameters: OrderedDict([('regressor__regressor__n_estimators', 2000), ('regressor__regressor__natural_gradient', True), ('regressor__regressor__verbose', False)])





OPTIMIZING HYPERPARAMETERS FOR REGRESSOR NGB 	SEED: 473129


Best parameters: OrderedDict([('regressor__regressor__n_estimators', 2000), ('regressor__regressor__natural_gradient', True), ('regressor__regressor__verbose', False)])





-------------------------------------------------- 
OOD TEST ON Polar



-------------------------------------------------- 
OPTIMIZING HYPERPARAMETERS FOR REGRESSOR NGB 	SEED: 6


Best parameters: OrderedDict([('regressor__regressor__n_estimators', 2000), ('regressor__regressor__natural_gradient', True), ('regressor__regressor__verbose', False)])




Best parameters: OrderedDict([('regressor__regressor__n_estimators', 1999), ('regressor__regressor__natural_gradient', True), ('regressor__regressor__verbose', False)])




Best parameters: OrderedDict([('regressor__regressor__n_estimators', 1851), ('regressor__regressor__natural_gradient', True), ('regressor__regressor__verbose', False)])




Best parameters: OrderedDict([('regressor__regressor__n_estimators', 1999), ('regressor__regressor__natural_gradient', True), ('regressor__regressor__verbose', False)])




Best parameters: OrderedDict([('regressor__regressor__n_estimators', 1315), ('regressor__regressor__natural_gradient', True), ('regressor__regressor__verbose', False)])





OPTIMIZING HYPERPARAMETERS FOR REGRESSOR NGB 	SEED: 6


Best parameters: OrderedDict([('regressor__regressor__n_estimators', 2000), ('regressor__regressor__natural_gradient', True), ('regressor__regressor__verbose', False)])





OPTIMIZING HYPERPARAMETERS FOR REGRESSOR NGB 	SEED: 6


Best parameters: OrderedDict([('regressor__regressor__n_estimators', 1995), ('regressor__regressor__natural_gradient', True), ('regressor__regressor__verbose', False)])





OPTIMIZING HYPERPARAMETERS FOR REGRESSOR NGB 	SEED: 6


Best parameters: OrderedDict([('regressor__regressor__n_estimators', 2000), ('regressor__regressor__natural_gradient', True), ('regressor__regressor__verbose', False)])





OPTIMIZING HYPERPARAMETERS FOR REGRESSOR NGB 	SEED: 6


Best parameters: OrderedDict([('regressor__regressor__n_estimators', 1999), ('regressor__regressor__natural_gradient', True), ('regressor__regressor__verbose', False)])





OPTIMIZING HYPERPARAMETERS FOR REGRESSOR NGB 	SEED: 6


Best parameters: OrderedDict([('regressor__regressor__n_estimators', 1791), ('regressor__regressor__natural_gradient', True), ('regressor__regressor__verbose', False)])





-------------------------------------------------- 
OPTIMIZING HYPERPARAMETERS FOR REGRESSOR NGB 	SEED: 13


Best parameters: OrderedDict([('regressor__regressor__n_estimators', 2000), ('regressor__regressor__natural_gradient', True), ('regressor__regressor__verbose', False)])




Best parameters: OrderedDict([('regressor__regressor__n_estimators', 1999), ('regressor__regressor__natural_gradient', True), ('regressor__regressor__verbose', False)])




Best parameters: OrderedDict([('regressor__regressor__n_estimators', 1998), ('regressor__regressor__natural_gradient', True), ('regressor__regressor__verbose', False)])




Best parameters: OrderedDict([('regressor__regressor__n_estimators', 1470), ('regressor__regressor__natural_gradient', True), ('regressor__regressor__verbose', False)])




Best parameters: OrderedDict([('regressor__regressor__n_estimators', 1998), ('regressor__regressor__natural_gradient', True), ('regressor__regressor__verbose', False)])





OPTIMIZING HYPERPARAMETERS FOR REGRESSOR NGB 	SEED: 13


Best parameters: OrderedDict([('regressor__regressor__n_estimators', 1998), ('regressor__regressor__natural_gradient', True), ('regressor__regressor__verbose', False)])





OPTIMIZING HYPERPARAMETERS FOR REGRESSOR NGB 	SEED: 13


Best parameters: OrderedDict([('regressor__regressor__n_estimators', 1999), ('regressor__regressor__natural_gradient', True), ('regressor__regressor__verbose', False)])





OPTIMIZING HYPERPARAMETERS FOR REGRESSOR NGB 	SEED: 13


Best parameters: OrderedDict([('regressor__regressor__n_estimators', 1739), ('regressor__regressor__natural_gradient', True), ('regressor__regressor__verbose', False)])





OPTIMIZING HYPERPARAMETERS FOR REGRESSOR NGB 	SEED: 13


Best parameters: OrderedDict([('regressor__regressor__n_estimators', 1998), ('regressor__regressor__natural_gradient', True), ('regressor__regressor__verbose', False)])





OPTIMIZING HYPERPARAMETERS FOR REGRESSOR NGB 	SEED: 13


Best parameters: OrderedDict([('regressor__regressor__n_estimators', 1998), ('regressor__regressor__natural_gradient', True), ('regressor__regressor__verbose', False)])





-------------------------------------------------- 
OPTIMIZING HYPERPARAMETERS FOR REGRESSOR NGB 	SEED: 42


Best parameters: OrderedDict([('regressor__regressor__n_estimators', 1998), ('regressor__regressor__natural_gradient', True), ('regressor__regressor__verbose', False)])




Best parameters: OrderedDict([('regressor__regressor__n_estimators', 1750), ('regressor__regressor__natural_gradient', True), ('regressor__regressor__verbose', False)])




Best parameters: OrderedDict([('regressor__regressor__n_estimators', 2000), ('regressor__regressor__natural_gradient', True), ('regressor__regressor__verbose', False)])




Best parameters: OrderedDict([('regressor__regressor__n_estimators', 1769), ('regressor__regressor__natural_gradient', True), ('regressor__regressor__verbose', False)])




Best parameters: OrderedDict([('regressor__regressor__n_estimators', 1998), ('regressor__regressor__natural_gradient', True), ('regressor__regressor__verbose', False)])





OPTIMIZING HYPERPARAMETERS FOR REGRESSOR NGB 	SEED: 42


Best parameters: OrderedDict([('regressor__regressor__n_estimators', 1999), ('regressor__regressor__natural_gradient', True), ('regressor__regressor__verbose', False)])





OPTIMIZING HYPERPARAMETERS FOR REGRESSOR NGB 	SEED: 42


Best parameters: OrderedDict([('regressor__regressor__n_estimators', 1098), ('regressor__regressor__natural_gradient', True), ('regressor__regressor__verbose', False)])





OPTIMIZING HYPERPARAMETERS FOR REGRESSOR NGB 	SEED: 42


Best parameters: OrderedDict([('regressor__regressor__n_estimators', 2000), ('regressor__regressor__natural_gradient', True), ('regressor__regressor__verbose', False)])





OPTIMIZING HYPERPARAMETERS FOR REGRESSOR NGB 	SEED: 42


Best parameters: OrderedDict([('regressor__regressor__n_estimators', 1997), ('regressor__regressor__natural_gradient', True), ('regressor__regressor__verbose', False)])





OPTIMIZING HYPERPARAMETERS FOR REGRESSOR NGB 	SEED: 42


Best parameters: OrderedDict([('regressor__regressor__n_estimators', 1998), ('regressor__regressor__natural_gradient', True), ('regressor__regressor__verbose', False)])





-------------------------------------------------- 
OPTIMIZING HYPERPARAMETERS FOR REGRESSOR NGB 	SEED: 69


Best parameters: OrderedDict([('regressor__regressor__n_estimators', 1298), ('regressor__regressor__natural_gradient', True), ('regressor__regressor__verbose', False)])




Best parameters: OrderedDict([('regressor__regressor__n_estimators', 1994), ('regressor__regressor__natural_gradient', True), ('regressor__regressor__verbose', False)])




Best parameters: OrderedDict([('regressor__regressor__n_estimators', 2000), ('regressor__regressor__natural_gradient', True), ('regressor__regressor__verbose', False)])




Best parameters: OrderedDict([('regressor__regressor__n_estimators', 1999), ('regressor__regressor__natural_gradient', True), ('regressor__regressor__verbose', False)])




Best parameters: OrderedDict([('regressor__regressor__n_estimators', 2000), ('regressor__regressor__natural_gradient', True), ('regressor__regressor__verbose', False)])





OPTIMIZING HYPERPARAMETERS FOR REGRESSOR NGB 	SEED: 69


Best parameters: OrderedDict([('regressor__regressor__n_estimators', 1994), ('regressor__regressor__natural_gradient', True), ('regressor__regressor__verbose', False)])





OPTIMIZING HYPERPARAMETERS FOR REGRESSOR NGB 	SEED: 69


Best parameters: OrderedDict([('regressor__regressor__n_estimators', 1815), ('regressor__regressor__natural_gradient', True), ('regressor__regressor__verbose', False)])





OPTIMIZING HYPERPARAMETERS FOR REGRESSOR NGB 	SEED: 69


Best parameters: OrderedDict([('regressor__regressor__n_estimators', 1994), ('regressor__regressor__natural_gradient', True), ('regressor__regressor__verbose', False)])





OPTIMIZING HYPERPARAMETERS FOR REGRESSOR NGB 	SEED: 69


Best parameters: OrderedDict([('regressor__regressor__n_estimators', 2000), ('regressor__regressor__natural_gradient', True), ('regressor__regressor__verbose', False)])





OPTIMIZING HYPERPARAMETERS FOR REGRESSOR NGB 	SEED: 69


Best parameters: OrderedDict([('regressor__regressor__n_estimators', 1999), ('regressor__regressor__natural_gradient', True), ('regressor__regressor__verbose', False)])





-------------------------------------------------- 
OPTIMIZING HYPERPARAMETERS FOR REGRESSOR NGB 	SEED: 420


Best parameters: OrderedDict([('regressor__regressor__n_estimators', 2000), ('regressor__regressor__natural_gradient', True), ('regressor__regressor__verbose', False)])




Best parameters: OrderedDict([('regressor__regressor__n_estimators', 2000), ('regressor__regressor__natural_gradient', True), ('regressor__regressor__verbose', False)])




Best parameters: OrderedDict([('regressor__regressor__n_estimators', 1998), ('regressor__regressor__natural_gradient', True), ('regressor__regressor__verbose', False)])




Best parameters: OrderedDict([('regressor__regressor__n_estimators', 1998), ('regressor__regressor__natural_gradient', True), ('regressor__regressor__verbose', False)])




Best parameters: OrderedDict([('regressor__regressor__n_estimators', 1665), ('regressor__regressor__natural_gradient', True), ('regressor__regressor__verbose', False)])





OPTIMIZING HYPERPARAMETERS FOR REGRESSOR NGB 	SEED: 420


Best parameters: OrderedDict([('regressor__regressor__n_estimators', 1999), ('regressor__regressor__natural_gradient', True), ('regressor__regressor__verbose', False)])





OPTIMIZING HYPERPARAMETERS FOR REGRESSOR NGB 	SEED: 420


Best parameters: OrderedDict([('regressor__regressor__n_estimators', 1999), ('regressor__regressor__natural_gradient', True), ('regressor__regressor__verbose', False)])





OPTIMIZING HYPERPARAMETERS FOR REGRESSOR NGB 	SEED: 420


Best parameters: OrderedDict([('regressor__regressor__n_estimators', 1754), ('regressor__regressor__natural_gradient', True), ('regressor__regressor__verbose', False)])





OPTIMIZING HYPERPARAMETERS FOR REGRESSOR NGB 	SEED: 420


Best parameters: OrderedDict([('regressor__regressor__n_estimators', 1999), ('regressor__regressor__natural_gradient', True), ('regressor__regressor__verbose', False)])





OPTIMIZING HYPERPARAMETERS FOR REGRESSOR NGB 	SEED: 420


Best parameters: OrderedDict([('regressor__regressor__n_estimators', 1677), ('regressor__regressor__natural_gradient', True), ('regressor__regressor__verbose', False)])





-------------------------------------------------- 
OPTIMIZING HYPERPARAMETERS FOR REGRESSOR NGB 	SEED: 1234567890


Best parameters: OrderedDict([('regressor__regressor__n_estimators', 1764), ('regressor__regressor__natural_gradient', True), ('regressor__regressor__verbose', False)])




Best parameters: OrderedDict([('regressor__regressor__n_estimators', 1819), ('regressor__regressor__natural_gradient', True), ('regressor__regressor__verbose', False)])




Best parameters: OrderedDict([('regressor__regressor__n_estimators', 2000), ('regressor__regressor__natural_gradient', True), ('regressor__regressor__verbose', False)])




Best parameters: OrderedDict([('regressor__regressor__n_estimators', 1211), ('regressor__regressor__natural_gradient', True), ('regressor__regressor__verbose', False)])




Best parameters: OrderedDict([('regressor__regressor__n_estimators', 1819), ('regressor__regressor__natural_gradient', True), ('regressor__regressor__verbose', False)])





OPTIMIZING HYPERPARAMETERS FOR REGRESSOR NGB 	SEED: 1234567890


Best parameters: OrderedDict([('regressor__regressor__n_estimators', 1999), ('regressor__regressor__natural_gradient', True), ('regressor__regressor__verbose', False)])





OPTIMIZING HYPERPARAMETERS FOR REGRESSOR NGB 	SEED: 1234567890


Best parameters: OrderedDict([('regressor__regressor__n_estimators', 1998), ('regressor__regressor__natural_gradient', True), ('regressor__regressor__verbose', False)])





OPTIMIZING HYPERPARAMETERS FOR REGRESSOR NGB 	SEED: 1234567890


Best parameters: OrderedDict([('regressor__regressor__n_estimators', 1705), ('regressor__regressor__natural_gradient', True), ('regressor__regressor__verbose', False)])





OPTIMIZING HYPERPARAMETERS FOR REGRESSOR NGB 	SEED: 1234567890


Best parameters: OrderedDict([('regressor__regressor__n_estimators', 1996), ('regressor__regressor__natural_gradient', True), ('regressor__regressor__verbose', False)])





OPTIMIZING HYPERPARAMETERS FOR REGRESSOR NGB 	SEED: 1234567890


Best parameters: OrderedDict([('regressor__regressor__n_estimators', 1819), ('regressor__regressor__natural_gradient', True), ('regressor__regressor__verbose', False)])





-------------------------------------------------- 
OPTIMIZING HYPERPARAMETERS FOR REGRESSOR NGB 	SEED: 473129


Best parameters: OrderedDict([('regressor__regressor__n_estimators', 1999), ('regressor__regressor__natural_gradient', True), ('regressor__regressor__verbose', False)])




Best parameters: OrderedDict([('regressor__regressor__n_estimators', 1999), ('regressor__regressor__natural_gradient', True), ('regressor__regressor__verbose', False)])




Best parameters: OrderedDict([('regressor__regressor__n_estimators', 1999), ('regressor__regressor__natural_gradient', True), ('regressor__regressor__verbose', False)])




Best parameters: OrderedDict([('regressor__regressor__n_estimators', 1926), ('regressor__regressor__natural_gradient', True), ('regressor__regressor__verbose', False)])




Best parameters: OrderedDict([('regressor__regressor__n_estimators', 1795), ('regressor__regressor__natural_gradient', True), ('regressor__regressor__verbose', False)])





OPTIMIZING HYPERPARAMETERS FOR REGRESSOR NGB 	SEED: 473129


Best parameters: OrderedDict([('regressor__regressor__n_estimators', 1356), ('regressor__regressor__natural_gradient', True), ('regressor__regressor__verbose', False)])





OPTIMIZING HYPERPARAMETERS FOR REGRESSOR NGB 	SEED: 473129


Best parameters: OrderedDict([('regressor__regressor__n_estimators', 1743), ('regressor__regressor__natural_gradient', True), ('regressor__regressor__verbose', False)])





OPTIMIZING HYPERPARAMETERS FOR REGRESSOR NGB 	SEED: 473129


Best parameters: OrderedDict([('regressor__regressor__n_estimators', 1998), ('regressor__regressor__natural_gradient', True), ('regressor__regressor__verbose', False)])





OPTIMIZING HYPERPARAMETERS FOR REGRESSOR NGB 	SEED: 473129


Best parameters: OrderedDict([('regressor__regressor__n_estimators', 1688), ('regressor__regressor__natural_gradient', True), ('regressor__regressor__verbose', False)])





OPTIMIZING HYPERPARAMETERS FOR REGRESSOR NGB 	SEED: 473129


Best parameters: OrderedDict([('regressor__regressor__n_estimators', 1878), ('regressor__regressor__natural_gradient', True), ('regressor__regressor__verbose', False)])


Filename: (Mordred-Xn-Mw-PDI-concentration-temperature-polymer dP-polymer dD-polymer dH-solvent dP-solvent dD-solvent dH)_NGB_Standard
Done Saving scores!

------------------------------------------------------------
Sender: LSF System <lsfadmin@c207n12>
Subject: Job 210133: <NGB_log Rg (nm)_Mordred_Trimer_substructure cluster_20250417> in cluster <Hazel> Done

Job <NGB_log Rg (nm)_Mordred_Trimer_substructure cluster_20250417> was submitted from host <c010n01> by user <sdehgha2> in cluster <Hazel> at Thu Apr 17 18:40:26 2025
Job was executed on host(s) <6*c207n12>, in queue <single_chassis>, as user <sdehgha2> in cluster <Hazel> at Thu Apr 17 18:49:39 2025
</home/sdehgha2> was used as the home directory.
</share/ddomlab/sdehgha2/working-space/main/P1_pls-dataset/pls-dataset-space/PLS-Dataset/code_/training/hpc_submit_training_Rh> was used as the working directory.
Started at Thu Apr 17 18:49:39 2025
Terminated at Sun Apr 20 03:40:59 2025
Results reported at Sun Apr 20 03:40:59 2025

Your job looked like:

------------------------------------------------------------
# LSBATCH: User input



#BSUB -n 6
#BSUB -W 72:05
#BSUB -R span[hosts=1]
#BSUB -R "rusage[mem=16GB]"
#BSUB -J "NGB_log Rg (nm)_Mordred_Trimer_substructure cluster_20250417"  
#BSUB -o "/share/ddomlab/sdehgha2/working-space/main/P1_pls-dataset/pls-dataset-space/PLS-Dataset/results/hpc_20250417/NGB_log Rg (nm)_Mordred_Trimer_substructure cluster_20250417.out"
#BSUB -e "/share/ddomlab/sdehgha2/working-space/main/P1_pls-dataset/pls-dataset-space/PLS-Dataset/results/hpc_20250417/NGB_log Rg (nm)_Mordred_Trimer_substructure cluster_20250417.err"

source ~/.bashrc
conda activate /usr/local/usrapps/ddomlab/sdehgha2/pls-dataset-env
python ../make_ood_prediction.py --target_features "log Rg (nm)"                                   --representation "Mordred"                                   --regressor_type "NGB"                                   --oligomer_representation "Trimer"                                   --numerical_feats 'Xn' 'Mw (g/mol)' 'PDI' 'Concentration (mg/ml)' 'Temperature SANS/SLS/DLS/SEC (K)' "polymer dP" "polymer dD" "polymer dH" 'solvent dP' 'solvent dD' 'solvent dH'                                   --clustering_method "substructure cluster" 



------------------------------------------------------------

Successfully completed.

Resource usage summary:

    CPU time :                                   895630.31 sec.
    Max Memory :                                 3 GB
    Average Memory :                             2.00 GB
    Total Requested Memory :                     16.00 GB
    Delta Memory :                               13.00 GB
    Max Swap :                                   -
    Max Processes :                              26
    Max Threads :                                29
    Run time :                                   204701 sec.
    Turnaround time :                            205233 sec.

The output (if any) is above this job summary.



PS:

Read file </share/ddomlab/sdehgha2/working-space/main/P1_pls-dataset/pls-dataset-space/PLS-Dataset/results/hpc_20250417/NGB_log Rg (nm)_Mordred_Trimer_substructure cluster_20250417.err> for stderr output of this job.

