Filename: (Mordred-Xn-Mw-PDI-concentration-temperature-polymer dP-polymer dD-polymer dH-solvent dP-solvent dD-solvent dH)_NGB_hypOFF_Standard_lc
Done Saving scores!

------------------------------------------------------------
Sender: LSF System <lsfadmin@c207n12>
Subject: Job 206360: <NGB_log Rg (nm)_Mordred_Trimer_HBD3 MACCS cluster_20250415> in cluster <Hazel> Done

Job <NGB_log Rg (nm)_Mordred_Trimer_HBD3 MACCS cluster_20250415> was submitted from host <c207n08> by user <sdehgha2> in cluster <Hazel> at Thu Apr 17 17:14:55 2025
Job was executed on host(s) <4*c207n12>, in queue <single_chassis>, as user <sdehgha2> in cluster <Hazel> at Thu Apr 17 17:14:56 2025
</home/sdehgha2> was used as the home directory.
</share/ddomlab/sdehgha2/working-space/main/P1_pls-dataset/pls-dataset-space/PLS-Dataset/code_/training/hpc_submit_training_Rh> was used as the working directory.
Started at Thu Apr 17 17:14:56 2025
Terminated at Thu Apr 17 17:19:30 2025
Results reported at Thu Apr 17 17:19:30 2025

Your job looked like:

------------------------------------------------------------
# LSBATCH: User input



#BSUB -n 4
#BSUB -W 06:00
#BSUB -R span[hosts=1]
#BSUB -R "rusage[mem=16GB]"
#BSUB -J "NGB_log Rg (nm)_Mordred_Trimer_HBD3 MACCS cluster_20250415"  
#BSUB -o "/share/ddomlab/sdehgha2/working-space/main/P1_pls-dataset/pls-dataset-space/PLS-Dataset/results/hpc_20250417/NGB_log Rg (nm)_Mordred_Trimer_HBD3 MACCS cluster_lc_20250417.out"
#BSUB -e "/share/ddomlab/sdehgha2/working-space/main/P1_pls-dataset/pls-dataset-space/PLS-Dataset/results/hpc_20250417/NGB_log Rg (nm)_Mordred_Trimer_HBD3 MACCS cluster_lc_20250417.err"

source ~/.bashrc
conda activate /usr/local/usrapps/ddomlab/sdehgha2/gpu-env
python ../make_ood_learning_curve.py --target_features "log Rg (nm)"                                       --representation "Mordred"                                       --regressor_type "NGB"                                       --oligomer_representation "Trimer"                                       --numerical_feats 'Xn' 'Mw (g/mol)' 'PDI' 'Concentration (mg/ml)' 'Temperature SANS/SLS/DLS/SEC (K)' "polymer dP" "polymer dD" "polymer dH" 'solvent dP' 'solvent dD' 'solvent dH'                                       --clustering_method "HBD3 MACCS cluster" 



------------------------------------------------------------

Successfully completed.

Resource usage summary:

    CPU time :                                   181.99 sec.
    Max Memory :                                 -
    Average Memory :                             -
    Total Requested Memory :                     16.00 GB
    Delta Memory :                               -
    Max Swap :                                   -
    Max Processes :                              4
    Max Threads :                                6
    Run time :                                   279 sec.
    Turnaround time :                            275 sec.

The output (if any) is above this job summary.



PS:

Read file </share/ddomlab/sdehgha2/working-space/main/P1_pls-dataset/pls-dataset-space/PLS-Dataset/results/hpc_20250417/NGB_log Rg (nm)_Mordred_Trimer_HBD3 MACCS cluster_lc_20250417.err> for stderr output of this job.


------------------------------------------------------------
Sender: LSF System <lsfadmin@c202n06>
Subject: Job 206865: <NGB_log Rg (nm)_Mordred_Trimer_HBD3 MACCS cluster_20250415> in cluster <Hazel> Exited

Job <NGB_log Rg (nm)_Mordred_Trimer_HBD3 MACCS cluster_20250415> was submitted from host <c205n03> by user <sdehgha2> in cluster <Hazel> at Thu Apr 17 17:25:26 2025
Job was executed on host(s) <4*c202n06>, in queue <single_chassis>, as user <sdehgha2> in cluster <Hazel> at Thu Apr 17 17:25:36 2025
</home/sdehgha2> was used as the home directory.
</share/ddomlab/sdehgha2/working-space/main/P1_pls-dataset/pls-dataset-space/PLS-Dataset/code_/training/hpc_submit_training_Rh> was used as the working directory.
Started at Thu Apr 17 17:25:36 2025
Terminated at Thu Apr 17 17:29:43 2025
Results reported at Thu Apr 17 17:29:43 2025

Your job looked like:

------------------------------------------------------------
# LSBATCH: User input



#BSUB -n 4
#BSUB -W 06:00
#BSUB -R span[hosts=1]
#BSUB -R "rusage[mem=16GB]"
#BSUB -J "NGB_log Rg (nm)_Mordred_Trimer_HBD3 MACCS cluster_20250415"  
#BSUB -o "/share/ddomlab/sdehgha2/working-space/main/P1_pls-dataset/pls-dataset-space/PLS-Dataset/results/hpc_20250417/NGB_log Rg (nm)_Mordred_Trimer_HBD3 MACCS cluster_lc_20250417.out"
#BSUB -e "/share/ddomlab/sdehgha2/working-space/main/P1_pls-dataset/pls-dataset-space/PLS-Dataset/results/hpc_20250417/NGB_log Rg (nm)_Mordred_Trimer_HBD3 MACCS cluster_lc_20250417.err"

source ~/.bashrc
conda activate /usr/local/usrapps/ddomlab/sdehgha2/gpu-env
python ../make_ood_learning_curve.py --target_features "log Rg (nm)"                                       --representation "Mordred"                                       --regressor_type "NGB"                                       --oligomer_representation "Trimer"                                       --numerical_feats 'Xn' 'Mw (g/mol)' 'PDI' 'Concentration (mg/ml)' 'Temperature SANS/SLS/DLS/SEC (K)' "polymer dP" "polymer dD" "polymer dH" 'solvent dP' 'solvent dD' 'solvent dH'                                       --clustering_method "HBD3 MACCS cluster" 



------------------------------------------------------------

TERM_OWNER: job killed by owner.
Exited with exit code 130.

Resource usage summary:

    CPU time :                                   143.88 sec.
    Max Memory :                                 -
    Average Memory :                             -
    Total Requested Memory :                     16.00 GB
    Delta Memory :                               -
    Max Swap :                                   -
    Max Processes :                              5
    Max Threads :                                6
    Run time :                                   273 sec.
    Turnaround time :                            257 sec.

The output (if any) is above this job summary.



PS:

Read file </share/ddomlab/sdehgha2/working-space/main/P1_pls-dataset/pls-dataset-space/PLS-Dataset/results/hpc_20250417/NGB_log Rg (nm)_Mordred_Trimer_HBD3 MACCS cluster_lc_20250417.err> for stderr output of this job.


------------------------------------------------------------
Sender: LSF System <lsfadmin@c207n09>
Subject: Job 208259: <NGB_log Rg (nm)_Mordred_Trimer_HBD3 MACCS cluster_20250415> in cluster <Hazel> Exited

Job <NGB_log Rg (nm)_Mordred_Trimer_HBD3 MACCS cluster_20250415> was submitted from host <c207n10> by user <sdehgha2> in cluster <Hazel> at Thu Apr 17 17:50:41 2025
Job was executed on host(s) <4*c207n09>, in queue <single_chassis>, as user <sdehgha2> in cluster <Hazel> at Thu Apr 17 17:50:42 2025
</home/sdehgha2> was used as the home directory.
</share/ddomlab/sdehgha2/working-space/main/P1_pls-dataset/pls-dataset-space/PLS-Dataset/code_/training/hpc_submit_training_Rh> was used as the working directory.
Started at Thu Apr 17 17:50:42 2025
Terminated at Thu Apr 17 17:51:43 2025
Results reported at Thu Apr 17 17:51:43 2025

Your job looked like:

------------------------------------------------------------
# LSBATCH: User input



#BSUB -n 4
#BSUB -W 06:00
#BSUB -R span[hosts=1]
#BSUB -R "rusage[mem=16GB]"
#BSUB -J "NGB_log Rg (nm)_Mordred_Trimer_HBD3 MACCS cluster_20250415"  
#BSUB -o "/share/ddomlab/sdehgha2/working-space/main/P1_pls-dataset/pls-dataset-space/PLS-Dataset/results/hpc_20250417/NGB_log Rg (nm)_Mordred_Trimer_HBD3 MACCS cluster_lc_20250417.out"
#BSUB -e "/share/ddomlab/sdehgha2/working-space/main/P1_pls-dataset/pls-dataset-space/PLS-Dataset/results/hpc_20250417/NGB_log Rg (nm)_Mordred_Trimer_HBD3 MACCS cluster_lc_20250417.err"

source ~/.bashrc
conda activate /usr/local/usrapps/ddomlab/sdehgha2/gpu-env
python ../make_ood_learning_curve.py --target_features "log Rg (nm)"                                       --representation "Mordred"                                       --regressor_type "NGB"                                       --oligomer_representation "Trimer"                                       --numerical_feats 'Xn' 'Mw (g/mol)' 'PDI' 'Concentration (mg/ml)' 'Temperature SANS/SLS/DLS/SEC (K)' "polymer dP" "polymer dD" "polymer dH" 'solvent dP' 'solvent dD' 'solvent dH'                                       --clustering_method "HBD3 MACCS cluster" 



------------------------------------------------------------

Exited with exit code 1.

Resource usage summary:

    CPU time :                                   5.60 sec.
    Max Memory :                                 -
    Average Memory :                             -
    Total Requested Memory :                     16.00 GB
    Delta Memory :                               -
    Max Swap :                                   -
    Max Processes :                              5
    Max Threads :                                6
    Run time :                                   66 sec.
    Turnaround time :                            62 sec.

The output (if any) is above this job summary.



PS:

Read file </share/ddomlab/sdehgha2/working-space/main/P1_pls-dataset/pls-dataset-space/PLS-Dataset/results/hpc_20250417/NGB_log Rg (nm)_Mordred_Trimer_HBD3 MACCS cluster_lc_20250417.err> for stderr output of this job.


------------------------------------------------------------
Sender: LSF System <lsfadmin@c207n12>
Subject: Job 208893: <NGB_log Rg (nm)_Mordred_Trimer_HBD3 MACCS cluster_20250415> in cluster <Hazel> Exited

Job <NGB_log Rg (nm)_Mordred_Trimer_HBD3 MACCS cluster_20250415> was submitted from host <c207n09> by user <sdehgha2> in cluster <Hazel> at Thu Apr 17 17:58:21 2025
Job was executed on host(s) <4*c207n12>, in queue <single_chassis>, as user <sdehgha2> in cluster <Hazel> at Thu Apr 17 17:58:22 2025
</home/sdehgha2> was used as the home directory.
</share/ddomlab/sdehgha2/working-space/main/P1_pls-dataset/pls-dataset-space/PLS-Dataset/code_/training/hpc_submit_training_Rh> was used as the working directory.
Started at Thu Apr 17 17:58:22 2025
Terminated at Thu Apr 17 17:59:21 2025
Results reported at Thu Apr 17 17:59:21 2025

Your job looked like:

------------------------------------------------------------
# LSBATCH: User input



#BSUB -n 4
#BSUB -W 06:00
#BSUB -R span[hosts=1]
#BSUB -R "rusage[mem=16GB]"
#BSUB -J "NGB_log Rg (nm)_Mordred_Trimer_HBD3 MACCS cluster_20250415"  
#BSUB -o "/share/ddomlab/sdehgha2/working-space/main/P1_pls-dataset/pls-dataset-space/PLS-Dataset/results/hpc_20250417/NGB_log Rg (nm)_Mordred_Trimer_HBD3 MACCS cluster_lc_20250417.out"
#BSUB -e "/share/ddomlab/sdehgha2/working-space/main/P1_pls-dataset/pls-dataset-space/PLS-Dataset/results/hpc_20250417/NGB_log Rg (nm)_Mordred_Trimer_HBD3 MACCS cluster_lc_20250417.err"

source ~/.bashrc
conda activate /usr/local/usrapps/ddomlab/sdehgha2/pls-dataset-env
python ../make_ood_learning_curve.py --target_features "log Rg (nm)"                                       --representation "Mordred"                                       --regressor_type "NGB"                                       --oligomer_representation "Trimer"                                       --numerical_feats 'Xn' 'Mw (g/mol)' 'PDI' 'Concentration (mg/ml)' 'Temperature SANS/SLS/DLS/SEC (K)' "polymer dP" "polymer dD" "polymer dH" 'solvent dP' 'solvent dD' 'solvent dH'                                       --clustering_method "HBD3 MACCS cluster" 



------------------------------------------------------------

Exited with exit code 1.

Resource usage summary:

    CPU time :                                   4.66 sec.
    Max Memory :                                 -
    Average Memory :                             -
    Total Requested Memory :                     16.00 GB
    Delta Memory :                               -
    Max Swap :                                   -
    Max Processes :                              4
    Max Threads :                                5
    Run time :                                   59 sec.
    Turnaround time :                            60 sec.

The output (if any) is above this job summary.



PS:

Read file </share/ddomlab/sdehgha2/working-space/main/P1_pls-dataset/pls-dataset-space/PLS-Dataset/results/hpc_20250417/NGB_log Rg (nm)_Mordred_Trimer_HBD3 MACCS cluster_lc_20250417.err> for stderr output of this job.

