
------------------------------------------------------------
Sender: LSF System <lsfadmin@c202n12>
Subject: Job 200664: <NGB_log Rg (nm)_MACCS_Trimer_KM4 polymer_solvent HSP and polysize cluster_20250415> in cluster <Hazel> Exited

Job <NGB_log Rg (nm)_MACCS_Trimer_KM4 polymer_solvent HSP and polysize cluster_20250415> was submitted from host <c207n11> by user <sdehgha2> in cluster <Hazel> at Thu Apr 17 14:48:11 2025
Job was executed on host(s) <4*c202n12>, in queue <single_chassis>, as user <sdehgha2> in cluster <Hazel> at Thu Apr 17 14:48:12 2025
</home/sdehgha2> was used as the home directory.
</share/ddomlab/sdehgha2/working-space/main/P1_pls-dataset/pls-dataset-space/PLS-Dataset/code_/training/hpc_submit_training_Rh> was used as the working directory.
Started at Thu Apr 17 14:48:12 2025
Terminated at Thu Apr 17 15:04:09 2025
Results reported at Thu Apr 17 15:04:09 2025

Your job looked like:

------------------------------------------------------------
# LSBATCH: User input



#BSUB -n 4
#BSUB -W 06:00
#BSUB -R span[hosts=1]
#BSUB -R "rusage[mem=16GB]"
#BSUB -J "NGB_log Rg (nm)_MACCS_Trimer_KM4 polymer_solvent HSP and polysize cluster_20250415"  
#BSUB -o "/share/ddomlab/sdehgha2/working-space/main/P1_pls-dataset/pls-dataset-space/PLS-Dataset/results/hpc_20250417/NGB_log Rg (nm)_MACCS_Trimer_KM4 polymer_solvent HSP and polysize cluster_lc_20250417.out"
#BSUB -e "/share/ddomlab/sdehgha2/working-space/main/P1_pls-dataset/pls-dataset-space/PLS-Dataset/results/hpc_20250417/NGB_log Rg (nm)_MACCS_Trimer_KM4 polymer_solvent HSP and polysize cluster_lc_20250417.err"

source ~/.bashrc
conda activate /usr/local/usrapps/ddomlab/sdehgha2/gpu-env
python ../make_ood_learning_curve.py --target_features "log Rg (nm)"                                       --representation "MACCS"                                       --regressor_type "NGB"                                       --oligomer_representation "Trimer"                                       --numerical_feats 'Xn' 'Mw (g/mol)' 'PDI' 'Concentration (mg/ml)' 'Temperature SANS/SLS/DLS/SEC (K)' "polymer dP" "polymer dD" "polymer dH" 'solvent dP' 'solvent dD' 'solvent dH'                                       --clustering_method "KM4 polymer_solvent HSP and polysize cluster" 



------------------------------------------------------------

Exited with exit code 1.

Resource usage summary:

    CPU time :                                   935.18 sec.
    Max Memory :                                 -
    Average Memory :                             -
    Total Requested Memory :                     16.00 GB
    Delta Memory :                               -
    Max Swap :                                   -
    Max Processes :                              4
    Max Threads :                                6
    Run time :                                   969 sec.
    Turnaround time :                            958 sec.

The output (if any) is above this job summary.



PS:

Read file </share/ddomlab/sdehgha2/working-space/main/P1_pls-dataset/pls-dataset-space/PLS-Dataset/results/hpc_20250417/NGB_log Rg (nm)_MACCS_Trimer_KM4 polymer_solvent HSP and polysize cluster_lc_20250417.err> for stderr output of this job.

Filename: (MACCS-Xn-Mw-PDI-concentration-temperature-polymer dP-polymer dD-polymer dH-solvent dP-solvent dD-solvent dH)_NGB_hypOFF_Standard_lc
Done Saving scores!

------------------------------------------------------------
Sender: LSF System <lsfadmin@c205n03>
Subject: Job 202996: <NGB_log Rg (nm)_MACCS_Trimer_KM4 polymer_solvent HSP and polysize cluster_20250415> in cluster <Hazel> Done

Job <NGB_log Rg (nm)_MACCS_Trimer_KM4 polymer_solvent HSP and polysize cluster_20250415> was submitted from host <c205n07> by user <sdehgha2> in cluster <Hazel> at Thu Apr 17 15:31:46 2025
Job was executed on host(s) <4*c205n03>, in queue <single_chassis>, as user <sdehgha2> in cluster <Hazel> at Thu Apr 17 15:31:48 2025
</home/sdehgha2> was used as the home directory.
</share/ddomlab/sdehgha2/working-space/main/P1_pls-dataset/pls-dataset-space/PLS-Dataset/code_/training/hpc_submit_training_Rh> was used as the working directory.
Started at Thu Apr 17 15:31:48 2025
Terminated at Thu Apr 17 15:49:41 2025
Results reported at Thu Apr 17 15:49:41 2025

Your job looked like:

------------------------------------------------------------
# LSBATCH: User input



#BSUB -n 4
#BSUB -W 06:00
#BSUB -R span[hosts=1]
#BSUB -R "rusage[mem=16GB]"
#BSUB -J "NGB_log Rg (nm)_MACCS_Trimer_KM4 polymer_solvent HSP and polysize cluster_20250415"  
#BSUB -o "/share/ddomlab/sdehgha2/working-space/main/P1_pls-dataset/pls-dataset-space/PLS-Dataset/results/hpc_20250417/NGB_log Rg (nm)_MACCS_Trimer_KM4 polymer_solvent HSP and polysize cluster_lc_20250417.out"
#BSUB -e "/share/ddomlab/sdehgha2/working-space/main/P1_pls-dataset/pls-dataset-space/PLS-Dataset/results/hpc_20250417/NGB_log Rg (nm)_MACCS_Trimer_KM4 polymer_solvent HSP and polysize cluster_lc_20250417.err"

source ~/.bashrc
conda activate /usr/local/usrapps/ddomlab/sdehgha2/gpu-env
python ../make_ood_learning_curve.py --target_features "log Rg (nm)"                                       --representation "MACCS"                                       --regressor_type "NGB"                                       --oligomer_representation "Trimer"                                       --numerical_feats 'Xn' 'Mw (g/mol)' 'PDI' 'Concentration (mg/ml)' 'Temperature SANS/SLS/DLS/SEC (K)' "polymer dP" "polymer dD" "polymer dH" 'solvent dP' 'solvent dD' 'solvent dH'                                       --clustering_method "KM4 polymer_solvent HSP and polysize cluster" 



------------------------------------------------------------

Successfully completed.

Resource usage summary:

    CPU time :                                   1029.36 sec.
    Max Memory :                                 -
    Average Memory :                             -
    Total Requested Memory :                     16.00 GB
    Delta Memory :                               -
    Max Swap :                                   -
    Max Processes :                              5
    Max Threads :                                6
    Run time :                                   1087 sec.
    Turnaround time :                            1075 sec.

The output (if any) is above this job summary.



PS:

Read file </share/ddomlab/sdehgha2/working-space/main/P1_pls-dataset/pls-dataset-space/PLS-Dataset/results/hpc_20250417/NGB_log Rg (nm)_MACCS_Trimer_KM4 polymer_solvent HSP and polysize cluster_lc_20250417.err> for stderr output of this job.

Filename: (MACCS-Xn-Mw-PDI-concentration-temperature-polymer dP-polymer dD-polymer dH-solvent dP-solvent dD-solvent dH)_NGB_hypOFF_Standard_lc
Done Saving scores!

------------------------------------------------------------
Sender: LSF System <lsfadmin@c205n08>
Subject: Job 204700: <NGB_log Rg (nm)_MACCS_Trimer_KM4 polymer_solvent HSP and polysize cluster_20250415> in cluster <Hazel> Done

Job <NGB_log Rg (nm)_MACCS_Trimer_KM4 polymer_solvent HSP and polysize cluster_20250415> was submitted from host <c205n13> by user <sdehgha2> in cluster <Hazel> at Thu Apr 17 16:16:16 2025
Job was executed on host(s) <4*c205n08>, in queue <single_chassis>, as user <sdehgha2> in cluster <Hazel> at Thu Apr 17 16:16:17 2025
</home/sdehgha2> was used as the home directory.
</share/ddomlab/sdehgha2/working-space/main/P1_pls-dataset/pls-dataset-space/PLS-Dataset/code_/training/hpc_submit_training_Rh> was used as the working directory.
Started at Thu Apr 17 16:16:17 2025
Terminated at Thu Apr 17 16:32:29 2025
Results reported at Thu Apr 17 16:32:29 2025

Your job looked like:

------------------------------------------------------------
# LSBATCH: User input



#BSUB -n 4
#BSUB -W 06:00
#BSUB -R span[hosts=1]
#BSUB -R "rusage[mem=16GB]"
#BSUB -J "NGB_log Rg (nm)_MACCS_Trimer_KM4 polymer_solvent HSP and polysize cluster_20250415"  
#BSUB -o "/share/ddomlab/sdehgha2/working-space/main/P1_pls-dataset/pls-dataset-space/PLS-Dataset/results/hpc_20250417/NGB_log Rg (nm)_MACCS_Trimer_KM4 polymer_solvent HSP and polysize cluster_lc_20250417.out"
#BSUB -e "/share/ddomlab/sdehgha2/working-space/main/P1_pls-dataset/pls-dataset-space/PLS-Dataset/results/hpc_20250417/NGB_log Rg (nm)_MACCS_Trimer_KM4 polymer_solvent HSP and polysize cluster_lc_20250417.err"

source ~/.bashrc
conda activate /usr/local/usrapps/ddomlab/sdehgha2/gpu-env
python ../make_ood_learning_curve.py --target_features "log Rg (nm)"                                       --representation "MACCS"                                       --regressor_type "NGB"                                       --oligomer_representation "Trimer"                                       --numerical_feats 'Xn' 'Mw (g/mol)' 'PDI' 'Concentration (mg/ml)' 'Temperature SANS/SLS/DLS/SEC (K)' "polymer dP" "polymer dD" "polymer dH" 'solvent dP' 'solvent dD' 'solvent dH'                                       --clustering_method "KM4 polymer_solvent HSP and polysize cluster" 



------------------------------------------------------------

Successfully completed.

Resource usage summary:

    CPU time :                                   939.05 sec.
    Max Memory :                                 -
    Average Memory :                             -
    Total Requested Memory :                     16.00 GB
    Delta Memory :                               -
    Max Swap :                                   -
    Max Processes :                              5
    Max Threads :                                6
    Run time :                                   981 sec.
    Turnaround time :                            973 sec.

The output (if any) is above this job summary.



PS:

Read file </share/ddomlab/sdehgha2/working-space/main/P1_pls-dataset/pls-dataset-space/PLS-Dataset/results/hpc_20250417/NGB_log Rg (nm)_MACCS_Trimer_KM4 polymer_solvent HSP and polysize cluster_lc_20250417.err> for stderr output of this job.

Filename: (MACCS-Xn-Mw-PDI-concentration-temperature-polymer dP-polymer dD-polymer dH-solvent dP-solvent dD-solvent dH)_NGB_hypOFF_Standard_lc
Done Saving scores!

------------------------------------------------------------
Sender: LSF System <lsfadmin@c203n01>
Subject: Job 206370: <NGB_log Rg (nm)_MACCS_Trimer_KM4 polymer_solvent HSP and polysize cluster_20250415> in cluster <Hazel> Done

Job <NGB_log Rg (nm)_MACCS_Trimer_KM4 polymer_solvent HSP and polysize cluster_20250415> was submitted from host <c207n08> by user <sdehgha2> in cluster <Hazel> at Thu Apr 17 17:14:56 2025
Job was executed on host(s) <4*c203n01>, in queue <single_chassis>, as user <sdehgha2> in cluster <Hazel> at Thu Apr 17 17:14:57 2025
</home/sdehgha2> was used as the home directory.
</share/ddomlab/sdehgha2/working-space/main/P1_pls-dataset/pls-dataset-space/PLS-Dataset/code_/training/hpc_submit_training_Rh> was used as the working directory.
Started at Thu Apr 17 17:14:57 2025
Terminated at Thu Apr 17 17:18:17 2025
Results reported at Thu Apr 17 17:18:17 2025

Your job looked like:

------------------------------------------------------------
# LSBATCH: User input



#BSUB -n 4
#BSUB -W 06:00
#BSUB -R span[hosts=1]
#BSUB -R "rusage[mem=16GB]"
#BSUB -J "NGB_log Rg (nm)_MACCS_Trimer_KM4 polymer_solvent HSP and polysize cluster_20250415"  
#BSUB -o "/share/ddomlab/sdehgha2/working-space/main/P1_pls-dataset/pls-dataset-space/PLS-Dataset/results/hpc_20250417/NGB_log Rg (nm)_MACCS_Trimer_KM4 polymer_solvent HSP and polysize cluster_lc_20250417.out"
#BSUB -e "/share/ddomlab/sdehgha2/working-space/main/P1_pls-dataset/pls-dataset-space/PLS-Dataset/results/hpc_20250417/NGB_log Rg (nm)_MACCS_Trimer_KM4 polymer_solvent HSP and polysize cluster_lc_20250417.err"

source ~/.bashrc
conda activate /usr/local/usrapps/ddomlab/sdehgha2/gpu-env
python ../make_ood_learning_curve.py --target_features "log Rg (nm)"                                       --representation "MACCS"                                       --regressor_type "NGB"                                       --oligomer_representation "Trimer"                                       --numerical_feats 'Xn' 'Mw (g/mol)' 'PDI' 'Concentration (mg/ml)' 'Temperature SANS/SLS/DLS/SEC (K)' "polymer dP" "polymer dD" "polymer dH" 'solvent dP' 'solvent dD' 'solvent dH'                                       --clustering_method "KM4 polymer_solvent HSP and polysize cluster" 



------------------------------------------------------------

Successfully completed.

Resource usage summary:

    CPU time :                                   126.82 sec.
    Max Memory :                                 -
    Average Memory :                             -
    Total Requested Memory :                     16.00 GB
    Delta Memory :                               -
    Max Swap :                                   -
    Max Processes :                              5
    Max Threads :                                6
    Run time :                                   222 sec.
    Turnaround time :                            201 sec.

The output (if any) is above this job summary.



PS:

Read file </share/ddomlab/sdehgha2/working-space/main/P1_pls-dataset/pls-dataset-space/PLS-Dataset/results/hpc_20250417/NGB_log Rg (nm)_MACCS_Trimer_KM4 polymer_solvent HSP and polysize cluster_lc_20250417.err> for stderr output of this job.


------------------------------------------------------------
Sender: LSF System <lsfadmin@c202n05>
Subject: Job 206883: <NGB_log Rg (nm)_MACCS_Trimer_KM4 polymer_solvent HSP and polysize cluster_20250415> in cluster <Hazel> Exited

Job <NGB_log Rg (nm)_MACCS_Trimer_KM4 polymer_solvent HSP and polysize cluster_20250415> was submitted from host <c205n03> by user <sdehgha2> in cluster <Hazel> at Thu Apr 17 17:25:29 2025
Job was executed on host(s) <4*c202n05>, in queue <single_chassis>, as user <sdehgha2> in cluster <Hazel> at Thu Apr 17 17:26:43 2025
</home/sdehgha2> was used as the home directory.
</share/ddomlab/sdehgha2/working-space/main/P1_pls-dataset/pls-dataset-space/PLS-Dataset/code_/training/hpc_submit_training_Rh> was used as the working directory.
Started at Thu Apr 17 17:26:43 2025
Terminated at Thu Apr 17 17:29:43 2025
Results reported at Thu Apr 17 17:29:43 2025

Your job looked like:

------------------------------------------------------------
# LSBATCH: User input



#BSUB -n 4
#BSUB -W 06:00
#BSUB -R span[hosts=1]
#BSUB -R "rusage[mem=16GB]"
#BSUB -J "NGB_log Rg (nm)_MACCS_Trimer_KM4 polymer_solvent HSP and polysize cluster_20250415"  
#BSUB -o "/share/ddomlab/sdehgha2/working-space/main/P1_pls-dataset/pls-dataset-space/PLS-Dataset/results/hpc_20250417/NGB_log Rg (nm)_MACCS_Trimer_KM4 polymer_solvent HSP and polysize cluster_lc_20250417.out"
#BSUB -e "/share/ddomlab/sdehgha2/working-space/main/P1_pls-dataset/pls-dataset-space/PLS-Dataset/results/hpc_20250417/NGB_log Rg (nm)_MACCS_Trimer_KM4 polymer_solvent HSP and polysize cluster_lc_20250417.err"

source ~/.bashrc
conda activate /usr/local/usrapps/ddomlab/sdehgha2/gpu-env
python ../make_ood_learning_curve.py --target_features "log Rg (nm)"                                       --representation "MACCS"                                       --regressor_type "NGB"                                       --oligomer_representation "Trimer"                                       --numerical_feats 'Xn' 'Mw (g/mol)' 'PDI' 'Concentration (mg/ml)' 'Temperature SANS/SLS/DLS/SEC (K)' "polymer dP" "polymer dD" "polymer dH" 'solvent dP' 'solvent dD' 'solvent dH'                                       --clustering_method "KM4 polymer_solvent HSP and polysize cluster" 



------------------------------------------------------------

TERM_OWNER: job killed by owner.
Exited with exit code 130.

Resource usage summary:

    CPU time :                                   116.08 sec.
    Max Memory :                                 -
    Average Memory :                             -
    Total Requested Memory :                     16.00 GB
    Delta Memory :                               -
    Max Swap :                                   -
    Max Processes :                              5
    Max Threads :                                6
    Run time :                                   196 sec.
    Turnaround time :                            254 sec.

The output (if any) is above this job summary.



PS:

Read file </share/ddomlab/sdehgha2/working-space/main/P1_pls-dataset/pls-dataset-space/PLS-Dataset/results/hpc_20250417/NGB_log Rg (nm)_MACCS_Trimer_KM4 polymer_solvent HSP and polysize cluster_lc_20250417.err> for stderr output of this job.


------------------------------------------------------------
Sender: LSF System <lsfadmin@c200n12>
Subject: Job 208269: <NGB_log Rg (nm)_MACCS_Trimer_KM4 polymer_solvent HSP and polysize cluster_20250415> in cluster <Hazel> Exited

Job <NGB_log Rg (nm)_MACCS_Trimer_KM4 polymer_solvent HSP and polysize cluster_20250415> was submitted from host <c207n10> by user <sdehgha2> in cluster <Hazel> at Thu Apr 17 17:50:41 2025
Job was executed on host(s) <4*c200n12>, in queue <single_chassis>, as user <sdehgha2> in cluster <Hazel> at Thu Apr 17 17:50:42 2025
</home/sdehgha2> was used as the home directory.
</share/ddomlab/sdehgha2/working-space/main/P1_pls-dataset/pls-dataset-space/PLS-Dataset/code_/training/hpc_submit_training_Rh> was used as the working directory.
Started at Thu Apr 17 17:50:42 2025
Terminated at Thu Apr 17 17:51:43 2025
Results reported at Thu Apr 17 17:51:43 2025

Your job looked like:

------------------------------------------------------------
# LSBATCH: User input



#BSUB -n 4
#BSUB -W 06:00
#BSUB -R span[hosts=1]
#BSUB -R "rusage[mem=16GB]"
#BSUB -J "NGB_log Rg (nm)_MACCS_Trimer_KM4 polymer_solvent HSP and polysize cluster_20250415"  
#BSUB -o "/share/ddomlab/sdehgha2/working-space/main/P1_pls-dataset/pls-dataset-space/PLS-Dataset/results/hpc_20250417/NGB_log Rg (nm)_MACCS_Trimer_KM4 polymer_solvent HSP and polysize cluster_lc_20250417.out"
#BSUB -e "/share/ddomlab/sdehgha2/working-space/main/P1_pls-dataset/pls-dataset-space/PLS-Dataset/results/hpc_20250417/NGB_log Rg (nm)_MACCS_Trimer_KM4 polymer_solvent HSP and polysize cluster_lc_20250417.err"

source ~/.bashrc
conda activate /usr/local/usrapps/ddomlab/sdehgha2/gpu-env
python ../make_ood_learning_curve.py --target_features "log Rg (nm)"                                       --representation "MACCS"                                       --regressor_type "NGB"                                       --oligomer_representation "Trimer"                                       --numerical_feats 'Xn' 'Mw (g/mol)' 'PDI' 'Concentration (mg/ml)' 'Temperature SANS/SLS/DLS/SEC (K)' "polymer dP" "polymer dD" "polymer dH" 'solvent dP' 'solvent dD' 'solvent dH'                                       --clustering_method "KM4 polymer_solvent HSP and polysize cluster" 



------------------------------------------------------------

Exited with exit code 1.

Resource usage summary:

    CPU time :                                   5.44 sec.
    Max Memory :                                 -
    Average Memory :                             -
    Total Requested Memory :                     16.00 GB
    Delta Memory :                               -
    Max Swap :                                   -
    Max Processes :                              5
    Max Threads :                                6
    Run time :                                   61 sec.
    Turnaround time :                            62 sec.

The output (if any) is above this job summary.



PS:

Read file </share/ddomlab/sdehgha2/working-space/main/P1_pls-dataset/pls-dataset-space/PLS-Dataset/results/hpc_20250417/NGB_log Rg (nm)_MACCS_Trimer_KM4 polymer_solvent HSP and polysize cluster_lc_20250417.err> for stderr output of this job.


------------------------------------------------------------
Sender: LSF System <lsfadmin@c200n13>
Subject: Job 208903: <NGB_log Rg (nm)_MACCS_Trimer_KM4 polymer_solvent HSP and polysize cluster_20250415> in cluster <Hazel> Exited

Job <NGB_log Rg (nm)_MACCS_Trimer_KM4 polymer_solvent HSP and polysize cluster_20250415> was submitted from host <c207n09> by user <sdehgha2> in cluster <Hazel> at Thu Apr 17 17:58:21 2025
Job was executed on host(s) <4*c200n13>, in queue <single_chassis>, as user <sdehgha2> in cluster <Hazel> at Thu Apr 17 17:58:22 2025
</home/sdehgha2> was used as the home directory.
</share/ddomlab/sdehgha2/working-space/main/P1_pls-dataset/pls-dataset-space/PLS-Dataset/code_/training/hpc_submit_training_Rh> was used as the working directory.
Started at Thu Apr 17 17:58:22 2025
Terminated at Thu Apr 17 17:59:11 2025
Results reported at Thu Apr 17 17:59:11 2025

Your job looked like:

------------------------------------------------------------
# LSBATCH: User input



#BSUB -n 4
#BSUB -W 06:00
#BSUB -R span[hosts=1]
#BSUB -R "rusage[mem=16GB]"
#BSUB -J "NGB_log Rg (nm)_MACCS_Trimer_KM4 polymer_solvent HSP and polysize cluster_20250415"  
#BSUB -o "/share/ddomlab/sdehgha2/working-space/main/P1_pls-dataset/pls-dataset-space/PLS-Dataset/results/hpc_20250417/NGB_log Rg (nm)_MACCS_Trimer_KM4 polymer_solvent HSP and polysize cluster_lc_20250417.out"
#BSUB -e "/share/ddomlab/sdehgha2/working-space/main/P1_pls-dataset/pls-dataset-space/PLS-Dataset/results/hpc_20250417/NGB_log Rg (nm)_MACCS_Trimer_KM4 polymer_solvent HSP and polysize cluster_lc_20250417.err"

source ~/.bashrc
conda activate /usr/local/usrapps/ddomlab/sdehgha2/pls-dataset-env
python ../make_ood_learning_curve.py --target_features "log Rg (nm)"                                       --representation "MACCS"                                       --regressor_type "NGB"                                       --oligomer_representation "Trimer"                                       --numerical_feats 'Xn' 'Mw (g/mol)' 'PDI' 'Concentration (mg/ml)' 'Temperature SANS/SLS/DLS/SEC (K)' "polymer dP" "polymer dD" "polymer dH" 'solvent dP' 'solvent dD' 'solvent dH'                                       --clustering_method "KM4 polymer_solvent HSP and polysize cluster" 



------------------------------------------------------------

Exited with exit code 1.

Resource usage summary:

    CPU time :                                   4.84 sec.
    Max Memory :                                 -
    Average Memory :                             -
    Total Requested Memory :                     16.00 GB
    Delta Memory :                               -
    Max Swap :                                   -
    Max Processes :                              5
    Max Threads :                                6
    Run time :                                   49 sec.
    Turnaround time :                            50 sec.

The output (if any) is above this job summary.



PS:

Read file </share/ddomlab/sdehgha2/working-space/main/P1_pls-dataset/pls-dataset-space/PLS-Dataset/results/hpc_20250417/NGB_log Rg (nm)_MACCS_Trimer_KM4 polymer_solvent HSP and polysize cluster_lc_20250417.err> for stderr output of this job.

Filename: (MACCS-Xn-Mw-PDI-concentration-temperature-polymer dP-polymer dD-polymer dH-solvent dP-solvent dD-solvent dH)_NGB_hypOFF_Standard_lc
Done Saving scores!

------------------------------------------------------------
Sender: LSF System <lsfadmin@c200n06>
Subject: Job 209619: <NGB_log Rg (nm)_MACCS_Trimer_KM4 polymer_solvent HSP and polysize cluster_20250415> in cluster <Hazel> Done

Job <NGB_log Rg (nm)_MACCS_Trimer_KM4 polymer_solvent HSP and polysize cluster_20250415> was submitted from host <c207n10> by user <sdehgha2> in cluster <Hazel> at Thu Apr 17 18:16:13 2025
Job was executed on host(s) <4*c200n06>, in queue <single_chassis>, as user <sdehgha2> in cluster <Hazel> at Thu Apr 17 18:16:14 2025
</home/sdehgha2> was used as the home directory.
</share/ddomlab/sdehgha2/working-space/main/P1_pls-dataset/pls-dataset-space/PLS-Dataset/code_/training/hpc_submit_training_Rh> was used as the working directory.
Started at Thu Apr 17 18:16:14 2025
Terminated at Thu Apr 17 18:46:31 2025
Results reported at Thu Apr 17 18:46:31 2025

Your job looked like:

------------------------------------------------------------
# LSBATCH: User input



#BSUB -n 4
#BSUB -W 06:00
#BSUB -R span[hosts=1]
#BSUB -R "rusage[mem=16GB]"
#BSUB -J "NGB_log Rg (nm)_MACCS_Trimer_KM4 polymer_solvent HSP and polysize cluster_20250415"  
#BSUB -o "/share/ddomlab/sdehgha2/working-space/main/P1_pls-dataset/pls-dataset-space/PLS-Dataset/results/hpc_20250417/NGB_log Rg (nm)_MACCS_Trimer_KM4 polymer_solvent HSP and polysize cluster_lc_20250417.out"
#BSUB -e "/share/ddomlab/sdehgha2/working-space/main/P1_pls-dataset/pls-dataset-space/PLS-Dataset/results/hpc_20250417/NGB_log Rg (nm)_MACCS_Trimer_KM4 polymer_solvent HSP and polysize cluster_lc_20250417.err"

source ~/.bashrc
conda activate /usr/local/usrapps/ddomlab/sdehgha2/pls-dataset-env
python ../make_ood_learning_curve.py --target_features "log Rg (nm)"                                       --representation "MACCS"                                       --regressor_type "NGB"                                       --oligomer_representation "Trimer"                                       --numerical_feats 'Xn' 'Mw (g/mol)' 'PDI' 'Concentration (mg/ml)' 'Temperature SANS/SLS/DLS/SEC (K)' "polymer dP" "polymer dD" "polymer dH" 'solvent dP' 'solvent dD' 'solvent dH'                                       --clustering_method "KM4 polymer_solvent HSP and polysize cluster" 



------------------------------------------------------------

Successfully completed.

Resource usage summary:

    CPU time :                                   1760.91 sec.
    Max Memory :                                 -
    Average Memory :                             -
    Total Requested Memory :                     16.00 GB
    Delta Memory :                               -
    Max Swap :                                   -
    Max Processes :                              4
    Max Threads :                                5
    Run time :                                   1829 sec.
    Turnaround time :                            1818 sec.

The output (if any) is above this job summary.



PS:

Read file </share/ddomlab/sdehgha2/working-space/main/P1_pls-dataset/pls-dataset-space/PLS-Dataset/results/hpc_20250417/NGB_log Rg (nm)_MACCS_Trimer_KM4 polymer_solvent HSP and polysize cluster_lc_20250417.err> for stderr output of this job.

