


-------------------------------------------------- 
OOD TEST ON 0



-------------------------------------------------- 
OPTIMIZING HYPERPARAMETERS FOR REGRESSOR RF 	SEED: 6


Best parameters: OrderedDict([('regressor__regressor__max_depth', None), ('regressor__regressor__max_features', 'log2'), ('regressor__regressor__min_samples_leaf', 0.050536102141583064), ('regressor__regressor__min_samples_split', 0.07699617586509275), ('regressor__regressor__n_estimators', 54)])




Best parameters: OrderedDict([('regressor__regressor__max_depth', None), ('regressor__regressor__max_features', 'log2'), ('regressor__regressor__min_samples_leaf', 0.05), ('regressor__regressor__min_samples_split', 0.05), ('regressor__regressor__n_estimators', 2000)])




Best parameters: OrderedDict([('regressor__regressor__max_depth', None), ('regressor__regressor__max_features', 'sqrt'), ('regressor__regressor__min_samples_leaf', 0.05008050949801044), ('regressor__regressor__min_samples_split', 0.05806782186117265), ('regressor__regressor__n_estimators', 71)])




Best parameters: OrderedDict([('regressor__regressor__max_depth', None), ('regressor__regressor__max_features', 'log2'), ('regressor__regressor__min_samples_leaf', 0.05), ('regressor__regressor__min_samples_split', 0.05), ('regressor__regressor__n_estimators', 50)])




Best parameters: OrderedDict([('regressor__regressor__max_depth', None), ('regressor__regressor__max_features', 'log2'), ('regressor__regressor__min_samples_leaf', 0.05), ('regressor__regressor__min_samples_split', 0.05), ('regressor__regressor__n_estimators', 50)])





OPTIMIZING HYPERPARAMETERS FOR REGRESSOR RF 	SEED: 6


Best parameters: OrderedDict([('regressor__regressor__max_depth', None), ('regressor__regressor__max_features', 'log2'), ('regressor__regressor__min_samples_leaf', 0.0522366200575218), ('regressor__regressor__min_samples_split', 0.06821071262535981), ('regressor__regressor__n_estimators', 59)])





OPTIMIZING HYPERPARAMETERS FOR REGRESSOR RF 	SEED: 6


Best parameters: OrderedDict([('regressor__regressor__max_depth', None), ('regressor__regressor__max_features', 'log2'), ('regressor__regressor__min_samples_leaf', 0.05153650917039071), ('regressor__regressor__min_samples_split', 0.0665153029161141), ('regressor__regressor__n_estimators', 1788)])





OPTIMIZING HYPERPARAMETERS FOR REGRESSOR RF 	SEED: 6


Best parameters: OrderedDict([('regressor__regressor__max_depth', None), ('regressor__regressor__max_features', 'log2'), ('regressor__regressor__min_samples_leaf', 0.051017061018421246), ('regressor__regressor__min_samples_split', 0.07001526613381973), ('regressor__regressor__n_estimators', 74)])





OPTIMIZING HYPERPARAMETERS FOR REGRESSOR RF 	SEED: 6


Best parameters: OrderedDict([('regressor__regressor__max_depth', None), ('regressor__regressor__max_features', 'sqrt'), ('regressor__regressor__min_samples_leaf', 0.05), ('regressor__regressor__min_samples_split', 0.05), ('regressor__regressor__n_estimators', 96)])





OPTIMIZING HYPERPARAMETERS FOR REGRESSOR RF 	SEED: 6


Best parameters: OrderedDict([('regressor__regressor__max_depth', None), ('regressor__regressor__max_features', 'sqrt'), ('regressor__regressor__min_samples_leaf', 0.05090724100894371), ('regressor__regressor__min_samples_split', 0.05388845645205688), ('regressor__regressor__n_estimators', 183)])





-------------------------------------------------- 
OPTIMIZING HYPERPARAMETERS FOR REGRESSOR RF 	SEED: 13


Best parameters: OrderedDict([('regressor__regressor__max_depth', None), ('regressor__regressor__max_features', 'log2'), ('regressor__regressor__min_samples_leaf', 0.05), ('regressor__regressor__min_samples_split', 0.05), ('regressor__regressor__n_estimators', 50)])




Best parameters: OrderedDict([('regressor__regressor__max_depth', None), ('regressor__regressor__max_features', 'log2'), ('regressor__regressor__min_samples_leaf', 0.05), ('regressor__regressor__min_samples_split', 0.05), ('regressor__regressor__n_estimators', 1336)])




Best parameters: OrderedDict([('regressor__regressor__max_depth', None), ('regressor__regressor__max_features', 'log2'), ('regressor__regressor__min_samples_leaf', 0.05), ('regressor__regressor__min_samples_split', 0.05), ('regressor__regressor__n_estimators', 2000)])




Best parameters: OrderedDict([('regressor__regressor__max_depth', None), ('regressor__regressor__max_features', 'log2'), ('regressor__regressor__min_samples_leaf', 0.05), ('regressor__regressor__min_samples_split', 0.05), ('regressor__regressor__n_estimators', 50)])




Best parameters: OrderedDict([('regressor__regressor__max_depth', None), ('regressor__regressor__max_features', 'sqrt'), ('regressor__regressor__min_samples_leaf', 0.05), ('regressor__regressor__min_samples_split', 0.05), ('regressor__regressor__n_estimators', 50)])





OPTIMIZING HYPERPARAMETERS FOR REGRESSOR RF 	SEED: 13


Best parameters: OrderedDict([('regressor__regressor__max_depth', None), ('regressor__regressor__max_features', 'sqrt'), ('regressor__regressor__min_samples_leaf', 0.05040127831234924), ('regressor__regressor__min_samples_split', 0.06418812060315873), ('regressor__regressor__n_estimators', 67)])





OPTIMIZING HYPERPARAMETERS FOR REGRESSOR RF 	SEED: 13


Best parameters: OrderedDict([('regressor__regressor__max_depth', None), ('regressor__regressor__max_features', 'sqrt'), ('regressor__regressor__min_samples_leaf', 0.05051573144463337), ('regressor__regressor__min_samples_split', 0.05392116755902686), ('regressor__regressor__n_estimators', 128)])





OPTIMIZING HYPERPARAMETERS FOR REGRESSOR RF 	SEED: 13


Best parameters: OrderedDict([('regressor__regressor__max_depth', None), ('regressor__regressor__max_features', 'log2'), ('regressor__regressor__min_samples_leaf', 0.05), ('regressor__regressor__min_samples_split', 0.05), ('regressor__regressor__n_estimators', 50)])





OPTIMIZING HYPERPARAMETERS FOR REGRESSOR RF 	SEED: 13


Best parameters: OrderedDict([('regressor__regressor__max_depth', None), ('regressor__regressor__max_features', 'sqrt'), ('regressor__regressor__min_samples_leaf', 0.0506123654445674), ('regressor__regressor__min_samples_split', 0.07197078550245575), ('regressor__regressor__n_estimators', 69)])





OPTIMIZING HYPERPARAMETERS FOR REGRESSOR RF 	SEED: 13


Best parameters: OrderedDict([('regressor__regressor__max_depth', None), ('regressor__regressor__max_features', 'sqrt'), ('regressor__regressor__min_samples_leaf', 0.050196051166875026), ('regressor__regressor__min_samples_split', 0.08489264567299774), ('regressor__regressor__n_estimators', 50)])





-------------------------------------------------- 
OPTIMIZING HYPERPARAMETERS FOR REGRESSOR RF 	SEED: 42


Best parameters: OrderedDict([('regressor__regressor__max_depth', None), ('regressor__regressor__max_features', 'log2'), ('regressor__regressor__min_samples_leaf', 0.050796628068253545), ('regressor__regressor__min_samples_split', 0.06412543939476967), ('regressor__regressor__n_estimators', 160)])




Best parameters: OrderedDict([('regressor__regressor__max_depth', None), ('regressor__regressor__max_features', 'sqrt'), ('regressor__regressor__min_samples_leaf', 0.05), ('regressor__regressor__min_samples_split', 0.05), ('regressor__regressor__n_estimators', 50)])




Best parameters: OrderedDict([('regressor__regressor__max_depth', None), ('regressor__regressor__max_features', 'sqrt'), ('regressor__regressor__min_samples_leaf', 0.05), ('regressor__regressor__min_samples_split', 0.05), ('regressor__regressor__n_estimators', 50)])




Best parameters: OrderedDict([('regressor__regressor__max_depth', None), ('regressor__regressor__max_features', 'log2'), ('regressor__regressor__min_samples_leaf', 0.05), ('regressor__regressor__min_samples_split', 0.05), ('regressor__regressor__n_estimators', 2000)])




Best parameters: OrderedDict([('regressor__regressor__max_depth', None), ('regressor__regressor__max_features', 'sqrt'), ('regressor__regressor__min_samples_leaf', 0.05), ('regressor__regressor__min_samples_split', 0.05), ('regressor__regressor__n_estimators', 2000)])





OPTIMIZING HYPERPARAMETERS FOR REGRESSOR RF 	SEED: 42


Best parameters: OrderedDict([('regressor__regressor__max_depth', None), ('regressor__regressor__max_features', 'sqrt'), ('regressor__regressor__min_samples_leaf', 0.050423354040773284), ('regressor__regressor__min_samples_split', 0.05602152625869873), ('regressor__regressor__n_estimators', 85)])





OPTIMIZING HYPERPARAMETERS FOR REGRESSOR RF 	SEED: 42


Best parameters: OrderedDict([('regressor__regressor__max_depth', None), ('regressor__regressor__max_features', 'log2'), ('regressor__regressor__min_samples_leaf', 0.05), ('regressor__regressor__min_samples_split', 0.0800720373957809), ('regressor__regressor__n_estimators', 2000)])





OPTIMIZING HYPERPARAMETERS FOR REGRESSOR RF 	SEED: 42


Best parameters: OrderedDict([('regressor__regressor__max_depth', None), ('regressor__regressor__max_features', 'sqrt'), ('regressor__regressor__min_samples_leaf', 0.05), ('regressor__regressor__min_samples_split', 0.05), ('regressor__regressor__n_estimators', 50)])





OPTIMIZING HYPERPARAMETERS FOR REGRESSOR RF 	SEED: 42


Best parameters: OrderedDict([('regressor__regressor__max_depth', None), ('regressor__regressor__max_features', 'log2'), ('regressor__regressor__min_samples_leaf', 0.05088539081025435), ('regressor__regressor__min_samples_split', 0.08992808187818468), ('regressor__regressor__n_estimators', 62)])





OPTIMIZING HYPERPARAMETERS FOR REGRESSOR RF 	SEED: 42


Best parameters: OrderedDict([('regressor__regressor__max_depth', None), ('regressor__regressor__max_features', 'sqrt'), ('regressor__regressor__min_samples_leaf', 0.0501049006095668), ('regressor__regressor__min_samples_split', 0.06293521745447299), ('regressor__regressor__n_estimators', 1851)])





-------------------------------------------------- 
OPTIMIZING HYPERPARAMETERS FOR REGRESSOR RF 	SEED: 69


Best parameters: OrderedDict([('regressor__regressor__max_depth', None), ('regressor__regressor__max_features', 'log2'), ('regressor__regressor__min_samples_leaf', 0.05044191828508008), ('regressor__regressor__min_samples_split', 0.06710911542829297), ('regressor__regressor__n_estimators', 555)])




Best parameters: OrderedDict([('regressor__regressor__max_depth', None), ('regressor__regressor__max_features', 'sqrt'), ('regressor__regressor__min_samples_leaf', 0.05), ('regressor__regressor__min_samples_split', 0.08809282200634946), ('regressor__regressor__n_estimators', 296)])




Best parameters: OrderedDict([('regressor__regressor__max_depth', None), ('regressor__regressor__max_features', 'log2'), ('regressor__regressor__min_samples_leaf', 0.05), ('regressor__regressor__min_samples_split', 0.05), ('regressor__regressor__n_estimators', 2000)])




Best parameters: OrderedDict([('regressor__regressor__max_depth', None), ('regressor__regressor__max_features', 'log2'), ('regressor__regressor__min_samples_leaf', 0.05), ('regressor__regressor__min_samples_split', 0.05), ('regressor__regressor__n_estimators', 1336)])




Best parameters: OrderedDict([('regressor__regressor__max_depth', None), ('regressor__regressor__max_features', 'sqrt'), ('regressor__regressor__min_samples_leaf', 0.05), ('regressor__regressor__min_samples_split', 0.07048447128350274), ('regressor__regressor__n_estimators', 2000)])





OPTIMIZING HYPERPARAMETERS FOR REGRESSOR RF 	SEED: 69


Best parameters: OrderedDict([('regressor__regressor__max_depth', None), ('regressor__regressor__max_features', 'sqrt'), ('regressor__regressor__min_samples_leaf', 0.05), ('regressor__regressor__min_samples_split', 0.0781627750870843), ('regressor__regressor__n_estimators', 50)])





OPTIMIZING HYPERPARAMETERS FOR REGRESSOR RF 	SEED: 69


Best parameters: OrderedDict([('regressor__regressor__max_depth', None), ('regressor__regressor__max_features', 'sqrt'), ('regressor__regressor__min_samples_leaf', 0.05), ('regressor__regressor__min_samples_split', 0.0873586162841698), ('regressor__regressor__n_estimators', 2000)])





OPTIMIZING HYPERPARAMETERS FOR REGRESSOR RF 	SEED: 69


Best parameters: OrderedDict([('regressor__regressor__max_depth', None), ('regressor__regressor__max_features', 'log2'), ('regressor__regressor__min_samples_leaf', 0.05), ('regressor__regressor__min_samples_split', 0.05), ('regressor__regressor__n_estimators', 2000)])





OPTIMIZING HYPERPARAMETERS FOR REGRESSOR RF 	SEED: 69


Best parameters: OrderedDict([('regressor__regressor__max_depth', None), ('regressor__regressor__max_features', 'log2'), ('regressor__regressor__min_samples_leaf', 0.05), ('regressor__regressor__min_samples_split', 0.05), ('regressor__regressor__n_estimators', 2000)])





OPTIMIZING HYPERPARAMETERS FOR REGRESSOR RF 	SEED: 69


Best parameters: OrderedDict([('regressor__regressor__max_depth', None), ('regressor__regressor__max_features', 'log2'), ('regressor__regressor__min_samples_leaf', 0.05), ('regressor__regressor__min_samples_split', 0.05), ('regressor__regressor__n_estimators', 377)])





-------------------------------------------------- 
OPTIMIZING HYPERPARAMETERS FOR REGRESSOR RF 	SEED: 420


Best parameters: OrderedDict([('regressor__regressor__max_depth', None), ('regressor__regressor__max_features', 'log2'), ('regressor__regressor__min_samples_leaf', 0.05), ('regressor__regressor__min_samples_split', 0.05), ('regressor__regressor__n_estimators', 50)])




Best parameters: OrderedDict([('regressor__regressor__max_depth', None), ('regressor__regressor__max_features', 'sqrt'), ('regressor__regressor__min_samples_leaf', 0.05015574944519795), ('regressor__regressor__min_samples_split', 0.05761660271675556), ('regressor__regressor__n_estimators', 741)])




Best parameters: OrderedDict([('regressor__regressor__max_depth', None), ('regressor__regressor__max_features', 'log2'), ('regressor__regressor__min_samples_leaf', 0.05), ('regressor__regressor__min_samples_split', 0.05), ('regressor__regressor__n_estimators', 50)])




Best parameters: OrderedDict([('regressor__regressor__max_depth', None), ('regressor__regressor__max_features', 'sqrt'), ('regressor__regressor__min_samples_leaf', 0.05), ('regressor__regressor__min_samples_split', 0.05), ('regressor__regressor__n_estimators', 2000)])




Best parameters: OrderedDict([('regressor__regressor__max_depth', None), ('regressor__regressor__max_features', 'sqrt'), ('regressor__regressor__min_samples_leaf', 0.05), ('regressor__regressor__min_samples_split', 0.05), ('regressor__regressor__n_estimators', 50)])





OPTIMIZING HYPERPARAMETERS FOR REGRESSOR RF 	SEED: 420


Best parameters: OrderedDict([('regressor__regressor__max_depth', None), ('regressor__regressor__max_features', 'log2'), ('regressor__regressor__min_samples_leaf', 0.05), ('regressor__regressor__min_samples_split', 0.05), ('regressor__regressor__n_estimators', 50)])





OPTIMIZING HYPERPARAMETERS FOR REGRESSOR RF 	SEED: 420


Best parameters: OrderedDict([('regressor__regressor__max_depth', None), ('regressor__regressor__max_features', 'log2'), ('regressor__regressor__min_samples_leaf', 0.0513144991951703), ('regressor__regressor__min_samples_split', 0.054493963766891515), ('regressor__regressor__n_estimators', 161)])





OPTIMIZING HYPERPARAMETERS FOR REGRESSOR RF 	SEED: 420


Best parameters: OrderedDict([('regressor__regressor__max_depth', None), ('regressor__regressor__max_features', 'sqrt'), ('regressor__regressor__min_samples_leaf', 0.0501797222155374), ('regressor__regressor__min_samples_split', 0.10172904645254066), ('regressor__regressor__n_estimators', 63)])





OPTIMIZING HYPERPARAMETERS FOR REGRESSOR RF 	SEED: 420


Best parameters: OrderedDict([('regressor__regressor__max_depth', None), ('regressor__regressor__max_features', 'log2'), ('regressor__regressor__min_samples_leaf', 0.05), ('regressor__regressor__min_samples_split', 0.05), ('regressor__regressor__n_estimators', 50)])





OPTIMIZING HYPERPARAMETERS FOR REGRESSOR RF 	SEED: 420


Best parameters: OrderedDict([('regressor__regressor__max_depth', None), ('regressor__regressor__max_features', 'log2'), ('regressor__regressor__min_samples_leaf', 0.05), ('regressor__regressor__min_samples_split', 0.05), ('regressor__regressor__n_estimators', 50)])





-------------------------------------------------- 
OPTIMIZING HYPERPARAMETERS FOR REGRESSOR RF 	SEED: 1234567890


Best parameters: OrderedDict([('regressor__regressor__max_depth', None), ('regressor__regressor__max_features', 'log2'), ('regressor__regressor__min_samples_leaf', 0.05), ('regressor__regressor__min_samples_split', 0.05), ('regressor__regressor__n_estimators', 50)])




Best parameters: OrderedDict([('regressor__regressor__max_depth', None), ('regressor__regressor__max_features', 'sqrt'), ('regressor__regressor__min_samples_leaf', 0.05), ('regressor__regressor__min_samples_split', 0.05), ('regressor__regressor__n_estimators', 2000)])




Best parameters: OrderedDict([('regressor__regressor__max_depth', None), ('regressor__regressor__max_features', 'sqrt'), ('regressor__regressor__min_samples_leaf', 0.05), ('regressor__regressor__min_samples_split', 0.05), ('regressor__regressor__n_estimators', 50)])




Best parameters: OrderedDict([('regressor__regressor__max_depth', None), ('regressor__regressor__max_features', 'log2'), ('regressor__regressor__min_samples_leaf', 0.05), ('regressor__regressor__min_samples_split', 0.05), ('regressor__regressor__n_estimators', 52)])




Best parameters: OrderedDict([('regressor__regressor__max_depth', None), ('regressor__regressor__max_features', 'log2'), ('regressor__regressor__min_samples_leaf', 0.05), ('regressor__regressor__min_samples_split', 0.05), ('regressor__regressor__n_estimators', 50)])





OPTIMIZING HYPERPARAMETERS FOR REGRESSOR RF 	SEED: 1234567890


Best parameters: OrderedDict([('regressor__regressor__max_depth', None), ('regressor__regressor__max_features', 'log2'), ('regressor__regressor__min_samples_leaf', 0.05379084093385203), ('regressor__regressor__min_samples_split', 0.05241204978098213), ('regressor__regressor__n_estimators', 906)])





OPTIMIZING HYPERPARAMETERS FOR REGRESSOR RF 	SEED: 1234567890


Best parameters: OrderedDict([('regressor__regressor__max_depth', None), ('regressor__regressor__max_features', 'log2'), ('regressor__regressor__min_samples_leaf', 0.05), ('regressor__regressor__min_samples_split', 0.07483665309977844), ('regressor__regressor__n_estimators', 2000)])





OPTIMIZING HYPERPARAMETERS FOR REGRESSOR RF 	SEED: 1234567890


Best parameters: OrderedDict([('regressor__regressor__max_depth', None), ('regressor__regressor__max_features', 'log2'), ('regressor__regressor__min_samples_leaf', 0.05), ('regressor__regressor__min_samples_split', 0.05), ('regressor__regressor__n_estimators', 50)])





OPTIMIZING HYPERPARAMETERS FOR REGRESSOR RF 	SEED: 1234567890


Best parameters: OrderedDict([('regressor__regressor__max_depth', None), ('regressor__regressor__max_features', 'log2'), ('regressor__regressor__min_samples_leaf', 0.05016325404964506), ('regressor__regressor__min_samples_split', 0.07797457481027578), ('regressor__regressor__n_estimators', 636)])





OPTIMIZING HYPERPARAMETERS FOR REGRESSOR RF 	SEED: 1234567890


Best parameters: OrderedDict([('regressor__regressor__max_depth', None), ('regressor__regressor__max_features', 'sqrt'), ('regressor__regressor__min_samples_leaf', 0.05034782118839582), ('regressor__regressor__min_samples_split', 0.050643799456050215), ('regressor__regressor__n_estimators', 242)])





-------------------------------------------------- 
OPTIMIZING HYPERPARAMETERS FOR REGRESSOR RF 	SEED: 473129


Best parameters: OrderedDict([('regressor__regressor__max_depth', None), ('regressor__regressor__max_features', 'log2'), ('regressor__regressor__min_samples_leaf', 0.05041714068915762), ('regressor__regressor__min_samples_split', 0.06880992504342154), ('regressor__regressor__n_estimators', 70)])




Best parameters: OrderedDict([('regressor__regressor__max_depth', None), ('regressor__regressor__max_features', 'sqrt'), ('regressor__regressor__min_samples_leaf', 0.05), ('regressor__regressor__min_samples_split', 0.05), ('regressor__regressor__n_estimators', 1007)])




Best parameters: OrderedDict([('regressor__regressor__max_depth', None), ('regressor__regressor__max_features', 'log2'), ('regressor__regressor__min_samples_leaf', 0.05), ('regressor__regressor__min_samples_split', 0.05), ('regressor__regressor__n_estimators', 2000)])




Best parameters: OrderedDict([('regressor__regressor__max_depth', None), ('regressor__regressor__max_features', 'sqrt'), ('regressor__regressor__min_samples_leaf', 0.05), ('regressor__regressor__min_samples_split', 0.05), ('regressor__regressor__n_estimators', 2000)])




Best parameters: OrderedDict([('regressor__regressor__max_depth', None), ('regressor__regressor__max_features', 'log2'), ('regressor__regressor__min_samples_leaf', 0.05), ('regressor__regressor__min_samples_split', 0.05), ('regressor__regressor__n_estimators', 2000)])





OPTIMIZING HYPERPARAMETERS FOR REGRESSOR RF 	SEED: 473129


Best parameters: OrderedDict([('regressor__regressor__max_depth', None), ('regressor__regressor__max_features', 'log2'), ('regressor__regressor__min_samples_leaf', 0.05), ('regressor__regressor__min_samples_split', 0.05), ('regressor__regressor__n_estimators', 50)])





OPTIMIZING HYPERPARAMETERS FOR REGRESSOR RF 	SEED: 473129


Best parameters: OrderedDict([('regressor__regressor__max_depth', None), ('regressor__regressor__max_features', 'sqrt'), ('regressor__regressor__min_samples_leaf', 0.05), ('regressor__regressor__min_samples_split', 0.06584903746927312), ('regressor__regressor__n_estimators', 2000)])





OPTIMIZING HYPERPARAMETERS FOR REGRESSOR RF 	SEED: 473129


Best parameters: OrderedDict([('regressor__regressor__max_depth', None), ('regressor__regressor__max_features', 'sqrt'), ('regressor__regressor__min_samples_leaf', 0.05), ('regressor__regressor__min_samples_split', 0.07092256034739453), ('regressor__regressor__n_estimators', 50)])





OPTIMIZING HYPERPARAMETERS FOR REGRESSOR RF 	SEED: 473129


Best parameters: OrderedDict([('regressor__regressor__max_depth', None), ('regressor__regressor__max_features', 'log2'), ('regressor__regressor__min_samples_leaf', 0.05), ('regressor__regressor__min_samples_split', 0.05), ('regressor__regressor__n_estimators', 2000)])





OPTIMIZING HYPERPARAMETERS FOR REGRESSOR RF 	SEED: 473129


Best parameters: OrderedDict([('regressor__regressor__max_depth', None), ('regressor__regressor__max_features', 'log2'), ('regressor__regressor__min_samples_leaf', 0.05041714068915762), ('regressor__regressor__min_samples_split', 0.06880992504342154), ('regressor__regressor__n_estimators', 70)])





-------------------------------------------------- 
OOD TEST ON 1



-------------------------------------------------- 
OPTIMIZING HYPERPARAMETERS FOR REGRESSOR RF 	SEED: 6


Best parameters: OrderedDict([('regressor__regressor__max_depth', None), ('regressor__regressor__max_features', 'sqrt'), ('regressor__regressor__min_samples_leaf', 0.05), ('regressor__regressor__min_samples_split', 0.07381990302842578), ('regressor__regressor__n_estimators', 2000)])




Best parameters: OrderedDict([('regressor__regressor__max_depth', None), ('regressor__regressor__max_features', 'log2'), ('regressor__regressor__min_samples_leaf', 0.05), ('regressor__regressor__min_samples_split', 0.05), ('regressor__regressor__n_estimators', 2000)])




Best parameters: OrderedDict([('regressor__regressor__max_depth', None), ('regressor__regressor__max_features', 'log2'), ('regressor__regressor__min_samples_leaf', 0.05), ('regressor__regressor__min_samples_split', 0.05), ('regressor__regressor__n_estimators', 50)])




Best parameters: OrderedDict([('regressor__regressor__max_depth', None), ('regressor__regressor__max_features', 'log2'), ('regressor__regressor__min_samples_leaf', 0.05020633363131399), ('regressor__regressor__min_samples_split', 0.05545864520719614), ('regressor__regressor__n_estimators', 793)])




Best parameters: OrderedDict([('regressor__regressor__max_depth', None), ('regressor__regressor__max_features', 'sqrt'), ('regressor__regressor__min_samples_leaf', 0.05004815785402106), ('regressor__regressor__min_samples_split', 0.06809058127558361), ('regressor__regressor__n_estimators', 127)])





OPTIMIZING HYPERPARAMETERS FOR REGRESSOR RF 	SEED: 6


Best parameters: OrderedDict([('regressor__regressor__max_depth', None), ('regressor__regressor__max_features', 'log2'), ('regressor__regressor__min_samples_leaf', 0.05128866875341327), ('regressor__regressor__min_samples_split', 0.09581334138302844), ('regressor__regressor__n_estimators', 896)])





OPTIMIZING HYPERPARAMETERS FOR REGRESSOR RF 	SEED: 6


Best parameters: OrderedDict([('regressor__regressor__max_depth', None), ('regressor__regressor__max_features', 'sqrt'), ('regressor__regressor__min_samples_leaf', 0.050869128212566825), ('regressor__regressor__min_samples_split', 0.053875357700240954), ('regressor__regressor__n_estimators', 183)])





OPTIMIZING HYPERPARAMETERS FOR REGRESSOR RF 	SEED: 6


Best parameters: OrderedDict([('regressor__regressor__max_depth', None), ('regressor__regressor__max_features', 'log2'), ('regressor__regressor__min_samples_leaf', 0.05), ('regressor__regressor__min_samples_split', 0.06592454929638633), ('regressor__regressor__n_estimators', 50)])





OPTIMIZING HYPERPARAMETERS FOR REGRESSOR RF 	SEED: 6


Best parameters: OrderedDict([('regressor__regressor__max_depth', None), ('regressor__regressor__max_features', 'sqrt'), ('regressor__regressor__min_samples_leaf', 0.05), ('regressor__regressor__min_samples_split', 0.05), ('regressor__regressor__n_estimators', 2000)])





OPTIMIZING HYPERPARAMETERS FOR REGRESSOR RF 	SEED: 6


Best parameters: OrderedDict([('regressor__regressor__max_depth', None), ('regressor__regressor__max_features', 'log2'), ('regressor__regressor__min_samples_leaf', 0.05), ('regressor__regressor__min_samples_split', 0.05), ('regressor__regressor__n_estimators', 2000)])





-------------------------------------------------- 
OPTIMIZING HYPERPARAMETERS FOR REGRESSOR RF 	SEED: 13


Best parameters: OrderedDict([('regressor__regressor__max_depth', None), ('regressor__regressor__max_features', 'sqrt'), ('regressor__regressor__min_samples_leaf', 0.050196051166875026), ('regressor__regressor__min_samples_split', 0.08489264567299774), ('regressor__regressor__n_estimators', 50)])




Best parameters: OrderedDict([('regressor__regressor__max_depth', None), ('regressor__regressor__max_features', 'log2'), ('regressor__regressor__min_samples_leaf', 0.05), ('regressor__regressor__min_samples_split', 0.07260015016959276), ('regressor__regressor__n_estimators', 2000)])




Best parameters: OrderedDict([('regressor__regressor__max_depth', None), ('regressor__regressor__max_features', 'sqrt'), ('regressor__regressor__min_samples_leaf', 0.050196051166875026), ('regressor__regressor__min_samples_split', 0.08489264567299774), ('regressor__regressor__n_estimators', 50)])




Best parameters: OrderedDict([('regressor__regressor__max_depth', None), ('regressor__regressor__max_features', 'log2'), ('regressor__regressor__min_samples_leaf', 0.05), ('regressor__regressor__min_samples_split', 0.08882091771074732), ('regressor__regressor__n_estimators', 50)])




Best parameters: OrderedDict([('regressor__regressor__max_depth', None), ('regressor__regressor__max_features', 'sqrt'), ('regressor__regressor__min_samples_leaf', 0.0506123654445674), ('regressor__regressor__min_samples_split', 0.07197078550245575), ('regressor__regressor__n_estimators', 69)])





OPTIMIZING HYPERPARAMETERS FOR REGRESSOR RF 	SEED: 13


Best parameters: OrderedDict([('regressor__regressor__max_depth', None), ('regressor__regressor__max_features', 'sqrt'), ('regressor__regressor__min_samples_leaf', 0.05040127831234924), ('regressor__regressor__min_samples_split', 0.06418812060315873), ('regressor__regressor__n_estimators', 67)])





OPTIMIZING HYPERPARAMETERS FOR REGRESSOR RF 	SEED: 13


Best parameters: OrderedDict([('regressor__regressor__max_depth', None), ('regressor__regressor__max_features', 'sqrt'), ('regressor__regressor__min_samples_leaf', 0.0506123654445674), ('regressor__regressor__min_samples_split', 0.07197078550245575), ('regressor__regressor__n_estimators', 69)])





OPTIMIZING HYPERPARAMETERS FOR REGRESSOR RF 	SEED: 13


Best parameters: OrderedDict([('regressor__regressor__max_depth', None), ('regressor__regressor__max_features', 'sqrt'), ('regressor__regressor__min_samples_leaf', 0.05), ('regressor__regressor__min_samples_split', 0.08906028348296907), ('regressor__regressor__n_estimators', 50)])





OPTIMIZING HYPERPARAMETERS FOR REGRESSOR RF 	SEED: 13


Best parameters: OrderedDict([('regressor__regressor__max_depth', None), ('regressor__regressor__max_features', 'sqrt'), ('regressor__regressor__min_samples_leaf', 0.05), ('regressor__regressor__min_samples_split', 0.05), ('regressor__regressor__n_estimators', 50)])





OPTIMIZING HYPERPARAMETERS FOR REGRESSOR RF 	SEED: 13


Best parameters: OrderedDict([('regressor__regressor__max_depth', None), ('regressor__regressor__max_features', 'log2'), ('regressor__regressor__min_samples_leaf', 0.05309993140352649), ('regressor__regressor__min_samples_split', 0.05415047147802821), ('regressor__regressor__n_estimators', 1728)])





-------------------------------------------------- 
OPTIMIZING HYPERPARAMETERS FOR REGRESSOR RF 	SEED: 42


Best parameters: OrderedDict([('regressor__regressor__max_depth', None), ('regressor__regressor__max_features', 'sqrt'), ('regressor__regressor__min_samples_leaf', 0.05), ('regressor__regressor__min_samples_split', 0.05), ('regressor__regressor__n_estimators', 319)])




Best parameters: OrderedDict([('regressor__regressor__max_depth', None), ('regressor__regressor__max_features', 'sqrt'), ('regressor__regressor__min_samples_leaf', 0.05), ('regressor__regressor__min_samples_split', 0.05), ('regressor__regressor__n_estimators', 2000)])




Best parameters: OrderedDict([('regressor__regressor__max_depth', None), ('regressor__regressor__max_features', 'log2'), ('regressor__regressor__min_samples_leaf', 0.0504151213674162), ('regressor__regressor__min_samples_split', 0.10492622208042332), ('regressor__regressor__n_estimators', 120)])




Best parameters: OrderedDict([('regressor__regressor__max_depth', None), ('regressor__regressor__max_features', 'sqrt'), ('regressor__regressor__min_samples_leaf', 0.050980774646089064), ('regressor__regressor__min_samples_split', 0.11017783718368515), ('regressor__regressor__n_estimators', 134)])




Best parameters: OrderedDict([('regressor__regressor__max_depth', None), ('regressor__regressor__max_features', 'log2'), ('regressor__regressor__min_samples_leaf', 0.050796628068253545), ('regressor__regressor__min_samples_split', 0.06412543939476967), ('regressor__regressor__n_estimators', 160)])





OPTIMIZING HYPERPARAMETERS FOR REGRESSOR RF 	SEED: 42


Best parameters: OrderedDict([('regressor__regressor__max_depth', None), ('regressor__regressor__max_features', 'log2'), ('regressor__regressor__min_samples_leaf', 0.050771265654441594), ('regressor__regressor__min_samples_split', 0.058903968734335274), ('regressor__regressor__n_estimators', 550)])





OPTIMIZING HYPERPARAMETERS FOR REGRESSOR RF 	SEED: 42


Best parameters: OrderedDict([('regressor__regressor__max_depth', None), ('regressor__regressor__max_features', 'log2'), ('regressor__regressor__min_samples_leaf', 0.05), ('regressor__regressor__min_samples_split', 0.05), ('regressor__regressor__n_estimators', 50)])





OPTIMIZING HYPERPARAMETERS FOR REGRESSOR RF 	SEED: 42


Best parameters: OrderedDict([('regressor__regressor__max_depth', None), ('regressor__regressor__max_features', 'log2'), ('regressor__regressor__min_samples_leaf', 0.0524460757118239), ('regressor__regressor__min_samples_split', 0.06717056307179854), ('regressor__regressor__n_estimators', 457)])





OPTIMIZING HYPERPARAMETERS FOR REGRESSOR RF 	SEED: 42


Best parameters: OrderedDict([('regressor__regressor__max_depth', None), ('regressor__regressor__max_features', 'sqrt'), ('regressor__regressor__min_samples_leaf', 0.051900151815896654), ('regressor__regressor__min_samples_split', 0.07786988820125088), ('regressor__regressor__n_estimators', 83)])





OPTIMIZING HYPERPARAMETERS FOR REGRESSOR RF 	SEED: 42


Best parameters: OrderedDict([('regressor__regressor__max_depth', None), ('regressor__regressor__max_features', 'log2'), ('regressor__regressor__min_samples_leaf', 0.05), ('regressor__regressor__min_samples_split', 0.06844821594555349), ('regressor__regressor__n_estimators', 2000)])





-------------------------------------------------- 
OPTIMIZING HYPERPARAMETERS FOR REGRESSOR RF 	SEED: 69


Best parameters: OrderedDict([('regressor__regressor__max_depth', None), ('regressor__regressor__max_features', 'sqrt'), ('regressor__regressor__min_samples_leaf', 0.05), ('regressor__regressor__min_samples_split', 0.05), ('regressor__regressor__n_estimators', 867)])




Best parameters: OrderedDict([('regressor__regressor__max_depth', None), ('regressor__regressor__max_features', 'log2'), ('regressor__regressor__min_samples_leaf', 0.05), ('regressor__regressor__min_samples_split', 0.07372598938374549), ('regressor__regressor__n_estimators', 1168)])




Best parameters: OrderedDict([('regressor__regressor__max_depth', None), ('regressor__regressor__max_features', 'log2'), ('regressor__regressor__min_samples_leaf', 0.05), ('regressor__regressor__min_samples_split', 0.07955117181453111), ('regressor__regressor__n_estimators', 2000)])




Best parameters: OrderedDict([('regressor__regressor__max_depth', None), ('regressor__regressor__max_features', 'sqrt'), ('regressor__regressor__min_samples_leaf', 0.05), ('regressor__regressor__min_samples_split', 0.05), ('regressor__regressor__n_estimators', 254)])




Best parameters: OrderedDict([('regressor__regressor__max_depth', None), ('regressor__regressor__max_features', 'sqrt'), ('regressor__regressor__min_samples_leaf', 0.05), ('regressor__regressor__min_samples_split', 0.0773761400725175), ('regressor__regressor__n_estimators', 865)])





OPTIMIZING HYPERPARAMETERS FOR REGRESSOR RF 	SEED: 69


Best parameters: OrderedDict([('regressor__regressor__max_depth', None), ('regressor__regressor__max_features', 'log2'), ('regressor__regressor__min_samples_leaf', 0.05), ('regressor__regressor__min_samples_split', 0.06625278830858235), ('regressor__regressor__n_estimators', 2000)])





OPTIMIZING HYPERPARAMETERS FOR REGRESSOR RF 	SEED: 69


Best parameters: OrderedDict([('regressor__regressor__max_depth', None), ('regressor__regressor__max_features', 'log2'), ('regressor__regressor__min_samples_leaf', 0.05), ('regressor__regressor__min_samples_split', 0.05), ('regressor__regressor__n_estimators', 2000)])





OPTIMIZING HYPERPARAMETERS FOR REGRESSOR RF 	SEED: 69


Best parameters: OrderedDict([('regressor__regressor__max_depth', None), ('regressor__regressor__max_features', 'log2'), ('regressor__regressor__min_samples_leaf', 0.05), ('regressor__regressor__min_samples_split', 0.05), ('regressor__regressor__n_estimators', 2000)])





OPTIMIZING HYPERPARAMETERS FOR REGRESSOR RF 	SEED: 69


Best parameters: OrderedDict([('regressor__regressor__max_depth', None), ('regressor__regressor__max_features', 'log2'), ('regressor__regressor__min_samples_leaf', 0.05), ('regressor__regressor__min_samples_split', 0.05), ('regressor__regressor__n_estimators', 50)])





OPTIMIZING HYPERPARAMETERS FOR REGRESSOR RF 	SEED: 69


Best parameters: OrderedDict([('regressor__regressor__max_depth', None), ('regressor__regressor__max_features', 'log2'), ('regressor__regressor__min_samples_leaf', 0.05), ('regressor__regressor__min_samples_split', 0.05), ('regressor__regressor__n_estimators', 319)])





-------------------------------------------------- 
OPTIMIZING HYPERPARAMETERS FOR REGRESSOR RF 	SEED: 420


Best parameters: OrderedDict([('regressor__regressor__max_depth', None), ('regressor__regressor__max_features', 'log2'), ('regressor__regressor__min_samples_leaf', 0.05), ('regressor__regressor__min_samples_split', 0.05), ('regressor__regressor__n_estimators', 99)])




Best parameters: OrderedDict([('regressor__regressor__max_depth', None), ('regressor__regressor__max_features', 'sqrt'), ('regressor__regressor__min_samples_leaf', 0.05), ('regressor__regressor__min_samples_split', 0.05), ('regressor__regressor__n_estimators', 222)])




Best parameters: OrderedDict([('regressor__regressor__max_depth', None), ('regressor__regressor__max_features', 'log2'), ('regressor__regressor__min_samples_leaf', 0.05159587670661247), ('regressor__regressor__min_samples_split', 0.05389084258372357), ('regressor__regressor__n_estimators', 245)])




Best parameters: OrderedDict([('regressor__regressor__max_depth', None), ('regressor__regressor__max_features', 'sqrt'), ('regressor__regressor__min_samples_leaf', 0.0501797222155374), ('regressor__regressor__min_samples_split', 0.10172904645254066), ('regressor__regressor__n_estimators', 63)])




Best parameters: OrderedDict([('regressor__regressor__max_depth', None), ('regressor__regressor__max_features', 'log2'), ('regressor__regressor__min_samples_leaf', 0.05), ('regressor__regressor__min_samples_split', 0.05), ('regressor__regressor__n_estimators', 136)])





OPTIMIZING HYPERPARAMETERS FOR REGRESSOR RF 	SEED: 420


Best parameters: OrderedDict([('regressor__regressor__max_depth', None), ('regressor__regressor__max_features', 'sqrt'), ('regressor__regressor__min_samples_leaf', 0.05), ('regressor__regressor__min_samples_split', 0.07344557645706337), ('regressor__regressor__n_estimators', 2000)])





OPTIMIZING HYPERPARAMETERS FOR REGRESSOR RF 	SEED: 420


Best parameters: OrderedDict([('regressor__regressor__max_depth', None), ('regressor__regressor__max_features', 'sqrt'), ('regressor__regressor__min_samples_leaf', 0.05), ('regressor__regressor__min_samples_split', 0.05), ('regressor__regressor__n_estimators', 50)])





OPTIMIZING HYPERPARAMETERS FOR REGRESSOR RF 	SEED: 420


Best parameters: OrderedDict([('regressor__regressor__max_depth', None), ('regressor__regressor__max_features', 'log2'), ('regressor__regressor__min_samples_leaf', 0.05), ('regressor__regressor__min_samples_split', 0.05), ('regressor__regressor__n_estimators', 50)])





OPTIMIZING HYPERPARAMETERS FOR REGRESSOR RF 	SEED: 420


Best parameters: OrderedDict([('regressor__regressor__max_depth', None), ('regressor__regressor__max_features', 'log2'), ('regressor__regressor__min_samples_leaf', 0.05013694821491206), ('regressor__regressor__min_samples_split', 0.05145991007920351), ('regressor__regressor__n_estimators', 136)])





OPTIMIZING HYPERPARAMETERS FOR REGRESSOR RF 	SEED: 420


Best parameters: OrderedDict([('regressor__regressor__max_depth', None), ('regressor__regressor__max_features', 'log2'), ('regressor__regressor__min_samples_leaf', 0.05), ('regressor__regressor__min_samples_split', 0.07525301875674237), ('regressor__regressor__n_estimators', 2000)])





-------------------------------------------------- 
OPTIMIZING HYPERPARAMETERS FOR REGRESSOR RF 	SEED: 1234567890


Best parameters: OrderedDict([('regressor__regressor__max_depth', None), ('regressor__regressor__max_features', 'sqrt'), ('regressor__regressor__min_samples_leaf', 0.05), ('regressor__regressor__min_samples_split', 0.05), ('regressor__regressor__n_estimators', 50)])




Best parameters: OrderedDict([('regressor__regressor__max_depth', None), ('regressor__regressor__max_features', 'sqrt'), ('regressor__regressor__min_samples_leaf', 0.05), ('regressor__regressor__min_samples_split', 0.06987006126002149), ('regressor__regressor__n_estimators', 50)])




Best parameters: OrderedDict([('regressor__regressor__max_depth', None), ('regressor__regressor__max_features', 'log2'), ('regressor__regressor__min_samples_leaf', 0.05016325404964506), ('regressor__regressor__min_samples_split', 0.07797457481027578), ('regressor__regressor__n_estimators', 636)])




Best parameters: OrderedDict([('regressor__regressor__max_depth', None), ('regressor__regressor__max_features', 'sqrt'), ('regressor__regressor__min_samples_leaf', 0.05176918465278924), ('regressor__regressor__min_samples_split', 0.05105586129185765), ('regressor__regressor__n_estimators', 66)])




Best parameters: OrderedDict([('regressor__regressor__max_depth', None), ('regressor__regressor__max_features', 'log2'), ('regressor__regressor__min_samples_leaf', 0.05), ('regressor__regressor__min_samples_split', 0.08934804835933938), ('regressor__regressor__n_estimators', 50)])





OPTIMIZING HYPERPARAMETERS FOR REGRESSOR RF 	SEED: 1234567890


Best parameters: OrderedDict([('regressor__regressor__max_depth', None), ('regressor__regressor__max_features', 'log2'), ('regressor__regressor__min_samples_leaf', 0.05), ('regressor__regressor__min_samples_split', 0.05), ('regressor__regressor__n_estimators', 50)])





OPTIMIZING HYPERPARAMETERS FOR REGRESSOR RF 	SEED: 1234567890


Best parameters: OrderedDict([('regressor__regressor__max_depth', None), ('regressor__regressor__max_features', 'sqrt'), ('regressor__regressor__min_samples_leaf', 0.05), ('regressor__regressor__min_samples_split', 0.05), ('regressor__regressor__n_estimators', 2000)])





OPTIMIZING HYPERPARAMETERS FOR REGRESSOR RF 	SEED: 1234567890


Best parameters: OrderedDict([('regressor__regressor__max_depth', None), ('regressor__regressor__max_features', 'log2'), ('regressor__regressor__min_samples_leaf', 0.05), ('regressor__regressor__min_samples_split', 0.05), ('regressor__regressor__n_estimators', 52)])





OPTIMIZING HYPERPARAMETERS FOR REGRESSOR RF 	SEED: 1234567890


Best parameters: OrderedDict([('regressor__regressor__max_depth', None), ('regressor__regressor__max_features', 'sqrt'), ('regressor__regressor__min_samples_leaf', 0.05405415324441183), ('regressor__regressor__min_samples_split', 0.060437223866781624), ('regressor__regressor__n_estimators', 253)])





OPTIMIZING HYPERPARAMETERS FOR REGRESSOR RF 	SEED: 1234567890


Best parameters: OrderedDict([('regressor__regressor__max_depth', None), ('regressor__regressor__max_features', 'log2'), ('regressor__regressor__min_samples_leaf', 0.052296813697784245), ('regressor__regressor__min_samples_split', 0.11858692003208449), ('regressor__regressor__n_estimators', 57)])





-------------------------------------------------- 
OPTIMIZING HYPERPARAMETERS FOR REGRESSOR RF 	SEED: 473129


Best parameters: OrderedDict([('regressor__regressor__max_depth', None), ('regressor__regressor__max_features', 'log2'), ('regressor__regressor__min_samples_leaf', 0.05132365590543611), ('regressor__regressor__min_samples_split', 0.056302584617687314), ('regressor__regressor__n_estimators', 173)])




Best parameters: OrderedDict([('regressor__regressor__max_depth', None), ('regressor__regressor__max_features', 'sqrt'), ('regressor__regressor__min_samples_leaf', 0.05), ('regressor__regressor__min_samples_split', 0.06982536885853764), ('regressor__regressor__n_estimators', 2000)])




Best parameters: OrderedDict([('regressor__regressor__max_depth', None), ('regressor__regressor__max_features', 'sqrt'), ('regressor__regressor__min_samples_leaf', 0.050294233582464716), ('regressor__regressor__min_samples_split', 0.06670722243648791), ('regressor__regressor__n_estimators', 1304)])




Best parameters: OrderedDict([('regressor__regressor__max_depth', None), ('regressor__regressor__max_features', 'log2'), ('regressor__regressor__min_samples_leaf', 0.05), ('regressor__regressor__min_samples_split', 0.05), ('regressor__regressor__n_estimators', 50)])




Best parameters: OrderedDict([('regressor__regressor__max_depth', None), ('regressor__regressor__max_features', 'sqrt'), ('regressor__regressor__min_samples_leaf', 0.05050955897736326), ('regressor__regressor__min_samples_split', 0.08067235719427904), ('regressor__regressor__n_estimators', 66)])





OPTIMIZING HYPERPARAMETERS FOR REGRESSOR RF 	SEED: 473129


Best parameters: OrderedDict([('regressor__regressor__max_depth', None), ('regressor__regressor__max_features', 'sqrt'), ('regressor__regressor__min_samples_leaf', 0.05), ('regressor__regressor__min_samples_split', 0.05), ('regressor__regressor__n_estimators', 50)])





OPTIMIZING HYPERPARAMETERS FOR REGRESSOR RF 	SEED: 473129


Best parameters: OrderedDict([('regressor__regressor__max_depth', None), ('regressor__regressor__max_features', 'log2'), ('regressor__regressor__min_samples_leaf', 0.05000924475089851), ('regressor__regressor__min_samples_split', 0.06827670254742862), ('regressor__regressor__n_estimators', 111)])





OPTIMIZING HYPERPARAMETERS FOR REGRESSOR RF 	SEED: 473129


Best parameters: OrderedDict([('regressor__regressor__max_depth', None), ('regressor__regressor__max_features', 'sqrt'), ('regressor__regressor__min_samples_leaf', 0.050674400406616166), ('regressor__regressor__min_samples_split', 0.06373545834686542), ('regressor__regressor__n_estimators', 65)])





OPTIMIZING HYPERPARAMETERS FOR REGRESSOR RF 	SEED: 473129


Best parameters: OrderedDict([('regressor__regressor__max_depth', None), ('regressor__regressor__max_features', 'log2'), ('regressor__regressor__min_samples_leaf', 0.05), ('regressor__regressor__min_samples_split', 0.07473619017317468), ('regressor__regressor__n_estimators', 2000)])





OPTIMIZING HYPERPARAMETERS FOR REGRESSOR RF 	SEED: 473129


Best parameters: OrderedDict([('regressor__regressor__max_depth', None), ('regressor__regressor__max_features', 'log2'), ('regressor__regressor__min_samples_leaf', 0.05041714068915762), ('regressor__regressor__min_samples_split', 0.06880992504342154), ('regressor__regressor__n_estimators', 70)])





-------------------------------------------------- 
OOD TEST ON 2



-------------------------------------------------- 
OPTIMIZING HYPERPARAMETERS FOR REGRESSOR RF 	SEED: 6


Best parameters: OrderedDict([('regressor__regressor__max_depth', None), ('regressor__regressor__max_features', 'sqrt'), ('regressor__regressor__min_samples_leaf', 0.05), ('regressor__regressor__min_samples_split', 0.05), ('regressor__regressor__n_estimators', 2000)])




Best parameters: OrderedDict([('regressor__regressor__max_depth', None), ('regressor__regressor__max_features', 'log2'), ('regressor__regressor__min_samples_leaf', 0.05), ('regressor__regressor__min_samples_split', 0.05), ('regressor__regressor__n_estimators', 50)])




Best parameters: OrderedDict([('regressor__regressor__max_depth', None), ('regressor__regressor__max_features', 'sqrt'), ('regressor__regressor__min_samples_leaf', 0.05), ('regressor__regressor__min_samples_split', 0.05), ('regressor__regressor__n_estimators', 2000)])




Best parameters: OrderedDict([('regressor__regressor__max_depth', None), ('regressor__regressor__max_features', 'log2'), ('regressor__regressor__min_samples_leaf', 0.05), ('regressor__regressor__min_samples_split', 0.05), ('regressor__regressor__n_estimators', 2000)])




Best parameters: OrderedDict([('regressor__regressor__max_depth', None), ('regressor__regressor__max_features', 'sqrt'), ('regressor__regressor__min_samples_leaf', 0.05060301334581676), ('regressor__regressor__min_samples_split', 0.055609912806435235), ('regressor__regressor__n_estimators', 56)])





OPTIMIZING HYPERPARAMETERS FOR REGRESSOR RF 	SEED: 6


Best parameters: OrderedDict([('regressor__regressor__max_depth', None), ('regressor__regressor__max_features', 'sqrt'), ('regressor__regressor__min_samples_leaf', 0.05058970952715951), ('regressor__regressor__min_samples_split', 0.05010800616254286), ('regressor__regressor__n_estimators', 93)])





OPTIMIZING HYPERPARAMETERS FOR REGRESSOR RF 	SEED: 6


Best parameters: OrderedDict([('regressor__regressor__max_depth', None), ('regressor__regressor__max_features', 'sqrt'), ('regressor__regressor__min_samples_leaf', 0.05060301334581676), ('regressor__regressor__min_samples_split', 0.055609912806435235), ('regressor__regressor__n_estimators', 56)])





OPTIMIZING HYPERPARAMETERS FOR REGRESSOR RF 	SEED: 6


Best parameters: OrderedDict([('regressor__regressor__max_depth', None), ('regressor__regressor__max_features', 'sqrt'), ('regressor__regressor__min_samples_leaf', 0.05060301334581676), ('regressor__regressor__min_samples_split', 0.055609912806435235), ('regressor__regressor__n_estimators', 56)])





OPTIMIZING HYPERPARAMETERS FOR REGRESSOR RF 	SEED: 6


Best parameters: OrderedDict([('regressor__regressor__max_depth', None), ('regressor__regressor__max_features', 'sqrt'), ('regressor__regressor__min_samples_leaf', 0.05060301334581676), ('regressor__regressor__min_samples_split', 0.055609912806435235), ('regressor__regressor__n_estimators', 56)])





OPTIMIZING HYPERPARAMETERS FOR REGRESSOR RF 	SEED: 6


Best parameters: OrderedDict([('regressor__regressor__max_depth', None), ('regressor__regressor__max_features', 'sqrt'), ('regressor__regressor__min_samples_leaf', 0.051082124999554876), ('regressor__regressor__min_samples_split', 0.0511383772861644), ('regressor__regressor__n_estimators', 80)])





-------------------------------------------------- 
OPTIMIZING HYPERPARAMETERS FOR REGRESSOR RF 	SEED: 13


Best parameters: OrderedDict([('regressor__regressor__max_depth', None), ('regressor__regressor__max_features', 'sqrt'), ('regressor__regressor__min_samples_leaf', 0.05), ('regressor__regressor__min_samples_split', 0.05), ('regressor__regressor__n_estimators', 2000)])




Best parameters: OrderedDict([('regressor__regressor__max_depth', None), ('regressor__regressor__max_features', 'sqrt'), ('regressor__regressor__min_samples_leaf', 0.05), ('regressor__regressor__min_samples_split', 0.05), ('regressor__regressor__n_estimators', 50)])




Best parameters: OrderedDict([('regressor__regressor__max_depth', None), ('regressor__regressor__max_features', 'sqrt'), ('regressor__regressor__min_samples_leaf', 0.05), ('regressor__regressor__min_samples_split', 0.05), ('regressor__regressor__n_estimators', 50)])




Best parameters: OrderedDict([('regressor__regressor__max_depth', None), ('regressor__regressor__max_features', 'sqrt'), ('regressor__regressor__min_samples_leaf', 0.05025378694226691), ('regressor__regressor__min_samples_split', 0.06162331734968809), ('regressor__regressor__n_estimators', 331)])




Best parameters: OrderedDict([('regressor__regressor__max_depth', None), ('regressor__regressor__max_features', 'log2'), ('regressor__regressor__min_samples_leaf', 0.05), ('regressor__regressor__min_samples_split', 0.05), ('regressor__regressor__n_estimators', 50)])





OPTIMIZING HYPERPARAMETERS FOR REGRESSOR RF 	SEED: 13


Best parameters: OrderedDict([('regressor__regressor__max_depth', None), ('regressor__regressor__max_features', 'sqrt'), ('regressor__regressor__min_samples_leaf', 0.05), ('regressor__regressor__min_samples_split', 0.05), ('regressor__regressor__n_estimators', 50)])





OPTIMIZING HYPERPARAMETERS FOR REGRESSOR RF 	SEED: 13


Best parameters: OrderedDict([('regressor__regressor__max_depth', None), ('regressor__regressor__max_features', 'sqrt'), ('regressor__regressor__min_samples_leaf', 0.05), ('regressor__regressor__min_samples_split', 0.06719967252342539), ('regressor__regressor__n_estimators', 2000)])





OPTIMIZING HYPERPARAMETERS FOR REGRESSOR RF 	SEED: 13


Best parameters: OrderedDict([('regressor__regressor__max_depth', None), ('regressor__regressor__max_features', 'log2'), ('regressor__regressor__min_samples_leaf', 0.05), ('regressor__regressor__min_samples_split', 0.05), ('regressor__regressor__n_estimators', 50)])





OPTIMIZING HYPERPARAMETERS FOR REGRESSOR RF 	SEED: 13


Best parameters: OrderedDict([('regressor__regressor__max_depth', None), ('regressor__regressor__max_features', 'sqrt'), ('regressor__regressor__min_samples_leaf', 0.05), ('regressor__regressor__min_samples_split', 0.05), ('regressor__regressor__n_estimators', 50)])





OPTIMIZING HYPERPARAMETERS FOR REGRESSOR RF 	SEED: 13


Best parameters: OrderedDict([('regressor__regressor__max_depth', None), ('regressor__regressor__max_features', 'sqrt'), ('regressor__regressor__min_samples_leaf', 0.05), ('regressor__regressor__min_samples_split', 0.08312339817024933), ('regressor__regressor__n_estimators', 50)])





-------------------------------------------------- 
OPTIMIZING HYPERPARAMETERS FOR REGRESSOR RF 	SEED: 42


Best parameters: OrderedDict([('regressor__regressor__max_depth', None), ('regressor__regressor__max_features', 'log2'), ('regressor__regressor__min_samples_leaf', 0.05), ('regressor__regressor__min_samples_split', 0.05), ('regressor__regressor__n_estimators', 2000)])




Best parameters: OrderedDict([('regressor__regressor__max_depth', None), ('regressor__regressor__max_features', 'sqrt'), ('regressor__regressor__min_samples_leaf', 0.050765337173992314), ('regressor__regressor__min_samples_split', 0.05198711695416256), ('regressor__regressor__n_estimators', 52)])




Best parameters: OrderedDict([('regressor__regressor__max_depth', None), ('regressor__regressor__max_features', 'sqrt'), ('regressor__regressor__min_samples_leaf', 0.05), ('regressor__regressor__min_samples_split', 0.05), ('regressor__regressor__n_estimators', 50)])




Best parameters: OrderedDict([('regressor__regressor__max_depth', None), ('regressor__regressor__max_features', 'log2'), ('regressor__regressor__min_samples_leaf', 0.05), ('regressor__regressor__min_samples_split', 0.05), ('regressor__regressor__n_estimators', 50)])




Best parameters: OrderedDict([('regressor__regressor__max_depth', None), ('regressor__regressor__max_features', 'log2'), ('regressor__regressor__min_samples_leaf', 0.05), ('regressor__regressor__min_samples_split', 0.05), ('regressor__regressor__n_estimators', 2000)])





OPTIMIZING HYPERPARAMETERS FOR REGRESSOR RF 	SEED: 42


Best parameters: OrderedDict([('regressor__regressor__max_depth', None), ('regressor__regressor__max_features', 'sqrt'), ('regressor__regressor__min_samples_leaf', 0.05), ('regressor__regressor__min_samples_split', 0.07845937134924269), ('regressor__regressor__n_estimators', 2000)])





OPTIMIZING HYPERPARAMETERS FOR REGRESSOR RF 	SEED: 42


Best parameters: OrderedDict([('regressor__regressor__max_depth', None), ('regressor__regressor__max_features', 'sqrt'), ('regressor__regressor__min_samples_leaf', 0.050797278924067366), ('regressor__regressor__min_samples_split', 0.05443018692552001), ('regressor__regressor__n_estimators', 496)])





OPTIMIZING HYPERPARAMETERS FOR REGRESSOR RF 	SEED: 42


Best parameters: OrderedDict([('regressor__regressor__max_depth', None), ('regressor__regressor__max_features', 'sqrt'), ('regressor__regressor__min_samples_leaf', 0.050797278924067366), ('regressor__regressor__min_samples_split', 0.05443018692552001), ('regressor__regressor__n_estimators', 496)])





OPTIMIZING HYPERPARAMETERS FOR REGRESSOR RF 	SEED: 42


Best parameters: OrderedDict([('regressor__regressor__max_depth', None), ('regressor__regressor__max_features', 'sqrt'), ('regressor__regressor__min_samples_leaf', 0.05), ('regressor__regressor__min_samples_split', 0.08174915832871638), ('regressor__regressor__n_estimators', 2000)])





OPTIMIZING HYPERPARAMETERS FOR REGRESSOR RF 	SEED: 42


Best parameters: OrderedDict([('regressor__regressor__max_depth', None), ('regressor__regressor__max_features', 'log2'), ('regressor__regressor__min_samples_leaf', 0.05179729078050705), ('regressor__regressor__min_samples_split', 0.0718122967646947), ('regressor__regressor__n_estimators', 1806)])





-------------------------------------------------- 
OPTIMIZING HYPERPARAMETERS FOR REGRESSOR RF 	SEED: 69


Best parameters: OrderedDict([('regressor__regressor__max_depth', None), ('regressor__regressor__max_features', 'log2'), ('regressor__regressor__min_samples_leaf', 0.05), ('regressor__regressor__min_samples_split', 0.06387143464171456), ('regressor__regressor__n_estimators', 2000)])




Best parameters: OrderedDict([('regressor__regressor__max_depth', None), ('regressor__regressor__max_features', 'sqrt'), ('regressor__regressor__min_samples_leaf', 0.05), ('regressor__regressor__min_samples_split', 0.05), ('regressor__regressor__n_estimators', 2000)])




Best parameters: OrderedDict([('regressor__regressor__max_depth', None), ('regressor__regressor__max_features', 'sqrt'), ('regressor__regressor__min_samples_leaf', 0.05), ('regressor__regressor__min_samples_split', 0.05), ('regressor__regressor__n_estimators', 2000)])




Best parameters: OrderedDict([('regressor__regressor__max_depth', None), ('regressor__regressor__max_features', 'log2'), ('regressor__regressor__min_samples_leaf', 0.05), ('regressor__regressor__min_samples_split', 0.05), ('regressor__regressor__n_estimators', 2000)])




Best parameters: OrderedDict([('regressor__regressor__max_depth', None), ('regressor__regressor__max_features', 'sqrt'), ('regressor__regressor__min_samples_leaf', 0.05), ('regressor__regressor__min_samples_split', 0.07943720418233939), ('regressor__regressor__n_estimators', 520)])





OPTIMIZING HYPERPARAMETERS FOR REGRESSOR RF 	SEED: 69


Best parameters: OrderedDict([('regressor__regressor__max_depth', None), ('regressor__regressor__max_features', 'log2'), ('regressor__regressor__min_samples_leaf', 0.05), ('regressor__regressor__min_samples_split', 0.07901336722354821), ('regressor__regressor__n_estimators', 50)])





OPTIMIZING HYPERPARAMETERS FOR REGRESSOR RF 	SEED: 69


Best parameters: OrderedDict([('regressor__regressor__max_depth', None), ('regressor__regressor__max_features', 'log2'), ('regressor__regressor__min_samples_leaf', 0.05), ('regressor__regressor__min_samples_split', 0.05), ('regressor__regressor__n_estimators', 50)])





OPTIMIZING HYPERPARAMETERS FOR REGRESSOR RF 	SEED: 69


Best parameters: OrderedDict([('regressor__regressor__max_depth', None), ('regressor__regressor__max_features', 'sqrt'), ('regressor__regressor__min_samples_leaf', 0.05), ('regressor__regressor__min_samples_split', 0.08062688515000616), ('regressor__regressor__n_estimators', 2000)])





OPTIMIZING HYPERPARAMETERS FOR REGRESSOR RF 	SEED: 69


Best parameters: OrderedDict([('regressor__regressor__max_depth', None), ('regressor__regressor__max_features', 'log2'), ('regressor__regressor__min_samples_leaf', 0.05003054051322151), ('regressor__regressor__min_samples_split', 0.08067345960320013), ('regressor__regressor__n_estimators', 197)])





OPTIMIZING HYPERPARAMETERS FOR REGRESSOR RF 	SEED: 69


Best parameters: OrderedDict([('regressor__regressor__max_depth', None), ('regressor__regressor__max_features', 'sqrt'), ('regressor__regressor__min_samples_leaf', 0.05), ('regressor__regressor__min_samples_split', 0.07894834725491531), ('regressor__regressor__n_estimators', 2000)])





-------------------------------------------------- 
OPTIMIZING HYPERPARAMETERS FOR REGRESSOR RF 	SEED: 420


Best parameters: OrderedDict([('regressor__regressor__max_depth', None), ('regressor__regressor__max_features', 'log2'), ('regressor__regressor__min_samples_leaf', 0.05), ('regressor__regressor__min_samples_split', 0.05), ('regressor__regressor__n_estimators', 2000)])




Best parameters: OrderedDict([('regressor__regressor__max_depth', None), ('regressor__regressor__max_features', 'sqrt'), ('regressor__regressor__min_samples_leaf', 0.05), ('regressor__regressor__min_samples_split', 0.05), ('regressor__regressor__n_estimators', 2000)])




Best parameters: OrderedDict([('regressor__regressor__max_depth', None), ('regressor__regressor__max_features', 'log2'), ('regressor__regressor__min_samples_leaf', 0.05), ('regressor__regressor__min_samples_split', 0.05), ('regressor__regressor__n_estimators', 50)])




Best parameters: OrderedDict([('regressor__regressor__max_depth', None), ('regressor__regressor__max_features', 'log2'), ('regressor__regressor__min_samples_leaf', 0.05), ('regressor__regressor__min_samples_split', 0.05), ('regressor__regressor__n_estimators', 2000)])




Best parameters: OrderedDict([('regressor__regressor__max_depth', None), ('regressor__regressor__max_features', 'sqrt'), ('regressor__regressor__min_samples_leaf', 0.05015574944519795), ('regressor__regressor__min_samples_split', 0.05761660271675556), ('regressor__regressor__n_estimators', 741)])





OPTIMIZING HYPERPARAMETERS FOR REGRESSOR RF 	SEED: 420


Best parameters: OrderedDict([('regressor__regressor__max_depth', None), ('regressor__regressor__max_features', 'log2'), ('regressor__regressor__min_samples_leaf', 0.05), ('regressor__regressor__min_samples_split', 0.05), ('regressor__regressor__n_estimators', 50)])





OPTIMIZING HYPERPARAMETERS FOR REGRESSOR RF 	SEED: 420


Best parameters: OrderedDict([('regressor__regressor__max_depth', None), ('regressor__regressor__max_features', 'log2'), ('regressor__regressor__min_samples_leaf', 0.05144219820126806), ('regressor__regressor__min_samples_split', 0.1049670802045645), ('regressor__regressor__n_estimators', 61)])





OPTIMIZING HYPERPARAMETERS FOR REGRESSOR RF 	SEED: 420


Best parameters: OrderedDict([('regressor__regressor__max_depth', None), ('regressor__regressor__max_features', 'log2'), ('regressor__regressor__min_samples_leaf', 0.05), ('regressor__regressor__min_samples_split', 0.05), ('regressor__regressor__n_estimators', 50)])





OPTIMIZING HYPERPARAMETERS FOR REGRESSOR RF 	SEED: 420


Best parameters: OrderedDict([('regressor__regressor__max_depth', None), ('regressor__regressor__max_features', 'sqrt'), ('regressor__regressor__min_samples_leaf', 0.05), ('regressor__regressor__min_samples_split', 0.05), ('regressor__regressor__n_estimators', 2000)])





OPTIMIZING HYPERPARAMETERS FOR REGRESSOR RF 	SEED: 420


Best parameters: OrderedDict([('regressor__regressor__max_depth', None), ('regressor__regressor__max_features', 'log2'), ('regressor__regressor__min_samples_leaf', 0.050451453083516014), ('regressor__regressor__min_samples_split', 0.10283976835557675), ('regressor__regressor__n_estimators', 1530)])





-------------------------------------------------- 
OPTIMIZING HYPERPARAMETERS FOR REGRESSOR RF 	SEED: 1234567890


Best parameters: OrderedDict([('regressor__regressor__max_depth', None), ('regressor__regressor__max_features', 'log2'), ('regressor__regressor__min_samples_leaf', 0.05), ('regressor__regressor__min_samples_split', 0.05), ('regressor__regressor__n_estimators', 50)])




Best parameters: OrderedDict([('regressor__regressor__max_depth', None), ('regressor__regressor__max_features', 'log2'), ('regressor__regressor__min_samples_leaf', 0.05), ('regressor__regressor__min_samples_split', 0.05), ('regressor__regressor__n_estimators', 50)])




Best parameters: OrderedDict([('regressor__regressor__max_depth', None), ('regressor__regressor__max_features', 'sqrt'), ('regressor__regressor__min_samples_leaf', 0.05), ('regressor__regressor__min_samples_split', 0.07690147373890317), ('regressor__regressor__n_estimators', 2000)])




Best parameters: OrderedDict([('regressor__regressor__max_depth', None), ('regressor__regressor__max_features', 'sqrt'), ('regressor__regressor__min_samples_leaf', 0.05), ('regressor__regressor__min_samples_split', 0.05), ('regressor__regressor__n_estimators', 50)])




Best parameters: OrderedDict([('regressor__regressor__max_depth', None), ('regressor__regressor__max_features', 'log2'), ('regressor__regressor__min_samples_leaf', 0.05), ('regressor__regressor__min_samples_split', 0.05), ('regressor__regressor__n_estimators', 91)])





OPTIMIZING HYPERPARAMETERS FOR REGRESSOR RF 	SEED: 1234567890


Best parameters: OrderedDict([('regressor__regressor__max_depth', None), ('regressor__regressor__max_features', 'log2'), ('regressor__regressor__min_samples_leaf', 0.0503048678093919), ('regressor__regressor__min_samples_split', 0.11192514636126372), ('regressor__regressor__n_estimators', 105)])





OPTIMIZING HYPERPARAMETERS FOR REGRESSOR RF 	SEED: 1234567890


Best parameters: OrderedDict([('regressor__regressor__max_depth', None), ('regressor__regressor__max_features', 'log2'), ('regressor__regressor__min_samples_leaf', 0.05), ('regressor__regressor__min_samples_split', 0.05), ('regressor__regressor__n_estimators', 2000)])





OPTIMIZING HYPERPARAMETERS FOR REGRESSOR RF 	SEED: 1234567890


Best parameters: OrderedDict([('regressor__regressor__max_depth', None), ('regressor__regressor__max_features', 'log2'), ('regressor__regressor__min_samples_leaf', 0.05016325404964506), ('regressor__regressor__min_samples_split', 0.07797457481027578), ('regressor__regressor__n_estimators', 636)])





OPTIMIZING HYPERPARAMETERS FOR REGRESSOR RF 	SEED: 1234567890


Best parameters: OrderedDict([('regressor__regressor__max_depth', None), ('regressor__regressor__max_features', 'log2'), ('regressor__regressor__min_samples_leaf', 0.05108670456080107), ('regressor__regressor__min_samples_split', 0.05462273423172695), ('regressor__regressor__n_estimators', 102)])





OPTIMIZING HYPERPARAMETERS FOR REGRESSOR RF 	SEED: 1234567890


Best parameters: OrderedDict([('regressor__regressor__max_depth', None), ('regressor__regressor__max_features', 'log2'), ('regressor__regressor__min_samples_leaf', 0.05108670456080107), ('regressor__regressor__min_samples_split', 0.05462273423172695), ('regressor__regressor__n_estimators', 102)])





-------------------------------------------------- 
OPTIMIZING HYPERPARAMETERS FOR REGRESSOR RF 	SEED: 473129


Best parameters: OrderedDict([('regressor__regressor__max_depth', None), ('regressor__regressor__max_features', 'log2'), ('regressor__regressor__min_samples_leaf', 0.05041714068915762), ('regressor__regressor__min_samples_split', 0.06880992504342154), ('regressor__regressor__n_estimators', 70)])




Best parameters: OrderedDict([('regressor__regressor__max_depth', None), ('regressor__regressor__max_features', 'log2'), ('regressor__regressor__min_samples_leaf', 0.05), ('regressor__regressor__min_samples_split', 0.05), ('regressor__regressor__n_estimators', 50)])




Best parameters: OrderedDict([('regressor__regressor__max_depth', None), ('regressor__regressor__max_features', 'sqrt'), ('regressor__regressor__min_samples_leaf', 0.05), ('regressor__regressor__min_samples_split', 0.05), ('regressor__regressor__n_estimators', 50)])




Best parameters: OrderedDict([('regressor__regressor__max_depth', None), ('regressor__regressor__max_features', 'sqrt'), ('regressor__regressor__min_samples_leaf', 0.05), ('regressor__regressor__min_samples_split', 0.05), ('regressor__regressor__n_estimators', 2000)])




Best parameters: OrderedDict([('regressor__regressor__max_depth', None), ('regressor__regressor__max_features', 'log2'), ('regressor__regressor__min_samples_leaf', 0.05), ('regressor__regressor__min_samples_split', 0.05), ('regressor__regressor__n_estimators', 2000)])





OPTIMIZING HYPERPARAMETERS FOR REGRESSOR RF 	SEED: 473129


Best parameters: OrderedDict([('regressor__regressor__max_depth', None), ('regressor__regressor__max_features', 'log2'), ('regressor__regressor__min_samples_leaf', 0.05041714068915762), ('regressor__regressor__min_samples_split', 0.06880992504342154), ('regressor__regressor__n_estimators', 70)])





OPTIMIZING HYPERPARAMETERS FOR REGRESSOR RF 	SEED: 473129


Best parameters: OrderedDict([('regressor__regressor__max_depth', None), ('regressor__regressor__max_features', 'sqrt'), ('regressor__regressor__min_samples_leaf', 0.05), ('regressor__regressor__min_samples_split', 0.07175388656647252), ('regressor__regressor__n_estimators', 2000)])





OPTIMIZING HYPERPARAMETERS FOR REGRESSOR RF 	SEED: 473129


Best parameters: OrderedDict([('regressor__regressor__max_depth', None), ('regressor__regressor__max_features', 'sqrt'), ('regressor__regressor__min_samples_leaf', 0.05), ('regressor__regressor__min_samples_split', 0.0745171629149106), ('regressor__regressor__n_estimators', 2000)])





OPTIMIZING HYPERPARAMETERS FOR REGRESSOR RF 	SEED: 473129


Best parameters: OrderedDict([('regressor__regressor__max_depth', None), ('regressor__regressor__max_features', 'sqrt'), ('regressor__regressor__min_samples_leaf', 0.05), ('regressor__regressor__min_samples_split', 0.07978533586909425), ('regressor__regressor__n_estimators', 2000)])





OPTIMIZING HYPERPARAMETERS FOR REGRESSOR RF 	SEED: 473129


Best parameters: OrderedDict([('regressor__regressor__max_depth', None), ('regressor__regressor__max_features', 'log2'), ('regressor__regressor__min_samples_leaf', 0.05247896903198019), ('regressor__regressor__min_samples_split', 0.07522711696502635), ('regressor__regressor__n_estimators', 1787)])


Filename: (Xn-Mw-PDI-concentration-temperature-polymer dP-polymer dD-polymer dH-solvent dP-solvent dD-solvent dH)_RF_Standard
Done Saving scores!

------------------------------------------------------------
Sender: LSF System <lsfadmin@c202n12>
Subject: Job 336887: <RF_log Rg (nm)__KM3 Mordred cluster_20250417> in cluster <Hazel> Done

Job <RF_log Rg (nm)__KM3 Mordred cluster_20250417> was submitted from host <c202n09> by user <sdehgha2> in cluster <Hazel> at Mon Apr 21 10:55:29 2025
Job was executed on host(s) <6*c202n12>, in queue <single_chassis>, as user <sdehgha2> in cluster <Hazel> at Mon Apr 21 13:24:19 2025
</home/sdehgha2> was used as the home directory.
</share/ddomlab/sdehgha2/working-space/main/P1_pls-dataset/pls-dataset-space/PLS-Dataset/code_/training/hpc_submit_training_Rh> was used as the working directory.
Started at Mon Apr 21 13:24:19 2025
Terminated at Mon Apr 21 18:11:20 2025
Results reported at Mon Apr 21 18:11:20 2025

Your job looked like:

------------------------------------------------------------
# LSBATCH: User input



#BSUB -n 6
#BSUB -W 72:05
#BSUB -R span[hosts=1]
#BSUB -R "rusage[mem=16GB]"
#BSUB -J "RF_log Rg (nm)__KM3 Mordred cluster_20250417"  
#BSUB -o "/share/ddomlab/sdehgha2/working-space/main/P1_pls-dataset/pls-dataset-space/PLS-Dataset/results/hpc_20250417/RF_log Rg (nm)_KM3 Mordred cluster_20250417.out"
#BSUB -e "/share/ddomlab/sdehgha2/working-space/main/P1_pls-dataset/pls-dataset-space/PLS-Dataset/results/hpc_20250417/RF_log Rg (nm)_KM3 Mordred cluster_20250417.err"

source ~/.bashrc
conda activate /usr/local/usrapps/ddomlab/sdehgha2/pls-dataset-env
python ../make_ood_prediction.py --target_features "log Rg (nm)"                                   --regressor_type "RF"                                   --numerical_feats 'Xn' 'Mw (g/mol)' 'PDI' 'Concentration (mg/ml)' 'Temperature SANS/SLS/DLS/SEC (K)' "polymer dP" "polymer dD" "polymer dH" 'solvent dP' 'solvent dD' 'solvent dH'                                   --clustering_method "KM3 Mordred cluster" 



------------------------------------------------------------

Successfully completed.

Resource usage summary:

    CPU time :                                   51341.00 sec.
    Max Memory :                                 2 GB
    Average Memory :                             1.99 GB
    Total Requested Memory :                     16.00 GB
    Delta Memory :                               14.00 GB
    Max Swap :                                   -
    Max Processes :                              30
    Max Threads :                                33
    Run time :                                   17221 sec.
    Turnaround time :                            26151 sec.

The output (if any) is above this job summary.



PS:

Read file </share/ddomlab/sdehgha2/working-space/main/P1_pls-dataset/pls-dataset-space/PLS-Dataset/results/hpc_20250417/RF_log Rg (nm)_KM3 Mordred cluster_20250417.err> for stderr output of this job.

