


-------------------------------------------------- 
OOD TEST ON 0



-------------------------------------------------- 
OPTIMIZING HYPERPARAMETERS FOR REGRESSOR XGBR 	SEED: 6


Best parameters: OrderedDict([('regressor__regressor__learning_rate', 0.044043074022149735), ('regressor__regressor__max_depth', 10), ('regressor__regressor__n_estimators', 94), ('regressor__regressor__n_jobs', -2)])




Best parameters: OrderedDict([('regressor__regressor__learning_rate', 0.030762076260919282), ('regressor__regressor__max_depth', 57), ('regressor__regressor__n_estimators', 89), ('regressor__regressor__n_jobs', -2)])




Best parameters: OrderedDict([('regressor__regressor__learning_rate', 0.00833419171029158), ('regressor__regressor__max_depth', 10000), ('regressor__regressor__n_estimators', 2000), ('regressor__regressor__n_jobs', -2)])




Best parameters: OrderedDict([('regressor__regressor__learning_rate', 0.06480202315535628), ('regressor__regressor__max_depth', 10000), ('regressor__regressor__n_estimators', 138), ('regressor__regressor__n_jobs', -2)])




Best parameters: OrderedDict([('regressor__regressor__learning_rate', 0.07353673376450408), ('regressor__regressor__max_depth', 10000), ('regressor__regressor__n_estimators', 70), ('regressor__regressor__n_jobs', -2)])





OPTIMIZING HYPERPARAMETERS FOR REGRESSOR XGBR 	SEED: 6


Best parameters: OrderedDict([('regressor__regressor__learning_rate', 0.038959842136421424), ('regressor__regressor__max_depth', 10), ('regressor__regressor__n_estimators', 226), ('regressor__regressor__n_jobs', -2)])





OPTIMIZING HYPERPARAMETERS FOR REGRESSOR XGBR 	SEED: 6


Best parameters: OrderedDict([('regressor__regressor__learning_rate', 0.08646479880356304), ('regressor__regressor__max_depth', 2326), ('regressor__regressor__n_estimators', 847), ('regressor__regressor__n_jobs', -2)])





OPTIMIZING HYPERPARAMETERS FOR REGRESSOR XGBR 	SEED: 6


Best parameters: OrderedDict([('regressor__regressor__learning_rate', 0.1), ('regressor__regressor__max_depth', 10000), ('regressor__regressor__n_estimators', 407), ('regressor__regressor__n_jobs', -2)])





OPTIMIZING HYPERPARAMETERS FOR REGRESSOR XGBR 	SEED: 6


Best parameters: OrderedDict([('regressor__regressor__learning_rate', 0.1), ('regressor__regressor__max_depth', 10000), ('regressor__regressor__n_estimators', 50), ('regressor__regressor__n_jobs', -2)])





OPTIMIZING HYPERPARAMETERS FOR REGRESSOR XGBR 	SEED: 6


Best parameters: OrderedDict([('regressor__regressor__learning_rate', 0.1), ('regressor__regressor__max_depth', 10), ('regressor__regressor__n_estimators', 1348), ('regressor__regressor__n_jobs', -2)])





-------------------------------------------------- 
OPTIMIZING HYPERPARAMETERS FOR REGRESSOR XGBR 	SEED: 13


Best parameters: OrderedDict([('regressor__regressor__learning_rate', 0.04522446958854416), ('regressor__regressor__max_depth', 10000), ('regressor__regressor__n_estimators', 524), ('regressor__regressor__n_jobs', -2)])




Best parameters: OrderedDict([('regressor__regressor__learning_rate', 0.06991692945397764), ('regressor__regressor__max_depth', 25), ('regressor__regressor__n_estimators', 586), ('regressor__regressor__n_jobs', -2)])




Best parameters: OrderedDict([('regressor__regressor__learning_rate', 0.1), ('regressor__regressor__max_depth', 10000), ('regressor__regressor__n_estimators', 436), ('regressor__regressor__n_jobs', -2)])




Best parameters: OrderedDict([('regressor__regressor__learning_rate', 0.09915833075286629), ('regressor__regressor__max_depth', 12), ('regressor__regressor__n_estimators', 1921), ('regressor__regressor__n_jobs', -2)])




Best parameters: OrderedDict([('regressor__regressor__learning_rate', 0.05084970824753166), ('regressor__regressor__max_depth', 10), ('regressor__regressor__n_estimators', 2000), ('regressor__regressor__n_jobs', -2)])





OPTIMIZING HYPERPARAMETERS FOR REGRESSOR XGBR 	SEED: 13


Best parameters: OrderedDict([('regressor__regressor__learning_rate', 0.1), ('regressor__regressor__max_depth', 10), ('regressor__regressor__n_estimators', 1355), ('regressor__regressor__n_jobs', -2)])





OPTIMIZING HYPERPARAMETERS FOR REGRESSOR XGBR 	SEED: 13


Best parameters: OrderedDict([('regressor__regressor__learning_rate', 0.003996508570752684), ('regressor__regressor__max_depth', 2146), ('regressor__regressor__n_estimators', 1794), ('regressor__regressor__n_jobs', -2)])





OPTIMIZING HYPERPARAMETERS FOR REGRESSOR XGBR 	SEED: 13


Best parameters: OrderedDict([('regressor__regressor__learning_rate', 0.07480696700788292), ('regressor__regressor__max_depth', 10000), ('regressor__regressor__n_estimators', 97), ('regressor__regressor__n_jobs', -2)])





OPTIMIZING HYPERPARAMETERS FOR REGRESSOR XGBR 	SEED: 13


Best parameters: OrderedDict([('regressor__regressor__learning_rate', 0.026129145321958428), ('regressor__regressor__max_depth', 10000), ('regressor__regressor__n_estimators', 495), ('regressor__regressor__n_jobs', -2)])





OPTIMIZING HYPERPARAMETERS FOR REGRESSOR XGBR 	SEED: 13


Best parameters: OrderedDict([('regressor__regressor__learning_rate', 0.02979788300132077), ('regressor__regressor__max_depth', 10000), ('regressor__regressor__n_estimators', 514), ('regressor__regressor__n_jobs', -2)])





-------------------------------------------------- 
OPTIMIZING HYPERPARAMETERS FOR REGRESSOR XGBR 	SEED: 42


Best parameters: OrderedDict([('regressor__regressor__learning_rate', 0.1), ('regressor__regressor__max_depth', 10000), ('regressor__regressor__n_estimators', 50), ('regressor__regressor__n_jobs', -2)])




Best parameters: OrderedDict([('regressor__regressor__learning_rate', 0.1), ('regressor__regressor__max_depth', 10), ('regressor__regressor__n_estimators', 1009), ('regressor__regressor__n_jobs', -2)])




Best parameters: OrderedDict([('regressor__regressor__learning_rate', 0.011849129105143423), ('regressor__regressor__max_depth', 10000), ('regressor__regressor__n_estimators', 1046), ('regressor__regressor__n_jobs', -2)])




Best parameters: OrderedDict([('regressor__regressor__learning_rate', 0.03252108800594495), ('regressor__regressor__max_depth', 4466), ('regressor__regressor__n_estimators', 153), ('regressor__regressor__n_jobs', -2)])




Best parameters: OrderedDict([('regressor__regressor__learning_rate', 0.06037812104875366), ('regressor__regressor__max_depth', 10000), ('regressor__regressor__n_estimators', 177), ('regressor__regressor__n_jobs', -2)])





OPTIMIZING HYPERPARAMETERS FOR REGRESSOR XGBR 	SEED: 42


Best parameters: OrderedDict([('regressor__regressor__learning_rate', 0.07352481813242628), ('regressor__regressor__max_depth', 1264), ('regressor__regressor__n_estimators', 1246), ('regressor__regressor__n_jobs', -2)])





OPTIMIZING HYPERPARAMETERS FOR REGRESSOR XGBR 	SEED: 42


Best parameters: OrderedDict([('regressor__regressor__learning_rate', 0.1), ('regressor__regressor__max_depth', 10000), ('regressor__regressor__n_estimators', 50), ('regressor__regressor__n_jobs', -2)])





OPTIMIZING HYPERPARAMETERS FOR REGRESSOR XGBR 	SEED: 42


Best parameters: OrderedDict([('regressor__regressor__learning_rate', 0.1), ('regressor__regressor__max_depth', 10), ('regressor__regressor__n_estimators', 662), ('regressor__regressor__n_jobs', -2)])





OPTIMIZING HYPERPARAMETERS FOR REGRESSOR XGBR 	SEED: 42


Best parameters: OrderedDict([('regressor__regressor__learning_rate', 0.1), ('regressor__regressor__max_depth', 10), ('regressor__regressor__n_estimators', 263), ('regressor__regressor__n_jobs', -2)])





OPTIMIZING HYPERPARAMETERS FOR REGRESSOR XGBR 	SEED: 42


Best parameters: OrderedDict([('regressor__regressor__learning_rate', 0.1), ('regressor__regressor__max_depth', 10), ('regressor__regressor__n_estimators', 50), ('regressor__regressor__n_jobs', -2)])





-------------------------------------------------- 
OPTIMIZING HYPERPARAMETERS FOR REGRESSOR XGBR 	SEED: 69


Best parameters: OrderedDict([('regressor__regressor__learning_rate', 0.02288502736848272), ('regressor__regressor__max_depth', 10), ('regressor__regressor__n_estimators', 2000), ('regressor__regressor__n_jobs', -2)])




Best parameters: OrderedDict([('regressor__regressor__learning_rate', 0.1), ('regressor__regressor__max_depth', 10000), ('regressor__regressor__n_estimators', 2000), ('regressor__regressor__n_jobs', -2)])




Best parameters: OrderedDict([('regressor__regressor__learning_rate', 0.1), ('regressor__regressor__max_depth', 10000), ('regressor__regressor__n_estimators', 862), ('regressor__regressor__n_jobs', -2)])




Best parameters: OrderedDict([('regressor__regressor__learning_rate', 0.02230314166150549), ('regressor__regressor__max_depth', 10), ('regressor__regressor__n_estimators', 2000), ('regressor__regressor__n_jobs', -2)])




Best parameters: OrderedDict([('regressor__regressor__learning_rate', 0.1), ('regressor__regressor__max_depth', 10), ('regressor__regressor__n_estimators', 50), ('regressor__regressor__n_jobs', -2)])





OPTIMIZING HYPERPARAMETERS FOR REGRESSOR XGBR 	SEED: 69


Best parameters: OrderedDict([('regressor__regressor__learning_rate', 0.010186026879976426), ('regressor__regressor__max_depth', 10), ('regressor__regressor__n_estimators', 2000), ('regressor__regressor__n_jobs', -2)])





OPTIMIZING HYPERPARAMETERS FOR REGRESSOR XGBR 	SEED: 69


Best parameters: OrderedDict([('regressor__regressor__learning_rate', 0.012578895199564935), ('regressor__regressor__max_depth', 10000), ('regressor__regressor__n_estimators', 662), ('regressor__regressor__n_jobs', -2)])





OPTIMIZING HYPERPARAMETERS FOR REGRESSOR XGBR 	SEED: 69


Best parameters: OrderedDict([('regressor__regressor__learning_rate', 0.0020118907595304642), ('regressor__regressor__max_depth', 10), ('regressor__regressor__n_estimators', 2000), ('regressor__regressor__n_jobs', -2)])





OPTIMIZING HYPERPARAMETERS FOR REGRESSOR XGBR 	SEED: 69


Best parameters: OrderedDict([('regressor__regressor__learning_rate', 0.09939793013929618), ('regressor__regressor__max_depth', 4800), ('regressor__regressor__n_estimators', 161), ('regressor__regressor__n_jobs', -2)])





OPTIMIZING HYPERPARAMETERS FOR REGRESSOR XGBR 	SEED: 69


Best parameters: OrderedDict([('regressor__regressor__learning_rate', 0.008614780975143708), ('regressor__regressor__max_depth', 21), ('regressor__regressor__n_estimators', 369), ('regressor__regressor__n_jobs', -2)])





-------------------------------------------------- 
OPTIMIZING HYPERPARAMETERS FOR REGRESSOR XGBR 	SEED: 420


Best parameters: OrderedDict([('regressor__regressor__learning_rate', 0.1), ('regressor__regressor__max_depth', 10000), ('regressor__regressor__n_estimators', 1603), ('regressor__regressor__n_jobs', -2)])




Best parameters: OrderedDict([('regressor__regressor__learning_rate', 0.1), ('regressor__regressor__max_depth', 10), ('regressor__regressor__n_estimators', 551), ('regressor__regressor__n_jobs', -2)])




Best parameters: OrderedDict([('regressor__regressor__learning_rate', 0.1), ('regressor__regressor__max_depth', 10), ('regressor__regressor__n_estimators', 2000), ('regressor__regressor__n_jobs', -2)])




Best parameters: OrderedDict([('regressor__regressor__learning_rate', 0.015664517219647976), ('regressor__regressor__max_depth', 10), ('regressor__regressor__n_estimators', 2000), ('regressor__regressor__n_jobs', -2)])




Best parameters: OrderedDict([('regressor__regressor__learning_rate', 0.010640395440251343), ('regressor__regressor__max_depth', 10), ('regressor__regressor__n_estimators', 1365), ('regressor__regressor__n_jobs', -2)])





OPTIMIZING HYPERPARAMETERS FOR REGRESSOR XGBR 	SEED: 420


Best parameters: OrderedDict([('regressor__regressor__learning_rate', 0.1), ('regressor__regressor__max_depth', 10000), ('regressor__regressor__n_estimators', 661), ('regressor__regressor__n_jobs', -2)])





OPTIMIZING HYPERPARAMETERS FOR REGRESSOR XGBR 	SEED: 420


Best parameters: OrderedDict([('regressor__regressor__learning_rate', 0.03917953958422965), ('regressor__regressor__max_depth', 10), ('regressor__regressor__n_estimators', 511), ('regressor__regressor__n_jobs', -2)])





OPTIMIZING HYPERPARAMETERS FOR REGRESSOR XGBR 	SEED: 420


Best parameters: OrderedDict([('regressor__regressor__learning_rate', 0.06771054211682617), ('regressor__regressor__max_depth', 10), ('regressor__regressor__n_estimators', 95), ('regressor__regressor__n_jobs', -2)])





OPTIMIZING HYPERPARAMETERS FOR REGRESSOR XGBR 	SEED: 420


Best parameters: OrderedDict([('regressor__regressor__learning_rate', 0.03770052924189587), ('regressor__regressor__max_depth', 549), ('regressor__regressor__n_estimators', 220), ('regressor__regressor__n_jobs', -2)])





OPTIMIZING HYPERPARAMETERS FOR REGRESSOR XGBR 	SEED: 420


Best parameters: OrderedDict([('regressor__regressor__learning_rate', 0.015706131438404755), ('regressor__regressor__max_depth', 10000), ('regressor__regressor__n_estimators', 347), ('regressor__regressor__n_jobs', -2)])





-------------------------------------------------- 
OPTIMIZING HYPERPARAMETERS FOR REGRESSOR XGBR 	SEED: 1234567890


Best parameters: OrderedDict([('regressor__regressor__learning_rate', 0.1), ('regressor__regressor__max_depth', 10), ('regressor__regressor__n_estimators', 475), ('regressor__regressor__n_jobs', -2)])




Best parameters: OrderedDict([('regressor__regressor__learning_rate', 0.004960946311986911), ('regressor__regressor__max_depth', 10000), ('regressor__regressor__n_estimators', 860), ('regressor__regressor__n_jobs', -2)])




Best parameters: OrderedDict([('regressor__regressor__learning_rate', 0.04000961036150925), ('regressor__regressor__max_depth', 10000), ('regressor__regressor__n_estimators', 85), ('regressor__regressor__n_jobs', -2)])




Best parameters: OrderedDict([('regressor__regressor__learning_rate', 0.01778218650699205), ('regressor__regressor__max_depth', 10), ('regressor__regressor__n_estimators', 2000), ('regressor__regressor__n_jobs', -2)])




Best parameters: OrderedDict([('regressor__regressor__learning_rate', 0.005296812421727023), ('regressor__regressor__max_depth', 10000), ('regressor__regressor__n_estimators', 1072), ('regressor__regressor__n_jobs', -2)])





OPTIMIZING HYPERPARAMETERS FOR REGRESSOR XGBR 	SEED: 1234567890


Best parameters: OrderedDict([('regressor__regressor__learning_rate', 0.02558158596437079), ('regressor__regressor__max_depth', 10), ('regressor__regressor__n_estimators', 284), ('regressor__regressor__n_jobs', -2)])





OPTIMIZING HYPERPARAMETERS FOR REGRESSOR XGBR 	SEED: 1234567890


Best parameters: OrderedDict([('regressor__regressor__learning_rate', 0.03130016558681144), ('regressor__regressor__max_depth', 10000), ('regressor__regressor__n_estimators', 2000), ('regressor__regressor__n_jobs', -2)])





OPTIMIZING HYPERPARAMETERS FOR REGRESSOR XGBR 	SEED: 1234567890


Best parameters: OrderedDict([('regressor__regressor__learning_rate', 0.1), ('regressor__regressor__max_depth', 10000), ('regressor__regressor__n_estimators', 2000), ('regressor__regressor__n_jobs', -2)])





OPTIMIZING HYPERPARAMETERS FOR REGRESSOR XGBR 	SEED: 1234567890


Best parameters: OrderedDict([('regressor__regressor__learning_rate', 0.06868270589362512), ('regressor__regressor__max_depth', 10000), ('regressor__regressor__n_estimators', 424), ('regressor__regressor__n_jobs', -2)])





OPTIMIZING HYPERPARAMETERS FOR REGRESSOR XGBR 	SEED: 1234567890


Best parameters: OrderedDict([('regressor__regressor__learning_rate', 0.014044590250285796), ('regressor__regressor__max_depth', 16), ('regressor__regressor__n_estimators', 849), ('regressor__regressor__n_jobs', -2)])





-------------------------------------------------- 
OPTIMIZING HYPERPARAMETERS FOR REGRESSOR XGBR 	SEED: 473129


Best parameters: OrderedDict([('regressor__regressor__learning_rate', 0.007941405373146124), ('regressor__regressor__max_depth', 10), ('regressor__regressor__n_estimators', 2000), ('regressor__regressor__n_jobs', -2)])




Best parameters: OrderedDict([('regressor__regressor__learning_rate', 0.0727880237480246), ('regressor__regressor__max_depth', 502), ('regressor__regressor__n_estimators', 56), ('regressor__regressor__n_jobs', -2)])




Best parameters: OrderedDict([('regressor__regressor__learning_rate', 0.05438676754159089), ('regressor__regressor__max_depth', 10), ('regressor__regressor__n_estimators', 69), ('regressor__regressor__n_jobs', -2)])




Best parameters: OrderedDict([('regressor__regressor__learning_rate', 0.1), ('regressor__regressor__max_depth', 10000), ('regressor__regressor__n_estimators', 50), ('regressor__regressor__n_jobs', -2)])




Best parameters: OrderedDict([('regressor__regressor__learning_rate', 0.022629169869719606), ('regressor__regressor__max_depth', 10000), ('regressor__regressor__n_estimators', 1388), ('regressor__regressor__n_jobs', -2)])





OPTIMIZING HYPERPARAMETERS FOR REGRESSOR XGBR 	SEED: 473129


Best parameters: OrderedDict([('regressor__regressor__learning_rate', 0.018596608299181056), ('regressor__regressor__max_depth', 15), ('regressor__regressor__n_estimators', 179), ('regressor__regressor__n_jobs', -2)])





OPTIMIZING HYPERPARAMETERS FOR REGRESSOR XGBR 	SEED: 473129


Best parameters: OrderedDict([('regressor__regressor__learning_rate', 0.06799551398100889), ('regressor__regressor__max_depth', 10000), ('regressor__regressor__n_estimators', 2000), ('regressor__regressor__n_jobs', -2)])





OPTIMIZING HYPERPARAMETERS FOR REGRESSOR XGBR 	SEED: 473129


Best parameters: OrderedDict([('regressor__regressor__learning_rate', 0.0045590396002638985), ('regressor__regressor__max_depth', 10), ('regressor__regressor__n_estimators', 639), ('regressor__regressor__n_jobs', -2)])





OPTIMIZING HYPERPARAMETERS FOR REGRESSOR XGBR 	SEED: 473129


Best parameters: OrderedDict([('regressor__regressor__learning_rate', 0.025110050741759458), ('regressor__regressor__max_depth', 19), ('regressor__regressor__n_estimators', 849), ('regressor__regressor__n_jobs', -2)])





OPTIMIZING HYPERPARAMETERS FOR REGRESSOR XGBR 	SEED: 473129


Best parameters: OrderedDict([('regressor__regressor__learning_rate', 0.06829616699094147), ('regressor__regressor__max_depth', 10), ('regressor__regressor__n_estimators', 74), ('regressor__regressor__n_jobs', -2)])





-------------------------------------------------- 
OOD TEST ON 1



-------------------------------------------------- 
OPTIMIZING HYPERPARAMETERS FOR REGRESSOR XGBR 	SEED: 6


Best parameters: OrderedDict([('regressor__regressor__learning_rate', 0.1), ('regressor__regressor__max_depth', 10), ('regressor__regressor__n_estimators', 170), ('regressor__regressor__n_jobs', -2)])




Best parameters: OrderedDict([('regressor__regressor__learning_rate', 0.022924152566999277), ('regressor__regressor__max_depth', 10), ('regressor__regressor__n_estimators', 436), ('regressor__regressor__n_jobs', -2)])




Best parameters: OrderedDict([('regressor__regressor__learning_rate', 0.002722830651226915), ('regressor__regressor__max_depth', 114), ('regressor__regressor__n_estimators', 1849), ('regressor__regressor__n_jobs', -2)])




Best parameters: OrderedDict([('regressor__regressor__learning_rate', 0.1), ('regressor__regressor__max_depth', 10), ('regressor__regressor__n_estimators', 611), ('regressor__regressor__n_jobs', -2)])




Best parameters: OrderedDict([('regressor__regressor__learning_rate', 0.08646479880356304), ('regressor__regressor__max_depth', 2326), ('regressor__regressor__n_estimators', 847), ('regressor__regressor__n_jobs', -2)])





OPTIMIZING HYPERPARAMETERS FOR REGRESSOR XGBR 	SEED: 6


Best parameters: OrderedDict([('regressor__regressor__learning_rate', 0.038959842136421424), ('regressor__regressor__max_depth', 10), ('regressor__regressor__n_estimators', 226), ('regressor__regressor__n_jobs', -2)])





OPTIMIZING HYPERPARAMETERS FOR REGRESSOR XGBR 	SEED: 6


Best parameters: OrderedDict([('regressor__regressor__learning_rate', 0.08646479880356304), ('regressor__regressor__max_depth', 2326), ('regressor__regressor__n_estimators', 847), ('regressor__regressor__n_jobs', -2)])





OPTIMIZING HYPERPARAMETERS FOR REGRESSOR XGBR 	SEED: 6


Best parameters: OrderedDict([('regressor__regressor__learning_rate', 0.1), ('regressor__regressor__max_depth', 10000), ('regressor__regressor__n_estimators', 407), ('regressor__regressor__n_jobs', -2)])





OPTIMIZING HYPERPARAMETERS FOR REGRESSOR XGBR 	SEED: 6


Best parameters: OrderedDict([('regressor__regressor__learning_rate', 0.1), ('regressor__regressor__max_depth', 10000), ('regressor__regressor__n_estimators', 50), ('regressor__regressor__n_jobs', -2)])





OPTIMIZING HYPERPARAMETERS FOR REGRESSOR XGBR 	SEED: 6


Best parameters: OrderedDict([('regressor__regressor__learning_rate', 0.1), ('regressor__regressor__max_depth', 10), ('regressor__regressor__n_estimators', 1348), ('regressor__regressor__n_jobs', -2)])





-------------------------------------------------- 
OPTIMIZING HYPERPARAMETERS FOR REGRESSOR XGBR 	SEED: 13


Best parameters: OrderedDict([('regressor__regressor__learning_rate', 0.07693173041362837), ('regressor__regressor__max_depth', 269), ('regressor__regressor__n_estimators', 289), ('regressor__regressor__n_jobs', -2)])




Best parameters: OrderedDict([('regressor__regressor__learning_rate', 0.003083264038993986), ('regressor__regressor__max_depth', 10), ('regressor__regressor__n_estimators', 1652), ('regressor__regressor__n_jobs', -2)])




Best parameters: OrderedDict([('regressor__regressor__learning_rate', 0.02480226008116223), ('regressor__regressor__max_depth', 10000), ('regressor__regressor__n_estimators', 777), ('regressor__regressor__n_jobs', -2)])




Best parameters: OrderedDict([('regressor__regressor__learning_rate', 0.1), ('regressor__regressor__max_depth', 10), ('regressor__regressor__n_estimators', 244), ('regressor__regressor__n_jobs', -2)])




Best parameters: OrderedDict([('regressor__regressor__learning_rate', 0.0022821489143196177), ('regressor__regressor__max_depth', 10), ('regressor__regressor__n_estimators', 2000), ('regressor__regressor__n_jobs', -2)])





OPTIMIZING HYPERPARAMETERS FOR REGRESSOR XGBR 	SEED: 13


Best parameters: OrderedDict([('regressor__regressor__learning_rate', 0.1), ('regressor__regressor__max_depth', 10), ('regressor__regressor__n_estimators', 1355), ('regressor__regressor__n_jobs', -2)])





OPTIMIZING HYPERPARAMETERS FOR REGRESSOR XGBR 	SEED: 13


Best parameters: OrderedDict([('regressor__regressor__learning_rate', 0.003996508570752684), ('regressor__regressor__max_depth', 2146), ('regressor__regressor__n_estimators', 1794), ('regressor__regressor__n_jobs', -2)])





OPTIMIZING HYPERPARAMETERS FOR REGRESSOR XGBR 	SEED: 13


Best parameters: OrderedDict([('regressor__regressor__learning_rate', 0.07480696700788292), ('regressor__regressor__max_depth', 10000), ('regressor__regressor__n_estimators', 97), ('regressor__regressor__n_jobs', -2)])





OPTIMIZING HYPERPARAMETERS FOR REGRESSOR XGBR 	SEED: 13


Best parameters: OrderedDict([('regressor__regressor__learning_rate', 0.026129145321958428), ('regressor__regressor__max_depth', 10000), ('regressor__regressor__n_estimators', 495), ('regressor__regressor__n_jobs', -2)])





OPTIMIZING HYPERPARAMETERS FOR REGRESSOR XGBR 	SEED: 13


Best parameters: OrderedDict([('regressor__regressor__learning_rate', 0.02979788300132077), ('regressor__regressor__max_depth', 10000), ('regressor__regressor__n_estimators', 514), ('regressor__regressor__n_jobs', -2)])





-------------------------------------------------- 
OPTIMIZING HYPERPARAMETERS FOR REGRESSOR XGBR 	SEED: 42


Best parameters: OrderedDict([('regressor__regressor__learning_rate', 0.061520543218387506), ('regressor__regressor__max_depth', 10), ('regressor__regressor__n_estimators', 2000), ('regressor__regressor__n_jobs', -2)])




Best parameters: OrderedDict([('regressor__regressor__learning_rate', 0.07352481813242628), ('regressor__regressor__max_depth', 1264), ('regressor__regressor__n_estimators', 1246), ('regressor__regressor__n_jobs', -2)])




Best parameters: OrderedDict([('regressor__regressor__learning_rate', 0.07003054702577952), ('regressor__regressor__max_depth', 10000), ('regressor__regressor__n_estimators', 72), ('regressor__regressor__n_jobs', -2)])




Best parameters: OrderedDict([('regressor__regressor__learning_rate', 0.1), ('regressor__regressor__max_depth', 10000), ('regressor__regressor__n_estimators', 50), ('regressor__regressor__n_jobs', -2)])




Best parameters: OrderedDict([('regressor__regressor__learning_rate', 0.007047878895228858), ('regressor__regressor__max_depth', 10000), ('regressor__regressor__n_estimators', 1349), ('regressor__regressor__n_jobs', -2)])





OPTIMIZING HYPERPARAMETERS FOR REGRESSOR XGBR 	SEED: 42


Best parameters: OrderedDict([('regressor__regressor__learning_rate', 0.07352481813242628), ('regressor__regressor__max_depth', 1264), ('regressor__regressor__n_estimators', 1246), ('regressor__regressor__n_jobs', -2)])





OPTIMIZING HYPERPARAMETERS FOR REGRESSOR XGBR 	SEED: 42


Best parameters: OrderedDict([('regressor__regressor__learning_rate', 0.1), ('regressor__regressor__max_depth', 10000), ('regressor__regressor__n_estimators', 50), ('regressor__regressor__n_jobs', -2)])





OPTIMIZING HYPERPARAMETERS FOR REGRESSOR XGBR 	SEED: 42


Best parameters: OrderedDict([('regressor__regressor__learning_rate', 0.1), ('regressor__regressor__max_depth', 10), ('regressor__regressor__n_estimators', 662), ('regressor__regressor__n_jobs', -2)])





OPTIMIZING HYPERPARAMETERS FOR REGRESSOR XGBR 	SEED: 42


Best parameters: OrderedDict([('regressor__regressor__learning_rate', 0.1), ('regressor__regressor__max_depth', 10), ('regressor__regressor__n_estimators', 263), ('regressor__regressor__n_jobs', -2)])





OPTIMIZING HYPERPARAMETERS FOR REGRESSOR XGBR 	SEED: 42


Best parameters: OrderedDict([('regressor__regressor__learning_rate', 0.1), ('regressor__regressor__max_depth', 10), ('regressor__regressor__n_estimators', 50), ('regressor__regressor__n_jobs', -2)])





-------------------------------------------------- 
OPTIMIZING HYPERPARAMETERS FOR REGRESSOR XGBR 	SEED: 69


Best parameters: OrderedDict([('regressor__regressor__learning_rate', 0.1), ('regressor__regressor__max_depth', 10000), ('regressor__regressor__n_estimators', 50), ('regressor__regressor__n_jobs', -2)])




Best parameters: OrderedDict([('regressor__regressor__learning_rate', 0.1), ('regressor__regressor__max_depth', 10000), ('regressor__regressor__n_estimators', 495), ('regressor__regressor__n_jobs', -2)])




Best parameters: OrderedDict([('regressor__regressor__learning_rate', 0.006135073921538748), ('regressor__regressor__max_depth', 10), ('regressor__regressor__n_estimators', 632), ('regressor__regressor__n_jobs', -2)])




Best parameters: OrderedDict([('regressor__regressor__learning_rate', 0.1), ('regressor__regressor__max_depth', 10), ('regressor__regressor__n_estimators', 58), ('regressor__regressor__n_jobs', -2)])




Best parameters: OrderedDict([('regressor__regressor__learning_rate', 0.05259842429030704), ('regressor__regressor__max_depth', 10000), ('regressor__regressor__n_estimators', 2000), ('regressor__regressor__n_jobs', -2)])





OPTIMIZING HYPERPARAMETERS FOR REGRESSOR XGBR 	SEED: 69


Best parameters: OrderedDict([('regressor__regressor__learning_rate', 0.010186026879976426), ('regressor__regressor__max_depth', 10), ('regressor__regressor__n_estimators', 2000), ('regressor__regressor__n_jobs', -2)])





OPTIMIZING HYPERPARAMETERS FOR REGRESSOR XGBR 	SEED: 69


Best parameters: OrderedDict([('regressor__regressor__learning_rate', 0.012578895199564935), ('regressor__regressor__max_depth', 10000), ('regressor__regressor__n_estimators', 662), ('regressor__regressor__n_jobs', -2)])





OPTIMIZING HYPERPARAMETERS FOR REGRESSOR XGBR 	SEED: 69


Best parameters: OrderedDict([('regressor__regressor__learning_rate', 0.0020118907595304642), ('regressor__regressor__max_depth', 10), ('regressor__regressor__n_estimators', 2000), ('regressor__regressor__n_jobs', -2)])





OPTIMIZING HYPERPARAMETERS FOR REGRESSOR XGBR 	SEED: 69


Best parameters: OrderedDict([('regressor__regressor__learning_rate', 0.09939793013929618), ('regressor__regressor__max_depth', 4800), ('regressor__regressor__n_estimators', 161), ('regressor__regressor__n_jobs', -2)])





OPTIMIZING HYPERPARAMETERS FOR REGRESSOR XGBR 	SEED: 69


Best parameters: OrderedDict([('regressor__regressor__learning_rate', 0.008614780975143708), ('regressor__regressor__max_depth', 21), ('regressor__regressor__n_estimators', 369), ('regressor__regressor__n_jobs', -2)])





-------------------------------------------------- 
OPTIMIZING HYPERPARAMETERS FOR REGRESSOR XGBR 	SEED: 420


Best parameters: OrderedDict([('regressor__regressor__learning_rate', 0.1), ('regressor__regressor__max_depth', 10), ('regressor__regressor__n_estimators', 50), ('regressor__regressor__n_jobs', -2)])




Best parameters: OrderedDict([('regressor__regressor__learning_rate', 0.0029752187336422845), ('regressor__regressor__max_depth', 10000), ('regressor__regressor__n_estimators', 2000), ('regressor__regressor__n_jobs', -2)])




Best parameters: OrderedDict([('regressor__regressor__learning_rate', 0.06534959295930216), ('regressor__regressor__max_depth', 10), ('regressor__regressor__n_estimators', 86), ('regressor__regressor__n_jobs', -2)])




Best parameters: OrderedDict([('regressor__regressor__learning_rate', 0.05913781436124809), ('regressor__regressor__max_depth', 2125), ('regressor__regressor__n_estimators', 1123), ('regressor__regressor__n_jobs', -2)])




Best parameters: OrderedDict([('regressor__regressor__learning_rate', 0.1), ('regressor__regressor__max_depth', 10), ('regressor__regressor__n_estimators', 50), ('regressor__regressor__n_jobs', -2)])





OPTIMIZING HYPERPARAMETERS FOR REGRESSOR XGBR 	SEED: 420


Best parameters: OrderedDict([('regressor__regressor__learning_rate', 0.1), ('regressor__regressor__max_depth', 10000), ('regressor__regressor__n_estimators', 661), ('regressor__regressor__n_jobs', -2)])





OPTIMIZING HYPERPARAMETERS FOR REGRESSOR XGBR 	SEED: 420


Best parameters: OrderedDict([('regressor__regressor__learning_rate', 0.03917953958422965), ('regressor__regressor__max_depth', 10), ('regressor__regressor__n_estimators', 511), ('regressor__regressor__n_jobs', -2)])





OPTIMIZING HYPERPARAMETERS FOR REGRESSOR XGBR 	SEED: 420


Best parameters: OrderedDict([('regressor__regressor__learning_rate', 0.06771054211682617), ('regressor__regressor__max_depth', 10), ('regressor__regressor__n_estimators', 95), ('regressor__regressor__n_jobs', -2)])





OPTIMIZING HYPERPARAMETERS FOR REGRESSOR XGBR 	SEED: 420


Best parameters: OrderedDict([('regressor__regressor__learning_rate', 0.03770052924189587), ('regressor__regressor__max_depth', 549), ('regressor__regressor__n_estimators', 220), ('regressor__regressor__n_jobs', -2)])





OPTIMIZING HYPERPARAMETERS FOR REGRESSOR XGBR 	SEED: 420


Best parameters: OrderedDict([('regressor__regressor__learning_rate', 0.015706131438404755), ('regressor__regressor__max_depth', 10000), ('regressor__regressor__n_estimators', 347), ('regressor__regressor__n_jobs', -2)])





-------------------------------------------------- 
OPTIMIZING HYPERPARAMETERS FOR REGRESSOR XGBR 	SEED: 1234567890


Best parameters: OrderedDict([('regressor__regressor__learning_rate', 0.06732221507882781), ('regressor__regressor__max_depth', 10000), ('regressor__regressor__n_estimators', 496), ('regressor__regressor__n_jobs', -2)])




Best parameters: OrderedDict([('regressor__regressor__learning_rate', 0.06385852245475433), ('regressor__regressor__max_depth', 10), ('regressor__regressor__n_estimators', 170), ('regressor__regressor__n_jobs', -2)])




Best parameters: OrderedDict([('regressor__regressor__learning_rate', 0.007905379668270379), ('regressor__regressor__max_depth', 10), ('regressor__regressor__n_estimators', 898), ('regressor__regressor__n_jobs', -2)])




Best parameters: OrderedDict([('regressor__regressor__learning_rate', 0.025513806433422118), ('regressor__regressor__max_depth', 10), ('regressor__regressor__n_estimators', 1274), ('regressor__regressor__n_jobs', -2)])




Best parameters: OrderedDict([('regressor__regressor__learning_rate', 0.09596450140980835), ('regressor__regressor__max_depth', 16), ('regressor__regressor__n_estimators', 1362), ('regressor__regressor__n_jobs', -2)])





OPTIMIZING HYPERPARAMETERS FOR REGRESSOR XGBR 	SEED: 1234567890


Best parameters: OrderedDict([('regressor__regressor__learning_rate', 0.02558158596437079), ('regressor__regressor__max_depth', 10), ('regressor__regressor__n_estimators', 284), ('regressor__regressor__n_jobs', -2)])





OPTIMIZING HYPERPARAMETERS FOR REGRESSOR XGBR 	SEED: 1234567890


Best parameters: OrderedDict([('regressor__regressor__learning_rate', 0.03130016558681144), ('regressor__regressor__max_depth', 10000), ('regressor__regressor__n_estimators', 2000), ('regressor__regressor__n_jobs', -2)])





OPTIMIZING HYPERPARAMETERS FOR REGRESSOR XGBR 	SEED: 1234567890


Best parameters: OrderedDict([('regressor__regressor__learning_rate', 0.1), ('regressor__regressor__max_depth', 10000), ('regressor__regressor__n_estimators', 2000), ('regressor__regressor__n_jobs', -2)])





OPTIMIZING HYPERPARAMETERS FOR REGRESSOR XGBR 	SEED: 1234567890


Best parameters: OrderedDict([('regressor__regressor__learning_rate', 0.06868270589362512), ('regressor__regressor__max_depth', 10000), ('regressor__regressor__n_estimators', 424), ('regressor__regressor__n_jobs', -2)])





OPTIMIZING HYPERPARAMETERS FOR REGRESSOR XGBR 	SEED: 1234567890


Best parameters: OrderedDict([('regressor__regressor__learning_rate', 0.014044590250285796), ('regressor__regressor__max_depth', 16), ('regressor__regressor__n_estimators', 849), ('regressor__regressor__n_jobs', -2)])





-------------------------------------------------- 
OPTIMIZING HYPERPARAMETERS FOR REGRESSOR XGBR 	SEED: 473129


Best parameters: OrderedDict([('regressor__regressor__learning_rate', 0.0034220883273122695), ('regressor__regressor__max_depth', 10000), ('regressor__regressor__n_estimators', 1357), ('regressor__regressor__n_jobs', -2)])




Best parameters: OrderedDict([('regressor__regressor__learning_rate', 0.0029643628473426695), ('regressor__regressor__max_depth', 10000), ('regressor__regressor__n_estimators', 2000), ('regressor__regressor__n_jobs', -2)])




Best parameters: OrderedDict([('regressor__regressor__learning_rate', 0.0017354331566046598), ('regressor__regressor__max_depth', 10), ('regressor__regressor__n_estimators', 2000), ('regressor__regressor__n_jobs', -2)])




Best parameters: OrderedDict([('regressor__regressor__learning_rate', 0.0727880237480246), ('regressor__regressor__max_depth', 502), ('regressor__regressor__n_estimators', 56), ('regressor__regressor__n_jobs', -2)])




Best parameters: OrderedDict([('regressor__regressor__learning_rate', 0.004828997494122653), ('regressor__regressor__max_depth', 10000), ('regressor__regressor__n_estimators', 1095), ('regressor__regressor__n_jobs', -2)])





OPTIMIZING HYPERPARAMETERS FOR REGRESSOR XGBR 	SEED: 473129


Best parameters: OrderedDict([('regressor__regressor__learning_rate', 0.018596608299181056), ('regressor__regressor__max_depth', 15), ('regressor__regressor__n_estimators', 179), ('regressor__regressor__n_jobs', -2)])





OPTIMIZING HYPERPARAMETERS FOR REGRESSOR XGBR 	SEED: 473129


Best parameters: OrderedDict([('regressor__regressor__learning_rate', 0.06799551398100889), ('regressor__regressor__max_depth', 10000), ('regressor__regressor__n_estimators', 2000), ('regressor__regressor__n_jobs', -2)])





OPTIMIZING HYPERPARAMETERS FOR REGRESSOR XGBR 	SEED: 473129


Best parameters: OrderedDict([('regressor__regressor__learning_rate', 0.0045590396002638985), ('regressor__regressor__max_depth', 10), ('regressor__regressor__n_estimators', 639), ('regressor__regressor__n_jobs', -2)])





OPTIMIZING HYPERPARAMETERS FOR REGRESSOR XGBR 	SEED: 473129


Best parameters: OrderedDict([('regressor__regressor__learning_rate', 0.025110050741759458), ('regressor__regressor__max_depth', 19), ('regressor__regressor__n_estimators', 849), ('regressor__regressor__n_jobs', -2)])





OPTIMIZING HYPERPARAMETERS FOR REGRESSOR XGBR 	SEED: 473129


Best parameters: OrderedDict([('regressor__regressor__learning_rate', 0.06829616699094147), ('regressor__regressor__max_depth', 10), ('regressor__regressor__n_estimators', 74), ('regressor__regressor__n_jobs', -2)])





-------------------------------------------------- 
OOD TEST ON 2



-------------------------------------------------- 
OPTIMIZING HYPERPARAMETERS FOR REGRESSOR XGBR 	SEED: 6


Best parameters: OrderedDict([('regressor__regressor__learning_rate', 0.002956170754424999), ('regressor__regressor__max_depth', 10000), ('regressor__regressor__n_estimators', 1034), ('regressor__regressor__n_jobs', -2)])




Best parameters: OrderedDict([('regressor__regressor__learning_rate', 0.04240023973031933), ('regressor__regressor__max_depth', 10), ('regressor__regressor__n_estimators', 253), ('regressor__regressor__n_jobs', -2)])




Best parameters: OrderedDict([('regressor__regressor__learning_rate', 0.052230048654386456), ('regressor__regressor__max_depth', 10000), ('regressor__regressor__n_estimators', 2000), ('regressor__regressor__n_jobs', -2)])




Best parameters: OrderedDict([('regressor__regressor__learning_rate', 0.0069383115606402555), ('regressor__regressor__max_depth', 10), ('regressor__regressor__n_estimators', 2000), ('regressor__regressor__n_jobs', -2)])




Best parameters: OrderedDict([('regressor__regressor__learning_rate', 0.08646479880356304), ('regressor__regressor__max_depth', 2326), ('regressor__regressor__n_estimators', 847), ('regressor__regressor__n_jobs', -2)])





OPTIMIZING HYPERPARAMETERS FOR REGRESSOR XGBR 	SEED: 6


Best parameters: OrderedDict([('regressor__regressor__learning_rate', 0.038959842136421424), ('regressor__regressor__max_depth', 10), ('regressor__regressor__n_estimators', 226), ('regressor__regressor__n_jobs', -2)])





OPTIMIZING HYPERPARAMETERS FOR REGRESSOR XGBR 	SEED: 6


Best parameters: OrderedDict([('regressor__regressor__learning_rate', 0.08646479880356304), ('regressor__regressor__max_depth', 2326), ('regressor__regressor__n_estimators', 847), ('regressor__regressor__n_jobs', -2)])





OPTIMIZING HYPERPARAMETERS FOR REGRESSOR XGBR 	SEED: 6


Best parameters: OrderedDict([('regressor__regressor__learning_rate', 0.1), ('regressor__regressor__max_depth', 10000), ('regressor__regressor__n_estimators', 407), ('regressor__regressor__n_jobs', -2)])





OPTIMIZING HYPERPARAMETERS FOR REGRESSOR XGBR 	SEED: 6


Best parameters: OrderedDict([('regressor__regressor__learning_rate', 0.1), ('regressor__regressor__max_depth', 10000), ('regressor__regressor__n_estimators', 50), ('regressor__regressor__n_jobs', -2)])





OPTIMIZING HYPERPARAMETERS FOR REGRESSOR XGBR 	SEED: 6


Best parameters: OrderedDict([('regressor__regressor__learning_rate', 0.1), ('regressor__regressor__max_depth', 10), ('regressor__regressor__n_estimators', 1348), ('regressor__regressor__n_jobs', -2)])





-------------------------------------------------- 
OPTIMIZING HYPERPARAMETERS FOR REGRESSOR XGBR 	SEED: 13


Best parameters: OrderedDict([('regressor__regressor__learning_rate', 0.05983862302087632), ('regressor__regressor__max_depth', 10), ('regressor__regressor__n_estimators', 2000), ('regressor__regressor__n_jobs', -2)])




Best parameters: OrderedDict([('regressor__regressor__learning_rate', 0.0021948016074359554), ('regressor__regressor__max_depth', 10), ('regressor__regressor__n_estimators', 1428), ('regressor__regressor__n_jobs', -2)])




Best parameters: OrderedDict([('regressor__regressor__learning_rate', 0.1), ('regressor__regressor__max_depth', 10), ('regressor__regressor__n_estimators', 1237), ('regressor__regressor__n_jobs', -2)])




Best parameters: OrderedDict([('regressor__regressor__learning_rate', 0.01663506815189555), ('regressor__regressor__max_depth', 359), ('regressor__regressor__n_estimators', 547), ('regressor__regressor__n_jobs', -2)])




Best parameters: OrderedDict([('regressor__regressor__learning_rate', 0.08055190830526879), ('regressor__regressor__max_depth', 10000), ('regressor__regressor__n_estimators', 133), ('regressor__regressor__n_jobs', -2)])





OPTIMIZING HYPERPARAMETERS FOR REGRESSOR XGBR 	SEED: 13


Best parameters: OrderedDict([('regressor__regressor__learning_rate', 0.1), ('regressor__regressor__max_depth', 10), ('regressor__regressor__n_estimators', 1355), ('regressor__regressor__n_jobs', -2)])





OPTIMIZING HYPERPARAMETERS FOR REGRESSOR XGBR 	SEED: 13


Best parameters: OrderedDict([('regressor__regressor__learning_rate', 0.003996508570752684), ('regressor__regressor__max_depth', 2146), ('regressor__regressor__n_estimators', 1794), ('regressor__regressor__n_jobs', -2)])





OPTIMIZING HYPERPARAMETERS FOR REGRESSOR XGBR 	SEED: 13


Best parameters: OrderedDict([('regressor__regressor__learning_rate', 0.07480696700788292), ('regressor__regressor__max_depth', 10000), ('regressor__regressor__n_estimators', 97), ('regressor__regressor__n_jobs', -2)])





OPTIMIZING HYPERPARAMETERS FOR REGRESSOR XGBR 	SEED: 13


Best parameters: OrderedDict([('regressor__regressor__learning_rate', 0.026129145321958428), ('regressor__regressor__max_depth', 10000), ('regressor__regressor__n_estimators', 495), ('regressor__regressor__n_jobs', -2)])





OPTIMIZING HYPERPARAMETERS FOR REGRESSOR XGBR 	SEED: 13


Best parameters: OrderedDict([('regressor__regressor__learning_rate', 0.02979788300132077), ('regressor__regressor__max_depth', 10000), ('regressor__regressor__n_estimators', 514), ('regressor__regressor__n_jobs', -2)])





-------------------------------------------------- 
OPTIMIZING HYPERPARAMETERS FOR REGRESSOR XGBR 	SEED: 42


Best parameters: OrderedDict([('regressor__regressor__learning_rate', 0.054381382632834915), ('regressor__regressor__max_depth', 11), ('regressor__regressor__n_estimators', 624), ('regressor__regressor__n_jobs', -2)])




Best parameters: OrderedDict([('regressor__regressor__learning_rate', 0.1), ('regressor__regressor__max_depth', 10000), ('regressor__regressor__n_estimators', 50), ('regressor__regressor__n_jobs', -2)])




Best parameters: OrderedDict([('regressor__regressor__learning_rate', 0.1), ('regressor__regressor__max_depth', 10), ('regressor__regressor__n_estimators', 50), ('regressor__regressor__n_jobs', -2)])




Best parameters: OrderedDict([('regressor__regressor__learning_rate', 0.08612409381944164), ('regressor__regressor__max_depth', 211), ('regressor__regressor__n_estimators', 476), ('regressor__regressor__n_jobs', -2)])




Best parameters: OrderedDict([('regressor__regressor__learning_rate', 0.0026203818841371977), ('regressor__regressor__max_depth', 10), ('regressor__regressor__n_estimators', 2000), ('regressor__regressor__n_jobs', -2)])





OPTIMIZING HYPERPARAMETERS FOR REGRESSOR XGBR 	SEED: 42


Best parameters: OrderedDict([('regressor__regressor__learning_rate', 0.07352481813242628), ('regressor__regressor__max_depth', 1264), ('regressor__regressor__n_estimators', 1246), ('regressor__regressor__n_jobs', -2)])





OPTIMIZING HYPERPARAMETERS FOR REGRESSOR XGBR 	SEED: 42


Best parameters: OrderedDict([('regressor__regressor__learning_rate', 0.1), ('regressor__regressor__max_depth', 10000), ('regressor__regressor__n_estimators', 50), ('regressor__regressor__n_jobs', -2)])





OPTIMIZING HYPERPARAMETERS FOR REGRESSOR XGBR 	SEED: 42


Best parameters: OrderedDict([('regressor__regressor__learning_rate', 0.1), ('regressor__regressor__max_depth', 10), ('regressor__regressor__n_estimators', 662), ('regressor__regressor__n_jobs', -2)])





OPTIMIZING HYPERPARAMETERS FOR REGRESSOR XGBR 	SEED: 42


Best parameters: OrderedDict([('regressor__regressor__learning_rate', 0.1), ('regressor__regressor__max_depth', 10), ('regressor__regressor__n_estimators', 263), ('regressor__regressor__n_jobs', -2)])





OPTIMIZING HYPERPARAMETERS FOR REGRESSOR XGBR 	SEED: 42


Best parameters: OrderedDict([('regressor__regressor__learning_rate', 0.1), ('regressor__regressor__max_depth', 10), ('regressor__regressor__n_estimators', 50), ('regressor__regressor__n_jobs', -2)])





-------------------------------------------------- 
OPTIMIZING HYPERPARAMETERS FOR REGRESSOR XGBR 	SEED: 69


Best parameters: OrderedDict([('regressor__regressor__learning_rate', 0.004540102074705809), ('regressor__regressor__max_depth', 8931), ('regressor__regressor__n_estimators', 1863), ('regressor__regressor__n_jobs', -2)])




Best parameters: OrderedDict([('regressor__regressor__learning_rate', 0.032703952602650924), ('regressor__regressor__max_depth', 232), ('regressor__regressor__n_estimators', 167), ('regressor__regressor__n_jobs', -2)])




Best parameters: OrderedDict([('regressor__regressor__learning_rate', 0.057639752737330546), ('regressor__regressor__max_depth', 10000), ('regressor__regressor__n_estimators', 73), ('regressor__regressor__n_jobs', -2)])




Best parameters: OrderedDict([('regressor__regressor__learning_rate', 0.052081049506614095), ('regressor__regressor__max_depth', 10000), ('regressor__regressor__n_estimators', 65), ('regressor__regressor__n_jobs', -2)])




Best parameters: OrderedDict([('regressor__regressor__learning_rate', 0.004540102074705809), ('regressor__regressor__max_depth', 8931), ('regressor__regressor__n_estimators', 1863), ('regressor__regressor__n_jobs', -2)])





OPTIMIZING HYPERPARAMETERS FOR REGRESSOR XGBR 	SEED: 69


Best parameters: OrderedDict([('regressor__regressor__learning_rate', 0.010186026879976426), ('regressor__regressor__max_depth', 10), ('regressor__regressor__n_estimators', 2000), ('regressor__regressor__n_jobs', -2)])





OPTIMIZING HYPERPARAMETERS FOR REGRESSOR XGBR 	SEED: 69


Best parameters: OrderedDict([('regressor__regressor__learning_rate', 0.012578895199564935), ('regressor__regressor__max_depth', 10000), ('regressor__regressor__n_estimators', 662), ('regressor__regressor__n_jobs', -2)])





OPTIMIZING HYPERPARAMETERS FOR REGRESSOR XGBR 	SEED: 69


Best parameters: OrderedDict([('regressor__regressor__learning_rate', 0.0020118907595304642), ('regressor__regressor__max_depth', 10), ('regressor__regressor__n_estimators', 2000), ('regressor__regressor__n_jobs', -2)])





OPTIMIZING HYPERPARAMETERS FOR REGRESSOR XGBR 	SEED: 69


Best parameters: OrderedDict([('regressor__regressor__learning_rate', 0.09939793013929618), ('regressor__regressor__max_depth', 4800), ('regressor__regressor__n_estimators', 161), ('regressor__regressor__n_jobs', -2)])





OPTIMIZING HYPERPARAMETERS FOR REGRESSOR XGBR 	SEED: 69


Best parameters: OrderedDict([('regressor__regressor__learning_rate', 0.008614780975143708), ('regressor__regressor__max_depth', 21), ('regressor__regressor__n_estimators', 369), ('regressor__regressor__n_jobs', -2)])





-------------------------------------------------- 
OPTIMIZING HYPERPARAMETERS FOR REGRESSOR XGBR 	SEED: 420


Best parameters: OrderedDict([('regressor__regressor__learning_rate', 0.05913781436124809), ('regressor__regressor__max_depth', 2125), ('regressor__regressor__n_estimators', 1123), ('regressor__regressor__n_jobs', -2)])




Best parameters: OrderedDict([('regressor__regressor__learning_rate', 0.02808287184621455), ('regressor__regressor__max_depth', 236), ('regressor__regressor__n_estimators', 102), ('regressor__regressor__n_jobs', -2)])




Best parameters: OrderedDict([('regressor__regressor__learning_rate', 0.004130123092592421), ('regressor__regressor__max_depth', 10000), ('regressor__regressor__n_estimators', 755), ('regressor__regressor__n_jobs', -2)])




Best parameters: OrderedDict([('regressor__regressor__learning_rate', 0.06528209364013497), ('regressor__regressor__max_depth', 10), ('regressor__regressor__n_estimators', 86), ('regressor__regressor__n_jobs', -2)])




Best parameters: OrderedDict([('regressor__regressor__learning_rate', 0.1), ('regressor__regressor__max_depth', 10000), ('regressor__regressor__n_estimators', 50), ('regressor__regressor__n_jobs', -2)])





OPTIMIZING HYPERPARAMETERS FOR REGRESSOR XGBR 	SEED: 420


Best parameters: OrderedDict([('regressor__regressor__learning_rate', 0.1), ('regressor__regressor__max_depth', 10000), ('regressor__regressor__n_estimators', 661), ('regressor__regressor__n_jobs', -2)])





OPTIMIZING HYPERPARAMETERS FOR REGRESSOR XGBR 	SEED: 420


Best parameters: OrderedDict([('regressor__regressor__learning_rate', 0.03917953958422965), ('regressor__regressor__max_depth', 10), ('regressor__regressor__n_estimators', 511), ('regressor__regressor__n_jobs', -2)])





OPTIMIZING HYPERPARAMETERS FOR REGRESSOR XGBR 	SEED: 420


Best parameters: OrderedDict([('regressor__regressor__learning_rate', 0.06771054211682617), ('regressor__regressor__max_depth', 10), ('regressor__regressor__n_estimators', 95), ('regressor__regressor__n_jobs', -2)])





OPTIMIZING HYPERPARAMETERS FOR REGRESSOR XGBR 	SEED: 420


Best parameters: OrderedDict([('regressor__regressor__learning_rate', 0.03770052924189587), ('regressor__regressor__max_depth', 549), ('regressor__regressor__n_estimators', 220), ('regressor__regressor__n_jobs', -2)])





OPTIMIZING HYPERPARAMETERS FOR REGRESSOR XGBR 	SEED: 420


Best parameters: OrderedDict([('regressor__regressor__learning_rate', 0.015706131438404755), ('regressor__regressor__max_depth', 10000), ('regressor__regressor__n_estimators', 347), ('regressor__regressor__n_jobs', -2)])





-------------------------------------------------- 
OPTIMIZING HYPERPARAMETERS FOR REGRESSOR XGBR 	SEED: 1234567890


Best parameters: OrderedDict([('regressor__regressor__learning_rate', 0.07275979169617032), ('regressor__regressor__max_depth', 10000), ('regressor__regressor__n_estimators', 2000), ('regressor__regressor__n_jobs', -2)])




Best parameters: OrderedDict([('regressor__regressor__learning_rate', 0.05341340078649017), ('regressor__regressor__max_depth', 531), ('regressor__regressor__n_estimators', 50), ('regressor__regressor__n_jobs', -2)])




Best parameters: OrderedDict([('regressor__regressor__learning_rate', 0.0015862501749151828), ('regressor__regressor__max_depth', 10), ('regressor__regressor__n_estimators', 2000), ('regressor__regressor__n_jobs', -2)])




Best parameters: OrderedDict([('regressor__regressor__learning_rate', 0.06449854041502759), ('regressor__regressor__max_depth', 11), ('regressor__regressor__n_estimators', 82), ('regressor__regressor__n_jobs', -2)])




Best parameters: OrderedDict([('regressor__regressor__learning_rate', 0.044170347097229834), ('regressor__regressor__max_depth', 10), ('regressor__regressor__n_estimators', 816), ('regressor__regressor__n_jobs', -2)])





OPTIMIZING HYPERPARAMETERS FOR REGRESSOR XGBR 	SEED: 1234567890


Best parameters: OrderedDict([('regressor__regressor__learning_rate', 0.02558158596437079), ('regressor__regressor__max_depth', 10), ('regressor__regressor__n_estimators', 284), ('regressor__regressor__n_jobs', -2)])





OPTIMIZING HYPERPARAMETERS FOR REGRESSOR XGBR 	SEED: 1234567890


Best parameters: OrderedDict([('regressor__regressor__learning_rate', 0.03130016558681144), ('regressor__regressor__max_depth', 10000), ('regressor__regressor__n_estimators', 2000), ('regressor__regressor__n_jobs', -2)])





OPTIMIZING HYPERPARAMETERS FOR REGRESSOR XGBR 	SEED: 1234567890


Best parameters: OrderedDict([('regressor__regressor__learning_rate', 0.1), ('regressor__regressor__max_depth', 10000), ('regressor__regressor__n_estimators', 2000), ('regressor__regressor__n_jobs', -2)])





OPTIMIZING HYPERPARAMETERS FOR REGRESSOR XGBR 	SEED: 1234567890


Best parameters: OrderedDict([('regressor__regressor__learning_rate', 0.06868270589362512), ('regressor__regressor__max_depth', 10000), ('regressor__regressor__n_estimators', 424), ('regressor__regressor__n_jobs', -2)])





OPTIMIZING HYPERPARAMETERS FOR REGRESSOR XGBR 	SEED: 1234567890


Best parameters: OrderedDict([('regressor__regressor__learning_rate', 0.014044590250285796), ('regressor__regressor__max_depth', 16), ('regressor__regressor__n_estimators', 849), ('regressor__regressor__n_jobs', -2)])





-------------------------------------------------- 
OPTIMIZING HYPERPARAMETERS FOR REGRESSOR XGBR 	SEED: 473129


Best parameters: OrderedDict([('regressor__regressor__learning_rate', 0.0050650660368173495), ('regressor__regressor__max_depth', 10), ('regressor__regressor__n_estimators', 366), ('regressor__regressor__n_jobs', -2)])




Best parameters: OrderedDict([('regressor__regressor__learning_rate', 0.1), ('regressor__regressor__max_depth', 10000), ('regressor__regressor__n_estimators', 50), ('regressor__regressor__n_jobs', -2)])




Best parameters: OrderedDict([('regressor__regressor__learning_rate', 0.025543974958475404), ('regressor__regressor__max_depth', 10), ('regressor__regressor__n_estimators', 2000), ('regressor__regressor__n_jobs', -2)])




Best parameters: OrderedDict([('regressor__regressor__learning_rate', 0.1), ('regressor__regressor__max_depth', 10), ('regressor__regressor__n_estimators', 591), ('regressor__regressor__n_jobs', -2)])




Best parameters: OrderedDict([('regressor__regressor__learning_rate', 0.028764781492881895), ('regressor__regressor__max_depth', 36), ('regressor__regressor__n_estimators', 652), ('regressor__regressor__n_jobs', -2)])





OPTIMIZING HYPERPARAMETERS FOR REGRESSOR XGBR 	SEED: 473129


Best parameters: OrderedDict([('regressor__regressor__learning_rate', 0.018596608299181056), ('regressor__regressor__max_depth', 15), ('regressor__regressor__n_estimators', 179), ('regressor__regressor__n_jobs', -2)])





OPTIMIZING HYPERPARAMETERS FOR REGRESSOR XGBR 	SEED: 473129


Best parameters: OrderedDict([('regressor__regressor__learning_rate', 0.06799551398100889), ('regressor__regressor__max_depth', 10000), ('regressor__regressor__n_estimators', 2000), ('regressor__regressor__n_jobs', -2)])





OPTIMIZING HYPERPARAMETERS FOR REGRESSOR XGBR 	SEED: 473129


Best parameters: OrderedDict([('regressor__regressor__learning_rate', 0.0045590396002638985), ('regressor__regressor__max_depth', 10), ('regressor__regressor__n_estimators', 639), ('regressor__regressor__n_jobs', -2)])





OPTIMIZING HYPERPARAMETERS FOR REGRESSOR XGBR 	SEED: 473129


Best parameters: OrderedDict([('regressor__regressor__learning_rate', 0.025110050741759458), ('regressor__regressor__max_depth', 19), ('regressor__regressor__n_estimators', 849), ('regressor__regressor__n_jobs', -2)])





OPTIMIZING HYPERPARAMETERS FOR REGRESSOR XGBR 	SEED: 473129


Best parameters: OrderedDict([('regressor__regressor__learning_rate', 0.06829616699094147), ('regressor__regressor__max_depth', 10), ('regressor__regressor__n_estimators', 74), ('regressor__regressor__n_jobs', -2)])





-------------------------------------------------- 
OOD TEST ON 3



-------------------------------------------------- 
OPTIMIZING HYPERPARAMETERS FOR REGRESSOR XGBR 	SEED: 6


Best parameters: OrderedDict([('regressor__regressor__learning_rate', 0.01963303179891524), ('regressor__regressor__max_depth', 10000), ('regressor__regressor__n_estimators', 1179), ('regressor__regressor__n_jobs', -2)])




Best parameters: OrderedDict([('regressor__regressor__learning_rate', 0.05541541228771632), ('regressor__regressor__max_depth', 10), ('regressor__regressor__n_estimators', 511), ('regressor__regressor__n_jobs', -2)])




Best parameters: OrderedDict([('regressor__regressor__learning_rate', 0.08646479880356304), ('regressor__regressor__max_depth', 2326), ('regressor__regressor__n_estimators', 847), ('regressor__regressor__n_jobs', -2)])




Best parameters: OrderedDict([('regressor__regressor__learning_rate', 0.08030195348966543), ('regressor__regressor__max_depth', 10), ('regressor__regressor__n_estimators', 78), ('regressor__regressor__n_jobs', -2)])




Best parameters: OrderedDict([('regressor__regressor__learning_rate', 0.1), ('regressor__regressor__max_depth', 10), ('regressor__regressor__n_estimators', 50), ('regressor__regressor__n_jobs', -2)])





OPTIMIZING HYPERPARAMETERS FOR REGRESSOR XGBR 	SEED: 6


Best parameters: OrderedDict([('regressor__regressor__learning_rate', 0.038959842136421424), ('regressor__regressor__max_depth', 10), ('regressor__regressor__n_estimators', 226), ('regressor__regressor__n_jobs', -2)])





OPTIMIZING HYPERPARAMETERS FOR REGRESSOR XGBR 	SEED: 6


Best parameters: OrderedDict([('regressor__regressor__learning_rate', 0.08646479880356304), ('regressor__regressor__max_depth', 2326), ('regressor__regressor__n_estimators', 847), ('regressor__regressor__n_jobs', -2)])





OPTIMIZING HYPERPARAMETERS FOR REGRESSOR XGBR 	SEED: 6


Best parameters: OrderedDict([('regressor__regressor__learning_rate', 0.1), ('regressor__regressor__max_depth', 10000), ('regressor__regressor__n_estimators', 407), ('regressor__regressor__n_jobs', -2)])





OPTIMIZING HYPERPARAMETERS FOR REGRESSOR XGBR 	SEED: 6


Best parameters: OrderedDict([('regressor__regressor__learning_rate', 0.1), ('regressor__regressor__max_depth', 10000), ('regressor__regressor__n_estimators', 50), ('regressor__regressor__n_jobs', -2)])





OPTIMIZING HYPERPARAMETERS FOR REGRESSOR XGBR 	SEED: 6


Best parameters: OrderedDict([('regressor__regressor__learning_rate', 0.1), ('regressor__regressor__max_depth', 10), ('regressor__regressor__n_estimators', 1348), ('regressor__regressor__n_jobs', -2)])





-------------------------------------------------- 
OPTIMIZING HYPERPARAMETERS FOR REGRESSOR XGBR 	SEED: 13


Best parameters: OrderedDict([('regressor__regressor__learning_rate', 0.034769668589043685), ('regressor__regressor__max_depth', 2287), ('regressor__regressor__n_estimators', 1119), ('regressor__regressor__n_jobs', -2)])




Best parameters: OrderedDict([('regressor__regressor__learning_rate', 0.016510976918850135), ('regressor__regressor__max_depth', 10), ('regressor__regressor__n_estimators', 2000), ('regressor__regressor__n_jobs', -2)])




Best parameters: OrderedDict([('regressor__regressor__learning_rate', 0.03883562339961712), ('regressor__regressor__max_depth', 10), ('regressor__regressor__n_estimators', 152), ('regressor__regressor__n_jobs', -2)])




Best parameters: OrderedDict([('regressor__regressor__learning_rate', 0.007288148502928161), ('regressor__regressor__max_depth', 10000), ('regressor__regressor__n_estimators', 2000), ('regressor__regressor__n_jobs', -2)])




Best parameters: OrderedDict([('regressor__regressor__learning_rate', 0.032976852473434515), ('regressor__regressor__max_depth', 10), ('regressor__regressor__n_estimators', 520), ('regressor__regressor__n_jobs', -2)])





OPTIMIZING HYPERPARAMETERS FOR REGRESSOR XGBR 	SEED: 13


Best parameters: OrderedDict([('regressor__regressor__learning_rate', 0.1), ('regressor__regressor__max_depth', 10), ('regressor__regressor__n_estimators', 1355), ('regressor__regressor__n_jobs', -2)])





OPTIMIZING HYPERPARAMETERS FOR REGRESSOR XGBR 	SEED: 13


Best parameters: OrderedDict([('regressor__regressor__learning_rate', 0.003996508570752684), ('regressor__regressor__max_depth', 2146), ('regressor__regressor__n_estimators', 1794), ('regressor__regressor__n_jobs', -2)])





OPTIMIZING HYPERPARAMETERS FOR REGRESSOR XGBR 	SEED: 13


Best parameters: OrderedDict([('regressor__regressor__learning_rate', 0.07480696700788292), ('regressor__regressor__max_depth', 10000), ('regressor__regressor__n_estimators', 97), ('regressor__regressor__n_jobs', -2)])





OPTIMIZING HYPERPARAMETERS FOR REGRESSOR XGBR 	SEED: 13


Best parameters: OrderedDict([('regressor__regressor__learning_rate', 0.026129145321958428), ('regressor__regressor__max_depth', 10000), ('regressor__regressor__n_estimators', 495), ('regressor__regressor__n_jobs', -2)])





OPTIMIZING HYPERPARAMETERS FOR REGRESSOR XGBR 	SEED: 13


Best parameters: OrderedDict([('regressor__regressor__learning_rate', 0.02979788300132077), ('regressor__regressor__max_depth', 10000), ('regressor__regressor__n_estimators', 514), ('regressor__regressor__n_jobs', -2)])





-------------------------------------------------- 
OPTIMIZING HYPERPARAMETERS FOR REGRESSOR XGBR 	SEED: 42


Best parameters: OrderedDict([('regressor__regressor__learning_rate', 0.024873422092706404), ('regressor__regressor__max_depth', 10000), ('regressor__regressor__n_estimators', 1021), ('regressor__regressor__n_jobs', -2)])




Best parameters: OrderedDict([('regressor__regressor__learning_rate', 0.07352481813242628), ('regressor__regressor__max_depth', 1264), ('regressor__regressor__n_estimators', 1246), ('regressor__regressor__n_jobs', -2)])




Best parameters: OrderedDict([('regressor__regressor__learning_rate', 0.002011284684512282), ('regressor__regressor__max_depth', 10), ('regressor__regressor__n_estimators', 2000), ('regressor__regressor__n_jobs', -2)])




Best parameters: OrderedDict([('regressor__regressor__learning_rate', 0.1), ('regressor__regressor__max_depth', 10), ('regressor__regressor__n_estimators', 256), ('regressor__regressor__n_jobs', -2)])




Best parameters: OrderedDict([('regressor__regressor__learning_rate', 0.025041499136197735), ('regressor__regressor__max_depth', 206), ('regressor__regressor__n_estimators', 349), ('regressor__regressor__n_jobs', -2)])





OPTIMIZING HYPERPARAMETERS FOR REGRESSOR XGBR 	SEED: 42


Best parameters: OrderedDict([('regressor__regressor__learning_rate', 0.07352481813242628), ('regressor__regressor__max_depth', 1264), ('regressor__regressor__n_estimators', 1246), ('regressor__regressor__n_jobs', -2)])





OPTIMIZING HYPERPARAMETERS FOR REGRESSOR XGBR 	SEED: 42


Best parameters: OrderedDict([('regressor__regressor__learning_rate', 0.1), ('regressor__regressor__max_depth', 10000), ('regressor__regressor__n_estimators', 50), ('regressor__regressor__n_jobs', -2)])





OPTIMIZING HYPERPARAMETERS FOR REGRESSOR XGBR 	SEED: 42


Best parameters: OrderedDict([('regressor__regressor__learning_rate', 0.1), ('regressor__regressor__max_depth', 10), ('regressor__regressor__n_estimators', 662), ('regressor__regressor__n_jobs', -2)])





OPTIMIZING HYPERPARAMETERS FOR REGRESSOR XGBR 	SEED: 42


Best parameters: OrderedDict([('regressor__regressor__learning_rate', 0.1), ('regressor__regressor__max_depth', 10), ('regressor__regressor__n_estimators', 263), ('regressor__regressor__n_jobs', -2)])





OPTIMIZING HYPERPARAMETERS FOR REGRESSOR XGBR 	SEED: 42


Best parameters: OrderedDict([('regressor__regressor__learning_rate', 0.1), ('regressor__regressor__max_depth', 10), ('regressor__regressor__n_estimators', 50), ('regressor__regressor__n_jobs', -2)])





-------------------------------------------------- 
OPTIMIZING HYPERPARAMETERS FOR REGRESSOR XGBR 	SEED: 69


Best parameters: OrderedDict([('regressor__regressor__learning_rate', 0.09939793013929618), ('regressor__regressor__max_depth', 4800), ('regressor__regressor__n_estimators', 161), ('regressor__regressor__n_jobs', -2)])




Best parameters: OrderedDict([('regressor__regressor__learning_rate', 0.0699319892773156), ('regressor__regressor__max_depth', 10), ('regressor__regressor__n_estimators', 414), ('regressor__regressor__n_jobs', -2)])




Best parameters: OrderedDict([('regressor__regressor__learning_rate', 0.06707292551801343), ('regressor__regressor__max_depth', 11), ('regressor__regressor__n_estimators', 1186), ('regressor__regressor__n_jobs', -2)])




Best parameters: OrderedDict([('regressor__regressor__learning_rate', 0.1), ('regressor__regressor__max_depth', 10000), ('regressor__regressor__n_estimators', 2000), ('regressor__regressor__n_jobs', -2)])




Best parameters: OrderedDict([('regressor__regressor__learning_rate', 0.03612624028630925), ('regressor__regressor__max_depth', 4998), ('regressor__regressor__n_estimators', 2000), ('regressor__regressor__n_jobs', -2)])





OPTIMIZING HYPERPARAMETERS FOR REGRESSOR XGBR 	SEED: 69


Best parameters: OrderedDict([('regressor__regressor__learning_rate', 0.010186026879976426), ('regressor__regressor__max_depth', 10), ('regressor__regressor__n_estimators', 2000), ('regressor__regressor__n_jobs', -2)])





OPTIMIZING HYPERPARAMETERS FOR REGRESSOR XGBR 	SEED: 69


Best parameters: OrderedDict([('regressor__regressor__learning_rate', 0.012578895199564935), ('regressor__regressor__max_depth', 10000), ('regressor__regressor__n_estimators', 662), ('regressor__regressor__n_jobs', -2)])





OPTIMIZING HYPERPARAMETERS FOR REGRESSOR XGBR 	SEED: 69


Best parameters: OrderedDict([('regressor__regressor__learning_rate', 0.0020118907595304642), ('regressor__regressor__max_depth', 10), ('regressor__regressor__n_estimators', 2000), ('regressor__regressor__n_jobs', -2)])





OPTIMIZING HYPERPARAMETERS FOR REGRESSOR XGBR 	SEED: 69


Best parameters: OrderedDict([('regressor__regressor__learning_rate', 0.09939793013929618), ('regressor__regressor__max_depth', 4800), ('regressor__regressor__n_estimators', 161), ('regressor__regressor__n_jobs', -2)])





OPTIMIZING HYPERPARAMETERS FOR REGRESSOR XGBR 	SEED: 69


Best parameters: OrderedDict([('regressor__regressor__learning_rate', 0.008614780975143708), ('regressor__regressor__max_depth', 21), ('regressor__regressor__n_estimators', 369), ('regressor__regressor__n_jobs', -2)])





-------------------------------------------------- 
OPTIMIZING HYPERPARAMETERS FOR REGRESSOR XGBR 	SEED: 420


Best parameters: OrderedDict([('regressor__regressor__learning_rate', 0.03054196994312347), ('regressor__regressor__max_depth', 10), ('regressor__regressor__n_estimators', 1002), ('regressor__regressor__n_jobs', -2)])




Best parameters: OrderedDict([('regressor__regressor__learning_rate', 0.03782706231136523), ('regressor__regressor__max_depth', 10), ('regressor__regressor__n_estimators', 464), ('regressor__regressor__n_jobs', -2)])




Best parameters: OrderedDict([('regressor__regressor__learning_rate', 0.0034201199432161073), ('regressor__regressor__max_depth', 10), ('regressor__regressor__n_estimators', 2000), ('regressor__regressor__n_jobs', -2)])




Best parameters: OrderedDict([('regressor__regressor__learning_rate', 0.06132611940420545), ('regressor__regressor__max_depth', 10), ('regressor__regressor__n_estimators', 50), ('regressor__regressor__n_jobs', -2)])




Best parameters: OrderedDict([('regressor__regressor__learning_rate', 0.05913781436124809), ('regressor__regressor__max_depth', 2125), ('regressor__regressor__n_estimators', 1123), ('regressor__regressor__n_jobs', -2)])





OPTIMIZING HYPERPARAMETERS FOR REGRESSOR XGBR 	SEED: 420


Best parameters: OrderedDict([('regressor__regressor__learning_rate', 0.1), ('regressor__regressor__max_depth', 10000), ('regressor__regressor__n_estimators', 661), ('regressor__regressor__n_jobs', -2)])





OPTIMIZING HYPERPARAMETERS FOR REGRESSOR XGBR 	SEED: 420


Best parameters: OrderedDict([('regressor__regressor__learning_rate', 0.03917953958422965), ('regressor__regressor__max_depth', 10), ('regressor__regressor__n_estimators', 511), ('regressor__regressor__n_jobs', -2)])





OPTIMIZING HYPERPARAMETERS FOR REGRESSOR XGBR 	SEED: 420


Best parameters: OrderedDict([('regressor__regressor__learning_rate', 0.06771054211682617), ('regressor__regressor__max_depth', 10), ('regressor__regressor__n_estimators', 95), ('regressor__regressor__n_jobs', -2)])





OPTIMIZING HYPERPARAMETERS FOR REGRESSOR XGBR 	SEED: 420


Best parameters: OrderedDict([('regressor__regressor__learning_rate', 0.03770052924189587), ('regressor__regressor__max_depth', 549), ('regressor__regressor__n_estimators', 220), ('regressor__regressor__n_jobs', -2)])





OPTIMIZING HYPERPARAMETERS FOR REGRESSOR XGBR 	SEED: 420


Best parameters: OrderedDict([('regressor__regressor__learning_rate', 0.015706131438404755), ('regressor__regressor__max_depth', 10000), ('regressor__regressor__n_estimators', 347), ('regressor__regressor__n_jobs', -2)])





-------------------------------------------------- 
OPTIMIZING HYPERPARAMETERS FOR REGRESSOR XGBR 	SEED: 1234567890


Best parameters: OrderedDict([('regressor__regressor__learning_rate', 0.09921391606221214), ('regressor__regressor__max_depth', 4225), ('regressor__regressor__n_estimators', 1167), ('regressor__regressor__n_jobs', -2)])




Best parameters: OrderedDict([('regressor__regressor__learning_rate', 0.1), ('regressor__regressor__max_depth', 3110), ('regressor__regressor__n_estimators', 251), ('regressor__regressor__n_jobs', -2)])




Best parameters: OrderedDict([('regressor__regressor__learning_rate', 0.0639509302735806), ('regressor__regressor__max_depth', 9122), ('regressor__regressor__n_estimators', 377), ('regressor__regressor__n_jobs', -2)])




Best parameters: OrderedDict([('regressor__regressor__learning_rate', 0.0026477748279889147), ('regressor__regressor__max_depth', 10000), ('regressor__regressor__n_estimators', 1456), ('regressor__regressor__n_jobs', -2)])




Best parameters: OrderedDict([('regressor__regressor__learning_rate', 0.059998600312545676), ('regressor__regressor__max_depth', 10000), ('regressor__regressor__n_estimators', 709), ('regressor__regressor__n_jobs', -2)])





OPTIMIZING HYPERPARAMETERS FOR REGRESSOR XGBR 	SEED: 1234567890


Best parameters: OrderedDict([('regressor__regressor__learning_rate', 0.02558158596437079), ('regressor__regressor__max_depth', 10), ('regressor__regressor__n_estimators', 284), ('regressor__regressor__n_jobs', -2)])





OPTIMIZING HYPERPARAMETERS FOR REGRESSOR XGBR 	SEED: 1234567890


Best parameters: OrderedDict([('regressor__regressor__learning_rate', 0.03130016558681144), ('regressor__regressor__max_depth', 10000), ('regressor__regressor__n_estimators', 2000), ('regressor__regressor__n_jobs', -2)])





OPTIMIZING HYPERPARAMETERS FOR REGRESSOR XGBR 	SEED: 1234567890


Best parameters: OrderedDict([('regressor__regressor__learning_rate', 0.1), ('regressor__regressor__max_depth', 10000), ('regressor__regressor__n_estimators', 2000), ('regressor__regressor__n_jobs', -2)])





OPTIMIZING HYPERPARAMETERS FOR REGRESSOR XGBR 	SEED: 1234567890


Best parameters: OrderedDict([('regressor__regressor__learning_rate', 0.06868270589362512), ('regressor__regressor__max_depth', 10000), ('regressor__regressor__n_estimators', 424), ('regressor__regressor__n_jobs', -2)])





OPTIMIZING HYPERPARAMETERS FOR REGRESSOR XGBR 	SEED: 1234567890


Best parameters: OrderedDict([('regressor__regressor__learning_rate', 0.014044590250285796), ('regressor__regressor__max_depth', 16), ('regressor__regressor__n_estimators', 849), ('regressor__regressor__n_jobs', -2)])





-------------------------------------------------- 
OPTIMIZING HYPERPARAMETERS FOR REGRESSOR XGBR 	SEED: 473129


Best parameters: OrderedDict([('regressor__regressor__learning_rate', 0.014156805908127516), ('regressor__regressor__max_depth', 10000), ('regressor__regressor__n_estimators', 947), ('regressor__regressor__n_jobs', -2)])




Best parameters: OrderedDict([('regressor__regressor__learning_rate', 0.010486166933097644), ('regressor__regressor__max_depth', 10000), ('regressor__regressor__n_estimators', 633), ('regressor__regressor__n_jobs', -2)])




Best parameters: OrderedDict([('regressor__regressor__learning_rate', 0.06831555241278306), ('regressor__regressor__max_depth', 10), ('regressor__regressor__n_estimators', 1268), ('regressor__regressor__n_jobs', -2)])




Best parameters: OrderedDict([('regressor__regressor__learning_rate', 0.07094317898834489), ('regressor__regressor__max_depth', 10000), ('regressor__regressor__n_estimators', 2000), ('regressor__regressor__n_jobs', -2)])




Best parameters: OrderedDict([('regressor__regressor__learning_rate', 0.049637203293815574), ('regressor__regressor__max_depth', 7706), ('regressor__regressor__n_estimators', 632), ('regressor__regressor__n_jobs', -2)])





OPTIMIZING HYPERPARAMETERS FOR REGRESSOR XGBR 	SEED: 473129


Best parameters: OrderedDict([('regressor__regressor__learning_rate', 0.018596608299181056), ('regressor__regressor__max_depth', 15), ('regressor__regressor__n_estimators', 179), ('regressor__regressor__n_jobs', -2)])





OPTIMIZING HYPERPARAMETERS FOR REGRESSOR XGBR 	SEED: 473129


Best parameters: OrderedDict([('regressor__regressor__learning_rate', 0.06799551398100889), ('regressor__regressor__max_depth', 10000), ('regressor__regressor__n_estimators', 2000), ('regressor__regressor__n_jobs', -2)])





OPTIMIZING HYPERPARAMETERS FOR REGRESSOR XGBR 	SEED: 473129


Best parameters: OrderedDict([('regressor__regressor__learning_rate', 0.0045590396002638985), ('regressor__regressor__max_depth', 10), ('regressor__regressor__n_estimators', 639), ('regressor__regressor__n_jobs', -2)])





OPTIMIZING HYPERPARAMETERS FOR REGRESSOR XGBR 	SEED: 473129


Best parameters: OrderedDict([('regressor__regressor__learning_rate', 0.025110050741759458), ('regressor__regressor__max_depth', 19), ('regressor__regressor__n_estimators', 849), ('regressor__regressor__n_jobs', -2)])





OPTIMIZING HYPERPARAMETERS FOR REGRESSOR XGBR 	SEED: 473129


Best parameters: OrderedDict([('regressor__regressor__learning_rate', 0.06829616699094147), ('regressor__regressor__max_depth', 10), ('regressor__regressor__n_estimators', 74), ('regressor__regressor__n_jobs', -2)])


Filename: (Mordred-Xn-Mw-PDI-concentration-temperature-polymer dP-polymer dD-polymer dH-solvent dP-solvent dD-solvent dH)_XGBR_Standard
Done Saving scores!

------------------------------------------------------------
Sender: LSF System <lsfadmin@c010n01>
Subject: Job 210150: <XGBR_log Rg (nm)_Mordred_Trimer_KM4 polymer_solvent HSP cluster_20250417> in cluster <Hazel> Done

Job <XGBR_log Rg (nm)_Mordred_Trimer_KM4 polymer_solvent HSP cluster_20250417> was submitted from host <c010n01> by user <sdehgha2> in cluster <Hazel> at Thu Apr 17 18:40:27 2025
Job was executed on host(s) <6*c010n01>, in queue <single_chassis>, as user <sdehgha2> in cluster <Hazel> at Fri Apr 18 03:03:31 2025
</home/sdehgha2> was used as the home directory.
</share/ddomlab/sdehgha2/working-space/main/P1_pls-dataset/pls-dataset-space/PLS-Dataset/code_/training/hpc_submit_training_Rh> was used as the working directory.
Started at Fri Apr 18 03:03:31 2025
Terminated at Sat Apr 19 02:06:20 2025
Results reported at Sat Apr 19 02:06:20 2025

Your job looked like:

------------------------------------------------------------
# LSBATCH: User input



#BSUB -n 6
#BSUB -W 72:05
#BSUB -R span[hosts=1]
#BSUB -R "rusage[mem=16GB]"
#BSUB -J "XGBR_log Rg (nm)_Mordred_Trimer_KM4 polymer_solvent HSP cluster_20250417"  
#BSUB -o "/share/ddomlab/sdehgha2/working-space/main/P1_pls-dataset/pls-dataset-space/PLS-Dataset/results/hpc_20250417/XGBR_log Rg (nm)_Mordred_Trimer_KM4 polymer_solvent HSP cluster_20250417.out"
#BSUB -e "/share/ddomlab/sdehgha2/working-space/main/P1_pls-dataset/pls-dataset-space/PLS-Dataset/results/hpc_20250417/XGBR_log Rg (nm)_Mordred_Trimer_KM4 polymer_solvent HSP cluster_20250417.err"

source ~/.bashrc
conda activate /usr/local/usrapps/ddomlab/sdehgha2/pls-dataset-env
python ../make_ood_prediction.py --target_features "log Rg (nm)"                                   --representation "Mordred"                                   --regressor_type "XGBR"                                   --oligomer_representation "Trimer"                                   --numerical_feats 'Xn' 'Mw (g/mol)' 'PDI' 'Concentration (mg/ml)' 'Temperature SANS/SLS/DLS/SEC (K)' "polymer dP" "polymer dD" "polymer dH" 'solvent dP' 'solvent dD' 'solvent dH'                                   --clustering_method "KM4 polymer_solvent HSP cluster" 



------------------------------------------------------------

Successfully completed.

Resource usage summary:

    CPU time :                                   350848.00 sec.
    Max Memory :                                 7 GB
    Average Memory :                             6.66 GB
    Total Requested Memory :                     16.00 GB
    Delta Memory :                               9.00 GB
    Max Swap :                                   -
    Max Processes :                              38
    Max Threads :                                41
    Run time :                                   82996 sec.
    Turnaround time :                            113153 sec.

The output (if any) is above this job summary.



PS:

Read file </share/ddomlab/sdehgha2/working-space/main/P1_pls-dataset/pls-dataset-space/PLS-Dataset/results/hpc_20250417/XGBR_log Rg (nm)_Mordred_Trimer_KM4 polymer_solvent HSP cluster_20250417.err> for stderr output of this job.

