
------------------------------------------------------------
Sender: LSF System <lsfadmin@c200n12>
Subject: Job 206526: <XGBR_log Rg (nm)_ECFP_Trimer_KM4 Mordred_Polysize cluster_20250417> in cluster <Hazel> Exited

Job <XGBR_log Rg (nm)_ECFP_Trimer_KM4 Mordred_Polysize cluster_20250417> was submitted from host <c202n11> by user <sdehgha2> in cluster <Hazel> at Thu Apr 17 17:18:18 2025
Job was executed on host(s) <4*c200n12>, in queue <single_chassis>, as user <sdehgha2> in cluster <Hazel> at Thu Apr 17 17:19:22 2025
</home/sdehgha2> was used as the home directory.
</share/ddomlab/sdehgha2/working-space/main/P1_pls-dataset/pls-dataset-space/PLS-Dataset/code_/training/hpc_submit_training_Rh> was used as the working directory.
Started at Thu Apr 17 17:19:22 2025
Terminated at Thu Apr 17 17:19:36 2025
Results reported at Thu Apr 17 17:19:36 2025

Your job looked like:

------------------------------------------------------------
# LSBATCH: User input



#BSUB -n 4
#BSUB -W 5:05
#BSUB -R span[hosts=1]
#BSUB -R "rusage[mem=16GB]"
#BSUB -J "XGBR_log Rg (nm)_ECFP_Trimer_KM4 Mordred_Polysize cluster_20250417"  
#BSUB -o "/share/ddomlab/sdehgha2/working-space/main/P1_pls-dataset/pls-dataset-space/PLS-Dataset/results/hpc_20250417/XGBR_log Rg (nm)_ECFP_Trimer_3_count_KM4 Mordred_Polysize cluster_20250417.out"
#BSUB -e "/share/ddomlab/sdehgha2/working-space/main/P1_pls-dataset/pls-dataset-space/PLS-Dataset/results/hpc_20250417/XGBR_log Rg (nm)_ECFP_Trimer_3_count_KM4 Mordred_Polysize cluster_20250417.err"

source ~/.bashrc
conda activate /usr/local/usrapps/ddomlab/sdehgha2/pls-dataset-env
python ../make_ood_learning_curve.py --target_features "log Rg (nm)"                                       --representation "ECFP"                                       --regressor_type "XGBR"                                       --radius "3"                                       --vector "count"                                       --oligomer_representation "Trimer"                                       --numerical_feats 'Xn' 'Mw (g/mol)' 'PDI' 'Concentration (mg/ml)' 'Temperature SANS/SLS/DLS/SEC (K)' "polymer dP" "polymer dD" "polymer dH" 'solvent dP' 'solvent dD' 'solvent dH'                                       --clustering_method "KM4 Mordred_Polysize cluster" 



------------------------------------------------------------

TERM_OWNER: job killed by owner.
Exited with exit code 130.

Resource usage summary:

    CPU time :                                   1.21 sec.
    Max Memory :                                 -
    Average Memory :                             -
    Total Requested Memory :                     16.00 GB
    Delta Memory :                               -
    Max Swap :                                   -
    Max Processes :                              5
    Max Threads :                                6
    Run time :                                   14 sec.
    Turnaround time :                            78 sec.

The output (if any) is above this job summary.



PS:

Read file </share/ddomlab/sdehgha2/working-space/main/P1_pls-dataset/pls-dataset-space/PLS-Dataset/results/hpc_20250417/XGBR_log Rg (nm)_ECFP_Trimer_3_count_KM4 Mordred_Polysize cluster_20250417.err> for stderr output of this job.

Filename: (ECFP3.count.512-Xn-Mw-PDI-concentration-temperature-polymer dP-polymer dD-polymer dH-solvent dP-solvent dD-solvent dH)_XGBR_hypOFF_Standard_lc
Done Saving scores!

------------------------------------------------------------
Sender: LSF System <lsfadmin@c202n06>
Subject: Job 206743: <XGBR_log Rg (nm)_ECFP_Trimer_KM4 Mordred_Polysize cluster_20250417> in cluster <Hazel> Done

Job <XGBR_log Rg (nm)_ECFP_Trimer_KM4 Mordred_Polysize cluster_20250417> was submitted from host <c202n06> by user <sdehgha2> in cluster <Hazel> at Thu Apr 17 17:23:37 2025
Job was executed on host(s) <4*c202n06>, in queue <single_chassis>, as user <sdehgha2> in cluster <Hazel> at Thu Apr 17 17:24:37 2025
</home/sdehgha2> was used as the home directory.
</share/ddomlab/sdehgha2/working-space/main/P1_pls-dataset/pls-dataset-space/PLS-Dataset/code_/training/hpc_submit_training_Rh> was used as the working directory.
Started at Thu Apr 17 17:24:37 2025
Terminated at Thu Apr 17 17:28:44 2025
Results reported at Thu Apr 17 17:28:44 2025

Your job looked like:

------------------------------------------------------------
# LSBATCH: User input



#BSUB -n 4
#BSUB -W 5:05
#BSUB -R span[hosts=1]
#BSUB -R "rusage[mem=16GB]"
#BSUB -J "XGBR_log Rg (nm)_ECFP_Trimer_KM4 Mordred_Polysize cluster_20250417"  
#BSUB -o "/share/ddomlab/sdehgha2/working-space/main/P1_pls-dataset/pls-dataset-space/PLS-Dataset/results/hpc_20250417/XGBR_log Rg (nm)_ECFP_Trimer_3_count_KM4 Mordred_Polysize cluster_20250417.out"
#BSUB -e "/share/ddomlab/sdehgha2/working-space/main/P1_pls-dataset/pls-dataset-space/PLS-Dataset/results/hpc_20250417/XGBR_log Rg (nm)_ECFP_Trimer_3_count_KM4 Mordred_Polysize cluster_20250417.err"

source ~/.bashrc
conda activate /usr/local/usrapps/ddomlab/sdehgha2/pls-dataset-env
python ../make_ood_learning_curve.py --target_features "log Rg (nm)"                                       --representation "ECFP"                                       --regressor_type "XGBR"                                       --radius "3"                                       --vector "count"                                       --oligomer_representation "Trimer"                                       --numerical_feats 'Xn' 'Mw (g/mol)' 'PDI' 'Concentration (mg/ml)' 'Temperature SANS/SLS/DLS/SEC (K)' "polymer dP" "polymer dD" "polymer dH" 'solvent dP' 'solvent dD' 'solvent dH'                                       --clustering_method "KM4 Mordred_Polysize cluster" 



------------------------------------------------------------

Successfully completed.

Resource usage summary:

    CPU time :                                   88.21 sec.
    Max Memory :                                 -
    Average Memory :                             -
    Total Requested Memory :                     16.00 GB
    Delta Memory :                               -
    Max Swap :                                   -
    Max Processes :                              5
    Max Threads :                                6
    Run time :                                   270 sec.
    Turnaround time :                            307 sec.

The output (if any) is above this job summary.



PS:

Read file </share/ddomlab/sdehgha2/working-space/main/P1_pls-dataset/pls-dataset-space/PLS-Dataset/results/hpc_20250417/XGBR_log Rg (nm)_ECFP_Trimer_3_count_KM4 Mordred_Polysize cluster_20250417.err> for stderr output of this job.


------------------------------------------------------------
Sender: LSF System <lsfadmin@c200n04>
Subject: Job 208356: <XGBR_log Rg (nm)_ECFP_Trimer_KM4 Mordred_Polysize cluster_20250417> in cluster <Hazel> Exited

Job <XGBR_log Rg (nm)_ECFP_Trimer_KM4 Mordred_Polysize cluster_20250417> was submitted from host <c200n06> by user <sdehgha2> in cluster <Hazel> at Thu Apr 17 17:51:48 2025
Job was executed on host(s) <4*c200n04>, in queue <single_chassis>, as user <sdehgha2> in cluster <Hazel> at Thu Apr 17 17:52:48 2025
</home/sdehgha2> was used as the home directory.
</share/ddomlab/sdehgha2/working-space/main/P1_pls-dataset/pls-dataset-space/PLS-Dataset/code_/training/hpc_submit_training_Rh> was used as the working directory.
Started at Thu Apr 17 17:52:48 2025
Terminated at Thu Apr 17 17:53:15 2025
Results reported at Thu Apr 17 17:53:15 2025

Your job looked like:

------------------------------------------------------------
# LSBATCH: User input



#BSUB -n 4
#BSUB -W 5:05
#BSUB -R span[hosts=1]
#BSUB -R "rusage[mem=16GB]"
#BSUB -J "XGBR_log Rg (nm)_ECFP_Trimer_KM4 Mordred_Polysize cluster_20250417"  
#BSUB -o "/share/ddomlab/sdehgha2/working-space/main/P1_pls-dataset/pls-dataset-space/PLS-Dataset/results/hpc_20250417/XGBR_log Rg (nm)_ECFP_Trimer_3_count_KM4 Mordred_Polysize cluster_20250417.out"
#BSUB -e "/share/ddomlab/sdehgha2/working-space/main/P1_pls-dataset/pls-dataset-space/PLS-Dataset/results/hpc_20250417/XGBR_log Rg (nm)_ECFP_Trimer_3_count_KM4 Mordred_Polysize cluster_20250417.err"

source ~/.bashrc
conda activate /usr/local/usrapps/ddomlab/sdehgha2/pls-dataset-env
python ../make_ood_learning_curve.py --target_features "log Rg (nm)"                                       --representation "ECFP"                                       --regressor_type "XGBR"                                       --radius "3"                                       --vector "count"                                       --oligomer_representation "Trimer"                                       --numerical_feats 'Xn' 'Mw (g/mol)' 'PDI' 'Concentration (mg/ml)' 'Temperature SANS/SLS/DLS/SEC (K)' "polymer dP" "polymer dD" "polymer dH" 'solvent dP' 'solvent dD' 'solvent dH'                                       --clustering_method "KM4 Mordred_Polysize cluster" 



------------------------------------------------------------

TERM_OWNER: job killed by owner.
Exited with exit code 130.

Resource usage summary:

    CPU time :                                   2.27 sec.
    Max Memory :                                 -
    Average Memory :                             -
    Total Requested Memory :                     16.00 GB
    Delta Memory :                               -
    Max Swap :                                   -
    Max Processes :                              5
    Max Threads :                                6
    Run time :                                   33 sec.
    Turnaround time :                            87 sec.

The output (if any) is above this job summary.



PS:

Read file </share/ddomlab/sdehgha2/working-space/main/P1_pls-dataset/pls-dataset-space/PLS-Dataset/results/hpc_20250417/XGBR_log Rg (nm)_ECFP_Trimer_3_count_KM4 Mordred_Polysize cluster_20250417.err> for stderr output of this job.

Filename: (ECFP3.count.512-Xn-Mw-PDI-concentration-temperature-polymer dP-polymer dD-polymer dH-solvent dP-solvent dD-solvent dH)_XGBR_hypOFF_Standard_lc
Done Saving scores!

------------------------------------------------------------
Sender: LSF System <lsfadmin@c023n02>
Subject: Job 209816: <XGBR_log Rg (nm)_ECFP_Trimer_KM4 Mordred_Polysize cluster_20250417> in cluster <Hazel> Done

Job <XGBR_log Rg (nm)_ECFP_Trimer_KM4 Mordred_Polysize cluster_20250417> was submitted from host <c207n12> by user <sdehgha2> in cluster <Hazel> at Thu Apr 17 18:26:24 2025
Job was executed on host(s) <4*c023n02>, in queue <single_chassis>, as user <sdehgha2> in cluster <Hazel> at Thu Apr 17 18:30:01 2025
</home/sdehgha2> was used as the home directory.
</share/ddomlab/sdehgha2/working-space/main/P1_pls-dataset/pls-dataset-space/PLS-Dataset/code_/training/hpc_submit_training_Rh> was used as the working directory.
Started at Thu Apr 17 18:30:01 2025
Terminated at Thu Apr 17 18:39:36 2025
Results reported at Thu Apr 17 18:39:36 2025

Your job looked like:

------------------------------------------------------------
# LSBATCH: User input



#BSUB -n 4
#BSUB -W 5:05
#BSUB -R span[hosts=1]
#BSUB -R "rusage[mem=16GB]"
#BSUB -J "XGBR_log Rg (nm)_ECFP_Trimer_KM4 Mordred_Polysize cluster_20250417"  
#BSUB -o "/share/ddomlab/sdehgha2/working-space/main/P1_pls-dataset/pls-dataset-space/PLS-Dataset/results/hpc_20250417/XGBR_log Rg (nm)_ECFP_Trimer_3_count_KM4 Mordred_Polysize cluster_20250417.out"
#BSUB -e "/share/ddomlab/sdehgha2/working-space/main/P1_pls-dataset/pls-dataset-space/PLS-Dataset/results/hpc_20250417/XGBR_log Rg (nm)_ECFP_Trimer_3_count_KM4 Mordred_Polysize cluster_20250417.err"

source ~/.bashrc
conda activate /usr/local/usrapps/ddomlab/sdehgha2/pls-dataset-env
python ../make_ood_learning_curve.py --target_features "log Rg (nm)"                                       --representation "ECFP"                                       --regressor_type "XGBR"                                       --radius "3"                                       --vector "count"                                       --oligomer_representation "Trimer"                                       --numerical_feats 'Xn' 'Mw (g/mol)' 'PDI' 'Concentration (mg/ml)' 'Temperature SANS/SLS/DLS/SEC (K)' "polymer dP" "polymer dD" "polymer dH" 'solvent dP' 'solvent dD' 'solvent dH'                                       --clustering_method "KM4 Mordred_Polysize cluster" 



------------------------------------------------------------

Successfully completed.

Resource usage summary:

    CPU time :                                   564.02 sec.
    Max Memory :                                 -
    Average Memory :                             -
    Total Requested Memory :                     16.00 GB
    Delta Memory :                               -
    Max Swap :                                   -
    Max Processes :                              5
    Max Threads :                                6
    Run time :                                   578 sec.
    Turnaround time :                            792 sec.

The output (if any) is above this job summary.



PS:

Read file </share/ddomlab/sdehgha2/working-space/main/P1_pls-dataset/pls-dataset-space/PLS-Dataset/results/hpc_20250417/XGBR_log Rg (nm)_ECFP_Trimer_3_count_KM4 Mordred_Polysize cluster_20250417.err> for stderr output of this job.

