
------------------------------------------------------------
Sender: LSF System <lsfadmin@c203n01>
Subject: Job 206525: <XGBR_log Rg (nm)_ECFP_Trimer_KM4 polymer_solvent HSP cluster_20250417> in cluster <Hazel> Exited

Job <XGBR_log Rg (nm)_ECFP_Trimer_KM4 polymer_solvent HSP cluster_20250417> was submitted from host <c202n11> by user <sdehgha2> in cluster <Hazel> at Thu Apr 17 17:18:18 2025
Job was executed on host(s) <4*c203n01>, in queue <single_chassis>, as user <sdehgha2> in cluster <Hazel> at Thu Apr 17 17:19:18 2025
</home/sdehgha2> was used as the home directory.
</share/ddomlab/sdehgha2/working-space/main/P1_pls-dataset/pls-dataset-space/PLS-Dataset/code_/training/hpc_submit_training_Rh> was used as the working directory.
Started at Thu Apr 17 17:19:18 2025
Terminated at Thu Apr 17 17:19:37 2025
Results reported at Thu Apr 17 17:19:37 2025

Your job looked like:

------------------------------------------------------------
# LSBATCH: User input



#BSUB -n 4
#BSUB -W 5:05
#BSUB -R span[hosts=1]
#BSUB -R "rusage[mem=16GB]"
#BSUB -J "XGBR_log Rg (nm)_ECFP_Trimer_KM4 polymer_solvent HSP cluster_20250417"  
#BSUB -o "/share/ddomlab/sdehgha2/working-space/main/P1_pls-dataset/pls-dataset-space/PLS-Dataset/results/hpc_20250417/XGBR_log Rg (nm)_ECFP_Trimer_3_count_KM4 polymer_solvent HSP cluster_20250417.out"
#BSUB -e "/share/ddomlab/sdehgha2/working-space/main/P1_pls-dataset/pls-dataset-space/PLS-Dataset/results/hpc_20250417/XGBR_log Rg (nm)_ECFP_Trimer_3_count_KM4 polymer_solvent HSP cluster_20250417.err"

source ~/.bashrc
conda activate /usr/local/usrapps/ddomlab/sdehgha2/pls-dataset-env
python ../make_ood_learning_curve.py --target_features "log Rg (nm)"                                       --representation "ECFP"                                       --regressor_type "XGBR"                                       --radius "3"                                       --vector "count"                                       --oligomer_representation "Trimer"                                       --numerical_feats 'Xn' 'Mw (g/mol)' 'PDI' 'Concentration (mg/ml)' 'Temperature SANS/SLS/DLS/SEC (K)' "polymer dP" "polymer dD" "polymer dH" 'solvent dP' 'solvent dD' 'solvent dH'                                       --clustering_method "KM4 polymer_solvent HSP cluster" 



------------------------------------------------------------

TERM_OWNER: job killed by owner.
Exited with exit code 130.

Resource usage summary:

    CPU time :                                   1.68 sec.
    Max Memory :                                 -
    Average Memory :                             -
    Total Requested Memory :                     16.00 GB
    Delta Memory :                               -
    Max Swap :                                   -
    Max Processes :                              5
    Max Threads :                                6
    Run time :                                   45 sec.
    Turnaround time :                            79 sec.

The output (if any) is above this job summary.



PS:

Read file </share/ddomlab/sdehgha2/working-space/main/P1_pls-dataset/pls-dataset-space/PLS-Dataset/results/hpc_20250417/XGBR_log Rg (nm)_ECFP_Trimer_3_count_KM4 polymer_solvent HSP cluster_20250417.err> for stderr output of this job.

Filename: (ECFP3.count.512-Xn-Mw-PDI-concentration-temperature-polymer dP-polymer dD-polymer dH-solvent dP-solvent dD-solvent dH)_XGBR_hypOFF_Standard_lc
Done Saving scores!

------------------------------------------------------------
Sender: LSF System <lsfadmin@c202n11>
Subject: Job 206742: <XGBR_log Rg (nm)_ECFP_Trimer_KM4 polymer_solvent HSP cluster_20250417> in cluster <Hazel> Done

Job <XGBR_log Rg (nm)_ECFP_Trimer_KM4 polymer_solvent HSP cluster_20250417> was submitted from host <c202n06> by user <sdehgha2> in cluster <Hazel> at Thu Apr 17 17:23:37 2025
Job was executed on host(s) <4*c202n11>, in queue <single_chassis>, as user <sdehgha2> in cluster <Hazel> at Thu Apr 17 17:24:26 2025
</home/sdehgha2> was used as the home directory.
</share/ddomlab/sdehgha2/working-space/main/P1_pls-dataset/pls-dataset-space/PLS-Dataset/code_/training/hpc_submit_training_Rh> was used as the working directory.
Started at Thu Apr 17 17:24:26 2025
Terminated at Thu Apr 17 17:29:02 2025
Results reported at Thu Apr 17 17:29:02 2025

Your job looked like:

------------------------------------------------------------
# LSBATCH: User input



#BSUB -n 4
#BSUB -W 5:05
#BSUB -R span[hosts=1]
#BSUB -R "rusage[mem=16GB]"
#BSUB -J "XGBR_log Rg (nm)_ECFP_Trimer_KM4 polymer_solvent HSP cluster_20250417"  
#BSUB -o "/share/ddomlab/sdehgha2/working-space/main/P1_pls-dataset/pls-dataset-space/PLS-Dataset/results/hpc_20250417/XGBR_log Rg (nm)_ECFP_Trimer_3_count_KM4 polymer_solvent HSP cluster_20250417.out"
#BSUB -e "/share/ddomlab/sdehgha2/working-space/main/P1_pls-dataset/pls-dataset-space/PLS-Dataset/results/hpc_20250417/XGBR_log Rg (nm)_ECFP_Trimer_3_count_KM4 polymer_solvent HSP cluster_20250417.err"

source ~/.bashrc
conda activate /usr/local/usrapps/ddomlab/sdehgha2/pls-dataset-env
python ../make_ood_learning_curve.py --target_features "log Rg (nm)"                                       --representation "ECFP"                                       --regressor_type "XGBR"                                       --radius "3"                                       --vector "count"                                       --oligomer_representation "Trimer"                                       --numerical_feats 'Xn' 'Mw (g/mol)' 'PDI' 'Concentration (mg/ml)' 'Temperature SANS/SLS/DLS/SEC (K)' "polymer dP" "polymer dD" "polymer dH" 'solvent dP' 'solvent dD' 'solvent dH'                                       --clustering_method "KM4 polymer_solvent HSP cluster" 



------------------------------------------------------------

Successfully completed.

Resource usage summary:

    CPU time :                                   90.27 sec.
    Max Memory :                                 -
    Average Memory :                             -
    Total Requested Memory :                     16.00 GB
    Delta Memory :                               -
    Max Swap :                                   -
    Max Processes :                              5
    Max Threads :                                6
    Run time :                                   278 sec.
    Turnaround time :                            325 sec.

The output (if any) is above this job summary.



PS:

Read file </share/ddomlab/sdehgha2/working-space/main/P1_pls-dataset/pls-dataset-space/PLS-Dataset/results/hpc_20250417/XGBR_log Rg (nm)_ECFP_Trimer_3_count_KM4 polymer_solvent HSP cluster_20250417.err> for stderr output of this job.


------------------------------------------------------------
Sender: LSF System <lsfadmin@c200n13>
Subject: Job 208355: <XGBR_log Rg (nm)_ECFP_Trimer_KM4 polymer_solvent HSP cluster_20250417> in cluster <Hazel> Exited

Job <XGBR_log Rg (nm)_ECFP_Trimer_KM4 polymer_solvent HSP cluster_20250417> was submitted from host <c200n06> by user <sdehgha2> in cluster <Hazel> at Thu Apr 17 17:51:47 2025
Job was executed on host(s) <4*c200n13>, in queue <single_chassis>, as user <sdehgha2> in cluster <Hazel> at Thu Apr 17 17:52:48 2025
</home/sdehgha2> was used as the home directory.
</share/ddomlab/sdehgha2/working-space/main/P1_pls-dataset/pls-dataset-space/PLS-Dataset/code_/training/hpc_submit_training_Rh> was used as the working directory.
Started at Thu Apr 17 17:52:48 2025
Terminated at Thu Apr 17 17:53:16 2025
Results reported at Thu Apr 17 17:53:16 2025

Your job looked like:

------------------------------------------------------------
# LSBATCH: User input



#BSUB -n 4
#BSUB -W 5:05
#BSUB -R span[hosts=1]
#BSUB -R "rusage[mem=16GB]"
#BSUB -J "XGBR_log Rg (nm)_ECFP_Trimer_KM4 polymer_solvent HSP cluster_20250417"  
#BSUB -o "/share/ddomlab/sdehgha2/working-space/main/P1_pls-dataset/pls-dataset-space/PLS-Dataset/results/hpc_20250417/XGBR_log Rg (nm)_ECFP_Trimer_3_count_KM4 polymer_solvent HSP cluster_20250417.out"
#BSUB -e "/share/ddomlab/sdehgha2/working-space/main/P1_pls-dataset/pls-dataset-space/PLS-Dataset/results/hpc_20250417/XGBR_log Rg (nm)_ECFP_Trimer_3_count_KM4 polymer_solvent HSP cluster_20250417.err"

source ~/.bashrc
conda activate /usr/local/usrapps/ddomlab/sdehgha2/pls-dataset-env
python ../make_ood_learning_curve.py --target_features "log Rg (nm)"                                       --representation "ECFP"                                       --regressor_type "XGBR"                                       --radius "3"                                       --vector "count"                                       --oligomer_representation "Trimer"                                       --numerical_feats 'Xn' 'Mw (g/mol)' 'PDI' 'Concentration (mg/ml)' 'Temperature SANS/SLS/DLS/SEC (K)' "polymer dP" "polymer dD" "polymer dH" 'solvent dP' 'solvent dD' 'solvent dH'                                       --clustering_method "KM4 polymer_solvent HSP cluster" 



------------------------------------------------------------

TERM_OWNER: job killed by owner.
Exited with exit code 130.

Resource usage summary:

    CPU time :                                   2.70 sec.
    Max Memory :                                 -
    Average Memory :                             -
    Total Requested Memory :                     16.00 GB
    Delta Memory :                               -
    Max Swap :                                   -
    Max Processes :                              5
    Max Threads :                                6
    Run time :                                   32 sec.
    Turnaround time :                            89 sec.

The output (if any) is above this job summary.



PS:

Read file </share/ddomlab/sdehgha2/working-space/main/P1_pls-dataset/pls-dataset-space/PLS-Dataset/results/hpc_20250417/XGBR_log Rg (nm)_ECFP_Trimer_3_count_KM4 polymer_solvent HSP cluster_20250417.err> for stderr output of this job.

Filename: (ECFP3.count.512-Xn-Mw-PDI-concentration-temperature-polymer dP-polymer dD-polymer dH-solvent dP-solvent dD-solvent dH)_XGBR_hypOFF_Standard_lc
Done Saving scores!

------------------------------------------------------------
Sender: LSF System <lsfadmin@c207n10>
Subject: Job 209815: <XGBR_log Rg (nm)_ECFP_Trimer_KM4 polymer_solvent HSP cluster_20250417> in cluster <Hazel> Done

Job <XGBR_log Rg (nm)_ECFP_Trimer_KM4 polymer_solvent HSP cluster_20250417> was submitted from host <c207n12> by user <sdehgha2> in cluster <Hazel> at Thu Apr 17 18:26:24 2025
Job was executed on host(s) <4*c207n10>, in queue <single_chassis>, as user <sdehgha2> in cluster <Hazel> at Thu Apr 17 18:29:37 2025
</home/sdehgha2> was used as the home directory.
</share/ddomlab/sdehgha2/working-space/main/P1_pls-dataset/pls-dataset-space/PLS-Dataset/code_/training/hpc_submit_training_Rh> was used as the working directory.
Started at Thu Apr 17 18:29:37 2025
Terminated at Thu Apr 17 18:41:53 2025
Results reported at Thu Apr 17 18:41:53 2025

Your job looked like:

------------------------------------------------------------
# LSBATCH: User input



#BSUB -n 4
#BSUB -W 5:05
#BSUB -R span[hosts=1]
#BSUB -R "rusage[mem=16GB]"
#BSUB -J "XGBR_log Rg (nm)_ECFP_Trimer_KM4 polymer_solvent HSP cluster_20250417"  
#BSUB -o "/share/ddomlab/sdehgha2/working-space/main/P1_pls-dataset/pls-dataset-space/PLS-Dataset/results/hpc_20250417/XGBR_log Rg (nm)_ECFP_Trimer_3_count_KM4 polymer_solvent HSP cluster_20250417.out"
#BSUB -e "/share/ddomlab/sdehgha2/working-space/main/P1_pls-dataset/pls-dataset-space/PLS-Dataset/results/hpc_20250417/XGBR_log Rg (nm)_ECFP_Trimer_3_count_KM4 polymer_solvent HSP cluster_20250417.err"

source ~/.bashrc
conda activate /usr/local/usrapps/ddomlab/sdehgha2/pls-dataset-env
python ../make_ood_learning_curve.py --target_features "log Rg (nm)"                                       --representation "ECFP"                                       --regressor_type "XGBR"                                       --radius "3"                                       --vector "count"                                       --oligomer_representation "Trimer"                                       --numerical_feats 'Xn' 'Mw (g/mol)' 'PDI' 'Concentration (mg/ml)' 'Temperature SANS/SLS/DLS/SEC (K)' "polymer dP" "polymer dD" "polymer dH" 'solvent dP' 'solvent dD' 'solvent dH'                                       --clustering_method "KM4 polymer_solvent HSP cluster" 



------------------------------------------------------------

Successfully completed.

Resource usage summary:

    CPU time :                                   719.16 sec.
    Max Memory :                                 -
    Average Memory :                             -
    Total Requested Memory :                     16.00 GB
    Delta Memory :                               -
    Max Swap :                                   -
    Max Processes :                              4
    Max Threads :                                5
    Run time :                                   737 sec.
    Turnaround time :                            929 sec.

The output (if any) is above this job summary.



PS:

Read file </share/ddomlab/sdehgha2/working-space/main/P1_pls-dataset/pls-dataset-space/PLS-Dataset/results/hpc_20250417/XGBR_log Rg (nm)_ECFP_Trimer_3_count_KM4 polymer_solvent HSP cluster_20250417.err> for stderr output of this job.

