
------------------------------------------------------------
Sender: LSF System <lsfadmin@c200n13>
Subject: Job 206522: <XGBR_log Rg (nm)_ECFP_Trimer_substructure cluster_20250417> in cluster <Hazel> Exited

Job <XGBR_log Rg (nm)_ECFP_Trimer_substructure cluster_20250417> was submitted from host <c202n11> by user <sdehgha2> in cluster <Hazel> at Thu Apr 17 17:18:18 2025
Job was executed on host(s) <4*c200n13>, in queue <single_chassis>, as user <sdehgha2> in cluster <Hazel> at Thu Apr 17 17:18:55 2025
</home/sdehgha2> was used as the home directory.
</share/ddomlab/sdehgha2/working-space/main/P1_pls-dataset/pls-dataset-space/PLS-Dataset/code_/training/hpc_submit_training_Rh> was used as the working directory.
Started at Thu Apr 17 17:18:55 2025
Terminated at Thu Apr 17 17:19:37 2025
Results reported at Thu Apr 17 17:19:37 2025

Your job looked like:

------------------------------------------------------------
# LSBATCH: User input



#BSUB -n 4
#BSUB -W 5:05
#BSUB -R span[hosts=1]
#BSUB -R "rusage[mem=16GB]"
#BSUB -J "XGBR_log Rg (nm)_ECFP_Trimer_substructure cluster_20250417"  
#BSUB -o "/share/ddomlab/sdehgha2/working-space/main/P1_pls-dataset/pls-dataset-space/PLS-Dataset/results/hpc_20250417/XGBR_log Rg (nm)_ECFP_Trimer_3_count_substructure cluster_20250417.out"
#BSUB -e "/share/ddomlab/sdehgha2/working-space/main/P1_pls-dataset/pls-dataset-space/PLS-Dataset/results/hpc_20250417/XGBR_log Rg (nm)_ECFP_Trimer_3_count_substructure cluster_20250417.err"

source ~/.bashrc
conda activate /usr/local/usrapps/ddomlab/sdehgha2/pls-dataset-env
python ../make_ood_learning_curve.py --target_features "log Rg (nm)"                                       --representation "ECFP"                                       --regressor_type "XGBR"                                       --radius "3"                                       --vector "count"                                       --oligomer_representation "Trimer"                                       --numerical_feats 'Xn' 'Mw (g/mol)' 'PDI' 'Concentration (mg/ml)' 'Temperature SANS/SLS/DLS/SEC (K)' "polymer dP" "polymer dD" "polymer dH" 'solvent dP' 'solvent dD' 'solvent dH'                                       --clustering_method "substructure cluster" 



------------------------------------------------------------

TERM_OWNER: job killed by owner.
Exited with exit code 130.

Resource usage summary:

    CPU time :                                   3.05 sec.
    Max Memory :                                 -
    Average Memory :                             -
    Total Requested Memory :                     16.00 GB
    Delta Memory :                               -
    Max Swap :                                   -
    Max Processes :                              5
    Max Threads :                                6
    Run time :                                   42 sec.
    Turnaround time :                            79 sec.

The output (if any) is above this job summary.



PS:

Read file </share/ddomlab/sdehgha2/working-space/main/P1_pls-dataset/pls-dataset-space/PLS-Dataset/results/hpc_20250417/XGBR_log Rg (nm)_ECFP_Trimer_3_count_substructure cluster_20250417.err> for stderr output of this job.

Filename: (ECFP3.count.512-Xn-Mw-PDI-concentration-temperature-polymer dP-polymer dD-polymer dH-solvent dP-solvent dD-solvent dH)_XGBR_hypOFF_Standard_lc
Done Saving scores!

------------------------------------------------------------
Sender: LSF System <lsfadmin@c207n09>
Subject: Job 206739: <XGBR_log Rg (nm)_ECFP_Trimer_substructure cluster_20250417> in cluster <Hazel> Done

Job <XGBR_log Rg (nm)_ECFP_Trimer_substructure cluster_20250417> was submitted from host <c202n06> by user <sdehgha2> in cluster <Hazel> at Thu Apr 17 17:23:37 2025
Job was executed on host(s) <4*c207n09>, in queue <single_chassis>, as user <sdehgha2> in cluster <Hazel> at Thu Apr 17 17:23:42 2025
</home/sdehgha2> was used as the home directory.
</share/ddomlab/sdehgha2/working-space/main/P1_pls-dataset/pls-dataset-space/PLS-Dataset/code_/training/hpc_submit_training_Rh> was used as the working directory.
Started at Thu Apr 17 17:23:42 2025
Terminated at Thu Apr 17 17:28:17 2025
Results reported at Thu Apr 17 17:28:17 2025

Your job looked like:

------------------------------------------------------------
# LSBATCH: User input



#BSUB -n 4
#BSUB -W 5:05
#BSUB -R span[hosts=1]
#BSUB -R "rusage[mem=16GB]"
#BSUB -J "XGBR_log Rg (nm)_ECFP_Trimer_substructure cluster_20250417"  
#BSUB -o "/share/ddomlab/sdehgha2/working-space/main/P1_pls-dataset/pls-dataset-space/PLS-Dataset/results/hpc_20250417/XGBR_log Rg (nm)_ECFP_Trimer_3_count_substructure cluster_20250417.out"
#BSUB -e "/share/ddomlab/sdehgha2/working-space/main/P1_pls-dataset/pls-dataset-space/PLS-Dataset/results/hpc_20250417/XGBR_log Rg (nm)_ECFP_Trimer_3_count_substructure cluster_20250417.err"

source ~/.bashrc
conda activate /usr/local/usrapps/ddomlab/sdehgha2/pls-dataset-env
python ../make_ood_learning_curve.py --target_features "log Rg (nm)"                                       --representation "ECFP"                                       --regressor_type "XGBR"                                       --radius "3"                                       --vector "count"                                       --oligomer_representation "Trimer"                                       --numerical_feats 'Xn' 'Mw (g/mol)' 'PDI' 'Concentration (mg/ml)' 'Temperature SANS/SLS/DLS/SEC (K)' "polymer dP" "polymer dD" "polymer dH" 'solvent dP' 'solvent dD' 'solvent dH'                                       --clustering_method "substructure cluster" 



------------------------------------------------------------

Successfully completed.

Resource usage summary:

    CPU time :                                   88.21 sec.
    Max Memory :                                 -
    Average Memory :                             -
    Total Requested Memory :                     16.00 GB
    Delta Memory :                               -
    Max Swap :                                   -
    Max Processes :                              5
    Max Threads :                                6
    Run time :                                   275 sec.
    Turnaround time :                            280 sec.

The output (if any) is above this job summary.



PS:

Read file </share/ddomlab/sdehgha2/working-space/main/P1_pls-dataset/pls-dataset-space/PLS-Dataset/results/hpc_20250417/XGBR_log Rg (nm)_ECFP_Trimer_3_count_substructure cluster_20250417.err> for stderr output of this job.


------------------------------------------------------------
Sender: LSF System <lsfadmin@c203n14>
Subject: Job 208351: <XGBR_log Rg (nm)_ECFP_Trimer_substructure cluster_20250417> in cluster <Hazel> Exited

Job <XGBR_log Rg (nm)_ECFP_Trimer_substructure cluster_20250417> was submitted from host <c200n06> by user <sdehgha2> in cluster <Hazel> at Thu Apr 17 17:51:47 2025
Job was executed on host(s) <4*c203n14>, in queue <single_chassis>, as user <sdehgha2> in cluster <Hazel> at Thu Apr 17 17:52:46 2025
</home/sdehgha2> was used as the home directory.
</share/ddomlab/sdehgha2/working-space/main/P1_pls-dataset/pls-dataset-space/PLS-Dataset/code_/training/hpc_submit_training_Rh> was used as the working directory.
Started at Thu Apr 17 17:52:46 2025
Terminated at Thu Apr 17 17:53:15 2025
Results reported at Thu Apr 17 17:53:15 2025

Your job looked like:

------------------------------------------------------------
# LSBATCH: User input



#BSUB -n 4
#BSUB -W 5:05
#BSUB -R span[hosts=1]
#BSUB -R "rusage[mem=16GB]"
#BSUB -J "XGBR_log Rg (nm)_ECFP_Trimer_substructure cluster_20250417"  
#BSUB -o "/share/ddomlab/sdehgha2/working-space/main/P1_pls-dataset/pls-dataset-space/PLS-Dataset/results/hpc_20250417/XGBR_log Rg (nm)_ECFP_Trimer_3_count_substructure cluster_20250417.out"
#BSUB -e "/share/ddomlab/sdehgha2/working-space/main/P1_pls-dataset/pls-dataset-space/PLS-Dataset/results/hpc_20250417/XGBR_log Rg (nm)_ECFP_Trimer_3_count_substructure cluster_20250417.err"

source ~/.bashrc
conda activate /usr/local/usrapps/ddomlab/sdehgha2/pls-dataset-env
python ../make_ood_learning_curve.py --target_features "log Rg (nm)"                                       --representation "ECFP"                                       --regressor_type "XGBR"                                       --radius "3"                                       --vector "count"                                       --oligomer_representation "Trimer"                                       --numerical_feats 'Xn' 'Mw (g/mol)' 'PDI' 'Concentration (mg/ml)' 'Temperature SANS/SLS/DLS/SEC (K)' "polymer dP" "polymer dD" "polymer dH" 'solvent dP' 'solvent dD' 'solvent dH'                                       --clustering_method "substructure cluster" 



------------------------------------------------------------

TERM_OWNER: job killed by owner.
Exited with exit code 130.

Resource usage summary:

    CPU time :                                   2.10 sec.
    Max Memory :                                 -
    Average Memory :                             -
    Total Requested Memory :                     16.00 GB
    Delta Memory :                               -
    Max Swap :                                   -
    Max Processes :                              5
    Max Threads :                                6
    Run time :                                   42 sec.
    Turnaround time :                            88 sec.

The output (if any) is above this job summary.



PS:

Read file </share/ddomlab/sdehgha2/working-space/main/P1_pls-dataset/pls-dataset-space/PLS-Dataset/results/hpc_20250417/XGBR_log Rg (nm)_ECFP_Trimer_3_count_substructure cluster_20250417.err> for stderr output of this job.

Filename: (ECFP3.count.512-Xn-Mw-PDI-concentration-temperature-polymer dP-polymer dD-polymer dH-solvent dP-solvent dD-solvent dH)_XGBR_hypOFF_Standard_lc
Done Saving scores!

------------------------------------------------------------
Sender: LSF System <lsfadmin@c205n08>
Subject: Job 209812: <XGBR_log Rg (nm)_ECFP_Trimer_substructure cluster_20250417> in cluster <Hazel> Done

Job <XGBR_log Rg (nm)_ECFP_Trimer_substructure cluster_20250417> was submitted from host <c207n12> by user <sdehgha2> in cluster <Hazel> at Thu Apr 17 18:26:24 2025
Job was executed on host(s) <4*c205n08>, in queue <single_chassis>, as user <sdehgha2> in cluster <Hazel> at Thu Apr 17 18:29:22 2025
</home/sdehgha2> was used as the home directory.
</share/ddomlab/sdehgha2/working-space/main/P1_pls-dataset/pls-dataset-space/PLS-Dataset/code_/training/hpc_submit_training_Rh> was used as the working directory.
Started at Thu Apr 17 18:29:22 2025
Terminated at Thu Apr 17 18:43:33 2025
Results reported at Thu Apr 17 18:43:33 2025

Your job looked like:

------------------------------------------------------------
# LSBATCH: User input



#BSUB -n 4
#BSUB -W 5:05
#BSUB -R span[hosts=1]
#BSUB -R "rusage[mem=16GB]"
#BSUB -J "XGBR_log Rg (nm)_ECFP_Trimer_substructure cluster_20250417"  
#BSUB -o "/share/ddomlab/sdehgha2/working-space/main/P1_pls-dataset/pls-dataset-space/PLS-Dataset/results/hpc_20250417/XGBR_log Rg (nm)_ECFP_Trimer_3_count_substructure cluster_20250417.out"
#BSUB -e "/share/ddomlab/sdehgha2/working-space/main/P1_pls-dataset/pls-dataset-space/PLS-Dataset/results/hpc_20250417/XGBR_log Rg (nm)_ECFP_Trimer_3_count_substructure cluster_20250417.err"

source ~/.bashrc
conda activate /usr/local/usrapps/ddomlab/sdehgha2/pls-dataset-env
python ../make_ood_learning_curve.py --target_features "log Rg (nm)"                                       --representation "ECFP"                                       --regressor_type "XGBR"                                       --radius "3"                                       --vector "count"                                       --oligomer_representation "Trimer"                                       --numerical_feats 'Xn' 'Mw (g/mol)' 'PDI' 'Concentration (mg/ml)' 'Temperature SANS/SLS/DLS/SEC (K)' "polymer dP" "polymer dD" "polymer dH" 'solvent dP' 'solvent dD' 'solvent dH'                                       --clustering_method "substructure cluster" 



------------------------------------------------------------

Successfully completed.

Resource usage summary:

    CPU time :                                   821.89 sec.
    Max Memory :                                 -
    Average Memory :                             -
    Total Requested Memory :                     16.00 GB
    Delta Memory :                               -
    Max Swap :                                   -
    Max Processes :                              4
    Max Threads :                                5
    Run time :                                   866 sec.
    Turnaround time :                            1029 sec.

The output (if any) is above this job summary.



PS:

Read file </share/ddomlab/sdehgha2/working-space/main/P1_pls-dataset/pls-dataset-space/PLS-Dataset/results/hpc_20250417/XGBR_log Rg (nm)_ECFP_Trimer_3_count_substructure cluster_20250417.err> for stderr output of this job.

