


OPTIMIZING HYPERPARAMETERS FOR REGRESSOR NGB 	SEED: 6

------------------------------------------------------------
Sender: LSF System <lsfadmin@c207n11>
Subject: Job 383437: <Mordred_NGB_Dimer_log Rg (nm)_20250317> in cluster <Hazel> Exited

Job <Mordred_NGB_Dimer_log Rg (nm)_20250317> was submitted from host <c205n12> by user <sdehgha2> in cluster <Hazel> at Tue Mar 18 17:53:00 2025
Job was executed on host(s) <6*c207n11>, in queue <single_chassis>, as user <sdehgha2> in cluster <Hazel> at Wed Mar 19 08:31:10 2025
</home/sdehgha2> was used as the home directory.
</share/ddomlab/sdehgha2/working-space/main/P1_pls-dataset/pls-dataset-space/PLS-Dataset/code_/training/hpc_submit_training_Rh> was used as the working directory.
Started at Wed Mar 19 08:31:10 2025
Terminated at Wed Mar 19 08:37:01 2025
Results reported at Wed Mar 19 08:37:01 2025

Your job looked like:

------------------------------------------------------------
# LSBATCH: User input
          
#BSUB -n 6
#BSUB -W 40:01
#BSUB -R span[hosts=1]
#BSUB -R "rusage[mem=16GB]"
#BSUB -J "Mordred_NGB_Dimer_log Rg (nm)_20250317"  
#BSUB -o "/share/ddomlab/sdehgha2/working-space/main/P1_pls-dataset/pls-dataset-space/PLS-Dataset/results/hpc_20250317/Mordred_NGB_Dimer_log Rg (nm)_20250317.out"
#BSUB -e "/share/ddomlab/sdehgha2/working-space/main/P1_pls-dataset/pls-dataset-space/PLS-Dataset/results/hpc_20250317/Mordred_NGB_Dimer_log Rg (nm)_20250317.err"

source ~/.bashrc
conda activate /usr/local/usrapps/ddomlab/sdehgha2/pls-dataset-env
python ../train_structure_only.py --target_features "log Rg (nm)"                                   --representation "Mordred"                                   --regressor_type "NGB"                                   --oligomer_representation "Dimer" 

------------------------------------------------------------

Exited with exit code 1.

Resource usage summary:

    CPU time :                                   1568.58 sec.
    Max Memory :                                 2 GB
    Average Memory :                             1.57 GB
    Total Requested Memory :                     16.00 GB
    Delta Memory :                               14.00 GB
    Max Swap :                                   -
    Max Processes :                              26
    Max Threads :                                29
    Run time :                                   353 sec.
    Turnaround time :                            53041 sec.

The output (if any) is above this job summary.



PS:

Read file </share/ddomlab/sdehgha2/working-space/main/P1_pls-dataset/pls-dataset-space/PLS-Dataset/results/hpc_20250317/Mordred_NGB_Dimer_log Rg (nm)_20250317.err> for stderr output of this job.

