
------------------------------------------------------------
Sender: LSF System <lsfadmin@c029n01>
Subject: Job 930651: <numerical_sklearn-GPR_polymer_size_feats_on_Rh (IW avg log)_all_num> in cluster <Hazel> Done

Job <numerical_sklearn-GPR_polymer_size_feats_on_Rh (IW avg log)_all_num> was submitted from host <c012n04> by user <sdehgha2> in cluster <Hazel> at Mon Dec 23 15:48:24 2024
Job was executed on host(s) <2*c029n01>, in queue <single_chassis>, as user <sdehgha2> in cluster <Hazel> at Mon Dec 23 15:48:25 2024
                            <2*c032n01>
                            <2*c030n02>
</home/sdehgha2> was used as the home directory.
</share/ddomlab/sdehgha2/working-space/main/P1_pls-dataset/pls-dataset-space/PLS-Dataset/code_/training/hpc_submit_training_Rh> was used as the working directory.
Started at Mon Dec 23 15:48:25 2024
Terminated at Mon Dec 23 16:02:34 2024
Results reported at Mon Dec 23 16:02:34 2024

Your job looked like:

------------------------------------------------------------
# LSBATCH: User input

#BSUB -n 6
#BSUB -W 40:01
#BSUB -R span[ptile=2]
#BSUB -R "rusage[mem=16GB]"
#BSUB -J "numerical_sklearn-GPR_polymer_size_feats_on_Rh (IW avg log)_all_num"
#BSUB -o "/share/ddomlab/sdehgha2/working-space/main/P1_pls-dataset/pls-dataset-space/PLS-Dataset/results/numerical_sklearn-GPR_matern_Standard_Rh (IW avg log)_final.out"
#BSUB -e "/share/ddomlab/sdehgha2/working-space/main/P1_pls-dataset/pls-dataset-space/PLS-Dataset/results/numerical_sklearn-GPR_matern_Standard_Rh (IW avg log)_final.err"

source ~/.bashrc
conda activate /usr/local/usrapps/ddomlab/sdehgha2/pls-dataset-env
python ../train_numerical_only.py --target_features "Rh (IW avg log)"                                     --regressor_type "sklearn-GPR"                                     --kernel "matern"                                     --transform_type "Standard"                                     --numerical_feats 'Mn (g/mol)' 'PDI' 'Mw (g/mol)' 'Concentration (mg/ml)' 'Temperature SANS/SLS/DLS/SEC (K)' "polymer dP" "polymer dD" "polymer dH" "solvent dP" "solvent dD" "solvent dH"                                     --columns_to_impute "PDI" "Temperature SANS/SLS/DLS/SEC (K)" "Concentration (mg/ml)"                                     --special_impute 'Mw (g/mol)'                                     --imputer mean 

conda deactivate


------------------------------------------------------------

Successfully completed.

Resource usage summary:

    CPU time :                                   10.44 sec.
    Max Memory :                                 -
    Average Memory :                             -
    Total Requested Memory :                     48.00 GB
    Delta Memory :                               -
    Max Swap :                                   -
    Max Processes :                              5
    Max Threads :                                6
    Run time :                                   871 sec.
    Turnaround time :                            850 sec.

The output (if any) is above this job summary.



PS:

Read file </share/ddomlab/sdehgha2/working-space/main/P1_pls-dataset/pls-dataset-space/PLS-Dataset/results/numerical_sklearn-GPR_matern_Standard_Rh (IW avg log)_final.err> for stderr output of this job.




OPTIMIZING HYPERPARAMETERS FOR REGRESSOR sklearn-GPR 	SEED: 6

------------------------------------------------------------
Sender: LSF System <lsfadmin@c202n05>
Subject: Job 945144: <numerical_sklearn-GPR_polymer_size_feats_on_Rh (IW avg log)_all_num> in cluster <Hazel> Done

Job <numerical_sklearn-GPR_polymer_size_feats_on_Rh (IW avg log)_all_num> was submitted from host <c027n04> by user <sdehgha2> in cluster <Hazel> at Tue Dec 24 12:17:56 2024
Job was executed on host(s) <2*c202n05>, in queue <single_chassis>, as user <sdehgha2> in cluster <Hazel> at Tue Dec 24 12:17:56 2024
                            <2*c202n14>
                            <2*c202n04>
</home/sdehgha2> was used as the home directory.
</share/ddomlab/sdehgha2/working-space/main/P1_pls-dataset/pls-dataset-space/PLS-Dataset/code_/training/hpc_submit_training_Rh> was used as the working directory.
Started at Tue Dec 24 12:17:56 2024
Terminated at Tue Dec 24 12:24:33 2024
Results reported at Tue Dec 24 12:24:33 2024

Your job looked like:

------------------------------------------------------------
# LSBATCH: User input

#BSUB -n 6
#BSUB -W 40:01
#BSUB -R span[ptile=2]
#BSUB -R "rusage[mem=16GB]"
#BSUB -J "numerical_sklearn-GPR_polymer_size_feats_on_Rh (IW avg log)_all_num"
#BSUB -o "/share/ddomlab/sdehgha2/working-space/main/P1_pls-dataset/pls-dataset-space/PLS-Dataset/results/numerical_sklearn-GPR_matern_Standard_Rh (IW avg log)_final.out"
#BSUB -e "/share/ddomlab/sdehgha2/working-space/main/P1_pls-dataset/pls-dataset-space/PLS-Dataset/results/numerical_sklearn-GPR_matern_Standard_Rh (IW avg log)_final.err"

source ~/.bashrc
conda activate /usr/local/usrapps/ddomlab/sdehgha2/pls-dataset-env
python ../train_numerical_only.py --target_features "Rh (IW avg log)"                                     --regressor_type "sklearn-GPR"                                     --kernel "matern"                                     --transform_type "Standard"                                     --numerical_feats 'Mn (g/mol)' 'PDI' 'Mw (g/mol)' 'Concentration (mg/ml)' 'Temperature SANS/SLS/DLS/SEC (K)' "polymer dP" "polymer dD" "polymer dH" "solvent dP" "solvent dD" "solvent dH"                                     --columns_to_impute "PDI" "Temperature SANS/SLS/DLS/SEC (K)" "Concentration (mg/ml)"                                     --special_impute 'Mw (g/mol)'                                     --imputer mean 

conda deactivate


------------------------------------------------------------

Successfully completed.

Resource usage summary:

    CPU time :                                   292.00 sec.
    Max Memory :                                 5 GB
    Average Memory :                             1.69 GB
    Total Requested Memory :                     48.00 GB
    Delta Memory :                               43.00 GB
    Max Swap :                                   -
    Max Processes :                              30
    Max Threads :                                33
    Run time :                                   405 sec.
    Turnaround time :                            397 sec.

The output (if any) is above this job summary.



PS:

Read file </share/ddomlab/sdehgha2/working-space/main/P1_pls-dataset/pls-dataset-space/PLS-Dataset/results/numerical_sklearn-GPR_matern_Standard_Rh (IW avg log)_final.err> for stderr output of this job.

