
------------------------------------------------------------
Sender: LSF System <lsfadmin@c027n03>
Subject: Job 930655: <numerical_sklearn-GPR_polymer_size_feats_on_Rg1 (nm)_all_num> in cluster <Hazel> Done

Job <numerical_sklearn-GPR_polymer_size_feats_on_Rg1 (nm)_all_num> was submitted from host <c012n04> by user <sdehgha2> in cluster <Hazel> at Mon Dec 23 15:48:26 2024
Job was executed on host(s) <2*c027n03>, in queue <single_chassis>, as user <sdehgha2> in cluster <Hazel> at Mon Dec 23 15:50:04 2024
                            <2*c039n04>
                            <2*c038n04>
</home/sdehgha2> was used as the home directory.
</share/ddomlab/sdehgha2/working-space/main/P1_pls-dataset/pls-dataset-space/PLS-Dataset/code_/training/hpc_submit_training_Rh> was used as the working directory.
Started at Mon Dec 23 15:50:04 2024
Terminated at Mon Dec 23 16:06:14 2024
Results reported at Mon Dec 23 16:06:14 2024

Your job looked like:

------------------------------------------------------------
# LSBATCH: User input

#BSUB -n 6
#BSUB -W 40:01
#BSUB -R span[ptile=2]
#BSUB -R "rusage[mem=16GB]"
#BSUB -J "numerical_sklearn-GPR_polymer_size_feats_on_Rg1 (nm)_all_num"
#BSUB -o "/share/ddomlab/sdehgha2/working-space/main/P1_pls-dataset/pls-dataset-space/PLS-Dataset/results/numerical_sklearn-GPR_matern_Standard_Rg1 (nm)_final.out"
#BSUB -e "/share/ddomlab/sdehgha2/working-space/main/P1_pls-dataset/pls-dataset-space/PLS-Dataset/results/numerical_sklearn-GPR_matern_Standard_Rg1 (nm)_final.err"

source ~/.bashrc
conda activate /usr/local/usrapps/ddomlab/sdehgha2/pls-dataset-env
python ../train_numerical_only.py --target_features "Rg1 (nm)"                                     --regressor_type "sklearn-GPR"                                     --kernel "matern"                                     --transform_type "Standard"                                     --numerical_feats 'Mn (g/mol)' 'PDI' 'Mw (g/mol)' 'Concentration (mg/ml)' 'Temperature SANS/SLS/DLS/SEC (K)' "polymer dP" "polymer dD" "polymer dH" "solvent dP" "solvent dD" "solvent dH"                                     --columns_to_impute "PDI" "Temperature SANS/SLS/DLS/SEC (K)" "Concentration (mg/ml)"                                     --special_impute 'Mw (g/mol)'                                     --imputer mean 

conda deactivate


------------------------------------------------------------

Successfully completed.

Resource usage summary:

    CPU time :                                   10.26 sec.
    Max Memory :                                 -
    Average Memory :                             -
    Total Requested Memory :                     48.00 GB
    Delta Memory :                               -
    Max Swap :                                   -
    Max Processes :                              5
    Max Threads :                                6
    Run time :                                   996 sec.
    Turnaround time :                            1068 sec.

The output (if any) is above this job summary.



PS:

Read file </share/ddomlab/sdehgha2/working-space/main/P1_pls-dataset/pls-dataset-space/PLS-Dataset/results/numerical_sklearn-GPR_matern_Standard_Rg1 (nm)_final.err> for stderr output of this job.




OPTIMIZING HYPERPARAMETERS FOR REGRESSOR sklearn-GPR 	SEED: 6


Best parameters: OrderedDict([('regressor__regressor__kernel__length_scale', 0.08678019980729179), ('regressor__regressor__kernel__nu', 0.5)])





OPTIMIZING HYPERPARAMETERS FOR REGRESSOR sklearn-GPR 	SEED: 6


Best parameters: OrderedDict([('regressor__regressor__kernel__length_scale', 0.19194377802778273), ('regressor__regressor__kernel__nu', 0.5)])





OPTIMIZING HYPERPARAMETERS FOR REGRESSOR sklearn-GPR 	SEED: 6


Best parameters: OrderedDict([('regressor__regressor__kernel__length_scale', 0.05), ('regressor__regressor__kernel__nu', 0.5)])





OPTIMIZING HYPERPARAMETERS FOR REGRESSOR sklearn-GPR 	SEED: 6


Best parameters: OrderedDict([('regressor__regressor__kernel__length_scale', 0.3695477595248131), ('regressor__regressor__kernel__nu', 0.5)])





OPTIMIZING HYPERPARAMETERS FOR REGRESSOR sklearn-GPR 	SEED: 6


Best parameters: OrderedDict([('regressor__regressor__kernel__length_scale', 0.5216512683266341), ('regressor__regressor__kernel__nu', 0.5)])





OPTIMIZING HYPERPARAMETERS FOR REGRESSOR sklearn-GPR 	SEED: 13


Best parameters: OrderedDict([('regressor__regressor__kernel__length_scale', 1.8742074575582588), ('regressor__regressor__kernel__nu', 0.5)])





OPTIMIZING HYPERPARAMETERS FOR REGRESSOR sklearn-GPR 	SEED: 13


Best parameters: OrderedDict([('regressor__regressor__kernel__length_scale', 1.5826864082931298), ('regressor__regressor__kernel__nu', 1.4176709800444172)])





OPTIMIZING HYPERPARAMETERS FOR REGRESSOR sklearn-GPR 	SEED: 13


Best parameters: OrderedDict([('regressor__regressor__kernel__length_scale', 0.45714646120603003), ('regressor__regressor__kernel__nu', 0.5)])





OPTIMIZING HYPERPARAMETERS FOR REGRESSOR sklearn-GPR 	SEED: 13


Best parameters: OrderedDict([('regressor__regressor__kernel__length_scale', 0.2206149936660592), ('regressor__regressor__kernel__nu', 0.5)])





OPTIMIZING HYPERPARAMETERS FOR REGRESSOR sklearn-GPR 	SEED: 13


Best parameters: OrderedDict([('regressor__regressor__kernel__length_scale', 0.22691892194005092), ('regressor__regressor__kernel__nu', 0.5)])





OPTIMIZING HYPERPARAMETERS FOR REGRESSOR sklearn-GPR 	SEED: 42


Best parameters: OrderedDict([('regressor__regressor__kernel__length_scale', 0.7235797906695037), ('regressor__regressor__kernel__nu', 2.1361827840564898)])





OPTIMIZING HYPERPARAMETERS FOR REGRESSOR sklearn-GPR 	SEED: 42


Best parameters: OrderedDict([('regressor__regressor__kernel__length_scale', 0.48868305898865844), ('regressor__regressor__kernel__nu', 2.3407917646430043)])





OPTIMIZING HYPERPARAMETERS FOR REGRESSOR sklearn-GPR 	SEED: 42


Best parameters: OrderedDict([('regressor__regressor__kernel__length_scale', 1.259806678617276), ('regressor__regressor__kernel__nu', 1.9554514863546502)])





OPTIMIZING HYPERPARAMETERS FOR REGRESSOR sklearn-GPR 	SEED: 42


Best parameters: OrderedDict([('regressor__regressor__kernel__length_scale', 0.05), ('regressor__regressor__kernel__nu', 2.0261927364704553)])





OPTIMIZING HYPERPARAMETERS FOR REGRESSOR sklearn-GPR 	SEED: 42


Best parameters: OrderedDict([('regressor__regressor__kernel__length_scale', 0.2600409311703243), ('regressor__regressor__kernel__nu', 0.5)])





OPTIMIZING HYPERPARAMETERS FOR REGRESSOR sklearn-GPR 	SEED: 69


Best parameters: OrderedDict([('regressor__regressor__kernel__length_scale', 1.04530866321504), ('regressor__regressor__kernel__nu', 1.3533684043671736)])





OPTIMIZING HYPERPARAMETERS FOR REGRESSOR sklearn-GPR 	SEED: 69


Best parameters: OrderedDict([('regressor__regressor__kernel__length_scale', 0.3182713594332542), ('regressor__regressor__kernel__nu', 0.5784334806466411)])





OPTIMIZING HYPERPARAMETERS FOR REGRESSOR sklearn-GPR 	SEED: 69


Best parameters: OrderedDict([('regressor__regressor__kernel__length_scale', 0.5347579487052427), ('regressor__regressor__kernel__nu', 0.5)])





OPTIMIZING HYPERPARAMETERS FOR REGRESSOR sklearn-GPR 	SEED: 69


Best parameters: OrderedDict([('regressor__regressor__kernel__length_scale', 0.15741703303641585), ('regressor__regressor__kernel__nu', 0.9043761956037195)])





OPTIMIZING HYPERPARAMETERS FOR REGRESSOR sklearn-GPR 	SEED: 69


Best parameters: OrderedDict([('regressor__regressor__kernel__length_scale', 0.6723851435556127), ('regressor__regressor__kernel__nu', 2.1411323164080804)])





OPTIMIZING HYPERPARAMETERS FOR REGRESSOR sklearn-GPR 	SEED: 420


Best parameters: OrderedDict([('regressor__regressor__kernel__length_scale', 0.2960830668849586), ('regressor__regressor__kernel__nu', 0.5)])





OPTIMIZING HYPERPARAMETERS FOR REGRESSOR sklearn-GPR 	SEED: 420


Best parameters: OrderedDict([('regressor__regressor__kernel__length_scale', 0.15525824038935193), ('regressor__regressor__kernel__nu', 0.6605576307298391)])





OPTIMIZING HYPERPARAMETERS FOR REGRESSOR sklearn-GPR 	SEED: 420


Best parameters: OrderedDict([('regressor__regressor__kernel__length_scale', 0.7649496605531487), ('regressor__regressor__kernel__nu', 1.997954506501505)])





OPTIMIZING HYPERPARAMETERS FOR REGRESSOR sklearn-GPR 	SEED: 420


Best parameters: OrderedDict([('regressor__regressor__kernel__length_scale', 0.05), ('regressor__regressor__kernel__nu', 0.5)])





OPTIMIZING HYPERPARAMETERS FOR REGRESSOR sklearn-GPR 	SEED: 420


Best parameters: OrderedDict([('regressor__regressor__kernel__length_scale', 1.0394217142553832), ('regressor__regressor__kernel__nu', 0.5)])





OPTIMIZING HYPERPARAMETERS FOR REGRESSOR sklearn-GPR 	SEED: 1234567890


Best parameters: OrderedDict([('regressor__regressor__kernel__length_scale', 0.6409412181109713), ('regressor__regressor__kernel__nu', 0.5)])





OPTIMIZING HYPERPARAMETERS FOR REGRESSOR sklearn-GPR 	SEED: 1234567890


Best parameters: OrderedDict([('regressor__regressor__kernel__length_scale', 0.05), ('regressor__regressor__kernel__nu', 1.230166625547267)])





OPTIMIZING HYPERPARAMETERS FOR REGRESSOR sklearn-GPR 	SEED: 1234567890


Best parameters: OrderedDict([('regressor__regressor__kernel__length_scale', 0.12798204319420164), ('regressor__regressor__kernel__nu', 0.7646409963024845)])





OPTIMIZING HYPERPARAMETERS FOR REGRESSOR sklearn-GPR 	SEED: 1234567890


Best parameters: OrderedDict([('regressor__regressor__kernel__length_scale', 0.5384656525137521), ('regressor__regressor__kernel__nu', 0.5)])





OPTIMIZING HYPERPARAMETERS FOR REGRESSOR sklearn-GPR 	SEED: 1234567890


Best parameters: OrderedDict([('regressor__regressor__kernel__length_scale', 0.08234450771380245), ('regressor__regressor__kernel__nu', 0.5)])





OPTIMIZING HYPERPARAMETERS FOR REGRESSOR sklearn-GPR 	SEED: 473129


Best parameters: OrderedDict([('regressor__regressor__kernel__length_scale', 0.17759641764450468), ('regressor__regressor__kernel__nu', 0.5)])





OPTIMIZING HYPERPARAMETERS FOR REGRESSOR sklearn-GPR 	SEED: 473129


Best parameters: OrderedDict([('regressor__regressor__kernel__length_scale', 0.2589041380666923), ('regressor__regressor__kernel__nu', 0.5)])





OPTIMIZING HYPERPARAMETERS FOR REGRESSOR sklearn-GPR 	SEED: 473129


Best parameters: OrderedDict([('regressor__regressor__kernel__length_scale', 0.6908229587231526), ('regressor__regressor__kernel__nu', 0.5)])





OPTIMIZING HYPERPARAMETERS FOR REGRESSOR sklearn-GPR 	SEED: 473129


Best parameters: OrderedDict([('regressor__regressor__kernel__length_scale', 0.05), ('regressor__regressor__kernel__nu', 0.5)])





OPTIMIZING HYPERPARAMETERS FOR REGRESSOR sklearn-GPR 	SEED: 473129


Best parameters: OrderedDict([('regressor__regressor__kernel__length_scale', 0.3805136588888224), ('regressor__regressor__kernel__nu', 0.5401486148128917)])


Average scores:	 r: 0.85±0.2	 r2: 0.72±0.28
scaler
Filename: (PDI-Mw-concentration-temperature-polymer dP-polymer dD-polymer dH-solvent dP-solvent dD-solvent dH)_sklearn-GPR.matern_mean_Standard
/gpfs_common/share03/ddomlab/sdehgha2/working-space/main/P1_pls-dataset/pls-dataset-space/PLS-Dataset/results/target_Rg/scaler/(PDI-Mw-concentration-temperature-polymer dP-polymer dD-polymer dH-solvent dP-solvent dD-solvent dH)_sklearn-GPR.matern_mean_Standard_scores.json
/gpfs_common/share03/ddomlab/sdehgha2/working-space/main/P1_pls-dataset/pls-dataset-space/PLS-Dataset/results/target_Rg/scaler/(PDI-Mw-concentration-temperature-polymer dP-polymer dD-polymer dH-solvent dP-solvent dD-solvent dH)_sklearn-GPR.matern_mean_Standard_predictions.csv
/gpfs_common/share03/ddomlab/sdehgha2/working-space/main/P1_pls-dataset/pls-dataset-space/PLS-Dataset/results/target_Rg/scaler/(PDI-Mw-concentration-temperature-polymer dP-polymer dD-polymer dH-solvent dP-solvent dD-solvent dH)_sklearn-GPR.matern_mean_Standard_shape.json
Done Saving scores!

------------------------------------------------------------
Sender: LSF System <lsfadmin@c037n04>
Subject: Job 945148: <numerical_sklearn-GPR_polymer_size_feats_on_Rg1 (nm)_all_num> in cluster <Hazel> Done

Job <numerical_sklearn-GPR_polymer_size_feats_on_Rg1 (nm)_all_num> was submitted from host <c027n04> by user <sdehgha2> in cluster <Hazel> at Tue Dec 24 12:17:56 2024
Job was executed on host(s) <2*c037n04>, in queue <single_chassis>, as user <sdehgha2> in cluster <Hazel> at Tue Dec 24 12:19:04 2024
                            <2*c027n04>
                            <2*c032n04>
</home/sdehgha2> was used as the home directory.
</share/ddomlab/sdehgha2/working-space/main/P1_pls-dataset/pls-dataset-space/PLS-Dataset/code_/training/hpc_submit_training_Rh> was used as the working directory.
Started at Tue Dec 24 12:19:04 2024
Terminated at Tue Dec 24 13:14:09 2024
Results reported at Tue Dec 24 13:14:09 2024

Your job looked like:

------------------------------------------------------------
# LSBATCH: User input

#BSUB -n 6
#BSUB -W 40:01
#BSUB -R span[ptile=2]
#BSUB -R "rusage[mem=16GB]"
#BSUB -J "numerical_sklearn-GPR_polymer_size_feats_on_Rg1 (nm)_all_num"
#BSUB -o "/share/ddomlab/sdehgha2/working-space/main/P1_pls-dataset/pls-dataset-space/PLS-Dataset/results/numerical_sklearn-GPR_matern_Standard_Rg1 (nm)_final.out"
#BSUB -e "/share/ddomlab/sdehgha2/working-space/main/P1_pls-dataset/pls-dataset-space/PLS-Dataset/results/numerical_sklearn-GPR_matern_Standard_Rg1 (nm)_final.err"

source ~/.bashrc
conda activate /usr/local/usrapps/ddomlab/sdehgha2/pls-dataset-env
python ../train_numerical_only.py --target_features "Rg1 (nm)"                                     --regressor_type "sklearn-GPR"                                     --kernel "matern"                                     --transform_type "Standard"                                     --numerical_feats 'Mn (g/mol)' 'PDI' 'Mw (g/mol)' 'Concentration (mg/ml)' 'Temperature SANS/SLS/DLS/SEC (K)' "polymer dP" "polymer dD" "polymer dH" "solvent dP" "solvent dD" "solvent dH"                                     --columns_to_impute "PDI" "Temperature SANS/SLS/DLS/SEC (K)" "Concentration (mg/ml)"                                     --special_impute 'Mw (g/mol)'                                     --imputer mean 

conda deactivate


------------------------------------------------------------

Successfully completed.

Resource usage summary:

    CPU time :                                   5238.00 sec.
    Max Memory :                                 6 GB
    Average Memory :                             5.35 GB
    Total Requested Memory :                     48.00 GB
    Delta Memory :                               42.00 GB
    Max Swap :                                   -
    Max Processes :                              38
    Max Threads :                                41
    Run time :                                   3305 sec.
    Turnaround time :                            3373 sec.

The output (if any) is above this job summary.



PS:

Read file </share/ddomlab/sdehgha2/working-space/main/P1_pls-dataset/pls-dataset-space/PLS-Dataset/results/numerical_sklearn-GPR_matern_Standard_Rg1 (nm)_final.err> for stderr output of this job.

