Pipeline(steps=[('Impute feats',
                 ColumnTransformer(remainder='passthrough',
                                   transformers=[('imputer_mean',
                                                  SimpleImputer(),
                                                  ['PDI',
                                                   'Temperature '
                                                   'SANS/SLS/DLS/SEC (K)',
                                                   'Concentration (mg/ml)'])],
                                   verbose_feature_names_out=False)),
                ('Calculate Mw',
                 ColumnTransformer(remainder='passthrough',
                                   transformers=[('calculator_Mw (g/mol)',
                                                  FunctionTransformer(func=<function...
                 ColumnTransformer(remainder='passthrough',
                                   transformers=[('imputer_Mw (g/mol)',
                                                  SimpleImputer(),
                                                  ['Mw (g/mol)'])],
                                   verbose_feature_names_out=False)),
                ('drop Mn',
                 ColumnTransformer(remainder='passthrough',
                                   transformers=[('Drop Mn column',
                                                  FunctionTransformer(func=<function drop_columns at 0x14b035791cf0>,
                                                                      kw_args={'columns_to_drop': ['Mn '
                                                                                                   '(g/mol)']}),
                                                  ['Mn (g/mol)'])],
                                   verbose_feature_names_out=False))])



OPTIMIZING HYPERPARAMETERS FOR REGRESSOR XGBR 	SEED: 6


Best parameters: OrderedDict([('regressor__regressor__learning_rate', 0.002037476074697603), ('regressor__regressor__max_depth', 10), ('regressor__regressor__n_estimators', 425), ('regressor__regressor__n_jobs', -2)])





OPTIMIZING HYPERPARAMETERS FOR REGRESSOR XGBR 	SEED: 6


Best parameters: OrderedDict([('regressor__regressor__learning_rate', 0.001), ('regressor__regressor__max_depth', 12), ('regressor__regressor__n_estimators', 781), ('regressor__regressor__n_jobs', -2)])





OPTIMIZING HYPERPARAMETERS FOR REGRESSOR XGBR 	SEED: 6


Best parameters: OrderedDict([('regressor__regressor__learning_rate', 0.001), ('regressor__regressor__max_depth', 10000), ('regressor__regressor__n_estimators', 1216), ('regressor__regressor__n_jobs', -2)])





OPTIMIZING HYPERPARAMETERS FOR REGRESSOR XGBR 	SEED: 6


Best parameters: OrderedDict([('regressor__regressor__learning_rate', 0.0075268547958577065), ('regressor__regressor__max_depth', 10), ('regressor__regressor__n_estimators', 131), ('regressor__regressor__n_jobs', -2)])





OPTIMIZING HYPERPARAMETERS FOR REGRESSOR XGBR 	SEED: 6


Best parameters: OrderedDict([('regressor__regressor__learning_rate', 0.015498173372810689), ('regressor__regressor__max_depth', 10), ('regressor__regressor__n_estimators', 81), ('regressor__regressor__n_jobs', -2)])


Pipeline(steps=[('Impute feats',
                 ColumnTransformer(remainder='passthrough',
                                   transformers=[('imputer_mean',
                                                  SimpleImputer(),
                                                  ['PDI',
                                                   'Temperature '
                                                   'SANS/SLS/DLS/SEC (K)',
                                                   'Concentration (mg/ml)'])],
                                   verbose_feature_names_out=False)),
                ('Calculate Mw',
                 ColumnTransformer(remainder='passthrough',
                                   transformers=[('calculator_Mw (g/mol)',
                                                  FunctionTransformer(func=<function...
                 ColumnTransformer(remainder='passthrough',
                                   transformers=[('imputer_Mw (g/mol)',
                                                  SimpleImputer(),
                                                  ['Mw (g/mol)'])],
                                   verbose_feature_names_out=False)),
                ('drop Mn',
                 ColumnTransformer(remainder='passthrough',
                                   transformers=[('Drop Mn column',
                                                  FunctionTransformer(func=<function drop_columns at 0x14b035791cf0>,
                                                                      kw_args={'columns_to_drop': ['Mn '
                                                                                                   '(g/mol)']}),
                                                  ['Mn (g/mol)'])],
                                   verbose_feature_names_out=False))])



OPTIMIZING HYPERPARAMETERS FOR REGRESSOR XGBR 	SEED: 13


Best parameters: OrderedDict([('regressor__regressor__learning_rate', 0.021193205590995568), ('regressor__regressor__max_depth', 28), ('regressor__regressor__n_estimators', 50), ('regressor__regressor__n_jobs', -2)])





OPTIMIZING HYPERPARAMETERS FOR REGRESSOR XGBR 	SEED: 13


Best parameters: OrderedDict([('regressor__regressor__learning_rate', 0.01165006223850715), ('regressor__regressor__max_depth', 10000), ('regressor__regressor__n_estimators', 50), ('regressor__regressor__n_jobs', -2)])





OPTIMIZING HYPERPARAMETERS FOR REGRESSOR XGBR 	SEED: 13


Best parameters: OrderedDict([('regressor__regressor__learning_rate', 0.0013439219077237593), ('regressor__regressor__max_depth', 10000), ('regressor__regressor__n_estimators', 502), ('regressor__regressor__n_jobs', -2)])





OPTIMIZING HYPERPARAMETERS FOR REGRESSOR XGBR 	SEED: 13


Best parameters: OrderedDict([('regressor__regressor__learning_rate', 0.0307942807321513), ('regressor__regressor__max_depth', 10), ('regressor__regressor__n_estimators', 50), ('regressor__regressor__n_jobs', -2)])





OPTIMIZING HYPERPARAMETERS FOR REGRESSOR XGBR 	SEED: 13


Best parameters: OrderedDict([('regressor__regressor__learning_rate', 0.0065133384839999725), ('regressor__regressor__max_depth', 10), ('regressor__regressor__n_estimators', 185), ('regressor__regressor__n_jobs', -2)])


Pipeline(steps=[('Impute feats',
                 ColumnTransformer(remainder='passthrough',
                                   transformers=[('imputer_mean',
                                                  SimpleImputer(),
                                                  ['PDI',
                                                   'Temperature '
                                                   'SANS/SLS/DLS/SEC (K)',
                                                   'Concentration (mg/ml)'])],
                                   verbose_feature_names_out=False)),
                ('Calculate Mw',
                 ColumnTransformer(remainder='passthrough',
                                   transformers=[('calculator_Mw (g/mol)',
                                                  FunctionTransformer(func=<function...
                 ColumnTransformer(remainder='passthrough',
                                   transformers=[('imputer_Mw (g/mol)',
                                                  SimpleImputer(),
                                                  ['Mw (g/mol)'])],
                                   verbose_feature_names_out=False)),
                ('drop Mn',
                 ColumnTransformer(remainder='passthrough',
                                   transformers=[('Drop Mn column',
                                                  FunctionTransformer(func=<function drop_columns at 0x14b035791cf0>,
                                                                      kw_args={'columns_to_drop': ['Mn '
                                                                                                   '(g/mol)']}),
                                                  ['Mn (g/mol)'])],
                                   verbose_feature_names_out=False))])



OPTIMIZING HYPERPARAMETERS FOR REGRESSOR XGBR 	SEED: 42


Best parameters: OrderedDict([('regressor__regressor__learning_rate', 0.0013397223228408322), ('regressor__regressor__max_depth', 10), ('regressor__regressor__n_estimators', 762), ('regressor__regressor__n_jobs', -2)])





OPTIMIZING HYPERPARAMETERS FOR REGRESSOR XGBR 	SEED: 42


Best parameters: OrderedDict([('regressor__regressor__learning_rate', 0.00838291277494743), ('regressor__regressor__max_depth', 11), ('regressor__regressor__n_estimators', 181), ('regressor__regressor__n_jobs', -2)])





OPTIMIZING HYPERPARAMETERS FOR REGRESSOR XGBR 	SEED: 42


Best parameters: OrderedDict([('regressor__regressor__learning_rate', 0.001), ('regressor__regressor__max_depth', 10000), ('regressor__regressor__n_estimators', 1270), ('regressor__regressor__n_jobs', -2)])





OPTIMIZING HYPERPARAMETERS FOR REGRESSOR XGBR 	SEED: 42


Best parameters: OrderedDict([('regressor__regressor__learning_rate', 0.014069243909824117), ('regressor__regressor__max_depth', 10000), ('regressor__regressor__n_estimators', 74), ('regressor__regressor__n_jobs', -2)])





OPTIMIZING HYPERPARAMETERS FOR REGRESSOR XGBR 	SEED: 42


Best parameters: OrderedDict([('regressor__regressor__learning_rate', 0.008109850973687093), ('regressor__regressor__max_depth', 10000), ('regressor__regressor__n_estimators', 97), ('regressor__regressor__n_jobs', -2)])


Pipeline(steps=[('Impute feats',
                 ColumnTransformer(remainder='passthrough',
                                   transformers=[('imputer_mean',
                                                  SimpleImputer(),
                                                  ['PDI',
                                                   'Temperature '
                                                   'SANS/SLS/DLS/SEC (K)',
                                                   'Concentration (mg/ml)'])],
                                   verbose_feature_names_out=False)),
                ('Calculate Mw',
                 ColumnTransformer(remainder='passthrough',
                                   transformers=[('calculator_Mw (g/mol)',
                                                  FunctionTransformer(func=<function...
                 ColumnTransformer(remainder='passthrough',
                                   transformers=[('imputer_Mw (g/mol)',
                                                  SimpleImputer(),
                                                  ['Mw (g/mol)'])],
                                   verbose_feature_names_out=False)),
                ('drop Mn',
                 ColumnTransformer(remainder='passthrough',
                                   transformers=[('Drop Mn column',
                                                  FunctionTransformer(func=<function drop_columns at 0x14b035791cf0>,
                                                                      kw_args={'columns_to_drop': ['Mn '
                                                                                                   '(g/mol)']}),
                                                  ['Mn (g/mol)'])],
                                   verbose_feature_names_out=False))])



OPTIMIZING HYPERPARAMETERS FOR REGRESSOR XGBR 	SEED: 69


Best parameters: OrderedDict([('regressor__regressor__learning_rate', 0.01883082209150791), ('regressor__regressor__max_depth', 10000), ('regressor__regressor__n_estimators', 50), ('regressor__regressor__n_jobs', -2)])





OPTIMIZING HYPERPARAMETERS FOR REGRESSOR XGBR 	SEED: 69


Best parameters: OrderedDict([('regressor__regressor__learning_rate', 0.002256349896651192), ('regressor__regressor__max_depth', 10), ('regressor__regressor__n_estimators', 322), ('regressor__regressor__n_jobs', -2)])





OPTIMIZING HYPERPARAMETERS FOR REGRESSOR XGBR 	SEED: 69


Best parameters: OrderedDict([('regressor__regressor__learning_rate', 0.009929073509091786), ('regressor__regressor__max_depth', 10000), ('regressor__regressor__n_estimators', 120), ('regressor__regressor__n_jobs', -2)])





OPTIMIZING HYPERPARAMETERS FOR REGRESSOR XGBR 	SEED: 69


Best parameters: OrderedDict([('regressor__regressor__learning_rate', 0.002138103975504774), ('regressor__regressor__max_depth', 14), ('regressor__regressor__n_estimators', 712), ('regressor__regressor__n_jobs', -2)])





OPTIMIZING HYPERPARAMETERS FOR REGRESSOR XGBR 	SEED: 69


Best parameters: OrderedDict([('regressor__regressor__learning_rate', 0.007959765609738937), ('regressor__regressor__max_depth', 10), ('regressor__regressor__n_estimators', 165), ('regressor__regressor__n_jobs', -2)])


Pipeline(steps=[('Impute feats',
                 ColumnTransformer(remainder='passthrough',
                                   transformers=[('imputer_mean',
                                                  SimpleImputer(),
                                                  ['PDI',
                                                   'Temperature '
                                                   'SANS/SLS/DLS/SEC (K)',
                                                   'Concentration (mg/ml)'])],
                                   verbose_feature_names_out=False)),
                ('Calculate Mw',
                 ColumnTransformer(remainder='passthrough',
                                   transformers=[('calculator_Mw (g/mol)',
                                                  FunctionTransformer(func=<function...
                 ColumnTransformer(remainder='passthrough',
                                   transformers=[('imputer_Mw (g/mol)',
                                                  SimpleImputer(),
                                                  ['Mw (g/mol)'])],
                                   verbose_feature_names_out=False)),
                ('drop Mn',
                 ColumnTransformer(remainder='passthrough',
                                   transformers=[('Drop Mn column',
                                                  FunctionTransformer(func=<function drop_columns at 0x14b035791cf0>,
                                                                      kw_args={'columns_to_drop': ['Mn '
                                                                                                   '(g/mol)']}),
                                                  ['Mn (g/mol)'])],
                                   verbose_feature_names_out=False))])



OPTIMIZING HYPERPARAMETERS FOR REGRESSOR XGBR 	SEED: 420


Best parameters: OrderedDict([('regressor__regressor__learning_rate', 0.017151569939489842), ('regressor__regressor__max_depth', 10), ('regressor__regressor__n_estimators', 66), ('regressor__regressor__n_jobs', -2)])





OPTIMIZING HYPERPARAMETERS FOR REGRESSOR XGBR 	SEED: 420


Best parameters: OrderedDict([('regressor__regressor__learning_rate', 0.022848943730469327), ('regressor__regressor__max_depth', 68), ('regressor__regressor__n_estimators', 50), ('regressor__regressor__n_jobs', -2)])





OPTIMIZING HYPERPARAMETERS FOR REGRESSOR XGBR 	SEED: 420


Best parameters: OrderedDict([('regressor__regressor__learning_rate', 0.0016069534994061017), ('regressor__regressor__max_depth', 10000), ('regressor__regressor__n_estimators', 884), ('regressor__regressor__n_jobs', -2)])





OPTIMIZING HYPERPARAMETERS FOR REGRESSOR XGBR 	SEED: 420


Best parameters: OrderedDict([('regressor__regressor__learning_rate', 0.02946098477337957), ('regressor__regressor__max_depth', 10), ('regressor__regressor__n_estimators', 50), ('regressor__regressor__n_jobs', -2)])





OPTIMIZING HYPERPARAMETERS FOR REGRESSOR XGBR 	SEED: 420


Best parameters: OrderedDict([('regressor__regressor__learning_rate', 0.001), ('regressor__regressor__max_depth', 10000), ('regressor__regressor__n_estimators', 1037), ('regressor__regressor__n_jobs', -2)])


Pipeline(steps=[('Impute feats',
                 ColumnTransformer(remainder='passthrough',
                                   transformers=[('imputer_mean',
                                                  SimpleImputer(),
                                                  ['PDI',
                                                   'Temperature '
                                                   'SANS/SLS/DLS/SEC (K)',
                                                   'Concentration (mg/ml)'])],
                                   verbose_feature_names_out=False)),
                ('Calculate Mw',
                 ColumnTransformer(remainder='passthrough',
                                   transformers=[('calculator_Mw (g/mol)',
                                                  FunctionTransformer(func=<function...
                 ColumnTransformer(remainder='passthrough',
                                   transformers=[('imputer_Mw (g/mol)',
                                                  SimpleImputer(),
                                                  ['Mw (g/mol)'])],
                                   verbose_feature_names_out=False)),
                ('drop Mn',
                 ColumnTransformer(remainder='passthrough',
                                   transformers=[('Drop Mn column',
                                                  FunctionTransformer(func=<function drop_columns at 0x14b035791cf0>,
                                                                      kw_args={'columns_to_drop': ['Mn '
                                                                                                   '(g/mol)']}),
                                                  ['Mn (g/mol)'])],
                                   verbose_feature_names_out=False))])



OPTIMIZING HYPERPARAMETERS FOR REGRESSOR XGBR 	SEED: 1234567890


Best parameters: OrderedDict([('regressor__regressor__learning_rate', 0.027809233399214827), ('regressor__regressor__max_depth', 10), ('regressor__regressor__n_estimators', 63), ('regressor__regressor__n_jobs', -2)])





OPTIMIZING HYPERPARAMETERS FOR REGRESSOR XGBR 	SEED: 1234567890


Best parameters: OrderedDict([('regressor__regressor__learning_rate', 0.00263547544047435), ('regressor__regressor__max_depth', 10000), ('regressor__regressor__n_estimators', 359), ('regressor__regressor__n_jobs', -2)])





OPTIMIZING HYPERPARAMETERS FOR REGRESSOR XGBR 	SEED: 1234567890


Best parameters: OrderedDict([('regressor__regressor__learning_rate', 0.0033062606291976385), ('regressor__regressor__max_depth', 10000), ('regressor__regressor__n_estimators', 224), ('regressor__regressor__n_jobs', -2)])





OPTIMIZING HYPERPARAMETERS FOR REGRESSOR XGBR 	SEED: 1234567890


Best parameters: OrderedDict([('regressor__regressor__learning_rate', 0.013304496870739091), ('regressor__regressor__max_depth', 10), ('regressor__regressor__n_estimators', 87), ('regressor__regressor__n_jobs', -2)])





OPTIMIZING HYPERPARAMETERS FOR REGRESSOR XGBR 	SEED: 1234567890


Best parameters: OrderedDict([('regressor__regressor__learning_rate', 0.0042952282410254955), ('regressor__regressor__max_depth', 10), ('regressor__regressor__n_estimators', 211), ('regressor__regressor__n_jobs', -2)])


Pipeline(steps=[('Impute feats',
                 ColumnTransformer(remainder='passthrough',
                                   transformers=[('imputer_mean',
                                                  SimpleImputer(),
                                                  ['PDI',
                                                   'Temperature '
                                                   'SANS/SLS/DLS/SEC (K)',
                                                   'Concentration (mg/ml)'])],
                                   verbose_feature_names_out=False)),
                ('Calculate Mw',
                 ColumnTransformer(remainder='passthrough',
                                   transformers=[('calculator_Mw (g/mol)',
                                                  FunctionTransformer(func=<function...
                 ColumnTransformer(remainder='passthrough',
                                   transformers=[('imputer_Mw (g/mol)',
                                                  SimpleImputer(),
                                                  ['Mw (g/mol)'])],
                                   verbose_feature_names_out=False)),
                ('drop Mn',
                 ColumnTransformer(remainder='passthrough',
                                   transformers=[('Drop Mn column',
                                                  FunctionTransformer(func=<function drop_columns at 0x14b035791cf0>,
                                                                      kw_args={'columns_to_drop': ['Mn '
                                                                                                   '(g/mol)']}),
                                                  ['Mn (g/mol)'])],
                                   verbose_feature_names_out=False))])



OPTIMIZING HYPERPARAMETERS FOR REGRESSOR XGBR 	SEED: 473129


Best parameters: OrderedDict([('regressor__regressor__learning_rate', 0.00932432813442515), ('regressor__regressor__max_depth', 10), ('regressor__regressor__n_estimators', 63), ('regressor__regressor__n_jobs', -2)])





OPTIMIZING HYPERPARAMETERS FOR REGRESSOR XGBR 	SEED: 473129


Best parameters: OrderedDict([('regressor__regressor__learning_rate', 0.0027496434011872093), ('regressor__regressor__max_depth', 10000), ('regressor__regressor__n_estimators', 374), ('regressor__regressor__n_jobs', -2)])





OPTIMIZING HYPERPARAMETERS FOR REGRESSOR XGBR 	SEED: 473129


Best parameters: OrderedDict([('regressor__regressor__learning_rate', 0.001907493248220075), ('regressor__regressor__max_depth', 10000), ('regressor__regressor__n_estimators', 530), ('regressor__regressor__n_jobs', -2)])





OPTIMIZING HYPERPARAMETERS FOR REGRESSOR XGBR 	SEED: 473129


Best parameters: OrderedDict([('regressor__regressor__learning_rate', 0.01940521095090775), ('regressor__regressor__max_depth', 10000), ('regressor__regressor__n_estimators', 50), ('regressor__regressor__n_jobs', -2)])





OPTIMIZING HYPERPARAMETERS FOR REGRESSOR XGBR 	SEED: 473129


Best parameters: OrderedDict([('regressor__regressor__learning_rate', 0.012101539736142062), ('regressor__regressor__max_depth', 5097), ('regressor__regressor__n_estimators', 98), ('regressor__regressor__n_jobs', -2)])


Average scores:	 r: 0.53±0.1	 r2: 0.25±0.12
Dimer_scaler
Filename: (ECFP3.count.512-PDI-Mw-concentration-temperature-polymer dP-polymer dD-polymer dH-solvent dP-solvent dD-solvent dH)_XGBR_transformerOFF
/gpfs_common/share03/ddomlab/sdehgha2/working-space/main/P1_pls-dataset/pls-dataset-space/PLS-Dataset/results/target_log Second Peak wo placeholder/Dimer_scaler/(ECFP3.count.512-PDI-Mw-concentration-temperature-polymer dP-polymer dD-polymer dH-solvent dP-solvent dD-solvent dH)_XGBR_transformerOFF_scores.json
/gpfs_common/share03/ddomlab/sdehgha2/working-space/main/P1_pls-dataset/pls-dataset-space/PLS-Dataset/results/target_log Second Peak wo placeholder/Dimer_scaler/(ECFP3.count.512-PDI-Mw-concentration-temperature-polymer dP-polymer dD-polymer dH-solvent dP-solvent dD-solvent dH)_XGBR_transformerOFF_predictions.csv
/gpfs_common/share03/ddomlab/sdehgha2/working-space/main/P1_pls-dataset/pls-dataset-space/PLS-Dataset/results/target_log Second Peak wo placeholder/Dimer_scaler/(ECFP3.count.512-PDI-Mw-concentration-temperature-polymer dP-polymer dD-polymer dH-solvent dP-solvent dD-solvent dH)_XGBR_transformerOFF_shape.json
Done Saving scores!

------------------------------------------------------------
Sender: LSF System <lsfadmin@c037n01>
Subject: Job 500588: <XGBR_log Second Peak wo placeholder_ECFP_Dimer_20250205> in cluster <Hazel> Done

Job <XGBR_log Second Peak wo placeholder_ECFP_Dimer_20250205> was submitted from host <c024n02> by user <sdehgha2> in cluster <Hazel> at Wed Feb  5 10:03:51 2025
Job was executed on host(s) <8*c037n01>, in queue <single_chassis>, as user <sdehgha2> in cluster <Hazel> at Wed Feb  5 10:03:53 2025
</home/sdehgha2> was used as the home directory.
</share/ddomlab/sdehgha2/working-space/main/P1_pls-dataset/pls-dataset-space/PLS-Dataset/code_/training/hpc_submit_training_Rh> was used as the working directory.
Started at Wed Feb  5 10:03:53 2025
Terminated at Wed Feb  5 11:42:35 2025
Results reported at Wed Feb  5 11:42:35 2025

Your job looked like:

------------------------------------------------------------
# LSBATCH: User input



#BSUB -n 8
#BSUB -W 72:05
#BSUB -R span[hosts=1]
#BSUB -R "rusage[mem=16GB]"
#BSUB -J "XGBR_log Second Peak wo placeholder_ECFP_Dimer_20250205"  
#BSUB -o "/share/ddomlab/sdehgha2/working-space/main/P1_pls-dataset/pls-dataset-space/PLS-Dataset/results/hpc_20250205/XGBR_log Second Peak wo placeholder_ECFP_Dimer_3_count_20250205.out"
#BSUB -e "/share/ddomlab/sdehgha2/working-space/main/P1_pls-dataset/pls-dataset-space/PLS-Dataset/results/hpc_20250205/XGBR_log Second Peak wo placeholder_ECFP_Dimer_3_count_20250205.err"

source ~/.bashrc
conda activate /usr/local/usrapps/ddomlab/sdehgha2/pls-dataset-env
python ../train_structure_numerical.py --target_features "log Second Peak wo placeholder"                                       --representation "ECFP"                                       --regressor_type "XGBR"                                       --radius "3"                                       --vector "count"                                       --oligomer_representation "Dimer"                                       --numerical_feats 'Mn (g/mol)' 'PDI' 'Mw (g/mol)' 'Concentration (mg/ml)' 'Temperature SANS/SLS/DLS/SEC (K)' "polymer dP" "polymer dD" "polymer dH" 'solvent dP' 'solvent dD' 'solvent dH'                                       --columns_to_impute "PDI" "Temperature SANS/SLS/DLS/SEC (K)" "Concentration (mg/ml)"                                       --special_impute 'Mw (g/mol)'                                       --imputer mean 




------------------------------------------------------------

Successfully completed.

Resource usage summary:

    CPU time :                                   22598.00 sec.
    Max Memory :                                 10 GB
    Average Memory :                             8.75 GB
    Total Requested Memory :                     16.00 GB
    Delta Memory :                               6.00 GB
    Max Swap :                                   -
    Max Processes :                              38
    Max Threads :                                41
    Run time :                                   5943 sec.
    Turnaround time :                            5924 sec.

The output (if any) is above this job summary.



PS:

Read file </share/ddomlab/sdehgha2/working-space/main/P1_pls-dataset/pls-dataset-space/PLS-Dataset/results/hpc_20250205/XGBR_log Second Peak wo placeholder_ECFP_Dimer_3_count_20250205.err> for stderr output of this job.

