


OPTIMIZING HYPERPARAMETERS FOR REGRESSOR MLR 	SEED: 6


Best parameters: OrderedDict([('regressor__regressor__fit_intercept', False)])





OPTIMIZING HYPERPARAMETERS FOR REGRESSOR MLR 	SEED: 6


Best parameters: OrderedDict([('regressor__regressor__fit_intercept', False)])





OPTIMIZING HYPERPARAMETERS FOR REGRESSOR MLR 	SEED: 6


Best parameters: OrderedDict([('regressor__regressor__fit_intercept', True)])





OPTIMIZING HYPERPARAMETERS FOR REGRESSOR MLR 	SEED: 6


Best parameters: OrderedDict([('regressor__regressor__fit_intercept', False)])





OPTIMIZING HYPERPARAMETERS FOR REGRESSOR MLR 	SEED: 6


Best parameters: OrderedDict([('regressor__regressor__fit_intercept', False)])





OPTIMIZING HYPERPARAMETERS FOR REGRESSOR MLR 	SEED: 13


Best parameters: OrderedDict([('regressor__regressor__fit_intercept', False)])





OPTIMIZING HYPERPARAMETERS FOR REGRESSOR MLR 	SEED: 13


Best parameters: OrderedDict([('regressor__regressor__fit_intercept', True)])





OPTIMIZING HYPERPARAMETERS FOR REGRESSOR MLR 	SEED: 13


Best parameters: OrderedDict([('regressor__regressor__fit_intercept', True)])





OPTIMIZING HYPERPARAMETERS FOR REGRESSOR MLR 	SEED: 13


Best parameters: OrderedDict([('regressor__regressor__fit_intercept', False)])





OPTIMIZING HYPERPARAMETERS FOR REGRESSOR MLR 	SEED: 13


Best parameters: OrderedDict([('regressor__regressor__fit_intercept', False)])





OPTIMIZING HYPERPARAMETERS FOR REGRESSOR MLR 	SEED: 42


Best parameters: OrderedDict([('regressor__regressor__fit_intercept', True)])





OPTIMIZING HYPERPARAMETERS FOR REGRESSOR MLR 	SEED: 42


Best parameters: OrderedDict([('regressor__regressor__fit_intercept', False)])





OPTIMIZING HYPERPARAMETERS FOR REGRESSOR MLR 	SEED: 42


Best parameters: OrderedDict([('regressor__regressor__fit_intercept', False)])





OPTIMIZING HYPERPARAMETERS FOR REGRESSOR MLR 	SEED: 42


Best parameters: OrderedDict([('regressor__regressor__fit_intercept', True)])





OPTIMIZING HYPERPARAMETERS FOR REGRESSOR MLR 	SEED: 42


Best parameters: OrderedDict([('regressor__regressor__fit_intercept', False)])





OPTIMIZING HYPERPARAMETERS FOR REGRESSOR MLR 	SEED: 69


Best parameters: OrderedDict([('regressor__regressor__fit_intercept', True)])





OPTIMIZING HYPERPARAMETERS FOR REGRESSOR MLR 	SEED: 69


Best parameters: OrderedDict([('regressor__regressor__fit_intercept', False)])





OPTIMIZING HYPERPARAMETERS FOR REGRESSOR MLR 	SEED: 69


Best parameters: OrderedDict([('regressor__regressor__fit_intercept', False)])





OPTIMIZING HYPERPARAMETERS FOR REGRESSOR MLR 	SEED: 69


Best parameters: OrderedDict([('regressor__regressor__fit_intercept', False)])





OPTIMIZING HYPERPARAMETERS FOR REGRESSOR MLR 	SEED: 69


Best parameters: OrderedDict([('regressor__regressor__fit_intercept', False)])





OPTIMIZING HYPERPARAMETERS FOR REGRESSOR MLR 	SEED: 420


Best parameters: OrderedDict([('regressor__regressor__fit_intercept', False)])





OPTIMIZING HYPERPARAMETERS FOR REGRESSOR MLR 	SEED: 420


Best parameters: OrderedDict([('regressor__regressor__fit_intercept', False)])





OPTIMIZING HYPERPARAMETERS FOR REGRESSOR MLR 	SEED: 420


Best parameters: OrderedDict([('regressor__regressor__fit_intercept', False)])





OPTIMIZING HYPERPARAMETERS FOR REGRESSOR MLR 	SEED: 420


Best parameters: OrderedDict([('regressor__regressor__fit_intercept', True)])





OPTIMIZING HYPERPARAMETERS FOR REGRESSOR MLR 	SEED: 420


Best parameters: OrderedDict([('regressor__regressor__fit_intercept', True)])





OPTIMIZING HYPERPARAMETERS FOR REGRESSOR MLR 	SEED: 1234567890


Best parameters: OrderedDict([('regressor__regressor__fit_intercept', True)])





OPTIMIZING HYPERPARAMETERS FOR REGRESSOR MLR 	SEED: 1234567890


Best parameters: OrderedDict([('regressor__regressor__fit_intercept', False)])





OPTIMIZING HYPERPARAMETERS FOR REGRESSOR MLR 	SEED: 1234567890


Best parameters: OrderedDict([('regressor__regressor__fit_intercept', False)])





OPTIMIZING HYPERPARAMETERS FOR REGRESSOR MLR 	SEED: 1234567890


Best parameters: OrderedDict([('regressor__regressor__fit_intercept', False)])





OPTIMIZING HYPERPARAMETERS FOR REGRESSOR MLR 	SEED: 1234567890


Best parameters: OrderedDict([('regressor__regressor__fit_intercept', False)])





OPTIMIZING HYPERPARAMETERS FOR REGRESSOR MLR 	SEED: 473129


Best parameters: OrderedDict([('regressor__regressor__fit_intercept', False)])





OPTIMIZING HYPERPARAMETERS FOR REGRESSOR MLR 	SEED: 473129


Best parameters: OrderedDict([('regressor__regressor__fit_intercept', False)])





OPTIMIZING HYPERPARAMETERS FOR REGRESSOR MLR 	SEED: 473129


Best parameters: OrderedDict([('regressor__regressor__fit_intercept', False)])





OPTIMIZING HYPERPARAMETERS FOR REGRESSOR MLR 	SEED: 473129


Best parameters: OrderedDict([('regressor__regressor__fit_intercept', True)])





OPTIMIZING HYPERPARAMETERS FOR REGRESSOR MLR 	SEED: 473129


Best parameters: OrderedDict([('regressor__regressor__fit_intercept', False)])


{'targets_shape': (255, 1), 'training_features_shape': (255, 7)}
Average scores:	 r: 0.26±0.21	 r2: -0.2±0.84
scaler
Filename: (polymer dP-polymer dD-polymer dH-solvent dP-solvent dD-solvent dH-Ra)_MLR_Standard
/gpfs_common/share03/ddomlab/sdehgha2/working-space/main/P1_pls-dataset/pls-dataset-space/PLS-Dataset/results/target_Rg/scaler/(polymer dP-polymer dD-polymer dH-solvent dP-solvent dD-solvent dH-Ra)_MLR_Standard_scores.json
/gpfs_common/share03/ddomlab/sdehgha2/working-space/main/P1_pls-dataset/pls-dataset-space/PLS-Dataset/results/target_Rg/scaler/(polymer dP-polymer dD-polymer dH-solvent dP-solvent dD-solvent dH-Ra)_MLR_Standard_predictions.csv
/gpfs_common/share03/ddomlab/sdehgha2/working-space/main/P1_pls-dataset/pls-dataset-space/PLS-Dataset/results/target_Rg/scaler/(polymer dP-polymer dD-polymer dH-solvent dP-solvent dD-solvent dH-Ra)_MLR_Standard_shape.json
Done Saving scores!

------------------------------------------------------------
Sender: LSF System <lsfadmin@c031n03>
Subject: Job 202793: <poly_HSP_with_MLR_on_Rg1 (nm)> in cluster <Hazel> Done

Job <poly_HSP_with_MLR_on_Rg1 (nm)> was submitted from host <c022n02> by user <sdehgha2> in cluster <Hazel> at Tue Nov  5 16:57:16 2024
Job was executed on host(s) <4*c031n03>, in queue <single_chassis>, as user <sdehgha2> in cluster <Hazel> at Tue Nov  5 16:57:36 2024
                            <4*c028n01>
</home/sdehgha2> was used as the home directory.
</share/ddomlab/sdehgha2/working-space/main/P1_pls-dataset/pls-dataset-space/PLS-Dataset/code_/training/hpc_submit_training> was used as the working directory.
Started at Tue Nov  5 16:57:36 2024
Terminated at Tue Nov  5 18:08:59 2024
Results reported at Tue Nov  5 18:08:59 2024

Your job looked like:

------------------------------------------------------------
# LSBATCH: User input

#BSUB -n 8
#BSUB -W 30:01
#BSUB -R span[ptile=4]
#BSUB -R "rusage[mem=32GB]"
#BSUB -J "poly_HSP_with_MLR_on_Rg1 (nm)"
#BSUB -o "/share/ddomlab/sdehgha2/working-space/main/P1_pls-dataset/pls-dataset-space/PLS-Dataset/results/poly_HSP_with_MLR_on_Rg1 (nm)_Ra_added.out"
#BSUB -e "/share/ddomlab/sdehgha2/working-space/main/P1_pls-dataset/pls-dataset-space/PLS-Dataset/results/poly_HSP_with_MLR_on_Rg1 (nm)_Ra_added.err"

source ~/.bashrc
conda activate /usr/local/usrapps/ddomlab/sdehgha2/pls-dataset-env
python ../train_numerical_only.py --target_features "Rg1 (nm)"                                   --regressor_type "MLR"                                   --numerical_feats "polymer dP" "polymer dD" "polymer dH" "solvent dP" "solvent dD" "solvent dH" "Ra"
                                  
conda deactivate


------------------------------------------------------------

Successfully completed.

Resource usage summary:

    CPU time :                                   1093.10 sec.
    Max Memory :                                 2 GB
    Average Memory :                             1.44 GB
    Total Requested Memory :                     64.00 GB
    Delta Memory :                               62.00 GB
    Max Swap :                                   -
    Max Processes :                              38
    Max Threads :                                41
    Run time :                                   4283 sec.
    Turnaround time :                            4303 sec.

The output (if any) is above this job summary.



PS:

Read file </share/ddomlab/sdehgha2/working-space/main/P1_pls-dataset/pls-dataset-space/PLS-Dataset/results/poly_HSP_with_MLR_on_Rg1 (nm)_Ra_added.err> for stderr output of this job.

