


OPTIMIZING HYPERPARAMETERS FOR REGRESSOR RF 	SEED: 6


Best parameters: OrderedDict([('regressor__regressor__max_depth', None), ('regressor__regressor__max_features', 'sqrt'), ('regressor__regressor__min_samples_leaf', 0.05), ('regressor__regressor__min_samples_split', 0.05), ('regressor__regressor__n_estimators', 2000)])





OPTIMIZING HYPERPARAMETERS FOR REGRESSOR RF 	SEED: 6


Best parameters: OrderedDict([('regressor__regressor__max_depth', None), ('regressor__regressor__max_features', 'sqrt'), ('regressor__regressor__min_samples_leaf', 0.05), ('regressor__regressor__min_samples_split', 0.3856263771696428), ('regressor__regressor__n_estimators', 50)])





OPTIMIZING HYPERPARAMETERS FOR REGRESSOR RF 	SEED: 6


Best parameters: OrderedDict([('regressor__regressor__max_depth', None), ('regressor__regressor__max_features', 'sqrt'), ('regressor__regressor__min_samples_leaf', 0.05), ('regressor__regressor__min_samples_split', 0.05), ('regressor__regressor__n_estimators', 2000)])





OPTIMIZING HYPERPARAMETERS FOR REGRESSOR RF 	SEED: 6


Best parameters: OrderedDict([('regressor__regressor__max_depth', None), ('regressor__regressor__max_features', 'sqrt'), ('regressor__regressor__min_samples_leaf', 0.05), ('regressor__regressor__min_samples_split', 0.05), ('regressor__regressor__n_estimators', 2000)])





OPTIMIZING HYPERPARAMETERS FOR REGRESSOR RF 	SEED: 6


Best parameters: OrderedDict([('regressor__regressor__max_depth', None), ('regressor__regressor__max_features', 'sqrt'), ('regressor__regressor__min_samples_leaf', 0.05), ('regressor__regressor__min_samples_split', 0.442933198563168), ('regressor__regressor__n_estimators', 50)])





OPTIMIZING HYPERPARAMETERS FOR REGRESSOR RF 	SEED: 13


Best parameters: OrderedDict([('regressor__regressor__max_depth', None), ('regressor__regressor__max_features', 'sqrt'), ('regressor__regressor__min_samples_leaf', 0.05), ('regressor__regressor__min_samples_split', 0.22911256003264918), ('regressor__regressor__n_estimators', 50)])





OPTIMIZING HYPERPARAMETERS FOR REGRESSOR RF 	SEED: 13


Best parameters: OrderedDict([('regressor__regressor__max_depth', None), ('regressor__regressor__max_features', 'sqrt'), ('regressor__regressor__min_samples_leaf', 0.05), ('regressor__regressor__min_samples_split', 0.10024502260327067), ('regressor__regressor__n_estimators', 2000)])





OPTIMIZING HYPERPARAMETERS FOR REGRESSOR RF 	SEED: 13


Best parameters: OrderedDict([('regressor__regressor__max_depth', None), ('regressor__regressor__max_features', 'sqrt'), ('regressor__regressor__min_samples_leaf', 0.05), ('regressor__regressor__min_samples_split', 0.10712744442876895), ('regressor__regressor__n_estimators', 2000)])





OPTIMIZING HYPERPARAMETERS FOR REGRESSOR RF 	SEED: 13


Best parameters: OrderedDict([('regressor__regressor__max_depth', None), ('regressor__regressor__max_features', 'sqrt'), ('regressor__regressor__min_samples_leaf', 0.05), ('regressor__regressor__min_samples_split', 0.3327591504919266), ('regressor__regressor__n_estimators', 50)])





OPTIMIZING HYPERPARAMETERS FOR REGRESSOR RF 	SEED: 13


Best parameters: OrderedDict([('regressor__regressor__max_depth', None), ('regressor__regressor__max_features', 'sqrt'), ('regressor__regressor__min_samples_leaf', 0.05), ('regressor__regressor__min_samples_split', 0.05), ('regressor__regressor__n_estimators', 98)])





OPTIMIZING HYPERPARAMETERS FOR REGRESSOR RF 	SEED: 42


Best parameters: OrderedDict([('regressor__regressor__max_depth', None), ('regressor__regressor__max_features', 'sqrt'), ('regressor__regressor__min_samples_leaf', 0.05), ('regressor__regressor__min_samples_split', 0.08667016794798388), ('regressor__regressor__n_estimators', 50)])





OPTIMIZING HYPERPARAMETERS FOR REGRESSOR RF 	SEED: 42


Best parameters: OrderedDict([('regressor__regressor__max_depth', None), ('regressor__regressor__max_features', 'sqrt'), ('regressor__regressor__min_samples_leaf', 0.05), ('regressor__regressor__min_samples_split', 0.22985597013582687), ('regressor__regressor__n_estimators', 50)])





OPTIMIZING HYPERPARAMETERS FOR REGRESSOR RF 	SEED: 42


Best parameters: OrderedDict([('regressor__regressor__max_depth', None), ('regressor__regressor__max_features', 'sqrt'), ('regressor__regressor__min_samples_leaf', 0.05), ('regressor__regressor__min_samples_split', 0.09330121134977278), ('regressor__regressor__n_estimators', 50)])





OPTIMIZING HYPERPARAMETERS FOR REGRESSOR RF 	SEED: 42


Best parameters: OrderedDict([('regressor__regressor__max_depth', None), ('regressor__regressor__max_features', 'sqrt'), ('regressor__regressor__min_samples_leaf', 0.05), ('regressor__regressor__min_samples_split', 0.2898444672600864), ('regressor__regressor__n_estimators', 50)])





OPTIMIZING HYPERPARAMETERS FOR REGRESSOR RF 	SEED: 42


Best parameters: OrderedDict([('regressor__regressor__max_depth', None), ('regressor__regressor__max_features', 'sqrt'), ('regressor__regressor__min_samples_leaf', 0.05), ('regressor__regressor__min_samples_split', 0.05), ('regressor__regressor__n_estimators', 2000)])





OPTIMIZING HYPERPARAMETERS FOR REGRESSOR RF 	SEED: 69


Best parameters: OrderedDict([('regressor__regressor__max_depth', None), ('regressor__regressor__max_features', 'sqrt'), ('regressor__regressor__min_samples_leaf', 0.05), ('regressor__regressor__min_samples_split', 0.05), ('regressor__regressor__n_estimators', 50)])





OPTIMIZING HYPERPARAMETERS FOR REGRESSOR RF 	SEED: 69


Best parameters: OrderedDict([('regressor__regressor__max_depth', None), ('regressor__regressor__max_features', 'sqrt'), ('regressor__regressor__min_samples_leaf', 0.05), ('regressor__regressor__min_samples_split', 0.09495293195308238), ('regressor__regressor__n_estimators', 2000)])





OPTIMIZING HYPERPARAMETERS FOR REGRESSOR RF 	SEED: 69


Best parameters: OrderedDict([('regressor__regressor__max_depth', None), ('regressor__regressor__max_features', 'sqrt'), ('regressor__regressor__min_samples_leaf', 0.05), ('regressor__regressor__min_samples_split', 0.13515304266984887), ('regressor__regressor__n_estimators', 2000)])





OPTIMIZING HYPERPARAMETERS FOR REGRESSOR RF 	SEED: 69


Best parameters: OrderedDict([('regressor__regressor__max_depth', None), ('regressor__regressor__max_features', 'sqrt'), ('regressor__regressor__min_samples_leaf', 0.05), ('regressor__regressor__min_samples_split', 0.05), ('regressor__regressor__n_estimators', 50)])





OPTIMIZING HYPERPARAMETERS FOR REGRESSOR RF 	SEED: 69


Best parameters: OrderedDict([('regressor__regressor__max_depth', None), ('regressor__regressor__max_features', 'sqrt'), ('regressor__regressor__min_samples_leaf', 0.05), ('regressor__regressor__min_samples_split', 0.19868111004492628), ('regressor__regressor__n_estimators', 60)])





OPTIMIZING HYPERPARAMETERS FOR REGRESSOR RF 	SEED: 420


Best parameters: OrderedDict([('regressor__regressor__max_depth', None), ('regressor__regressor__max_features', 'sqrt'), ('regressor__regressor__min_samples_leaf', 0.05), ('regressor__regressor__min_samples_split', 0.05), ('regressor__regressor__n_estimators', 2000)])





OPTIMIZING HYPERPARAMETERS FOR REGRESSOR RF 	SEED: 420


Best parameters: OrderedDict([('regressor__regressor__max_depth', None), ('regressor__regressor__max_features', 'sqrt'), ('regressor__regressor__min_samples_leaf', 0.05079193540404366), ('regressor__regressor__min_samples_split', 0.2523680149965339), ('regressor__regressor__n_estimators', 667)])





OPTIMIZING HYPERPARAMETERS FOR REGRESSOR RF 	SEED: 420


Best parameters: OrderedDict([('regressor__regressor__max_depth', None), ('regressor__regressor__max_features', 'sqrt'), ('regressor__regressor__min_samples_leaf', 0.059066508538113405), ('regressor__regressor__min_samples_split', 0.06537088445224708), ('regressor__regressor__n_estimators', 51)])





OPTIMIZING HYPERPARAMETERS FOR REGRESSOR RF 	SEED: 420


Best parameters: OrderedDict([('regressor__regressor__max_depth', None), ('regressor__regressor__max_features', 'sqrt'), ('regressor__regressor__min_samples_leaf', 0.05), ('regressor__regressor__min_samples_split', 0.12070021602133965), ('regressor__regressor__n_estimators', 258)])





OPTIMIZING HYPERPARAMETERS FOR REGRESSOR RF 	SEED: 420


Best parameters: OrderedDict([('regressor__regressor__max_depth', None), ('regressor__regressor__max_features', 'sqrt'), ('regressor__regressor__min_samples_leaf', 0.05284256057671134), ('regressor__regressor__min_samples_split', 0.34701293273666045), ('regressor__regressor__n_estimators', 97)])





OPTIMIZING HYPERPARAMETERS FOR REGRESSOR RF 	SEED: 1234567890


Best parameters: OrderedDict([('regressor__regressor__max_depth', None), ('regressor__regressor__max_features', 'sqrt'), ('regressor__regressor__min_samples_leaf', 0.05), ('regressor__regressor__min_samples_split', 0.34794636132166584), ('regressor__regressor__n_estimators', 50)])





OPTIMIZING HYPERPARAMETERS FOR REGRESSOR RF 	SEED: 1234567890


Best parameters: OrderedDict([('regressor__regressor__max_depth', None), ('regressor__regressor__max_features', 'sqrt'), ('regressor__regressor__min_samples_leaf', 0.05), ('regressor__regressor__min_samples_split', 0.05), ('regressor__regressor__n_estimators', 50)])





OPTIMIZING HYPERPARAMETERS FOR REGRESSOR RF 	SEED: 1234567890


Best parameters: OrderedDict([('regressor__regressor__max_depth', None), ('regressor__regressor__max_features', 'sqrt'), ('regressor__regressor__min_samples_leaf', 0.05), ('regressor__regressor__min_samples_split', 0.05), ('regressor__regressor__n_estimators', 2000)])





OPTIMIZING HYPERPARAMETERS FOR REGRESSOR RF 	SEED: 1234567890


Best parameters: OrderedDict([('regressor__regressor__max_depth', None), ('regressor__regressor__max_features', 'sqrt'), ('regressor__regressor__min_samples_leaf', 0.05), ('regressor__regressor__min_samples_split', 0.11637309509443006), ('regressor__regressor__n_estimators', 331)])





OPTIMIZING HYPERPARAMETERS FOR REGRESSOR RF 	SEED: 1234567890


Best parameters: OrderedDict([('regressor__regressor__max_depth', None), ('regressor__regressor__max_features', 'sqrt'), ('regressor__regressor__min_samples_leaf', 0.05), ('regressor__regressor__min_samples_split', 0.35014163797752873), ('regressor__regressor__n_estimators', 50)])





OPTIMIZING HYPERPARAMETERS FOR REGRESSOR RF 	SEED: 473129


Best parameters: OrderedDict([('regressor__regressor__max_depth', None), ('regressor__regressor__max_features', 'sqrt'), ('regressor__regressor__min_samples_leaf', 0.05), ('regressor__regressor__min_samples_split', 0.05), ('regressor__regressor__n_estimators', 346)])





OPTIMIZING HYPERPARAMETERS FOR REGRESSOR RF 	SEED: 473129


Best parameters: OrderedDict([('regressor__regressor__max_depth', None), ('regressor__regressor__max_features', 'sqrt'), ('regressor__regressor__min_samples_leaf', 0.05), ('regressor__regressor__min_samples_split', 0.0723535426871804), ('regressor__regressor__n_estimators', 2000)])





OPTIMIZING HYPERPARAMETERS FOR REGRESSOR RF 	SEED: 473129


Best parameters: OrderedDict([('regressor__regressor__max_depth', None), ('regressor__regressor__max_features', 'sqrt'), ('regressor__regressor__min_samples_leaf', 0.05), ('regressor__regressor__min_samples_split', 0.1245096152679346), ('regressor__regressor__n_estimators', 605)])





OPTIMIZING HYPERPARAMETERS FOR REGRESSOR RF 	SEED: 473129


Best parameters: OrderedDict([('regressor__regressor__max_depth', None), ('regressor__regressor__max_features', 'sqrt'), ('regressor__regressor__min_samples_leaf', 0.05), ('regressor__regressor__min_samples_split', 0.05), ('regressor__regressor__n_estimators', 2000)])





OPTIMIZING HYPERPARAMETERS FOR REGRESSOR RF 	SEED: 473129


Best parameters: OrderedDict([('regressor__regressor__max_depth', None), ('regressor__regressor__max_features', 'sqrt'), ('regressor__regressor__min_samples_leaf', 0.05), ('regressor__regressor__min_samples_split', 0.10180325600598333), ('regressor__regressor__n_estimators', 50)])


Average scores:	 r: 0.42±0.14	 r2: 0.14±0.09
Filename: (MACCS)_RF_Standard
Done Saving scores!

------------------------------------------------------------
Sender: LSF System <lsfadmin@c029n01>
Subject: Job 741575: <MACCS_RF_RRU Dimer_log Rg (nm)_20250327> in cluster <Hazel> Done

Job <MACCS_RF_RRU Dimer_log Rg (nm)_20250327> was submitted from host <c003n02> by user <sdehgha2> in cluster <Hazel> at Sat Apr  5 16:01:11 2025
Job was executed on host(s) <6*c029n01>, in queue <single_chassis>, as user <sdehgha2> in cluster <Hazel> at Sat Apr  5 16:01:12 2025
</home/sdehgha2> was used as the home directory.
</share/ddomlab/sdehgha2/working-space/main/P1_pls-dataset/pls-dataset-space/PLS-Dataset/code_/training/hpc_submit_training_Rh> was used as the working directory.
Started at Sat Apr  5 16:01:12 2025
Terminated at Sat Apr  5 16:55:08 2025
Results reported at Sat Apr  5 16:55:08 2025

Your job looked like:

------------------------------------------------------------
# LSBATCH: User input
          
#BSUB -n 6
#BSUB -W 25:01
#BSUB -R span[hosts=1]
#BSUB -R "rusage[mem=16GB]"
#BSUB -J "MACCS_RF_RRU Dimer_log Rg (nm)_20250327"  
#BSUB -o "/share/ddomlab/sdehgha2/working-space/main/P1_pls-dataset/pls-dataset-space/PLS-Dataset/results/hpc_20250327/MACCS_RF_RRU Dimer_log Rg (nm)_20250327.out"
#BSUB -e "/share/ddomlab/sdehgha2/working-space/main/P1_pls-dataset/pls-dataset-space/PLS-Dataset/results/hpc_20250327/MACCS_RF_RRU Dimer_log Rg (nm)_20250327.err"

source ~/.bashrc
conda activate /usr/local/usrapps/ddomlab/sdehgha2/pls-dataset-env
python ../train_structure_only.py --target_features "log Rg (nm)"                                   --representation "MACCS"                                   --regressor_type "RF"                                   --oligomer_representation "RRU Dimer" 

------------------------------------------------------------

Successfully completed.

Resource usage summary:

    CPU time :                                   8444.00 sec.
    Max Memory :                                 3 GB
    Average Memory :                             2.82 GB
    Total Requested Memory :                     16.00 GB
    Delta Memory :                               13.00 GB
    Max Swap :                                   -
    Max Processes :                              38
    Max Threads :                                41
    Run time :                                   3237 sec.
    Turnaround time :                            3237 sec.

The output (if any) is above this job summary.



PS:

Read file </share/ddomlab/sdehgha2/working-space/main/P1_pls-dataset/pls-dataset-space/PLS-Dataset/results/hpc_20250327/MACCS_RF_RRU Dimer_log Rg (nm)_20250327.err> for stderr output of this job.

