


OPTIMIZING HYPERPARAMETERS FOR REGRESSOR NGB 	SEED: 6


Best parameters: OrderedDict([('regressor__regressor__n_estimators', 82), ('regressor__regressor__natural_gradient', True), ('regressor__regressor__verbose', False)])





OPTIMIZING HYPERPARAMETERS FOR REGRESSOR NGB 	SEED: 6


Best parameters: OrderedDict([('regressor__regressor__n_estimators', 88), ('regressor__regressor__natural_gradient', True), ('regressor__regressor__verbose', False)])





OPTIMIZING HYPERPARAMETERS FOR REGRESSOR NGB 	SEED: 6


Best parameters: OrderedDict([('regressor__regressor__n_estimators', 92), ('regressor__regressor__natural_gradient', True), ('regressor__regressor__verbose', False)])





OPTIMIZING HYPERPARAMETERS FOR REGRESSOR NGB 	SEED: 6


Best parameters: OrderedDict([('regressor__regressor__n_estimators', 95), ('regressor__regressor__natural_gradient', True), ('regressor__regressor__verbose', False)])





OPTIMIZING HYPERPARAMETERS FOR REGRESSOR NGB 	SEED: 6


Best parameters: OrderedDict([('regressor__regressor__n_estimators', 101), ('regressor__regressor__natural_gradient', True), ('regressor__regressor__verbose', False)])





OPTIMIZING HYPERPARAMETERS FOR REGRESSOR NGB 	SEED: 13


Best parameters: OrderedDict([('regressor__regressor__n_estimators', 292), ('regressor__regressor__natural_gradient', True), ('regressor__regressor__verbose', False)])





OPTIMIZING HYPERPARAMETERS FOR REGRESSOR NGB 	SEED: 13


Best parameters: OrderedDict([('regressor__regressor__n_estimators', 136), ('regressor__regressor__natural_gradient', True), ('regressor__regressor__verbose', False)])





OPTIMIZING HYPERPARAMETERS FOR REGRESSOR NGB 	SEED: 13


Best parameters: OrderedDict([('regressor__regressor__n_estimators', 168), ('regressor__regressor__natural_gradient', True), ('regressor__regressor__verbose', False)])





OPTIMIZING HYPERPARAMETERS FOR REGRESSOR NGB 	SEED: 13


Best parameters: OrderedDict([('regressor__regressor__n_estimators', 708), ('regressor__regressor__natural_gradient', True), ('regressor__regressor__verbose', False)])





OPTIMIZING HYPERPARAMETERS FOR REGRESSOR NGB 	SEED: 13


Best parameters: OrderedDict([('regressor__regressor__n_estimators', 102), ('regressor__regressor__natural_gradient', True), ('regressor__regressor__verbose', False)])





OPTIMIZING HYPERPARAMETERS FOR REGRESSOR NGB 	SEED: 42


Best parameters: OrderedDict([('regressor__regressor__n_estimators', 156), ('regressor__regressor__natural_gradient', True), ('regressor__regressor__verbose', False)])





OPTIMIZING HYPERPARAMETERS FOR REGRESSOR NGB 	SEED: 42


Best parameters: OrderedDict([('regressor__regressor__n_estimators', 145), ('regressor__regressor__natural_gradient', True), ('regressor__regressor__verbose', False)])





OPTIMIZING HYPERPARAMETERS FOR REGRESSOR NGB 	SEED: 42


Best parameters: OrderedDict([('regressor__regressor__n_estimators', 692), ('regressor__regressor__natural_gradient', True), ('regressor__regressor__verbose', False)])





OPTIMIZING HYPERPARAMETERS FOR REGRESSOR NGB 	SEED: 42


Best parameters: OrderedDict([('regressor__regressor__n_estimators', 109), ('regressor__regressor__natural_gradient', True), ('regressor__regressor__verbose', False)])





OPTIMIZING HYPERPARAMETERS FOR REGRESSOR NGB 	SEED: 42


Best parameters: OrderedDict([('regressor__regressor__n_estimators', 145), ('regressor__regressor__natural_gradient', True), ('regressor__regressor__verbose', False)])





OPTIMIZING HYPERPARAMETERS FOR REGRESSOR NGB 	SEED: 69


Best parameters: OrderedDict([('regressor__regressor__n_estimators', 155), ('regressor__regressor__natural_gradient', True), ('regressor__regressor__verbose', False)])





OPTIMIZING HYPERPARAMETERS FOR REGRESSOR NGB 	SEED: 69


Best parameters: OrderedDict([('regressor__regressor__n_estimators', 150), ('regressor__regressor__natural_gradient', True), ('regressor__regressor__verbose', False)])





OPTIMIZING HYPERPARAMETERS FOR REGRESSOR NGB 	SEED: 69


Best parameters: OrderedDict([('regressor__regressor__n_estimators', 198), ('regressor__regressor__natural_gradient', True), ('regressor__regressor__verbose', False)])





OPTIMIZING HYPERPARAMETERS FOR REGRESSOR NGB 	SEED: 69


Best parameters: OrderedDict([('regressor__regressor__n_estimators', 137), ('regressor__regressor__natural_gradient', True), ('regressor__regressor__verbose', False)])





OPTIMIZING HYPERPARAMETERS FOR REGRESSOR NGB 	SEED: 69


Best parameters: OrderedDict([('regressor__regressor__n_estimators', 1430), ('regressor__regressor__natural_gradient', True), ('regressor__regressor__verbose', False)])





OPTIMIZING HYPERPARAMETERS FOR REGRESSOR NGB 	SEED: 420


Best parameters: OrderedDict([('regressor__regressor__n_estimators', 159), ('regressor__regressor__natural_gradient', True), ('regressor__regressor__verbose', False)])





OPTIMIZING HYPERPARAMETERS FOR REGRESSOR NGB 	SEED: 420


Best parameters: OrderedDict([('regressor__regressor__n_estimators', 165), ('regressor__regressor__natural_gradient', True), ('regressor__regressor__verbose', False)])





OPTIMIZING HYPERPARAMETERS FOR REGRESSOR NGB 	SEED: 420


Best parameters: OrderedDict([('regressor__regressor__n_estimators', 174), ('regressor__regressor__natural_gradient', True), ('regressor__regressor__verbose', False)])





OPTIMIZING HYPERPARAMETERS FOR REGRESSOR NGB 	SEED: 420


Best parameters: OrderedDict([('regressor__regressor__n_estimators', 836), ('regressor__regressor__natural_gradient', True), ('regressor__regressor__verbose', False)])





OPTIMIZING HYPERPARAMETERS FOR REGRESSOR NGB 	SEED: 420


Best parameters: OrderedDict([('regressor__regressor__n_estimators', 197), ('regressor__regressor__natural_gradient', True), ('regressor__regressor__verbose', False)])





OPTIMIZING HYPERPARAMETERS FOR REGRESSOR NGB 	SEED: 1234567890


Best parameters: OrderedDict([('regressor__regressor__n_estimators', 167), ('regressor__regressor__natural_gradient', True), ('regressor__regressor__verbose', False)])





OPTIMIZING HYPERPARAMETERS FOR REGRESSOR NGB 	SEED: 1234567890


Best parameters: OrderedDict([('regressor__regressor__n_estimators', 103), ('regressor__regressor__natural_gradient', True), ('regressor__regressor__verbose', False)])





OPTIMIZING HYPERPARAMETERS FOR REGRESSOR NGB 	SEED: 1234567890


Best parameters: OrderedDict([('regressor__regressor__n_estimators', 111), ('regressor__regressor__natural_gradient', True), ('regressor__regressor__verbose', False)])





OPTIMIZING HYPERPARAMETERS FOR REGRESSOR NGB 	SEED: 1234567890


Best parameters: OrderedDict([('regressor__regressor__n_estimators', 136), ('regressor__regressor__natural_gradient', True), ('regressor__regressor__verbose', False)])





OPTIMIZING HYPERPARAMETERS FOR REGRESSOR NGB 	SEED: 1234567890


Best parameters: OrderedDict([('regressor__regressor__n_estimators', 112), ('regressor__regressor__natural_gradient', True), ('regressor__regressor__verbose', False)])





OPTIMIZING HYPERPARAMETERS FOR REGRESSOR NGB 	SEED: 473129


Best parameters: OrderedDict([('regressor__regressor__n_estimators', 121), ('regressor__regressor__natural_gradient', True), ('regressor__regressor__verbose', False)])





OPTIMIZING HYPERPARAMETERS FOR REGRESSOR NGB 	SEED: 473129


Best parameters: OrderedDict([('regressor__regressor__n_estimators', 106), ('regressor__regressor__natural_gradient', True), ('regressor__regressor__verbose', False)])





OPTIMIZING HYPERPARAMETERS FOR REGRESSOR NGB 	SEED: 473129


Best parameters: OrderedDict([('regressor__regressor__n_estimators', 1048), ('regressor__regressor__natural_gradient', True), ('regressor__regressor__verbose', False)])





OPTIMIZING HYPERPARAMETERS FOR REGRESSOR NGB 	SEED: 473129


Best parameters: OrderedDict([('regressor__regressor__n_estimators', 119), ('regressor__regressor__natural_gradient', True), ('regressor__regressor__verbose', False)])





OPTIMIZING HYPERPARAMETERS FOR REGRESSOR NGB 	SEED: 473129


Best parameters: OrderedDict([('regressor__regressor__n_estimators', 172), ('regressor__regressor__natural_gradient', True), ('regressor__regressor__verbose', False)])


Average scores:	 r: 0.47±0.12	 r2: 0.19±0.13
RRU Monomer
Filename: (Mordred)_NGB_Standard
/gpfs_common/share03/ddomlab/sdehgha2/working-space/main/P1_pls-dataset/pls-dataset-space/PLS-Dataset/results/target_log Rg (nm)/RRU Monomer/(Mordred)_NGB_Standard_scores.json
/gpfs_common/share03/ddomlab/sdehgha2/working-space/main/P1_pls-dataset/pls-dataset-space/PLS-Dataset/results/target_log Rg (nm)/RRU Monomer/(Mordred)_NGB_Standard_predictions.csv
/gpfs_common/share03/ddomlab/sdehgha2/working-space/main/P1_pls-dataset/pls-dataset-space/PLS-Dataset/results/target_log Rg (nm)/RRU Monomer/(Mordred)_NGB_Standard_shape.json
Done Saving scores!

------------------------------------------------------------
Sender: LSF System <lsfadmin@c201n07>
Subject: Job 541734: <Mordred_NGB_RRU Monomer_log Rg (nm)_20250327> in cluster <Hazel> Done

Job <Mordred_NGB_RRU Monomer_log Rg (nm)_20250327> was submitted from host <c021n02> by user <sdehgha2> in cluster <Hazel> at Thu Mar 27 10:42:26 2025
Job was executed on host(s) <6*c201n07>, in queue <single_chassis>, as user <sdehgha2> in cluster <Hazel> at Thu Mar 27 10:42:28 2025
</home/sdehgha2> was used as the home directory.
</share/ddomlab/sdehgha2/working-space/main/P1_pls-dataset/pls-dataset-space/PLS-Dataset/code_/training/hpc_submit_training_Rh> was used as the working directory.
Started at Thu Mar 27 10:42:28 2025
Terminated at Thu Mar 27 19:49:20 2025
Results reported at Thu Mar 27 19:49:20 2025

Your job looked like:

------------------------------------------------------------
# LSBATCH: User input
          
#BSUB -n 6
#BSUB -W 35:01
#BSUB -R span[hosts=1]
#BSUB -R "rusage[mem=16GB]"
#BSUB -J "Mordred_NGB_RRU Monomer_log Rg (nm)_20250327"  
#BSUB -o "/share/ddomlab/sdehgha2/working-space/main/P1_pls-dataset/pls-dataset-space/PLS-Dataset/results/hpc_20250327/Mordred_NGB_RRU Monomer_log Rg (nm)_20250327.out"
#BSUB -e "/share/ddomlab/sdehgha2/working-space/main/P1_pls-dataset/pls-dataset-space/PLS-Dataset/results/hpc_20250327/Mordred_NGB_RRU Monomer_log Rg (nm)_20250327.err"

source ~/.bashrc
conda activate /usr/local/usrapps/ddomlab/sdehgha2/pls-dataset-env
python ../train_structure_only.py --target_features "log Rg (nm)"                                   --representation "Mordred"                                   --regressor_type "NGB"                                   --oligomer_representation "RRU Monomer" 

------------------------------------------------------------

Successfully completed.

Resource usage summary:

    CPU time :                                   146430.00 sec.
    Max Memory :                                 3 GB
    Average Memory :                             2.98 GB
    Total Requested Memory :                     16.00 GB
    Delta Memory :                               13.00 GB
    Max Swap :                                   -
    Max Processes :                              30
    Max Threads :                                33
    Run time :                                   32824 sec.
    Turnaround time :                            32814 sec.

The output (if any) is above this job summary.



PS:

Read file </share/ddomlab/sdehgha2/working-space/main/P1_pls-dataset/pls-dataset-space/PLS-Dataset/results/hpc_20250327/Mordred_NGB_RRU Monomer_log Rg (nm)_20250327.err> for stderr output of this job.

