


-------------------------------------------------- 
OOD TEST ON 0



-------------------------------------------------- 
OPTIMIZING HYPERPARAMETERS FOR REGRESSOR NGB 	SEED: 6


Best parameters: OrderedDict([('regressor__regressor__learning_rate', 0.1), ('regressor__regressor__n_estimators', 494), ('regressor__regressor__natural_gradient', True), ('regressor__regressor__tol', 0.01), ('regressor__regressor__verbose', False)])




Best parameters: OrderedDict([('regressor__regressor__learning_rate', 0.030803629144881342), ('regressor__regressor__n_estimators', 1039), ('regressor__regressor__natural_gradient', True), ('regressor__regressor__tol', 0.01), ('regressor__regressor__verbose', False)])




Best parameters: OrderedDict([('regressor__regressor__learning_rate', 0.06136634532156813), ('regressor__regressor__n_estimators', 315), ('regressor__regressor__natural_gradient', True), ('regressor__regressor__tol', 0.00010635383674689369), ('regressor__regressor__verbose', False)])




Best parameters: OrderedDict([('regressor__regressor__learning_rate', 0.020784110116238985), ('regressor__regressor__n_estimators', 333), ('regressor__regressor__natural_gradient', True), ('regressor__regressor__tol', 0.0001), ('regressor__regressor__verbose', False)])




Best parameters: OrderedDict([('regressor__regressor__learning_rate', 0.1), ('regressor__regressor__n_estimators', 463), ('regressor__regressor__natural_gradient', True), ('regressor__regressor__tol', 0.0001), ('regressor__regressor__verbose', False)])





OPTIMIZING HYPERPARAMETERS FOR REGRESSOR NGB 	SEED: 6


Best parameters: OrderedDict([('regressor__regressor__learning_rate', 0.04443513372535572), ('regressor__regressor__n_estimators', 1502), ('regressor__regressor__natural_gradient', True), ('regressor__regressor__tol', 0.0001), ('regressor__regressor__verbose', False)])





OPTIMIZING HYPERPARAMETERS FOR REGRESSOR NGB 	SEED: 6


Best parameters: OrderedDict([('regressor__regressor__learning_rate', 0.09503846349576942), ('regressor__regressor__n_estimators', 50), ('regressor__regressor__natural_gradient', True), ('regressor__regressor__tol', 0.00010262397812978387), ('regressor__regressor__verbose', False)])





OPTIMIZING HYPERPARAMETERS FOR REGRESSOR NGB 	SEED: 6


Best parameters: OrderedDict([('regressor__regressor__learning_rate', 0.08646479880356304), ('regressor__regressor__n_estimators', 918), ('regressor__regressor__natural_gradient', True), ('regressor__regressor__tol', 0.0005053971397801153), ('regressor__regressor__verbose', False)])





OPTIMIZING HYPERPARAMETERS FOR REGRESSOR NGB 	SEED: 6


Best parameters: OrderedDict([('regressor__regressor__learning_rate', 0.059918819904907404), ('regressor__regressor__n_estimators', 2000), ('regressor__regressor__natural_gradient', True), ('regressor__regressor__tol', 0.01), ('regressor__regressor__verbose', False)])





OPTIMIZING HYPERPARAMETERS FOR REGRESSOR NGB 	SEED: 6


Best parameters: OrderedDict([('regressor__regressor__learning_rate', 0.1), ('regressor__regressor__n_estimators', 2000), ('regressor__regressor__natural_gradient', True), ('regressor__regressor__tol', 0.01), ('regressor__regressor__verbose', False)])





-------------------------------------------------- 
OPTIMIZING HYPERPARAMETERS FOR REGRESSOR NGB 	SEED: 13


Best parameters: OrderedDict([('regressor__regressor__learning_rate', 0.1), ('regressor__regressor__n_estimators', 711), ('regressor__regressor__natural_gradient', True), ('regressor__regressor__tol', 0.01), ('regressor__regressor__verbose', False)])




Best parameters: OrderedDict([('regressor__regressor__learning_rate', 0.07693173041362837), ('regressor__regressor__n_estimators', 290), ('regressor__regressor__natural_gradient', True), ('regressor__regressor__tol', 0.004184475212836049), ('regressor__regressor__verbose', False)])




Best parameters: OrderedDict([('regressor__regressor__learning_rate', 0.0997447963405961), ('regressor__regressor__n_estimators', 1216), ('regressor__regressor__natural_gradient', True), ('regressor__regressor__tol', 0.009817051547488992), ('regressor__regressor__verbose', False)])




Best parameters: OrderedDict([('regressor__regressor__learning_rate', 0.009015137131547061), ('regressor__regressor__n_estimators', 2000), ('regressor__regressor__natural_gradient', True), ('regressor__regressor__tol', 0.01), ('regressor__regressor__verbose', False)])




Best parameters: OrderedDict([('regressor__regressor__learning_rate', 0.07647216196722625), ('regressor__regressor__n_estimators', 193), ('regressor__regressor__natural_gradient', True), ('regressor__regressor__tol', 0.0001), ('regressor__regressor__verbose', False)])





OPTIMIZING HYPERPARAMETERS FOR REGRESSOR NGB 	SEED: 13


Best parameters: OrderedDict([('regressor__regressor__learning_rate', 0.1), ('regressor__regressor__n_estimators', 631), ('regressor__regressor__natural_gradient', True), ('regressor__regressor__tol', 0.01), ('regressor__regressor__verbose', False)])





OPTIMIZING HYPERPARAMETERS FOR REGRESSOR NGB 	SEED: 13


Best parameters: OrderedDict([('regressor__regressor__learning_rate', 0.09842277430669391), ('regressor__regressor__n_estimators', 1994), ('regressor__regressor__natural_gradient', True), ('regressor__regressor__tol', 0.0015267363982783405), ('regressor__regressor__verbose', False)])





OPTIMIZING HYPERPARAMETERS FOR REGRESSOR NGB 	SEED: 13


Best parameters: OrderedDict([('regressor__regressor__learning_rate', 0.09985150857456986), ('regressor__regressor__n_estimators', 692), ('regressor__regressor__natural_gradient', True), ('regressor__regressor__tol', 0.00010942353920790337), ('regressor__regressor__verbose', False)])





OPTIMIZING HYPERPARAMETERS FOR REGRESSOR NGB 	SEED: 13


Best parameters: OrderedDict([('regressor__regressor__learning_rate', 0.09928246917053701), ('regressor__regressor__n_estimators', 255), ('regressor__regressor__natural_gradient', True), ('regressor__regressor__tol', 0.003882543235814839), ('regressor__regressor__verbose', False)])





OPTIMIZING HYPERPARAMETERS FOR REGRESSOR NGB 	SEED: 13


Best parameters: OrderedDict([('regressor__regressor__learning_rate', 0.09479427275061396), ('regressor__regressor__n_estimators', 555), ('regressor__regressor__natural_gradient', True), ('regressor__regressor__tol', 0.00013315984155800245), ('regressor__regressor__verbose', False)])





-------------------------------------------------- 
OPTIMIZING HYPERPARAMETERS FOR REGRESSOR NGB 	SEED: 42


Best parameters: OrderedDict([('regressor__regressor__learning_rate', 0.022382561181464596), ('regressor__regressor__n_estimators', 1043), ('regressor__regressor__natural_gradient', True), ('regressor__regressor__tol', 0.01), ('regressor__regressor__verbose', False)])




Best parameters: OrderedDict([('regressor__regressor__learning_rate', 0.07237200077488556), ('regressor__regressor__n_estimators', 1433), ('regressor__regressor__natural_gradient', True), ('regressor__regressor__tol', 0.00018183226787591252), ('regressor__regressor__verbose', False)])




Best parameters: OrderedDict([('regressor__regressor__learning_rate', 0.1), ('regressor__regressor__n_estimators', 136), ('regressor__regressor__natural_gradient', True), ('regressor__regressor__tol', 0.01), ('regressor__regressor__verbose', False)])




Best parameters: OrderedDict([('regressor__regressor__learning_rate', 0.04217575061659249), ('regressor__regressor__n_estimators', 2000), ('regressor__regressor__natural_gradient', True), ('regressor__regressor__tol', 0.0001), ('regressor__regressor__verbose', False)])




Best parameters: OrderedDict([('regressor__regressor__learning_rate', 0.05163226685343406), ('regressor__regressor__n_estimators', 183), ('regressor__regressor__natural_gradient', True), ('regressor__regressor__tol', 0.01), ('regressor__regressor__verbose', False)])





OPTIMIZING HYPERPARAMETERS FOR REGRESSOR NGB 	SEED: 42


Best parameters: OrderedDict([('regressor__regressor__learning_rate', 0.041434589631994256), ('regressor__regressor__n_estimators', 466), ('regressor__regressor__natural_gradient', True), ('regressor__regressor__tol', 0.0001411136960716176), ('regressor__regressor__verbose', False)])





OPTIMIZING HYPERPARAMETERS FOR REGRESSOR NGB 	SEED: 42


Best parameters: OrderedDict([('regressor__regressor__learning_rate', 0.1), ('regressor__regressor__n_estimators', 398), ('regressor__regressor__natural_gradient', True), ('regressor__regressor__tol', 0.01), ('regressor__regressor__verbose', False)])





OPTIMIZING HYPERPARAMETERS FOR REGRESSOR NGB 	SEED: 42


Best parameters: OrderedDict([('regressor__regressor__learning_rate', 0.09794384512916923), ('regressor__regressor__n_estimators', 1915), ('regressor__regressor__natural_gradient', True), ('regressor__regressor__tol', 0.0028586357399634586), ('regressor__regressor__verbose', False)])





OPTIMIZING HYPERPARAMETERS FOR REGRESSOR NGB 	SEED: 42


Best parameters: OrderedDict([('regressor__regressor__learning_rate', 0.09927702263194133), ('regressor__regressor__n_estimators', 1915), ('regressor__regressor__natural_gradient', True), ('regressor__regressor__tol', 0.00012979559601357786), ('regressor__regressor__verbose', False)])





OPTIMIZING HYPERPARAMETERS FOR REGRESSOR NGB 	SEED: 42


Best parameters: OrderedDict([('regressor__regressor__learning_rate', 0.09019578689489807), ('regressor__regressor__n_estimators', 1937), ('regressor__regressor__natural_gradient', True), ('regressor__regressor__tol', 0.00011403672850785124), ('regressor__regressor__verbose', False)])





-------------------------------------------------- 
OPTIMIZING HYPERPARAMETERS FOR REGRESSOR NGB 	SEED: 69


Best parameters: OrderedDict([('regressor__regressor__learning_rate', 0.1), ('regressor__regressor__n_estimators', 1391), ('regressor__regressor__natural_gradient', True), ('regressor__regressor__tol', 0.0001), ('regressor__regressor__verbose', False)])




Best parameters: OrderedDict([('regressor__regressor__learning_rate', 0.09939793013929618), ('regressor__regressor__n_estimators', 1351), ('regressor__regressor__natural_gradient', True), ('regressor__regressor__tol', 0.0029011736234682817), ('regressor__regressor__verbose', False)])




Best parameters: OrderedDict([('regressor__regressor__learning_rate', 0.1), ('regressor__regressor__n_estimators', 366), ('regressor__regressor__natural_gradient', True), ('regressor__regressor__tol', 0.01), ('regressor__regressor__verbose', False)])




Best parameters: OrderedDict([('regressor__regressor__learning_rate', 0.06855157140033794), ('regressor__regressor__n_estimators', 2000), ('regressor__regressor__natural_gradient', True), ('regressor__regressor__tol', 0.0001), ('regressor__regressor__verbose', False)])




Best parameters: OrderedDict([('regressor__regressor__learning_rate', 0.09923275114643475), ('regressor__regressor__n_estimators', 101), ('regressor__regressor__natural_gradient', True), ('regressor__regressor__tol', 0.0001089240589225168), ('regressor__regressor__verbose', False)])





OPTIMIZING HYPERPARAMETERS FOR REGRESSOR NGB 	SEED: 69


Best parameters: OrderedDict([('regressor__regressor__learning_rate', 0.07189716817949396), ('regressor__regressor__n_estimators', 1312), ('regressor__regressor__natural_gradient', True), ('regressor__regressor__tol', 0.0001), ('regressor__regressor__verbose', False)])





OPTIMIZING HYPERPARAMETERS FOR REGRESSOR NGB 	SEED: 69


Best parameters: OrderedDict([('regressor__regressor__learning_rate', 0.0983676963004855), ('regressor__regressor__n_estimators', 233), ('regressor__regressor__natural_gradient', True), ('regressor__regressor__tol', 0.008090366305984528), ('regressor__regressor__verbose', False)])





OPTIMIZING HYPERPARAMETERS FOR REGRESSOR NGB 	SEED: 69


Best parameters: OrderedDict([('regressor__regressor__learning_rate', 0.09903606990152934), ('regressor__regressor__n_estimators', 145), ('regressor__regressor__natural_gradient', True), ('regressor__regressor__tol', 0.00012158188178658086), ('regressor__regressor__verbose', False)])





OPTIMIZING HYPERPARAMETERS FOR REGRESSOR NGB 	SEED: 69


Best parameters: OrderedDict([('regressor__regressor__learning_rate', 0.1), ('regressor__regressor__n_estimators', 818), ('regressor__regressor__natural_gradient', True), ('regressor__regressor__tol', 0.01), ('regressor__regressor__verbose', False)])





OPTIMIZING HYPERPARAMETERS FOR REGRESSOR NGB 	SEED: 69


Best parameters: OrderedDict([('regressor__regressor__learning_rate', 0.09835190436757021), ('regressor__regressor__n_estimators', 1966), ('regressor__regressor__natural_gradient', True), ('regressor__regressor__tol', 0.00011921080252333573), ('regressor__regressor__verbose', False)])





-------------------------------------------------- 
OPTIMIZING HYPERPARAMETERS FOR REGRESSOR NGB 	SEED: 420


Best parameters: OrderedDict([('regressor__regressor__learning_rate', 0.0557603919356668), ('regressor__regressor__n_estimators', 177), ('regressor__regressor__natural_gradient', True), ('regressor__regressor__tol', 0.0001), ('regressor__regressor__verbose', False)])




Best parameters: OrderedDict([('regressor__regressor__learning_rate', 0.026941769127297073), ('regressor__regressor__n_estimators', 750), ('regressor__regressor__natural_gradient', True), ('regressor__regressor__tol', 0.0001), ('regressor__regressor__verbose', False)])




Best parameters: OrderedDict([('regressor__regressor__learning_rate', 0.013678527395358688), ('regressor__regressor__n_estimators', 1070), ('regressor__regressor__natural_gradient', True), ('regressor__regressor__tol', 0.01), ('regressor__regressor__verbose', False)])




Best parameters: OrderedDict([('regressor__regressor__learning_rate', 0.1), ('regressor__regressor__n_estimators', 763), ('regressor__regressor__natural_gradient', True), ('regressor__regressor__tol', 0.0001), ('regressor__regressor__verbose', False)])




Best parameters: OrderedDict([('regressor__regressor__learning_rate', 0.1), ('regressor__regressor__n_estimators', 840), ('regressor__regressor__natural_gradient', True), ('regressor__regressor__tol', 0.0001), ('regressor__regressor__verbose', False)])





OPTIMIZING HYPERPARAMETERS FOR REGRESSOR NGB 	SEED: 420


Best parameters: OrderedDict([('regressor__regressor__learning_rate', 0.028026220171082143), ('regressor__regressor__n_estimators', 2000), ('regressor__regressor__natural_gradient', True), ('regressor__regressor__tol', 0.0001), ('regressor__regressor__verbose', False)])





OPTIMIZING HYPERPARAMETERS FOR REGRESSOR NGB 	SEED: 420


Best parameters: OrderedDict([('regressor__regressor__learning_rate', 0.09795494819966959), ('regressor__regressor__n_estimators', 1928), ('regressor__regressor__natural_gradient', True), ('regressor__regressor__tol', 0.0014987275591804472), ('regressor__regressor__verbose', False)])





OPTIMIZING HYPERPARAMETERS FOR REGRESSOR NGB 	SEED: 420


Best parameters: OrderedDict([('regressor__regressor__learning_rate', 0.060435457393979264), ('regressor__regressor__n_estimators', 2000), ('regressor__regressor__natural_gradient', True), ('regressor__regressor__tol', 0.0001), ('regressor__regressor__verbose', False)])





OPTIMIZING HYPERPARAMETERS FOR REGRESSOR NGB 	SEED: 420


Best parameters: OrderedDict([('regressor__regressor__learning_rate', 0.09957665048298635), ('regressor__regressor__n_estimators', 1928), ('regressor__regressor__natural_gradient', True), ('regressor__regressor__tol', 0.00017267331231064217), ('regressor__regressor__verbose', False)])





OPTIMIZING HYPERPARAMETERS FOR REGRESSOR NGB 	SEED: 420


Best parameters: OrderedDict([('regressor__regressor__learning_rate', 0.09930608017131483), ('regressor__regressor__n_estimators', 1283), ('regressor__regressor__natural_gradient', True), ('regressor__regressor__tol', 0.003285853848453123), ('regressor__regressor__verbose', False)])





-------------------------------------------------- 
OPTIMIZING HYPERPARAMETERS FOR REGRESSOR NGB 	SEED: 1234567890


Best parameters: OrderedDict([('regressor__regressor__learning_rate', 0.06145880928488676), ('regressor__regressor__n_estimators', 263), ('regressor__regressor__natural_gradient', True), ('regressor__regressor__tol', 0.01), ('regressor__regressor__verbose', False)])




Best parameters: OrderedDict([('regressor__regressor__learning_rate', 0.1), ('regressor__regressor__n_estimators', 106), ('regressor__regressor__natural_gradient', True), ('regressor__regressor__tol', 0.0001), ('regressor__regressor__verbose', False)])




Best parameters: OrderedDict([('regressor__regressor__learning_rate', 0.07093093157262581), ('regressor__regressor__n_estimators', 140), ('regressor__regressor__natural_gradient', True), ('regressor__regressor__tol', 0.0001), ('regressor__regressor__verbose', False)])




Best parameters: OrderedDict([('regressor__regressor__learning_rate', 0.1), ('regressor__regressor__n_estimators', 285), ('regressor__regressor__natural_gradient', True), ('regressor__regressor__tol', 0.01), ('regressor__regressor__verbose', False)])




Best parameters: OrderedDict([('regressor__regressor__learning_rate', 0.09985923008927125), ('regressor__regressor__n_estimators', 161), ('regressor__regressor__natural_gradient', True), ('regressor__regressor__tol', 0.0003231164142354995), ('regressor__regressor__verbose', False)])





OPTIMIZING HYPERPARAMETERS FOR REGRESSOR NGB 	SEED: 1234567890


Best parameters: OrderedDict([('regressor__regressor__learning_rate', 0.058187808791807634), ('regressor__regressor__n_estimators', 2000), ('regressor__regressor__natural_gradient', True), ('regressor__regressor__tol', 0.01), ('regressor__regressor__verbose', False)])





OPTIMIZING HYPERPARAMETERS FOR REGRESSOR NGB 	SEED: 1234567890


Best parameters: OrderedDict([('regressor__regressor__learning_rate', 0.1), ('regressor__regressor__n_estimators', 1104), ('regressor__regressor__natural_gradient', True), ('regressor__regressor__tol', 0.0001), ('regressor__regressor__verbose', False)])





OPTIMIZING HYPERPARAMETERS FOR REGRESSOR NGB 	SEED: 1234567890


Best parameters: OrderedDict([('regressor__regressor__learning_rate', 0.1), ('regressor__regressor__n_estimators', 1351), ('regressor__regressor__natural_gradient', True), ('regressor__regressor__tol', 0.0001), ('regressor__regressor__verbose', False)])





OPTIMIZING HYPERPARAMETERS FOR REGRESSOR NGB 	SEED: 1234567890


Best parameters: OrderedDict([('regressor__regressor__learning_rate', 0.09822131004288356), ('regressor__regressor__n_estimators', 1845), ('regressor__regressor__natural_gradient', True), ('regressor__regressor__tol', 0.008111665590105016), ('regressor__regressor__verbose', False)])





OPTIMIZING HYPERPARAMETERS FOR REGRESSOR NGB 	SEED: 1234567890


Best parameters: OrderedDict([('regressor__regressor__learning_rate', 0.06660352212189098), ('regressor__regressor__n_estimators', 1084), ('regressor__regressor__natural_gradient', True), ('regressor__regressor__tol', 0.01), ('regressor__regressor__verbose', False)])





-------------------------------------------------- 
OPTIMIZING HYPERPARAMETERS FOR REGRESSOR NGB 	SEED: 473129


Best parameters: OrderedDict([('regressor__regressor__learning_rate', 0.02327192800871897), ('regressor__regressor__n_estimators', 2000), ('regressor__regressor__natural_gradient', True), ('regressor__regressor__tol', 0.0001), ('regressor__regressor__verbose', False)])




Best parameters: OrderedDict([('regressor__regressor__learning_rate', 0.03297497076365827), ('regressor__regressor__n_estimators', 908), ('regressor__regressor__natural_gradient', True), ('regressor__regressor__tol', 0.0001), ('regressor__regressor__verbose', False)])




Best parameters: OrderedDict([('regressor__regressor__learning_rate', 0.019767597835915682), ('regressor__regressor__n_estimators', 2000), ('regressor__regressor__natural_gradient', True), ('regressor__regressor__tol', 0.0008815485066182314), ('regressor__regressor__verbose', False)])




Best parameters: OrderedDict([('regressor__regressor__learning_rate', 0.1), ('regressor__regressor__n_estimators', 243), ('regressor__regressor__natural_gradient', True), ('regressor__regressor__tol', 0.0007799913938818987), ('regressor__regressor__verbose', False)])




Best parameters: OrderedDict([('regressor__regressor__learning_rate', 0.0727880237480246), ('regressor__regressor__n_estimators', 405), ('regressor__regressor__natural_gradient', True), ('regressor__regressor__tol', 0.0003148403208079816), ('regressor__regressor__verbose', False)])





OPTIMIZING HYPERPARAMETERS FOR REGRESSOR NGB 	SEED: 473129


Best parameters: OrderedDict([('regressor__regressor__learning_rate', 0.09921916728183353), ('regressor__regressor__n_estimators', 784), ('regressor__regressor__natural_gradient', True), ('regressor__regressor__tol', 0.004977517339536275), ('regressor__regressor__verbose', False)])





OPTIMIZING HYPERPARAMETERS FOR REGRESSOR NGB 	SEED: 473129


Best parameters: OrderedDict([('regressor__regressor__learning_rate', 0.09764861231060158), ('regressor__regressor__n_estimators', 1992), ('regressor__regressor__natural_gradient', True), ('regressor__regressor__tol', 0.00010913161095243579), ('regressor__regressor__verbose', False)])





OPTIMIZING HYPERPARAMETERS FOR REGRESSOR NGB 	SEED: 473129


Best parameters: OrderedDict([('regressor__regressor__learning_rate', 0.05552701209982971), ('regressor__regressor__n_estimators', 1072), ('regressor__regressor__natural_gradient', True), ('regressor__regressor__tol', 0.0095091551698324), ('regressor__regressor__verbose', False)])





OPTIMIZING HYPERPARAMETERS FOR REGRESSOR NGB 	SEED: 473129


Best parameters: OrderedDict([('regressor__regressor__learning_rate', 0.04385207204845415), ('regressor__regressor__n_estimators', 2000), ('regressor__regressor__natural_gradient', True), ('regressor__regressor__tol', 0.01), ('regressor__regressor__verbose', False)])





OPTIMIZING HYPERPARAMETERS FOR REGRESSOR NGB 	SEED: 473129


Best parameters: OrderedDict([('regressor__regressor__learning_rate', 0.049169563288845156), ('regressor__regressor__n_estimators', 259), ('regressor__regressor__natural_gradient', True), ('regressor__regressor__tol', 0.0001), ('regressor__regressor__verbose', False)])





-------------------------------------------------- 
OOD TEST ON 1



-------------------------------------------------- 
OPTIMIZING HYPERPARAMETERS FOR REGRESSOR NGB 	SEED: 6


Best parameters: OrderedDict([('regressor__regressor__learning_rate', 0.061334705721408006), ('regressor__regressor__n_estimators', 267), ('regressor__regressor__natural_gradient', True), ('regressor__regressor__tol', 0.01), ('regressor__regressor__verbose', False)])




Best parameters: OrderedDict([('regressor__regressor__learning_rate', 0.03734280136598781), ('regressor__regressor__n_estimators', 1994), ('regressor__regressor__natural_gradient', True), ('regressor__regressor__tol', 0.00020878943609487332), ('regressor__regressor__verbose', False)])




Best parameters: OrderedDict([('regressor__regressor__learning_rate', 0.1), ('regressor__regressor__n_estimators', 1370), ('regressor__regressor__natural_gradient', True), ('regressor__regressor__tol', 0.01), ('regressor__regressor__verbose', False)])




Best parameters: OrderedDict([('regressor__regressor__learning_rate', 0.06717521574517674), ('regressor__regressor__n_estimators', 2000), ('regressor__regressor__natural_gradient', True), ('regressor__regressor__tol', 0.01), ('regressor__regressor__verbose', False)])




Best parameters: OrderedDict([('regressor__regressor__learning_rate', 0.08646479880356304), ('regressor__regressor__n_estimators', 918), ('regressor__regressor__natural_gradient', True), ('regressor__regressor__tol', 0.0005053971397801153), ('regressor__regressor__verbose', False)])





OPTIMIZING HYPERPARAMETERS FOR REGRESSOR NGB 	SEED: 6


Best parameters: OrderedDict([('regressor__regressor__learning_rate', 0.0435542753741946), ('regressor__regressor__n_estimators', 454), ('regressor__regressor__natural_gradient', True), ('regressor__regressor__tol', 0.0001), ('regressor__regressor__verbose', False)])





OPTIMIZING HYPERPARAMETERS FOR REGRESSOR NGB 	SEED: 6


Best parameters: OrderedDict([('regressor__regressor__learning_rate', 0.1), ('regressor__regressor__n_estimators', 1604), ('regressor__regressor__natural_gradient', True), ('regressor__regressor__tol', 0.0001), ('regressor__regressor__verbose', False)])





OPTIMIZING HYPERPARAMETERS FOR REGRESSOR NGB 	SEED: 6


Best parameters: OrderedDict([('regressor__regressor__learning_rate', 0.08646479880356304), ('regressor__regressor__n_estimators', 918), ('regressor__regressor__natural_gradient', True), ('regressor__regressor__tol', 0.0005053971397801153), ('regressor__regressor__verbose', False)])





OPTIMIZING HYPERPARAMETERS FOR REGRESSOR NGB 	SEED: 6


Best parameters: OrderedDict([('regressor__regressor__learning_rate', 0.040416956577230864), ('regressor__regressor__n_estimators', 2000), ('regressor__regressor__natural_gradient', True), ('regressor__regressor__tol', 0.01), ('regressor__regressor__verbose', False)])





OPTIMIZING HYPERPARAMETERS FOR REGRESSOR NGB 	SEED: 6


Best parameters: OrderedDict([('regressor__regressor__learning_rate', 0.1), ('regressor__regressor__n_estimators', 241), ('regressor__regressor__natural_gradient', True), ('regressor__regressor__tol', 0.01), ('regressor__regressor__verbose', False)])





-------------------------------------------------- 
OPTIMIZING HYPERPARAMETERS FOR REGRESSOR NGB 	SEED: 13


Best parameters: OrderedDict([('regressor__regressor__learning_rate', 0.1), ('regressor__regressor__n_estimators', 602), ('regressor__regressor__natural_gradient', True), ('regressor__regressor__tol', 0.00015696291980200493), ('regressor__regressor__verbose', False)])




Best parameters: OrderedDict([('regressor__regressor__learning_rate', 0.1), ('regressor__regressor__n_estimators', 2000), ('regressor__regressor__natural_gradient', True), ('regressor__regressor__tol', 0.0001), ('regressor__regressor__verbose', False)])




Best parameters: OrderedDict([('regressor__regressor__learning_rate', 0.056264043151653405), ('regressor__regressor__n_estimators', 1387), ('regressor__regressor__natural_gradient', True), ('regressor__regressor__tol', 0.01), ('regressor__regressor__verbose', False)])




Best parameters: OrderedDict([('regressor__regressor__learning_rate', 0.09935409235909375), ('regressor__regressor__n_estimators', 727), ('regressor__regressor__natural_gradient', True), ('regressor__regressor__tol', 0.0020581765690248113), ('regressor__regressor__verbose', False)])




Best parameters: OrderedDict([('regressor__regressor__learning_rate', 0.1), ('regressor__regressor__n_estimators', 444), ('regressor__regressor__natural_gradient', True), ('regressor__regressor__tol', 0.01), ('regressor__regressor__verbose', False)])





OPTIMIZING HYPERPARAMETERS FOR REGRESSOR NGB 	SEED: 13


Best parameters: OrderedDict([('regressor__regressor__learning_rate', 0.1), ('regressor__regressor__n_estimators', 1415), ('regressor__regressor__natural_gradient', True), ('regressor__regressor__tol', 0.01), ('regressor__regressor__verbose', False)])





OPTIMIZING HYPERPARAMETERS FOR REGRESSOR NGB 	SEED: 13


Best parameters: OrderedDict([('regressor__regressor__learning_rate', 0.1), ('regressor__regressor__n_estimators', 1076), ('regressor__regressor__natural_gradient', True), ('regressor__regressor__tol', 0.0001), ('regressor__regressor__verbose', False)])





OPTIMIZING HYPERPARAMETERS FOR REGRESSOR NGB 	SEED: 13


Best parameters: OrderedDict([('regressor__regressor__learning_rate', 0.04019563509980403), ('regressor__regressor__n_estimators', 464), ('regressor__regressor__natural_gradient', True), ('regressor__regressor__tol', 0.00010530101602523386), ('regressor__regressor__verbose', False)])





OPTIMIZING HYPERPARAMETERS FOR REGRESSOR NGB 	SEED: 13


Best parameters: OrderedDict([('regressor__regressor__learning_rate', 0.1), ('regressor__regressor__n_estimators', 1465), ('regressor__regressor__natural_gradient', True), ('regressor__regressor__tol', 0.0001), ('regressor__regressor__verbose', False)])





OPTIMIZING HYPERPARAMETERS FOR REGRESSOR NGB 	SEED: 13


Best parameters: OrderedDict([('regressor__regressor__learning_rate', 0.0626762955531648), ('regressor__regressor__n_estimators', 1001), ('regressor__regressor__natural_gradient', True), ('regressor__regressor__tol', 0.008230893180368796), ('regressor__regressor__verbose', False)])





-------------------------------------------------- 
OPTIMIZING HYPERPARAMETERS FOR REGRESSOR NGB 	SEED: 42


Best parameters: OrderedDict([('regressor__regressor__learning_rate', 0.1), ('regressor__regressor__n_estimators', 365), ('regressor__regressor__natural_gradient', True), ('regressor__regressor__tol', 0.0001), ('regressor__regressor__verbose', False)])




Best parameters: OrderedDict([('regressor__regressor__learning_rate', 0.1), ('regressor__regressor__n_estimators', 882), ('regressor__regressor__natural_gradient', True), ('regressor__regressor__tol', 0.0001), ('regressor__regressor__verbose', False)])




Best parameters: OrderedDict([('regressor__regressor__learning_rate', 0.09837368385491134), ('regressor__regressor__n_estimators', 403), ('regressor__regressor__natural_gradient', True), ('regressor__regressor__tol', 0.009961308516220279), ('regressor__regressor__verbose', False)])




Best parameters: OrderedDict([('regressor__regressor__learning_rate', 0.09889072900376877), ('regressor__regressor__n_estimators', 1037), ('regressor__regressor__natural_gradient', True), ('regressor__regressor__tol', 0.00013249178574304267), ('regressor__regressor__verbose', False)])




Best parameters: OrderedDict([('regressor__regressor__learning_rate', 0.09807851968286257), ('regressor__regressor__n_estimators', 544), ('regressor__regressor__natural_gradient', True), ('regressor__regressor__tol', 0.009358463606175385), ('regressor__regressor__verbose', False)])





OPTIMIZING HYPERPARAMETERS FOR REGRESSOR NGB 	SEED: 42


Best parameters: OrderedDict([('regressor__regressor__learning_rate', 0.056698137596323084), ('regressor__regressor__n_estimators', 1224), ('regressor__regressor__natural_gradient', True), ('regressor__regressor__tol', 0.009240186491777156), ('regressor__regressor__verbose', False)])





OPTIMIZING HYPERPARAMETERS FOR REGRESSOR NGB 	SEED: 42


Best parameters: OrderedDict([('regressor__regressor__learning_rate', 0.1), ('regressor__regressor__n_estimators', 230), ('regressor__regressor__natural_gradient', True), ('regressor__regressor__tol', 0.0001), ('regressor__regressor__verbose', False)])





OPTIMIZING HYPERPARAMETERS FOR REGRESSOR NGB 	SEED: 42


Best parameters: OrderedDict([('regressor__regressor__learning_rate', 0.06649159059007233), ('regressor__regressor__n_estimators', 1133), ('regressor__regressor__natural_gradient', True), ('regressor__regressor__tol', 0.007977430832065494), ('regressor__regressor__verbose', False)])





OPTIMIZING HYPERPARAMETERS FOR REGRESSOR NGB 	SEED: 42


Best parameters: OrderedDict([('regressor__regressor__learning_rate', 0.059966387809780954), ('regressor__regressor__n_estimators', 488), ('regressor__regressor__natural_gradient', True), ('regressor__regressor__tol', 0.0001), ('regressor__regressor__verbose', False)])





OPTIMIZING HYPERPARAMETERS FOR REGRESSOR NGB 	SEED: 42


Best parameters: OrderedDict([('regressor__regressor__learning_rate', 0.062022760511656644), ('regressor__regressor__n_estimators', 2000), ('regressor__regressor__natural_gradient', True), ('regressor__regressor__tol', 0.0001), ('regressor__regressor__verbose', False)])





-------------------------------------------------- 
OPTIMIZING HYPERPARAMETERS FOR REGRESSOR NGB 	SEED: 69


Best parameters: OrderedDict([('regressor__regressor__learning_rate', 0.09939793013929618), ('regressor__regressor__n_estimators', 1351), ('regressor__regressor__natural_gradient', True), ('regressor__regressor__tol', 0.0029011736234682817), ('regressor__regressor__verbose', False)])




Best parameters: OrderedDict([('regressor__regressor__learning_rate', 0.04794481457948604), ('regressor__regressor__n_estimators', 460), ('regressor__regressor__natural_gradient', True), ('regressor__regressor__tol', 0.00011205860762020539), ('regressor__regressor__verbose', False)])




Best parameters: OrderedDict([('regressor__regressor__learning_rate', 0.050837530581529816), ('regressor__regressor__n_estimators', 2000), ('regressor__regressor__natural_gradient', True), ('regressor__regressor__tol', 0.0001), ('regressor__regressor__verbose', False)])




Best parameters: OrderedDict([('regressor__regressor__learning_rate', 0.04602650491727969), ('regressor__regressor__n_estimators', 1038), ('regressor__regressor__natural_gradient', True), ('regressor__regressor__tol', 0.0001), ('regressor__regressor__verbose', False)])




Best parameters: OrderedDict([('regressor__regressor__learning_rate', 0.1), ('regressor__regressor__n_estimators', 731), ('regressor__regressor__natural_gradient', True), ('regressor__regressor__tol', 0.0001), ('regressor__regressor__verbose', False)])





OPTIMIZING HYPERPARAMETERS FOR REGRESSOR NGB 	SEED: 69


Best parameters: OrderedDict([('regressor__regressor__learning_rate', 0.09939793013929618), ('regressor__regressor__n_estimators', 1351), ('regressor__regressor__natural_gradient', True), ('regressor__regressor__tol', 0.0029011736234682817), ('regressor__regressor__verbose', False)])





OPTIMIZING HYPERPARAMETERS FOR REGRESSOR NGB 	SEED: 69


Best parameters: OrderedDict([('regressor__regressor__learning_rate', 0.09735044733979072), ('regressor__regressor__n_estimators', 297), ('regressor__regressor__natural_gradient', True), ('regressor__regressor__tol', 0.00530229448702877), ('regressor__regressor__verbose', False)])





OPTIMIZING HYPERPARAMETERS FOR REGRESSOR NGB 	SEED: 69


Best parameters: OrderedDict([('regressor__regressor__learning_rate', 0.09898664408788857), ('regressor__regressor__n_estimators', 294), ('regressor__regressor__natural_gradient', True), ('regressor__regressor__tol', 0.00909618099214395), ('regressor__regressor__verbose', False)])





OPTIMIZING HYPERPARAMETERS FOR REGRESSOR NGB 	SEED: 69


Best parameters: OrderedDict([('regressor__regressor__learning_rate', 0.1), ('regressor__regressor__n_estimators', 191), ('regressor__regressor__natural_gradient', True), ('regressor__regressor__tol', 0.01), ('regressor__regressor__verbose', False)])





OPTIMIZING HYPERPARAMETERS FOR REGRESSOR NGB 	SEED: 69


Best parameters: OrderedDict([('regressor__regressor__learning_rate', 0.034559258061521346), ('regressor__regressor__n_estimators', 1040), ('regressor__regressor__natural_gradient', True), ('regressor__regressor__tol', 0.01), ('regressor__regressor__verbose', False)])





-------------------------------------------------- 
OPTIMIZING HYPERPARAMETERS FOR REGRESSOR NGB 	SEED: 420


Best parameters: OrderedDict([('regressor__regressor__learning_rate', 0.1), ('regressor__regressor__n_estimators', 2000), ('regressor__regressor__natural_gradient', True), ('regressor__regressor__tol', 0.01), ('regressor__regressor__verbose', False)])




Best parameters: OrderedDict([('regressor__regressor__learning_rate', 0.07089785851234512), ('regressor__regressor__n_estimators', 1096), ('regressor__regressor__natural_gradient', True), ('regressor__regressor__tol', 0.01), ('regressor__regressor__verbose', False)])




Best parameters: OrderedDict([('regressor__regressor__learning_rate', 0.05913781436124809), ('regressor__regressor__n_estimators', 875), ('regressor__regressor__natural_gradient', True), ('regressor__regressor__tol', 0.003374979707751342), ('regressor__regressor__verbose', False)])




Best parameters: OrderedDict([('regressor__regressor__learning_rate', 0.1), ('regressor__regressor__n_estimators', 224), ('regressor__regressor__natural_gradient', True), ('regressor__regressor__tol', 0.0001), ('regressor__regressor__verbose', False)])




Best parameters: OrderedDict([('regressor__regressor__learning_rate', 0.0389501499332605), ('regressor__regressor__n_estimators', 2000), ('regressor__regressor__natural_gradient', True), ('regressor__regressor__tol', 0.01), ('regressor__regressor__verbose', False)])





OPTIMIZING HYPERPARAMETERS FOR REGRESSOR NGB 	SEED: 420


Best parameters: OrderedDict([('regressor__regressor__learning_rate', 0.052827501398439204), ('regressor__regressor__n_estimators', 1928), ('regressor__regressor__natural_gradient', True), ('regressor__regressor__tol', 0.008813130983546615), ('regressor__regressor__verbose', False)])





OPTIMIZING HYPERPARAMETERS FOR REGRESSOR NGB 	SEED: 420


Best parameters: OrderedDict([('regressor__regressor__learning_rate', 0.09667419970895061), ('regressor__regressor__n_estimators', 1970), ('regressor__regressor__natural_gradient', True), ('regressor__regressor__tol', 0.0014321425928718367), ('regressor__regressor__verbose', False)])





OPTIMIZING HYPERPARAMETERS FOR REGRESSOR NGB 	SEED: 420


Best parameters: OrderedDict([('regressor__regressor__learning_rate', 0.053593014117800694), ('regressor__regressor__n_estimators', 197), ('regressor__regressor__natural_gradient', True), ('regressor__regressor__tol', 0.00010983781520894375), ('regressor__regressor__verbose', False)])





OPTIMIZING HYPERPARAMETERS FOR REGRESSOR NGB 	SEED: 420


Best parameters: OrderedDict([('regressor__regressor__learning_rate', 0.1), ('regressor__regressor__n_estimators', 860), ('regressor__regressor__natural_gradient', True), ('regressor__regressor__tol', 0.01), ('regressor__regressor__verbose', False)])





OPTIMIZING HYPERPARAMETERS FOR REGRESSOR NGB 	SEED: 420


Best parameters: OrderedDict([('regressor__regressor__learning_rate', 0.09922842812174733), ('regressor__regressor__n_estimators', 747), ('regressor__regressor__natural_gradient', True), ('regressor__regressor__tol', 0.005704702562755022), ('regressor__regressor__verbose', False)])





-------------------------------------------------- 
OPTIMIZING HYPERPARAMETERS FOR REGRESSOR NGB 	SEED: 1234567890


Best parameters: OrderedDict([('regressor__regressor__learning_rate', 0.09709774425264588), ('regressor__regressor__n_estimators', 1961), ('regressor__regressor__natural_gradient', True), ('regressor__regressor__tol', 0.003212704375291511), ('regressor__regressor__verbose', False)])




Best parameters: OrderedDict([('regressor__regressor__learning_rate', 0.09946028829657738), ('regressor__regressor__n_estimators', 1801), ('regressor__regressor__natural_gradient', True), ('regressor__regressor__tol', 0.00011420237300866252), ('regressor__regressor__verbose', False)])




Best parameters: OrderedDict([('regressor__regressor__learning_rate', 0.06386065475739813), ('regressor__regressor__n_estimators', 1976), ('regressor__regressor__natural_gradient', True), ('regressor__regressor__tol', 0.009607833886726806), ('regressor__regressor__verbose', False)])




Best parameters: OrderedDict([('regressor__regressor__learning_rate', 0.07530342928173818), ('regressor__regressor__n_estimators', 280), ('regressor__regressor__natural_gradient', True), ('regressor__regressor__tol', 0.01), ('regressor__regressor__verbose', False)])




Best parameters: OrderedDict([('regressor__regressor__learning_rate', 0.06446132754730315), ('regressor__regressor__n_estimators', 2000), ('regressor__regressor__natural_gradient', True), ('regressor__regressor__tol', 0.01), ('regressor__regressor__verbose', False)])





OPTIMIZING HYPERPARAMETERS FOR REGRESSOR NGB 	SEED: 1234567890


Best parameters: OrderedDict([('regressor__regressor__learning_rate', 0.0477295498460898), ('regressor__regressor__n_estimators', 951), ('regressor__regressor__natural_gradient', True), ('regressor__regressor__tol', 0.01), ('regressor__regressor__verbose', False)])





OPTIMIZING HYPERPARAMETERS FOR REGRESSOR NGB 	SEED: 1234567890


Best parameters: OrderedDict([('regressor__regressor__learning_rate', 0.06420220367093173), ('regressor__regressor__n_estimators', 1547), ('regressor__regressor__natural_gradient', True), ('regressor__regressor__tol', 0.01), ('regressor__regressor__verbose', False)])





OPTIMIZING HYPERPARAMETERS FOR REGRESSOR NGB 	SEED: 1234567890


Best parameters: OrderedDict([('regressor__regressor__learning_rate', 0.1), ('regressor__regressor__n_estimators', 1123), ('regressor__regressor__natural_gradient', True), ('regressor__regressor__tol', 0.0001), ('regressor__regressor__verbose', False)])





OPTIMIZING HYPERPARAMETERS FOR REGRESSOR NGB 	SEED: 1234567890


Best parameters: OrderedDict([('regressor__regressor__learning_rate', 0.09818540615565045), ('regressor__regressor__n_estimators', 1838), ('regressor__regressor__natural_gradient', True), ('regressor__regressor__tol', 0.0001563234137848529), ('regressor__regressor__verbose', False)])





OPTIMIZING HYPERPARAMETERS FOR REGRESSOR NGB 	SEED: 1234567890


Best parameters: OrderedDict([('regressor__regressor__learning_rate', 0.1), ('regressor__regressor__n_estimators', 1579), ('regressor__regressor__natural_gradient', True), ('regressor__regressor__tol', 0.0001), ('regressor__regressor__verbose', False)])





-------------------------------------------------- 
OPTIMIZING HYPERPARAMETERS FOR REGRESSOR NGB 	SEED: 473129


Best parameters: OrderedDict([('regressor__regressor__learning_rate', 0.05547685072956401), ('regressor__regressor__n_estimators', 2000), ('regressor__regressor__natural_gradient', True), ('regressor__regressor__tol', 0.01), ('regressor__regressor__verbose', False)])




Best parameters: OrderedDict([('regressor__regressor__learning_rate', 0.08203288829415703), ('regressor__regressor__n_estimators', 1037), ('regressor__regressor__natural_gradient', True), ('regressor__regressor__tol', 0.01), ('regressor__regressor__verbose', False)])




Best parameters: OrderedDict([('regressor__regressor__learning_rate', 0.09973372634083924), ('regressor__regressor__n_estimators', 1162), ('regressor__regressor__natural_gradient', True), ('regressor__regressor__tol', 0.0046836341910426104), ('regressor__regressor__verbose', False)])




Best parameters: OrderedDict([('regressor__regressor__learning_rate', 0.09397195206300638), ('regressor__regressor__n_estimators', 2000), ('regressor__regressor__natural_gradient', True), ('regressor__regressor__tol', 0.00016692152212131184), ('regressor__regressor__verbose', False)])




Best parameters: OrderedDict([('regressor__regressor__learning_rate', 0.07839077472719869), ('regressor__regressor__n_estimators', 1657), ('regressor__regressor__natural_gradient', True), ('regressor__regressor__tol', 0.008706949312601076), ('regressor__regressor__verbose', False)])





OPTIMIZING HYPERPARAMETERS FOR REGRESSOR NGB 	SEED: 473129


Best parameters: OrderedDict([('regressor__regressor__learning_rate', 0.06727478095140145), ('regressor__regressor__n_estimators', 2000), ('regressor__regressor__natural_gradient', True), ('regressor__regressor__tol', 0.0001), ('regressor__regressor__verbose', False)])





OPTIMIZING HYPERPARAMETERS FOR REGRESSOR NGB 	SEED: 473129


Best parameters: OrderedDict([('regressor__regressor__learning_rate', 0.09890922770477929), ('regressor__regressor__n_estimators', 309), ('regressor__regressor__natural_gradient', True), ('regressor__regressor__tol', 0.0006100058550345425), ('regressor__regressor__verbose', False)])





OPTIMIZING HYPERPARAMETERS FOR REGRESSOR NGB 	SEED: 473129


Best parameters: OrderedDict([('regressor__regressor__learning_rate', 0.09924222664529743), ('regressor__regressor__n_estimators', 1080), ('regressor__regressor__natural_gradient', True), ('regressor__regressor__tol', 0.00010951549482603057), ('regressor__regressor__verbose', False)])





OPTIMIZING HYPERPARAMETERS FOR REGRESSOR NGB 	SEED: 473129


Best parameters: OrderedDict([('regressor__regressor__learning_rate', 0.05207380197770783), ('regressor__regressor__n_estimators', 1980), ('regressor__regressor__natural_gradient', True), ('regressor__regressor__tol', 0.006129726097246723), ('regressor__regressor__verbose', False)])





OPTIMIZING HYPERPARAMETERS FOR REGRESSOR NGB 	SEED: 473129


Best parameters: OrderedDict([('regressor__regressor__learning_rate', 0.061448114054713336), ('regressor__regressor__n_estimators', 1392), ('regressor__regressor__natural_gradient', True), ('regressor__regressor__tol', 0.0001), ('regressor__regressor__verbose', False)])





-------------------------------------------------- 
OOD TEST ON 2



-------------------------------------------------- 
OPTIMIZING HYPERPARAMETERS FOR REGRESSOR NGB 	SEED: 6


Best parameters: OrderedDict([('regressor__regressor__learning_rate', 0.06859781801210216), ('regressor__regressor__n_estimators', 1082), ('regressor__regressor__natural_gradient', True), ('regressor__regressor__tol', 0.009976874877927401), ('regressor__regressor__verbose', False)])




Best parameters: OrderedDict([('regressor__regressor__learning_rate', 0.06756509339195708), ('regressor__regressor__n_estimators', 1234), ('regressor__regressor__natural_gradient', True), ('regressor__regressor__tol', 0.01), ('regressor__regressor__verbose', False)])




Best parameters: OrderedDict([('regressor__regressor__learning_rate', 0.0372263513535155), ('regressor__regressor__n_estimators', 2000), ('regressor__regressor__natural_gradient', True), ('regressor__regressor__tol', 0.01), ('regressor__regressor__verbose', False)])




Best parameters: OrderedDict([('regressor__regressor__learning_rate', 0.0579622826782778), ('regressor__regressor__n_estimators', 322), ('regressor__regressor__natural_gradient', True), ('regressor__regressor__tol', 0.01), ('regressor__regressor__verbose', False)])




Best parameters: OrderedDict([('regressor__regressor__learning_rate', 0.034099115576367585), ('regressor__regressor__n_estimators', 2000), ('regressor__regressor__natural_gradient', True), ('regressor__regressor__tol', 0.0001), ('regressor__regressor__verbose', False)])





OPTIMIZING HYPERPARAMETERS FOR REGRESSOR NGB 	SEED: 6


Best parameters: OrderedDict([('regressor__regressor__learning_rate', 0.0613485797060345), ('regressor__regressor__n_estimators', 2000), ('regressor__regressor__natural_gradient', True), ('regressor__regressor__tol', 0.0001), ('regressor__regressor__verbose', False)])





OPTIMIZING HYPERPARAMETERS FOR REGRESSOR NGB 	SEED: 6


Best parameters: OrderedDict([('regressor__regressor__learning_rate', 0.1), ('regressor__regressor__n_estimators', 2000), ('regressor__regressor__natural_gradient', True), ('regressor__regressor__tol', 0.01), ('regressor__regressor__verbose', False)])





OPTIMIZING HYPERPARAMETERS FOR REGRESSOR NGB 	SEED: 6


Best parameters: OrderedDict([('regressor__regressor__learning_rate', 0.06950982857418699), ('regressor__regressor__n_estimators', 362), ('regressor__regressor__natural_gradient', True), ('regressor__regressor__tol', 0.0001), ('regressor__regressor__verbose', False)])





OPTIMIZING HYPERPARAMETERS FOR REGRESSOR NGB 	SEED: 6


Best parameters: OrderedDict([('regressor__regressor__learning_rate', 0.08646479880356304), ('regressor__regressor__n_estimators', 918), ('regressor__regressor__natural_gradient', True), ('regressor__regressor__tol', 0.0005053971397801153), ('regressor__regressor__verbose', False)])





OPTIMIZING HYPERPARAMETERS FOR REGRESSOR NGB 	SEED: 6


Best parameters: OrderedDict([('regressor__regressor__learning_rate', 0.1), ('regressor__regressor__n_estimators', 2000), ('regressor__regressor__natural_gradient', True), ('regressor__regressor__tol', 0.01), ('regressor__regressor__verbose', False)])





-------------------------------------------------- 
OPTIMIZING HYPERPARAMETERS FOR REGRESSOR NGB 	SEED: 13


Best parameters: OrderedDict([('regressor__regressor__learning_rate', 0.09919510982013224), ('regressor__regressor__n_estimators', 1048), ('regressor__regressor__natural_gradient', True), ('regressor__regressor__tol', 0.0011994628828177999), ('regressor__regressor__verbose', False)])




Best parameters: OrderedDict([('regressor__regressor__learning_rate', 0.1), ('regressor__regressor__n_estimators', 998), ('regressor__regressor__natural_gradient', True), ('regressor__regressor__tol', 0.01), ('regressor__regressor__verbose', False)])




Best parameters: OrderedDict([('regressor__regressor__learning_rate', 0.009689962756908272), ('regressor__regressor__n_estimators', 2000), ('regressor__regressor__natural_gradient', True), ('regressor__regressor__tol', 0.0001), ('regressor__regressor__verbose', False)])




Best parameters: OrderedDict([('regressor__regressor__learning_rate', 0.025614137281665846), ('regressor__regressor__n_estimators', 738), ('regressor__regressor__natural_gradient', True), ('regressor__regressor__tol', 0.00011549645131928345), ('regressor__regressor__verbose', False)])




Best parameters: OrderedDict([('regressor__regressor__learning_rate', 0.04451284341190827), ('regressor__regressor__n_estimators', 681), ('regressor__regressor__natural_gradient', True), ('regressor__regressor__tol', 0.0001), ('regressor__regressor__verbose', False)])





OPTIMIZING HYPERPARAMETERS FOR REGRESSOR NGB 	SEED: 13


Best parameters: OrderedDict([('regressor__regressor__learning_rate', 0.1), ('regressor__regressor__n_estimators', 326), ('regressor__regressor__natural_gradient', True), ('regressor__regressor__tol', 0.0001), ('regressor__regressor__verbose', False)])





OPTIMIZING HYPERPARAMETERS FOR REGRESSOR NGB 	SEED: 13


Best parameters: OrderedDict([('regressor__regressor__learning_rate', 0.09865548073332854), ('regressor__regressor__n_estimators', 1248), ('regressor__regressor__natural_gradient', True), ('regressor__regressor__tol', 0.0002203891925913214), ('regressor__regressor__verbose', False)])





OPTIMIZING HYPERPARAMETERS FOR REGRESSOR NGB 	SEED: 13


Best parameters: OrderedDict([('regressor__regressor__learning_rate', 0.0985682478509208), ('regressor__regressor__n_estimators', 282), ('regressor__regressor__natural_gradient', True), ('regressor__regressor__tol', 0.00012961587024332743), ('regressor__regressor__verbose', False)])





OPTIMIZING HYPERPARAMETERS FOR REGRESSOR NGB 	SEED: 13


Best parameters: OrderedDict([('regressor__regressor__learning_rate', 0.0702646619889985), ('regressor__regressor__n_estimators', 2000), ('regressor__regressor__natural_gradient', True), ('regressor__regressor__tol', 0.01), ('regressor__regressor__verbose', False)])





OPTIMIZING HYPERPARAMETERS FOR REGRESSOR NGB 	SEED: 13


Best parameters: OrderedDict([('regressor__regressor__learning_rate', 0.09819427474557266), ('regressor__regressor__n_estimators', 1874), ('regressor__regressor__natural_gradient', True), ('regressor__regressor__tol', 0.0018270611751007122), ('regressor__regressor__verbose', False)])





-------------------------------------------------- 
OPTIMIZING HYPERPARAMETERS FOR REGRESSOR NGB 	SEED: 42


Best parameters: OrderedDict([('regressor__regressor__learning_rate', 0.09927702263194133), ('regressor__regressor__n_estimators', 1915), ('regressor__regressor__natural_gradient', True), ('regressor__regressor__tol', 0.00012979559601357786), ('regressor__regressor__verbose', False)])




Best parameters: OrderedDict([('regressor__regressor__learning_rate', 0.09642096309157701), ('regressor__regressor__n_estimators', 251), ('regressor__regressor__natural_gradient', True), ('regressor__regressor__tol', 0.00011666993482823726), ('regressor__regressor__verbose', False)])




Best parameters: OrderedDict([('regressor__regressor__learning_rate', 0.1), ('regressor__regressor__n_estimators', 2000), ('regressor__regressor__natural_gradient', True), ('regressor__regressor__tol', 0.01), ('regressor__regressor__verbose', False)])




Best parameters: OrderedDict([('regressor__regressor__learning_rate', 0.09852565450315878), ('regressor__regressor__n_estimators', 1421), ('regressor__regressor__natural_gradient', True), ('regressor__regressor__tol', 0.0001478620542143921), ('regressor__regressor__verbose', False)])




Best parameters: OrderedDict([('regressor__regressor__learning_rate', 0.0305342957694859), ('regressor__regressor__n_estimators', 673), ('regressor__regressor__natural_gradient', True), ('regressor__regressor__tol', 0.0001), ('regressor__regressor__verbose', False)])





OPTIMIZING HYPERPARAMETERS FOR REGRESSOR NGB 	SEED: 42


Best parameters: OrderedDict([('regressor__regressor__learning_rate', 0.1), ('regressor__regressor__n_estimators', 254), ('regressor__regressor__natural_gradient', True), ('regressor__regressor__tol', 0.0001), ('regressor__regressor__verbose', False)])





OPTIMIZING HYPERPARAMETERS FOR REGRESSOR NGB 	SEED: 42


Best parameters: OrderedDict([('regressor__regressor__learning_rate', 0.1), ('regressor__regressor__n_estimators', 392), ('regressor__regressor__natural_gradient', True), ('regressor__regressor__tol', 0.0001), ('regressor__regressor__verbose', False)])





OPTIMIZING HYPERPARAMETERS FOR REGRESSOR NGB 	SEED: 42


Best parameters: OrderedDict([('regressor__regressor__learning_rate', 0.09456351528156225), ('regressor__regressor__n_estimators', 1964), ('regressor__regressor__natural_gradient', True), ('regressor__regressor__tol', 0.00017134019203252448), ('regressor__regressor__verbose', False)])





OPTIMIZING HYPERPARAMETERS FOR REGRESSOR NGB 	SEED: 42


Best parameters: OrderedDict([('regressor__regressor__learning_rate', 0.09758823882541626), ('regressor__regressor__n_estimators', 1208), ('regressor__regressor__natural_gradient', True), ('regressor__regressor__tol', 0.00656610550910433), ('regressor__regressor__verbose', False)])





OPTIMIZING HYPERPARAMETERS FOR REGRESSOR NGB 	SEED: 42


Best parameters: OrderedDict([('regressor__regressor__learning_rate', 0.09929800251592819), ('regressor__regressor__n_estimators', 683), ('regressor__regressor__natural_gradient', True), ('regressor__regressor__tol', 0.0029597276809658042), ('regressor__regressor__verbose', False)])





-------------------------------------------------- 
OPTIMIZING HYPERPARAMETERS FOR REGRESSOR NGB 	SEED: 69


Best parameters: OrderedDict([('regressor__regressor__learning_rate', 0.1), ('regressor__regressor__n_estimators', 2000), ('regressor__regressor__natural_gradient', True), ('regressor__regressor__tol', 0.01), ('regressor__regressor__verbose', False)])




Best parameters: OrderedDict([('regressor__regressor__learning_rate', 0.049805875025009216), ('regressor__regressor__n_estimators', 2000), ('regressor__regressor__natural_gradient', True), ('regressor__regressor__tol', 0.01), ('regressor__regressor__verbose', False)])




Best parameters: OrderedDict([('regressor__regressor__learning_rate', 0.049850850368881205), ('regressor__regressor__n_estimators', 388), ('regressor__regressor__natural_gradient', True), ('regressor__regressor__tol', 0.01), ('regressor__regressor__verbose', False)])




Best parameters: OrderedDict([('regressor__regressor__learning_rate', 0.1), ('regressor__regressor__n_estimators', 2000), ('regressor__regressor__natural_gradient', True), ('regressor__regressor__tol', 0.0001), ('regressor__regressor__verbose', False)])




Best parameters: OrderedDict([('regressor__regressor__learning_rate', 0.09939793013929618), ('regressor__regressor__n_estimators', 1351), ('regressor__regressor__natural_gradient', True), ('regressor__regressor__tol', 0.0029011736234682817), ('regressor__regressor__verbose', False)])





OPTIMIZING HYPERPARAMETERS FOR REGRESSOR NGB 	SEED: 69


Best parameters: OrderedDict([('regressor__regressor__learning_rate', 0.09939793013929618), ('regressor__regressor__n_estimators', 1351), ('regressor__regressor__natural_gradient', True), ('regressor__regressor__tol', 0.0029011736234682817), ('regressor__regressor__verbose', False)])





OPTIMIZING HYPERPARAMETERS FOR REGRESSOR NGB 	SEED: 69


Best parameters: OrderedDict([('regressor__regressor__learning_rate', 0.09324371526727816), ('regressor__regressor__n_estimators', 1005), ('regressor__regressor__natural_gradient', True), ('regressor__regressor__tol', 0.00012602095011203437), ('regressor__regressor__verbose', False)])





OPTIMIZING HYPERPARAMETERS FOR REGRESSOR NGB 	SEED: 69


Best parameters: OrderedDict([('regressor__regressor__learning_rate', 0.05677459176340424), ('regressor__regressor__n_estimators', 1439), ('regressor__regressor__natural_gradient', True), ('regressor__regressor__tol', 0.0001), ('regressor__regressor__verbose', False)])





OPTIMIZING HYPERPARAMETERS FOR REGRESSOR NGB 	SEED: 69


Best parameters: OrderedDict([('regressor__regressor__learning_rate', 0.1), ('regressor__regressor__n_estimators', 504), ('regressor__regressor__natural_gradient', True), ('regressor__regressor__tol', 0.0001), ('regressor__regressor__verbose', False)])





OPTIMIZING HYPERPARAMETERS FOR REGRESSOR NGB 	SEED: 69


Best parameters: OrderedDict([('regressor__regressor__learning_rate', 0.05901016532563109), ('regressor__regressor__n_estimators', 368), ('regressor__regressor__natural_gradient', True), ('regressor__regressor__tol', 0.01), ('regressor__regressor__verbose', False)])





-------------------------------------------------- 
OPTIMIZING HYPERPARAMETERS FOR REGRESSOR NGB 	SEED: 420


Best parameters: OrderedDict([('regressor__regressor__learning_rate', 0.09946471558926177), ('regressor__regressor__n_estimators', 1120), ('regressor__regressor__natural_gradient', True), ('regressor__regressor__tol', 0.005299111990308134), ('regressor__regressor__verbose', False)])




Best parameters: OrderedDict([('regressor__regressor__learning_rate', 0.09705392931537801), ('regressor__regressor__n_estimators', 1989), ('regressor__regressor__natural_gradient', True), ('regressor__regressor__tol', 0.00018925303833698505), ('regressor__regressor__verbose', False)])




Best parameters: OrderedDict([('regressor__regressor__learning_rate', 0.03153377092836586), ('regressor__regressor__n_estimators', 813), ('regressor__regressor__natural_gradient', True), ('regressor__regressor__tol', 0.009358181385924024), ('regressor__regressor__verbose', False)])




Best parameters: OrderedDict([('regressor__regressor__learning_rate', 0.1), ('regressor__regressor__n_estimators', 589), ('regressor__regressor__natural_gradient', True), ('regressor__regressor__tol', 0.0001), ('regressor__regressor__verbose', False)])




Best parameters: OrderedDict([('regressor__regressor__learning_rate', 0.1), ('regressor__regressor__n_estimators', 1313), ('regressor__regressor__natural_gradient', True), ('regressor__regressor__tol', 0.0001), ('regressor__regressor__verbose', False)])





OPTIMIZING HYPERPARAMETERS FOR REGRESSOR NGB 	SEED: 420


Best parameters: OrderedDict([('regressor__regressor__learning_rate', 0.06865661244595024), ('regressor__regressor__n_estimators', 1433), ('regressor__regressor__natural_gradient', True), ('regressor__regressor__tol', 0.00014883562901769163), ('regressor__regressor__verbose', False)])





OPTIMIZING HYPERPARAMETERS FOR REGRESSOR NGB 	SEED: 420


Best parameters: OrderedDict([('regressor__regressor__learning_rate', 0.055013715036001165), ('regressor__regressor__n_estimators', 1028), ('regressor__regressor__natural_gradient', True), ('regressor__regressor__tol', 0.009480022012970902), ('regressor__regressor__verbose', False)])





OPTIMIZING HYPERPARAMETERS FOR REGRESSOR NGB 	SEED: 420


Best parameters: OrderedDict([('regressor__regressor__learning_rate', 0.056038982726082175), ('regressor__regressor__n_estimators', 271), ('regressor__regressor__natural_gradient', True), ('regressor__regressor__tol', 0.0001289041968024481), ('regressor__regressor__verbose', False)])





OPTIMIZING HYPERPARAMETERS FOR REGRESSOR NGB 	SEED: 420


Best parameters: OrderedDict([('regressor__regressor__learning_rate', 0.09969121203066716), ('regressor__regressor__n_estimators', 1838), ('regressor__regressor__natural_gradient', True), ('regressor__regressor__tol', 0.000149995216256502), ('regressor__regressor__verbose', False)])





OPTIMIZING HYPERPARAMETERS FOR REGRESSOR NGB 	SEED: 420


Best parameters: OrderedDict([('regressor__regressor__learning_rate', 0.09997174346437439), ('regressor__regressor__n_estimators', 1873), ('regressor__regressor__natural_gradient', True), ('regressor__regressor__tol', 0.0018947128647158165), ('regressor__regressor__verbose', False)])





-------------------------------------------------- 
OPTIMIZING HYPERPARAMETERS FOR REGRESSOR NGB 	SEED: 1234567890


Best parameters: OrderedDict([('regressor__regressor__learning_rate', 0.034388736790055816), ('regressor__regressor__n_estimators', 944), ('regressor__regressor__natural_gradient', True), ('regressor__regressor__tol', 0.01), ('regressor__regressor__verbose', False)])




Best parameters: OrderedDict([('regressor__regressor__learning_rate', 0.09874051035769346), ('regressor__regressor__n_estimators', 1191), ('regressor__regressor__natural_gradient', True), ('regressor__regressor__tol', 0.004440777584095941), ('regressor__regressor__verbose', False)])




Best parameters: OrderedDict([('regressor__regressor__learning_rate', 0.06384320824074717), ('regressor__regressor__n_estimators', 2000), ('regressor__regressor__natural_gradient', True), ('regressor__regressor__tol', 0.0001), ('regressor__regressor__verbose', False)])




Best parameters: OrderedDict([('regressor__regressor__learning_rate', 0.060603560630836835), ('regressor__regressor__n_estimators', 2000), ('regressor__regressor__natural_gradient', True), ('regressor__regressor__tol', 0.000163858939595916), ('regressor__regressor__verbose', False)])




Best parameters: OrderedDict([('regressor__regressor__learning_rate', 0.1), ('regressor__regressor__n_estimators', 830), ('regressor__regressor__natural_gradient', True), ('regressor__regressor__tol', 0.01), ('regressor__regressor__verbose', False)])





OPTIMIZING HYPERPARAMETERS FOR REGRESSOR NGB 	SEED: 1234567890


Best parameters: OrderedDict([('regressor__regressor__learning_rate', 0.054071779289920366), ('regressor__regressor__n_estimators', 2000), ('regressor__regressor__natural_gradient', True), ('regressor__regressor__tol', 0.0001), ('regressor__regressor__verbose', False)])





OPTIMIZING HYPERPARAMETERS FOR REGRESSOR NGB 	SEED: 1234567890


Best parameters: OrderedDict([('regressor__regressor__learning_rate', 0.09904038180002706), ('regressor__regressor__n_estimators', 1896), ('regressor__regressor__natural_gradient', True), ('regressor__regressor__tol', 0.0052055396848497025), ('regressor__regressor__verbose', False)])





OPTIMIZING HYPERPARAMETERS FOR REGRESSOR NGB 	SEED: 1234567890


Best parameters: OrderedDict([('regressor__regressor__learning_rate', 0.1), ('regressor__regressor__n_estimators', 2000), ('regressor__regressor__natural_gradient', True), ('regressor__regressor__tol', 0.0001), ('regressor__regressor__verbose', False)])





OPTIMIZING HYPERPARAMETERS FOR REGRESSOR NGB 	SEED: 1234567890


Best parameters: OrderedDict([('regressor__regressor__learning_rate', 0.06078281787002836), ('regressor__regressor__n_estimators', 2000), ('regressor__regressor__natural_gradient', True), ('regressor__regressor__tol', 0.01), ('regressor__regressor__verbose', False)])





OPTIMIZING HYPERPARAMETERS FOR REGRESSOR NGB 	SEED: 1234567890


Best parameters: OrderedDict([('regressor__regressor__learning_rate', 0.1), ('regressor__regressor__n_estimators', 736), ('regressor__regressor__natural_gradient', True), ('regressor__regressor__tol', 0.0001), ('regressor__regressor__verbose', False)])





-------------------------------------------------- 
OPTIMIZING HYPERPARAMETERS FOR REGRESSOR NGB 	SEED: 473129


Best parameters: OrderedDict([('regressor__regressor__learning_rate', 0.03258013346919855), ('regressor__regressor__n_estimators', 427), ('regressor__regressor__natural_gradient', True), ('regressor__regressor__tol', 0.01), ('regressor__regressor__verbose', False)])




Best parameters: OrderedDict([('regressor__regressor__learning_rate', 0.1), ('regressor__regressor__n_estimators', 866), ('regressor__regressor__natural_gradient', True), ('regressor__regressor__tol', 0.0001), ('regressor__regressor__verbose', False)])




Best parameters: OrderedDict([('regressor__regressor__learning_rate', 0.09886279067831265), ('regressor__regressor__n_estimators', 136), ('regressor__regressor__natural_gradient', True), ('regressor__regressor__tol', 0.009306124827531138), ('regressor__regressor__verbose', False)])




Best parameters: OrderedDict([('regressor__regressor__learning_rate', 0.09870338144934769), ('regressor__regressor__n_estimators', 757), ('regressor__regressor__natural_gradient', True), ('regressor__regressor__tol', 0.0047290355623467485), ('regressor__regressor__verbose', False)])




Best parameters: OrderedDict([('regressor__regressor__learning_rate', 0.0727880237480246), ('regressor__regressor__n_estimators', 405), ('regressor__regressor__natural_gradient', True), ('regressor__regressor__tol', 0.0003148403208079816), ('regressor__regressor__verbose', False)])





OPTIMIZING HYPERPARAMETERS FOR REGRESSOR NGB 	SEED: 473129


Best parameters: OrderedDict([('regressor__regressor__learning_rate', 0.050261134288334834), ('regressor__regressor__n_estimators', 649), ('regressor__regressor__natural_gradient', True), ('regressor__regressor__tol', 0.006534636348072858), ('regressor__regressor__verbose', False)])





OPTIMIZING HYPERPARAMETERS FOR REGRESSOR NGB 	SEED: 473129


Best parameters: OrderedDict([('regressor__regressor__learning_rate', 0.09886279067831265), ('regressor__regressor__n_estimators', 136), ('regressor__regressor__natural_gradient', True), ('regressor__regressor__tol', 0.009306124827531138), ('regressor__regressor__verbose', False)])





OPTIMIZING HYPERPARAMETERS FOR REGRESSOR NGB 	SEED: 473129


Best parameters: OrderedDict([('regressor__regressor__learning_rate', 0.050207044001579805), ('regressor__regressor__n_estimators', 1966), ('regressor__regressor__natural_gradient', True), ('regressor__regressor__tol', 0.0032782533001104383), ('regressor__regressor__verbose', False)])





OPTIMIZING HYPERPARAMETERS FOR REGRESSOR NGB 	SEED: 473129


Best parameters: OrderedDict([('regressor__regressor__learning_rate', 0.0727880237480246), ('regressor__regressor__n_estimators', 405), ('regressor__regressor__natural_gradient', True), ('regressor__regressor__tol', 0.0003148403208079816), ('regressor__regressor__verbose', False)])





OPTIMIZING HYPERPARAMETERS FOR REGRESSOR NGB 	SEED: 473129


Best parameters: OrderedDict([('regressor__regressor__learning_rate', 0.05285987082963107), ('regressor__regressor__n_estimators', 2000), ('regressor__regressor__natural_gradient', True), ('regressor__regressor__tol', 0.0001), ('regressor__regressor__verbose', False)])





-------------------------------------------------- 
OOD TEST ON 3



-------------------------------------------------- 
OPTIMIZING HYPERPARAMETERS FOR REGRESSOR NGB 	SEED: 6


Best parameters: OrderedDict([('regressor__regressor__learning_rate', 0.033981635510546775), ('regressor__regressor__n_estimators', 1491), ('regressor__regressor__natural_gradient', True), ('regressor__regressor__tol', 0.0001), ('regressor__regressor__verbose', False)])




Best parameters: OrderedDict([('regressor__regressor__learning_rate', 0.04672523656646482), ('regressor__regressor__n_estimators', 690), ('regressor__regressor__natural_gradient', True), ('regressor__regressor__tol', 0.01), ('regressor__regressor__verbose', False)])




Best parameters: OrderedDict([('regressor__regressor__learning_rate', 0.1), ('regressor__regressor__n_estimators', 147), ('regressor__regressor__natural_gradient', True), ('regressor__regressor__tol', 0.01), ('regressor__regressor__verbose', False)])




Best parameters: OrderedDict([('regressor__regressor__learning_rate', 0.1), ('regressor__regressor__n_estimators', 135), ('regressor__regressor__natural_gradient', True), ('regressor__regressor__tol', 0.0001), ('regressor__regressor__verbose', False)])




Best parameters: OrderedDict([('regressor__regressor__learning_rate', 0.08646479880356304), ('regressor__regressor__n_estimators', 918), ('regressor__regressor__natural_gradient', True), ('regressor__regressor__tol', 0.0005053971397801153), ('regressor__regressor__verbose', False)])





OPTIMIZING HYPERPARAMETERS FOR REGRESSOR NGB 	SEED: 6


Best parameters: OrderedDict([('regressor__regressor__learning_rate', 0.02011143547327555), ('regressor__regressor__n_estimators', 2000), ('regressor__regressor__natural_gradient', True), ('regressor__regressor__tol', 0.0001), ('regressor__regressor__verbose', False)])





OPTIMIZING HYPERPARAMETERS FOR REGRESSOR NGB 	SEED: 6


Best parameters: OrderedDict([('regressor__regressor__learning_rate', 0.1), ('regressor__regressor__n_estimators', 1737), ('regressor__regressor__natural_gradient', True), ('regressor__regressor__tol', 0.0001), ('regressor__regressor__verbose', False)])





OPTIMIZING HYPERPARAMETERS FOR REGRESSOR NGB 	SEED: 6


Best parameters: OrderedDict([('regressor__regressor__learning_rate', 0.03057404527211978), ('regressor__regressor__n_estimators', 385), ('regressor__regressor__natural_gradient', True), ('regressor__regressor__tol', 0.01), ('regressor__regressor__verbose', False)])





OPTIMIZING HYPERPARAMETERS FOR REGRESSOR NGB 	SEED: 6


Best parameters: OrderedDict([('regressor__regressor__learning_rate', 0.04432895452092042), ('regressor__regressor__n_estimators', 2000), ('regressor__regressor__natural_gradient', True), ('regressor__regressor__tol', 0.0001), ('regressor__regressor__verbose', False)])





OPTIMIZING HYPERPARAMETERS FOR REGRESSOR NGB 	SEED: 6


Best parameters: OrderedDict([('regressor__regressor__learning_rate', 0.06446556002486421), ('regressor__regressor__n_estimators', 1996), ('regressor__regressor__natural_gradient', True), ('regressor__regressor__tol', 0.00012468243834418133), ('regressor__regressor__verbose', False)])





-------------------------------------------------- 
OPTIMIZING HYPERPARAMETERS FOR REGRESSOR NGB 	SEED: 13


Best parameters: OrderedDict([('regressor__regressor__learning_rate', 0.07693173041362837), ('regressor__regressor__n_estimators', 290), ('regressor__regressor__natural_gradient', True), ('regressor__regressor__tol', 0.004184475212836049), ('regressor__regressor__verbose', False)])




Best parameters: OrderedDict([('regressor__regressor__learning_rate', 0.09674555280756687), ('regressor__regressor__n_estimators', 1964), ('regressor__regressor__natural_gradient', True), ('regressor__regressor__tol', 0.007821684792760271), ('regressor__regressor__verbose', False)])




Best parameters: OrderedDict([('regressor__regressor__learning_rate', 0.03845376622809947), ('regressor__regressor__n_estimators', 2000), ('regressor__regressor__natural_gradient', True), ('regressor__regressor__tol', 0.01), ('regressor__regressor__verbose', False)])




Best parameters: OrderedDict([('regressor__regressor__learning_rate', 0.07693173041362837), ('regressor__regressor__n_estimators', 290), ('regressor__regressor__natural_gradient', True), ('regressor__regressor__tol', 0.004184475212836049), ('regressor__regressor__verbose', False)])




Best parameters: OrderedDict([('regressor__regressor__learning_rate', 0.09987208354170009), ('regressor__regressor__n_estimators', 77), ('regressor__regressor__natural_gradient', True), ('regressor__regressor__tol', 0.003654839090672355), ('regressor__regressor__verbose', False)])





OPTIMIZING HYPERPARAMETERS FOR REGRESSOR NGB 	SEED: 13


Best parameters: OrderedDict([('regressor__regressor__learning_rate', 0.1), ('regressor__regressor__n_estimators', 2000), ('regressor__regressor__natural_gradient', True), ('regressor__regressor__tol', 0.0001), ('regressor__regressor__verbose', False)])





OPTIMIZING HYPERPARAMETERS FOR REGRESSOR NGB 	SEED: 13


Best parameters: OrderedDict([('regressor__regressor__learning_rate', 0.07374373876889231), ('regressor__regressor__n_estimators', 2000), ('regressor__regressor__natural_gradient', True), ('regressor__regressor__tol', 0.0001), ('regressor__regressor__verbose', False)])





OPTIMIZING HYPERPARAMETERS FOR REGRESSOR NGB 	SEED: 13


Best parameters: OrderedDict([('regressor__regressor__learning_rate', 0.1), ('regressor__regressor__n_estimators', 646), ('regressor__regressor__natural_gradient', True), ('regressor__regressor__tol', 0.01), ('regressor__regressor__verbose', False)])





OPTIMIZING HYPERPARAMETERS FOR REGRESSOR NGB 	SEED: 13


Best parameters: OrderedDict([('regressor__regressor__learning_rate', 0.09993423438424713), ('regressor__regressor__n_estimators', 1861), ('regressor__regressor__natural_gradient', True), ('regressor__regressor__tol', 0.00016452953411428617), ('regressor__regressor__verbose', False)])





OPTIMIZING HYPERPARAMETERS FOR REGRESSOR NGB 	SEED: 13


Best parameters: OrderedDict([('regressor__regressor__learning_rate', 0.1), ('regressor__regressor__n_estimators', 2000), ('regressor__regressor__natural_gradient', True), ('regressor__regressor__tol', 0.0001), ('regressor__regressor__verbose', False)])





-------------------------------------------------- 
OPTIMIZING HYPERPARAMETERS FOR REGRESSOR NGB 	SEED: 42


Best parameters: OrderedDict([('regressor__regressor__learning_rate', 0.026865775842045376), ('regressor__regressor__n_estimators', 1398), ('regressor__regressor__natural_gradient', True), ('regressor__regressor__tol', 0.01), ('regressor__regressor__verbose', False)])




Best parameters: OrderedDict([('regressor__regressor__learning_rate', 0.022592709447737582), ('regressor__regressor__n_estimators', 395), ('regressor__regressor__natural_gradient', True), ('regressor__regressor__tol', 0.0001), ('regressor__regressor__verbose', False)])




Best parameters: OrderedDict([('regressor__regressor__learning_rate', 0.01016437069623014), ('regressor__regressor__n_estimators', 1416), ('regressor__regressor__natural_gradient', True), ('regressor__regressor__tol', 0.0001), ('regressor__regressor__verbose', False)])




Best parameters: OrderedDict([('regressor__regressor__learning_rate', 0.037626691669020225), ('regressor__regressor__n_estimators', 2000), ('regressor__regressor__natural_gradient', True), ('regressor__regressor__tol', 0.0001), ('regressor__regressor__verbose', False)])




Best parameters: OrderedDict([('regressor__regressor__learning_rate', 0.1), ('regressor__regressor__n_estimators', 2000), ('regressor__regressor__natural_gradient', True), ('regressor__regressor__tol', 0.0001), ('regressor__regressor__verbose', False)])





OPTIMIZING HYPERPARAMETERS FOR REGRESSOR NGB 	SEED: 42


Best parameters: OrderedDict([('regressor__regressor__learning_rate', 0.1), ('regressor__regressor__n_estimators', 2000), ('regressor__regressor__natural_gradient', True), ('regressor__regressor__tol', 0.01), ('regressor__regressor__verbose', False)])





OPTIMIZING HYPERPARAMETERS FOR REGRESSOR NGB 	SEED: 42


Best parameters: OrderedDict([('regressor__regressor__learning_rate', 0.1), ('regressor__regressor__n_estimators', 1880), ('regressor__regressor__natural_gradient', True), ('regressor__regressor__tol', 0.00028396203594940075), ('regressor__regressor__verbose', False)])





OPTIMIZING HYPERPARAMETERS FOR REGRESSOR NGB 	SEED: 42


Best parameters: OrderedDict([('regressor__regressor__learning_rate', 0.06766890442866311), ('regressor__regressor__n_estimators', 2000), ('regressor__regressor__natural_gradient', True), ('regressor__regressor__tol', 0.0001), ('regressor__regressor__verbose', False)])





OPTIMIZING HYPERPARAMETERS FOR REGRESSOR NGB 	SEED: 42


Best parameters: OrderedDict([('regressor__regressor__learning_rate', 0.04318063981666455), ('regressor__regressor__n_estimators', 2000), ('regressor__regressor__natural_gradient', True), ('regressor__regressor__tol', 0.0001), ('regressor__regressor__verbose', False)])





OPTIMIZING HYPERPARAMETERS FOR REGRESSOR NGB 	SEED: 42


Best parameters: OrderedDict([('regressor__regressor__learning_rate', 0.033194179477393344), ('regressor__regressor__n_estimators', 541), ('regressor__regressor__natural_gradient', True), ('regressor__regressor__tol', 0.01), ('regressor__regressor__verbose', False)])





-------------------------------------------------- 
OPTIMIZING HYPERPARAMETERS FOR REGRESSOR NGB 	SEED: 69


Best parameters: OrderedDict([('regressor__regressor__learning_rate', 0.02238337632995276), ('regressor__regressor__n_estimators', 875), ('regressor__regressor__natural_gradient', True), ('regressor__regressor__tol', 0.0001), ('regressor__regressor__verbose', False)])




Best parameters: OrderedDict([('regressor__regressor__learning_rate', 0.09901664792958459), ('regressor__regressor__n_estimators', 1866), ('regressor__regressor__natural_gradient', True), ('regressor__regressor__tol', 0.007816829515602189), ('regressor__regressor__verbose', False)])




Best parameters: OrderedDict([('regressor__regressor__learning_rate', 0.09939793013929618), ('regressor__regressor__n_estimators', 1351), ('regressor__regressor__natural_gradient', True), ('regressor__regressor__tol', 0.0029011736234682817), ('regressor__regressor__verbose', False)])




Best parameters: OrderedDict([('regressor__regressor__learning_rate', 0.02888533892256823), ('regressor__regressor__n_estimators', 1122), ('regressor__regressor__natural_gradient', True), ('regressor__regressor__tol', 0.01), ('regressor__regressor__verbose', False)])




Best parameters: OrderedDict([('regressor__regressor__learning_rate', 0.010185702232599908), ('regressor__regressor__n_estimators', 2000), ('regressor__regressor__natural_gradient', True), ('regressor__regressor__tol', 0.01), ('regressor__regressor__verbose', False)])





OPTIMIZING HYPERPARAMETERS FOR REGRESSOR NGB 	SEED: 69


Best parameters: OrderedDict([('regressor__regressor__learning_rate', 0.06977233586180452), ('regressor__regressor__n_estimators', 1217), ('regressor__regressor__natural_gradient', True), ('regressor__regressor__tol', 0.0001), ('regressor__regressor__verbose', False)])





OPTIMIZING HYPERPARAMETERS FOR REGRESSOR NGB 	SEED: 69


Best parameters: OrderedDict([('regressor__regressor__learning_rate', 0.057194699867102045), ('regressor__regressor__n_estimators', 595), ('regressor__regressor__natural_gradient', True), ('regressor__regressor__tol', 0.009183540280334492), ('regressor__regressor__verbose', False)])





OPTIMIZING HYPERPARAMETERS FOR REGRESSOR NGB 	SEED: 69


Best parameters: OrderedDict([('regressor__regressor__learning_rate', 0.09934213988016817), ('regressor__regressor__n_estimators', 569), ('regressor__regressor__natural_gradient', True), ('regressor__regressor__tol', 0.0001003960966141764), ('regressor__regressor__verbose', False)])





OPTIMIZING HYPERPARAMETERS FOR REGRESSOR NGB 	SEED: 69


Best parameters: OrderedDict([('regressor__regressor__learning_rate', 0.1), ('regressor__regressor__n_estimators', 2000), ('regressor__regressor__natural_gradient', True), ('regressor__regressor__tol', 0.0001), ('regressor__regressor__verbose', False)])





OPTIMIZING HYPERPARAMETERS FOR REGRESSOR NGB 	SEED: 69


Best parameters: OrderedDict([('regressor__regressor__learning_rate', 0.0635930030915585), ('regressor__regressor__n_estimators', 318), ('regressor__regressor__natural_gradient', True), ('regressor__regressor__tol', 0.0001822891688147996), ('regressor__regressor__verbose', False)])





-------------------------------------------------- 
OPTIMIZING HYPERPARAMETERS FOR REGRESSOR NGB 	SEED: 420


Best parameters: OrderedDict([('regressor__regressor__learning_rate', 0.1), ('regressor__regressor__n_estimators', 2000), ('regressor__regressor__natural_gradient', True), ('regressor__regressor__tol', 0.01), ('regressor__regressor__verbose', False)])




Best parameters: OrderedDict([('regressor__regressor__learning_rate', 0.04019038806104867), ('regressor__regressor__n_estimators', 2000), ('regressor__regressor__natural_gradient', True), ('regressor__regressor__tol', 0.0001), ('regressor__regressor__verbose', False)])




Best parameters: OrderedDict([('regressor__regressor__learning_rate', 0.09687661152549613), ('regressor__regressor__n_estimators', 1881), ('regressor__regressor__natural_gradient', True), ('regressor__regressor__tol', 0.0001511865023282539), ('regressor__regressor__verbose', False)])




Best parameters: OrderedDict([('regressor__regressor__learning_rate', 0.05351996542771643), ('regressor__regressor__n_estimators', 278), ('regressor__regressor__natural_gradient', True), ('regressor__regressor__tol', 0.0001), ('regressor__regressor__verbose', False)])




Best parameters: OrderedDict([('regressor__regressor__learning_rate', 0.06030086972645872), ('regressor__regressor__n_estimators', 165), ('regressor__regressor__natural_gradient', True), ('regressor__regressor__tol', 0.00920038289244892), ('regressor__regressor__verbose', False)])





OPTIMIZING HYPERPARAMETERS FOR REGRESSOR NGB 	SEED: 420


Best parameters: OrderedDict([('regressor__regressor__learning_rate', 0.042244931177812216), ('regressor__regressor__n_estimators', 2000), ('regressor__regressor__natural_gradient', True), ('regressor__regressor__tol', 0.0001), ('regressor__regressor__verbose', False)])





OPTIMIZING HYPERPARAMETERS FOR REGRESSOR NGB 	SEED: 420


Best parameters: OrderedDict([('regressor__regressor__learning_rate', 0.06859886186178568), ('regressor__regressor__n_estimators', 586), ('regressor__regressor__natural_gradient', True), ('regressor__regressor__tol', 0.0001), ('regressor__regressor__verbose', False)])





OPTIMIZING HYPERPARAMETERS FOR REGRESSOR NGB 	SEED: 420


Best parameters: OrderedDict([('regressor__regressor__learning_rate', 0.037084032892337276), ('regressor__regressor__n_estimators', 2000), ('regressor__regressor__natural_gradient', True), ('regressor__regressor__tol', 0.0001), ('regressor__regressor__verbose', False)])





OPTIMIZING HYPERPARAMETERS FOR REGRESSOR NGB 	SEED: 420


Best parameters: OrderedDict([('regressor__regressor__learning_rate', 0.09933321684365906), ('regressor__regressor__n_estimators', 1962), ('regressor__regressor__natural_gradient', True), ('regressor__regressor__tol', 0.00015134990513939882), ('regressor__regressor__verbose', False)])





OPTIMIZING HYPERPARAMETERS FOR REGRESSOR NGB 	SEED: 420


Best parameters: OrderedDict([('regressor__regressor__learning_rate', 0.09915474388125764), ('regressor__regressor__n_estimators', 1951), ('regressor__regressor__natural_gradient', True), ('regressor__regressor__tol', 0.0007795730880009046), ('regressor__regressor__verbose', False)])





-------------------------------------------------- 
OPTIMIZING HYPERPARAMETERS FOR REGRESSOR NGB 	SEED: 1234567890


Best parameters: OrderedDict([('regressor__regressor__learning_rate', 0.09916280393486936), ('regressor__regressor__n_estimators', 503), ('regressor__regressor__natural_gradient', True), ('regressor__regressor__tol', 0.004254297097717819), ('regressor__regressor__verbose', False)])




Best parameters: OrderedDict([('regressor__regressor__learning_rate', 0.1), ('regressor__regressor__n_estimators', 2000), ('regressor__regressor__natural_gradient', True), ('regressor__regressor__tol', 0.01), ('regressor__regressor__verbose', False)])




Best parameters: OrderedDict([('regressor__regressor__learning_rate', 0.028269233642508138), ('regressor__regressor__n_estimators', 551), ('regressor__regressor__natural_gradient', True), ('regressor__regressor__tol', 0.01), ('regressor__regressor__verbose', False)])




Best parameters: OrderedDict([('regressor__regressor__learning_rate', 0.01835967281693083), ('regressor__regressor__n_estimators', 1035), ('regressor__regressor__natural_gradient', True), ('regressor__regressor__tol', 0.01), ('regressor__regressor__verbose', False)])




Best parameters: OrderedDict([('regressor__regressor__learning_rate', 0.017556081046276362), ('regressor__regressor__n_estimators', 2000), ('regressor__regressor__natural_gradient', True), ('regressor__regressor__tol', 0.0001), ('regressor__regressor__verbose', False)])





OPTIMIZING HYPERPARAMETERS FOR REGRESSOR NGB 	SEED: 1234567890


Best parameters: OrderedDict([('regressor__regressor__learning_rate', 0.06857143301530144), ('regressor__regressor__n_estimators', 336), ('regressor__regressor__natural_gradient', True), ('regressor__regressor__tol', 0.0001), ('regressor__regressor__verbose', False)])





OPTIMIZING HYPERPARAMETERS FOR REGRESSOR NGB 	SEED: 1234567890


Best parameters: OrderedDict([('regressor__regressor__learning_rate', 0.08131219654207271), ('regressor__regressor__n_estimators', 434), ('regressor__regressor__natural_gradient', True), ('regressor__regressor__tol', 0.00011575887601854774), ('regressor__regressor__verbose', False)])





OPTIMIZING HYPERPARAMETERS FOR REGRESSOR NGB 	SEED: 1234567890


Best parameters: OrderedDict([('regressor__regressor__learning_rate', 0.1), ('regressor__regressor__n_estimators', 2000), ('regressor__regressor__natural_gradient', True), ('regressor__regressor__tol', 0.0001), ('regressor__regressor__verbose', False)])





OPTIMIZING HYPERPARAMETERS FOR REGRESSOR NGB 	SEED: 1234567890


Best parameters: OrderedDict([('regressor__regressor__learning_rate', 0.053761006001586384), ('regressor__regressor__n_estimators', 1953), ('regressor__regressor__natural_gradient', True), ('regressor__regressor__tol', 0.00010574981800701636), ('regressor__regressor__verbose', False)])





OPTIMIZING HYPERPARAMETERS FOR REGRESSOR NGB 	SEED: 1234567890
