


-------------------------------------------------- 
OOD TEST ON 0



-------------------------------------------------- 
OPTIMIZING HYPERPARAMETERS FOR REGRESSOR NGB 	SEED: 6


Best parameters: OrderedDict([('regressor__regressor__learning_rate', 0.08646479880356304), ('regressor__regressor__n_estimators', 918), ('regressor__regressor__natural_gradient', True), ('regressor__regressor__tol', 0.0005053971397801153), ('regressor__regressor__verbose', False)])




Best parameters: OrderedDict([('regressor__regressor__learning_rate', 0.05724972778023642), ('regressor__regressor__n_estimators', 292), ('regressor__regressor__natural_gradient', True), ('regressor__regressor__tol', 0.01), ('regressor__regressor__verbose', False)])




Best parameters: OrderedDict([('regressor__regressor__learning_rate', 0.04010149612482952), ('regressor__regressor__n_estimators', 541), ('regressor__regressor__natural_gradient', True), ('regressor__regressor__tol', 0.01), ('regressor__regressor__verbose', False)])




Best parameters: OrderedDict([('regressor__regressor__learning_rate', 0.1), ('regressor__regressor__n_estimators', 50), ('regressor__regressor__natural_gradient', True), ('regressor__regressor__tol', 0.01), ('regressor__regressor__verbose', False)])




Best parameters: OrderedDict([('regressor__regressor__learning_rate', 0.08646479880356304), ('regressor__regressor__n_estimators', 918), ('regressor__regressor__natural_gradient', True), ('regressor__regressor__tol', 0.0005053971397801153), ('regressor__regressor__verbose', False)])





OPTIMIZING HYPERPARAMETERS FOR REGRESSOR NGB 	SEED: 6


Best parameters: OrderedDict([('regressor__regressor__learning_rate', 0.048492546448877995), ('regressor__regressor__n_estimators', 2000), ('regressor__regressor__natural_gradient', True), ('regressor__regressor__tol', 0.0001), ('regressor__regressor__verbose', False)])





OPTIMIZING HYPERPARAMETERS FOR REGRESSOR NGB 	SEED: 6


Best parameters: OrderedDict([('regressor__regressor__learning_rate', 0.021755570324854506), ('regressor__regressor__n_estimators', 2000), ('regressor__regressor__natural_gradient', True), ('regressor__regressor__tol', 0.01), ('regressor__regressor__verbose', False)])





OPTIMIZING HYPERPARAMETERS FOR REGRESSOR NGB 	SEED: 6


Best parameters: OrderedDict([('regressor__regressor__learning_rate', 0.08646479880356304), ('regressor__regressor__n_estimators', 918), ('regressor__regressor__natural_gradient', True), ('regressor__regressor__tol', 0.0005053971397801153), ('regressor__regressor__verbose', False)])





OPTIMIZING HYPERPARAMETERS FOR REGRESSOR NGB 	SEED: 6


Best parameters: OrderedDict([('regressor__regressor__learning_rate', 0.08646479880356304), ('regressor__regressor__n_estimators', 918), ('regressor__regressor__natural_gradient', True), ('regressor__regressor__tol', 0.0005053971397801153), ('regressor__regressor__verbose', False)])





OPTIMIZING HYPERPARAMETERS FOR REGRESSOR NGB 	SEED: 6


Best parameters: OrderedDict([('regressor__regressor__learning_rate', 0.08531999242728062), ('regressor__regressor__n_estimators', 257), ('regressor__regressor__natural_gradient', True), ('regressor__regressor__tol', 0.0001), ('regressor__regressor__verbose', False)])





-------------------------------------------------- 
OPTIMIZING HYPERPARAMETERS FOR REGRESSOR NGB 	SEED: 13


Best parameters: OrderedDict([('regressor__regressor__learning_rate', 0.03963367760345683), ('regressor__regressor__n_estimators', 211), ('regressor__regressor__natural_gradient', True), ('regressor__regressor__tol', 0.004142866234575716), ('regressor__regressor__verbose', False)])




Best parameters: OrderedDict([('regressor__regressor__learning_rate', 0.1), ('regressor__regressor__n_estimators', 240), ('regressor__regressor__natural_gradient', True), ('regressor__regressor__tol', 0.0001), ('regressor__regressor__verbose', False)])




Best parameters: OrderedDict([('regressor__regressor__learning_rate', 0.07144842059864688), ('regressor__regressor__n_estimators', 50), ('regressor__regressor__natural_gradient', True), ('regressor__regressor__tol', 0.0001), ('regressor__regressor__verbose', False)])




Best parameters: OrderedDict([('regressor__regressor__learning_rate', 0.011736573073801675), ('regressor__regressor__n_estimators', 553), ('regressor__regressor__natural_gradient', True), ('regressor__regressor__tol', 0.0001), ('regressor__regressor__verbose', False)])




Best parameters: OrderedDict([('regressor__regressor__learning_rate', 0.012344644457418124), ('regressor__regressor__n_estimators', 1199), ('regressor__regressor__natural_gradient', True), ('regressor__regressor__tol', 0.01), ('regressor__regressor__verbose', False)])





OPTIMIZING HYPERPARAMETERS FOR REGRESSOR NGB 	SEED: 13


Best parameters: OrderedDict([('regressor__regressor__learning_rate', 0.1), ('regressor__regressor__n_estimators', 2000), ('regressor__regressor__natural_gradient', True), ('regressor__regressor__tol', 0.0001), ('regressor__regressor__verbose', False)])





OPTIMIZING HYPERPARAMETERS FOR REGRESSOR NGB 	SEED: 13


Best parameters: OrderedDict([('regressor__regressor__learning_rate', 0.09509855641631244), ('regressor__regressor__n_estimators', 377), ('regressor__regressor__natural_gradient', True), ('regressor__regressor__tol', 0.00011049950313181278), ('regressor__regressor__verbose', False)])





OPTIMIZING HYPERPARAMETERS FOR REGRESSOR NGB 	SEED: 13


Best parameters: OrderedDict([('regressor__regressor__learning_rate', 0.09993423438424713), ('regressor__regressor__n_estimators', 1861), ('regressor__regressor__natural_gradient', True), ('regressor__regressor__tol', 0.00016452953411428617), ('regressor__regressor__verbose', False)])





OPTIMIZING HYPERPARAMETERS FOR REGRESSOR NGB 	SEED: 13


Best parameters: OrderedDict([('regressor__regressor__learning_rate', 0.04661412096266599), ('regressor__regressor__n_estimators', 2000), ('regressor__regressor__natural_gradient', True), ('regressor__regressor__tol', 0.01), ('regressor__regressor__verbose', False)])





OPTIMIZING HYPERPARAMETERS FOR REGRESSOR NGB 	SEED: 13


Best parameters: OrderedDict([('regressor__regressor__learning_rate', 0.1), ('regressor__regressor__n_estimators', 2000), ('regressor__regressor__natural_gradient', True), ('regressor__regressor__tol', 0.0015268533984520484), ('regressor__regressor__verbose', False)])





-------------------------------------------------- 
OPTIMIZING HYPERPARAMETERS FOR REGRESSOR NGB 	SEED: 42


Best parameters: OrderedDict([('regressor__regressor__learning_rate', 0.1), ('regressor__regressor__n_estimators', 222), ('regressor__regressor__natural_gradient', True), ('regressor__regressor__tol', 0.009404442235469575), ('regressor__regressor__verbose', False)])




Best parameters: OrderedDict([('regressor__regressor__learning_rate', 0.015925169151603524), ('regressor__regressor__n_estimators', 1599), ('regressor__regressor__natural_gradient', True), ('regressor__regressor__tol', 0.00023814999872958598), ('regressor__regressor__verbose', False)])




Best parameters: OrderedDict([('regressor__regressor__learning_rate', 0.058668858400025566), ('regressor__regressor__n_estimators', 161), ('regressor__regressor__natural_gradient', True), ('regressor__regressor__tol', 0.0001), ('regressor__regressor__verbose', False)])




Best parameters: OrderedDict([('regressor__regressor__learning_rate', 0.052851990255763946), ('regressor__regressor__n_estimators', 1325), ('regressor__regressor__natural_gradient', True), ('regressor__regressor__tol', 0.0001), ('regressor__regressor__verbose', False)])




Best parameters: OrderedDict([('regressor__regressor__learning_rate', 0.07154381917587922), ('regressor__regressor__n_estimators', 409), ('regressor__regressor__natural_gradient', True), ('regressor__regressor__tol', 0.009460868435177785), ('regressor__regressor__verbose', False)])





OPTIMIZING HYPERPARAMETERS FOR REGRESSOR NGB 	SEED: 42


Best parameters: OrderedDict([('regressor__regressor__learning_rate', 0.03753205032980761), ('regressor__regressor__n_estimators', 634), ('regressor__regressor__natural_gradient', True), ('regressor__regressor__tol', 0.00010831833436589129), ('regressor__regressor__verbose', False)])





OPTIMIZING HYPERPARAMETERS FOR REGRESSOR NGB 	SEED: 42


Best parameters: OrderedDict([('regressor__regressor__learning_rate', 0.1), ('regressor__regressor__n_estimators', 2000), ('regressor__regressor__natural_gradient', True), ('regressor__regressor__tol', 0.0001), ('regressor__regressor__verbose', False)])





OPTIMIZING HYPERPARAMETERS FOR REGRESSOR NGB 	SEED: 42


Best parameters: OrderedDict([('regressor__regressor__learning_rate', 0.03019095920677285), ('regressor__regressor__n_estimators', 2000), ('regressor__regressor__natural_gradient', True), ('regressor__regressor__tol', 0.01), ('regressor__regressor__verbose', False)])





OPTIMIZING HYPERPARAMETERS FOR REGRESSOR NGB 	SEED: 42


Best parameters: OrderedDict([('regressor__regressor__learning_rate', 0.05306360229074368), ('regressor__regressor__n_estimators', 1119), ('regressor__regressor__natural_gradient', True), ('regressor__regressor__tol', 0.0001471727854680882), ('regressor__regressor__verbose', False)])





OPTIMIZING HYPERPARAMETERS FOR REGRESSOR NGB 	SEED: 42


Best parameters: OrderedDict([('regressor__regressor__learning_rate', 0.1), ('regressor__regressor__n_estimators', 2000), ('regressor__regressor__natural_gradient', True), ('regressor__regressor__tol', 0.01), ('regressor__regressor__verbose', False)])





-------------------------------------------------- 
OPTIMIZING HYPERPARAMETERS FOR REGRESSOR NGB 	SEED: 69


Best parameters: OrderedDict([('regressor__regressor__learning_rate', 0.09939793013929618), ('regressor__regressor__n_estimators', 1351), ('regressor__regressor__natural_gradient', True), ('regressor__regressor__tol', 0.0029011736234682817), ('regressor__regressor__verbose', False)])




Best parameters: OrderedDict([('regressor__regressor__learning_rate', 0.1), ('regressor__regressor__n_estimators', 2000), ('regressor__regressor__natural_gradient', True), ('regressor__regressor__tol', 0.007585614350494691), ('regressor__regressor__verbose', False)])




Best parameters: OrderedDict([('regressor__regressor__learning_rate', 0.0358882338112077), ('regressor__regressor__n_estimators', 1022), ('regressor__regressor__natural_gradient', True), ('regressor__regressor__tol', 0.01), ('regressor__regressor__verbose', False)])




Best parameters: OrderedDict([('regressor__regressor__learning_rate', 0.037767533766645864), ('regressor__regressor__n_estimators', 1213), ('regressor__regressor__natural_gradient', True), ('regressor__regressor__tol', 0.0001521073324338949), ('regressor__regressor__verbose', False)])




Best parameters: OrderedDict([('regressor__regressor__learning_rate', 0.024986546851960435), ('regressor__regressor__n_estimators', 1171), ('regressor__regressor__natural_gradient', True), ('regressor__regressor__tol', 0.01), ('regressor__regressor__verbose', False)])





OPTIMIZING HYPERPARAMETERS FOR REGRESSOR NGB 	SEED: 69


Best parameters: OrderedDict([('regressor__regressor__learning_rate', 0.05549279330128179), ('regressor__regressor__n_estimators', 706), ('regressor__regressor__natural_gradient', True), ('regressor__regressor__tol', 0.0001), ('regressor__regressor__verbose', False)])





OPTIMIZING HYPERPARAMETERS FOR REGRESSOR NGB 	SEED: 69


Best parameters: OrderedDict([('regressor__regressor__learning_rate', 0.0483359842173541), ('regressor__regressor__n_estimators', 922), ('regressor__regressor__natural_gradient', True), ('regressor__regressor__tol', 0.01), ('regressor__regressor__verbose', False)])





OPTIMIZING HYPERPARAMETERS FOR REGRESSOR NGB 	SEED: 69


Best parameters: OrderedDict([('regressor__regressor__learning_rate', 0.0991861306524022), ('regressor__regressor__n_estimators', 1929), ('regressor__regressor__natural_gradient', True), ('regressor__regressor__tol', 0.005410416567324037), ('regressor__regressor__verbose', False)])





OPTIMIZING HYPERPARAMETERS FOR REGRESSOR NGB 	SEED: 69


Best parameters: OrderedDict([('regressor__regressor__learning_rate', 0.1), ('regressor__regressor__n_estimators', 279), ('regressor__regressor__natural_gradient', True), ('regressor__regressor__tol', 0.0001), ('regressor__regressor__verbose', False)])





OPTIMIZING HYPERPARAMETERS FOR REGRESSOR NGB 	SEED: 69


Best parameters: OrderedDict([('regressor__regressor__learning_rate', 0.09745084170808223), ('regressor__regressor__n_estimators', 1993), ('regressor__regressor__natural_gradient', True), ('regressor__regressor__tol', 0.005334635509987432), ('regressor__regressor__verbose', False)])





-------------------------------------------------- 
OPTIMIZING HYPERPARAMETERS FOR REGRESSOR NGB 	SEED: 420


Best parameters: OrderedDict([('regressor__regressor__learning_rate', 0.04584348761351358), ('regressor__regressor__n_estimators', 2000), ('regressor__regressor__natural_gradient', True), ('regressor__regressor__tol', 0.00280172451752877), ('regressor__regressor__verbose', False)])




Best parameters: OrderedDict([('regressor__regressor__learning_rate', 0.04366675064896737), ('regressor__regressor__n_estimators', 853), ('regressor__regressor__natural_gradient', True), ('regressor__regressor__tol', 0.01), ('regressor__regressor__verbose', False)])




Best parameters: OrderedDict([('regressor__regressor__learning_rate', 0.0024290242442960063), ('regressor__regressor__n_estimators', 2000), ('regressor__regressor__natural_gradient', True), ('regressor__regressor__tol', 0.0007957769043867401), ('regressor__regressor__verbose', False)])




Best parameters: OrderedDict([('regressor__regressor__learning_rate', 0.099389008570635), ('regressor__regressor__n_estimators', 1245), ('regressor__regressor__natural_gradient', True), ('regressor__regressor__tol', 0.0031574459880468636), ('regressor__regressor__verbose', False)])




Best parameters: OrderedDict([('regressor__regressor__learning_rate', 0.1), ('regressor__regressor__n_estimators', 2000), ('regressor__regressor__natural_gradient', True), ('regressor__regressor__tol', 0.01), ('regressor__regressor__verbose', False)])





OPTIMIZING HYPERPARAMETERS FOR REGRESSOR NGB 	SEED: 420


Best parameters: OrderedDict([('regressor__regressor__learning_rate', 0.03467160332149677), ('regressor__regressor__n_estimators', 833), ('regressor__regressor__natural_gradient', True), ('regressor__regressor__tol', 0.00010558423826006409), ('regressor__regressor__verbose', False)])





OPTIMIZING HYPERPARAMETERS FOR REGRESSOR NGB 	SEED: 420


Best parameters: OrderedDict([('regressor__regressor__learning_rate', 0.1), ('regressor__regressor__n_estimators', 2000), ('regressor__regressor__natural_gradient', True), ('regressor__regressor__tol', 0.0018974045932865762), ('regressor__regressor__verbose', False)])





OPTIMIZING HYPERPARAMETERS FOR REGRESSOR NGB 	SEED: 420


Best parameters: OrderedDict([('regressor__regressor__learning_rate', 0.00800521534115649), ('regressor__regressor__n_estimators', 2000), ('regressor__regressor__natural_gradient', True), ('regressor__regressor__tol', 0.01), ('regressor__regressor__verbose', False)])





OPTIMIZING HYPERPARAMETERS FOR REGRESSOR NGB 	SEED: 420


Best parameters: OrderedDict([('regressor__regressor__learning_rate', 0.09962825491272687), ('regressor__regressor__n_estimators', 959), ('regressor__regressor__natural_gradient', True), ('regressor__regressor__tol', 0.00015702062157859704), ('regressor__regressor__verbose', False)])





OPTIMIZING HYPERPARAMETERS FOR REGRESSOR NGB 	SEED: 420


Best parameters: OrderedDict([('regressor__regressor__learning_rate', 0.1), ('regressor__regressor__n_estimators', 2000), ('regressor__regressor__natural_gradient', True), ('regressor__regressor__tol', 0.01), ('regressor__regressor__verbose', False)])





-------------------------------------------------- 
OPTIMIZING HYPERPARAMETERS FOR REGRESSOR NGB 	SEED: 1234567890


Best parameters: OrderedDict([('regressor__regressor__learning_rate', 0.1), ('regressor__regressor__n_estimators', 2000), ('regressor__regressor__natural_gradient', True), ('regressor__regressor__tol', 0.0001), ('regressor__regressor__verbose', False)])




Best parameters: OrderedDict([('regressor__regressor__learning_rate', 0.1), ('regressor__regressor__n_estimators', 1011), ('regressor__regressor__natural_gradient', True), ('regressor__regressor__tol', 0.0001), ('regressor__regressor__verbose', False)])




Best parameters: OrderedDict([('regressor__regressor__learning_rate', 0.05970103543644648), ('regressor__regressor__n_estimators', 407), ('regressor__regressor__natural_gradient', True), ('regressor__regressor__tol', 0.00010065333830777452), ('regressor__regressor__verbose', False)])




Best parameters: OrderedDict([('regressor__regressor__learning_rate', 0.1), ('regressor__regressor__n_estimators', 1009), ('regressor__regressor__natural_gradient', True), ('regressor__regressor__tol', 0.0001), ('regressor__regressor__verbose', False)])




Best parameters: OrderedDict([('regressor__regressor__learning_rate', 0.03030188481519609), ('regressor__regressor__n_estimators', 1110), ('regressor__regressor__natural_gradient', True), ('regressor__regressor__tol', 0.0001), ('regressor__regressor__verbose', False)])





OPTIMIZING HYPERPARAMETERS FOR REGRESSOR NGB 	SEED: 1234567890


Best parameters: OrderedDict([('regressor__regressor__learning_rate', 0.0625028517128709), ('regressor__regressor__n_estimators', 2000), ('regressor__regressor__natural_gradient', True), ('regressor__regressor__tol', 0.01), ('regressor__regressor__verbose', False)])





OPTIMIZING HYPERPARAMETERS FOR REGRESSOR NGB 	SEED: 1234567890


Best parameters: OrderedDict([('regressor__regressor__learning_rate', 0.07014641252358828), ('regressor__regressor__n_estimators', 706), ('regressor__regressor__natural_gradient', True), ('regressor__regressor__tol', 0.01), ('regressor__regressor__verbose', False)])





OPTIMIZING HYPERPARAMETERS FOR REGRESSOR NGB 	SEED: 1234567890


Best parameters: OrderedDict([('regressor__regressor__learning_rate', 0.1), ('regressor__regressor__n_estimators', 1045), ('regressor__regressor__natural_gradient', True), ('regressor__regressor__tol', 0.01), ('regressor__regressor__verbose', False)])





OPTIMIZING HYPERPARAMETERS FOR REGRESSOR NGB 	SEED: 1234567890


Best parameters: OrderedDict([('regressor__regressor__learning_rate', 0.09764934535960357), ('regressor__regressor__n_estimators', 1966), ('regressor__regressor__natural_gradient', True), ('regressor__regressor__tol', 0.0001897369899087399), ('regressor__regressor__verbose', False)])





OPTIMIZING HYPERPARAMETERS FOR REGRESSOR NGB 	SEED: 1234567890


Best parameters: OrderedDict([('regressor__regressor__learning_rate', 0.058230310561012084), ('regressor__regressor__n_estimators', 1931), ('regressor__regressor__natural_gradient', True), ('regressor__regressor__tol', 0.0001404634302175586), ('regressor__regressor__verbose', False)])





-------------------------------------------------- 
OPTIMIZING HYPERPARAMETERS FOR REGRESSOR NGB 	SEED: 473129


Best parameters: OrderedDict([('regressor__regressor__learning_rate', 0.03389063283195285), ('regressor__regressor__n_estimators', 607), ('regressor__regressor__natural_gradient', True), ('regressor__regressor__tol', 0.0001), ('regressor__regressor__verbose', False)])




Best parameters: OrderedDict([('regressor__regressor__learning_rate', 0.0727880237480246), ('regressor__regressor__n_estimators', 405), ('regressor__regressor__natural_gradient', True), ('regressor__regressor__tol', 0.0003148403208079816), ('regressor__regressor__verbose', False)])




Best parameters: OrderedDict([('regressor__regressor__learning_rate', 0.1), ('regressor__regressor__n_estimators', 50), ('regressor__regressor__natural_gradient', True), ('regressor__regressor__tol', 0.01), ('regressor__regressor__verbose', False)])




Best parameters: OrderedDict([('regressor__regressor__learning_rate', 0.0727880237480246), ('regressor__regressor__n_estimators', 405), ('regressor__regressor__natural_gradient', True), ('regressor__regressor__tol', 0.0003148403208079816), ('regressor__regressor__verbose', False)])




Best parameters: OrderedDict([('regressor__regressor__learning_rate', 0.019589616212352504), ('regressor__regressor__n_estimators', 1262), ('regressor__regressor__natural_gradient', True), ('regressor__regressor__tol', 0.0001), ('regressor__regressor__verbose', False)])





OPTIMIZING HYPERPARAMETERS FOR REGRESSOR NGB 	SEED: 473129


Best parameters: OrderedDict([('regressor__regressor__learning_rate', 0.01374169524865452), ('regressor__regressor__n_estimators', 2000), ('regressor__regressor__natural_gradient', True), ('regressor__regressor__tol', 0.0001), ('regressor__regressor__verbose', False)])





OPTIMIZING HYPERPARAMETERS FOR REGRESSOR NGB 	SEED: 473129


Best parameters: OrderedDict([('regressor__regressor__learning_rate', 0.063487122481904), ('regressor__regressor__n_estimators', 2000), ('regressor__regressor__natural_gradient', True), ('regressor__regressor__tol', 0.0001), ('regressor__regressor__verbose', False)])





OPTIMIZING HYPERPARAMETERS FOR REGRESSOR NGB 	SEED: 473129


Best parameters: OrderedDict([('regressor__regressor__learning_rate', 0.09924222664529743), ('regressor__regressor__n_estimators', 1080), ('regressor__regressor__natural_gradient', True), ('regressor__regressor__tol', 0.00010951549482603057), ('regressor__regressor__verbose', False)])





OPTIMIZING HYPERPARAMETERS FOR REGRESSOR NGB 	SEED: 473129


Best parameters: OrderedDict([('regressor__regressor__learning_rate', 0.07599671880661263), ('regressor__regressor__n_estimators', 1397), ('regressor__regressor__natural_gradient', True), ('regressor__regressor__tol', 0.0001), ('regressor__regressor__verbose', False)])





OPTIMIZING HYPERPARAMETERS FOR REGRESSOR NGB 	SEED: 473129


Best parameters: OrderedDict([('regressor__regressor__learning_rate', 0.026128009090781976), ('regressor__regressor__n_estimators', 1251), ('regressor__regressor__natural_gradient', True), ('regressor__regressor__tol', 0.0001), ('regressor__regressor__verbose', False)])





-------------------------------------------------- 
OOD TEST ON 1



-------------------------------------------------- 
OPTIMIZING HYPERPARAMETERS FOR REGRESSOR NGB 	SEED: 6


Best parameters: OrderedDict([('regressor__regressor__learning_rate', 0.01833134637908823), ('regressor__regressor__n_estimators', 1189), ('regressor__regressor__natural_gradient', True), ('regressor__regressor__tol', 0.0001284508273363059), ('regressor__regressor__verbose', False)])




Best parameters: OrderedDict([('regressor__regressor__learning_rate', 0.027328348762118416), ('regressor__regressor__n_estimators', 1034), ('regressor__regressor__natural_gradient', True), ('regressor__regressor__tol', 0.008487102817116274), ('regressor__regressor__verbose', False)])




Best parameters: OrderedDict([('regressor__regressor__learning_rate', 0.1), ('regressor__regressor__n_estimators', 1353), ('regressor__regressor__natural_gradient', True), ('regressor__regressor__tol', 0.0001), ('regressor__regressor__verbose', False)])




Best parameters: OrderedDict([('regressor__regressor__learning_rate', 0.03717007359550592), ('regressor__regressor__n_estimators', 1079), ('regressor__regressor__natural_gradient', True), ('regressor__regressor__tol', 0.00010914683863385346), ('regressor__regressor__verbose', False)])




Best parameters: OrderedDict([('regressor__regressor__learning_rate', 0.05182827692662263), ('regressor__regressor__n_estimators', 1214), ('regressor__regressor__natural_gradient', True), ('regressor__regressor__tol', 0.01), ('regressor__regressor__verbose', False)])





OPTIMIZING HYPERPARAMETERS FOR REGRESSOR NGB 	SEED: 6


Best parameters: OrderedDict([('regressor__regressor__learning_rate', 0.024157312347559388), ('regressor__regressor__n_estimators', 1036), ('regressor__regressor__natural_gradient', True), ('regressor__regressor__tol', 0.01), ('regressor__regressor__verbose', False)])





OPTIMIZING HYPERPARAMETERS FOR REGRESSOR NGB 	SEED: 6


Best parameters: OrderedDict([('regressor__regressor__learning_rate', 0.1), ('regressor__regressor__n_estimators', 1302), ('regressor__regressor__natural_gradient', True), ('regressor__regressor__tol', 0.01), ('regressor__regressor__verbose', False)])





OPTIMIZING HYPERPARAMETERS FOR REGRESSOR NGB 	SEED: 6


Best parameters: OrderedDict([('regressor__regressor__learning_rate', 0.055383119860432956), ('regressor__regressor__n_estimators', 415), ('regressor__regressor__natural_gradient', True), ('regressor__regressor__tol', 0.0001), ('regressor__regressor__verbose', False)])





OPTIMIZING HYPERPARAMETERS FOR REGRESSOR NGB 	SEED: 6


Best parameters: OrderedDict([('regressor__regressor__learning_rate', 0.04878946473056202), ('regressor__regressor__n_estimators', 2000), ('regressor__regressor__natural_gradient', True), ('regressor__regressor__tol', 0.01), ('regressor__regressor__verbose', False)])





OPTIMIZING HYPERPARAMETERS FOR REGRESSOR NGB 	SEED: 6


Best parameters: OrderedDict([('regressor__regressor__learning_rate', 0.09968208985572574), ('regressor__regressor__n_estimators', 1357), ('regressor__regressor__natural_gradient', True), ('regressor__regressor__tol', 0.0031474851391539898), ('regressor__regressor__verbose', False)])





-------------------------------------------------- 
OPTIMIZING HYPERPARAMETERS FOR REGRESSOR NGB 	SEED: 13


Best parameters: OrderedDict([('regressor__regressor__learning_rate', 0.04673759777623137), ('regressor__regressor__n_estimators', 2000), ('regressor__regressor__natural_gradient', True), ('regressor__regressor__tol', 0.0001), ('regressor__regressor__verbose', False)])




Best parameters: OrderedDict([('regressor__regressor__learning_rate', 0.0504991071100918), ('regressor__regressor__n_estimators', 2000), ('regressor__regressor__natural_gradient', True), ('regressor__regressor__tol', 0.01), ('regressor__regressor__verbose', False)])




Best parameters: OrderedDict([('regressor__regressor__learning_rate', 0.07693173041362837), ('regressor__regressor__n_estimators', 290), ('regressor__regressor__natural_gradient', True), ('regressor__regressor__tol', 0.004184475212836049), ('regressor__regressor__verbose', False)])




Best parameters: OrderedDict([('regressor__regressor__learning_rate', 0.09649808977080317), ('regressor__regressor__n_estimators', 1964), ('regressor__regressor__natural_gradient', True), ('regressor__regressor__tol', 0.008569670112121217), ('regressor__regressor__verbose', False)])




Best parameters: OrderedDict([('regressor__regressor__learning_rate', 0.06626893022358804), ('regressor__regressor__n_estimators', 2000), ('regressor__regressor__natural_gradient', True), ('regressor__regressor__tol', 0.01), ('regressor__regressor__verbose', False)])





OPTIMIZING HYPERPARAMETERS FOR REGRESSOR NGB 	SEED: 13


Best parameters: OrderedDict([('regressor__regressor__learning_rate', 0.1), ('regressor__regressor__n_estimators', 669), ('regressor__regressor__natural_gradient', True), ('regressor__regressor__tol', 0.01), ('regressor__regressor__verbose', False)])





OPTIMIZING HYPERPARAMETERS FOR REGRESSOR NGB 	SEED: 13


Best parameters: OrderedDict([('regressor__regressor__learning_rate', 0.1), ('regressor__regressor__n_estimators', 1475), ('regressor__regressor__natural_gradient', True), ('regressor__regressor__tol', 0.01), ('regressor__regressor__verbose', False)])





OPTIMIZING HYPERPARAMETERS FOR REGRESSOR NGB 	SEED: 13


Best parameters: OrderedDict([('regressor__regressor__learning_rate', 0.1), ('regressor__regressor__n_estimators', 1141), ('regressor__regressor__natural_gradient', True), ('regressor__regressor__tol', 0.004099705758056053), ('regressor__regressor__verbose', False)])





OPTIMIZING HYPERPARAMETERS FOR REGRESSOR NGB 	SEED: 13


Best parameters: OrderedDict([('regressor__regressor__learning_rate', 0.09663718993061735), ('regressor__regressor__n_estimators', 1265), ('regressor__regressor__natural_gradient', True), ('regressor__regressor__tol', 0.00010369020594294158), ('regressor__regressor__verbose', False)])





OPTIMIZING HYPERPARAMETERS FOR REGRESSOR NGB 	SEED: 13


Best parameters: OrderedDict([('regressor__regressor__learning_rate', 0.09787748738284517), ('regressor__regressor__n_estimators', 1942), ('regressor__regressor__natural_gradient', True), ('regressor__regressor__tol', 0.0003651536571041911), ('regressor__regressor__verbose', False)])





-------------------------------------------------- 
OPTIMIZING HYPERPARAMETERS FOR REGRESSOR NGB 	SEED: 42


Best parameters: OrderedDict([('regressor__regressor__learning_rate', 0.07352481813242628), ('regressor__regressor__n_estimators', 663), ('regressor__regressor__natural_gradient', True), ('regressor__regressor__tol', 0.0006786442521779151), ('regressor__regressor__verbose', False)])




Best parameters: OrderedDict([('regressor__regressor__learning_rate', 0.09944908226305232), ('regressor__regressor__n_estimators', 222), ('regressor__regressor__natural_gradient', True), ('regressor__regressor__tol', 0.009403689847778387), ('regressor__regressor__verbose', False)])




Best parameters: OrderedDict([('regressor__regressor__learning_rate', 0.0710988534794571), ('regressor__regressor__n_estimators', 407), ('regressor__regressor__natural_gradient', True), ('regressor__regressor__tol', 0.0001), ('regressor__regressor__verbose', False)])




Best parameters: OrderedDict([('regressor__regressor__learning_rate', 0.03438115195885455), ('regressor__regressor__n_estimators', 1280), ('regressor__regressor__natural_gradient', True), ('regressor__regressor__tol', 0.0001), ('regressor__regressor__verbose', False)])




Best parameters: OrderedDict([('regressor__regressor__learning_rate', 0.0164028559933593), ('regressor__regressor__n_estimators', 1296), ('regressor__regressor__natural_gradient', True), ('regressor__regressor__tol', 0.00011508490467540558), ('regressor__regressor__verbose', False)])





OPTIMIZING HYPERPARAMETERS FOR REGRESSOR NGB 	SEED: 42


Best parameters: OrderedDict([('regressor__regressor__learning_rate', 0.1), ('regressor__regressor__n_estimators', 1153), ('regressor__regressor__natural_gradient', True), ('regressor__regressor__tol', 0.0001), ('regressor__regressor__verbose', False)])





OPTIMIZING HYPERPARAMETERS FOR REGRESSOR NGB 	SEED: 42


Best parameters: OrderedDict([('regressor__regressor__learning_rate', 0.1), ('regressor__regressor__n_estimators', 166), ('regressor__regressor__natural_gradient', True), ('regressor__regressor__tol', 0.01), ('regressor__regressor__verbose', False)])





OPTIMIZING HYPERPARAMETERS FOR REGRESSOR NGB 	SEED: 42


Best parameters: OrderedDict([('regressor__regressor__learning_rate', 0.06938278309022546), ('regressor__regressor__n_estimators', 1899), ('regressor__regressor__natural_gradient', True), ('regressor__regressor__tol', 0.00844974742158225), ('regressor__regressor__verbose', False)])





OPTIMIZING HYPERPARAMETERS FOR REGRESSOR NGB 	SEED: 42


Best parameters: OrderedDict([('regressor__regressor__learning_rate', 0.09917003016049245), ('regressor__regressor__n_estimators', 1999), ('regressor__regressor__natural_gradient', True), ('regressor__regressor__tol', 0.0003360566659114602), ('regressor__regressor__verbose', False)])





OPTIMIZING HYPERPARAMETERS FOR REGRESSOR NGB 	SEED: 42


Best parameters: OrderedDict([('regressor__regressor__learning_rate', 0.05333426710324677), ('regressor__regressor__n_estimators', 1102), ('regressor__regressor__natural_gradient', True), ('regressor__regressor__tol', 0.01), ('regressor__regressor__verbose', False)])





-------------------------------------------------- 
OPTIMIZING HYPERPARAMETERS FOR REGRESSOR NGB 	SEED: 69


Best parameters: OrderedDict([('regressor__regressor__learning_rate', 0.1), ('regressor__regressor__n_estimators', 2000), ('regressor__regressor__natural_gradient', True), ('regressor__regressor__tol', 0.0001), ('regressor__regressor__verbose', False)])




Best parameters: OrderedDict([('regressor__regressor__learning_rate', 0.1), ('regressor__regressor__n_estimators', 258), ('regressor__regressor__natural_gradient', True), ('regressor__regressor__tol', 0.01), ('regressor__regressor__verbose', False)])




Best parameters: OrderedDict([('regressor__regressor__learning_rate', 0.061471379986358266), ('regressor__regressor__n_estimators', 2000), ('regressor__regressor__natural_gradient', True), ('regressor__regressor__tol', 0.01), ('regressor__regressor__verbose', False)])




Best parameters: OrderedDict([('regressor__regressor__learning_rate', 0.09907570379450231), ('regressor__regressor__n_estimators', 318), ('regressor__regressor__natural_gradient', True), ('regressor__regressor__tol', 0.005494523282191394), ('regressor__regressor__verbose', False)])




Best parameters: OrderedDict([('regressor__regressor__learning_rate', 0.07450032897969687), ('regressor__regressor__n_estimators', 2000), ('regressor__regressor__natural_gradient', True), ('regressor__regressor__tol', 0.0001), ('regressor__regressor__verbose', False)])





OPTIMIZING HYPERPARAMETERS FOR REGRESSOR NGB 	SEED: 69


Best parameters: OrderedDict([('regressor__regressor__learning_rate', 0.09939793013929618), ('regressor__regressor__n_estimators', 1351), ('regressor__regressor__natural_gradient', True), ('regressor__regressor__tol', 0.0029011736234682817), ('regressor__regressor__verbose', False)])





OPTIMIZING HYPERPARAMETERS FOR REGRESSOR NGB 	SEED: 69


Best parameters: OrderedDict([('regressor__regressor__learning_rate', 0.05261235476425505), ('regressor__regressor__n_estimators', 2000), ('regressor__regressor__natural_gradient', True), ('regressor__regressor__tol', 0.01), ('regressor__regressor__verbose', False)])





OPTIMIZING HYPERPARAMETERS FOR REGRESSOR NGB 	SEED: 69


Best parameters: OrderedDict([('regressor__regressor__learning_rate', 0.09828820355670803), ('regressor__regressor__n_estimators', 1945), ('regressor__regressor__natural_gradient', True), ('regressor__regressor__tol', 0.006083433531029791), ('regressor__regressor__verbose', False)])





OPTIMIZING HYPERPARAMETERS FOR REGRESSOR NGB 	SEED: 69


Best parameters: OrderedDict([('regressor__regressor__learning_rate', 0.1), ('regressor__regressor__n_estimators', 701), ('regressor__regressor__natural_gradient', True), ('regressor__regressor__tol', 0.0001), ('regressor__regressor__verbose', False)])





OPTIMIZING HYPERPARAMETERS FOR REGRESSOR NGB 	SEED: 69


Best parameters: OrderedDict([('regressor__regressor__learning_rate', 0.06306618346052961), ('regressor__regressor__n_estimators', 1220), ('regressor__regressor__natural_gradient', True), ('regressor__regressor__tol', 0.00012007687585267498), ('regressor__regressor__verbose', False)])





-------------------------------------------------- 
OPTIMIZING HYPERPARAMETERS FOR REGRESSOR NGB 	SEED: 420


Best parameters: OrderedDict([('regressor__regressor__learning_rate', 0.09583073833615188), ('regressor__regressor__n_estimators', 1959), ('regressor__regressor__natural_gradient', True), ('regressor__regressor__tol', 0.0036131012593337173), ('regressor__regressor__verbose', False)])




Best parameters: OrderedDict([('regressor__regressor__learning_rate', 0.05913781436124809), ('regressor__regressor__n_estimators', 875), ('regressor__regressor__natural_gradient', True), ('regressor__regressor__tol', 0.003374979707751342), ('regressor__regressor__verbose', False)])




Best parameters: OrderedDict([('regressor__regressor__learning_rate', 0.1), ('regressor__regressor__n_estimators', 2000), ('regressor__regressor__natural_gradient', True), ('regressor__regressor__tol', 0.01), ('regressor__regressor__verbose', False)])




Best parameters: OrderedDict([('regressor__regressor__learning_rate', 0.06349937060633505), ('regressor__regressor__n_estimators', 2000), ('regressor__regressor__natural_gradient', True), ('regressor__regressor__tol', 0.0001), ('regressor__regressor__verbose', False)])




Best parameters: OrderedDict([('regressor__regressor__learning_rate', 0.09861257448745736), ('regressor__regressor__n_estimators', 822), ('regressor__regressor__natural_gradient', True), ('regressor__regressor__tol', 0.002145209585686367), ('regressor__regressor__verbose', False)])





OPTIMIZING HYPERPARAMETERS FOR REGRESSOR NGB 	SEED: 420


Best parameters: OrderedDict([('regressor__regressor__learning_rate', 0.030079432557288382), ('regressor__regressor__n_estimators', 984), ('regressor__regressor__natural_gradient', True), ('regressor__regressor__tol', 0.0001), ('regressor__regressor__verbose', False)])





OPTIMIZING HYPERPARAMETERS FOR REGRESSOR NGB 	SEED: 420


Best parameters: OrderedDict([('regressor__regressor__learning_rate', 0.07105623451428343), ('regressor__regressor__n_estimators', 506), ('regressor__regressor__natural_gradient', True), ('regressor__regressor__tol', 0.0001), ('regressor__regressor__verbose', False)])





OPTIMIZING HYPERPARAMETERS FOR REGRESSOR NGB 	SEED: 420


Best parameters: OrderedDict([('regressor__regressor__learning_rate', 0.013743179062554572), ('regressor__regressor__n_estimators', 2000), ('regressor__regressor__natural_gradient', True), ('regressor__regressor__tol', 0.007242700568429449), ('regressor__regressor__verbose', False)])





OPTIMIZING HYPERPARAMETERS FOR REGRESSOR NGB 	SEED: 420


Best parameters: OrderedDict([('regressor__regressor__learning_rate', 0.1), ('regressor__regressor__n_estimators', 819), ('regressor__regressor__natural_gradient', True), ('regressor__regressor__tol', 0.01), ('regressor__regressor__verbose', False)])





OPTIMIZING HYPERPARAMETERS FOR REGRESSOR NGB 	SEED: 420


Best parameters: OrderedDict([('regressor__regressor__learning_rate', 0.09914490894463829), ('regressor__regressor__n_estimators', 1951), ('regressor__regressor__natural_gradient', True), ('regressor__regressor__tol', 0.0007795729413154505), ('regressor__regressor__verbose', False)])





-------------------------------------------------- 
OPTIMIZING HYPERPARAMETERS FOR REGRESSOR NGB 	SEED: 1234567890


Best parameters: OrderedDict([('regressor__regressor__learning_rate', 0.1), ('regressor__regressor__n_estimators', 2000), ('regressor__regressor__natural_gradient', True), ('regressor__regressor__tol', 0.01), ('regressor__regressor__verbose', False)])




Best parameters: OrderedDict([('regressor__regressor__learning_rate', 0.0994673805368994), ('regressor__regressor__n_estimators', 337), ('regressor__regressor__natural_gradient', True), ('regressor__regressor__tol', 0.00011451783231882131), ('regressor__regressor__verbose', False)])




Best parameters: OrderedDict([('regressor__regressor__learning_rate', 0.029675667713584538), ('regressor__regressor__n_estimators', 2000), ('regressor__regressor__natural_gradient', True), ('regressor__regressor__tol', 0.0001), ('regressor__regressor__verbose', False)])




Best parameters: OrderedDict([('regressor__regressor__learning_rate', 0.07591091568923068), ('regressor__regressor__n_estimators', 1938), ('regressor__regressor__natural_gradient', True), ('regressor__regressor__tol', 0.009317514508029404), ('regressor__regressor__verbose', False)])




Best parameters: OrderedDict([('regressor__regressor__learning_rate', 0.05059181935648603), ('regressor__regressor__n_estimators', 2000), ('regressor__regressor__natural_gradient', True), ('regressor__regressor__tol', 0.0001), ('regressor__regressor__verbose', False)])





OPTIMIZING HYPERPARAMETERS FOR REGRESSOR NGB 	SEED: 1234567890


Best parameters: OrderedDict([('regressor__regressor__learning_rate', 0.0702653382719052), ('regressor__regressor__n_estimators', 466), ('regressor__regressor__natural_gradient', True), ('regressor__regressor__tol', 0.00012410244934532583), ('regressor__regressor__verbose', False)])





OPTIMIZING HYPERPARAMETERS FOR REGRESSOR NGB 	SEED: 1234567890


Best parameters: OrderedDict([('regressor__regressor__learning_rate', 0.1), ('regressor__regressor__n_estimators', 817), ('regressor__regressor__natural_gradient', True), ('regressor__regressor__tol', 0.01), ('regressor__regressor__verbose', False)])





OPTIMIZING HYPERPARAMETERS FOR REGRESSOR NGB 	SEED: 1234567890


Best parameters: OrderedDict([('regressor__regressor__learning_rate', 0.1), ('regressor__regressor__n_estimators', 1364), ('regressor__regressor__natural_gradient', True), ('regressor__regressor__tol', 0.01), ('regressor__regressor__verbose', False)])





OPTIMIZING HYPERPARAMETERS FOR REGRESSOR NGB 	SEED: 1234567890


Best parameters: OrderedDict([('regressor__regressor__learning_rate', 0.056116009510459065), ('regressor__regressor__n_estimators', 2000), ('regressor__regressor__natural_gradient', True), ('regressor__regressor__tol', 0.0001), ('regressor__regressor__verbose', False)])





OPTIMIZING HYPERPARAMETERS FOR REGRESSOR NGB 	SEED: 1234567890


Best parameters: OrderedDict([('regressor__regressor__learning_rate', 0.09302925662761391), ('regressor__regressor__n_estimators', 1988), ('regressor__regressor__natural_gradient', True), ('regressor__regressor__tol', 0.0002216673224698294), ('regressor__regressor__verbose', False)])





-------------------------------------------------- 
OPTIMIZING HYPERPARAMETERS FOR REGRESSOR NGB 	SEED: 473129


Best parameters: OrderedDict([('regressor__regressor__learning_rate', 0.1), ('regressor__regressor__n_estimators', 361), ('regressor__regressor__natural_gradient', True), ('regressor__regressor__tol', 0.01), ('regressor__regressor__verbose', False)])




Best parameters: OrderedDict([('regressor__regressor__learning_rate', 0.06438902551391926), ('regressor__regressor__n_estimators', 2000), ('regressor__regressor__natural_gradient', True), ('regressor__regressor__tol', 0.01), ('regressor__regressor__verbose', False)])




Best parameters: OrderedDict([('regressor__regressor__learning_rate', 0.1), ('regressor__regressor__n_estimators', 307), ('regressor__regressor__natural_gradient', True), ('regressor__regressor__tol', 0.01), ('regressor__regressor__verbose', False)])




Best parameters: OrderedDict([('regressor__regressor__learning_rate', 0.060945200149371985), ('regressor__regressor__n_estimators', 929), ('regressor__regressor__natural_gradient', True), ('regressor__regressor__tol', 0.009097703329777449), ('regressor__regressor__verbose', False)])




Best parameters: OrderedDict([('regressor__regressor__learning_rate', 0.09924222664529743), ('regressor__regressor__n_estimators', 1080), ('regressor__regressor__natural_gradient', True), ('regressor__regressor__tol', 0.00010951549482603057), ('regressor__regressor__verbose', False)])





OPTIMIZING HYPERPARAMETERS FOR REGRESSOR NGB 	SEED: 473129


Best parameters: OrderedDict([('regressor__regressor__learning_rate', 0.04028410685928767), ('regressor__regressor__n_estimators', 2000), ('regressor__regressor__natural_gradient', True), ('regressor__regressor__tol', 0.0001), ('regressor__regressor__verbose', False)])





OPTIMIZING HYPERPARAMETERS FOR REGRESSOR NGB 	SEED: 473129


Best parameters: OrderedDict([('regressor__regressor__learning_rate', 0.050093630019438486), ('regressor__regressor__n_estimators', 2000), ('regressor__regressor__natural_gradient', True), ('regressor__regressor__tol', 0.0001), ('regressor__regressor__verbose', False)])





OPTIMIZING HYPERPARAMETERS FOR REGRESSOR NGB 	SEED: 473129


Best parameters: OrderedDict([('regressor__regressor__learning_rate', 0.06567833009803334), ('regressor__regressor__n_estimators', 2000), ('regressor__regressor__natural_gradient', True), ('regressor__regressor__tol', 0.0001), ('regressor__regressor__verbose', False)])





OPTIMIZING HYPERPARAMETERS FOR REGRESSOR NGB 	SEED: 473129


Best parameters: OrderedDict([('regressor__regressor__learning_rate', 0.047305082900557766), ('regressor__regressor__n_estimators', 2000), ('regressor__regressor__natural_gradient', True), ('regressor__regressor__tol', 0.01), ('regressor__regressor__verbose', False)])





OPTIMIZING HYPERPARAMETERS FOR REGRESSOR NGB 	SEED: 473129


Best parameters: OrderedDict([('regressor__regressor__learning_rate', 0.025496864788521027), ('regressor__regressor__n_estimators', 1257), ('regressor__regressor__natural_gradient', True), ('regressor__regressor__tol', 0.0001), ('regressor__regressor__verbose', False)])





-------------------------------------------------- 
OOD TEST ON 2



-------------------------------------------------- 
OPTIMIZING HYPERPARAMETERS FOR REGRESSOR NGB 	SEED: 6


Best parameters: OrderedDict([('regressor__regressor__learning_rate', 0.018789384712451), ('regressor__regressor__n_estimators', 2000), ('regressor__regressor__natural_gradient', True), ('regressor__regressor__tol', 0.0001), ('regressor__regressor__verbose', False)])




Best parameters: OrderedDict([('regressor__regressor__learning_rate', 0.019946694001081136), ('regressor__regressor__n_estimators', 1281), ('regressor__regressor__natural_gradient', True), ('regressor__regressor__tol', 0.01), ('regressor__regressor__verbose', False)])




Best parameters: OrderedDict([('regressor__regressor__learning_rate', 0.1), ('regressor__regressor__n_estimators', 607), ('regressor__regressor__natural_gradient', True), ('regressor__regressor__tol', 0.0001), ('regressor__regressor__verbose', False)])




Best parameters: OrderedDict([('regressor__regressor__learning_rate', 0.1), ('regressor__regressor__n_estimators', 168), ('regressor__regressor__natural_gradient', True), ('regressor__regressor__tol', 0.01), ('regressor__regressor__verbose', False)])




Best parameters: OrderedDict([('regressor__regressor__learning_rate', 0.04544511023487513), ('regressor__regressor__n_estimators', 205), ('regressor__regressor__natural_gradient', True), ('regressor__regressor__tol', 0.0001), ('regressor__regressor__verbose', False)])





OPTIMIZING HYPERPARAMETERS FOR REGRESSOR NGB 	SEED: 6


Best parameters: OrderedDict([('regressor__regressor__learning_rate', 0.04670344418568559), ('regressor__regressor__n_estimators', 442), ('regressor__regressor__natural_gradient', True), ('regressor__regressor__tol', 0.0001), ('regressor__regressor__verbose', False)])





OPTIMIZING HYPERPARAMETERS FOR REGRESSOR NGB 	SEED: 6


Best parameters: OrderedDict([('regressor__regressor__learning_rate', 0.1), ('regressor__regressor__n_estimators', 1442), ('regressor__regressor__natural_gradient', True), ('regressor__regressor__tol', 0.0001), ('regressor__regressor__verbose', False)])





OPTIMIZING HYPERPARAMETERS FOR REGRESSOR NGB 	SEED: 6


Best parameters: OrderedDict([('regressor__regressor__learning_rate', 0.08646479880356304), ('regressor__regressor__n_estimators', 918), ('regressor__regressor__natural_gradient', True), ('regressor__regressor__tol', 0.0005053971397801153), ('regressor__regressor__verbose', False)])





OPTIMIZING HYPERPARAMETERS FOR REGRESSOR NGB 	SEED: 6


Best parameters: OrderedDict([('regressor__regressor__learning_rate', 0.08646479880356304), ('regressor__regressor__n_estimators', 918), ('regressor__regressor__natural_gradient', True), ('regressor__regressor__tol', 0.0005053971397801153), ('regressor__regressor__verbose', False)])





OPTIMIZING HYPERPARAMETERS FOR REGRESSOR NGB 	SEED: 6


Best parameters: OrderedDict([('regressor__regressor__learning_rate', 0.1), ('regressor__regressor__n_estimators', 180), ('regressor__regressor__natural_gradient', True), ('regressor__regressor__tol', 0.0001), ('regressor__regressor__verbose', False)])





-------------------------------------------------- 
OPTIMIZING HYPERPARAMETERS FOR REGRESSOR NGB 	SEED: 13


Best parameters: OrderedDict([('regressor__regressor__learning_rate', 0.05080650169985407), ('regressor__regressor__n_estimators', 573), ('regressor__regressor__natural_gradient', True), ('regressor__regressor__tol', 0.01), ('regressor__regressor__verbose', False)])




Best parameters: OrderedDict([('regressor__regressor__learning_rate', 0.1), ('regressor__regressor__n_estimators', 565), ('regressor__regressor__natural_gradient', True), ('regressor__regressor__tol', 0.0001), ('regressor__regressor__verbose', False)])




Best parameters: OrderedDict([('regressor__regressor__learning_rate', 0.03867058523112061), ('regressor__regressor__n_estimators', 384), ('regressor__regressor__natural_gradient', True), ('regressor__regressor__tol', 0.01), ('regressor__regressor__verbose', False)])




Best parameters: OrderedDict([('regressor__regressor__learning_rate', 0.09848043870010255), ('regressor__regressor__n_estimators', 1922), ('regressor__regressor__natural_gradient', True), ('regressor__regressor__tol', 0.009996786234106046), ('regressor__regressor__verbose', False)])




Best parameters: OrderedDict([('regressor__regressor__learning_rate', 0.1), ('regressor__regressor__n_estimators', 145), ('regressor__regressor__natural_gradient', True), ('regressor__regressor__tol', 0.01), ('regressor__regressor__verbose', False)])





OPTIMIZING HYPERPARAMETERS FOR REGRESSOR NGB 	SEED: 13


Best parameters: OrderedDict([('regressor__regressor__learning_rate', 0.1), ('regressor__regressor__n_estimators', 1414), ('regressor__regressor__natural_gradient', True), ('regressor__regressor__tol', 0.0001), ('regressor__regressor__verbose', False)])





OPTIMIZING HYPERPARAMETERS FOR REGRESSOR NGB 	SEED: 13


Best parameters: OrderedDict([('regressor__regressor__learning_rate', 0.1), ('regressor__regressor__n_estimators', 826), ('regressor__regressor__natural_gradient', True), ('regressor__regressor__tol', 0.01), ('regressor__regressor__verbose', False)])





OPTIMIZING HYPERPARAMETERS FOR REGRESSOR NGB 	SEED: 13


Best parameters: OrderedDict([('regressor__regressor__learning_rate', 0.07441681757236919), ('regressor__regressor__n_estimators', 1986), ('regressor__regressor__natural_gradient', True), ('regressor__regressor__tol', 0.00010874497445116374), ('regressor__regressor__verbose', False)])





OPTIMIZING HYPERPARAMETERS FOR REGRESSOR NGB 	SEED: 13


Best parameters: OrderedDict([('regressor__regressor__learning_rate', 0.1), ('regressor__regressor__n_estimators', 1224), ('regressor__regressor__natural_gradient', True), ('regressor__regressor__tol', 0.01), ('regressor__regressor__verbose', False)])





OPTIMIZING HYPERPARAMETERS FOR REGRESSOR NGB 	SEED: 13


Best parameters: OrderedDict([('regressor__regressor__learning_rate', 0.1), ('regressor__regressor__n_estimators', 1232), ('regressor__regressor__natural_gradient', True), ('regressor__regressor__tol', 0.0001), ('regressor__regressor__verbose', False)])





-------------------------------------------------- 
OPTIMIZING HYPERPARAMETERS FOR REGRESSOR NGB 	SEED: 42


Best parameters: OrderedDict([('regressor__regressor__learning_rate', 0.1), ('regressor__regressor__n_estimators', 93), ('regressor__regressor__natural_gradient', True), ('regressor__regressor__tol', 0.01), ('regressor__regressor__verbose', False)])




Best parameters: OrderedDict([('regressor__regressor__learning_rate', 0.04735300582854341), ('regressor__regressor__n_estimators', 1992), ('regressor__regressor__natural_gradient', True), ('regressor__regressor__tol', 0.007642754975774406), ('regressor__regressor__verbose', False)])




Best parameters: OrderedDict([('regressor__regressor__learning_rate', 0.02990091605186872), ('regressor__regressor__n_estimators', 680), ('regressor__regressor__natural_gradient', True), ('regressor__regressor__tol', 0.0001), ('regressor__regressor__verbose', False)])




Best parameters: OrderedDict([('regressor__regressor__learning_rate', 0.1), ('regressor__regressor__n_estimators', 121), ('regressor__regressor__natural_gradient', True), ('regressor__regressor__tol', 0.0001), ('regressor__regressor__verbose', False)])




Best parameters: OrderedDict([('regressor__regressor__learning_rate', 0.05228117068957628), ('regressor__regressor__n_estimators', 1993), ('regressor__regressor__natural_gradient', True), ('regressor__regressor__tol', 0.00014840610566575784), ('regressor__regressor__verbose', False)])





OPTIMIZING HYPERPARAMETERS FOR REGRESSOR NGB 	SEED: 42


Best parameters: OrderedDict([('regressor__regressor__learning_rate', 0.1), ('regressor__regressor__n_estimators', 1465), ('regressor__regressor__natural_gradient', True), ('regressor__regressor__tol', 0.0001), ('regressor__regressor__verbose', False)])





OPTIMIZING HYPERPARAMETERS FOR REGRESSOR NGB 	SEED: 42


Best parameters: OrderedDict([('regressor__regressor__learning_rate', 0.1), ('regressor__regressor__n_estimators', 394), ('regressor__regressor__natural_gradient', True), ('regressor__regressor__tol', 0.01), ('regressor__regressor__verbose', False)])





OPTIMIZING HYPERPARAMETERS FOR REGRESSOR NGB 	SEED: 42


Best parameters: OrderedDict([('regressor__regressor__learning_rate', 0.05049283471765472), ('regressor__regressor__n_estimators', 2000), ('regressor__regressor__natural_gradient', True), ('regressor__regressor__tol', 0.0001), ('regressor__regressor__verbose', False)])





OPTIMIZING HYPERPARAMETERS FOR REGRESSOR NGB 	SEED: 42


Best parameters: OrderedDict([('regressor__regressor__learning_rate', 0.05196205417021257), ('regressor__regressor__n_estimators', 635), ('regressor__regressor__natural_gradient', True), ('regressor__regressor__tol', 0.0001), ('regressor__regressor__verbose', False)])





OPTIMIZING HYPERPARAMETERS FOR REGRESSOR NGB 	SEED: 42


Best parameters: OrderedDict([('regressor__regressor__learning_rate', 0.099054369974666), ('regressor__regressor__n_estimators', 231), ('regressor__regressor__natural_gradient', True), ('regressor__regressor__tol', 0.00012125696818082583), ('regressor__regressor__verbose', False)])





-------------------------------------------------- 
OPTIMIZING HYPERPARAMETERS FOR REGRESSOR NGB 	SEED: 69


Best parameters: OrderedDict([('regressor__regressor__learning_rate', 0.04902129343338494), ('regressor__regressor__n_estimators', 181), ('regressor__regressor__natural_gradient', True), ('regressor__regressor__tol', 0.0001), ('regressor__regressor__verbose', False)])




Best parameters: OrderedDict([('regressor__regressor__learning_rate', 0.014293595446792762), ('regressor__regressor__n_estimators', 1077), ('regressor__regressor__natural_gradient', True), ('regressor__regressor__tol', 0.01), ('regressor__regressor__verbose', False)])




Best parameters: OrderedDict([('regressor__regressor__learning_rate', 0.05716787613959871), ('regressor__regressor__n_estimators', 2000), ('regressor__regressor__natural_gradient', True), ('regressor__regressor__tol', 0.01), ('regressor__regressor__verbose', False)])




Best parameters: OrderedDict([('regressor__regressor__learning_rate', 0.09939793013929618), ('regressor__regressor__n_estimators', 1351), ('regressor__regressor__natural_gradient', True), ('regressor__regressor__tol', 0.0029011736234682817), ('regressor__regressor__verbose', False)])




Best parameters: OrderedDict([('regressor__regressor__learning_rate', 0.010549749517571804), ('regressor__regressor__n_estimators', 2000), ('regressor__regressor__natural_gradient', True), ('regressor__regressor__tol', 0.0001), ('regressor__regressor__verbose', False)])





OPTIMIZING HYPERPARAMETERS FOR REGRESSOR NGB 	SEED: 69


Best parameters: OrderedDict([('regressor__regressor__learning_rate', 0.08127859491003256), ('regressor__regressor__n_estimators', 1214), ('regressor__regressor__natural_gradient', True), ('regressor__regressor__tol', 0.0001), ('regressor__regressor__verbose', False)])





OPTIMIZING HYPERPARAMETERS FOR REGRESSOR NGB 	SEED: 69


Best parameters: OrderedDict([('regressor__regressor__learning_rate', 0.09939793013929618), ('regressor__regressor__n_estimators', 1351), ('regressor__regressor__natural_gradient', True), ('regressor__regressor__tol', 0.0029011736234682817), ('regressor__regressor__verbose', False)])





OPTIMIZING HYPERPARAMETERS FOR REGRESSOR NGB 	SEED: 69


Best parameters: OrderedDict([('regressor__regressor__learning_rate', 0.07026293615388333), ('regressor__regressor__n_estimators', 2000), ('regressor__regressor__natural_gradient', True), ('regressor__regressor__tol', 0.0001), ('regressor__regressor__verbose', False)])





OPTIMIZING HYPERPARAMETERS FOR REGRESSOR NGB 	SEED: 69


Best parameters: OrderedDict([('regressor__regressor__learning_rate', 0.1), ('regressor__regressor__n_estimators', 2000), ('regressor__regressor__natural_gradient', True), ('regressor__regressor__tol', 0.01), ('regressor__regressor__verbose', False)])





OPTIMIZING HYPERPARAMETERS FOR REGRESSOR NGB 	SEED: 69


Best parameters: OrderedDict([('regressor__regressor__learning_rate', 0.059169003054205555), ('regressor__regressor__n_estimators', 313), ('regressor__regressor__natural_gradient', True), ('regressor__regressor__tol', 0.00010595926964754192), ('regressor__regressor__verbose', False)])





-------------------------------------------------- 
OPTIMIZING HYPERPARAMETERS FOR REGRESSOR NGB 	SEED: 420


Best parameters: OrderedDict([('regressor__regressor__learning_rate', 0.09959253269522508), ('regressor__regressor__n_estimators', 138), ('regressor__regressor__natural_gradient', True), ('regressor__regressor__tol', 0.002783920089420057), ('regressor__regressor__verbose', False)])




Best parameters: OrderedDict([('regressor__regressor__learning_rate', 0.09978000715517414), ('regressor__regressor__n_estimators', 1164), ('regressor__regressor__natural_gradient', True), ('regressor__regressor__tol', 0.000358491858040599), ('regressor__regressor__verbose', False)])




Best parameters: OrderedDict([('regressor__regressor__learning_rate', 0.1), ('regressor__regressor__n_estimators', 2000), ('regressor__regressor__natural_gradient', True), ('regressor__regressor__tol', 0.00017244538581789588), ('regressor__regressor__verbose', False)])




Best parameters: OrderedDict([('regressor__regressor__learning_rate', 0.09671332593055569), ('regressor__regressor__n_estimators', 524), ('regressor__regressor__natural_gradient', True), ('regressor__regressor__tol', 0.009116883053835798), ('regressor__regressor__verbose', False)])




Best parameters: OrderedDict([('regressor__regressor__learning_rate', 0.1), ('regressor__regressor__n_estimators', 527), ('regressor__regressor__natural_gradient', True), ('regressor__regressor__tol', 0.01), ('regressor__regressor__verbose', False)])





OPTIMIZING HYPERPARAMETERS FOR REGRESSOR NGB 	SEED: 420


Best parameters: OrderedDict([('regressor__regressor__learning_rate', 0.06516476083349734), ('regressor__regressor__n_estimators', 398), ('regressor__regressor__natural_gradient', True), ('regressor__regressor__tol', 0.000120420247728433), ('regressor__regressor__verbose', False)])





OPTIMIZING HYPERPARAMETERS FOR REGRESSOR NGB 	SEED: 420


Best parameters: OrderedDict([('regressor__regressor__learning_rate', 0.1), ('regressor__regressor__n_estimators', 2000), ('regressor__regressor__natural_gradient', True), ('regressor__regressor__tol', 0.0001), ('regressor__regressor__verbose', False)])





OPTIMIZING HYPERPARAMETERS FOR REGRESSOR NGB 	SEED: 420


Best parameters: OrderedDict([('regressor__regressor__learning_rate', 0.06530563710056578), ('regressor__regressor__n_estimators', 578), ('regressor__regressor__natural_gradient', True), ('regressor__regressor__tol', 0.01), ('regressor__regressor__verbose', False)])





OPTIMIZING HYPERPARAMETERS FOR REGRESSOR NGB 	SEED: 420


Best parameters: OrderedDict([('regressor__regressor__learning_rate', 0.07056110217407649), ('regressor__regressor__n_estimators', 397), ('regressor__regressor__natural_gradient', True), ('regressor__regressor__tol', 0.00013057499405532536), ('regressor__regressor__verbose', False)])





OPTIMIZING HYPERPARAMETERS FOR REGRESSOR NGB 	SEED: 420


Best parameters: OrderedDict([('regressor__regressor__learning_rate', 0.09938285225339491), ('regressor__regressor__n_estimators', 644), ('regressor__regressor__natural_gradient', True), ('regressor__regressor__tol', 0.0004884955764455565), ('regressor__regressor__verbose', False)])





-------------------------------------------------- 
OPTIMIZING HYPERPARAMETERS FOR REGRESSOR NGB 	SEED: 1234567890


Best parameters: OrderedDict([('regressor__regressor__learning_rate', 0.1), ('regressor__regressor__n_estimators', 143), ('regressor__regressor__natural_gradient', True), ('regressor__regressor__tol', 0.0001), ('regressor__regressor__verbose', False)])




Best parameters: OrderedDict([('regressor__regressor__learning_rate', 0.1), ('regressor__regressor__n_estimators', 217), ('regressor__regressor__natural_gradient', True), ('regressor__regressor__tol', 0.01), ('regressor__regressor__verbose', False)])




Best parameters: OrderedDict([('regressor__regressor__learning_rate', 0.04902225294449307), ('regressor__regressor__n_estimators', 2000), ('regressor__regressor__natural_gradient', True), ('regressor__regressor__tol', 0.01), ('regressor__regressor__verbose', False)])




Best parameters: OrderedDict([('regressor__regressor__learning_rate', 0.06639399388901443), ('regressor__regressor__n_estimators', 418), ('regressor__regressor__natural_gradient', True), ('regressor__regressor__tol', 0.008804808169721894), ('regressor__regressor__verbose', False)])




Best parameters: OrderedDict([('regressor__regressor__learning_rate', 0.014435637460318283), ('regressor__regressor__n_estimators', 942), ('regressor__regressor__natural_gradient', True), ('regressor__regressor__tol', 0.01), ('regressor__regressor__verbose', False)])





OPTIMIZING HYPERPARAMETERS FOR REGRESSOR NGB 	SEED: 1234567890


Best parameters: OrderedDict([('regressor__regressor__learning_rate', 0.04759002066328998), ('regressor__regressor__n_estimators', 2000), ('regressor__regressor__natural_gradient', True), ('regressor__regressor__tol', 0.0001), ('regressor__regressor__verbose', False)])





OPTIMIZING HYPERPARAMETERS FOR REGRESSOR NGB 	SEED: 1234567890


Best parameters: OrderedDict([('regressor__regressor__learning_rate', 0.09904038180002706), ('regressor__regressor__n_estimators', 1896), ('regressor__regressor__natural_gradient', True), ('regressor__regressor__tol', 0.0052055396848497025), ('regressor__regressor__verbose', False)])





OPTIMIZING HYPERPARAMETERS FOR REGRESSOR NGB 	SEED: 1234567890


Best parameters: OrderedDict([('regressor__regressor__learning_rate', 0.09589660149237474), ('regressor__regressor__n_estimators', 1935), ('regressor__regressor__natural_gradient', True), ('regressor__regressor__tol', 0.0006415264627295831), ('regressor__regressor__verbose', False)])





OPTIMIZING HYPERPARAMETERS FOR REGRESSOR NGB 	SEED: 1234567890


Best parameters: OrderedDict([('regressor__regressor__learning_rate', 0.06334187266028311), ('regressor__regressor__n_estimators', 1173), ('regressor__regressor__natural_gradient', True), ('regressor__regressor__tol', 0.009080128690509589), ('regressor__regressor__verbose', False)])





OPTIMIZING HYPERPARAMETERS FOR REGRESSOR NGB 	SEED: 1234567890


Best parameters: OrderedDict([('regressor__regressor__learning_rate', 0.1), ('regressor__regressor__n_estimators', 245), ('regressor__regressor__natural_gradient', True), ('regressor__regressor__tol', 0.01), ('regressor__regressor__verbose', False)])





-------------------------------------------------- 
OPTIMIZING HYPERPARAMETERS FOR REGRESSOR NGB 	SEED: 473129


Best parameters: OrderedDict([('regressor__regressor__learning_rate', 0.047042809684474544), ('regressor__regressor__n_estimators', 2000), ('regressor__regressor__natural_gradient', True), ('regressor__regressor__tol', 0.0001), ('regressor__regressor__verbose', False)])




Best parameters: OrderedDict([('regressor__regressor__learning_rate', 0.07407388526813032), ('regressor__regressor__n_estimators', 1349), ('regressor__regressor__natural_gradient', True), ('regressor__regressor__tol', 0.008412043517221381), ('regressor__regressor__verbose', False)])




Best parameters: OrderedDict([('regressor__regressor__learning_rate', 0.1), ('regressor__regressor__n_estimators', 108), ('regressor__regressor__natural_gradient', True), ('regressor__regressor__tol', 0.0001), ('regressor__regressor__verbose', False)])




Best parameters: OrderedDict([('regressor__regressor__learning_rate', 0.049957797693002015), ('regressor__regressor__n_estimators', 1521), ('regressor__regressor__natural_gradient', True), ('regressor__regressor__tol', 0.00010188345759579768), ('regressor__regressor__verbose', False)])




Best parameters: OrderedDict([('regressor__regressor__learning_rate', 0.06102741081233056), ('regressor__regressor__n_estimators', 1973), ('regressor__regressor__natural_gradient', True), ('regressor__regressor__tol', 0.00013710009409355722), ('regressor__regressor__verbose', False)])





OPTIMIZING HYPERPARAMETERS FOR REGRESSOR NGB 	SEED: 473129


Best parameters: OrderedDict([('regressor__regressor__learning_rate', 0.040491192956533854), ('regressor__regressor__n_estimators', 2000), ('regressor__regressor__natural_gradient', True), ('regressor__regressor__tol', 0.01), ('regressor__regressor__verbose', False)])





OPTIMIZING HYPERPARAMETERS FOR REGRESSOR NGB 	SEED: 473129


Best parameters: OrderedDict([('regressor__regressor__learning_rate', 0.060708746889515164), ('regressor__regressor__n_estimators', 2000), ('regressor__regressor__natural_gradient', True), ('regressor__regressor__tol', 0.0001), ('regressor__regressor__verbose', False)])





OPTIMIZING HYPERPARAMETERS FOR REGRESSOR NGB 	SEED: 473129


Best parameters: OrderedDict([('regressor__regressor__learning_rate', 0.1), ('regressor__regressor__n_estimators', 2000), ('regressor__regressor__natural_gradient', True), ('regressor__regressor__tol', 0.01), ('regressor__regressor__verbose', False)])





OPTIMIZING HYPERPARAMETERS FOR REGRESSOR NGB 	SEED: 473129


Best parameters: OrderedDict([('regressor__regressor__learning_rate', 0.0978622523669553), ('regressor__regressor__n_estimators', 1916), ('regressor__regressor__natural_gradient', True), ('regressor__regressor__tol', 0.0011321715630036385), ('regressor__regressor__verbose', False)])





OPTIMIZING HYPERPARAMETERS FOR REGRESSOR NGB 	SEED: 473129


Best parameters: OrderedDict([('regressor__regressor__learning_rate', 0.023738848851514036), ('regressor__regressor__n_estimators', 2000), ('regressor__regressor__natural_gradient', True), ('regressor__regressor__tol', 0.01), ('regressor__regressor__verbose', False)])


Filename: (Mordred-Xn-Mw-PDI-concentration-temperature-polymer dP-polymer dD-polymer dH-solvent dP-solvent dD-solvent dH)_NGB_Standard
Done Saving scores!

------------------------------------------------------------
Sender: LSF System <lsfadmin@c008n01>
Subject: Job 605637: <NGB_log Rg (nm)_Mordred_Trimer_KM3 Mordred cluster_20250430> in cluster <Hazel> Done

Job <NGB_log Rg (nm)_Mordred_Trimer_KM3 Mordred cluster_20250430> was submitted from host <c207n13> by user <sdehgha2> in cluster <Hazel> at Thu May  1 09:14:07 2025
Job was executed on host(s) <6*c008n01>, in queue <single_chassis>, as user <sdehgha2> in cluster <Hazel> at Thu May  1 09:27:50 2025
</home/sdehgha2> was used as the home directory.
</share/ddomlab/sdehgha2/working-space/main/P1_pls-dataset/pls-dataset-space/PLS-Dataset/code_/training/hpc_submit_training_Rh> was used as the working directory.
Started at Thu May  1 09:27:50 2025
Terminated at Sat May  3 07:11:04 2025
Results reported at Sat May  3 07:11:04 2025

Your job looked like:

------------------------------------------------------------
# LSBATCH: User input



#BSUB -n 6
#BSUB -W 72:05
#BSUB -R span[hosts=1]
#BSUB -R "rusage[mem=16GB]"
#BSUB -J "NGB_log Rg (nm)_Mordred_Trimer_KM3 Mordred cluster_20250430"  
#BSUB -o "/share/ddomlab/sdehgha2/working-space/main/P1_pls-dataset/pls-dataset-space/PLS-Dataset/results/hpc_20250430/NGB_log Rg (nm)_Mordred_Trimer_KM3 Mordred cluster_20250430.out"
#BSUB -e "/share/ddomlab/sdehgha2/working-space/main/P1_pls-dataset/pls-dataset-space/PLS-Dataset/results/hpc_20250430/NGB_log Rg (nm)_Mordred_Trimer_KM3 Mordred cluster_20250430.err"

source ~/.bashrc
conda activate /usr/local/usrapps/ddomlab/sdehgha2/pls-dataset-env
python ../make_ood_prediction.py --target_features "log Rg (nm)"                                   --representation "Mordred"                                   --regressor_type "NGB"                                   --oligomer_representation "Trimer"                                   --numerical_feats 'Xn' 'Mw (g/mol)' 'PDI' 'Concentration (mg/ml)' 'Temperature SANS/SLS/DLS/SEC (K)' "polymer dP" "polymer dD" "polymer dH" 'solvent dP' 'solvent dD' 'solvent dH'                                   --clustering_method "KM3 Mordred cluster" 



------------------------------------------------------------

Successfully completed.

Resource usage summary:

    CPU time :                                   734432.00 sec.
    Max Memory :                                 4 GB
    Average Memory :                             3.97 GB
    Total Requested Memory :                     16.00 GB
    Delta Memory :                               12.00 GB
    Max Swap :                                   -
    Max Processes :                              38
    Max Threads :                                41
    Run time :                                   164615 sec.
    Turnaround time :                            165417 sec.

The output (if any) is above this job summary.



PS:

Read file </share/ddomlab/sdehgha2/working-space/main/P1_pls-dataset/pls-dataset-space/PLS-Dataset/results/hpc_20250430/NGB_log Rg (nm)_Mordred_Trimer_KM3 Mordred cluster_20250430.err> for stderr output of this job.

