DPPDTT
-------- OOD Parallel --------
-------- IID Parallel --------
-------- OOD Parallel --------
-------- IID Parallel --------
-------- OOD Parallel --------
-------- IID Parallel --------
-------- OOD Parallel --------
-------- IID Parallel --------
-------- OOD Parallel --------
-------- IID Parallel --------
-------- OOD Parallel --------
-------- IID Parallel --------
MBL-PPV
-------- OOD Parallel --------
-------- IID Parallel --------
-------- OOD Parallel --------
-------- IID Parallel --------
-------- OOD Parallel --------
-------- IID Parallel --------
-------- OOD Parallel --------
-------- IID Parallel --------
-------- OOD Parallel --------
-------- IID Parallel --------
-------- OOD Parallel --------
-------- IID Parallel --------
MEH-PPV
-------- OOD Parallel --------
-------- IID Parallel --------
-------- OOD Parallel --------
-------- IID Parallel --------
-------- OOD Parallel --------
-------- IID Parallel --------
-------- OOD Parallel --------
-------- IID Parallel --------
-------- OOD Parallel --------
-------- IID Parallel --------
-------- OOD Parallel --------
-------- IID Parallel --------
P3(4MP)T
-------- OOD Parallel --------
-------- IID Parallel --------
-------- OOD Parallel --------
-------- IID Parallel --------
-------- OOD Parallel --------
-------- IID Parallel --------
-------- OOD Parallel --------
-------- IID Parallel --------
-------- OOD Parallel --------
-------- IID Parallel --------
-------- OOD Parallel --------
-------- IID Parallel --------
P3DDT
-------- OOD Parallel --------
-------- IID Parallel --------
-------- OOD Parallel --------
-------- IID Parallel --------
-------- OOD Parallel --------
-------- IID Parallel --------
-------- OOD Parallel --------
-------- IID Parallel --------
-------- OOD Parallel --------
-------- IID Parallel --------
-------- OOD Parallel --------
-------- IID Parallel --------
P3EHT
-------- OOD Parallel --------
-------- IID Parallel --------
-------- OOD Parallel --------
-------- IID Parallel --------
-------- OOD Parallel --------
-------- IID Parallel --------
-------- OOD Parallel --------
-------- IID Parallel --------
-------- OOD Parallel --------
-------- IID Parallel --------
-------- OOD Parallel --------
-------- IID Parallel --------
P3EOT
-------- OOD Parallel --------
-------- IID Parallel --------
-------- OOD Parallel --------
-------- IID Parallel --------
-------- OOD Parallel --------
-------- IID Parallel --------
-------- OOD Parallel --------
-------- IID Parallel --------
-------- OOD Parallel --------
-------- IID Parallel --------
-------- OOD Parallel --------
-------- IID Parallel --------
P3OT
-------- OOD Parallel --------
-------- IID Parallel --------
-------- OOD Parallel --------
-------- IID Parallel --------
-------- OOD Parallel --------
-------- IID Parallel --------
-------- OOD Parallel --------
-------- IID Parallel --------
-------- OOD Parallel --------
-------- IID Parallel --------
-------- OOD Parallel --------
-------- IID Parallel --------
P7DPF
-------- OOD Parallel --------
-------- IID Parallel --------
-------- OOD Parallel --------
-------- IID Parallel --------
-------- OOD Parallel --------
-------- IID Parallel --------
-------- OOD Parallel --------
-------- IID Parallel --------
-------- OOD Parallel --------
-------- IID Parallel --------
-------- OOD Parallel --------
-------- IID Parallel --------
PBTTT-C14
-------- OOD Parallel --------
-------- IID Parallel --------
-------- OOD Parallel --------
-------- IID Parallel --------
-------- OOD Parallel --------
-------- IID Parallel --------
-------- OOD Parallel --------
-------- IID Parallel --------
-------- OOD Parallel --------
-------- IID Parallel --------
-------- OOD Parallel --------
-------- IID Parallel --------
PFO
-------- OOD Parallel --------
-------- IID Parallel --------
-------- OOD Parallel --------
-------- IID Parallel --------
-------- OOD Parallel --------
-------- IID Parallel --------
-------- OOD Parallel --------
-------- IID Parallel --------
-------- OOD Parallel --------
-------- IID Parallel --------
-------- OOD Parallel --------
-------- IID Parallel --------
PPFOH
-------- OOD Parallel --------
-------- IID Parallel --------
-------- OOD Parallel --------
-------- IID Parallel --------
-------- OOD Parallel --------
-------- IID Parallel --------
-------- OOD Parallel --------
-------- IID Parallel --------
-------- OOD Parallel --------
-------- IID Parallel --------
-------- OOD Parallel --------
-------- IID Parallel --------
rr-P3HT
-------- OOD Parallel --------

------------------------------------------------------------
Sender: LSF System <lsfadmin@c202n04>
Subject: Job 199428: <NGB_log Rg (nm)_ECFP_Trimer_canonical_name_20250518> in cluster <Hazel> Exited

Job <NGB_log Rg (nm)_ECFP_Trimer_canonical_name_20250518> was submitted from host <c205n10> by user <sdehgha2> in cluster <Hazel> at Sun May 18 11:39:44 2025
Job was executed on host(s) <4*c202n04>, in queue <single_chassis>, as user <sdehgha2> in cluster <Hazel> at Sun May 18 11:39:44 2025
</home/sdehgha2> was used as the home directory.
</share/ddomlab/sdehgha2/working-space/main/P1_pls-dataset/pls-dataset-space/PLS-Dataset/code_/training/hpc_submit_training_Rh> was used as the working directory.
Started at Sun May 18 11:39:44 2025
Terminated at Sun May 18 18:48:44 2025
Results reported at Sun May 18 18:48:44 2025

Your job looked like:

------------------------------------------------------------
# LSBATCH: User input



#BSUB -n 4
#BSUB -W 10:05
#BSUB -R span[hosts=1]
#BSUB -R "rusage[mem=16GB]"
#BSUB -J "NGB_log Rg (nm)_ECFP_Trimer_canonical_name_20250518"  
#BSUB -o "/share/ddomlab/sdehgha2/working-space/main/P1_pls-dataset/pls-dataset-space/PLS-Dataset/results/hpc_20250518/NGB_log Rg (nm)_ECFP_Trimer_3_count_canonical_name_20250518.out"
#BSUB -e "/share/ddomlab/sdehgha2/working-space/main/P1_pls-dataset/pls-dataset-space/PLS-Dataset/results/hpc_20250518/NGB_log Rg (nm)_ECFP_Trimer_3_count_canonical_name_20250518.err"

source ~/.bashrc
conda activate /usr/local/usrapps/ddomlab/sdehgha2/pls-dataset-env
python ../make_ood_learning_curve.py --target_features "log Rg (nm)"                                       --representation "ECFP"                                       --regressor_type "NGB"                                       --radius "3"                                       --vector "count"                                       --oligomer_representation "Trimer"                                       --numerical_feats 'Xn' 'Mw (g/mol)' 'PDI' 'Concentration (mg/ml)' 'Temperature SANS/SLS/DLS/SEC (K)' "polymer dP" "polymer dD" "polymer dH" 'solvent dP' 'solvent dD' 'solvent dH'                                       --clustering_method "canonical_name" 



------------------------------------------------------------

Exited with exit code 1.

Resource usage summary:

    CPU time :                                   101101.00 sec.
    Max Memory :                                 6 GB
    Average Memory :                             5.83 GB
    Total Requested Memory :                     16.00 GB
    Delta Memory :                               10.00 GB
    Max Swap :                                   -
    Max Processes :                              30
    Max Threads :                                33
    Run time :                                   25732 sec.
    Turnaround time :                            25740 sec.

The output (if any) is above this job summary.



PS:

Read file </share/ddomlab/sdehgha2/working-space/main/P1_pls-dataset/pls-dataset-space/PLS-Dataset/results/hpc_20250518/NGB_log Rg (nm)_ECFP_Trimer_3_count_canonical_name_20250518.err> for stderr output of this job.

