


OPTIMIZING HYPERPARAMETERS FOR REGRESSOR XGBR 	SEED: 6


Best parameters: OrderedDict([('regressor__regressor__learning_rate', 0.002947921748823408), ('regressor__regressor__max_depth', 26), ('regressor__regressor__n_estimators', 602), ('regressor__regressor__n_jobs', -2)])





OPTIMIZING HYPERPARAMETERS FOR REGRESSOR XGBR 	SEED: 6


Best parameters: OrderedDict([('regressor__regressor__learning_rate', 0.0008825378051781718), ('regressor__regressor__max_depth', 276), ('regressor__regressor__n_estimators', 1999), ('regressor__regressor__n_jobs', -2)])





OPTIMIZING HYPERPARAMETERS FOR REGRESSOR XGBR 	SEED: 6


Best parameters: OrderedDict([('regressor__regressor__learning_rate', 0.04255558381607424), ('regressor__regressor__max_depth', 10), ('regressor__regressor__n_estimators', 50), ('regressor__regressor__n_jobs', -2)])





OPTIMIZING HYPERPARAMETERS FOR REGRESSOR XGBR 	SEED: 6


Best parameters: OrderedDict([('regressor__regressor__learning_rate', 0.0098981359428937), ('regressor__regressor__max_depth', 10000), ('regressor__regressor__n_estimators', 280), ('regressor__regressor__n_jobs', -2)])





OPTIMIZING HYPERPARAMETERS FOR REGRESSOR XGBR 	SEED: 6


Best parameters: OrderedDict([('regressor__regressor__learning_rate', 0.0044639953032900356), ('regressor__regressor__max_depth', 10), ('regressor__regressor__n_estimators', 582), ('regressor__regressor__n_jobs', -2)])





OPTIMIZING HYPERPARAMETERS FOR REGRESSOR XGBR 	SEED: 13


Best parameters: OrderedDict([('regressor__regressor__learning_rate', 0.057283288127343214), ('regressor__regressor__max_depth', 10), ('regressor__regressor__n_estimators', 50), ('regressor__regressor__n_jobs', -2)])





OPTIMIZING HYPERPARAMETERS FOR REGRESSOR XGBR 	SEED: 13


Best parameters: OrderedDict([('regressor__regressor__learning_rate', 0.09994078867575448), ('regressor__regressor__max_depth', 120), ('regressor__regressor__n_estimators', 132), ('regressor__regressor__n_jobs', -2)])





OPTIMIZING HYPERPARAMETERS FOR REGRESSOR XGBR 	SEED: 13


Best parameters: OrderedDict([('regressor__regressor__learning_rate', 0.002720071706043383), ('regressor__regressor__max_depth', 1461), ('regressor__regressor__n_estimators', 1066), ('regressor__regressor__n_jobs', -2)])





OPTIMIZING HYPERPARAMETERS FOR REGRESSOR XGBR 	SEED: 13


Best parameters: OrderedDict([('regressor__regressor__learning_rate', 0.005063577288119106), ('regressor__regressor__max_depth', 15), ('regressor__regressor__n_estimators', 607), ('regressor__regressor__n_jobs', -2)])





OPTIMIZING HYPERPARAMETERS FOR REGRESSOR XGBR 	SEED: 13


Best parameters: OrderedDict([('regressor__regressor__learning_rate', 0.05062132399518625), ('regressor__regressor__max_depth', 10), ('regressor__regressor__n_estimators', 50), ('regressor__regressor__n_jobs', -2)])





OPTIMIZING HYPERPARAMETERS FOR REGRESSOR XGBR 	SEED: 42


Best parameters: OrderedDict([('regressor__regressor__learning_rate', 0.008012132675119292), ('regressor__regressor__max_depth', 10000), ('regressor__regressor__n_estimators', 405), ('regressor__regressor__n_jobs', -2)])





OPTIMIZING HYPERPARAMETERS FOR REGRESSOR XGBR 	SEED: 42


Best parameters: OrderedDict([('regressor__regressor__learning_rate', 0.005759462323500759), ('regressor__regressor__max_depth', 10000), ('regressor__regressor__n_estimators', 618), ('regressor__regressor__n_jobs', -2)])





OPTIMIZING HYPERPARAMETERS FOR REGRESSOR XGBR 	SEED: 42


Best parameters: OrderedDict([('regressor__regressor__learning_rate', 0.09673275795705669), ('regressor__regressor__max_depth', 6366), ('regressor__regressor__n_estimators', 111), ('regressor__regressor__n_jobs', -2)])





OPTIMIZING HYPERPARAMETERS FOR REGRESSOR XGBR 	SEED: 42


Best parameters: OrderedDict([('regressor__regressor__learning_rate', 0.01598229450499551), ('regressor__regressor__max_depth', 10), ('regressor__regressor__n_estimators', 169), ('regressor__regressor__n_jobs', -2)])





OPTIMIZING HYPERPARAMETERS FOR REGRESSOR XGBR 	SEED: 42


Best parameters: OrderedDict([('regressor__regressor__learning_rate', 0.06642494088185413), ('regressor__regressor__max_depth', 10000), ('regressor__regressor__n_estimators', 50), ('regressor__regressor__n_jobs', -2)])





OPTIMIZING HYPERPARAMETERS FOR REGRESSOR XGBR 	SEED: 69


Best parameters: OrderedDict([('regressor__regressor__learning_rate', 0.0028074532972355982), ('regressor__regressor__max_depth', 6081), ('regressor__regressor__n_estimators', 868), ('regressor__regressor__n_jobs', -2)])





OPTIMIZING HYPERPARAMETERS FOR REGRESSOR XGBR 	SEED: 69


Best parameters: OrderedDict([('regressor__regressor__learning_rate', 0.02256825001011882), ('regressor__regressor__max_depth', 522), ('regressor__regressor__n_estimators', 132), ('regressor__regressor__n_jobs', -2)])





OPTIMIZING HYPERPARAMETERS FOR REGRESSOR XGBR 	SEED: 69


Best parameters: OrderedDict([('regressor__regressor__learning_rate', 0.058301656080374575), ('regressor__regressor__max_depth', 2312), ('regressor__regressor__n_estimators', 51), ('regressor__regressor__n_jobs', -2)])





OPTIMIZING HYPERPARAMETERS FOR REGRESSOR XGBR 	SEED: 69


Best parameters: OrderedDict([('regressor__regressor__learning_rate', 0.02256825001011882), ('regressor__regressor__max_depth', 522), ('regressor__regressor__n_estimators', 132), ('regressor__regressor__n_jobs', -2)])





OPTIMIZING HYPERPARAMETERS FOR REGRESSOR XGBR 	SEED: 69


Best parameters: OrderedDict([('regressor__regressor__learning_rate', 0.03473936600775887), ('regressor__regressor__max_depth', 10), ('regressor__regressor__n_estimators', 129), ('regressor__regressor__n_jobs', -2)])





OPTIMIZING HYPERPARAMETERS FOR REGRESSOR XGBR 	SEED: 420


Best parameters: OrderedDict([('regressor__regressor__learning_rate', 0.02078547909745622), ('regressor__regressor__max_depth', 10), ('regressor__regressor__n_estimators', 165), ('regressor__regressor__n_jobs', -2)])





OPTIMIZING HYPERPARAMETERS FOR REGRESSOR XGBR 	SEED: 420


Best parameters: OrderedDict([('regressor__regressor__learning_rate', 0.0023444866040548146), ('regressor__regressor__max_depth', 10000), ('regressor__regressor__n_estimators', 1388), ('regressor__regressor__n_jobs', -2)])





OPTIMIZING HYPERPARAMETERS FOR REGRESSOR XGBR 	SEED: 420


Best parameters: OrderedDict([('regressor__regressor__learning_rate', 0.1), ('regressor__regressor__max_depth', 10), ('regressor__regressor__n_estimators', 50), ('regressor__regressor__n_jobs', -2)])





OPTIMIZING HYPERPARAMETERS FOR REGRESSOR XGBR 	SEED: 420


Best parameters: OrderedDict([('regressor__regressor__learning_rate', 0.09905002184460181), ('regressor__regressor__max_depth', 4770), ('regressor__regressor__n_estimators', 59), ('regressor__regressor__n_jobs', -2)])





OPTIMIZING HYPERPARAMETERS FOR REGRESSOR XGBR 	SEED: 420


Best parameters: OrderedDict([('regressor__regressor__learning_rate', 0.06474374887778549), ('regressor__regressor__max_depth', 10), ('regressor__regressor__n_estimators', 50), ('regressor__regressor__n_jobs', -2)])





OPTIMIZING HYPERPARAMETERS FOR REGRESSOR XGBR 	SEED: 1234567890


Best parameters: OrderedDict([('regressor__regressor__learning_rate', 0.03482301209127797), ('regressor__regressor__max_depth', 10000), ('regressor__regressor__n_estimators', 111), ('regressor__regressor__n_jobs', -2)])





OPTIMIZING HYPERPARAMETERS FOR REGRESSOR XGBR 	SEED: 1234567890


Best parameters: OrderedDict([('regressor__regressor__learning_rate', 0.0012942268126385484), ('regressor__regressor__max_depth', 2893), ('regressor__regressor__n_estimators', 2000), ('regressor__regressor__n_jobs', -2)])





OPTIMIZING HYPERPARAMETERS FOR REGRESSOR XGBR 	SEED: 1234567890


Best parameters: OrderedDict([('regressor__regressor__learning_rate', 0.011061677876170775), ('regressor__regressor__max_depth', 10000), ('regressor__regressor__n_estimators', 253), ('regressor__regressor__n_jobs', -2)])





OPTIMIZING HYPERPARAMETERS FOR REGRESSOR XGBR 	SEED: 1234567890


Best parameters: OrderedDict([('regressor__regressor__learning_rate', 0.06447466184897477), ('regressor__regressor__max_depth', 10), ('regressor__regressor__n_estimators', 50), ('regressor__regressor__n_jobs', -2)])





OPTIMIZING HYPERPARAMETERS FOR REGRESSOR XGBR 	SEED: 1234567890


Best parameters: OrderedDict([('regressor__regressor__learning_rate', 0.07303881047448496), ('regressor__regressor__max_depth', 10000), ('regressor__regressor__n_estimators', 240), ('regressor__regressor__n_jobs', -2)])





OPTIMIZING HYPERPARAMETERS FOR REGRESSOR XGBR 	SEED: 473129


Best parameters: OrderedDict([('regressor__regressor__learning_rate', 0.033611819143496216), ('regressor__regressor__max_depth', 5035), ('regressor__regressor__n_estimators', 93), ('regressor__regressor__n_jobs', -2)])





OPTIMIZING HYPERPARAMETERS FOR REGRESSOR XGBR 	SEED: 473129


Best parameters: OrderedDict([('regressor__regressor__learning_rate', 0.009717063560730765), ('regressor__regressor__max_depth', 10), ('regressor__regressor__n_estimators', 322), ('regressor__regressor__n_jobs', -2)])





OPTIMIZING HYPERPARAMETERS FOR REGRESSOR XGBR 	SEED: 473129


Best parameters: OrderedDict([('regressor__regressor__learning_rate', 0.03776496728790456), ('regressor__regressor__max_depth', 10000), ('regressor__regressor__n_estimators', 92), ('regressor__regressor__n_jobs', -2)])





OPTIMIZING HYPERPARAMETERS FOR REGRESSOR XGBR 	SEED: 473129


Best parameters: OrderedDict([('regressor__regressor__learning_rate', 0.0991844230778905), ('regressor__regressor__max_depth', 51), ('regressor__regressor__n_estimators', 52), ('regressor__regressor__n_jobs', -2)])





OPTIMIZING HYPERPARAMETERS FOR REGRESSOR XGBR 	SEED: 473129


Best parameters: OrderedDict([('regressor__regressor__learning_rate', 0.006422081595612832), ('regressor__regressor__max_depth', 10000), ('regressor__regressor__n_estimators', 655), ('regressor__regressor__n_jobs', -2)])


Average scores:	 r: 0.48±0.12	 r2: 0.2±0.13
Dimer
Filename: (ECFP3.count.512)_XGBR_Standard
/gpfs_common/share03/ddomlab/sdehgha2/working-space/main/P1_pls-dataset/pls-dataset-space/PLS-Dataset/results/target_log Rg (nm)/Dimer/(ECFP3.count.512)_XGBR_Standard_scores.json
/gpfs_common/share03/ddomlab/sdehgha2/working-space/main/P1_pls-dataset/pls-dataset-space/PLS-Dataset/results/target_log Rg (nm)/Dimer/(ECFP3.count.512)_XGBR_Standard_predictions.csv
/gpfs_common/share03/ddomlab/sdehgha2/working-space/main/P1_pls-dataset/pls-dataset-space/PLS-Dataset/results/target_log Rg (nm)/Dimer/(ECFP3.count.512)_XGBR_Standard_shape.json
Done Saving scores!

------------------------------------------------------------
Sender: LSF System <lsfadmin@c201n03>
Subject: Job 383889: <ECFP_XGBR_Dimer_log Rg (nm)_3_count_20250204> in cluster <Hazel> Done

Job <ECFP_XGBR_Dimer_log Rg (nm)_3_count_20250204> was submitted from host <c205n12> by user <sdehgha2> in cluster <Hazel> at Tue Mar 18 18:39:27 2025
Job was executed on host(s) <6*c201n03>, in queue <single_chassis>, as user <sdehgha2> in cluster <Hazel> at Wed Mar 19 08:43:19 2025
</home/sdehgha2> was used as the home directory.
</share/ddomlab/sdehgha2/working-space/main/P1_pls-dataset/pls-dataset-space/PLS-Dataset/code_/training/hpc_submit_training_Rh> was used as the working directory.
Started at Wed Mar 19 08:43:19 2025
Terminated at Wed Mar 19 10:01:28 2025
Results reported at Wed Mar 19 10:01:28 2025

Your job looked like:

------------------------------------------------------------
# LSBATCH: User input
          
#BSUB -n 6
#BSUB -W 30:01
#BSUB -R span[hosts=1]
#BSUB -R "rusage[mem=8GB]"
#BSUB -J "ECFP_XGBR_Dimer_log Rg (nm)_3_count_20250204"  
#BSUB -o "/share/ddomlab/sdehgha2/working-space/main/P1_pls-dataset/pls-dataset-space/PLS-Dataset/results/hpc_20250317/ECFP_XGBR_Dimer_log Rg (nm)_3_count_20250317.out"
#BSUB -e "/share/ddomlab/sdehgha2/working-space/main/P1_pls-dataset/pls-dataset-space/PLS-Dataset/results/hpc_20250317/ECFP_XGBR_Dimer_log Rg (nm)_3_count_20250317.err"

source ~/.bashrc
conda activate /usr/local/usrapps/ddomlab/sdehgha2/pls-dataset-env
python ../train_structure_only.py --target_features "log Rg (nm)"                                   --representation "ECFP"                                   --regressor_type "XGBR"                                   --oligomer_representation "Dimer"                                   --radius "3"                                   --vector "count" 

------------------------------------------------------------

Successfully completed.

Resource usage summary:

    CPU time :                                   17149.04 sec.
    Max Memory :                                 3 GB
    Average Memory :                             2.94 GB
    Total Requested Memory :                     8.00 GB
    Delta Memory :                               5.00 GB
    Max Swap :                                   -
    Max Processes :                              30
    Max Threads :                                33
    Run time :                                   4691 sec.
    Turnaround time :                            55321 sec.

The output (if any) is above this job summary.



PS:

Read file </share/ddomlab/sdehgha2/working-space/main/P1_pls-dataset/pls-dataset-space/PLS-Dataset/results/hpc_20250317/ECFP_XGBR_Dimer_log Rg (nm)_3_count_20250317.err> for stderr output of this job.

