


OPTIMIZING HYPERPARAMETERS FOR REGRESSOR NGB 	SEED: 6


Best parameters: OrderedDict([('regressor__regressor__learning_rate', 0.01835800716101627), ('regressor__regressor__minibatch_frac', 1), ('regressor__regressor__n_estimators', 50), ('regressor__regressor__natural_gradient', True), ('regressor__regressor__tol', 0.01), ('regressor__regressor__verbose', False)])





OPTIMIZING HYPERPARAMETERS FOR REGRESSOR NGB 	SEED: 6


Best parameters: OrderedDict([('regressor__regressor__learning_rate', 0.09718294021666454), ('regressor__regressor__minibatch_frac', 1), ('regressor__regressor__n_estimators', 50), ('regressor__regressor__natural_gradient', True), ('regressor__regressor__tol', 0.0025120584709222883), ('regressor__regressor__verbose', False)])





OPTIMIZING HYPERPARAMETERS FOR REGRESSOR NGB 	SEED: 6


Best parameters: OrderedDict([('regressor__regressor__learning_rate', 0.004889671883199178), ('regressor__regressor__minibatch_frac', 1), ('regressor__regressor__n_estimators', 199), ('regressor__regressor__natural_gradient', True), ('regressor__regressor__tol', 0.00010231715294719837), ('regressor__regressor__verbose', False)])





OPTIMIZING HYPERPARAMETERS FOR REGRESSOR NGB 	SEED: 6


Best parameters: OrderedDict([('regressor__regressor__learning_rate', 0.0027539180095367288), ('regressor__regressor__minibatch_frac', 1), ('regressor__regressor__n_estimators', 541), ('regressor__regressor__natural_gradient', True), ('regressor__regressor__tol', 0.0001), ('regressor__regressor__verbose', False)])





OPTIMIZING HYPERPARAMETERS FOR REGRESSOR NGB 	SEED: 6


Best parameters: OrderedDict([('regressor__regressor__learning_rate', 0.05483702226572773), ('regressor__regressor__minibatch_frac', 1), ('regressor__regressor__n_estimators', 1987), ('regressor__regressor__natural_gradient', True), ('regressor__regressor__tol', 0.00021020689918825817), ('regressor__regressor__verbose', False)])





OPTIMIZING HYPERPARAMETERS FOR REGRESSOR NGB 	SEED: 13


Best parameters: OrderedDict([('regressor__regressor__learning_rate', 0.0839595948176321), ('regressor__regressor__minibatch_frac', 1), ('regressor__regressor__n_estimators', 289), ('regressor__regressor__natural_gradient', True), ('regressor__regressor__tol', 0.00025700188789342884), ('regressor__regressor__verbose', False)])





OPTIMIZING HYPERPARAMETERS FOR REGRESSOR NGB 	SEED: 13


Best parameters: OrderedDict([('regressor__regressor__learning_rate', 0.0839595948176321), ('regressor__regressor__minibatch_frac', 1), ('regressor__regressor__n_estimators', 289), ('regressor__regressor__natural_gradient', True), ('regressor__regressor__tol', 0.00025700188789342884), ('regressor__regressor__verbose', False)])





OPTIMIZING HYPERPARAMETERS FOR REGRESSOR NGB 	SEED: 13


Best parameters: OrderedDict([('regressor__regressor__learning_rate', 0.015706004889675537), ('regressor__regressor__minibatch_frac', 1), ('regressor__regressor__n_estimators', 89), ('regressor__regressor__natural_gradient', True), ('regressor__regressor__tol', 0.00010669432559844964), ('regressor__regressor__verbose', False)])





OPTIMIZING HYPERPARAMETERS FOR REGRESSOR NGB 	SEED: 13


Best parameters: OrderedDict([('regressor__regressor__learning_rate', 0.025335219789832088), ('regressor__regressor__minibatch_frac', 1), ('regressor__regressor__n_estimators', 374), ('regressor__regressor__natural_gradient', True), ('regressor__regressor__tol', 0.008634649104633118), ('regressor__regressor__verbose', False)])





OPTIMIZING HYPERPARAMETERS FOR REGRESSOR NGB 	SEED: 13


Best parameters: OrderedDict([('regressor__regressor__learning_rate', 0.06614347770300992), ('regressor__regressor__minibatch_frac', 1), ('regressor__regressor__n_estimators', 185), ('regressor__regressor__natural_gradient', True), ('regressor__regressor__tol', 0.01), ('regressor__regressor__verbose', False)])





OPTIMIZING HYPERPARAMETERS FOR REGRESSOR NGB 	SEED: 42


Best parameters: OrderedDict([('regressor__regressor__learning_rate', 0.09727575453834564), ('regressor__regressor__minibatch_frac', 1), ('regressor__regressor__n_estimators', 171), ('regressor__regressor__natural_gradient', True), ('regressor__regressor__tol', 0.00031021156821425875), ('regressor__regressor__verbose', False)])





OPTIMIZING HYPERPARAMETERS FOR REGRESSOR NGB 	SEED: 42


Best parameters: OrderedDict([('regressor__regressor__learning_rate', 0.06740602773780063), ('regressor__regressor__minibatch_frac', 1), ('regressor__regressor__n_estimators', 75), ('regressor__regressor__natural_gradient', True), ('regressor__regressor__tol', 0.00010634363606673357), ('regressor__regressor__verbose', False)])





OPTIMIZING HYPERPARAMETERS FOR REGRESSOR NGB 	SEED: 42


Best parameters: OrderedDict([('regressor__regressor__learning_rate', 0.05540742317108388), ('regressor__regressor__minibatch_frac', 1), ('regressor__regressor__n_estimators', 839), ('regressor__regressor__natural_gradient', True), ('regressor__regressor__tol', 0.01), ('regressor__regressor__verbose', False)])





OPTIMIZING HYPERPARAMETERS FOR REGRESSOR NGB 	SEED: 42


Best parameters: OrderedDict([('regressor__regressor__learning_rate', 0.061653177667315984), ('regressor__regressor__minibatch_frac', 1), ('regressor__regressor__n_estimators', 2000), ('regressor__regressor__natural_gradient', True), ('regressor__regressor__tol', 0.0001), ('regressor__regressor__verbose', False)])





OPTIMIZING HYPERPARAMETERS FOR REGRESSOR NGB 	SEED: 42


Best parameters: OrderedDict([('regressor__regressor__learning_rate', 0.022263902979204442), ('regressor__regressor__minibatch_frac', 1), ('regressor__regressor__n_estimators', 319), ('regressor__regressor__natural_gradient', True), ('regressor__regressor__tol', 0.01), ('regressor__regressor__verbose', False)])





OPTIMIZING HYPERPARAMETERS FOR REGRESSOR NGB 	SEED: 69


Best parameters: OrderedDict([('regressor__regressor__learning_rate', 0.045648321647310995), ('regressor__regressor__minibatch_frac', 1), ('regressor__regressor__n_estimators', 73), ('regressor__regressor__natural_gradient', True), ('regressor__regressor__tol', 0.01), ('regressor__regressor__verbose', False)])





OPTIMIZING HYPERPARAMETERS FOR REGRESSOR NGB 	SEED: 69


Best parameters: OrderedDict([('regressor__regressor__learning_rate', 0.041850199145049505), ('regressor__regressor__minibatch_frac', 1), ('regressor__regressor__n_estimators', 1153), ('regressor__regressor__natural_gradient', True), ('regressor__regressor__tol', 0.009946418825097137), ('regressor__regressor__verbose', False)])





OPTIMIZING HYPERPARAMETERS FOR REGRESSOR NGB 	SEED: 69


Best parameters: OrderedDict([('regressor__regressor__learning_rate', 0.1), ('regressor__regressor__minibatch_frac', 1), ('regressor__regressor__n_estimators', 2000), ('regressor__regressor__natural_gradient', True), ('regressor__regressor__tol', 0.0001), ('regressor__regressor__verbose', False)])





OPTIMIZING HYPERPARAMETERS FOR REGRESSOR NGB 	SEED: 69


Best parameters: OrderedDict([('regressor__regressor__learning_rate', 0.0018557078003437902), ('regressor__regressor__minibatch_frac', 1), ('regressor__regressor__n_estimators', 824), ('regressor__regressor__natural_gradient', True), ('regressor__regressor__tol', 0.0001), ('regressor__regressor__verbose', False)])





OPTIMIZING HYPERPARAMETERS FOR REGRESSOR NGB 	SEED: 69


Best parameters: OrderedDict([('regressor__regressor__learning_rate', 0.1), ('regressor__regressor__minibatch_frac', 1), ('regressor__regressor__n_estimators', 583), ('regressor__regressor__natural_gradient', True), ('regressor__regressor__tol', 0.01), ('regressor__regressor__verbose', False)])





OPTIMIZING HYPERPARAMETERS FOR REGRESSOR NGB 	SEED: 420


Best parameters: OrderedDict([('regressor__regressor__learning_rate', 0.1), ('regressor__regressor__minibatch_frac', 1), ('regressor__regressor__n_estimators', 50), ('regressor__regressor__natural_gradient', True), ('regressor__regressor__tol', 0.007754974746131304), ('regressor__regressor__verbose', False)])





OPTIMIZING HYPERPARAMETERS FOR REGRESSOR NGB 	SEED: 420


Best parameters: OrderedDict([('regressor__regressor__learning_rate', 0.09992476287857255), ('regressor__regressor__minibatch_frac', 1), ('regressor__regressor__n_estimators', 367), ('regressor__regressor__natural_gradient', True), ('regressor__regressor__tol', 0.00524997157332593), ('regressor__regressor__verbose', False)])





OPTIMIZING HYPERPARAMETERS FOR REGRESSOR NGB 	SEED: 420


Best parameters: OrderedDict([('regressor__regressor__learning_rate', 0.09918606719870351), ('regressor__regressor__minibatch_frac', 1), ('regressor__regressor__n_estimators', 1966), ('regressor__regressor__natural_gradient', True), ('regressor__regressor__tol', 0.004061571659660388), ('regressor__regressor__verbose', False)])





OPTIMIZING HYPERPARAMETERS FOR REGRESSOR NGB 	SEED: 420


Best parameters: OrderedDict([('regressor__regressor__learning_rate', 0.1), ('regressor__regressor__minibatch_frac', 1), ('regressor__regressor__n_estimators', 50), ('regressor__regressor__natural_gradient', True), ('regressor__regressor__tol', 0.0001), ('regressor__regressor__verbose', False)])





OPTIMIZING HYPERPARAMETERS FOR REGRESSOR NGB 	SEED: 420


Best parameters: OrderedDict([('regressor__regressor__learning_rate', 0.023024877034652263), ('regressor__regressor__minibatch_frac', 1), ('regressor__regressor__n_estimators', 450), ('regressor__regressor__natural_gradient', True), ('regressor__regressor__tol', 0.01), ('regressor__regressor__verbose', False)])





OPTIMIZING HYPERPARAMETERS FOR REGRESSOR NGB 	SEED: 1234567890


Best parameters: OrderedDict([('regressor__regressor__learning_rate', 0.05943358043793899), ('regressor__regressor__minibatch_frac', 1), ('regressor__regressor__n_estimators', 307), ('regressor__regressor__natural_gradient', True), ('regressor__regressor__tol', 0.01), ('regressor__regressor__verbose', False)])





OPTIMIZING HYPERPARAMETERS FOR REGRESSOR NGB 	SEED: 1234567890


Best parameters: OrderedDict([('regressor__regressor__learning_rate', 0.0998161908437205), ('regressor__regressor__minibatch_frac', 1), ('regressor__regressor__n_estimators', 200), ('regressor__regressor__natural_gradient', True), ('regressor__regressor__tol', 0.00046319679147579254), ('regressor__regressor__verbose', False)])





OPTIMIZING HYPERPARAMETERS FOR REGRESSOR NGB 	SEED: 1234567890


Best parameters: OrderedDict([('regressor__regressor__learning_rate', 0.0012572514903507785), ('regressor__regressor__minibatch_frac', 1), ('regressor__regressor__n_estimators', 1197), ('regressor__regressor__natural_gradient', True), ('regressor__regressor__tol', 0.0001), ('regressor__regressor__verbose', False)])





OPTIMIZING HYPERPARAMETERS FOR REGRESSOR NGB 	SEED: 1234567890


Best parameters: OrderedDict([('regressor__regressor__learning_rate', 0.1), ('regressor__regressor__minibatch_frac', 1), ('regressor__regressor__n_estimators', 2000), ('regressor__regressor__natural_gradient', True), ('regressor__regressor__tol', 0.0002897338513047244), ('regressor__regressor__verbose', False)])





OPTIMIZING HYPERPARAMETERS FOR REGRESSOR NGB 	SEED: 1234567890


Best parameters: OrderedDict([('regressor__regressor__learning_rate', 0.1), ('regressor__regressor__minibatch_frac', 1), ('regressor__regressor__n_estimators', 2000), ('regressor__regressor__natural_gradient', True), ('regressor__regressor__tol', 0.0002897337508457016), ('regressor__regressor__verbose', False)])





OPTIMIZING HYPERPARAMETERS FOR REGRESSOR NGB 	SEED: 473129


Best parameters: OrderedDict([('regressor__regressor__learning_rate', 0.006225727663479878), ('regressor__regressor__minibatch_frac', 1), ('regressor__regressor__n_estimators', 315), ('regressor__regressor__natural_gradient', True), ('regressor__regressor__tol', 0.00699319528131553), ('regressor__regressor__verbose', False)])





OPTIMIZING HYPERPARAMETERS FOR REGRESSOR NGB 	SEED: 473129


Best parameters: OrderedDict([('regressor__regressor__learning_rate', 0.0025752672084237063), ('regressor__regressor__minibatch_frac', 1), ('regressor__regressor__n_estimators', 617), ('regressor__regressor__natural_gradient', True), ('regressor__regressor__tol', 0.00014157260998530228), ('regressor__regressor__verbose', False)])





OPTIMIZING HYPERPARAMETERS FOR REGRESSOR NGB 	SEED: 473129


Best parameters: OrderedDict([('regressor__regressor__learning_rate', 0.022717124622760328), ('regressor__regressor__minibatch_frac', 1), ('regressor__regressor__n_estimators', 2000), ('regressor__regressor__natural_gradient', True), ('regressor__regressor__tol', 0.01), ('regressor__regressor__verbose', False)])





OPTIMIZING HYPERPARAMETERS FOR REGRESSOR NGB 	SEED: 473129


Best parameters: OrderedDict([('regressor__regressor__learning_rate', 0.1), ('regressor__regressor__minibatch_frac', 1), ('regressor__regressor__n_estimators', 2000), ('regressor__regressor__natural_gradient', True), ('regressor__regressor__tol', 0.004777730775437569), ('regressor__regressor__verbose', False)])





OPTIMIZING HYPERPARAMETERS FOR REGRESSOR NGB 	SEED: 473129


Best parameters: OrderedDict([('regressor__regressor__learning_rate', 0.010523157787840513), ('regressor__regressor__minibatch_frac', 1), ('regressor__regressor__n_estimators', 1964), ('regressor__regressor__natural_gradient', True), ('regressor__regressor__tol', 0.008716951152103067), ('regressor__regressor__verbose', False)])


Average scores:	 r: 0.46±0.13	 r2: 0.19±0.13
Dimer
Filename: (MACCS)_NGB_Standard
/gpfs_common/share03/ddomlab/sdehgha2/working-space/main/P1_pls-dataset/pls-dataset-space/PLS-Dataset/results/target_log Rg (nm)/Dimer/(MACCS)_NGB_Standard_scores.json
/gpfs_common/share03/ddomlab/sdehgha2/working-space/main/P1_pls-dataset/pls-dataset-space/PLS-Dataset/results/target_log Rg (nm)/Dimer/(MACCS)_NGB_Standard_predictions.csv
/gpfs_common/share03/ddomlab/sdehgha2/working-space/main/P1_pls-dataset/pls-dataset-space/PLS-Dataset/results/target_log Rg (nm)/Dimer/(MACCS)_NGB_Standard_shape.json
Done Saving scores!

------------------------------------------------------------
Sender: LSF System <lsfadmin@c201n14>
Subject: Job 383443: <MACCS_NGB_Dimer_log Rg (nm)_20250317> in cluster <Hazel> Done

Job <MACCS_NGB_Dimer_log Rg (nm)_20250317> was submitted from host <c205n12> by user <sdehgha2> in cluster <Hazel> at Tue Mar 18 17:53:00 2025
Job was executed on host(s) <6*c201n14>, in queue <single_chassis>, as user <sdehgha2> in cluster <Hazel> at Wed Mar 19 08:41:55 2025
</home/sdehgha2> was used as the home directory.
</share/ddomlab/sdehgha2/working-space/main/P1_pls-dataset/pls-dataset-space/PLS-Dataset/code_/training/hpc_submit_training_Rh> was used as the working directory.
Started at Wed Mar 19 08:41:55 2025
Terminated at Wed Mar 19 13:11:56 2025
Results reported at Wed Mar 19 13:11:56 2025

Your job looked like:

------------------------------------------------------------
# LSBATCH: User input
          
#BSUB -n 6
#BSUB -W 40:01
#BSUB -R span[hosts=1]
#BSUB -R "rusage[mem=16GB]"
#BSUB -J "MACCS_NGB_Dimer_log Rg (nm)_20250317"  
#BSUB -o "/share/ddomlab/sdehgha2/working-space/main/P1_pls-dataset/pls-dataset-space/PLS-Dataset/results/hpc_20250317/MACCS_NGB_Dimer_log Rg (nm)_20250317.out"
#BSUB -e "/share/ddomlab/sdehgha2/working-space/main/P1_pls-dataset/pls-dataset-space/PLS-Dataset/results/hpc_20250317/MACCS_NGB_Dimer_log Rg (nm)_20250317.err"

source ~/.bashrc
conda activate /usr/local/usrapps/ddomlab/sdehgha2/pls-dataset-env
python ../train_structure_only.py --target_features "log Rg (nm)"                                   --representation "MACCS"                                   --regressor_type "NGB"                                   --oligomer_representation "Dimer" 

------------------------------------------------------------

Successfully completed.

Resource usage summary:

    CPU time :                                   70336.00 sec.
    Max Memory :                                 3 GB
    Average Memory :                             2.57 GB
    Total Requested Memory :                     16.00 GB
    Delta Memory :                               13.00 GB
    Max Swap :                                   -
    Max Processes :                              30
    Max Threads :                                33
    Run time :                                   16203 sec.
    Turnaround time :                            69536 sec.

The output (if any) is above this job summary.



PS:

Read file </share/ddomlab/sdehgha2/working-space/main/P1_pls-dataset/pls-dataset-space/PLS-Dataset/results/hpc_20250317/MACCS_NGB_Dimer_log Rg (nm)_20250317.err> for stderr output of this job.

