0
-------- OOD Parallel --------
-------- IID Parallel --------
-------- OOD Parallel --------
-------- IID Parallel --------
-------- OOD Parallel --------
-------- IID Parallel --------
-------- OOD Parallel --------
-------- IID Parallel --------
-------- OOD Parallel --------
-------- IID Parallel --------
-------- OOD Parallel --------
-------- IID Parallel --------
1
-------- OOD Parallel --------
-------- IID Parallel --------
-------- OOD Parallel --------
-------- IID Parallel --------
-------- OOD Parallel --------
-------- IID Parallel --------
-------- OOD Parallel --------
-------- IID Parallel --------
-------- OOD Parallel --------
-------- IID Parallel --------
-------- OOD Parallel --------
-------- IID Parallel --------
-------- OOD Parallel --------
-------- IID Parallel --------

------------------------------------------------------------
Sender: LSF System <lsfadmin@c019n03>
Subject: Job 873083: <XGBR_log Rg (nm)___KM4 ECFP6_Count_512bit cluster_20250624_lc> in cluster <Hazel> Exited

Job <XGBR_log Rg (nm)___KM4 ECFP6_Count_512bit cluster_20250624_lc> was submitted from host <c201n09> by user <sdehgha2> in cluster <Hazel> at Tue Jun 24 17:49:17 2025
Job was executed on host(s) <8*c019n03>, in queue <single_chassis>, as user <sdehgha2> in cluster <Hazel> at Tue Jun 24 17:49:18 2025
</home/sdehgha2> was used as the home directory.
</share/ddomlab/sdehgha2/working-space/main/P1_pls-dataset/pls-dataset-space/PLS-Dataset/code_/training/hpc_submit_training_Rh> was used as the working directory.
Started at Tue Jun 24 17:49:18 2025
Terminated at Wed Jun 25 04:07:38 2025
Results reported at Wed Jun 25 04:07:38 2025

Your job looked like:

------------------------------------------------------------
# LSBATCH: User input



#BSUB -n 8
#BSUB -W 15:30
#BSUB -R span[hosts=1]
#BSUB -R "rusage[mem=16GB]"
#BSUB -J "XGBR_log Rg (nm)___KM4 ECFP6_Count_512bit cluster_20250624_lc"  
#BSUB -o "/share/ddomlab/sdehgha2/working-space/main/P1_pls-dataset/pls-dataset-space/PLS-Dataset/results/hpc_20250624/XGBR_log Rg (nm)___KM4 ECFP6_Count_512bit cluster_numerical_20250624_lc.out"
#BSUB -e "/share/ddomlab/sdehgha2/working-space/main/P1_pls-dataset/pls-dataset-space/PLS-Dataset/results/hpc_20250624/XGBR_log Rg (nm)___KM4 ECFP6_Count_512bit cluster_numerical_20250624_lc.err"

source ~/.bashrc
conda activate /usr/local/usrapps/ddomlab/sdehgha2/pls-dataset-env
python ../make_ood_learning_curve.py --target_features "log Rg (nm)"                                       --regressor_type "XGBR"                                       --numerical_feats 'Xn' 'Mw (g/mol)' 'PDI' 'Concentration (mg/ml)' 'Temperature SANS/SLS/DLS/SEC (K)' "polymer dP" "polymer dD" "polymer dH" 'solvent dP' 'solvent dD' 'solvent dH' "Dark/light" "Aging time (hour)" "To Aging Temperature (K)" "Sonication/Stirring/heating Temperature (K)" "Merged Stirring /sonication/heating time(min)"                                       --clustering_method "KM4 ECFP6_Count_512bit cluster" 



------------------------------------------------------------

TERM_OWNER: job killed by owner.
Exited with exit code 143.

Resource usage summary:

    CPU time :                                   402645.00 sec.
    Max Memory :                                 78 GB
    Average Memory :                             42.40 GB
    Total Requested Memory :                     16.00 GB
    Delta Memory :                               -62.00 GB
    Max Swap :                                   1 GB
    Max Processes :                              38
    Max Threads :                                1161
    Run time :                                   37109 sec.
    Turnaround time :                            37101 sec.

The output (if any) is above this job summary.



PS:

Read file </share/ddomlab/sdehgha2/working-space/main/P1_pls-dataset/pls-dataset-space/PLS-Dataset/results/hpc_20250624/XGBR_log Rg (nm)___KM4 ECFP6_Count_512bit cluster_numerical_20250624_lc.err> for stderr output of this job.

0
-------- OOD Parallel --------
-------- IID Parallel --------
-------- OOD Parallel --------
-------- IID Parallel --------
-------- OOD Parallel --------
-------- IID Parallel --------
-------- OOD Parallel --------
-------- IID Parallel --------
-------- OOD Parallel --------
-------- IID Parallel --------
-------- OOD Parallel --------
-------- IID Parallel --------
1
-------- OOD Parallel --------
-------- IID Parallel --------
-------- OOD Parallel --------
-------- IID Parallel --------
-------- OOD Parallel --------
-------- IID Parallel --------
-------- OOD Parallel --------
0
-------- OOD Parallel --------
-------- IID Parallel --------
-------- IID Parallel --------
-------- OOD Parallel --------
-------- IID Parallel --------
-------- OOD Parallel --------
-------- IID Parallel --------
-------- OOD Parallel --------
-------- IID Parallel --------
-------- OOD Parallel --------
-------- IID Parallel --------
-------- OOD Parallel --------
-------- OOD Parallel --------
-------- IID Parallel --------
-------- IID Parallel --------
-------- OOD Parallel --------
-------- IID Parallel --------
1
-------- OOD Parallel --------
-------- IID Parallel --------
-------- OOD Parallel --------
-------- IID Parallel --------
2
-------- OOD Parallel --------
-------- IID Parallel --------
-------- OOD Parallel --------
-------- IID Parallel --------
-------- OOD Parallel --------
-------- IID Parallel --------
-------- OOD Parallel --------
-------- IID Parallel --------
-------- OOD Parallel --------
-------- IID Parallel --------
-------- OOD Parallel --------
-------- IID Parallel --------
-------- OOD Parallel --------
-------- IID Parallel --------
-------- OOD Parallel --------
-------- IID Parallel --------
-------- OOD Parallel --------
-------- IID Parallel --------
-------- OOD Parallel --------
-------- IID Parallel --------
3
-------- OOD Parallel --------
-------- IID Parallel --------
-------- OOD Parallel --------
-------- IID Parallel --------
-------- OOD Parallel --------
-------- IID Parallel --------
-------- OOD Parallel --------
-------- IID Parallel --------
-------- OOD Parallel --------
-------- IID Parallel --------
-------- OOD Parallel --------
-------- IID Parallel --------
-------- OOD Parallel --------
-------- IID Parallel --------
-------- OOD Parallel --------
-------- IID Parallel --------
-------- OOD Parallel --------
-------- IID Parallel --------
-------- OOD Parallel --------
-------- IID Parallel --------
Filename: (Xn-Mw-PDI-concentration-temperature-polymer dP-polymer dD-polymer dH-solvent dP-solvent dD-solvent dH-light exposure-aging time-aging temperature-prep temperature-prep time)_XGBR_hypOFF_Standard_lc
Done Saving scores!

------------------------------------------------------------
Sender: LSF System <lsfadmin@c020n01>
Subject: Job 875708: <XGBR_log Rg (nm)___KM4 ECFP6_Count_512bit cluster_20250624_lc> in cluster <Hazel> Done

Job <XGBR_log Rg (nm)___KM4 ECFP6_Count_512bit cluster_20250624_lc> was submitted from host <c020n01> by user <sdehgha2> in cluster <Hazel> at Wed Jun 25 04:31:07 2025
Job was executed on host(s) <18*c020n01>, in queue <single_chassis>, as user <sdehgha2> in cluster <Hazel> at Wed Jun 25 04:32:07 2025
</home/sdehgha2> was used as the home directory.
</share/ddomlab/sdehgha2/working-space/main/P1_pls-dataset/pls-dataset-space/PLS-Dataset/code_/training/hpc_submit_training_Rh> was used as the working directory.
Started at Wed Jun 25 04:32:07 2025
Terminated at Wed Jun 25 16:42:01 2025
Results reported at Wed Jun 25 16:42:01 2025

Your job looked like:

------------------------------------------------------------
# LSBATCH: User input



#BSUB -n 18
#BSUB -W 15:30
#BSUB -R span[hosts=1]
#BSUB -R "rusage[mem=16GB]"
#BSUB -J "XGBR_log Rg (nm)___KM4 ECFP6_Count_512bit cluster_20250624_lc"  
#BSUB -o "/share/ddomlab/sdehgha2/working-space/main/P1_pls-dataset/pls-dataset-space/PLS-Dataset/results/hpc_20250624/XGBR_log Rg (nm)___KM4 ECFP6_Count_512bit cluster_numerical_20250624_lc.out"
#BSUB -e "/share/ddomlab/sdehgha2/working-space/main/P1_pls-dataset/pls-dataset-space/PLS-Dataset/results/hpc_20250624/XGBR_log Rg (nm)___KM4 ECFP6_Count_512bit cluster_numerical_20250624_lc.err"

source ~/.bashrc
conda activate /usr/local/usrapps/ddomlab/sdehgha2/pls-dataset-env
python ../make_ood_learning_curve.py --target_features "log Rg (nm)"                                       --regressor_type "XGBR"                                       --numerical_feats 'Xn' 'Mw (g/mol)' 'PDI' 'Concentration (mg/ml)' 'Temperature SANS/SLS/DLS/SEC (K)' "polymer dP" "polymer dD" "polymer dH" 'solvent dP' 'solvent dD' 'solvent dH' "Dark/light" "Aging time (hour)" "To Aging Temperature (K)" "Sonication/Stirring/heating Temperature (K)" "Merged Stirring /sonication/heating time(min)"                                       --clustering_method "KM4 ECFP6_Count_512bit cluster" 



------------------------------------------------------------

Successfully completed.

Resource usage summary:

    CPU time :                                   1279804.00 sec.
    Max Memory :                                 73 GB
    Average Memory :                             41.27 GB
    Total Requested Memory :                     16.00 GB
    Delta Memory :                               -57.00 GB
    Max Swap :                                   -
    Max Processes :                              38
    Max Threads :                                1175
    Run time :                                   43818 sec.
    Turnaround time :                            43854 sec.

The output (if any) is above this job summary.



PS:

Read file </share/ddomlab/sdehgha2/working-space/main/P1_pls-dataset/pls-dataset-space/PLS-Dataset/results/hpc_20250624/XGBR_log Rg (nm)___KM4 ECFP6_Count_512bit cluster_numerical_20250624_lc.err> for stderr output of this job.


------------------------------------------------------------
Sender: LSF System <lsfadmin@c200n13>
Subject: Job 876014: <XGBR_log Rg (nm)___KM4 ECFP6_Count_512bit cluster_20250624_lc> in cluster <Hazel> Exited

Job <XGBR_log Rg (nm)___KM4 ECFP6_Count_512bit cluster_20250624_lc> was submitted from host <c200n13> by user <sdehgha2> in cluster <Hazel> at Wed Jun 25 07:35:21 2025
Job was executed on host(s) <10*c200n13>, in queue <single_chassis>, as user <sdehgha2> in cluster <Hazel> at Wed Jun 25 07:35:23 2025
</home/sdehgha2> was used as the home directory.
</share/ddomlab/sdehgha2/working-space/main/P1_pls-dataset/pls-dataset-space/PLS-Dataset/code_/training/hpc_submit_training_Rh> was used as the working directory.
Started at Wed Jun 25 07:35:23 2025
Terminated at Wed Jun 25 17:07:43 2025
Results reported at Wed Jun 25 17:07:43 2025

Your job looked like:

------------------------------------------------------------
# LSBATCH: User input



#BSUB -n 10
#BSUB -W 15:30
#BSUB -R span[hosts=1]
#BSUB -R "rusage[mem=16GB]"
#BSUB -x
#BSUB -J "XGBR_log Rg (nm)___KM4 ECFP6_Count_512bit cluster_20250624_lc"  
#BSUB -o "/share/ddomlab/sdehgha2/working-space/main/P1_pls-dataset/pls-dataset-space/PLS-Dataset/results/hpc_20250624/XGBR_log Rg (nm)___KM4 ECFP6_Count_512bit cluster_numerical_20250624_lc.out"
#BSUB -e "/share/ddomlab/sdehgha2/working-space/main/P1_pls-dataset/pls-dataset-space/PLS-Dataset/results/hpc_20250624/XGBR_log Rg (nm)___KM4 ECFP6_Count_512bit cluster_numerical_20250624_lc.err"

source ~/.bashrc
conda activate /usr/local/usrapps/ddomlab/sdehgha2/pls-dataset-env
python ../make_ood_learning_curve.py --target_features "log Rg (nm)"                                       --regressor_type "XGBR"                                       --numerical_feats 'Xn' 'Mw (g/mol)' 'PDI' 'Concentration (mg/ml)' 'Temperature SANS/SLS/DLS/SEC (K)' "polymer dP" "polymer dD" "polymer dH" 'solvent dP' 'solvent dD' 'solvent dH' "Dark/light" "Aging time (hour)" "To Aging Temperature (K)" "Sonication/Stirring/heating Temperature (K)" "Merged Stirring /sonication/heating time(min)"                                       --clustering_method "KM4 ECFP6_Count_512bit cluster" 



------------------------------------------------------------

TERM_OWNER: job killed by owner.
Exited with exit code 130.

Resource usage summary:

    CPU time :                                   665304.00 sec.
    Max Memory :                                 46 GB
    Average Memory :                             23.82 GB
    Total Requested Memory :                     16.00 GB
    Delta Memory :                               -30.00 GB
    Max Swap :                                   -
    Max Processes :                              26
    Max Threads :                                502
    Run time :                                   34342 sec.
    Turnaround time :                            34342 sec.

The output (if any) is above this job summary.



PS:

Read file </share/ddomlab/sdehgha2/working-space/main/P1_pls-dataset/pls-dataset-space/PLS-Dataset/results/hpc_20250624/XGBR_log Rg (nm)___KM4 ECFP6_Count_512bit cluster_numerical_20250624_lc.err> for stderr output of this job.

