


OPTIMIZING HYPERPARAMETERS FOR REGRESSOR RF 	SEED: 6


Best parameters: OrderedDict([('regressor__regressor__max_depth', None), ('regressor__regressor__max_features', 'sqrt'), ('regressor__regressor__min_samples_leaf', 0.05), ('regressor__regressor__min_samples_split', 0.1891342065363295), ('regressor__regressor__n_estimators', 1049)])





OPTIMIZING HYPERPARAMETERS FOR REGRESSOR RF 	SEED: 6


Best parameters: OrderedDict([('regressor__regressor__max_depth', None), ('regressor__regressor__max_features', 'log2'), ('regressor__regressor__min_samples_leaf', 0.05), ('regressor__regressor__min_samples_split', 0.330113836470467), ('regressor__regressor__n_estimators', 2000)])





OPTIMIZING HYPERPARAMETERS FOR REGRESSOR RF 	SEED: 6


Best parameters: OrderedDict([('regressor__regressor__max_depth', None), ('regressor__regressor__max_features', 'log2'), ('regressor__regressor__min_samples_leaf', 0.05), ('regressor__regressor__min_samples_split', 0.1576844014237307), ('regressor__regressor__n_estimators', 50)])





OPTIMIZING HYPERPARAMETERS FOR REGRESSOR RF 	SEED: 6


Best parameters: OrderedDict([('regressor__regressor__max_depth', None), ('regressor__regressor__max_features', 'log2'), ('regressor__regressor__min_samples_leaf', 0.05), ('regressor__regressor__min_samples_split', 0.07808422437277002), ('regressor__regressor__n_estimators', 2000)])





OPTIMIZING HYPERPARAMETERS FOR REGRESSOR RF 	SEED: 6


Best parameters: OrderedDict([('regressor__regressor__max_depth', None), ('regressor__regressor__max_features', 'sqrt'), ('regressor__regressor__min_samples_leaf', 0.05), ('regressor__regressor__min_samples_split', 0.05), ('regressor__regressor__n_estimators', 2000)])





OPTIMIZING HYPERPARAMETERS FOR REGRESSOR RF 	SEED: 13


Best parameters: OrderedDict([('regressor__regressor__max_depth', None), ('regressor__regressor__max_features', 'log2'), ('regressor__regressor__min_samples_leaf', 0.05), ('regressor__regressor__min_samples_split', 0.13156596081889618), ('regressor__regressor__n_estimators', 50)])





OPTIMIZING HYPERPARAMETERS FOR REGRESSOR RF 	SEED: 13


Best parameters: OrderedDict([('regressor__regressor__max_depth', None), ('regressor__regressor__max_features', 'sqrt'), ('regressor__regressor__min_samples_leaf', 0.05), ('regressor__regressor__min_samples_split', 0.1842956017270312), ('regressor__regressor__n_estimators', 50)])





OPTIMIZING HYPERPARAMETERS FOR REGRESSOR RF 	SEED: 13


Best parameters: OrderedDict([('regressor__regressor__max_depth', None), ('regressor__regressor__max_features', 'log2'), ('regressor__regressor__min_samples_leaf', 0.05), ('regressor__regressor__min_samples_split', 0.0951993020345927), ('regressor__regressor__n_estimators', 2000)])





OPTIMIZING HYPERPARAMETERS FOR REGRESSOR RF 	SEED: 13


Best parameters: OrderedDict([('regressor__regressor__max_depth', None), ('regressor__regressor__max_features', 'log2'), ('regressor__regressor__min_samples_leaf', 0.05), ('regressor__regressor__min_samples_split', 0.14384063500579758), ('regressor__regressor__n_estimators', 50)])





OPTIMIZING HYPERPARAMETERS FOR REGRESSOR RF 	SEED: 13


Best parameters: OrderedDict([('regressor__regressor__max_depth', None), ('regressor__regressor__max_features', 'log2'), ('regressor__regressor__min_samples_leaf', 0.05), ('regressor__regressor__min_samples_split', 0.15957812351732437), ('regressor__regressor__n_estimators', 50)])





OPTIMIZING HYPERPARAMETERS FOR REGRESSOR RF 	SEED: 42


Best parameters: OrderedDict([('regressor__regressor__max_depth', None), ('regressor__regressor__max_features', 'log2'), ('regressor__regressor__min_samples_leaf', 0.05), ('regressor__regressor__min_samples_split', 0.09537354009717944), ('regressor__regressor__n_estimators', 50)])





OPTIMIZING HYPERPARAMETERS FOR REGRESSOR RF 	SEED: 42


Best parameters: OrderedDict([('regressor__regressor__max_depth', None), ('regressor__regressor__max_features', 'sqrt'), ('regressor__regressor__min_samples_leaf', 0.05), ('regressor__regressor__min_samples_split', 0.12539310505631962), ('regressor__regressor__n_estimators', 1857)])





OPTIMIZING HYPERPARAMETERS FOR REGRESSOR RF 	SEED: 42


Best parameters: OrderedDict([('regressor__regressor__max_depth', None), ('regressor__regressor__max_features', 'sqrt'), ('regressor__regressor__min_samples_leaf', 0.05), ('regressor__regressor__min_samples_split', 0.10020364455994016), ('regressor__regressor__n_estimators', 2000)])





OPTIMIZING HYPERPARAMETERS FOR REGRESSOR RF 	SEED: 42


Best parameters: OrderedDict([('regressor__regressor__max_depth', None), ('regressor__regressor__max_features', 'sqrt'), ('regressor__regressor__min_samples_leaf', 0.06338305622272429), ('regressor__regressor__min_samples_split', 0.30463927799603774), ('regressor__regressor__n_estimators', 2000)])





OPTIMIZING HYPERPARAMETERS FOR REGRESSOR RF 	SEED: 42


Best parameters: OrderedDict([('regressor__regressor__max_depth', None), ('regressor__regressor__max_features', 'sqrt'), ('regressor__regressor__min_samples_leaf', 0.05), ('regressor__regressor__min_samples_split', 0.06590197083168342), ('regressor__regressor__n_estimators', 50)])





OPTIMIZING HYPERPARAMETERS FOR REGRESSOR RF 	SEED: 69


Best parameters: OrderedDict([('regressor__regressor__max_depth', None), ('regressor__regressor__max_features', 'sqrt'), ('regressor__regressor__min_samples_leaf', 0.056736064649250566), ('regressor__regressor__min_samples_split', 0.22537655817942553), ('regressor__regressor__n_estimators', 72)])





OPTIMIZING HYPERPARAMETERS FOR REGRESSOR RF 	SEED: 69


Best parameters: OrderedDict([('regressor__regressor__max_depth', None), ('regressor__regressor__max_features', 'log2'), ('regressor__regressor__min_samples_leaf', 0.05), ('regressor__regressor__min_samples_split', 0.05), ('regressor__regressor__n_estimators', 110)])





OPTIMIZING HYPERPARAMETERS FOR REGRESSOR RF 	SEED: 69


Best parameters: OrderedDict([('regressor__regressor__max_depth', None), ('regressor__regressor__max_features', 'log2'), ('regressor__regressor__min_samples_leaf', 0.05), ('regressor__regressor__min_samples_split', 0.09343232914451491), ('regressor__regressor__n_estimators', 2000)])





OPTIMIZING HYPERPARAMETERS FOR REGRESSOR RF 	SEED: 69


Best parameters: OrderedDict([('regressor__regressor__max_depth', None), ('regressor__regressor__max_features', 'log2'), ('regressor__regressor__min_samples_leaf', 0.05), ('regressor__regressor__min_samples_split', 0.05), ('regressor__regressor__n_estimators', 50)])





OPTIMIZING HYPERPARAMETERS FOR REGRESSOR RF 	SEED: 69


Best parameters: OrderedDict([('regressor__regressor__max_depth', None), ('regressor__regressor__max_features', 'sqrt'), ('regressor__regressor__min_samples_leaf', 0.05), ('regressor__regressor__min_samples_split', 0.05), ('regressor__regressor__n_estimators', 50)])





OPTIMIZING HYPERPARAMETERS FOR REGRESSOR RF 	SEED: 420


Best parameters: OrderedDict([('regressor__regressor__max_depth', None), ('regressor__regressor__max_features', 'sqrt'), ('regressor__regressor__min_samples_leaf', 0.05), ('regressor__regressor__min_samples_split', 0.12960573793240393), ('regressor__regressor__n_estimators', 2000)])





OPTIMIZING HYPERPARAMETERS FOR REGRESSOR RF 	SEED: 420


Best parameters: OrderedDict([('regressor__regressor__max_depth', None), ('regressor__regressor__max_features', 'sqrt'), ('regressor__regressor__min_samples_leaf', 0.05), ('regressor__regressor__min_samples_split', 0.05), ('regressor__regressor__n_estimators', 268)])





OPTIMIZING HYPERPARAMETERS FOR REGRESSOR RF 	SEED: 420


Best parameters: OrderedDict([('regressor__regressor__max_depth', None), ('regressor__regressor__max_features', 'log2'), ('regressor__regressor__min_samples_leaf', 0.05), ('regressor__regressor__min_samples_split', 0.15734525845815323), ('regressor__regressor__n_estimators', 50)])





OPTIMIZING HYPERPARAMETERS FOR REGRESSOR RF 	SEED: 420


Best parameters: OrderedDict([('regressor__regressor__max_depth', None), ('regressor__regressor__max_features', 'sqrt'), ('regressor__regressor__min_samples_leaf', 0.05), ('regressor__regressor__min_samples_split', 0.12603293369228352), ('regressor__regressor__n_estimators', 2000)])





OPTIMIZING HYPERPARAMETERS FOR REGRESSOR RF 	SEED: 420


Best parameters: OrderedDict([('regressor__regressor__max_depth', None), ('regressor__regressor__max_features', 'log2'), ('regressor__regressor__min_samples_leaf', 0.05), ('regressor__regressor__min_samples_split', 0.12045756938662103), ('regressor__regressor__n_estimators', 2000)])





OPTIMIZING HYPERPARAMETERS FOR REGRESSOR RF 	SEED: 1234567890


Best parameters: OrderedDict([('regressor__regressor__max_depth', None), ('regressor__regressor__max_features', 'sqrt'), ('regressor__regressor__min_samples_leaf', 0.05), ('regressor__regressor__min_samples_split', 0.05), ('regressor__regressor__n_estimators', 50)])





OPTIMIZING HYPERPARAMETERS FOR REGRESSOR RF 	SEED: 1234567890


Best parameters: OrderedDict([('regressor__regressor__max_depth', None), ('regressor__regressor__max_features', 'log2'), ('regressor__regressor__min_samples_leaf', 0.05), ('regressor__regressor__min_samples_split', 0.05), ('regressor__regressor__n_estimators', 52)])





OPTIMIZING HYPERPARAMETERS FOR REGRESSOR RF 	SEED: 1234567890


Best parameters: OrderedDict([('regressor__regressor__max_depth', None), ('regressor__regressor__max_features', 'log2'), ('regressor__regressor__min_samples_leaf', 0.05399554195894346), ('regressor__regressor__min_samples_split', 0.054125710109891104), ('regressor__regressor__n_estimators', 320)])





OPTIMIZING HYPERPARAMETERS FOR REGRESSOR RF 	SEED: 1234567890


Best parameters: OrderedDict([('regressor__regressor__max_depth', None), ('regressor__regressor__max_features', 'sqrt'), ('regressor__regressor__min_samples_leaf', 0.05), ('regressor__regressor__min_samples_split', 0.1461213799698073), ('regressor__regressor__n_estimators', 2000)])





OPTIMIZING HYPERPARAMETERS FOR REGRESSOR RF 	SEED: 1234567890


Best parameters: OrderedDict([('regressor__regressor__max_depth', None), ('regressor__regressor__max_features', 'sqrt'), ('regressor__regressor__min_samples_leaf', 0.05), ('regressor__regressor__min_samples_split', 0.1308700013159816), ('regressor__regressor__n_estimators', 330)])





OPTIMIZING HYPERPARAMETERS FOR REGRESSOR RF 	SEED: 473129


Best parameters: OrderedDict([('regressor__regressor__max_depth', None), ('regressor__regressor__max_features', 'sqrt'), ('regressor__regressor__min_samples_leaf', 0.05), ('regressor__regressor__min_samples_split', 0.07195367653315823), ('regressor__regressor__n_estimators', 2000)])





OPTIMIZING HYPERPARAMETERS FOR REGRESSOR RF 	SEED: 473129


Best parameters: OrderedDict([('regressor__regressor__max_depth', None), ('regressor__regressor__max_features', 'log2'), ('regressor__regressor__min_samples_leaf', 0.05), ('regressor__regressor__min_samples_split', 0.09102395408662191), ('regressor__regressor__n_estimators', 50)])





OPTIMIZING HYPERPARAMETERS FOR REGRESSOR RF 	SEED: 473129


Best parameters: OrderedDict([('regressor__regressor__max_depth', None), ('regressor__regressor__max_features', 'sqrt'), ('regressor__regressor__min_samples_leaf', 0.05), ('regressor__regressor__min_samples_split', 0.12358637459271003), ('regressor__regressor__n_estimators', 50)])





OPTIMIZING HYPERPARAMETERS FOR REGRESSOR RF 	SEED: 473129


Best parameters: OrderedDict([('regressor__regressor__max_depth', None), ('regressor__regressor__max_features', 'sqrt'), ('regressor__regressor__min_samples_leaf', 0.05), ('regressor__regressor__min_samples_split', 0.05), ('regressor__regressor__n_estimators', 50)])





OPTIMIZING HYPERPARAMETERS FOR REGRESSOR RF 	SEED: 473129


Best parameters: OrderedDict([('regressor__regressor__max_depth', None), ('regressor__regressor__max_features', 'sqrt'), ('regressor__regressor__min_samples_leaf', 0.05), ('regressor__regressor__min_samples_split', 0.10991458991688144), ('regressor__regressor__n_estimators', 50)])


Average scores:	 r: 0.45±0.12	 r2: 0.17±0.12
Filename: (Mordred)_RF_Standard
Done Saving scores!

------------------------------------------------------------
Sender: LSF System <lsfadmin@c007n01>
Subject: Job 741568: <Mordred_RF_RRU Trimer_log Rg (nm)_20250327> in cluster <Hazel> Done

Job <Mordred_RF_RRU Trimer_log Rg (nm)_20250327> was submitted from host <c003n02> by user <sdehgha2> in cluster <Hazel> at Sat Apr  5 16:01:10 2025
Job was executed on host(s) <6*c007n01>, in queue <single_chassis>, as user <sdehgha2> in cluster <Hazel> at Sat Apr  5 16:01:11 2025
</home/sdehgha2> was used as the home directory.
</share/ddomlab/sdehgha2/working-space/main/P1_pls-dataset/pls-dataset-space/PLS-Dataset/code_/training/hpc_submit_training_Rh> was used as the working directory.
Started at Sat Apr  5 16:01:11 2025
Terminated at Sat Apr  5 16:43:17 2025
Results reported at Sat Apr  5 16:43:17 2025

Your job looked like:

------------------------------------------------------------
# LSBATCH: User input
          
#BSUB -n 6
#BSUB -W 25:01
#BSUB -R span[hosts=1]
#BSUB -R "rusage[mem=16GB]"
#BSUB -J "Mordred_RF_RRU Trimer_log Rg (nm)_20250327"  
#BSUB -o "/share/ddomlab/sdehgha2/working-space/main/P1_pls-dataset/pls-dataset-space/PLS-Dataset/results/hpc_20250327/Mordred_RF_RRU Trimer_log Rg (nm)_20250327.out"
#BSUB -e "/share/ddomlab/sdehgha2/working-space/main/P1_pls-dataset/pls-dataset-space/PLS-Dataset/results/hpc_20250327/Mordred_RF_RRU Trimer_log Rg (nm)_20250327.err"

source ~/.bashrc
conda activate /usr/local/usrapps/ddomlab/sdehgha2/pls-dataset-env
python ../train_structure_only.py --target_features "log Rg (nm)"                                   --representation "Mordred"                                   --regressor_type "RF"                                   --oligomer_representation "RRU Trimer" 

------------------------------------------------------------

Successfully completed.

Resource usage summary:

    CPU time :                                   6859.00 sec.
    Max Memory :                                 3 GB
    Average Memory :                             2.77 GB
    Total Requested Memory :                     16.00 GB
    Delta Memory :                               13.00 GB
    Max Swap :                                   -
    Max Processes :                              38
    Max Threads :                                41
    Run time :                                   2541 sec.
    Turnaround time :                            2527 sec.

The output (if any) is above this job summary.



PS:

Read file </share/ddomlab/sdehgha2/working-space/main/P1_pls-dataset/pls-dataset-space/PLS-Dataset/results/hpc_20250327/Mordred_RF_RRU Trimer_log Rg (nm)_20250327.err> for stderr output of this job.




OPTIMIZING HYPERPARAMETERS FOR REGRESSOR RF 	SEED: 6


Best parameters: OrderedDict([('regressor__regressor__max_depth', None), ('regressor__regressor__max_features', None), ('regressor__regressor__min_samples_leaf', 0.001), ('regressor__regressor__min_samples_split', 0.14770837836623993), ('regressor__regressor__n_estimators', 2000)])





OPTIMIZING HYPERPARAMETERS FOR REGRESSOR RF 	SEED: 6


Best parameters: OrderedDict([('regressor__regressor__max_depth', None), ('regressor__regressor__max_features', 'sqrt'), ('regressor__regressor__min_samples_leaf', 0.001), ('regressor__regressor__min_samples_split', 0.05497859078599156), ('regressor__regressor__n_estimators', 10)])





OPTIMIZING HYPERPARAMETERS FOR REGRESSOR RF 	SEED: 6


Best parameters: OrderedDict([('regressor__regressor__max_depth', None), ('regressor__regressor__max_features', None), ('regressor__regressor__min_samples_leaf', 0.001), ('regressor__regressor__min_samples_split', 0.11862705421888987), ('regressor__regressor__n_estimators', 2000)])





OPTIMIZING HYPERPARAMETERS FOR REGRESSOR RF 	SEED: 6


Best parameters: OrderedDict([('regressor__regressor__max_depth', None), ('regressor__regressor__max_features', None), ('regressor__regressor__min_samples_leaf', 0.002070078028955971), ('regressor__regressor__min_samples_split', 0.02205861511313586), ('regressor__regressor__n_estimators', 17)])





OPTIMIZING HYPERPARAMETERS FOR REGRESSOR RF 	SEED: 6


Best parameters: OrderedDict([('regressor__regressor__max_depth', None), ('regressor__regressor__max_features', None), ('regressor__regressor__min_samples_leaf', 0.001), ('regressor__regressor__min_samples_split', 0.14427745586236665), ('regressor__regressor__n_estimators', 2000)])





OPTIMIZING HYPERPARAMETERS FOR REGRESSOR RF 	SEED: 13


Best parameters: OrderedDict([('regressor__regressor__max_depth', None), ('regressor__regressor__max_features', 'log2'), ('regressor__regressor__min_samples_leaf', 0.001), ('regressor__regressor__min_samples_split', 0.07016300236443654), ('regressor__regressor__n_estimators', 180)])





OPTIMIZING HYPERPARAMETERS FOR REGRESSOR RF 	SEED: 13


Best parameters: OrderedDict([('regressor__regressor__max_depth', None), ('regressor__regressor__max_features', None), ('regressor__regressor__min_samples_leaf', 0.001), ('regressor__regressor__min_samples_split', 0.001), ('regressor__regressor__n_estimators', 2000)])





OPTIMIZING HYPERPARAMETERS FOR REGRESSOR RF 	SEED: 13


Best parameters: OrderedDict([('regressor__regressor__max_depth', None), ('regressor__regressor__max_features', 'sqrt'), ('regressor__regressor__min_samples_leaf', 0.001), ('regressor__regressor__min_samples_split', 0.001), ('regressor__regressor__n_estimators', 10)])





OPTIMIZING HYPERPARAMETERS FOR REGRESSOR RF 	SEED: 13


Best parameters: OrderedDict([('regressor__regressor__max_depth', None), ('regressor__regressor__max_features', 'log2'), ('regressor__regressor__min_samples_leaf', 0.001), ('regressor__regressor__min_samples_split', 0.023429410112603175), ('regressor__regressor__n_estimators', 193)])





OPTIMIZING HYPERPARAMETERS FOR REGRESSOR RF 	SEED: 13


Best parameters: OrderedDict([('regressor__regressor__max_depth', None), ('regressor__regressor__max_features', 'log2'), ('regressor__regressor__min_samples_leaf', 0.001), ('regressor__regressor__min_samples_split', 0.1321384073876496), ('regressor__regressor__n_estimators', 2000)])





OPTIMIZING HYPERPARAMETERS FOR REGRESSOR RF 	SEED: 42


Best parameters: OrderedDict([('regressor__regressor__max_depth', None), ('regressor__regressor__max_features', 'log2'), ('regressor__regressor__min_samples_leaf', 0.001), ('regressor__regressor__min_samples_split', 0.056802778459047236), ('regressor__regressor__n_estimators', 2000)])





OPTIMIZING HYPERPARAMETERS FOR REGRESSOR RF 	SEED: 42


Best parameters: OrderedDict([('regressor__regressor__max_depth', None), ('regressor__regressor__max_features', 'sqrt'), ('regressor__regressor__min_samples_leaf', 0.001), ('regressor__regressor__min_samples_split', 0.13323215833224467), ('regressor__regressor__n_estimators', 2000)])





OPTIMIZING HYPERPARAMETERS FOR REGRESSOR RF 	SEED: 42


Best parameters: OrderedDict([('regressor__regressor__max_depth', None), ('regressor__regressor__max_features', 'sqrt'), ('regressor__regressor__min_samples_leaf', 0.001), ('regressor__regressor__min_samples_split', 0.001), ('regressor__regressor__n_estimators', 2000)])





OPTIMIZING HYPERPARAMETERS FOR REGRESSOR RF 	SEED: 42


Best parameters: OrderedDict([('regressor__regressor__max_depth', None), ('regressor__regressor__max_features', None), ('regressor__regressor__min_samples_leaf', 0.001), ('regressor__regressor__min_samples_split', 0.08163004279221094), ('regressor__regressor__n_estimators', 2000)])





OPTIMIZING HYPERPARAMETERS FOR REGRESSOR RF 	SEED: 42


Best parameters: OrderedDict([('regressor__regressor__max_depth', None), ('regressor__regressor__max_features', 'log2'), ('regressor__regressor__min_samples_leaf', 0.001), ('regressor__regressor__min_samples_split', 0.001), ('regressor__regressor__n_estimators', 10)])





OPTIMIZING HYPERPARAMETERS FOR REGRESSOR RF 	SEED: 69


Best parameters: OrderedDict([('regressor__regressor__max_depth', None), ('regressor__regressor__max_features', 'sqrt'), ('regressor__regressor__min_samples_leaf', 0.001), ('regressor__regressor__min_samples_split', 0.07976120670488275), ('regressor__regressor__n_estimators', 10)])





OPTIMIZING HYPERPARAMETERS FOR REGRESSOR RF 	SEED: 69


Best parameters: OrderedDict([('regressor__regressor__max_depth', None), ('regressor__regressor__max_features', 'log2'), ('regressor__regressor__min_samples_leaf', 0.001), ('regressor__regressor__min_samples_split', 0.12683550918781425), ('regressor__regressor__n_estimators', 10)])





OPTIMIZING HYPERPARAMETERS FOR REGRESSOR RF 	SEED: 69


Best parameters: OrderedDict([('regressor__regressor__max_depth', None), ('regressor__regressor__max_features', 'sqrt'), ('regressor__regressor__min_samples_leaf', 0.001), ('regressor__regressor__min_samples_split', 0.001), ('regressor__regressor__n_estimators', 601)])





OPTIMIZING HYPERPARAMETERS FOR REGRESSOR RF 	SEED: 69


Best parameters: OrderedDict([('regressor__regressor__max_depth', None), ('regressor__regressor__max_features', 'log2'), ('regressor__regressor__min_samples_leaf', 0.001), ('regressor__regressor__min_samples_split', 0.001), ('regressor__regressor__n_estimators', 10)])





OPTIMIZING HYPERPARAMETERS FOR REGRESSOR RF 	SEED: 69


Best parameters: OrderedDict([('regressor__regressor__max_depth', None), ('regressor__regressor__max_features', 'log2'), ('regressor__regressor__min_samples_leaf', 0.001), ('regressor__regressor__min_samples_split', 0.04522525885929915), ('regressor__regressor__n_estimators', 10)])





OPTIMIZING HYPERPARAMETERS FOR REGRESSOR RF 	SEED: 420


Best parameters: OrderedDict([('regressor__regressor__max_depth', None), ('regressor__regressor__max_features', 'sqrt'), ('regressor__regressor__min_samples_leaf', 0.001163868299256139), ('regressor__regressor__min_samples_split', 0.009013638390288563), ('regressor__regressor__n_estimators', 481)])





OPTIMIZING HYPERPARAMETERS FOR REGRESSOR RF 	SEED: 420


Best parameters: OrderedDict([('regressor__regressor__max_depth', None), ('regressor__regressor__max_features', 'log2'), ('regressor__regressor__min_samples_leaf', 0.001), ('regressor__regressor__min_samples_split', 0.07773840068197835), ('regressor__regressor__n_estimators', 38)])





OPTIMIZING HYPERPARAMETERS FOR REGRESSOR RF 	SEED: 420


Best parameters: OrderedDict([('regressor__regressor__max_depth', None), ('regressor__regressor__max_features', None), ('regressor__regressor__min_samples_leaf', 0.001), ('regressor__regressor__min_samples_split', 0.07818470429961993), ('regressor__regressor__n_estimators', 10)])





OPTIMIZING HYPERPARAMETERS FOR REGRESSOR RF 	SEED: 420


Best parameters: OrderedDict([('regressor__regressor__max_depth', None), ('regressor__regressor__max_features', None), ('regressor__regressor__min_samples_leaf', 0.003255548112849408), ('regressor__regressor__min_samples_split', 0.004696847119355568), ('regressor__regressor__n_estimators', 1376)])





OPTIMIZING HYPERPARAMETERS FOR REGRESSOR RF 	SEED: 420


Best parameters: OrderedDict([('regressor__regressor__max_depth', None), ('regressor__regressor__max_features', 'sqrt'), ('regressor__regressor__min_samples_leaf', 0.001), ('regressor__regressor__min_samples_split', 0.13137817701599425), ('regressor__regressor__n_estimators', 2000)])





OPTIMIZING HYPERPARAMETERS FOR REGRESSOR RF 	SEED: 1234567890


Best parameters: OrderedDict([('regressor__regressor__max_depth', None), ('regressor__regressor__max_features', 'sqrt'), ('regressor__regressor__min_samples_leaf', 0.001), ('regressor__regressor__min_samples_split', 0.001), ('regressor__regressor__n_estimators', 10)])





OPTIMIZING HYPERPARAMETERS FOR REGRESSOR RF 	SEED: 1234567890


Best parameters: OrderedDict([('regressor__regressor__max_depth', None), ('regressor__regressor__max_features', 'log2'), ('regressor__regressor__min_samples_leaf', 0.001), ('regressor__regressor__min_samples_split', 0.001), ('regressor__regressor__n_estimators', 10)])





OPTIMIZING HYPERPARAMETERS FOR REGRESSOR RF 	SEED: 1234567890


Best parameters: OrderedDict([('regressor__regressor__max_depth', None), ('regressor__regressor__max_features', 'log2'), ('regressor__regressor__min_samples_leaf', 0.001), ('regressor__regressor__min_samples_split', 0.001), ('regressor__regressor__n_estimators', 10)])





OPTIMIZING HYPERPARAMETERS FOR REGRESSOR RF 	SEED: 1234567890


Best parameters: OrderedDict([('regressor__regressor__max_depth', None), ('regressor__regressor__max_features', 'log2'), ('regressor__regressor__min_samples_leaf', 0.001), ('regressor__regressor__min_samples_split', 0.001), ('regressor__regressor__n_estimators', 10)])





OPTIMIZING HYPERPARAMETERS FOR REGRESSOR RF 	SEED: 1234567890


Best parameters: OrderedDict([('regressor__regressor__max_depth', None), ('regressor__regressor__max_features', 'log2'), ('regressor__regressor__min_samples_leaf', 0.001), ('regressor__regressor__min_samples_split', 0.001), ('regressor__regressor__n_estimators', 80)])





OPTIMIZING HYPERPARAMETERS FOR REGRESSOR RF 	SEED: 473129


Best parameters: OrderedDict([('regressor__regressor__max_depth', None), ('regressor__regressor__max_features', 'log2'), ('regressor__regressor__min_samples_leaf', 0.001), ('regressor__regressor__min_samples_split', 0.001), ('regressor__regressor__n_estimators', 10)])





OPTIMIZING HYPERPARAMETERS FOR REGRESSOR RF 	SEED: 473129


Best parameters: OrderedDict([('regressor__regressor__max_depth', None), ('regressor__regressor__max_features', 'log2'), ('regressor__regressor__min_samples_leaf', 0.001), ('regressor__regressor__min_samples_split', 0.08342659790780835), ('regressor__regressor__n_estimators', 10)])





OPTIMIZING HYPERPARAMETERS FOR REGRESSOR RF 	SEED: 473129


Best parameters: OrderedDict([('regressor__regressor__max_depth', None), ('regressor__regressor__max_features', 'log2'), ('regressor__regressor__min_samples_leaf', 0.001), ('regressor__regressor__min_samples_split', 0.001), ('regressor__regressor__n_estimators', 2000)])





OPTIMIZING HYPERPARAMETERS FOR REGRESSOR RF 	SEED: 473129


Best parameters: OrderedDict([('regressor__regressor__max_depth', None), ('regressor__regressor__max_features', 'sqrt'), ('regressor__regressor__min_samples_leaf', 0.001), ('regressor__regressor__min_samples_split', 0.001), ('regressor__regressor__n_estimators', 34)])





OPTIMIZING HYPERPARAMETERS FOR REGRESSOR RF 	SEED: 473129


Best parameters: OrderedDict([('regressor__regressor__max_depth', None), ('regressor__regressor__max_features', 'sqrt'), ('regressor__regressor__min_samples_leaf', 0.001), ('regressor__regressor__min_samples_split', 0.001), ('regressor__regressor__n_estimators', 10)])


Average scores:	 r: 0.47±0.12	 r2: 0.19±0.13
Filename: (Mordred)_RF_Standard
Done Saving scores!

------------------------------------------------------------
Sender: LSF System <lsfadmin@c011n03>
Subject: Job 567950: <Mordred_RF_RRU Trimer_log Rg (nm)_20250327> in cluster <Hazel> Done

Job <Mordred_RF_RRU Trimer_log Rg (nm)_20250327> was submitted from host <c205n12> by user <sdehgha2> in cluster <Hazel> at Mon May 26 14:12:29 2025
Job was executed on host(s) <6*c011n03>, in queue <single_chassis>, as user <sdehgha2> in cluster <Hazel> at Mon May 26 14:46:08 2025
</home/sdehgha2> was used as the home directory.
</share/ddomlab/sdehgha2/working-space/main/P1_pls-dataset/pls-dataset-space/PLS-Dataset/code_/training/hpc_submit_training_Rh> was used as the working directory.
Started at Mon May 26 14:46:08 2025
Terminated at Mon May 26 15:49:19 2025
Results reported at Mon May 26 15:49:19 2025

Your job looked like:

------------------------------------------------------------
# LSBATCH: User input
          
#BSUB -n 6
#BSUB -W 30:01
#BSUB -R span[hosts=1]
#BSUB -R "rusage[mem=16GB]"
#BSUB -J "Mordred_RF_RRU Trimer_log Rg (nm)_20250327"  
#BSUB -o "/share/ddomlab/sdehgha2/working-space/main/P1_pls-dataset/pls-dataset-space/PLS-Dataset/results/hpc_20250327/Mordred_RF_RRU Trimer_log Rg (nm)_20250327.out"
#BSUB -e "/share/ddomlab/sdehgha2/working-space/main/P1_pls-dataset/pls-dataset-space/PLS-Dataset/results/hpc_20250327/Mordred_RF_RRU Trimer_log Rg (nm)_20250327.err"

source ~/.bashrc
conda activate /usr/local/usrapps/ddomlab/sdehgha2/pls-dataset-env
python ../train_structure_only.py --target_features "log Rg (nm)"                                   --representation "Mordred"                                   --regressor_type "RF"                                   --oligomer_representation "RRU Trimer" 

------------------------------------------------------------

Successfully completed.

Resource usage summary:

    CPU time :                                   12961.00 sec.
    Max Memory :                                 3 GB
    Average Memory :                             2.93 GB
    Total Requested Memory :                     16.00 GB
    Delta Memory :                               13.00 GB
    Max Swap :                                   -
    Max Processes :                              38
    Max Threads :                                41
    Run time :                                   3791 sec.
    Turnaround time :                            5810 sec.

The output (if any) is above this job summary.



PS:

Read file </share/ddomlab/sdehgha2/working-space/main/P1_pls-dataset/pls-dataset-space/PLS-Dataset/results/hpc_20250327/Mordred_RF_RRU Trimer_log Rg (nm)_20250327.err> for stderr output of this job.

