


-------------------------------------------------- 
OOD TEST ON Fluorene



-------------------------------------------------- 
OPTIMIZING HYPERPARAMETERS FOR REGRESSOR XGBR 	SEED: 6


Best parameters: OrderedDict([('regressor__regressor__learning_rate', 0.0026393854174401278), ('regressor__regressor__max_depth', 56), ('regressor__regressor__n_estimators', 1993), ('regressor__regressor__n_jobs', -2)])




Best parameters: OrderedDict([('regressor__regressor__learning_rate', 0.04532904524826377), ('regressor__regressor__max_depth', 10000), ('regressor__regressor__n_estimators', 213), ('regressor__regressor__n_jobs', -2)])




Best parameters: OrderedDict([('regressor__regressor__learning_rate', 0.05801260073815303), ('regressor__regressor__max_depth', 10000), ('regressor__regressor__n_estimators', 133), ('regressor__regressor__n_jobs', -2)])




Best parameters: OrderedDict([('regressor__regressor__learning_rate', 0.06527570007880805), ('regressor__regressor__max_depth', 10000), ('regressor__regressor__n_estimators', 50), ('regressor__regressor__n_jobs', -2)])




Best parameters: OrderedDict([('regressor__regressor__learning_rate', 0.011426901853168721), ('regressor__regressor__max_depth', 10), ('regressor__regressor__n_estimators', 361), ('regressor__regressor__n_jobs', -2)])





OPTIMIZING HYPERPARAMETERS FOR REGRESSOR XGBR 	SEED: 6


Best parameters: OrderedDict([('regressor__regressor__learning_rate', 0.056283355109370284), ('regressor__regressor__max_depth', 10), ('regressor__regressor__n_estimators', 2000), ('regressor__regressor__n_jobs', -2)])





OPTIMIZING HYPERPARAMETERS FOR REGRESSOR XGBR 	SEED: 6


Best parameters: OrderedDict([('regressor__regressor__learning_rate', 0.0019512826266672874), ('regressor__regressor__max_depth', 9221), ('regressor__regressor__n_estimators', 2000), ('regressor__regressor__n_jobs', -2)])





OPTIMIZING HYPERPARAMETERS FOR REGRESSOR XGBR 	SEED: 6


Best parameters: OrderedDict([('regressor__regressor__learning_rate', 0.06907556094711755), ('regressor__regressor__max_depth', 10), ('regressor__regressor__n_estimators', 606), ('regressor__regressor__n_jobs', -2)])





OPTIMIZING HYPERPARAMETERS FOR REGRESSOR XGBR 	SEED: 6


Best parameters: OrderedDict([('regressor__regressor__learning_rate', 0.08646479880356304), ('regressor__regressor__max_depth', 2326), ('regressor__regressor__n_estimators', 847), ('regressor__regressor__n_jobs', -2)])





OPTIMIZING HYPERPARAMETERS FOR REGRESSOR XGBR 	SEED: 6


Best parameters: OrderedDict([('regressor__regressor__learning_rate', 0.08646479880356304), ('regressor__regressor__max_depth', 2326), ('regressor__regressor__n_estimators', 847), ('regressor__regressor__n_jobs', -2)])





-------------------------------------------------- 
OPTIMIZING HYPERPARAMETERS FOR REGRESSOR XGBR 	SEED: 13


Best parameters: OrderedDict([('regressor__regressor__learning_rate', 0.1), ('regressor__regressor__max_depth', 10), ('regressor__regressor__n_estimators', 1475), ('regressor__regressor__n_jobs', -2)])




Best parameters: OrderedDict([('regressor__regressor__learning_rate', 0.07693173041362837), ('regressor__regressor__max_depth', 269), ('regressor__regressor__n_estimators', 289), ('regressor__regressor__n_jobs', -2)])




Best parameters: OrderedDict([('regressor__regressor__learning_rate', 0.023717094553171916), ('regressor__regressor__max_depth', 10000), ('regressor__regressor__n_estimators', 574), ('regressor__regressor__n_jobs', -2)])




Best parameters: OrderedDict([('regressor__regressor__learning_rate', 0.03304146951432184), ('regressor__regressor__max_depth', 10), ('regressor__regressor__n_estimators', 253), ('regressor__regressor__n_jobs', -2)])




Best parameters: OrderedDict([('regressor__regressor__learning_rate', 0.1), ('regressor__regressor__max_depth', 10000), ('regressor__regressor__n_estimators', 2000), ('regressor__regressor__n_jobs', -2)])





OPTIMIZING HYPERPARAMETERS FOR REGRESSOR XGBR 	SEED: 13


Best parameters: OrderedDict([('regressor__regressor__learning_rate', 0.1), ('regressor__regressor__max_depth', 10000), ('regressor__regressor__n_estimators', 264), ('regressor__regressor__n_jobs', -2)])





OPTIMIZING HYPERPARAMETERS FOR REGRESSOR XGBR 	SEED: 13


Best parameters: OrderedDict([('regressor__regressor__learning_rate', 0.0682789983313779), ('regressor__regressor__max_depth', 10000), ('regressor__regressor__n_estimators', 75), ('regressor__regressor__n_jobs', -2)])





OPTIMIZING HYPERPARAMETERS FOR REGRESSOR XGBR 	SEED: 13


Best parameters: OrderedDict([('regressor__regressor__learning_rate', 0.07693173041362837), ('regressor__regressor__max_depth', 269), ('regressor__regressor__n_estimators', 289), ('regressor__regressor__n_jobs', -2)])





OPTIMIZING HYPERPARAMETERS FOR REGRESSOR XGBR 	SEED: 13


Best parameters: OrderedDict([('regressor__regressor__learning_rate', 0.03264432224110693), ('regressor__regressor__max_depth', 10), ('regressor__regressor__n_estimators', 2000), ('regressor__regressor__n_jobs', -2)])





OPTIMIZING HYPERPARAMETERS FOR REGRESSOR XGBR 	SEED: 13


Best parameters: OrderedDict([('regressor__regressor__learning_rate', 0.024726530838943554), ('regressor__regressor__max_depth', 10000), ('regressor__regressor__n_estimators', 377), ('regressor__regressor__n_jobs', -2)])





-------------------------------------------------- 
OPTIMIZING HYPERPARAMETERS FOR REGRESSOR XGBR 	SEED: 42


Best parameters: OrderedDict([('regressor__regressor__learning_rate', 0.07904694567088187), ('regressor__regressor__max_depth', 10000), ('regressor__regressor__n_estimators', 50), ('regressor__regressor__n_jobs', -2)])




Best parameters: OrderedDict([('regressor__regressor__learning_rate', 0.1), ('regressor__regressor__max_depth', 10000), ('regressor__regressor__n_estimators', 1507), ('regressor__regressor__n_jobs', -2)])




Best parameters: OrderedDict([('regressor__regressor__learning_rate', 0.04258879296887694), ('regressor__regressor__max_depth', 10), ('regressor__regressor__n_estimators', 217), ('regressor__regressor__n_jobs', -2)])




Best parameters: OrderedDict([('regressor__regressor__learning_rate', 0.06829534855736688), ('regressor__regressor__max_depth', 10000), ('regressor__regressor__n_estimators', 177), ('regressor__regressor__n_jobs', -2)])




Best parameters: OrderedDict([('regressor__regressor__learning_rate', 0.1), ('regressor__regressor__max_depth', 10), ('regressor__regressor__n_estimators', 68), ('regressor__regressor__n_jobs', -2)])





OPTIMIZING HYPERPARAMETERS FOR REGRESSOR XGBR 	SEED: 42


Best parameters: OrderedDict([('regressor__regressor__learning_rate', 0.1), ('regressor__regressor__max_depth', 1787), ('regressor__regressor__n_estimators', 50), ('regressor__regressor__n_jobs', -2)])





OPTIMIZING HYPERPARAMETERS FOR REGRESSOR XGBR 	SEED: 42


Best parameters: OrderedDict([('regressor__regressor__learning_rate', 0.05300665147978207), ('regressor__regressor__max_depth', 10), ('regressor__regressor__n_estimators', 73), ('regressor__regressor__n_jobs', -2)])





OPTIMIZING HYPERPARAMETERS FOR REGRESSOR XGBR 	SEED: 42


Best parameters: OrderedDict([('regressor__regressor__learning_rate', 0.05902233172972582), ('regressor__regressor__max_depth', 6715), ('regressor__regressor__n_estimators', 446), ('regressor__regressor__n_jobs', -2)])





OPTIMIZING HYPERPARAMETERS FOR REGRESSOR XGBR 	SEED: 42


Best parameters: OrderedDict([('regressor__regressor__learning_rate', 0.07618295416032834), ('regressor__regressor__max_depth', 10), ('regressor__regressor__n_estimators', 1134), ('regressor__regressor__n_jobs', -2)])





OPTIMIZING HYPERPARAMETERS FOR REGRESSOR XGBR 	SEED: 42


Best parameters: OrderedDict([('regressor__regressor__learning_rate', 0.0021085179113075805), ('regressor__regressor__max_depth', 10), ('regressor__regressor__n_estimators', 2000), ('regressor__regressor__n_jobs', -2)])





-------------------------------------------------- 
OPTIMIZING HYPERPARAMETERS FOR REGRESSOR XGBR 	SEED: 69


Best parameters: OrderedDict([('regressor__regressor__learning_rate', 0.043787655158566786), ('regressor__regressor__max_depth', 10), ('regressor__regressor__n_estimators', 737), ('regressor__regressor__n_jobs', -2)])




Best parameters: OrderedDict([('regressor__regressor__learning_rate', 0.07386809092707072), ('regressor__regressor__max_depth', 10000), ('regressor__regressor__n_estimators', 285), ('regressor__regressor__n_jobs', -2)])




Best parameters: OrderedDict([('regressor__regressor__learning_rate', 0.011334460262272673), ('regressor__regressor__max_depth', 10), ('regressor__regressor__n_estimators', 504), ('regressor__regressor__n_jobs', -2)])




Best parameters: OrderedDict([('regressor__regressor__learning_rate', 0.1), ('regressor__regressor__max_depth', 10), ('regressor__regressor__n_estimators', 1313), ('regressor__regressor__n_jobs', -2)])




Best parameters: OrderedDict([('regressor__regressor__learning_rate', 0.06747330196603313), ('regressor__regressor__max_depth', 10), ('regressor__regressor__n_estimators', 674), ('regressor__regressor__n_jobs', -2)])





OPTIMIZING HYPERPARAMETERS FOR REGRESSOR XGBR 	SEED: 69


Best parameters: OrderedDict([('regressor__regressor__learning_rate', 0.06489296390208643), ('regressor__regressor__max_depth', 10), ('regressor__regressor__n_estimators', 85), ('regressor__regressor__n_jobs', -2)])





OPTIMIZING HYPERPARAMETERS FOR REGRESSOR XGBR 	SEED: 69


Best parameters: OrderedDict([('regressor__regressor__learning_rate', 0.058192910113474015), ('regressor__regressor__max_depth', 10), ('regressor__regressor__n_estimators', 78), ('regressor__regressor__n_jobs', -2)])





OPTIMIZING HYPERPARAMETERS FOR REGRESSOR XGBR 	SEED: 69


Best parameters: OrderedDict([('regressor__regressor__learning_rate', 0.1), ('regressor__regressor__max_depth', 10), ('regressor__regressor__n_estimators', 82), ('regressor__regressor__n_jobs', -2)])





OPTIMIZING HYPERPARAMETERS FOR REGRESSOR XGBR 	SEED: 69


Best parameters: OrderedDict([('regressor__regressor__learning_rate', 0.09584253905901624), ('regressor__regressor__max_depth', 16), ('regressor__regressor__n_estimators', 254), ('regressor__regressor__n_jobs', -2)])





OPTIMIZING HYPERPARAMETERS FOR REGRESSOR XGBR 	SEED: 69


Best parameters: OrderedDict([('regressor__regressor__learning_rate', 0.006779386205473325), ('regressor__regressor__max_depth', 10000), ('regressor__regressor__n_estimators', 2000), ('regressor__regressor__n_jobs', -2)])





-------------------------------------------------- 
OPTIMIZING HYPERPARAMETERS FOR REGRESSOR XGBR 	SEED: 420


Best parameters: OrderedDict([('regressor__regressor__learning_rate', 0.07032884884716782), ('regressor__regressor__max_depth', 10), ('regressor__regressor__n_estimators', 447), ('regressor__regressor__n_jobs', -2)])




Best parameters: OrderedDict([('regressor__regressor__learning_rate', 0.061155614211486735), ('regressor__regressor__max_depth', 10), ('regressor__regressor__n_estimators', 1763), ('regressor__regressor__n_jobs', -2)])




Best parameters: OrderedDict([('regressor__regressor__learning_rate', 0.1), ('regressor__regressor__max_depth', 10000), ('regressor__regressor__n_estimators', 2000), ('regressor__regressor__n_jobs', -2)])




Best parameters: OrderedDict([('regressor__regressor__learning_rate', 0.1), ('regressor__regressor__max_depth', 10), ('regressor__regressor__n_estimators', 75), ('regressor__regressor__n_jobs', -2)])




Best parameters: OrderedDict([('regressor__regressor__learning_rate', 0.056533063543080034), ('regressor__regressor__max_depth', 10000), ('regressor__regressor__n_estimators', 193), ('regressor__regressor__n_jobs', -2)])





OPTIMIZING HYPERPARAMETERS FOR REGRESSOR XGBR 	SEED: 420


Best parameters: OrderedDict([('regressor__regressor__learning_rate', 0.04310871137003811), ('regressor__regressor__max_depth', 10), ('regressor__regressor__n_estimators', 2000), ('regressor__regressor__n_jobs', -2)])





OPTIMIZING HYPERPARAMETERS FOR REGRESSOR XGBR 	SEED: 420


Best parameters: OrderedDict([('regressor__regressor__learning_rate', 0.026675816204708467), ('regressor__regressor__max_depth', 10), ('regressor__regressor__n_estimators', 373), ('regressor__regressor__n_jobs', -2)])





OPTIMIZING HYPERPARAMETERS FOR REGRESSOR XGBR 	SEED: 420


Best parameters: OrderedDict([('regressor__regressor__learning_rate', 0.0020244738864353654), ('regressor__regressor__max_depth', 10000), ('regressor__regressor__n_estimators', 2000), ('regressor__regressor__n_jobs', -2)])





OPTIMIZING HYPERPARAMETERS FOR REGRESSOR XGBR 	SEED: 420


Best parameters: OrderedDict([('regressor__regressor__learning_rate', 0.006286647325337527), ('regressor__regressor__max_depth', 10), ('regressor__regressor__n_estimators', 698), ('regressor__regressor__n_jobs', -2)])





OPTIMIZING HYPERPARAMETERS FOR REGRESSOR XGBR 	SEED: 420


Best parameters: OrderedDict([('regressor__regressor__learning_rate', 0.060740676690904945), ('regressor__regressor__max_depth', 10), ('regressor__regressor__n_estimators', 591), ('regressor__regressor__n_jobs', -2)])





-------------------------------------------------- 
OPTIMIZING HYPERPARAMETERS FOR REGRESSOR XGBR 	SEED: 1234567890


Best parameters: OrderedDict([('regressor__regressor__learning_rate', 0.06408034793397319), ('regressor__regressor__max_depth', 10), ('regressor__regressor__n_estimators', 146), ('regressor__regressor__n_jobs', -2)])




Best parameters: OrderedDict([('regressor__regressor__learning_rate', 0.060314679410072784), ('regressor__regressor__max_depth', 10), ('regressor__regressor__n_estimators', 1365), ('regressor__regressor__n_jobs', -2)])




Best parameters: OrderedDict([('regressor__regressor__learning_rate', 0.06433755325795296), ('regressor__regressor__max_depth', 10), ('regressor__regressor__n_estimators', 383), ('regressor__regressor__n_jobs', -2)])




Best parameters: OrderedDict([('regressor__regressor__learning_rate', 0.1), ('regressor__regressor__max_depth', 10), ('regressor__regressor__n_estimators', 493), ('regressor__regressor__n_jobs', -2)])




Best parameters: OrderedDict([('regressor__regressor__learning_rate', 0.06873722954529879), ('regressor__regressor__max_depth', 10), ('regressor__regressor__n_estimators', 384), ('regressor__regressor__n_jobs', -2)])





OPTIMIZING HYPERPARAMETERS FOR REGRESSOR XGBR 	SEED: 1234567890


Best parameters: OrderedDict([('regressor__regressor__learning_rate', 0.1), ('regressor__regressor__max_depth', 10), ('regressor__regressor__n_estimators', 102), ('regressor__regressor__n_jobs', -2)])





OPTIMIZING HYPERPARAMETERS FOR REGRESSOR XGBR 	SEED: 1234567890


Best parameters: OrderedDict([('regressor__regressor__learning_rate', 0.08875741267752685), ('regressor__regressor__max_depth', 10), ('regressor__regressor__n_estimators', 1534), ('regressor__regressor__n_jobs', -2)])





OPTIMIZING HYPERPARAMETERS FOR REGRESSOR XGBR 	SEED: 1234567890


Best parameters: OrderedDict([('regressor__regressor__learning_rate', 0.1), ('regressor__regressor__max_depth', 10000), ('regressor__regressor__n_estimators', 183), ('regressor__regressor__n_jobs', -2)])





OPTIMIZING HYPERPARAMETERS FOR REGRESSOR XGBR 	SEED: 1234567890


Best parameters: OrderedDict([('regressor__regressor__learning_rate', 0.00925301141650543), ('regressor__regressor__max_depth', 10000), ('regressor__regressor__n_estimators', 1163), ('regressor__regressor__n_jobs', -2)])





OPTIMIZING HYPERPARAMETERS FOR REGRESSOR XGBR 	SEED: 1234567890


Best parameters: OrderedDict([('regressor__regressor__learning_rate', 0.062125890558834405), ('regressor__regressor__max_depth', 10), ('regressor__regressor__n_estimators', 2000), ('regressor__regressor__n_jobs', -2)])





-------------------------------------------------- 
OPTIMIZING HYPERPARAMETERS FOR REGRESSOR XGBR 	SEED: 473129


Best parameters: OrderedDict([('regressor__regressor__learning_rate', 0.0727880237480246), ('regressor__regressor__max_depth', 502), ('regressor__regressor__n_estimators', 56), ('regressor__regressor__n_jobs', -2)])




Best parameters: OrderedDict([('regressor__regressor__learning_rate', 0.09664457568322532), ('regressor__regressor__max_depth', 10000), ('regressor__regressor__n_estimators', 69), ('regressor__regressor__n_jobs', -2)])




Best parameters: OrderedDict([('regressor__regressor__learning_rate', 0.05703932834663003), ('regressor__regressor__max_depth', 10), ('regressor__regressor__n_estimators', 2000), ('regressor__regressor__n_jobs', -2)])




Best parameters: OrderedDict([('regressor__regressor__learning_rate', 0.1), ('regressor__regressor__max_depth', 10000), ('regressor__regressor__n_estimators', 901), ('regressor__regressor__n_jobs', -2)])




Best parameters: OrderedDict([('regressor__regressor__learning_rate', 0.04835866512454934), ('regressor__regressor__max_depth', 10), ('regressor__regressor__n_estimators', 654), ('regressor__regressor__n_jobs', -2)])





OPTIMIZING HYPERPARAMETERS FOR REGRESSOR XGBR 	SEED: 473129


Best parameters: OrderedDict([('regressor__regressor__learning_rate', 0.06313637180877216), ('regressor__regressor__max_depth', 10), ('regressor__regressor__n_estimators', 1283), ('regressor__regressor__n_jobs', -2)])





OPTIMIZING HYPERPARAMETERS FOR REGRESSOR XGBR 	SEED: 473129


Best parameters: OrderedDict([('regressor__regressor__learning_rate', 0.06587758835313935), ('regressor__regressor__max_depth', 10), ('regressor__regressor__n_estimators', 411), ('regressor__regressor__n_jobs', -2)])





OPTIMIZING HYPERPARAMETERS FOR REGRESSOR XGBR 	SEED: 473129


Best parameters: OrderedDict([('regressor__regressor__learning_rate', 0.011012069062668365), ('regressor__regressor__max_depth', 10000), ('regressor__regressor__n_estimators', 278), ('regressor__regressor__n_jobs', -2)])





OPTIMIZING HYPERPARAMETERS FOR REGRESSOR XGBR 	SEED: 473129


Best parameters: OrderedDict([('regressor__regressor__learning_rate', 0.1), ('regressor__regressor__max_depth', 10), ('regressor__regressor__n_estimators', 259), ('regressor__regressor__n_jobs', -2)])





OPTIMIZING HYPERPARAMETERS FOR REGRESSOR XGBR 	SEED: 473129


Best parameters: OrderedDict([('regressor__regressor__learning_rate', 0.0678162284313456), ('regressor__regressor__max_depth', 10), ('regressor__regressor__n_estimators', 105), ('regressor__regressor__n_jobs', -2)])





-------------------------------------------------- 
OOD TEST ON PPV



-------------------------------------------------- 
OPTIMIZING HYPERPARAMETERS FOR REGRESSOR XGBR 	SEED: 6


Best parameters: OrderedDict([('regressor__regressor__learning_rate', 0.1), ('regressor__regressor__max_depth', 29), ('regressor__regressor__n_estimators', 84), ('regressor__regressor__n_jobs', -2)])




Best parameters: OrderedDict([('regressor__regressor__learning_rate', 0.1), ('regressor__regressor__max_depth', 10), ('regressor__regressor__n_estimators', 108), ('regressor__regressor__n_jobs', -2)])




Best parameters: OrderedDict([('regressor__regressor__learning_rate', 0.05014918816212852), ('regressor__regressor__max_depth', 10000), ('regressor__regressor__n_estimators', 167), ('regressor__regressor__n_jobs', -2)])




Best parameters: OrderedDict([('regressor__regressor__learning_rate', 0.08697314815585312), ('regressor__regressor__max_depth', 10000), ('regressor__regressor__n_estimators', 66), ('regressor__regressor__n_jobs', -2)])




Best parameters: OrderedDict([('regressor__regressor__learning_rate', 0.08646479880356304), ('regressor__regressor__max_depth', 2326), ('regressor__regressor__n_estimators', 847), ('regressor__regressor__n_jobs', -2)])





OPTIMIZING HYPERPARAMETERS FOR REGRESSOR XGBR 	SEED: 6


Best parameters: OrderedDict([('regressor__regressor__learning_rate', 0.056283355109370284), ('regressor__regressor__max_depth', 10), ('regressor__regressor__n_estimators', 2000), ('regressor__regressor__n_jobs', -2)])





OPTIMIZING HYPERPARAMETERS FOR REGRESSOR XGBR 	SEED: 6


Best parameters: OrderedDict([('regressor__regressor__learning_rate', 0.0019512826266672874), ('regressor__regressor__max_depth', 9221), ('regressor__regressor__n_estimators', 2000), ('regressor__regressor__n_jobs', -2)])





OPTIMIZING HYPERPARAMETERS FOR REGRESSOR XGBR 	SEED: 6


Best parameters: OrderedDict([('regressor__regressor__learning_rate', 0.06907556094711755), ('regressor__regressor__max_depth', 10), ('regressor__regressor__n_estimators', 606), ('regressor__regressor__n_jobs', -2)])





OPTIMIZING HYPERPARAMETERS FOR REGRESSOR XGBR 	SEED: 6


Best parameters: OrderedDict([('regressor__regressor__learning_rate', 0.08646479880356304), ('regressor__regressor__max_depth', 2326), ('regressor__regressor__n_estimators', 847), ('regressor__regressor__n_jobs', -2)])





OPTIMIZING HYPERPARAMETERS FOR REGRESSOR XGBR 	SEED: 6


Best parameters: OrderedDict([('regressor__regressor__learning_rate', 0.08646479880356304), ('regressor__regressor__max_depth', 2326), ('regressor__regressor__n_estimators', 847), ('regressor__regressor__n_jobs', -2)])





-------------------------------------------------- 
OPTIMIZING HYPERPARAMETERS FOR REGRESSOR XGBR 	SEED: 13


Best parameters: OrderedDict([('regressor__regressor__learning_rate', 0.012934924291147731), ('regressor__regressor__max_depth', 10000), ('regressor__regressor__n_estimators', 2000), ('regressor__regressor__n_jobs', -2)])




Best parameters: OrderedDict([('regressor__regressor__learning_rate', 0.002720071706043383), ('regressor__regressor__max_depth', 1461), ('regressor__regressor__n_estimators', 1066), ('regressor__regressor__n_jobs', -2)])




Best parameters: OrderedDict([('regressor__regressor__learning_rate', 0.0032118044510009644), ('regressor__regressor__max_depth', 10000), ('regressor__regressor__n_estimators', 1077), ('regressor__regressor__n_jobs', -2)])




Best parameters: OrderedDict([('regressor__regressor__learning_rate', 0.005521574254591247), ('regressor__regressor__max_depth', 10), ('regressor__regressor__n_estimators', 633), ('regressor__regressor__n_jobs', -2)])




Best parameters: OrderedDict([('regressor__regressor__learning_rate', 0.006566179601419725), ('regressor__regressor__max_depth', 10), ('regressor__regressor__n_estimators', 600), ('regressor__regressor__n_jobs', -2)])





OPTIMIZING HYPERPARAMETERS FOR REGRESSOR XGBR 	SEED: 13


Best parameters: OrderedDict([('regressor__regressor__learning_rate', 0.1), ('regressor__regressor__max_depth', 10000), ('regressor__regressor__n_estimators', 264), ('regressor__regressor__n_jobs', -2)])





OPTIMIZING HYPERPARAMETERS FOR REGRESSOR XGBR 	SEED: 13


Best parameters: OrderedDict([('regressor__regressor__learning_rate', 0.0682789983313779), ('regressor__regressor__max_depth', 10000), ('regressor__regressor__n_estimators', 75), ('regressor__regressor__n_jobs', -2)])





OPTIMIZING HYPERPARAMETERS FOR REGRESSOR XGBR 	SEED: 13


Best parameters: OrderedDict([('regressor__regressor__learning_rate', 0.07693173041362837), ('regressor__regressor__max_depth', 269), ('regressor__regressor__n_estimators', 289), ('regressor__regressor__n_jobs', -2)])





OPTIMIZING HYPERPARAMETERS FOR REGRESSOR XGBR 	SEED: 13


Best parameters: OrderedDict([('regressor__regressor__learning_rate', 0.03264432224110693), ('regressor__regressor__max_depth', 10), ('regressor__regressor__n_estimators', 2000), ('regressor__regressor__n_jobs', -2)])





OPTIMIZING HYPERPARAMETERS FOR REGRESSOR XGBR 	SEED: 13


Best parameters: OrderedDict([('regressor__regressor__learning_rate', 0.024726530838943554), ('regressor__regressor__max_depth', 10000), ('regressor__regressor__n_estimators', 377), ('regressor__regressor__n_jobs', -2)])





-------------------------------------------------- 
OPTIMIZING HYPERPARAMETERS FOR REGRESSOR XGBR 	SEED: 42


Best parameters: OrderedDict([('regressor__regressor__learning_rate', 0.1), ('regressor__regressor__max_depth', 10), ('regressor__regressor__n_estimators', 50), ('regressor__regressor__n_jobs', -2)])




Best parameters: OrderedDict([('regressor__regressor__learning_rate', 0.014173546142761244), ('regressor__regressor__max_depth', 8036), ('regressor__regressor__n_estimators', 282), ('regressor__regressor__n_jobs', -2)])




Best parameters: OrderedDict([('regressor__regressor__learning_rate', 0.0019831213302638887), ('regressor__regressor__max_depth', 10000), ('regressor__regressor__n_estimators', 2000), ('regressor__regressor__n_jobs', -2)])




Best parameters: OrderedDict([('regressor__regressor__learning_rate', 0.001980002683923214), ('regressor__regressor__max_depth', 10), ('regressor__regressor__n_estimators', 2000), ('regressor__regressor__n_jobs', -2)])




Best parameters: OrderedDict([('regressor__regressor__learning_rate', 0.1), ('regressor__regressor__max_depth', 10), ('regressor__regressor__n_estimators', 389), ('regressor__regressor__n_jobs', -2)])





OPTIMIZING HYPERPARAMETERS FOR REGRESSOR XGBR 	SEED: 42


Best parameters: OrderedDict([('regressor__regressor__learning_rate', 0.1), ('regressor__regressor__max_depth', 1787), ('regressor__regressor__n_estimators', 50), ('regressor__regressor__n_jobs', -2)])





OPTIMIZING HYPERPARAMETERS FOR REGRESSOR XGBR 	SEED: 42


Best parameters: OrderedDict([('regressor__regressor__learning_rate', 0.05300665147978207), ('regressor__regressor__max_depth', 10), ('regressor__regressor__n_estimators', 73), ('regressor__regressor__n_jobs', -2)])





OPTIMIZING HYPERPARAMETERS FOR REGRESSOR XGBR 	SEED: 42


Best parameters: OrderedDict([('regressor__regressor__learning_rate', 0.05902233172972582), ('regressor__regressor__max_depth', 6715), ('regressor__regressor__n_estimators', 446), ('regressor__regressor__n_jobs', -2)])





OPTIMIZING HYPERPARAMETERS FOR REGRESSOR XGBR 	SEED: 42


Best parameters: OrderedDict([('regressor__regressor__learning_rate', 0.07618295416032834), ('regressor__regressor__max_depth', 10), ('regressor__regressor__n_estimators', 1134), ('regressor__regressor__n_jobs', -2)])





OPTIMIZING HYPERPARAMETERS FOR REGRESSOR XGBR 	SEED: 42


Best parameters: OrderedDict([('regressor__regressor__learning_rate', 0.0021085179113075805), ('regressor__regressor__max_depth', 10), ('regressor__regressor__n_estimators', 2000), ('regressor__regressor__n_jobs', -2)])





-------------------------------------------------- 
OPTIMIZING HYPERPARAMETERS FOR REGRESSOR XGBR 	SEED: 69


Best parameters: OrderedDict([('regressor__regressor__learning_rate', 0.07360552098495501), ('regressor__regressor__max_depth', 10000), ('regressor__regressor__n_estimators', 85), ('regressor__regressor__n_jobs', -2)])




Best parameters: OrderedDict([('regressor__regressor__learning_rate', 0.03625043250328388), ('regressor__regressor__max_depth', 10), ('regressor__regressor__n_estimators', 1606), ('regressor__regressor__n_jobs', -2)])




Best parameters: OrderedDict([('regressor__regressor__learning_rate', 0.047319823665199094), ('regressor__regressor__max_depth', 10000), ('regressor__regressor__n_estimators', 1259), ('regressor__regressor__n_jobs', -2)])




Best parameters: OrderedDict([('regressor__regressor__learning_rate', 0.039007543531021496), ('regressor__regressor__max_depth', 363), ('regressor__regressor__n_estimators', 174), ('regressor__regressor__n_jobs', -2)])




Best parameters: OrderedDict([('regressor__regressor__learning_rate', 0.07103328534032156), ('regressor__regressor__max_depth', 10000), ('regressor__regressor__n_estimators', 66), ('regressor__regressor__n_jobs', -2)])





OPTIMIZING HYPERPARAMETERS FOR REGRESSOR XGBR 	SEED: 69


Best parameters: OrderedDict([('regressor__regressor__learning_rate', 0.06489296390208643), ('regressor__regressor__max_depth', 10), ('regressor__regressor__n_estimators', 85), ('regressor__regressor__n_jobs', -2)])





OPTIMIZING HYPERPARAMETERS FOR REGRESSOR XGBR 	SEED: 69


Best parameters: OrderedDict([('regressor__regressor__learning_rate', 0.058192910113474015), ('regressor__regressor__max_depth', 10), ('regressor__regressor__n_estimators', 78), ('regressor__regressor__n_jobs', -2)])





OPTIMIZING HYPERPARAMETERS FOR REGRESSOR XGBR 	SEED: 69


Best parameters: OrderedDict([('regressor__regressor__learning_rate', 0.1), ('regressor__regressor__max_depth', 10), ('regressor__regressor__n_estimators', 82), ('regressor__regressor__n_jobs', -2)])





OPTIMIZING HYPERPARAMETERS FOR REGRESSOR XGBR 	SEED: 69


Best parameters: OrderedDict([('regressor__regressor__learning_rate', 0.09584253905901624), ('regressor__regressor__max_depth', 16), ('regressor__regressor__n_estimators', 254), ('regressor__regressor__n_jobs', -2)])





OPTIMIZING HYPERPARAMETERS FOR REGRESSOR XGBR 	SEED: 69


Best parameters: OrderedDict([('regressor__regressor__learning_rate', 0.006779386205473325), ('regressor__regressor__max_depth', 10000), ('regressor__regressor__n_estimators', 2000), ('regressor__regressor__n_jobs', -2)])





-------------------------------------------------- 
OPTIMIZING HYPERPARAMETERS FOR REGRESSOR XGBR 	SEED: 420


Best parameters: OrderedDict([('regressor__regressor__learning_rate', 0.04921595273873582), ('regressor__regressor__max_depth', 10000), ('regressor__regressor__n_estimators', 546), ('regressor__regressor__n_jobs', -2)])




Best parameters: OrderedDict([('regressor__regressor__learning_rate', 0.0730555819321131), ('regressor__regressor__max_depth', 10), ('regressor__regressor__n_estimators', 244), ('regressor__regressor__n_jobs', -2)])




Best parameters: OrderedDict([('regressor__regressor__learning_rate', 0.1), ('regressor__regressor__max_depth', 10000), ('regressor__regressor__n_estimators', 79), ('regressor__regressor__n_jobs', -2)])




Best parameters: OrderedDict([('regressor__regressor__learning_rate', 0.07029975858131801), ('regressor__regressor__max_depth', 10000), ('regressor__regressor__n_estimators', 493), ('regressor__regressor__n_jobs', -2)])




Best parameters: OrderedDict([('regressor__regressor__learning_rate', 0.03770052924189587), ('regressor__regressor__max_depth', 549), ('regressor__regressor__n_estimators', 220), ('regressor__regressor__n_jobs', -2)])





OPTIMIZING HYPERPARAMETERS FOR REGRESSOR XGBR 	SEED: 420


Best parameters: OrderedDict([('regressor__regressor__learning_rate', 0.04310871137003811), ('regressor__regressor__max_depth', 10), ('regressor__regressor__n_estimators', 2000), ('regressor__regressor__n_jobs', -2)])





OPTIMIZING HYPERPARAMETERS FOR REGRESSOR XGBR 	SEED: 420


Best parameters: OrderedDict([('regressor__regressor__learning_rate', 0.026675816204708467), ('regressor__regressor__max_depth', 10), ('regressor__regressor__n_estimators', 373), ('regressor__regressor__n_jobs', -2)])





OPTIMIZING HYPERPARAMETERS FOR REGRESSOR XGBR 	SEED: 420


Best parameters: OrderedDict([('regressor__regressor__learning_rate', 0.0020244738864353654), ('regressor__regressor__max_depth', 10000), ('regressor__regressor__n_estimators', 2000), ('regressor__regressor__n_jobs', -2)])





OPTIMIZING HYPERPARAMETERS FOR REGRESSOR XGBR 	SEED: 420


Best parameters: OrderedDict([('regressor__regressor__learning_rate', 0.006286647325337527), ('regressor__regressor__max_depth', 10), ('regressor__regressor__n_estimators', 698), ('regressor__regressor__n_jobs', -2)])





OPTIMIZING HYPERPARAMETERS FOR REGRESSOR XGBR 	SEED: 420


Best parameters: OrderedDict([('regressor__regressor__learning_rate', 0.060740676690904945), ('regressor__regressor__max_depth', 10), ('regressor__regressor__n_estimators', 591), ('regressor__regressor__n_jobs', -2)])





-------------------------------------------------- 
OPTIMIZING HYPERPARAMETERS FOR REGRESSOR XGBR 	SEED: 1234567890


Best parameters: OrderedDict([('regressor__regressor__learning_rate', 0.09737853684140946), ('regressor__regressor__max_depth', 6952), ('regressor__regressor__n_estimators', 1445), ('regressor__regressor__n_jobs', -2)])




Best parameters: OrderedDict([('regressor__regressor__learning_rate', 0.03224134460676012), ('regressor__regressor__max_depth', 10000), ('regressor__regressor__n_estimators', 2000), ('regressor__regressor__n_jobs', -2)])




Best parameters: OrderedDict([('regressor__regressor__learning_rate', 0.1), ('regressor__regressor__max_depth', 10), ('regressor__regressor__n_estimators', 2000), ('regressor__regressor__n_jobs', -2)])




Best parameters: OrderedDict([('regressor__regressor__learning_rate', 0.1), ('regressor__regressor__max_depth', 10), ('regressor__regressor__n_estimators', 2000), ('regressor__regressor__n_jobs', -2)])




Best parameters: OrderedDict([('regressor__regressor__learning_rate', 0.1), ('regressor__regressor__max_depth', 10), ('regressor__regressor__n_estimators', 50), ('regressor__regressor__n_jobs', -2)])





OPTIMIZING HYPERPARAMETERS FOR REGRESSOR XGBR 	SEED: 1234567890


Best parameters: OrderedDict([('regressor__regressor__learning_rate', 0.1), ('regressor__regressor__max_depth', 10), ('regressor__regressor__n_estimators', 102), ('regressor__regressor__n_jobs', -2)])





OPTIMIZING HYPERPARAMETERS FOR REGRESSOR XGBR 	SEED: 1234567890


Best parameters: OrderedDict([('regressor__regressor__learning_rate', 0.08875741267752685), ('regressor__regressor__max_depth', 10), ('regressor__regressor__n_estimators', 1534), ('regressor__regressor__n_jobs', -2)])





OPTIMIZING HYPERPARAMETERS FOR REGRESSOR XGBR 	SEED: 1234567890


Best parameters: OrderedDict([('regressor__regressor__learning_rate', 0.1), ('regressor__regressor__max_depth', 10000), ('regressor__regressor__n_estimators', 183), ('regressor__regressor__n_jobs', -2)])





OPTIMIZING HYPERPARAMETERS FOR REGRESSOR XGBR 	SEED: 1234567890


Best parameters: OrderedDict([('regressor__regressor__learning_rate', 0.00925301141650543), ('regressor__regressor__max_depth', 10000), ('regressor__regressor__n_estimators', 1163), ('regressor__regressor__n_jobs', -2)])





OPTIMIZING HYPERPARAMETERS FOR REGRESSOR XGBR 	SEED: 1234567890


Best parameters: OrderedDict([('regressor__regressor__learning_rate', 0.062125890558834405), ('regressor__regressor__max_depth', 10), ('regressor__regressor__n_estimators', 2000), ('regressor__regressor__n_jobs', -2)])





-------------------------------------------------- 
OPTIMIZING HYPERPARAMETERS FOR REGRESSOR XGBR 	SEED: 473129


Best parameters: OrderedDict([('regressor__regressor__learning_rate', 0.07287726957740516), ('regressor__regressor__max_depth', 10), ('regressor__regressor__n_estimators', 187), ('regressor__regressor__n_jobs', -2)])




Best parameters: OrderedDict([('regressor__regressor__learning_rate', 0.09769526565237696), ('regressor__regressor__max_depth', 6000), ('regressor__regressor__n_estimators', 1482), ('regressor__regressor__n_jobs', -2)])




Best parameters: OrderedDict([('regressor__regressor__learning_rate', 0.06546026736965933), ('regressor__regressor__max_depth', 10), ('regressor__regressor__n_estimators', 1246), ('regressor__regressor__n_jobs', -2)])




Best parameters: OrderedDict([('regressor__regressor__learning_rate', 0.1), ('regressor__regressor__max_depth', 10000), ('regressor__regressor__n_estimators', 95), ('regressor__regressor__n_jobs', -2)])




Best parameters: OrderedDict([('regressor__regressor__learning_rate', 0.027363007917498114), ('regressor__regressor__max_depth', 72), ('regressor__regressor__n_estimators', 1989), ('regressor__regressor__n_jobs', -2)])





OPTIMIZING HYPERPARAMETERS FOR REGRESSOR XGBR 	SEED: 473129


Best parameters: OrderedDict([('regressor__regressor__learning_rate', 0.06313637180877216), ('regressor__regressor__max_depth', 10), ('regressor__regressor__n_estimators', 1283), ('regressor__regressor__n_jobs', -2)])





OPTIMIZING HYPERPARAMETERS FOR REGRESSOR XGBR 	SEED: 473129


Best parameters: OrderedDict([('regressor__regressor__learning_rate', 0.06587758835313935), ('regressor__regressor__max_depth', 10), ('regressor__regressor__n_estimators', 411), ('regressor__regressor__n_jobs', -2)])





OPTIMIZING HYPERPARAMETERS FOR REGRESSOR XGBR 	SEED: 473129


Best parameters: OrderedDict([('regressor__regressor__learning_rate', 0.011012069062668365), ('regressor__regressor__max_depth', 10000), ('regressor__regressor__n_estimators', 278), ('regressor__regressor__n_jobs', -2)])





OPTIMIZING HYPERPARAMETERS FOR REGRESSOR XGBR 	SEED: 473129


Best parameters: OrderedDict([('regressor__regressor__learning_rate', 0.1), ('regressor__regressor__max_depth', 10), ('regressor__regressor__n_estimators', 259), ('regressor__regressor__n_jobs', -2)])





OPTIMIZING HYPERPARAMETERS FOR REGRESSOR XGBR 	SEED: 473129


Best parameters: OrderedDict([('regressor__regressor__learning_rate', 0.0678162284313456), ('regressor__regressor__max_depth', 10), ('regressor__regressor__n_estimators', 105), ('regressor__regressor__n_jobs', -2)])





-------------------------------------------------- 
OOD TEST ON Thiophene



-------------------------------------------------- 
OPTIMIZING HYPERPARAMETERS FOR REGRESSOR XGBR 	SEED: 6


Best parameters: OrderedDict([('regressor__regressor__learning_rate', 0.0010374308491638779), ('regressor__regressor__max_depth', 55), ('regressor__regressor__n_estimators', 2000), ('regressor__regressor__n_jobs', -2)])




Best parameters: OrderedDict([('regressor__regressor__learning_rate', 0.0991826009090421), ('regressor__regressor__max_depth', 7095), ('regressor__regressor__n_estimators', 208), ('regressor__regressor__n_jobs', -2)])




Best parameters: OrderedDict([('regressor__regressor__learning_rate', 0.08646479880356304), ('regressor__regressor__max_depth', 2326), ('regressor__regressor__n_estimators', 847), ('regressor__regressor__n_jobs', -2)])




Best parameters: OrderedDict([('regressor__regressor__learning_rate', 0.05226585647273418), ('regressor__regressor__max_depth', 11), ('regressor__regressor__n_estimators', 65), ('regressor__regressor__n_jobs', -2)])




Best parameters: OrderedDict([('regressor__regressor__learning_rate', 0.1), ('regressor__regressor__max_depth', 10000), ('regressor__regressor__n_estimators', 510), ('regressor__regressor__n_jobs', -2)])





OPTIMIZING HYPERPARAMETERS FOR REGRESSOR XGBR 	SEED: 6


Best parameters: OrderedDict([('regressor__regressor__learning_rate', 0.056283355109370284), ('regressor__regressor__max_depth', 10), ('regressor__regressor__n_estimators', 2000), ('regressor__regressor__n_jobs', -2)])





OPTIMIZING HYPERPARAMETERS FOR REGRESSOR XGBR 	SEED: 6


Best parameters: OrderedDict([('regressor__regressor__learning_rate', 0.0019512826266672874), ('regressor__regressor__max_depth', 9221), ('regressor__regressor__n_estimators', 2000), ('regressor__regressor__n_jobs', -2)])





OPTIMIZING HYPERPARAMETERS FOR REGRESSOR XGBR 	SEED: 6


Best parameters: OrderedDict([('regressor__regressor__learning_rate', 0.06907556094711755), ('regressor__regressor__max_depth', 10), ('regressor__regressor__n_estimators', 606), ('regressor__regressor__n_jobs', -2)])





OPTIMIZING HYPERPARAMETERS FOR REGRESSOR XGBR 	SEED: 6


Best parameters: OrderedDict([('regressor__regressor__learning_rate', 0.08646479880356304), ('regressor__regressor__max_depth', 2326), ('regressor__regressor__n_estimators', 847), ('regressor__regressor__n_jobs', -2)])





OPTIMIZING HYPERPARAMETERS FOR REGRESSOR XGBR 	SEED: 6


Best parameters: OrderedDict([('regressor__regressor__learning_rate', 0.08646479880356304), ('regressor__regressor__max_depth', 2326), ('regressor__regressor__n_estimators', 847), ('regressor__regressor__n_jobs', -2)])





-------------------------------------------------- 
OPTIMIZING HYPERPARAMETERS FOR REGRESSOR XGBR 	SEED: 13


Best parameters: OrderedDict([('regressor__regressor__learning_rate', 0.005770424526248993), ('regressor__regressor__max_depth', 10), ('regressor__regressor__n_estimators', 573), ('regressor__regressor__n_jobs', -2)])




Best parameters: OrderedDict([('regressor__regressor__learning_rate', 0.04903397449724213), ('regressor__regressor__max_depth', 10), ('regressor__regressor__n_estimators', 205), ('regressor__regressor__n_jobs', -2)])




Best parameters: OrderedDict([('regressor__regressor__learning_rate', 0.1), ('regressor__regressor__max_depth', 10), ('regressor__regressor__n_estimators', 50), ('regressor__regressor__n_jobs', -2)])




Best parameters: OrderedDict([('regressor__regressor__learning_rate', 0.044783776114234605), ('regressor__regressor__max_depth', 10), ('regressor__regressor__n_estimators', 224), ('regressor__regressor__n_jobs', -2)])




Best parameters: OrderedDict([('regressor__regressor__learning_rate', 0.1), ('regressor__regressor__max_depth', 10000), ('regressor__regressor__n_estimators', 156), ('regressor__regressor__n_jobs', -2)])





OPTIMIZING HYPERPARAMETERS FOR REGRESSOR XGBR 	SEED: 13


Best parameters: OrderedDict([('regressor__regressor__learning_rate', 0.1), ('regressor__regressor__max_depth', 10000), ('regressor__regressor__n_estimators', 264), ('regressor__regressor__n_jobs', -2)])





OPTIMIZING HYPERPARAMETERS FOR REGRESSOR XGBR 	SEED: 13


Best parameters: OrderedDict([('regressor__regressor__learning_rate', 0.0682789983313779), ('regressor__regressor__max_depth', 10000), ('regressor__regressor__n_estimators', 75), ('regressor__regressor__n_jobs', -2)])





OPTIMIZING HYPERPARAMETERS FOR REGRESSOR XGBR 	SEED: 13


Best parameters: OrderedDict([('regressor__regressor__learning_rate', 0.07693173041362837), ('regressor__regressor__max_depth', 269), ('regressor__regressor__n_estimators', 289), ('regressor__regressor__n_jobs', -2)])





OPTIMIZING HYPERPARAMETERS FOR REGRESSOR XGBR 	SEED: 13


Best parameters: OrderedDict([('regressor__regressor__learning_rate', 0.03264432224110693), ('regressor__regressor__max_depth', 10), ('regressor__regressor__n_estimators', 2000), ('regressor__regressor__n_jobs', -2)])





OPTIMIZING HYPERPARAMETERS FOR REGRESSOR XGBR 	SEED: 13


Best parameters: OrderedDict([('regressor__regressor__learning_rate', 0.024726530838943554), ('regressor__regressor__max_depth', 10000), ('regressor__regressor__n_estimators', 377), ('regressor__regressor__n_jobs', -2)])





-------------------------------------------------- 
OPTIMIZING HYPERPARAMETERS FOR REGRESSOR XGBR 	SEED: 42


Best parameters: OrderedDict([('regressor__regressor__learning_rate', 0.05277312362619392), ('regressor__regressor__max_depth', 10), ('regressor__regressor__n_estimators', 131), ('regressor__regressor__n_jobs', -2)])




Best parameters: OrderedDict([('regressor__regressor__learning_rate', 0.1), ('regressor__regressor__max_depth', 10), ('regressor__regressor__n_estimators', 2000), ('regressor__regressor__n_jobs', -2)])




Best parameters: OrderedDict([('regressor__regressor__learning_rate', 0.027364528220782454), ('regressor__regressor__max_depth', 33), ('regressor__regressor__n_estimators', 454), ('regressor__regressor__n_jobs', -2)])




Best parameters: OrderedDict([('regressor__regressor__learning_rate', 0.04564979164352027), ('regressor__regressor__max_depth', 10), ('regressor__regressor__n_estimators', 1122), ('regressor__regressor__n_jobs', -2)])




Best parameters: OrderedDict([('regressor__regressor__learning_rate', 0.1), ('regressor__regressor__max_depth', 10), ('regressor__regressor__n_estimators', 50), ('regressor__regressor__n_jobs', -2)])





OPTIMIZING HYPERPARAMETERS FOR REGRESSOR XGBR 	SEED: 42


Best parameters: OrderedDict([('regressor__regressor__learning_rate', 0.1), ('regressor__regressor__max_depth', 1787), ('regressor__regressor__n_estimators', 50), ('regressor__regressor__n_jobs', -2)])





OPTIMIZING HYPERPARAMETERS FOR REGRESSOR XGBR 	SEED: 42


Best parameters: OrderedDict([('regressor__regressor__learning_rate', 0.05300665147978207), ('regressor__regressor__max_depth', 10), ('regressor__regressor__n_estimators', 73), ('regressor__regressor__n_jobs', -2)])





OPTIMIZING HYPERPARAMETERS FOR REGRESSOR XGBR 	SEED: 42


Best parameters: OrderedDict([('regressor__regressor__learning_rate', 0.05902233172972582), ('regressor__regressor__max_depth', 6715), ('regressor__regressor__n_estimators', 446), ('regressor__regressor__n_jobs', -2)])





OPTIMIZING HYPERPARAMETERS FOR REGRESSOR XGBR 	SEED: 42


Best parameters: OrderedDict([('regressor__regressor__learning_rate', 0.07618295416032834), ('regressor__regressor__max_depth', 10), ('regressor__regressor__n_estimators', 1134), ('regressor__regressor__n_jobs', -2)])





OPTIMIZING HYPERPARAMETERS FOR REGRESSOR XGBR 	SEED: 42


Best parameters: OrderedDict([('regressor__regressor__learning_rate', 0.0021085179113075805), ('regressor__regressor__max_depth', 10), ('regressor__regressor__n_estimators', 2000), ('regressor__regressor__n_jobs', -2)])





-------------------------------------------------- 
OPTIMIZING HYPERPARAMETERS FOR REGRESSOR XGBR 	SEED: 69


Best parameters: OrderedDict([('regressor__regressor__learning_rate', 0.09939793013929618), ('regressor__regressor__max_depth', 4800), ('regressor__regressor__n_estimators', 161), ('regressor__regressor__n_jobs', -2)])




Best parameters: OrderedDict([('regressor__regressor__learning_rate', 0.05464629256880064), ('regressor__regressor__max_depth', 10), ('regressor__regressor__n_estimators', 2000), ('regressor__regressor__n_jobs', -2)])




Best parameters: OrderedDict([('regressor__regressor__learning_rate', 0.09939793013929618), ('regressor__regressor__max_depth', 4800), ('regressor__regressor__n_estimators', 161), ('regressor__regressor__n_jobs', -2)])




Best parameters: OrderedDict([('regressor__regressor__learning_rate', 0.1), ('regressor__regressor__max_depth', 10), ('regressor__regressor__n_estimators', 1413), ('regressor__regressor__n_jobs', -2)])




Best parameters: OrderedDict([('regressor__regressor__learning_rate', 0.1), ('regressor__regressor__max_depth', 10), ('regressor__regressor__n_estimators', 1356), ('regressor__regressor__n_jobs', -2)])





OPTIMIZING HYPERPARAMETERS FOR REGRESSOR XGBR 	SEED: 69


Best parameters: OrderedDict([('regressor__regressor__learning_rate', 0.06489296390208643), ('regressor__regressor__max_depth', 10), ('regressor__regressor__n_estimators', 85), ('regressor__regressor__n_jobs', -2)])





OPTIMIZING HYPERPARAMETERS FOR REGRESSOR XGBR 	SEED: 69


Best parameters: OrderedDict([('regressor__regressor__learning_rate', 0.058192910113474015), ('regressor__regressor__max_depth', 10), ('regressor__regressor__n_estimators', 78), ('regressor__regressor__n_jobs', -2)])





OPTIMIZING HYPERPARAMETERS FOR REGRESSOR XGBR 	SEED: 69


Best parameters: OrderedDict([('regressor__regressor__learning_rate', 0.1), ('regressor__regressor__max_depth', 10), ('regressor__regressor__n_estimators', 82), ('regressor__regressor__n_jobs', -2)])





OPTIMIZING HYPERPARAMETERS FOR REGRESSOR XGBR 	SEED: 69


Best parameters: OrderedDict([('regressor__regressor__learning_rate', 0.09584253905901624), ('regressor__regressor__max_depth', 16), ('regressor__regressor__n_estimators', 254), ('regressor__regressor__n_jobs', -2)])





OPTIMIZING HYPERPARAMETERS FOR REGRESSOR XGBR 	SEED: 69


Best parameters: OrderedDict([('regressor__regressor__learning_rate', 0.006779386205473325), ('regressor__regressor__max_depth', 10000), ('regressor__regressor__n_estimators', 2000), ('regressor__regressor__n_jobs', -2)])





-------------------------------------------------- 
OPTIMIZING HYPERPARAMETERS FOR REGRESSOR XGBR 	SEED: 420


Best parameters: OrderedDict([('regressor__regressor__learning_rate', 0.1), ('regressor__regressor__max_depth', 10000), ('regressor__regressor__n_estimators', 107), ('regressor__regressor__n_jobs', -2)])




Best parameters: OrderedDict([('regressor__regressor__learning_rate', 0.1), ('regressor__regressor__max_depth', 10000), ('regressor__regressor__n_estimators', 1432), ('regressor__regressor__n_jobs', -2)])




Best parameters: OrderedDict([('regressor__regressor__learning_rate', 0.1), ('regressor__regressor__max_depth', 414), ('regressor__regressor__n_estimators', 59), ('regressor__regressor__n_jobs', -2)])




Best parameters: OrderedDict([('regressor__regressor__learning_rate', 0.0037794995618731985), ('regressor__regressor__max_depth', 10), ('regressor__regressor__n_estimators', 690), ('regressor__regressor__n_jobs', -2)])




Best parameters: OrderedDict([('regressor__regressor__learning_rate', 0.0024310468267917914), ('regressor__regressor__max_depth', 13), ('regressor__regressor__n_estimators', 2000), ('regressor__regressor__n_jobs', -2)])





OPTIMIZING HYPERPARAMETERS FOR REGRESSOR XGBR 	SEED: 420


Best parameters: OrderedDict([('regressor__regressor__learning_rate', 0.04310871137003811), ('regressor__regressor__max_depth', 10), ('regressor__regressor__n_estimators', 2000), ('regressor__regressor__n_jobs', -2)])





OPTIMIZING HYPERPARAMETERS FOR REGRESSOR XGBR 	SEED: 420


Best parameters: OrderedDict([('regressor__regressor__learning_rate', 0.026675816204708467), ('regressor__regressor__max_depth', 10), ('regressor__regressor__n_estimators', 373), ('regressor__regressor__n_jobs', -2)])





OPTIMIZING HYPERPARAMETERS FOR REGRESSOR XGBR 	SEED: 420


Best parameters: OrderedDict([('regressor__regressor__learning_rate', 0.0020244738864353654), ('regressor__regressor__max_depth', 10000), ('regressor__regressor__n_estimators', 2000), ('regressor__regressor__n_jobs', -2)])





OPTIMIZING HYPERPARAMETERS FOR REGRESSOR XGBR 	SEED: 420


Best parameters: OrderedDict([('regressor__regressor__learning_rate', 0.006286647325337527), ('regressor__regressor__max_depth', 10), ('regressor__regressor__n_estimators', 698), ('regressor__regressor__n_jobs', -2)])





OPTIMIZING HYPERPARAMETERS FOR REGRESSOR XGBR 	SEED: 420


Best parameters: OrderedDict([('regressor__regressor__learning_rate', 0.060740676690904945), ('regressor__regressor__max_depth', 10), ('regressor__regressor__n_estimators', 591), ('regressor__regressor__n_jobs', -2)])





-------------------------------------------------- 
OPTIMIZING HYPERPARAMETERS FOR REGRESSOR XGBR 	SEED: 1234567890


Best parameters: OrderedDict([('regressor__regressor__learning_rate', 0.1), ('regressor__regressor__max_depth', 10000), ('regressor__regressor__n_estimators', 50), ('regressor__regressor__n_jobs', -2)])




Best parameters: OrderedDict([('regressor__regressor__learning_rate', 0.06853213830977489), ('regressor__regressor__max_depth', 10000), ('regressor__regressor__n_estimators', 698), ('regressor__regressor__n_jobs', -2)])




Best parameters: OrderedDict([('regressor__regressor__learning_rate', 0.1), ('regressor__regressor__max_depth', 10000), ('regressor__regressor__n_estimators', 50), ('regressor__regressor__n_jobs', -2)])




Best parameters: OrderedDict([('regressor__regressor__learning_rate', 0.1), ('regressor__regressor__max_depth', 10000), ('regressor__regressor__n_estimators', 2000), ('regressor__regressor__n_jobs', -2)])




Best parameters: OrderedDict([('regressor__regressor__learning_rate', 0.1), ('regressor__regressor__max_depth', 10000), ('regressor__regressor__n_estimators', 2000), ('regressor__regressor__n_jobs', -2)])





OPTIMIZING HYPERPARAMETERS FOR REGRESSOR XGBR 	SEED: 1234567890


Best parameters: OrderedDict([('regressor__regressor__learning_rate', 0.1), ('regressor__regressor__max_depth', 10), ('regressor__regressor__n_estimators', 102), ('regressor__regressor__n_jobs', -2)])





OPTIMIZING HYPERPARAMETERS FOR REGRESSOR XGBR 	SEED: 1234567890


Best parameters: OrderedDict([('regressor__regressor__learning_rate', 0.08875741267752685), ('regressor__regressor__max_depth', 10), ('regressor__regressor__n_estimators', 1534), ('regressor__regressor__n_jobs', -2)])





OPTIMIZING HYPERPARAMETERS FOR REGRESSOR XGBR 	SEED: 1234567890


Best parameters: OrderedDict([('regressor__regressor__learning_rate', 0.1), ('regressor__regressor__max_depth', 10000), ('regressor__regressor__n_estimators', 183), ('regressor__regressor__n_jobs', -2)])





OPTIMIZING HYPERPARAMETERS FOR REGRESSOR XGBR 	SEED: 1234567890


Best parameters: OrderedDict([('regressor__regressor__learning_rate', 0.00925301141650543), ('regressor__regressor__max_depth', 10000), ('regressor__regressor__n_estimators', 1163), ('regressor__regressor__n_jobs', -2)])





OPTIMIZING HYPERPARAMETERS FOR REGRESSOR XGBR 	SEED: 1234567890


Best parameters: OrderedDict([('regressor__regressor__learning_rate', 0.062125890558834405), ('regressor__regressor__max_depth', 10), ('regressor__regressor__n_estimators', 2000), ('regressor__regressor__n_jobs', -2)])





-------------------------------------------------- 
OPTIMIZING HYPERPARAMETERS FOR REGRESSOR XGBR 	SEED: 473129


Best parameters: OrderedDict([('regressor__regressor__learning_rate', 0.07643482835961325), ('regressor__regressor__max_depth', 10000), ('regressor__regressor__n_estimators', 157), ('regressor__regressor__n_jobs', -2)])




Best parameters: OrderedDict([('regressor__regressor__learning_rate', 0.030699067256192578), ('regressor__regressor__max_depth', 8163), ('regressor__regressor__n_estimators', 112), ('regressor__regressor__n_jobs', -2)])




Best parameters: OrderedDict([('regressor__regressor__learning_rate', 0.03693499023328491), ('regressor__regressor__max_depth', 28), ('regressor__regressor__n_estimators', 168), ('regressor__regressor__n_jobs', -2)])




Best parameters: OrderedDict([('regressor__regressor__learning_rate', 0.025110050741759458), ('regressor__regressor__max_depth', 19), ('regressor__regressor__n_estimators', 849), ('regressor__regressor__n_jobs', -2)])




Best parameters: OrderedDict([('regressor__regressor__learning_rate', 0.007453849688521415), ('regressor__regressor__max_depth', 10), ('regressor__regressor__n_estimators', 1031), ('regressor__regressor__n_jobs', -2)])





OPTIMIZING HYPERPARAMETERS FOR REGRESSOR XGBR 	SEED: 473129


Best parameters: OrderedDict([('regressor__regressor__learning_rate', 0.06313637180877216), ('regressor__regressor__max_depth', 10), ('regressor__regressor__n_estimators', 1283), ('regressor__regressor__n_jobs', -2)])





OPTIMIZING HYPERPARAMETERS FOR REGRESSOR XGBR 	SEED: 473129


Best parameters: OrderedDict([('regressor__regressor__learning_rate', 0.06587758835313935), ('regressor__regressor__max_depth', 10), ('regressor__regressor__n_estimators', 411), ('regressor__regressor__n_jobs', -2)])





OPTIMIZING HYPERPARAMETERS FOR REGRESSOR XGBR 	SEED: 473129


Best parameters: OrderedDict([('regressor__regressor__learning_rate', 0.011012069062668365), ('regressor__regressor__max_depth', 10000), ('regressor__regressor__n_estimators', 278), ('regressor__regressor__n_jobs', -2)])





OPTIMIZING HYPERPARAMETERS FOR REGRESSOR XGBR 	SEED: 473129


Best parameters: OrderedDict([('regressor__regressor__learning_rate', 0.1), ('regressor__regressor__max_depth', 10), ('regressor__regressor__n_estimators', 259), ('regressor__regressor__n_jobs', -2)])





OPTIMIZING HYPERPARAMETERS FOR REGRESSOR XGBR 	SEED: 473129


Best parameters: OrderedDict([('regressor__regressor__learning_rate', 0.0678162284313456), ('regressor__regressor__max_depth', 10), ('regressor__regressor__n_estimators', 105), ('regressor__regressor__n_jobs', -2)])





-------------------------------------------------- 
OOD TEST ON Polar



-------------------------------------------------- 
OPTIMIZING HYPERPARAMETERS FOR REGRESSOR XGBR 	SEED: 6


Best parameters: OrderedDict([('regressor__regressor__learning_rate', 0.05421411159910605), ('regressor__regressor__max_depth', 10), ('regressor__regressor__n_estimators', 114), ('regressor__regressor__n_jobs', -2)])




Best parameters: OrderedDict([('regressor__regressor__learning_rate', 0.1), ('regressor__regressor__max_depth', 10000), ('regressor__regressor__n_estimators', 153), ('regressor__regressor__n_jobs', -2)])




Best parameters: OrderedDict([('regressor__regressor__learning_rate', 0.012636413272523685), ('regressor__regressor__max_depth', 10), ('regressor__regressor__n_estimators', 2000), ('regressor__regressor__n_jobs', -2)])




Best parameters: OrderedDict([('regressor__regressor__learning_rate', 0.1), ('regressor__regressor__max_depth', 10000), ('regressor__regressor__n_estimators', 1305), ('regressor__regressor__n_jobs', -2)])




Best parameters: OrderedDict([('regressor__regressor__learning_rate', 0.019233762101086484), ('regressor__regressor__max_depth', 10), ('regressor__regressor__n_estimators', 1497), ('regressor__regressor__n_jobs', -2)])





OPTIMIZING HYPERPARAMETERS FOR REGRESSOR XGBR 	SEED: 6


Best parameters: OrderedDict([('regressor__regressor__learning_rate', 0.056283355109370284), ('regressor__regressor__max_depth', 10), ('regressor__regressor__n_estimators', 2000), ('regressor__regressor__n_jobs', -2)])





OPTIMIZING HYPERPARAMETERS FOR REGRESSOR XGBR 	SEED: 6


Best parameters: OrderedDict([('regressor__regressor__learning_rate', 0.0019512826266672874), ('regressor__regressor__max_depth', 9221), ('regressor__regressor__n_estimators', 2000), ('regressor__regressor__n_jobs', -2)])





OPTIMIZING HYPERPARAMETERS FOR REGRESSOR XGBR 	SEED: 6


Best parameters: OrderedDict([('regressor__regressor__learning_rate', 0.06907556094711755), ('regressor__regressor__max_depth', 10), ('regressor__regressor__n_estimators', 606), ('regressor__regressor__n_jobs', -2)])





OPTIMIZING HYPERPARAMETERS FOR REGRESSOR XGBR 	SEED: 6


Best parameters: OrderedDict([('regressor__regressor__learning_rate', 0.08646479880356304), ('regressor__regressor__max_depth', 2326), ('regressor__regressor__n_estimators', 847), ('regressor__regressor__n_jobs', -2)])





OPTIMIZING HYPERPARAMETERS FOR REGRESSOR XGBR 	SEED: 6


Best parameters: OrderedDict([('regressor__regressor__learning_rate', 0.08646479880356304), ('regressor__regressor__max_depth', 2326), ('regressor__regressor__n_estimators', 847), ('regressor__regressor__n_jobs', -2)])





-------------------------------------------------- 
OPTIMIZING HYPERPARAMETERS FOR REGRESSOR XGBR 	SEED: 13


Best parameters: OrderedDict([('regressor__regressor__learning_rate', 0.1), ('regressor__regressor__max_depth', 10), ('regressor__regressor__n_estimators', 127), ('regressor__regressor__n_jobs', -2)])




Best parameters: OrderedDict([('regressor__regressor__learning_rate', 0.06485989936882998), ('regressor__regressor__max_depth', 10), ('regressor__regressor__n_estimators', 128), ('regressor__regressor__n_jobs', -2)])




Best parameters: OrderedDict([('regressor__regressor__learning_rate', 0.0628257180851847), ('regressor__regressor__max_depth', 7481), ('regressor__regressor__n_estimators', 1273), ('regressor__regressor__n_jobs', -2)])




Best parameters: OrderedDict([('regressor__regressor__learning_rate', 0.007769729547878042), ('regressor__regressor__max_depth', 10000), ('regressor__regressor__n_estimators', 1112), ('regressor__regressor__n_jobs', -2)])




Best parameters: OrderedDict([('regressor__regressor__learning_rate', 0.053430250303234346), ('regressor__regressor__max_depth', 10), ('regressor__regressor__n_estimators', 113), ('regressor__regressor__n_jobs', -2)])





OPTIMIZING HYPERPARAMETERS FOR REGRESSOR XGBR 	SEED: 13


Best parameters: OrderedDict([('regressor__regressor__learning_rate', 0.1), ('regressor__regressor__max_depth', 10000), ('regressor__regressor__n_estimators', 264), ('regressor__regressor__n_jobs', -2)])





OPTIMIZING HYPERPARAMETERS FOR REGRESSOR XGBR 	SEED: 13


Best parameters: OrderedDict([('regressor__regressor__learning_rate', 0.0682789983313779), ('regressor__regressor__max_depth', 10000), ('regressor__regressor__n_estimators', 75), ('regressor__regressor__n_jobs', -2)])





OPTIMIZING HYPERPARAMETERS FOR REGRESSOR XGBR 	SEED: 13


Best parameters: OrderedDict([('regressor__regressor__learning_rate', 0.07693173041362837), ('regressor__regressor__max_depth', 269), ('regressor__regressor__n_estimators', 289), ('regressor__regressor__n_jobs', -2)])





OPTIMIZING HYPERPARAMETERS FOR REGRESSOR XGBR 	SEED: 13


Best parameters: OrderedDict([('regressor__regressor__learning_rate', 0.03264432224110693), ('regressor__regressor__max_depth', 10), ('regressor__regressor__n_estimators', 2000), ('regressor__regressor__n_jobs', -2)])





OPTIMIZING HYPERPARAMETERS FOR REGRESSOR XGBR 	SEED: 13


Best parameters: OrderedDict([('regressor__regressor__learning_rate', 0.024726530838943554), ('regressor__regressor__max_depth', 10000), ('regressor__regressor__n_estimators', 377), ('regressor__regressor__n_jobs', -2)])





-------------------------------------------------- 
OPTIMIZING HYPERPARAMETERS FOR REGRESSOR XGBR 	SEED: 42


Best parameters: OrderedDict([('regressor__regressor__learning_rate', 0.1), ('regressor__regressor__max_depth', 10), ('regressor__regressor__n_estimators', 50), ('regressor__regressor__n_jobs', -2)])




Best parameters: OrderedDict([('regressor__regressor__learning_rate', 0.01288978135825321), ('regressor__regressor__max_depth', 10000), ('regressor__regressor__n_estimators', 992), ('regressor__regressor__n_jobs', -2)])




Best parameters: OrderedDict([('regressor__regressor__learning_rate', 0.1), ('regressor__regressor__max_depth', 6050), ('regressor__regressor__n_estimators', 308), ('regressor__regressor__n_jobs', -2)])




Best parameters: OrderedDict([('regressor__regressor__learning_rate', 0.03498700481947879), ('regressor__regressor__max_depth', 10000), ('regressor__regressor__n_estimators', 724), ('regressor__regressor__n_jobs', -2)])




Best parameters: OrderedDict([('regressor__regressor__learning_rate', 0.07061891413097232), ('regressor__regressor__max_depth', 10000), ('regressor__regressor__n_estimators', 50), ('regressor__regressor__n_jobs', -2)])





OPTIMIZING HYPERPARAMETERS FOR REGRESSOR XGBR 	SEED: 42


Best parameters: OrderedDict([('regressor__regressor__learning_rate', 0.1), ('regressor__regressor__max_depth', 1787), ('regressor__regressor__n_estimators', 50), ('regressor__regressor__n_jobs', -2)])





OPTIMIZING HYPERPARAMETERS FOR REGRESSOR XGBR 	SEED: 42


Best parameters: OrderedDict([('regressor__regressor__learning_rate', 0.05300665147978207), ('regressor__regressor__max_depth', 10), ('regressor__regressor__n_estimators', 73), ('regressor__regressor__n_jobs', -2)])





OPTIMIZING HYPERPARAMETERS FOR REGRESSOR XGBR 	SEED: 42


Best parameters: OrderedDict([('regressor__regressor__learning_rate', 0.05902233172972582), ('regressor__regressor__max_depth', 6715), ('regressor__regressor__n_estimators', 446), ('regressor__regressor__n_jobs', -2)])





OPTIMIZING HYPERPARAMETERS FOR REGRESSOR XGBR 	SEED: 42


Best parameters: OrderedDict([('regressor__regressor__learning_rate', 0.07618295416032834), ('regressor__regressor__max_depth', 10), ('regressor__regressor__n_estimators', 1134), ('regressor__regressor__n_jobs', -2)])





OPTIMIZING HYPERPARAMETERS FOR REGRESSOR XGBR 	SEED: 42


Best parameters: OrderedDict([('regressor__regressor__learning_rate', 0.0021085179113075805), ('regressor__regressor__max_depth', 10), ('regressor__regressor__n_estimators', 2000), ('regressor__regressor__n_jobs', -2)])





-------------------------------------------------- 
OPTIMIZING HYPERPARAMETERS FOR REGRESSOR XGBR 	SEED: 69


Best parameters: OrderedDict([('regressor__regressor__learning_rate', 0.03426175104420954), ('regressor__regressor__max_depth', 331), ('regressor__regressor__n_estimators', 160), ('regressor__regressor__n_jobs', -2)])




Best parameters: OrderedDict([('regressor__regressor__learning_rate', 0.1), ('regressor__regressor__max_depth', 10), ('regressor__regressor__n_estimators', 1287), ('regressor__regressor__n_jobs', -2)])




Best parameters: OrderedDict([('regressor__regressor__learning_rate', 0.059192638886640836), ('regressor__regressor__max_depth', 10), ('regressor__regressor__n_estimators', 2000), ('regressor__regressor__n_jobs', -2)])




Best parameters: OrderedDict([('regressor__regressor__learning_rate', 0.007293101247567792), ('regressor__regressor__max_depth', 10), ('regressor__regressor__n_estimators', 821), ('regressor__regressor__n_jobs', -2)])




Best parameters: OrderedDict([('regressor__regressor__learning_rate', 0.07036741976016402), ('regressor__regressor__max_depth', 12), ('regressor__regressor__n_estimators', 793), ('regressor__regressor__n_jobs', -2)])





OPTIMIZING HYPERPARAMETERS FOR REGRESSOR XGBR 	SEED: 69


Best parameters: OrderedDict([('regressor__regressor__learning_rate', 0.06489296390208643), ('regressor__regressor__max_depth', 10), ('regressor__regressor__n_estimators', 85), ('regressor__regressor__n_jobs', -2)])





OPTIMIZING HYPERPARAMETERS FOR REGRESSOR XGBR 	SEED: 69


Best parameters: OrderedDict([('regressor__regressor__learning_rate', 0.058192910113474015), ('regressor__regressor__max_depth', 10), ('regressor__regressor__n_estimators', 78), ('regressor__regressor__n_jobs', -2)])





OPTIMIZING HYPERPARAMETERS FOR REGRESSOR XGBR 	SEED: 69


Best parameters: OrderedDict([('regressor__regressor__learning_rate', 0.1), ('regressor__regressor__max_depth', 10), ('regressor__regressor__n_estimators', 82), ('regressor__regressor__n_jobs', -2)])





OPTIMIZING HYPERPARAMETERS FOR REGRESSOR XGBR 	SEED: 69


Best parameters: OrderedDict([('regressor__regressor__learning_rate', 0.09584253905901624), ('regressor__regressor__max_depth', 16), ('regressor__regressor__n_estimators', 254), ('regressor__regressor__n_jobs', -2)])





OPTIMIZING HYPERPARAMETERS FOR REGRESSOR XGBR 	SEED: 69


Best parameters: OrderedDict([('regressor__regressor__learning_rate', 0.006779386205473325), ('regressor__regressor__max_depth', 10000), ('regressor__regressor__n_estimators', 2000), ('regressor__regressor__n_jobs', -2)])





-------------------------------------------------- 
OPTIMIZING HYPERPARAMETERS FOR REGRESSOR XGBR 	SEED: 420


Best parameters: OrderedDict([('regressor__regressor__learning_rate', 0.1), ('regressor__regressor__max_depth', 10000), ('regressor__regressor__n_estimators', 241), ('regressor__regressor__n_jobs', -2)])




Best parameters: OrderedDict([('regressor__regressor__learning_rate', 0.07608614288270929), ('regressor__regressor__max_depth', 10000), ('regressor__regressor__n_estimators', 265), ('regressor__regressor__n_jobs', -2)])




Best parameters: OrderedDict([('regressor__regressor__learning_rate', 0.06772124164079536), ('regressor__regressor__max_depth', 10), ('regressor__regressor__n_estimators', 758), ('regressor__regressor__n_jobs', -2)])




Best parameters: OrderedDict([('regressor__regressor__learning_rate', 0.039834346867273975), ('regressor__regressor__max_depth', 10), ('regressor__regressor__n_estimators', 135), ('regressor__regressor__n_jobs', -2)])




Best parameters: OrderedDict([('regressor__regressor__learning_rate', 0.022319627660340652), ('regressor__regressor__max_depth', 10), ('regressor__regressor__n_estimators', 2000), ('regressor__regressor__n_jobs', -2)])





OPTIMIZING HYPERPARAMETERS FOR REGRESSOR XGBR 	SEED: 420


Best parameters: OrderedDict([('regressor__regressor__learning_rate', 0.04310871137003811), ('regressor__regressor__max_depth', 10), ('regressor__regressor__n_estimators', 2000), ('regressor__regressor__n_jobs', -2)])





OPTIMIZING HYPERPARAMETERS FOR REGRESSOR XGBR 	SEED: 420


Best parameters: OrderedDict([('regressor__regressor__learning_rate', 0.026675816204708467), ('regressor__regressor__max_depth', 10), ('regressor__regressor__n_estimators', 373), ('regressor__regressor__n_jobs', -2)])





OPTIMIZING HYPERPARAMETERS FOR REGRESSOR XGBR 	SEED: 420


Best parameters: OrderedDict([('regressor__regressor__learning_rate', 0.0020244738864353654), ('regressor__regressor__max_depth', 10000), ('regressor__regressor__n_estimators', 2000), ('regressor__regressor__n_jobs', -2)])





OPTIMIZING HYPERPARAMETERS FOR REGRESSOR XGBR 	SEED: 420


Best parameters: OrderedDict([('regressor__regressor__learning_rate', 0.006286647325337527), ('regressor__regressor__max_depth', 10), ('regressor__regressor__n_estimators', 698), ('regressor__regressor__n_jobs', -2)])





OPTIMIZING HYPERPARAMETERS FOR REGRESSOR XGBR 	SEED: 420


Best parameters: OrderedDict([('regressor__regressor__learning_rate', 0.060740676690904945), ('regressor__regressor__max_depth', 10), ('regressor__regressor__n_estimators', 591), ('regressor__regressor__n_jobs', -2)])





-------------------------------------------------- 
OPTIMIZING HYPERPARAMETERS FOR REGRESSOR XGBR 	SEED: 1234567890


Best parameters: OrderedDict([('regressor__regressor__learning_rate', 0.0018296916232180256), ('regressor__regressor__max_depth', 10000), ('regressor__regressor__n_estimators', 2000), ('regressor__regressor__n_jobs', -2)])




Best parameters: OrderedDict([('regressor__regressor__learning_rate', 0.06449854041502759), ('regressor__regressor__max_depth', 11), ('regressor__regressor__n_estimators', 82), ('regressor__regressor__n_jobs', -2)])




Best parameters: OrderedDict([('regressor__regressor__learning_rate', 0.056987803897764255), ('regressor__regressor__max_depth', 10), ('regressor__regressor__n_estimators', 1403), ('regressor__regressor__n_jobs', -2)])




Best parameters: OrderedDict([('regressor__regressor__learning_rate', 0.1), ('regressor__regressor__max_depth', 10), ('regressor__regressor__n_estimators', 50), ('regressor__regressor__n_jobs', -2)])




Best parameters: OrderedDict([('regressor__regressor__learning_rate', 0.007733153606241705), ('regressor__regressor__max_depth', 10), ('regressor__regressor__n_estimators', 863), ('regressor__regressor__n_jobs', -2)])





OPTIMIZING HYPERPARAMETERS FOR REGRESSOR XGBR 	SEED: 1234567890


Best parameters: OrderedDict([('regressor__regressor__learning_rate', 0.1), ('regressor__regressor__max_depth', 10), ('regressor__regressor__n_estimators', 102), ('regressor__regressor__n_jobs', -2)])





OPTIMIZING HYPERPARAMETERS FOR REGRESSOR XGBR 	SEED: 1234567890


Best parameters: OrderedDict([('regressor__regressor__learning_rate', 0.08875741267752685), ('regressor__regressor__max_depth', 10), ('regressor__regressor__n_estimators', 1534), ('regressor__regressor__n_jobs', -2)])





OPTIMIZING HYPERPARAMETERS FOR REGRESSOR XGBR 	SEED: 1234567890


Best parameters: OrderedDict([('regressor__regressor__learning_rate', 0.1), ('regressor__regressor__max_depth', 10000), ('regressor__regressor__n_estimators', 183), ('regressor__regressor__n_jobs', -2)])





OPTIMIZING HYPERPARAMETERS FOR REGRESSOR XGBR 	SEED: 1234567890


Best parameters: OrderedDict([('regressor__regressor__learning_rate', 0.00925301141650543), ('regressor__regressor__max_depth', 10000), ('regressor__regressor__n_estimators', 1163), ('regressor__regressor__n_jobs', -2)])





OPTIMIZING HYPERPARAMETERS FOR REGRESSOR XGBR 	SEED: 1234567890


Best parameters: OrderedDict([('regressor__regressor__learning_rate', 0.062125890558834405), ('regressor__regressor__max_depth', 10), ('regressor__regressor__n_estimators', 2000), ('regressor__regressor__n_jobs', -2)])





-------------------------------------------------- 
OPTIMIZING HYPERPARAMETERS FOR REGRESSOR XGBR 	SEED: 473129


Best parameters: OrderedDict([('regressor__regressor__learning_rate', 0.08351320410393702), ('regressor__regressor__max_depth', 10), ('regressor__regressor__n_estimators', 400), ('regressor__regressor__n_jobs', -2)])




Best parameters: OrderedDict([('regressor__regressor__learning_rate', 0.09388150281920793), ('regressor__regressor__max_depth', 10000), ('regressor__regressor__n_estimators', 180), ('regressor__regressor__n_jobs', -2)])




Best parameters: OrderedDict([('regressor__regressor__learning_rate', 0.04947829566102838), ('regressor__regressor__max_depth', 10000), ('regressor__regressor__n_estimators', 391), ('regressor__regressor__n_jobs', -2)])




Best parameters: OrderedDict([('regressor__regressor__learning_rate', 0.025110050741759458), ('regressor__regressor__max_depth', 19), ('regressor__regressor__n_estimators', 849), ('regressor__regressor__n_jobs', -2)])




Best parameters: OrderedDict([('regressor__regressor__learning_rate', 0.08320843932177366), ('regressor__regressor__max_depth', 10000), ('regressor__regressor__n_estimators', 50), ('regressor__regressor__n_jobs', -2)])





OPTIMIZING HYPERPARAMETERS FOR REGRESSOR XGBR 	SEED: 473129


Best parameters: OrderedDict([('regressor__regressor__learning_rate', 0.06313637180877216), ('regressor__regressor__max_depth', 10), ('regressor__regressor__n_estimators', 1283), ('regressor__regressor__n_jobs', -2)])





OPTIMIZING HYPERPARAMETERS FOR REGRESSOR XGBR 	SEED: 473129


Best parameters: OrderedDict([('regressor__regressor__learning_rate', 0.06587758835313935), ('regressor__regressor__max_depth', 10), ('regressor__regressor__n_estimators', 411), ('regressor__regressor__n_jobs', -2)])





OPTIMIZING HYPERPARAMETERS FOR REGRESSOR XGBR 	SEED: 473129


Best parameters: OrderedDict([('regressor__regressor__learning_rate', 0.011012069062668365), ('regressor__regressor__max_depth', 10000), ('regressor__regressor__n_estimators', 278), ('regressor__regressor__n_jobs', -2)])





OPTIMIZING HYPERPARAMETERS FOR REGRESSOR XGBR 	SEED: 473129


Best parameters: OrderedDict([('regressor__regressor__learning_rate', 0.1), ('regressor__regressor__max_depth', 10), ('regressor__regressor__n_estimators', 259), ('regressor__regressor__n_jobs', -2)])





OPTIMIZING HYPERPARAMETERS FOR REGRESSOR XGBR 	SEED: 473129


Best parameters: OrderedDict([('regressor__regressor__learning_rate', 0.0678162284313456), ('regressor__regressor__max_depth', 10), ('regressor__regressor__n_estimators', 105), ('regressor__regressor__n_jobs', -2)])


Filename: (Xn-Mw-PDI-concentration-temperature-polymer dP-polymer dD-polymer dH-solvent dP-solvent dD-solvent dH)_XGBR_Standard
Done Saving scores!

------------------------------------------------------------
Sender: LSF System <lsfadmin@c202n01>
Subject: Job 676593: <XGBR_log Rg (nm)__substructure cluster_20250503> in cluster <Hazel> Done

Job <XGBR_log Rg (nm)__substructure cluster_20250503> was submitted from host <c205n06> by user <sdehgha2> in cluster <Hazel> at Sat May  3 23:17:01 2025
Job was executed on host(s) <6*c202n01>, in queue <single_chassis>, as user <sdehgha2> in cluster <Hazel> at Sun May  4 00:40:22 2025
</home/sdehgha2> was used as the home directory.
</share/ddomlab/sdehgha2/working-space/main/P1_pls-dataset/pls-dataset-space/PLS-Dataset/code_/training/hpc_submit_training_Rh> was used as the working directory.
Started at Sun May  4 00:40:22 2025
Terminated at Sun May  4 05:55:32 2025
Results reported at Sun May  4 05:55:32 2025

Your job looked like:

------------------------------------------------------------
# LSBATCH: User input



#BSUB -n 6
#BSUB -W 50:01
#BSUB -R span[hosts=1]
#BSUB -R "rusage[mem=16GB]"
#BSUB -J "XGBR_log Rg (nm)__substructure cluster_20250503"  
#BSUB -o "/share/ddomlab/sdehgha2/working-space/main/P1_pls-dataset/pls-dataset-space/PLS-Dataset/results/hpc_20250503/XGBR_log Rg (nm)_substructure cluster_20250503.out"
#BSUB -e "/share/ddomlab/sdehgha2/working-space/main/P1_pls-dataset/pls-dataset-space/PLS-Dataset/results/hpc_20250503/XGBR_log Rg (nm)_substructure cluster_20250503.err"

source ~/.bashrc
conda activate /usr/local/usrapps/ddomlab/sdehgha2/pls-dataset-env
python ../make_ood_prediction.py --target_features "log Rg (nm)"                                   --regressor_type "XGBR"                                   --numerical_feats 'Xn' 'Mw (g/mol)' 'PDI' 'Concentration (mg/ml)' 'Temperature SANS/SLS/DLS/SEC (K)' "polymer dP" "polymer dD" "polymer dH" 'solvent dP' 'solvent dD' 'solvent dH'                                   --clustering_method "substructure cluster" 



------------------------------------------------------------

Successfully completed.

Resource usage summary:

    CPU time :                                   44104.18 sec.
    Max Memory :                                 4 GB
    Average Memory :                             3.74 GB
    Total Requested Memory :                     16.00 GB
    Delta Memory :                               12.00 GB
    Max Swap :                                   -
    Max Processes :                              26
    Max Threads :                                29
    Run time :                                   18936 sec.
    Turnaround time :                            23911 sec.

The output (if any) is above this job summary.



PS:

Read file </share/ddomlab/sdehgha2/working-space/main/P1_pls-dataset/pls-dataset-space/PLS-Dataset/results/hpc_20250503/XGBR_log Rg (nm)_substructure cluster_20250503.err> for stderr output of this job.

