


OPTIMIZING HYPERPARAMETERS FOR REGRESSOR DT 	SEED: 6



OPTIMIZING HYPERPARAMETERS FOR REGRESSOR DT 	SEED: 6


Best parameters: OrderedDict([('regressor__regressor__ccp_alpha', 0.015096727138572876), ('regressor__regressor__max_depth', None), ('regressor__regressor__max_features', None), ('regressor__regressor__min_samples_leaf', 0.001), ('regressor__regressor__min_samples_split', 0.001)])





OPTIMIZING HYPERPARAMETERS FOR REGRESSOR DT 	SEED: 6


Best parameters: OrderedDict([('regressor__regressor__ccp_alpha', 0.001), ('regressor__regressor__max_depth', None), ('regressor__regressor__max_features', 'log2'), ('regressor__regressor__min_samples_leaf', 0.001), ('regressor__regressor__min_samples_split', 0.001)])





OPTIMIZING HYPERPARAMETERS FOR REGRESSOR DT 	SEED: 6


Best parameters: OrderedDict([('regressor__regressor__ccp_alpha', 0.013650792870235469), ('regressor__regressor__max_depth', None), ('regressor__regressor__max_features', None), ('regressor__regressor__min_samples_leaf', 0.13846353960084518), ('regressor__regressor__min_samples_split', 0.1190737595419405)])





OPTIMIZING HYPERPARAMETERS FOR REGRESSOR DT 	SEED: 6


Best parameters: OrderedDict([('regressor__regressor__ccp_alpha', 0.001), ('regressor__regressor__max_depth', None), ('regressor__regressor__max_features', 'log2'), ('regressor__regressor__min_samples_leaf', 0.001), ('regressor__regressor__min_samples_split', 0.001)])





OPTIMIZING HYPERPARAMETERS FOR REGRESSOR DT 	SEED: 6


Best parameters: OrderedDict([('regressor__regressor__ccp_alpha', 0.001), ('regressor__regressor__max_depth', None), ('regressor__regressor__max_features', 'log2'), ('regressor__regressor__min_samples_leaf', 0.001), ('regressor__regressor__min_samples_split', 0.001)])





OPTIMIZING HYPERPARAMETERS FOR REGRESSOR DT 	SEED: 13


Best parameters: OrderedDict([('regressor__regressor__ccp_alpha', 0.001), ('regressor__regressor__max_depth', None), ('regressor__regressor__max_features', None), ('regressor__regressor__min_samples_leaf', 0.001), ('regressor__regressor__min_samples_split', 0.001)])





OPTIMIZING HYPERPARAMETERS FOR REGRESSOR DT 	SEED: 13


Best parameters: OrderedDict([('regressor__regressor__ccp_alpha', 0.001), ('regressor__regressor__max_depth', None), ('regressor__regressor__max_features', 'log2'), ('regressor__regressor__min_samples_leaf', 0.001), ('regressor__regressor__min_samples_split', 0.001)])





OPTIMIZING HYPERPARAMETERS FOR REGRESSOR DT 	SEED: 13


Best parameters: OrderedDict([('regressor__regressor__ccp_alpha', 0.001), ('regressor__regressor__max_depth', None), ('regressor__regressor__max_features', 'log2'), ('regressor__regressor__min_samples_leaf', 0.005563121933573502), ('regressor__regressor__min_samples_split', 0.001)])





OPTIMIZING HYPERPARAMETERS FOR REGRESSOR DT 	SEED: 13


Best parameters: OrderedDict([('regressor__regressor__ccp_alpha', 0.001), ('regressor__regressor__max_depth', None), ('regressor__regressor__max_features', None), ('regressor__regressor__min_samples_leaf', 0.001), ('regressor__regressor__min_samples_split', 0.001)])





OPTIMIZING HYPERPARAMETERS FOR REGRESSOR DT 	SEED: 13


Best parameters: OrderedDict([('regressor__regressor__ccp_alpha', 0.001), ('regressor__regressor__max_depth', None), ('regressor__regressor__max_features', 'sqrt'), ('regressor__regressor__min_samples_leaf', 0.001), ('regressor__regressor__min_samples_split', 0.001)])





OPTIMIZING HYPERPARAMETERS FOR REGRESSOR DT 	SEED: 42


Best parameters: OrderedDict([('regressor__regressor__ccp_alpha', 0.001), ('regressor__regressor__max_depth', None), ('regressor__regressor__max_features', None), ('regressor__regressor__min_samples_leaf', 0.001), ('regressor__regressor__min_samples_split', 0.001)])





OPTIMIZING HYPERPARAMETERS FOR REGRESSOR DT 	SEED: 42


Best parameters: OrderedDict([('regressor__regressor__ccp_alpha', 0.0029293182903681794), ('regressor__regressor__max_depth', None), ('regressor__regressor__max_features', 'sqrt'), ('regressor__regressor__min_samples_leaf', 0.012302014743384469), ('regressor__regressor__min_samples_split', 0.01838666000342632)])





OPTIMIZING HYPERPARAMETERS FOR REGRESSOR DT 	SEED: 42


Best parameters: OrderedDict([('regressor__regressor__ccp_alpha', 0.001), ('regressor__regressor__max_depth', None), ('regressor__regressor__max_features', 'log2'), ('regressor__regressor__min_samples_leaf', 0.001), ('regressor__regressor__min_samples_split', 0.001)])





OPTIMIZING HYPERPARAMETERS FOR REGRESSOR DT 	SEED: 42


Best parameters: OrderedDict([('regressor__regressor__ccp_alpha', 0.001), ('regressor__regressor__max_depth', None), ('regressor__regressor__max_features', None), ('regressor__regressor__min_samples_leaf', 0.001), ('regressor__regressor__min_samples_split', 0.001)])





OPTIMIZING HYPERPARAMETERS FOR REGRESSOR DT 	SEED: 42


Best parameters: OrderedDict([('regressor__regressor__ccp_alpha', 0.001), ('regressor__regressor__max_depth', None), ('regressor__regressor__max_features', None), ('regressor__regressor__min_samples_leaf', 0.001), ('regressor__regressor__min_samples_split', 0.001)])





OPTIMIZING HYPERPARAMETERS FOR REGRESSOR DT 	SEED: 69


Best parameters: OrderedDict([('regressor__regressor__ccp_alpha', 0.001), ('regressor__regressor__max_depth', None), ('regressor__regressor__max_features', 'log2'), ('regressor__regressor__min_samples_leaf', 0.001), ('regressor__regressor__min_samples_split', 0.001)])





OPTIMIZING HYPERPARAMETERS FOR REGRESSOR DT 	SEED: 69


Best parameters: OrderedDict([('regressor__regressor__ccp_alpha', 0.001), ('regressor__regressor__max_depth', None), ('regressor__regressor__max_features', 'sqrt'), ('regressor__regressor__min_samples_leaf', 0.001), ('regressor__regressor__min_samples_split', 0.001)])





OPTIMIZING HYPERPARAMETERS FOR REGRESSOR DT 	SEED: 69


Best parameters: OrderedDict([('regressor__regressor__ccp_alpha', 0.001), ('regressor__regressor__max_depth', None), ('regressor__regressor__max_features', 'sqrt'), ('regressor__regressor__min_samples_leaf', 0.001), ('regressor__regressor__min_samples_split', 0.001)])





OPTIMIZING HYPERPARAMETERS FOR REGRESSOR DT 	SEED: 69


Best parameters: OrderedDict([('regressor__regressor__ccp_alpha', 0.001), ('regressor__regressor__max_depth', None), ('regressor__regressor__max_features', 'log2'), ('regressor__regressor__min_samples_leaf', 0.001), ('regressor__regressor__min_samples_split', 0.001)])





OPTIMIZING HYPERPARAMETERS FOR REGRESSOR DT 	SEED: 69


Best parameters: OrderedDict([('regressor__regressor__ccp_alpha', 0.001), ('regressor__regressor__max_depth', None), ('regressor__regressor__max_features', 'sqrt'), ('regressor__regressor__min_samples_leaf', 0.001), ('regressor__regressor__min_samples_split', 0.001)])





OPTIMIZING HYPERPARAMETERS FOR REGRESSOR DT 	SEED: 420


Best parameters: OrderedDict([('regressor__regressor__ccp_alpha', 0.001), ('regressor__regressor__max_depth', None), ('regressor__regressor__max_features', None), ('regressor__regressor__min_samples_leaf', 0.001), ('regressor__regressor__min_samples_split', 0.001)])





OPTIMIZING HYPERPARAMETERS FOR REGRESSOR DT 	SEED: 420


Best parameters: OrderedDict([('regressor__regressor__ccp_alpha', 0.001), ('regressor__regressor__max_depth', None), ('regressor__regressor__max_features', None), ('regressor__regressor__min_samples_leaf', 0.001), ('regressor__regressor__min_samples_split', 0.001)])





OPTIMIZING HYPERPARAMETERS FOR REGRESSOR DT 	SEED: 420


Best parameters: OrderedDict([('regressor__regressor__ccp_alpha', 0.001), ('regressor__regressor__max_depth', None), ('regressor__regressor__max_features', 'sqrt'), ('regressor__regressor__min_samples_leaf', 0.001), ('regressor__regressor__min_samples_split', 0.001)])





OPTIMIZING HYPERPARAMETERS FOR REGRESSOR DT 	SEED: 420


Best parameters: OrderedDict([('regressor__regressor__ccp_alpha', 0.001), ('regressor__regressor__max_depth', None), ('regressor__regressor__max_features', 'log2'), ('regressor__regressor__min_samples_leaf', 0.001), ('regressor__regressor__min_samples_split', 0.001)])





OPTIMIZING HYPERPARAMETERS FOR REGRESSOR DT 	SEED: 420


Best parameters: OrderedDict([('regressor__regressor__ccp_alpha', 0.001), ('regressor__regressor__max_depth', None), ('regressor__regressor__max_features', 'log2'), ('regressor__regressor__min_samples_leaf', 0.001), ('regressor__regressor__min_samples_split', 0.001)])





OPTIMIZING HYPERPARAMETERS FOR REGRESSOR DT 	SEED: 1234567890


Best parameters: OrderedDict([('regressor__regressor__ccp_alpha', 0.001), ('regressor__regressor__max_depth', None), ('regressor__regressor__max_features', 'sqrt'), ('regressor__regressor__min_samples_leaf', 0.001), ('regressor__regressor__min_samples_split', 0.03833181110421974)])





OPTIMIZING HYPERPARAMETERS FOR REGRESSOR DT 	SEED: 1234567890


Best parameters: OrderedDict([('regressor__regressor__ccp_alpha', 0.001), ('regressor__regressor__max_depth', None), ('regressor__regressor__max_features', 'log2'), ('regressor__regressor__min_samples_leaf', 0.001), ('regressor__regressor__min_samples_split', 0.001)])





OPTIMIZING HYPERPARAMETERS FOR REGRESSOR DT 	SEED: 1234567890


Best parameters: OrderedDict([('regressor__regressor__ccp_alpha', 0.001), ('regressor__regressor__max_depth', None), ('regressor__regressor__max_features', 'log2'), ('regressor__regressor__min_samples_leaf', 0.001), ('regressor__regressor__min_samples_split', 0.001)])





OPTIMIZING HYPERPARAMETERS FOR REGRESSOR DT 	SEED: 1234567890


Best parameters: OrderedDict([('regressor__regressor__ccp_alpha', 0.001), ('regressor__regressor__max_depth', None), ('regressor__regressor__max_features', None), ('regressor__regressor__min_samples_leaf', 0.001), ('regressor__regressor__min_samples_split', 0.001)])





OPTIMIZING HYPERPARAMETERS FOR REGRESSOR DT 	SEED: 1234567890


Best parameters: OrderedDict([('regressor__regressor__ccp_alpha', 0.001), ('regressor__regressor__max_depth', None), ('regressor__regressor__max_features', 'log2'), ('regressor__regressor__min_samples_leaf', 0.001), ('regressor__regressor__min_samples_split', 0.001)])





OPTIMIZING HYPERPARAMETERS FOR REGRESSOR DT 	SEED: 473129


Best parameters: OrderedDict([('regressor__regressor__ccp_alpha', 0.001), ('regressor__regressor__max_depth', None), ('regressor__regressor__max_features', 'log2'), ('regressor__regressor__min_samples_leaf', 0.001), ('regressor__regressor__min_samples_split', 0.001)])





OPTIMIZING HYPERPARAMETERS FOR REGRESSOR DT 	SEED: 473129


Best parameters: OrderedDict([('regressor__regressor__ccp_alpha', 0.001), ('regressor__regressor__max_depth', None), ('regressor__regressor__max_features', None), ('regressor__regressor__min_samples_leaf', 0.001), ('regressor__regressor__min_samples_split', 0.001)])





OPTIMIZING HYPERPARAMETERS FOR REGRESSOR DT 	SEED: 473129


Best parameters: OrderedDict([('regressor__regressor__ccp_alpha', 0.001), ('regressor__regressor__max_depth', None), ('regressor__regressor__max_features', 'sqrt'), ('regressor__regressor__min_samples_leaf', 0.001), ('regressor__regressor__min_samples_split', 0.001)])





OPTIMIZING HYPERPARAMETERS FOR REGRESSOR DT 	SEED: 473129


Best parameters: OrderedDict([('regressor__regressor__ccp_alpha', 0.001), ('regressor__regressor__max_depth', None), ('regressor__regressor__max_features', 'log2'), ('regressor__regressor__min_samples_leaf', 0.001), ('regressor__regressor__min_samples_split', 0.001)])





OPTIMIZING HYPERPARAMETERS FOR REGRESSOR DT 	SEED: 473129


Best parameters: OrderedDict([('regressor__regressor__ccp_alpha', 0.001), ('regressor__regressor__max_depth', None), ('regressor__regressor__max_features', 'sqrt'), ('regressor__regressor__min_samples_leaf', 0.001), ('regressor__regressor__min_samples_split', 0.001)])


Average scores:	 r: 0.87±0.08	 r2: 0.74±0.17
Filename: (Xn-Mw-PDI)_DT_Standard
Done Saving scores!

------------------------------------------------------------
Sender: LSF System <lsfadmin@c200n07>
Subject: Job 592123: <numerical_DT_with_feats_on_log Rg (nm)_20250520> in cluster <Hazel> Done

Job <numerical_DT_with_feats_on_log Rg (nm)_20250520> was submitted from host <c203n14> by user <sdehgha2> in cluster <Hazel> at Tue May 27 11:36:17 2025
Job was executed on host(s) <4*c200n07>, in queue <single_chassis>, as user <sdehgha2> in cluster <Hazel> at Tue May 27 11:36:19 2025
</home/sdehgha2> was used as the home directory.
</share/ddomlab/sdehgha2/working-space/main/P1_pls-dataset/pls-dataset-space/PLS-Dataset/code_/training/hpc_submit_training_Rh> was used as the working directory.
Started at Tue May 27 11:36:19 2025
Terminated at Tue May 27 12:03:09 2025
Results reported at Tue May 27 12:03:09 2025

Your job looked like:

------------------------------------------------------------
# LSBATCH: User input

#BSUB -n 4
#BSUB -W 2:01
#BSUB -R span[hosts=1]
#BSUB -R "rusage[mem=8GB]"
#BSUB -J "numerical_DT_with_feats_on_log Rg (nm)_20250520"
#BSUB -o "/share/ddomlab/sdehgha2/working-space/main/P1_pls-dataset/pls-dataset-space/PLS-Dataset/results/hpc_20250520/numerical_DT_log Rg (nm)_20250520.out"
#BSUB -e "/share/ddomlab/sdehgha2/working-space/main/P1_pls-dataset/pls-dataset-space/PLS-Dataset/results/hpc_20250520/numerical_DT_log Rg (nm)_20250520.err"

source ~/.bashrc
conda activate /usr/local/usrapps/ddomlab/sdehgha2/pls-dataset-env
python ../train_numerical_only.py --target_features "log Rg (nm)"                                   --regressor_type "DT"                                   --numerical_feats "Xn" "Mw (g/mol)" "PDI" 

conda deactivate


------------------------------------------------------------

Successfully completed.

Resource usage summary:

    CPU time :                                   1560.00 sec.
    Max Memory :                                 2 GB
    Average Memory :                             1.77 GB
    Total Requested Memory :                     8.00 GB
    Delta Memory :                               6.00 GB
    Max Swap :                                   -
    Max Processes :                              26
    Max Threads :                                29
    Run time :                                   1617 sec.
    Turnaround time :                            1612 sec.

The output (if any) is above this job summary.



PS:

Read file </share/ddomlab/sdehgha2/working-space/main/P1_pls-dataset/pls-dataset-space/PLS-Dataset/results/hpc_20250520/numerical_DT_log Rg (nm)_20250520.err> for stderr output of this job.



Best parameters: OrderedDict([('regressor__regressor__ccp_alpha', 0.001), ('regressor__regressor__max_depth', None), ('regressor__regressor__max_features', None), ('regressor__regressor__min_samples_leaf', 0.001), ('regressor__regressor__min_samples_split', 0.001)])





OPTIMIZING HYPERPARAMETERS FOR REGRESSOR DT 	SEED: 6


Best parameters: OrderedDict([('regressor__regressor__ccp_alpha', 0.001), ('regressor__regressor__max_depth', None), ('regressor__regressor__max_features', 'sqrt'), ('regressor__regressor__min_samples_leaf', 0.001), ('regressor__regressor__min_samples_split', 0.001)])





OPTIMIZING HYPERPARAMETERS FOR REGRESSOR DT 	SEED: 6


Best parameters: OrderedDict([('regressor__regressor__ccp_alpha', 0.001), ('regressor__regressor__max_depth', None), ('regressor__regressor__max_features', None), ('regressor__regressor__min_samples_leaf', 0.001), ('regressor__regressor__min_samples_split', 0.001)])





OPTIMIZING HYPERPARAMETERS FOR REGRESSOR DT 	SEED: 6


Best parameters: OrderedDict([('regressor__regressor__ccp_alpha', 0.001), ('regressor__regressor__max_depth', None), ('regressor__regressor__max_features', None), ('regressor__regressor__min_samples_leaf', 0.001), ('regressor__regressor__min_samples_split', 0.001)])





OPTIMIZING HYPERPARAMETERS FOR REGRESSOR DT 	SEED: 6


Best parameters: OrderedDict([('regressor__regressor__ccp_alpha', 0.001), ('regressor__regressor__max_depth', None), ('regressor__regressor__max_features', None), ('regressor__regressor__min_samples_leaf', 0.001), ('regressor__regressor__min_samples_split', 0.001)])





OPTIMIZING HYPERPARAMETERS FOR REGRESSOR DT 	SEED: 13


Best parameters: OrderedDict([('regressor__regressor__ccp_alpha', 0.001), ('regressor__regressor__max_depth', None), ('regressor__regressor__max_features', None), ('regressor__regressor__min_samples_leaf', 0.001), ('regressor__regressor__min_samples_split', 0.001)])





OPTIMIZING HYPERPARAMETERS FOR REGRESSOR DT 	SEED: 13


Best parameters: OrderedDict([('regressor__regressor__ccp_alpha', 0.001), ('regressor__regressor__max_depth', None), ('regressor__regressor__max_features', None), ('regressor__regressor__min_samples_leaf', 0.001), ('regressor__regressor__min_samples_split', 0.001)])





OPTIMIZING HYPERPARAMETERS FOR REGRESSOR DT 	SEED: 13


Best parameters: OrderedDict([('regressor__regressor__ccp_alpha', 0.001), ('regressor__regressor__max_depth', None), ('regressor__regressor__max_features', 'log2'), ('regressor__regressor__min_samples_leaf', 0.001), ('regressor__regressor__min_samples_split', 0.001)])





OPTIMIZING HYPERPARAMETERS FOR REGRESSOR DT 	SEED: 13


Best parameters: OrderedDict([('regressor__regressor__ccp_alpha', 0.001), ('regressor__regressor__max_depth', None), ('regressor__regressor__max_features', None), ('regressor__regressor__min_samples_leaf', 0.001), ('regressor__regressor__min_samples_split', 0.03642437400299394)])





OPTIMIZING HYPERPARAMETERS FOR REGRESSOR DT 	SEED: 13


Best parameters: OrderedDict([('regressor__regressor__ccp_alpha', 0.001), ('regressor__regressor__max_depth', None), ('regressor__regressor__max_features', 'sqrt'), ('regressor__regressor__min_samples_leaf', 0.001), ('regressor__regressor__min_samples_split', 0.001)])





OPTIMIZING HYPERPARAMETERS FOR REGRESSOR DT 	SEED: 42


Best parameters: OrderedDict([('regressor__regressor__ccp_alpha', 0.001), ('regressor__regressor__max_depth', None), ('regressor__regressor__max_features', None), ('regressor__regressor__min_samples_leaf', 0.01250787864245375), ('regressor__regressor__min_samples_split', 0.001)])





OPTIMIZING HYPERPARAMETERS FOR REGRESSOR DT 	SEED: 42


Best parameters: OrderedDict([('regressor__regressor__ccp_alpha', 0.001), ('regressor__regressor__max_depth', None), ('regressor__regressor__max_features', None), ('regressor__regressor__min_samples_leaf', 0.001), ('regressor__regressor__min_samples_split', 0.001)])





OPTIMIZING HYPERPARAMETERS FOR REGRESSOR DT 	SEED: 42


Best parameters: OrderedDict([('regressor__regressor__ccp_alpha', 0.001), ('regressor__regressor__max_depth', None), ('regressor__regressor__max_features', None), ('regressor__regressor__min_samples_leaf', 0.001), ('regressor__regressor__min_samples_split', 0.001)])





OPTIMIZING HYPERPARAMETERS FOR REGRESSOR DT 	SEED: 42


Best parameters: OrderedDict([('regressor__regressor__ccp_alpha', 0.001), ('regressor__regressor__max_depth', None), ('regressor__regressor__max_features', 'log2'), ('regressor__regressor__min_samples_leaf', 0.001), ('regressor__regressor__min_samples_split', 0.001)])





OPTIMIZING HYPERPARAMETERS FOR REGRESSOR DT 	SEED: 42


Best parameters: OrderedDict([('regressor__regressor__ccp_alpha', 0.001), ('regressor__regressor__max_depth', None), ('regressor__regressor__max_features', None), ('regressor__regressor__min_samples_leaf', 0.001), ('regressor__regressor__min_samples_split', 0.001)])





OPTIMIZING HYPERPARAMETERS FOR REGRESSOR DT 	SEED: 69


Best parameters: OrderedDict([('regressor__regressor__ccp_alpha', 0.001), ('regressor__regressor__max_depth', None), ('regressor__regressor__max_features', None), ('regressor__regressor__min_samples_leaf', 0.001), ('regressor__regressor__min_samples_split', 0.001)])





OPTIMIZING HYPERPARAMETERS FOR REGRESSOR DT 	SEED: 69


Best parameters: OrderedDict([('regressor__regressor__ccp_alpha', 0.001), ('regressor__regressor__max_depth', None), ('regressor__regressor__max_features', None), ('regressor__regressor__min_samples_leaf', 0.001), ('regressor__regressor__min_samples_split', 0.001)])





OPTIMIZING HYPERPARAMETERS FOR REGRESSOR DT 	SEED: 69


Best parameters: OrderedDict([('regressor__regressor__ccp_alpha', 0.001), ('regressor__regressor__max_depth', None), ('regressor__regressor__max_features', None), ('regressor__regressor__min_samples_leaf', 0.001), ('regressor__regressor__min_samples_split', 0.0017711863942374059)])





OPTIMIZING HYPERPARAMETERS FOR REGRESSOR DT 	SEED: 69


Best parameters: OrderedDict([('regressor__regressor__ccp_alpha', 0.001), ('regressor__regressor__max_depth', None), ('regressor__regressor__max_features', 'sqrt'), ('regressor__regressor__min_samples_leaf', 0.001), ('regressor__regressor__min_samples_split', 0.001)])





OPTIMIZING HYPERPARAMETERS FOR REGRESSOR DT 	SEED: 69


Best parameters: OrderedDict([('regressor__regressor__ccp_alpha', 0.0011601681545444322), ('regressor__regressor__max_depth', None), ('regressor__regressor__max_features', None), ('regressor__regressor__min_samples_leaf', 0.006188555771301702), ('regressor__regressor__min_samples_split', 0.046404277435795296)])





OPTIMIZING HYPERPARAMETERS FOR REGRESSOR DT 	SEED: 420


Best parameters: OrderedDict([('regressor__regressor__ccp_alpha', 0.001), ('regressor__regressor__max_depth', None), ('regressor__regressor__max_features', None), ('regressor__regressor__min_samples_leaf', 0.001), ('regressor__regressor__min_samples_split', 0.001)])





OPTIMIZING HYPERPARAMETERS FOR REGRESSOR DT 	SEED: 420


Best parameters: OrderedDict([('regressor__regressor__ccp_alpha', 0.001), ('regressor__regressor__max_depth', None), ('regressor__regressor__max_features', None), ('regressor__regressor__min_samples_leaf', 0.001), ('regressor__regressor__min_samples_split', 0.001)])





OPTIMIZING HYPERPARAMETERS FOR REGRESSOR DT 	SEED: 420


Best parameters: OrderedDict([('regressor__regressor__ccp_alpha', 0.001), ('regressor__regressor__max_depth', None), ('regressor__regressor__max_features', None), ('regressor__regressor__min_samples_leaf', 0.001), ('regressor__regressor__min_samples_split', 0.001)])





OPTIMIZING HYPERPARAMETERS FOR REGRESSOR DT 	SEED: 420


Best parameters: OrderedDict([('regressor__regressor__ccp_alpha', 0.001), ('regressor__regressor__max_depth', None), ('regressor__regressor__max_features', 'log2'), ('regressor__regressor__min_samples_leaf', 0.001), ('regressor__regressor__min_samples_split', 0.001)])





OPTIMIZING HYPERPARAMETERS FOR REGRESSOR DT 	SEED: 420


Best parameters: OrderedDict([('regressor__regressor__ccp_alpha', 0.001), ('regressor__regressor__max_depth', None), ('regressor__regressor__max_features', None), ('regressor__regressor__min_samples_leaf', 0.001), ('regressor__regressor__min_samples_split', 0.001)])





OPTIMIZING HYPERPARAMETERS FOR REGRESSOR DT 	SEED: 1234567890


Best parameters: OrderedDict([('regressor__regressor__ccp_alpha', 0.001), ('regressor__regressor__max_depth', None), ('regressor__regressor__max_features', None), ('regressor__regressor__min_samples_leaf', 0.001), ('regressor__regressor__min_samples_split', 0.001)])





OPTIMIZING HYPERPARAMETERS FOR REGRESSOR DT 	SEED: 1234567890


Best parameters: OrderedDict([('regressor__regressor__ccp_alpha', 0.001), ('regressor__regressor__max_depth', None), ('regressor__regressor__max_features', None), ('regressor__regressor__min_samples_leaf', 0.001), ('regressor__regressor__min_samples_split', 0.001)])





OPTIMIZING HYPERPARAMETERS FOR REGRESSOR DT 	SEED: 1234567890


Best parameters: OrderedDict([('regressor__regressor__ccp_alpha', 0.001), ('regressor__regressor__max_depth', None), ('regressor__regressor__max_features', None), ('regressor__regressor__min_samples_leaf', 0.001), ('regressor__regressor__min_samples_split', 0.001)])





OPTIMIZING HYPERPARAMETERS FOR REGRESSOR DT 	SEED: 1234567890


Best parameters: OrderedDict([('regressor__regressor__ccp_alpha', 0.001), ('regressor__regressor__max_depth', None), ('regressor__regressor__max_features', 'log2'), ('regressor__regressor__min_samples_leaf', 0.001), ('regressor__regressor__min_samples_split', 0.001)])





OPTIMIZING HYPERPARAMETERS FOR REGRESSOR DT 	SEED: 1234567890


Best parameters: OrderedDict([('regressor__regressor__ccp_alpha', 0.001), ('regressor__regressor__max_depth', None), ('regressor__regressor__max_features', None), ('regressor__regressor__min_samples_leaf', 0.015091259901704762), ('regressor__regressor__min_samples_split', 0.001)])





OPTIMIZING HYPERPARAMETERS FOR REGRESSOR DT 	SEED: 473129


Best parameters: OrderedDict([('regressor__regressor__ccp_alpha', 0.001), ('regressor__regressor__max_depth', None), ('regressor__regressor__max_features', 'sqrt'), ('regressor__regressor__min_samples_leaf', 0.001), ('regressor__regressor__min_samples_split', 0.029004161428402106)])





OPTIMIZING HYPERPARAMETERS FOR REGRESSOR DT 	SEED: 473129


Best parameters: OrderedDict([('regressor__regressor__ccp_alpha', 0.001), ('regressor__regressor__max_depth', None), ('regressor__regressor__max_features', None), ('regressor__regressor__min_samples_leaf', 0.001), ('regressor__regressor__min_samples_split', 0.001)])





OPTIMIZING HYPERPARAMETERS FOR REGRESSOR DT 	SEED: 473129


Best parameters: OrderedDict([('regressor__regressor__ccp_alpha', 0.001), ('regressor__regressor__max_depth', None), ('regressor__regressor__max_features', 'sqrt'), ('regressor__regressor__min_samples_leaf', 0.001), ('regressor__regressor__min_samples_split', 0.001)])





OPTIMIZING HYPERPARAMETERS FOR REGRESSOR DT 	SEED: 473129


Best parameters: OrderedDict([('regressor__regressor__ccp_alpha', 0.001), ('regressor__regressor__max_depth', None), ('regressor__regressor__max_features', None), ('regressor__regressor__min_samples_leaf', 0.001), ('regressor__regressor__min_samples_split', 0.001)])





OPTIMIZING HYPERPARAMETERS FOR REGRESSOR DT 	SEED: 473129


Best parameters: OrderedDict([('regressor__regressor__ccp_alpha', 0.001), ('regressor__regressor__max_depth', None), ('regressor__regressor__max_features', None), ('regressor__regressor__min_samples_leaf', 0.001), ('regressor__regressor__min_samples_split', 0.001)])


Average scores:	 r: 0.91±0.07	 r2: 0.81±0.15
Filename: (Xn-Mw-PDI-concentration-temperature-polymer dP-polymer dD-polymer dH-solvent dP-solvent dD-solvent dH)_DT_Standard
Done Saving scores!

------------------------------------------------------------
Sender: LSF System <lsfadmin@c203n14>
Subject: Job 592138: <numerical_DT_with_feats_on_log Rg (nm)_20250520> in cluster <Hazel> Done

Job <numerical_DT_with_feats_on_log Rg (nm)_20250520> was submitted from host <c200n11> by user <sdehgha2> in cluster <Hazel> at Tue May 27 11:37:15 2025
Job was executed on host(s) <4*c203n14>, in queue <single_chassis>, as user <sdehgha2> in cluster <Hazel> at Tue May 27 11:41:03 2025
</home/sdehgha2> was used as the home directory.
</share/ddomlab/sdehgha2/working-space/main/P1_pls-dataset/pls-dataset-space/PLS-Dataset/code_/training/hpc_submit_training_Rh> was used as the working directory.
Started at Tue May 27 11:41:03 2025
Terminated at Tue May 27 12:05:07 2025
Results reported at Tue May 27 12:05:07 2025

Your job looked like:

------------------------------------------------------------
# LSBATCH: User input

#BSUB -n 4
#BSUB -W 2:01
#BSUB -R span[hosts=1]
#BSUB -R "rusage[mem=8GB]"
#BSUB -J "numerical_DT_with_feats_on_log Rg (nm)_20250520"
#BSUB -o "/share/ddomlab/sdehgha2/working-space/main/P1_pls-dataset/pls-dataset-space/PLS-Dataset/results/hpc_20250520/numerical_DT_log Rg (nm)_20250520.out"
#BSUB -e "/share/ddomlab/sdehgha2/working-space/main/P1_pls-dataset/pls-dataset-space/PLS-Dataset/results/hpc_20250520/numerical_DT_log Rg (nm)_20250520.err"

source ~/.bashrc
conda activate /usr/local/usrapps/ddomlab/sdehgha2/pls-dataset-env
python ../train_numerical_only.py --target_features "log Rg (nm)"                                   --regressor_type "DT"                                   --numerical_feats 'Xn' 'Mw (g/mol)' 'PDI' 'Concentration (mg/ml)' 'Temperature SANS/SLS/DLS/SEC (K)' "polymer dP" "polymer dD" "polymer dH" 'solvent dP' 'solvent dD' 'solvent dH'

conda deactivate


------------------------------------------------------------

Successfully completed.

Resource usage summary:

    CPU time :                                   1541.00 sec.
    Max Memory :                                 2 GB
    Average Memory :                             1.92 GB
    Total Requested Memory :                     8.00 GB
    Delta Memory :                               6.00 GB
    Max Swap :                                   -
    Max Processes :                              26
    Max Threads :                                29
    Run time :                                   1423 sec.
    Turnaround time :                            1672 sec.

The output (if any) is above this job summary.



PS:

Read file </share/ddomlab/sdehgha2/working-space/main/P1_pls-dataset/pls-dataset-space/PLS-Dataset/results/hpc_20250520/numerical_DT_log Rg (nm)_20250520.err> for stderr output of this job.

