DPPDTT
-------- OOD Parallel --------
-------- IID Parallel --------
-------- OOD Parallel --------
-------- IID Parallel --------
-------- OOD Parallel --------
-------- IID Parallel --------
-------- OOD Parallel --------
-------- IID Parallel --------
-------- OOD Parallel --------
-------- IID Parallel --------
-------- OOD Parallel --------
-------- IID Parallel --------
MBL-PPV
-------- OOD Parallel --------
-------- IID Parallel --------
-------- OOD Parallel --------
-------- IID Parallel --------
-------- OOD Parallel --------
-------- IID Parallel --------
-------- OOD Parallel --------
-------- IID Parallel --------
-------- OOD Parallel --------
-------- IID Parallel --------
-------- OOD Parallel --------
-------- IID Parallel --------
MEH-PPV
-------- OOD Parallel --------
-------- IID Parallel --------
-------- OOD Parallel --------
-------- IID Parallel --------
-------- OOD Parallel --------
-------- IID Parallel --------
-------- OOD Parallel --------
-------- IID Parallel --------
-------- OOD Parallel --------
-------- IID Parallel --------
-------- OOD Parallel --------
-------- IID Parallel --------
P3(4MP)T
-------- OOD Parallel --------
-------- IID Parallel --------
-------- OOD Parallel --------
-------- IID Parallel --------
-------- OOD Parallel --------
-------- IID Parallel --------
-------- OOD Parallel --------
-------- IID Parallel --------
-------- OOD Parallel --------
-------- IID Parallel --------
-------- OOD Parallel --------
-------- IID Parallel --------
P3DDT
-------- OOD Parallel --------
-------- IID Parallel --------
-------- OOD Parallel --------
-------- IID Parallel --------
-------- OOD Parallel --------
-------- IID Parallel --------
-------- OOD Parallel --------
-------- IID Parallel --------
-------- OOD Parallel --------
-------- IID Parallel --------
-------- OOD Parallel --------
-------- IID Parallel --------
P3EHT
-------- OOD Parallel --------
-------- IID Parallel --------
-------- OOD Parallel --------
-------- IID Parallel --------
-------- OOD Parallel --------
-------- IID Parallel --------
-------- OOD Parallel --------
-------- IID Parallel --------
-------- OOD Parallel --------
-------- IID Parallel --------
-------- OOD Parallel --------
-------- IID Parallel --------
P3EOT
-------- OOD Parallel --------
-------- IID Parallel --------
-------- OOD Parallel --------
-------- IID Parallel --------
-------- OOD Parallel --------
-------- IID Parallel --------
-------- OOD Parallel --------
-------- IID Parallel --------
-------- OOD Parallel --------
-------- IID Parallel --------
-------- OOD Parallel --------
-------- IID Parallel --------
P3OT
-------- OOD Parallel --------
-------- IID Parallel --------
-------- OOD Parallel --------
-------- IID Parallel --------
-------- OOD Parallel --------
-------- IID Parallel --------
-------- OOD Parallel --------
-------- IID Parallel --------
-------- OOD Parallel --------
-------- IID Parallel --------
-------- OOD Parallel --------
-------- IID Parallel --------
P7DPF
-------- OOD Parallel --------
-------- IID Parallel --------
-------- OOD Parallel --------
-------- IID Parallel --------
-------- OOD Parallel --------
-------- IID Parallel --------
-------- OOD Parallel --------
-------- IID Parallel --------
-------- OOD Parallel --------
-------- IID Parallel --------
-------- OOD Parallel --------
-------- IID Parallel --------
PBTTT-C14
-------- OOD Parallel --------
-------- IID Parallel --------
-------- OOD Parallel --------
-------- IID Parallel --------
-------- OOD Parallel --------
-------- IID Parallel --------
-------- OOD Parallel --------
-------- IID Parallel --------
-------- OOD Parallel --------
-------- IID Parallel --------
-------- OOD Parallel --------
-------- IID Parallel --------
PFO
-------- OOD Parallel --------
-------- IID Parallel --------
-------- OOD Parallel --------
-------- IID Parallel --------
-------- OOD Parallel --------
-------- IID Parallel --------
-------- OOD Parallel --------
-------- IID Parallel --------
-------- OOD Parallel --------
-------- IID Parallel --------
-------- OOD Parallel --------

------------------------------------------------------------
Sender: LSF System <lsfadmin@c012n03>
Subject: Job 313468: <RF_log Rg (nm)_Mordred_Trimer_canonical_name_20250520> in cluster <Hazel> Exited

Job <RF_log Rg (nm)_Mordred_Trimer_canonical_name_20250520> was submitted from host <c011n01> by user <sdehgha2> in cluster <Hazel> at Tue May 20 09:44:22 2025
Job was executed on host(s) <10*c012n03>, in queue <single_chassis>, as user <sdehgha2> in cluster <Hazel> at Tue May 20 09:44:23 2025
</home/sdehgha2> was used as the home directory.
</share/ddomlab/sdehgha2/working-space/main/P1_pls-dataset/pls-dataset-space/PLS-Dataset/code_/training/hpc_submit_training_Rh> was used as the working directory.
Started at Tue May 20 09:44:23 2025
Terminated at Tue May 20 10:18:10 2025
Results reported at Tue May 20 10:18:10 2025

Your job looked like:

------------------------------------------------------------
# LSBATCH: User input



#BSUB -n 10
#BSUB -W 10:30
#BSUB -R span[hosts=1]
#BSUB -R "rusage[mem=16GB]"
#BSUB -J "RF_log Rg (nm)_Mordred_Trimer_canonical_name_20250520"  
#BSUB -o "/share/ddomlab/sdehgha2/working-space/main/P1_pls-dataset/pls-dataset-space/PLS-Dataset/results/hpc_20250520/RF_log Rg (nm)_Mordred_Trimer_canonical_name_lc_20250520.out"
#BSUB -e "/share/ddomlab/sdehgha2/working-space/main/P1_pls-dataset/pls-dataset-space/PLS-Dataset/results/hpc_20250520/RF_log Rg (nm)_Mordred_Trimer_canonical_name_lc_20250520.err"

source ~/.bashrc
conda activate /usr/local/usrapps/ddomlab/sdehgha2/pls-dataset-env
python ../make_ood_learning_curve.py --target_features "log Rg (nm)"                                       --representation "Mordred"                                       --regressor_type "RF"                                       --oligomer_representation "Trimer"                                       --numerical_feats 'Xn' 'Mw (g/mol)' 'PDI' 'Concentration (mg/ml)' 'Temperature SANS/SLS/DLS/SEC (K)' "polymer dP" "polymer dD" "polymer dH" 'solvent dP' 'solvent dD' 'solvent dH'                                       --clustering_method "canonical_name" 



------------------------------------------------------------

Exited with exit code 1.

Resource usage summary:

    CPU time :                                   31262.00 sec.
    Max Memory :                                 7 GB
    Average Memory :                             6.68 GB
    Total Requested Memory :                     16.00 GB
    Delta Memory :                               9.00 GB
    Max Swap :                                   -
    Max Processes :                              38
    Max Threads :                                1071
    Run time :                                   2050 sec.
    Turnaround time :                            2028 sec.

The output (if any) is above this job summary.



PS:

Read file </share/ddomlab/sdehgha2/working-space/main/P1_pls-dataset/pls-dataset-space/PLS-Dataset/results/hpc_20250520/RF_log Rg (nm)_Mordred_Trimer_canonical_name_lc_20250520.err> for stderr output of this job.

