
------------------------------------------------------------
Sender: LSF System <lsfadmin@c200n03>
Subject: Job 257287: <NGB_Rg1 (nm)_ECFP_Trimer_20250205> in cluster <Hazel> Exited

Job <NGB_Rg1 (nm)_ECFP_Trimer_20250205> was submitted from host <c012n03> by user <sdehgha2> in cluster <Hazel> at Sun Mar  9 18:00:05 2025
Job was executed on host(s) <8*c200n03>, in queue <single_chassis>, as user <sdehgha2> in cluster <Hazel> at Sun Mar  9 18:00:05 2025
</home/sdehgha2> was used as the home directory.
</share/ddomlab/sdehgha2/working-space/main/P1_pls-dataset/pls-dataset-space/PLS-Dataset/code_/training/hpc_submit_training_Rh> was used as the working directory.
Started at Sun Mar  9 18:00:05 2025
Terminated at Sun Mar  9 18:00:17 2025
Results reported at Sun Mar  9 18:00:17 2025

Your job looked like:

------------------------------------------------------------
# LSBATCH: User input



#BSUB -n 8
#BSUB -W 72:05
#BSUB -R span[hosts=1]
#BSUB -R "rusage[mem=16GB]"
#BSUB -J "NGB_Rg1 (nm)_ECFP_Trimer_20250205"  
#BSUB -o "/share/ddomlab/sdehgha2/working-space/main/P1_pls-dataset/pls-dataset-space/PLS-Dataset/results/hpc_20250205/NGB_Rg1 (nm)_ECFP_Trimer_3_count_20250205.out"
#BSUB -e "/share/ddomlab/sdehgha2/working-space/main/P1_pls-dataset/pls-dataset-space/PLS-Dataset/results/hpc_20250205/NGB_Rg1 (nm)_ECFP_Trimer_3_count_20250205.err"

source ~/.bashrc
conda activate /usr/local/usrapps/ddomlab/sdehgha2/pls-dataset-env
python ../train_structure_numerical.py --target_features "Rg1 (nm)"                                       --representation "ECFP"                                       --regressor_type "NGB"                                       --radius "3"                                       --vector "count"                                       --oligomer_representation "Trimer"                                       --numerical_feats 'Mn (g/mol)' 'PDI' 'Mw (g/mol)' 'Concentration (mg/ml)' 'Temperature SANS/SLS/DLS/SEC (K)' "polymer dP" "polymer dD" "polymer dH" 'solvent dP' 'solvent dD' 'solvent dH'                                       --clustering_method "EG-Ionic-Based Cluster" 



------------------------------------------------------------

TERM_OWNER: job killed by owner.
Exited with exit code 130.

Resource usage summary:

    CPU time :                                   0.91 sec.
    Max Memory :                                 -
    Average Memory :                             -
    Total Requested Memory :                     16.00 GB
    Delta Memory :                               -
    Max Swap :                                   -
    Max Processes :                              4
    Max Threads :                                5
    Run time :                                   35 sec.
    Turnaround time :                            12 sec.

The output (if any) is above this job summary.



PS:

Read file </share/ddomlab/sdehgha2/working-space/main/P1_pls-dataset/pls-dataset-space/PLS-Dataset/results/hpc_20250205/NGB_Rg1 (nm)_ECFP_Trimer_3_count_20250205.err> for stderr output of this job.


------------------------------------------------------------
Sender: LSF System <lsfadmin@c201n14>
Subject: Job 257284: <NGB_Rg1 (nm)_ECFP_Trimer_20250205> in cluster <Hazel> Exited

Job <NGB_Rg1 (nm)_ECFP_Trimer_20250205> was submitted from host <c012n03> by user <sdehgha2> in cluster <Hazel> at Sun Mar  9 18:00:04 2025
Job was executed on host(s) <8*c201n14>, in queue <single_chassis>, as user <sdehgha2> in cluster <Hazel> at Sun Mar  9 18:00:05 2025
</home/sdehgha2> was used as the home directory.
</share/ddomlab/sdehgha2/working-space/main/P1_pls-dataset/pls-dataset-space/PLS-Dataset/code_/training/hpc_submit_training_Rh> was used as the working directory.
Started at Sun Mar  9 18:00:05 2025
Terminated at Sun Mar  9 18:00:17 2025
Results reported at Sun Mar  9 18:00:17 2025

Your job looked like:

------------------------------------------------------------
# LSBATCH: User input



#BSUB -n 8
#BSUB -W 72:05
#BSUB -R span[hosts=1]
#BSUB -R "rusage[mem=16GB]"
#BSUB -J "NGB_Rg1 (nm)_ECFP_Trimer_20250205"  
#BSUB -o "/share/ddomlab/sdehgha2/working-space/main/P1_pls-dataset/pls-dataset-space/PLS-Dataset/results/hpc_20250205/NGB_Rg1 (nm)_ECFP_Trimer_3_count_20250205.out"
#BSUB -e "/share/ddomlab/sdehgha2/working-space/main/P1_pls-dataset/pls-dataset-space/PLS-Dataset/results/hpc_20250205/NGB_Rg1 (nm)_ECFP_Trimer_3_count_20250205.err"

source ~/.bashrc
conda activate /usr/local/usrapps/ddomlab/sdehgha2/pls-dataset-env
python ../train_structure_numerical.py --target_features "Rg1 (nm)"                                       --representation "ECFP"                                       --regressor_type "NGB"                                       --radius "3"                                       --vector "count"                                       --oligomer_representation "Trimer"                                       --numerical_feats 'Mn (g/mol)' 'PDI' 'Mw (g/mol)' 'Concentration (mg/ml)' 'Temperature SANS/SLS/DLS/SEC (K)' "polymer dP" "polymer dD" "polymer dH" 'solvent dP' 'solvent dD' 'solvent dH'                                       --clustering_method "KM4 ECFP6_Count_512bit cluster" 



------------------------------------------------------------

TERM_OWNER: job killed by owner.
Exited with exit code 130.

Resource usage summary:

    CPU time :                                   1.70 sec.
    Max Memory :                                 -
    Average Memory :                             -
    Total Requested Memory :                     16.00 GB
    Delta Memory :                               -
    Max Swap :                                   -
    Max Processes :                              4
    Max Threads :                                5
    Run time :                                   38 sec.
    Turnaround time :                            13 sec.

The output (if any) is above this job summary.



PS:

Read file </share/ddomlab/sdehgha2/working-space/main/P1_pls-dataset/pls-dataset-space/PLS-Dataset/results/hpc_20250205/NGB_Rg1 (nm)_ECFP_Trimer_3_count_20250205.err> for stderr output of this job.


------------------------------------------------------------
Sender: LSF System <lsfadmin@c200n06>
Subject: Job 257285: <NGB_Rg1 (nm)_ECFP_Trimer_20250205> in cluster <Hazel> Exited

Job <NGB_Rg1 (nm)_ECFP_Trimer_20250205> was submitted from host <c012n03> by user <sdehgha2> in cluster <Hazel> at Sun Mar  9 18:00:04 2025
Job was executed on host(s) <8*c200n06>, in queue <single_chassis>, as user <sdehgha2> in cluster <Hazel> at Sun Mar  9 18:00:05 2025
</home/sdehgha2> was used as the home directory.
</share/ddomlab/sdehgha2/working-space/main/P1_pls-dataset/pls-dataset-space/PLS-Dataset/code_/training/hpc_submit_training_Rh> was used as the working directory.
Started at Sun Mar  9 18:00:05 2025
Terminated at Sun Mar  9 18:00:17 2025
Results reported at Sun Mar  9 18:00:17 2025

Your job looked like:

------------------------------------------------------------
# LSBATCH: User input



#BSUB -n 8
#BSUB -W 72:05
#BSUB -R span[hosts=1]
#BSUB -R "rusage[mem=16GB]"
#BSUB -J "NGB_Rg1 (nm)_ECFP_Trimer_20250205"  
#BSUB -o "/share/ddomlab/sdehgha2/working-space/main/P1_pls-dataset/pls-dataset-space/PLS-Dataset/results/hpc_20250205/NGB_Rg1 (nm)_ECFP_Trimer_3_count_20250205.out"
#BSUB -e "/share/ddomlab/sdehgha2/working-space/main/P1_pls-dataset/pls-dataset-space/PLS-Dataset/results/hpc_20250205/NGB_Rg1 (nm)_ECFP_Trimer_3_count_20250205.err"

source ~/.bashrc
conda activate /usr/local/usrapps/ddomlab/sdehgha2/pls-dataset-env
python ../train_structure_numerical.py --target_features "Rg1 (nm)"                                       --representation "ECFP"                                       --regressor_type "NGB"                                       --radius "3"                                       --vector "count"                                       --oligomer_representation "Trimer"                                       --numerical_feats 'Mn (g/mol)' 'PDI' 'Mw (g/mol)' 'Concentration (mg/ml)' 'Temperature SANS/SLS/DLS/SEC (K)' "polymer dP" "polymer dD" "polymer dH" 'solvent dP' 'solvent dD' 'solvent dH'                                       --clustering_method "KM3 Mordred cluster" 



------------------------------------------------------------

TERM_OWNER: job killed by owner.
Exited with exit code 130.

Resource usage summary:

    CPU time :                                   1.01 sec.
    Max Memory :                                 -
    Average Memory :                             -
    Total Requested Memory :                     16.00 GB
    Delta Memory :                               -
    Max Swap :                                   -
    Max Processes :                              4
    Max Threads :                                5
    Run time :                                   16 sec.
    Turnaround time :                            13 sec.

The output (if any) is above this job summary.



PS:

Read file </share/ddomlab/sdehgha2/working-space/main/P1_pls-dataset/pls-dataset-space/PLS-Dataset/results/hpc_20250205/NGB_Rg1 (nm)_ECFP_Trimer_3_count_20250205.err> for stderr output of this job.


------------------------------------------------------------
Sender: LSF System <lsfadmin@c200n09>
Subject: Job 257289: <NGB_Rg1 (nm)_ECFP_Trimer_20250205> in cluster <Hazel> Exited

Job <NGB_Rg1 (nm)_ECFP_Trimer_20250205> was submitted from host <c012n03> by user <sdehgha2> in cluster <Hazel> at Sun Mar  9 18:00:05 2025
Job was executed on host(s) <8*c200n09>, in queue <single_chassis>, as user <sdehgha2> in cluster <Hazel> at Sun Mar  9 18:00:06 2025
</home/sdehgha2> was used as the home directory.
</share/ddomlab/sdehgha2/working-space/main/P1_pls-dataset/pls-dataset-space/PLS-Dataset/code_/training/hpc_submit_training_Rh> was used as the working directory.
Started at Sun Mar  9 18:00:06 2025
Terminated at Sun Mar  9 18:00:17 2025
Results reported at Sun Mar  9 18:00:17 2025

Your job looked like:

------------------------------------------------------------
# LSBATCH: User input



#BSUB -n 8
#BSUB -W 72:05
#BSUB -R span[hosts=1]
#BSUB -R "rusage[mem=16GB]"
#BSUB -J "NGB_Rg1 (nm)_ECFP_Trimer_20250205"  
#BSUB -o "/share/ddomlab/sdehgha2/working-space/main/P1_pls-dataset/pls-dataset-space/PLS-Dataset/results/hpc_20250205/NGB_Rg1 (nm)_ECFP_Trimer_3_count_20250205.out"
#BSUB -e "/share/ddomlab/sdehgha2/working-space/main/P1_pls-dataset/pls-dataset-space/PLS-Dataset/results/hpc_20250205/NGB_Rg1 (nm)_ECFP_Trimer_3_count_20250205.err"

source ~/.bashrc
conda activate /usr/local/usrapps/ddomlab/sdehgha2/pls-dataset-env
python ../train_structure_numerical.py --target_features "Rg1 (nm)"                                       --representation "ECFP"                                       --regressor_type "NGB"                                       --radius "3"                                       --vector "count"                                       --oligomer_representation "Trimer"                                       --numerical_feats 'Mn (g/mol)' 'PDI' 'Mw (g/mol)' 'Concentration (mg/ml)' 'Temperature SANS/SLS/DLS/SEC (K)' "polymer dP" "polymer dD" "polymer dH" 'solvent dP' 'solvent dD' 'solvent dH'                                       --clustering_method "KM4 polymer_solvent HSP cluster" 



------------------------------------------------------------

TERM_OWNER: job killed by owner.
Exited with exit code 130.

Resource usage summary:

    CPU time :                                   1.00 sec.
    Max Memory :                                 -
    Average Memory :                             -
    Total Requested Memory :                     16.00 GB
    Delta Memory :                               -
    Max Swap :                                   -
    Max Processes :                              4
    Max Threads :                                5
    Run time :                                   26 sec.
    Turnaround time :                            12 sec.

The output (if any) is above this job summary.



PS:

Read file </share/ddomlab/sdehgha2/working-space/main/P1_pls-dataset/pls-dataset-space/PLS-Dataset/results/hpc_20250205/NGB_Rg1 (nm)_ECFP_Trimer_3_count_20250205.err> for stderr output of this job.


------------------------------------------------------------
Sender: LSF System <lsfadmin@c203n11>
Subject: Job 257290: <NGB_Rg1 (nm)_ECFP_Trimer_20250205> in cluster <Hazel> Exited

Job <NGB_Rg1 (nm)_ECFP_Trimer_20250205> was submitted from host <c012n03> by user <sdehgha2> in cluster <Hazel> at Sun Mar  9 18:00:05 2025
Job was executed on host(s) <8*c203n11>, in queue <single_chassis>, as user <sdehgha2> in cluster <Hazel> at Sun Mar  9 18:00:06 2025
</home/sdehgha2> was used as the home directory.
</share/ddomlab/sdehgha2/working-space/main/P1_pls-dataset/pls-dataset-space/PLS-Dataset/code_/training/hpc_submit_training_Rh> was used as the working directory.
Started at Sun Mar  9 18:00:06 2025
Terminated at Sun Mar  9 18:00:17 2025
Results reported at Sun Mar  9 18:00:17 2025

Your job looked like:

------------------------------------------------------------
# LSBATCH: User input



#BSUB -n 8
#BSUB -W 72:05
#BSUB -R span[hosts=1]
#BSUB -R "rusage[mem=16GB]"
#BSUB -J "NGB_Rg1 (nm)_ECFP_Trimer_20250205"  
#BSUB -o "/share/ddomlab/sdehgha2/working-space/main/P1_pls-dataset/pls-dataset-space/PLS-Dataset/results/hpc_20250205/NGB_Rg1 (nm)_ECFP_Trimer_3_count_20250205.out"
#BSUB -e "/share/ddomlab/sdehgha2/working-space/main/P1_pls-dataset/pls-dataset-space/PLS-Dataset/results/hpc_20250205/NGB_Rg1 (nm)_ECFP_Trimer_3_count_20250205.err"

source ~/.bashrc
conda activate /usr/local/usrapps/ddomlab/sdehgha2/pls-dataset-env
python ../train_structure_numerical.py --target_features "Rg1 (nm)"                                       --representation "ECFP"                                       --regressor_type "NGB"                                       --radius "3"                                       --vector "count"                                       --oligomer_representation "Trimer"                                       --numerical_feats 'Mn (g/mol)' 'PDI' 'Mw (g/mol)' 'Concentration (mg/ml)' 'Temperature SANS/SLS/DLS/SEC (K)' "polymer dP" "polymer dD" "polymer dH" 'solvent dP' 'solvent dD' 'solvent dH'                                       --clustering_method "KM4 Mordred_Polysize cluster" 



------------------------------------------------------------

TERM_OWNER: job killed by owner.
Exited with exit code 130.

Resource usage summary:

    CPU time :                                   1.02 sec.
    Max Memory :                                 -
    Average Memory :                             -
    Total Requested Memory :                     16.00 GB
    Delta Memory :                               -
    Max Swap :                                   -
    Max Processes :                              4
    Max Threads :                                5
    Run time :                                   16 sec.
    Turnaround time :                            12 sec.

The output (if any) is above this job summary.



PS:

Read file </share/ddomlab/sdehgha2/working-space/main/P1_pls-dataset/pls-dataset-space/PLS-Dataset/results/hpc_20250205/NGB_Rg1 (nm)_ECFP_Trimer_3_count_20250205.err> for stderr output of this job.


------------------------------------------------------------
Sender: LSF System <lsfadmin@c200n08>
Subject: Job 257288: <NGB_Rg1 (nm)_ECFP_Trimer_20250205> in cluster <Hazel> Exited

Job <NGB_Rg1 (nm)_ECFP_Trimer_20250205> was submitted from host <c012n03> by user <sdehgha2> in cluster <Hazel> at Sun Mar  9 18:00:05 2025
Job was executed on host(s) <8*c200n08>, in queue <single_chassis>, as user <sdehgha2> in cluster <Hazel> at Sun Mar  9 18:00:06 2025
</home/sdehgha2> was used as the home directory.
</share/ddomlab/sdehgha2/working-space/main/P1_pls-dataset/pls-dataset-space/PLS-Dataset/code_/training/hpc_submit_training_Rh> was used as the working directory.
Started at Sun Mar  9 18:00:06 2025
Terminated at Sun Mar  9 18:00:18 2025
Results reported at Sun Mar  9 18:00:18 2025

Your job looked like:

------------------------------------------------------------
# LSBATCH: User input



#BSUB -n 8
#BSUB -W 72:05
#BSUB -R span[hosts=1]
#BSUB -R "rusage[mem=16GB]"
#BSUB -J "NGB_Rg1 (nm)_ECFP_Trimer_20250205"  
#BSUB -o "/share/ddomlab/sdehgha2/working-space/main/P1_pls-dataset/pls-dataset-space/PLS-Dataset/results/hpc_20250205/NGB_Rg1 (nm)_ECFP_Trimer_3_count_20250205.out"
#BSUB -e "/share/ddomlab/sdehgha2/working-space/main/P1_pls-dataset/pls-dataset-space/PLS-Dataset/results/hpc_20250205/NGB_Rg1 (nm)_ECFP_Trimer_3_count_20250205.err"

source ~/.bashrc
conda activate /usr/local/usrapps/ddomlab/sdehgha2/pls-dataset-env
python ../train_structure_numerical.py --target_features "Rg1 (nm)"                                       --representation "ECFP"                                       --regressor_type "NGB"                                       --radius "3"                                       --vector "count"                                       --oligomer_representation "Trimer"                                       --numerical_feats 'Mn (g/mol)' 'PDI' 'Mw (g/mol)' 'Concentration (mg/ml)' 'Temperature SANS/SLS/DLS/SEC (K)' "polymer dP" "polymer dD" "polymer dH" 'solvent dP' 'solvent dD' 'solvent dH'                                       --clustering_method "KM5 polymer_solvent HSP and polysize cluster" 



------------------------------------------------------------

TERM_OWNER: job killed by owner.
Exited with exit code 130.

Resource usage summary:

    CPU time :                                   2.32 sec.
    Max Memory :                                 -
    Average Memory :                             -
    Total Requested Memory :                     16.00 GB
    Delta Memory :                               -
    Max Swap :                                   -
    Max Processes :                              4
    Max Threads :                                5
    Run time :                                   35 sec.
    Turnaround time :                            13 sec.

The output (if any) is above this job summary.



PS:

Read file </share/ddomlab/sdehgha2/working-space/main/P1_pls-dataset/pls-dataset-space/PLS-Dataset/results/hpc_20250205/NGB_Rg1 (nm)_ECFP_Trimer_3_count_20250205.err> for stderr output of this job.


------------------------------------------------------------
Sender: LSF System <lsfadmin@c200n04>
Subject: Job 257286: <NGB_Rg1 (nm)_ECFP_Trimer_20250205> in cluster <Hazel> Exited

Job <NGB_Rg1 (nm)_ECFP_Trimer_20250205> was submitted from host <c012n03> by user <sdehgha2> in cluster <Hazel> at Sun Mar  9 18:00:04 2025
Job was executed on host(s) <8*c200n04>, in queue <single_chassis>, as user <sdehgha2> in cluster <Hazel> at Sun Mar  9 18:00:05 2025
</home/sdehgha2> was used as the home directory.
</share/ddomlab/sdehgha2/working-space/main/P1_pls-dataset/pls-dataset-space/PLS-Dataset/code_/training/hpc_submit_training_Rh> was used as the working directory.
Started at Sun Mar  9 18:00:05 2025
Terminated at Sun Mar  9 18:00:18 2025
Results reported at Sun Mar  9 18:00:18 2025

Your job looked like:

------------------------------------------------------------
# LSBATCH: User input



#BSUB -n 8
#BSUB -W 72:05
#BSUB -R span[hosts=1]
#BSUB -R "rusage[mem=16GB]"
#BSUB -J "NGB_Rg1 (nm)_ECFP_Trimer_20250205"  
#BSUB -o "/share/ddomlab/sdehgha2/working-space/main/P1_pls-dataset/pls-dataset-space/PLS-Dataset/results/hpc_20250205/NGB_Rg1 (nm)_ECFP_Trimer_3_count_20250205.out"
#BSUB -e "/share/ddomlab/sdehgha2/working-space/main/P1_pls-dataset/pls-dataset-space/PLS-Dataset/results/hpc_20250205/NGB_Rg1 (nm)_ECFP_Trimer_3_count_20250205.err"

source ~/.bashrc
conda activate /usr/local/usrapps/ddomlab/sdehgha2/pls-dataset-env
python ../train_structure_numerical.py --target_features "Rg1 (nm)"                                       --representation "ECFP"                                       --regressor_type "NGB"                                       --radius "3"                                       --vector "count"                                       --oligomer_representation "Trimer"                                       --numerical_feats 'Mn (g/mol)' 'PDI' 'Mw (g/mol)' 'Concentration (mg/ml)' 'Temperature SANS/SLS/DLS/SEC (K)' "polymer dP" "polymer dD" "polymer dH" 'solvent dP' 'solvent dD' 'solvent dH'                                       --clustering_method "substructure cluster" 



------------------------------------------------------------

TERM_OWNER: job killed by owner.
Exited with exit code 130.

Resource usage summary:

    CPU time :                                   3.28 sec.
    Max Memory :                                 -
    Average Memory :                             -
    Total Requested Memory :                     16.00 GB
    Delta Memory :                               -
    Max Swap :                                   -
    Max Processes :                              4
    Max Threads :                                5
    Run time :                                   22 sec.
    Turnaround time :                            14 sec.

The output (if any) is above this job summary.



PS:

Read file </share/ddomlab/sdehgha2/working-space/main/P1_pls-dataset/pls-dataset-space/PLS-Dataset/results/hpc_20250205/NGB_Rg1 (nm)_ECFP_Trimer_3_count_20250205.err> for stderr output of this job.

