


OPTIMIZING HYPERPARAMETERS FOR REGRESSOR XGBR 	SEED: 6


Best parameters: OrderedDict([('regressor__regressor__learning_rate', 0.0035947396039225153), ('regressor__regressor__max_depth', 1813), ('regressor__regressor__n_estimators', 1307), ('regressor__regressor__n_jobs', -2)])





OPTIMIZING HYPERPARAMETERS FOR REGRESSOR XGBR 	SEED: 6


Best parameters: OrderedDict([('regressor__regressor__learning_rate', 0.009211155707498987), ('regressor__regressor__max_depth', 10), ('regressor__regressor__n_estimators', 287), ('regressor__regressor__n_jobs', -2)])





OPTIMIZING HYPERPARAMETERS FOR REGRESSOR XGBR 	SEED: 6


Best parameters: OrderedDict([('regressor__regressor__learning_rate', 0.016439262753168905), ('regressor__regressor__max_depth', 121), ('regressor__regressor__n_estimators', 186), ('regressor__regressor__n_jobs', -2)])





OPTIMIZING HYPERPARAMETERS FOR REGRESSOR XGBR 	SEED: 6


Best parameters: OrderedDict([('regressor__regressor__learning_rate', 0.0027113925978517945), ('regressor__regressor__max_depth', 16), ('regressor__regressor__n_estimators', 910), ('regressor__regressor__n_jobs', -2)])





OPTIMIZING HYPERPARAMETERS FOR REGRESSOR XGBR 	SEED: 6


Best parameters: OrderedDict([('regressor__regressor__learning_rate', 0.0022013522956117523), ('regressor__regressor__max_depth', 26), ('regressor__regressor__n_estimators', 1830), ('regressor__regressor__n_jobs', -2)])





OPTIMIZING HYPERPARAMETERS FOR REGRESSOR XGBR 	SEED: 13


Best parameters: OrderedDict([('regressor__regressor__learning_rate', 0.01041277457716265), ('regressor__regressor__max_depth', 10), ('regressor__regressor__n_estimators', 762), ('regressor__regressor__n_jobs', -2)])





OPTIMIZING HYPERPARAMETERS FOR REGRESSOR XGBR 	SEED: 13


Best parameters: OrderedDict([('regressor__regressor__learning_rate', 0.009044548709171879), ('regressor__regressor__max_depth', 1461), ('regressor__regressor__n_estimators', 1066), ('regressor__regressor__n_jobs', -2)])





OPTIMIZING HYPERPARAMETERS FOR REGRESSOR XGBR 	SEED: 13


Best parameters: OrderedDict([('regressor__regressor__learning_rate', 0.1), ('regressor__regressor__max_depth', 10), ('regressor__regressor__n_estimators', 50), ('regressor__regressor__n_jobs', -2)])





OPTIMIZING HYPERPARAMETERS FOR REGRESSOR XGBR 	SEED: 13


Best parameters: OrderedDict([('regressor__regressor__learning_rate', 0.006337573557896935), ('regressor__regressor__max_depth', 2888), ('regressor__regressor__n_estimators', 605), ('regressor__regressor__n_jobs', -2)])





OPTIMIZING HYPERPARAMETERS FOR REGRESSOR XGBR 	SEED: 13


Best parameters: OrderedDict([('regressor__regressor__learning_rate', 0.0056197653787900615), ('regressor__regressor__max_depth', 4651), ('regressor__regressor__n_estimators', 697), ('regressor__regressor__n_jobs', -2)])





OPTIMIZING HYPERPARAMETERS FOR REGRESSOR XGBR 	SEED: 42


Best parameters: OrderedDict([('regressor__regressor__learning_rate', 0.017145838038053692), ('regressor__regressor__max_depth', 2119), ('regressor__regressor__n_estimators', 188), ('regressor__regressor__n_jobs', -2)])





OPTIMIZING HYPERPARAMETERS FOR REGRESSOR XGBR 	SEED: 42


Best parameters: OrderedDict([('regressor__regressor__learning_rate', 0.04525902451402951), ('regressor__regressor__max_depth', 10000), ('regressor__regressor__n_estimators', 92), ('regressor__regressor__n_jobs', -2)])





OPTIMIZING HYPERPARAMETERS FOR REGRESSOR XGBR 	SEED: 42


Best parameters: OrderedDict([('regressor__regressor__learning_rate', 0.0014262892272130189), ('regressor__regressor__max_depth', 11), ('regressor__regressor__n_estimators', 2000), ('regressor__regressor__n_jobs', -2)])





OPTIMIZING HYPERPARAMETERS FOR REGRESSOR XGBR 	SEED: 42


Best parameters: OrderedDict([('regressor__regressor__learning_rate', 0.03972893133963027), ('regressor__regressor__max_depth', 206), ('regressor__regressor__n_estimators', 349), ('regressor__regressor__n_jobs', -2)])





OPTIMIZING HYPERPARAMETERS FOR REGRESSOR XGBR 	SEED: 42


Best parameters: OrderedDict([('regressor__regressor__learning_rate', 0.08295461598495103), ('regressor__regressor__max_depth', 1307), ('regressor__regressor__n_estimators', 361), ('regressor__regressor__n_jobs', -2)])





OPTIMIZING HYPERPARAMETERS FOR REGRESSOR XGBR 	SEED: 69


Best parameters: OrderedDict([('regressor__regressor__learning_rate', 0.07428237033749466), ('regressor__regressor__max_depth', 8381), ('regressor__regressor__n_estimators', 65), ('regressor__regressor__n_jobs', -2)])





OPTIMIZING HYPERPARAMETERS FOR REGRESSOR XGBR 	SEED: 69


Best parameters: OrderedDict([('regressor__regressor__learning_rate', 0.02438356928442061), ('regressor__regressor__max_depth', 69), ('regressor__regressor__n_estimators', 313), ('regressor__regressor__n_jobs', -2)])





OPTIMIZING HYPERPARAMETERS FOR REGRESSOR XGBR 	SEED: 69


Best parameters: OrderedDict([('regressor__regressor__learning_rate', 0.0018804908576344301), ('regressor__regressor__max_depth', 11), ('regressor__regressor__n_estimators', 1307), ('regressor__regressor__n_jobs', -2)])





OPTIMIZING HYPERPARAMETERS FOR REGRESSOR XGBR 	SEED: 69


Best parameters: OrderedDict([('regressor__regressor__learning_rate', 0.01112897207438222), ('regressor__regressor__max_depth', 10), ('regressor__regressor__n_estimators', 253), ('regressor__regressor__n_jobs', -2)])





OPTIMIZING HYPERPARAMETERS FOR REGRESSOR XGBR 	SEED: 69


Best parameters: OrderedDict([('regressor__regressor__learning_rate', 0.09959821624674509), ('regressor__regressor__max_depth', 4800), ('regressor__regressor__n_estimators', 161), ('regressor__regressor__n_jobs', -2)])





OPTIMIZING HYPERPARAMETERS FOR REGRESSOR XGBR 	SEED: 420


Best parameters: OrderedDict([('regressor__regressor__learning_rate', 0.05978591833546617), ('regressor__regressor__max_depth', 838), ('regressor__regressor__n_estimators', 546), ('regressor__regressor__n_jobs', -2)])





OPTIMIZING HYPERPARAMETERS FOR REGRESSOR XGBR 	SEED: 420


Best parameters: OrderedDict([('regressor__regressor__learning_rate', 0.013351464778181547), ('regressor__regressor__max_depth', 943), ('regressor__regressor__n_estimators', 197), ('regressor__regressor__n_jobs', -2)])





OPTIMIZING HYPERPARAMETERS FOR REGRESSOR XGBR 	SEED: 420


Best parameters: OrderedDict([('regressor__regressor__learning_rate', 0.012997940047506405), ('regressor__regressor__max_depth', 37), ('regressor__regressor__n_estimators', 230), ('regressor__regressor__n_jobs', -2)])





OPTIMIZING HYPERPARAMETERS FOR REGRESSOR XGBR 	SEED: 420


Best parameters: OrderedDict([('regressor__regressor__learning_rate', 0.047751666749249175), ('regressor__regressor__max_depth', 10000), ('regressor__regressor__n_estimators', 50), ('regressor__regressor__n_jobs', -2)])





OPTIMIZING HYPERPARAMETERS FOR REGRESSOR XGBR 	SEED: 420


Best parameters: OrderedDict([('regressor__regressor__learning_rate', 0.1), ('regressor__regressor__max_depth', 10), ('regressor__regressor__n_estimators', 50), ('regressor__regressor__n_jobs', -2)])





OPTIMIZING HYPERPARAMETERS FOR REGRESSOR XGBR 	SEED: 1234567890


Best parameters: OrderedDict([('regressor__regressor__learning_rate', 0.03739322057371381), ('regressor__regressor__max_depth', 10), ('regressor__regressor__n_estimators', 132), ('regressor__regressor__n_jobs', -2)])





OPTIMIZING HYPERPARAMETERS FOR REGRESSOR XGBR 	SEED: 1234567890


Best parameters: OrderedDict([('regressor__regressor__learning_rate', 0.012652153134110314), ('regressor__regressor__max_depth', 10000), ('regressor__regressor__n_estimators', 438), ('regressor__regressor__n_jobs', -2)])





OPTIMIZING HYPERPARAMETERS FOR REGRESSOR XGBR 	SEED: 1234567890


Best parameters: OrderedDict([('regressor__regressor__learning_rate', 0.047027393811337456), ('regressor__regressor__max_depth', 10), ('regressor__regressor__n_estimators', 69), ('regressor__regressor__n_jobs', -2)])





OPTIMIZING HYPERPARAMETERS FOR REGRESSOR XGBR 	SEED: 1234567890


Best parameters: OrderedDict([('regressor__regressor__learning_rate', 0.1), ('regressor__regressor__max_depth', 4739), ('regressor__regressor__n_estimators', 564), ('regressor__regressor__n_jobs', -2)])





OPTIMIZING HYPERPARAMETERS FOR REGRESSOR XGBR 	SEED: 1234567890


Best parameters: OrderedDict([('regressor__regressor__learning_rate', 0.1), ('regressor__regressor__max_depth', 5544), ('regressor__regressor__n_estimators', 125), ('regressor__regressor__n_jobs', -2)])





OPTIMIZING HYPERPARAMETERS FOR REGRESSOR XGBR 	SEED: 473129


Best parameters: OrderedDict([('regressor__regressor__learning_rate', 0.06018203193774707), ('regressor__regressor__max_depth', 49), ('regressor__regressor__n_estimators', 50), ('regressor__regressor__n_jobs', -2)])





OPTIMIZING HYPERPARAMETERS FOR REGRESSOR XGBR 	SEED: 473129


Best parameters: OrderedDict([('regressor__regressor__learning_rate', 0.09991688897294802), ('regressor__regressor__max_depth', 15), ('regressor__regressor__n_estimators', 58), ('regressor__regressor__n_jobs', -2)])





OPTIMIZING HYPERPARAMETERS FOR REGRESSOR XGBR 	SEED: 473129


Best parameters: OrderedDict([('regressor__regressor__learning_rate', 0.1), ('regressor__regressor__max_depth', 1754), ('regressor__regressor__n_estimators', 50), ('regressor__regressor__n_jobs', -2)])





OPTIMIZING HYPERPARAMETERS FOR REGRESSOR XGBR 	SEED: 473129


Best parameters: OrderedDict([('regressor__regressor__learning_rate', 0.0756818979453119), ('regressor__regressor__max_depth', 8883), ('regressor__regressor__n_estimators', 94), ('regressor__regressor__n_jobs', -2)])





OPTIMIZING HYPERPARAMETERS FOR REGRESSOR XGBR 	SEED: 473129


Best parameters: OrderedDict([('regressor__regressor__learning_rate', 0.009804016930920315), ('regressor__regressor__max_depth', 400), ('regressor__regressor__n_estimators', 2000), ('regressor__regressor__n_jobs', -2)])


Average scores:	 r: 0.55±0.13	 r2: 0.21±0.23
Dimer_scaler
Filename: (MACCS-PDI-Mw-concentration-temperature-polymer dP-polymer dD-polymer dH-solvent dP-solvent dD-solvent dH)_XGBR_mean_transformerOFF
/gpfs_common/share03/ddomlab/sdehgha2/working-space/main/P1_pls-dataset/pls-dataset-space/PLS-Dataset/results/target_Rh (1_1000 nm) (highest intensity)_LogFT/Dimer_scaler/(MACCS-PDI-Mw-concentration-temperature-polymer dP-polymer dD-polymer dH-solvent dP-solvent dD-solvent dH)_XGBR_mean_transformerOFF_scores.json
/gpfs_common/share03/ddomlab/sdehgha2/working-space/main/P1_pls-dataset/pls-dataset-space/PLS-Dataset/results/target_Rh (1_1000 nm) (highest intensity)_LogFT/Dimer_scaler/(MACCS-PDI-Mw-concentration-temperature-polymer dP-polymer dD-polymer dH-solvent dP-solvent dD-solvent dH)_XGBR_mean_transformerOFF_predictions.csv
/gpfs_common/share03/ddomlab/sdehgha2/working-space/main/P1_pls-dataset/pls-dataset-space/PLS-Dataset/results/target_Rh (1_1000 nm) (highest intensity)_LogFT/Dimer_scaler/(MACCS-PDI-Mw-concentration-temperature-polymer dP-polymer dD-polymer dH-solvent dP-solvent dD-solvent dH)_XGBR_mean_transformerOFF_shape.json
Done Saving scores!

------------------------------------------------------------
Sender: LSF System <lsfadmin@c010n01>
Subject: Job 990027: <XGBR_Rh (1_1000 nm) (highest intensity)_MACCS_Dimer_20250221> in cluster <Hazel> Done

Job <XGBR_Rh (1_1000 nm) (highest intensity)_MACCS_Dimer_20250221> was submitted from host <c027n02> by user <sdehgha2> in cluster <Hazel> at Fri Feb 21 18:02:56 2025
Job was executed on host(s) <6*c010n01>, in queue <single_chassis>, as user <sdehgha2> in cluster <Hazel> at Fri Feb 21 18:16:06 2025
</home/sdehgha2> was used as the home directory.
</share/ddomlab/sdehgha2/working-space/main/P1_pls-dataset/pls-dataset-space/PLS-Dataset/code_/training/hpc_submit_training_Rh> was used as the working directory.
Started at Fri Feb 21 18:16:06 2025
Terminated at Fri Feb 21 19:15:35 2025
Results reported at Fri Feb 21 19:15:35 2025

Your job looked like:

------------------------------------------------------------
# LSBATCH: User input



#BSUB -n 6
#BSUB -W 50:05
#BSUB -R span[hosts=1]
#BSUB -R "rusage[mem=16GB]"
#BSUB -J "XGBR_Rh (1_1000 nm) (highest intensity)_MACCS_Dimer_20250221"  
#BSUB -o "/share/ddomlab/sdehgha2/working-space/main/P1_pls-dataset/pls-dataset-space/PLS-Dataset/results/hpc_20250205/XGBR_Rh (1_1000 nm) (highest intensity)_MACCS_Dimer_20250221.out"
#BSUB -e "/share/ddomlab/sdehgha2/working-space/main/P1_pls-dataset/pls-dataset-space/PLS-Dataset/results/hpc_20250205/XGBR_Rh (1_1000 nm) (highest intensity)_MACCS__Dimer_20250221.err"

source ~/.bashrc
conda activate /usr/local/usrapps/ddomlab/sdehgha2/pls-dataset-env
python ../train_structure_numerical.py --target_features "Rh (1_1000 nm) (highest intensity)"                                       --representation "MACCS"                                       --regressor_type "XGBR"                                       --oligomer_representation "Dimer"                                       --numerical_feats 'Mn (g/mol)' 'PDI' 'Mw (g/mol)' 'Concentration (mg/ml)' 'Temperature SANS/SLS/DLS/SEC (K)' "polymer dP" "polymer dD" "polymer dH" 'solvent dP' 'solvent dD' 'solvent dH'                                       --columns_to_impute "PDI" "Temperature SANS/SLS/DLS/SEC (K)" "Concentration (mg/ml)"                                       --special_impute 'Mw (g/mol)'                                       --imputer mean 




------------------------------------------------------------

Successfully completed.

Resource usage summary:

    CPU time :                                   12139.00 sec.
    Max Memory :                                 11 GB
    Average Memory :                             10.35 GB
    Total Requested Memory :                     16.00 GB
    Delta Memory :                               5.00 GB
    Max Swap :                                   -
    Max Processes :                              38
    Max Threads :                                41
    Run time :                                   3569 sec.
    Turnaround time :                            4359 sec.

The output (if any) is above this job summary.



PS:

Read file </share/ddomlab/sdehgha2/working-space/main/P1_pls-dataset/pls-dataset-space/PLS-Dataset/results/hpc_20250205/XGBR_Rh (1_1000 nm) (highest intensity)_MACCS__Dimer_20250221.err> for stderr output of this job.

