Filename: (Xn-Mw-PDI-concentration-temperature-polymer dP-polymer dD-polymer dH-solvent dP-solvent dD-solvent dH)_XGBR_hypOFF_Standard_lc
Done Saving scores!

------------------------------------------------------------
Sender: LSF System <lsfadmin@c200n10>
Subject: Job 765152: <XGBR_log Rg (nm)___substructure cluster_20250505> in cluster <Hazel> Done

Job <XGBR_log Rg (nm)___substructure cluster_20250505> was submitted from host <c202n01> by user <sdehgha2> in cluster <Hazel> at Tue May  6 12:16:36 2025
Job was executed on host(s) <4*c200n10>, in queue <single_chassis>, as user <sdehgha2> in cluster <Hazel> at Tue May  6 12:17:37 2025
</home/sdehgha2> was used as the home directory.
</share/ddomlab/sdehgha2/working-space/main/P1_pls-dataset/pls-dataset-space/PLS-Dataset/code_/training/hpc_submit_training_Rh> was used as the working directory.
Started at Tue May  6 12:17:37 2025
Terminated at Tue May  6 12:22:51 2025
Results reported at Tue May  6 12:22:51 2025

Your job looked like:

------------------------------------------------------------
# LSBATCH: User input



#BSUB -n 4
#BSUB -W 03:00
#BSUB -R span[hosts=1]
#BSUB -R "rusage[mem=16GB]"
#BSUB -J "XGBR_log Rg (nm)___substructure cluster_20250505"  
#BSUB -o "/share/ddomlab/sdehgha2/working-space/main/P1_pls-dataset/pls-dataset-space/PLS-Dataset/results/hpc_20250505/XGBR_log Rg (nm)___substructure cluster_numerical_20250505.out"
#BSUB -e "/share/ddomlab/sdehgha2/working-space/main/P1_pls-dataset/pls-dataset-space/PLS-Dataset/results/hpc_20250505/XGBR_log Rg (nm)___substructure cluster_numerical_20250505.err"

source ~/.bashrc
conda activate /usr/local/usrapps/ddomlab/sdehgha2/pls-dataset-env
python ../make_ood_learning_curve.py --target_features "log Rg (nm)"                                       --regressor_type "XGBR"                                       --numerical_feats 'Xn' 'Mw (g/mol)' 'PDI' 'Concentration (mg/ml)' 'Temperature SANS/SLS/DLS/SEC (K)' "polymer dP" "polymer dD" "polymer dH" 'solvent dP' 'solvent dD' 'solvent dH'                                       --clustering_method "substructure cluster" 



------------------------------------------------------------

Successfully completed.

Resource usage summary:

    CPU time :                                   305.51 sec.
    Max Memory :                                 -
    Average Memory :                             -
    Total Requested Memory :                     16.00 GB
    Delta Memory :                               -
    Max Swap :                                   -
    Max Processes :                              4
    Max Threads :                                5
    Run time :                                   341 sec.
    Turnaround time :                            375 sec.

The output (if any) is above this job summary.



PS:

Read file </share/ddomlab/sdehgha2/working-space/main/P1_pls-dataset/pls-dataset-space/PLS-Dataset/results/hpc_20250505/XGBR_log Rg (nm)___substructure cluster_numerical_20250505.err> for stderr output of this job.

