


OPTIMIZING HYPERPARAMETERS FOR REGRESSOR XGBR 	SEED: 6


Best parameters: OrderedDict([('regressor__regressor__learning_rate', 0.005345100017683833), ('regressor__regressor__max_depth', 11), ('regressor__regressor__n_estimators', 482), ('regressor__regressor__n_jobs', -2)])





OPTIMIZING HYPERPARAMETERS FOR REGRESSOR XGBR 	SEED: 6


Best parameters: OrderedDict([('regressor__regressor__learning_rate', 0.0033945541597864217), ('regressor__regressor__max_depth', 10), ('regressor__regressor__n_estimators', 644), ('regressor__regressor__n_jobs', -2)])





OPTIMIZING HYPERPARAMETERS FOR REGRESSOR XGBR 	SEED: 6


Best parameters: OrderedDict([('regressor__regressor__learning_rate', 0.0013387043929002722), ('regressor__regressor__max_depth', 10), ('regressor__regressor__n_estimators', 2000), ('regressor__regressor__n_jobs', -2)])





OPTIMIZING HYPERPARAMETERS FOR REGRESSOR XGBR 	SEED: 6


Best parameters: OrderedDict([('regressor__regressor__learning_rate', 0.007876344695161573), ('regressor__regressor__max_depth', 11), ('regressor__regressor__n_estimators', 288), ('regressor__regressor__n_jobs', -2)])





OPTIMIZING HYPERPARAMETERS FOR REGRESSOR XGBR 	SEED: 6


Best parameters: OrderedDict([('regressor__regressor__learning_rate', 0.047389894655418464), ('regressor__regressor__max_depth', 2797), ('regressor__regressor__n_estimators', 50), ('regressor__regressor__n_jobs', -2)])





OPTIMIZING HYPERPARAMETERS FOR REGRESSOR XGBR 	SEED: 13


Best parameters: OrderedDict([('regressor__regressor__learning_rate', 0.0019406776219304327), ('regressor__regressor__max_depth', 10), ('regressor__regressor__n_estimators', 333), ('regressor__regressor__n_jobs', -2)])





OPTIMIZING HYPERPARAMETERS FOR REGRESSOR XGBR 	SEED: 13


Best parameters: OrderedDict([('regressor__regressor__learning_rate', 0.02813924194961381), ('regressor__regressor__max_depth', 10000), ('regressor__regressor__n_estimators', 70), ('regressor__regressor__n_jobs', -2)])





OPTIMIZING HYPERPARAMETERS FOR REGRESSOR XGBR 	SEED: 13


Best parameters: OrderedDict([('regressor__regressor__learning_rate', 0.03939495247304355), ('regressor__regressor__max_depth', 10), ('regressor__regressor__n_estimators', 56), ('regressor__regressor__n_jobs', -2)])





OPTIMIZING HYPERPARAMETERS FOR REGRESSOR XGBR 	SEED: 13


Best parameters: OrderedDict([('regressor__regressor__learning_rate', 0.009252477241516982), ('regressor__regressor__max_depth', 10), ('regressor__regressor__n_estimators', 104), ('regressor__regressor__n_jobs', -2)])





OPTIMIZING HYPERPARAMETERS FOR REGRESSOR XGBR 	SEED: 13


Best parameters: OrderedDict([('regressor__regressor__learning_rate', 0.002779718005805017), ('regressor__regressor__max_depth', 10), ('regressor__regressor__n_estimators', 244), ('regressor__regressor__n_jobs', -2)])





OPTIMIZING HYPERPARAMETERS FOR REGRESSOR XGBR 	SEED: 42


Best parameters: OrderedDict([('regressor__regressor__learning_rate', 0.0056154855449206086), ('regressor__regressor__max_depth', 10), ('regressor__regressor__n_estimators', 392), ('regressor__regressor__n_jobs', -2)])





OPTIMIZING HYPERPARAMETERS FOR REGRESSOR XGBR 	SEED: 42


Best parameters: OrderedDict([('regressor__regressor__learning_rate', 0.020589891631005507), ('regressor__regressor__max_depth', 10000), ('regressor__regressor__n_estimators', 50), ('regressor__regressor__n_jobs', -2)])





OPTIMIZING HYPERPARAMETERS FOR REGRESSOR XGBR 	SEED: 42


Best parameters: OrderedDict([('regressor__regressor__learning_rate', 0.001), ('regressor__regressor__max_depth', 10), ('regressor__regressor__n_estimators', 1413), ('regressor__regressor__n_jobs', -2)])





OPTIMIZING HYPERPARAMETERS FOR REGRESSOR XGBR 	SEED: 42


Best parameters: OrderedDict([('regressor__regressor__learning_rate', 0.007290492102747856), ('regressor__regressor__max_depth', 10000), ('regressor__regressor__n_estimators', 375), ('regressor__regressor__n_jobs', -2)])





OPTIMIZING HYPERPARAMETERS FOR REGRESSOR XGBR 	SEED: 42


Best parameters: OrderedDict([('regressor__regressor__learning_rate', 0.03154696207274042), ('regressor__regressor__max_depth', 10000), ('regressor__regressor__n_estimators', 50), ('regressor__regressor__n_jobs', -2)])





OPTIMIZING HYPERPARAMETERS FOR REGRESSOR XGBR 	SEED: 69


Best parameters: OrderedDict([('regressor__regressor__learning_rate', 0.0011624802542069715), ('regressor__regressor__max_depth', 10), ('regressor__regressor__n_estimators', 961), ('regressor__regressor__n_jobs', -2)])





OPTIMIZING HYPERPARAMETERS FOR REGRESSOR XGBR 	SEED: 69


Best parameters: OrderedDict([('regressor__regressor__learning_rate', 0.019921848707344085), ('regressor__regressor__max_depth', 10000), ('regressor__regressor__n_estimators', 209), ('regressor__regressor__n_jobs', -2)])





OPTIMIZING HYPERPARAMETERS FOR REGRESSOR XGBR 	SEED: 69


Best parameters: OrderedDict([('regressor__regressor__learning_rate', 0.0024424664325258774), ('regressor__regressor__max_depth', 22), ('regressor__regressor__n_estimators', 430), ('regressor__regressor__n_jobs', -2)])





OPTIMIZING HYPERPARAMETERS FOR REGRESSOR XGBR 	SEED: 69


Best parameters: OrderedDict([('regressor__regressor__learning_rate', 0.025701361220844064), ('regressor__regressor__max_depth', 10000), ('regressor__regressor__n_estimators', 50), ('regressor__regressor__n_jobs', -2)])





OPTIMIZING HYPERPARAMETERS FOR REGRESSOR XGBR 	SEED: 69


Best parameters: OrderedDict([('regressor__regressor__learning_rate', 0.015124631493207252), ('regressor__regressor__max_depth', 10), ('regressor__regressor__n_estimators', 81), ('regressor__regressor__n_jobs', -2)])





OPTIMIZING HYPERPARAMETERS FOR REGRESSOR XGBR 	SEED: 420


Best parameters: OrderedDict([('regressor__regressor__learning_rate', 0.00571831523088905), ('regressor__regressor__max_depth', 10), ('regressor__regressor__n_estimators', 96), ('regressor__regressor__n_jobs', -2)])





OPTIMIZING HYPERPARAMETERS FOR REGRESSOR XGBR 	SEED: 420


Best parameters: OrderedDict([('regressor__regressor__learning_rate', 0.018986458333937042), ('regressor__regressor__max_depth', 1408), ('regressor__regressor__n_estimators', 64), ('regressor__regressor__n_jobs', -2)])





OPTIMIZING HYPERPARAMETERS FOR REGRESSOR XGBR 	SEED: 420


Best parameters: OrderedDict([('regressor__regressor__learning_rate', 0.1), ('regressor__regressor__max_depth', 10000), ('regressor__regressor__n_estimators', 82), ('regressor__regressor__n_jobs', -2)])





OPTIMIZING HYPERPARAMETERS FOR REGRESSOR XGBR 	SEED: 420


Best parameters: OrderedDict([('regressor__regressor__learning_rate', 0.005737063588478299), ('regressor__regressor__max_depth', 10), ('regressor__regressor__n_estimators', 410), ('regressor__regressor__n_jobs', -2)])





OPTIMIZING HYPERPARAMETERS FOR REGRESSOR XGBR 	SEED: 420


Best parameters: OrderedDict([('regressor__regressor__learning_rate', 0.005733311747106065), ('regressor__regressor__max_depth', 10), ('regressor__regressor__n_estimators', 426), ('regressor__regressor__n_jobs', -2)])





OPTIMIZING HYPERPARAMETERS FOR REGRESSOR XGBR 	SEED: 1234567890


Best parameters: OrderedDict([('regressor__regressor__learning_rate', 0.0016558403496100044), ('regressor__regressor__max_depth', 10000), ('regressor__regressor__n_estimators', 2000), ('regressor__regressor__n_jobs', -2)])





OPTIMIZING HYPERPARAMETERS FOR REGRESSOR XGBR 	SEED: 1234567890


Best parameters: OrderedDict([('regressor__regressor__learning_rate', 0.001), ('regressor__regressor__max_depth', 10000), ('regressor__regressor__n_estimators', 2000), ('regressor__regressor__n_jobs', -2)])





OPTIMIZING HYPERPARAMETERS FOR REGRESSOR XGBR 	SEED: 1234567890


Best parameters: OrderedDict([('regressor__regressor__learning_rate', 0.03935123339635375), ('regressor__regressor__max_depth', 10000), ('regressor__regressor__n_estimators', 164), ('regressor__regressor__n_jobs', -2)])





OPTIMIZING HYPERPARAMETERS FOR REGRESSOR XGBR 	SEED: 1234567890


Best parameters: OrderedDict([('regressor__regressor__learning_rate', 0.005669730996824099), ('regressor__regressor__max_depth', 10), ('regressor__regressor__n_estimators', 398), ('regressor__regressor__n_jobs', -2)])





OPTIMIZING HYPERPARAMETERS FOR REGRESSOR XGBR 	SEED: 1234567890


Best parameters: OrderedDict([('regressor__regressor__learning_rate', 0.015881974466180365), ('regressor__regressor__max_depth', 10000), ('regressor__regressor__n_estimators', 75), ('regressor__regressor__n_jobs', -2)])





OPTIMIZING HYPERPARAMETERS FOR REGRESSOR XGBR 	SEED: 473129


Best parameters: OrderedDict([('regressor__regressor__learning_rate', 0.001), ('regressor__regressor__max_depth', 284), ('regressor__regressor__n_estimators', 2000), ('regressor__regressor__n_jobs', -2)])





OPTIMIZING HYPERPARAMETERS FOR REGRESSOR XGBR 	SEED: 473129


Best parameters: OrderedDict([('regressor__regressor__learning_rate', 0.07100634466441134), ('regressor__regressor__max_depth', 10000), ('regressor__regressor__n_estimators', 2000), ('regressor__regressor__n_jobs', -2)])





OPTIMIZING HYPERPARAMETERS FOR REGRESSOR XGBR 	SEED: 473129


Best parameters: OrderedDict([('regressor__regressor__learning_rate', 0.011568752104768654), ('regressor__regressor__max_depth', 10000), ('regressor__regressor__n_estimators', 242), ('regressor__regressor__n_jobs', -2)])





OPTIMIZING HYPERPARAMETERS FOR REGRESSOR XGBR 	SEED: 473129


Best parameters: OrderedDict([('regressor__regressor__learning_rate', 0.0024959652524083843), ('regressor__regressor__max_depth', 10000), ('regressor__regressor__n_estimators', 485), ('regressor__regressor__n_jobs', -2)])





OPTIMIZING HYPERPARAMETERS FOR REGRESSOR XGBR 	SEED: 473129


Best parameters: OrderedDict([('regressor__regressor__learning_rate', 0.012167483809079036), ('regressor__regressor__max_depth', 10000), ('regressor__regressor__n_estimators', 168), ('regressor__regressor__n_jobs', -2)])


Average scores:	 r: 0.91±0.11	 r2: 0.78±0.31
Trimer_scaler
Filename: (Mordred-PDI-Mw-concentration-temperature-polymer dP-polymer dD-polymer dH-solvent dP-solvent dD-solvent dH)_XGBR_mean_Standard
/gpfs_common/share03/ddomlab/sdehgha2/working-space/main/P1_pls-dataset/pls-dataset-space/PLS-Dataset/results/target_Rg/Trimer_scaler/(Mordred-PDI-Mw-concentration-temperature-polymer dP-polymer dD-polymer dH-solvent dP-solvent dD-solvent dH)_XGBR_mean_Standard_scores.json
/gpfs_common/share03/ddomlab/sdehgha2/working-space/main/P1_pls-dataset/pls-dataset-space/PLS-Dataset/results/target_Rg/Trimer_scaler/(Mordred-PDI-Mw-concentration-temperature-polymer dP-polymer dD-polymer dH-solvent dP-solvent dD-solvent dH)_XGBR_mean_Standard_predictions.csv
/gpfs_common/share03/ddomlab/sdehgha2/working-space/main/P1_pls-dataset/pls-dataset-space/PLS-Dataset/results/target_Rg/Trimer_scaler/(Mordred-PDI-Mw-concentration-temperature-polymer dP-polymer dD-polymer dH-solvent dP-solvent dD-solvent dH)_XGBR_mean_Standard_shape.json
Done Saving scores!

------------------------------------------------------------
Sender: LSF System <lsfadmin@c207n09>
Subject: Job 145652: <XGBR_Rg1 (nm)_Mordred_Standard_Trimer> in cluster <Hazel> Done

Job <XGBR_Rg1 (nm)_Mordred_Standard_Trimer> was submitted from host <c040n03> by user <sdehgha2> in cluster <Hazel> at Fri Jan  3 15:46:52 2025
Job was executed on host(s) <6*c207n09>, in queue <single_chassis>, as user <sdehgha2> in cluster <Hazel> at Fri Jan  3 15:46:53 2025
</home/sdehgha2> was used as the home directory.
</share/ddomlab/sdehgha2/working-space/main/P1_pls-dataset/pls-dataset-space/PLS-Dataset/code_/training/hpc_submit_training_Rh> was used as the working directory.
Started at Fri Jan  3 15:46:53 2025
Terminated at Fri Jan  3 18:58:30 2025
Results reported at Fri Jan  3 18:58:30 2025

Your job looked like:

------------------------------------------------------------
# LSBATCH: User input



#BSUB -n 6
#BSUB -W 72:05
#BSUB -R span[hosts=1]
#BSUB -R "rusage[mem=16GB]"
#BSUB -J "XGBR_Rg1 (nm)_Mordred_Standard_Trimer"  
#BSUB -o "/share/ddomlab/sdehgha2/working-space/main/P1_pls-dataset/pls-dataset-space/PLS-Dataset/results/XGBR_Rg1 (nm)_Mordred_Standard_Trimer_20250103_full.out"
#BSUB -e "/share/ddomlab/sdehgha2/working-space/main/P1_pls-dataset/pls-dataset-space/PLS-Dataset/results/XGBR_Rg1 (nm)_Mordred_Standard_Trimer_20250103_full.err"

source ~/.bashrc
conda activate /usr/local/usrapps/ddomlab/sdehgha2/pls-dataset-env
python ../train_structure_numerical.py --target_features "Rg1 (nm)"                                       --representation "Mordred"                                       --regressor_type "XGBR"                                       --transform_type "Standard"                                       --oligomer_representation "Trimer"                                       --numerical_feats 'Mn (g/mol)' 'PDI' 'Mw (g/mol)' 'Concentration (mg/ml)' 'Temperature SANS/SLS/DLS/SEC (K)' "polymer dP" "polymer dD" "polymer dH" 'solvent dP' 'solvent dD' 'solvent dH'                                       --columns_to_impute "PDI" "Temperature SANS/SLS/DLS/SEC (K)" "Concentration (mg/ml)"                                       --special_impute 'Mw (g/mol)'                                       --imputer mean 




------------------------------------------------------------

Successfully completed.

Resource usage summary:

    CPU time :                                   46394.00 sec.
    Max Memory :                                 6 GB
    Average Memory :                             5.85 GB
    Total Requested Memory :                     16.00 GB
    Delta Memory :                               10.00 GB
    Max Swap :                                   -
    Max Processes :                              26
    Max Threads :                                29
    Run time :                                   11516 sec.
    Turnaround time :                            11498 sec.

The output (if any) is above this job summary.



PS:

Read file </share/ddomlab/sdehgha2/working-space/main/P1_pls-dataset/pls-dataset-space/PLS-Dataset/results/XGBR_Rg1 (nm)_Mordred_Standard_Trimer_20250103_full.err> for stderr output of this job.

