
------------------------------------------------------------
Sender: LSF System <lsfadmin@c003n02>
Subject: Job 88063: <XGBR_Rg1 (nm)_mordred_Standard_Monomer> in cluster <Hazel> Exited

Job <XGBR_Rg1 (nm)_mordred_Standard_Monomer> was submitted from host <c003n04> by user <sdehgha2> in cluster <Hazel> at Sun Dec 29 18:13:32 2024
Job was executed on host(s) <2*c003n02>, in queue <single_chassis>, as user <sdehgha2> in cluster <Hazel> at Sun Dec 29 18:16:58 2024
                            <2*c006n02>
                            <2*c006n01>
</home/sdehgha2> was used as the home directory.
</share/ddomlab/sdehgha2/working-space/main/P1_pls-dataset/pls-dataset-space/PLS-Dataset/code_/training/hpc_submit_training_Rh> was used as the working directory.
Started at Sun Dec 29 18:16:58 2024
Terminated at Sun Dec 29 19:09:09 2024
Results reported at Sun Dec 29 19:09:09 2024

Your job looked like:

------------------------------------------------------------
# LSBATCH: User input



#BSUB -n 6
#BSUB -W 72:05
#BSUB -R span[ptile=2]
#BSUB -R "rusage[mem=16GB]"
#BSUB -J "XGBR_Rg1 (nm)_mordred_Standard_Monomer"  
#BSUB -o "/share/ddomlab/sdehgha2/working-space/main/P1_pls-dataset/pls-dataset-space/PLS-Dataset/results/XGBR_Rg1 (nm)_mordred_Standard_Monomer_20241229.out"
#BSUB -e "/share/ddomlab/sdehgha2/working-space/main/P1_pls-dataset/pls-dataset-space/PLS-Dataset/results/XGBR_Rg1 (nm)_mordred_Standard_Monomer_20241229.err"

source ~/.bashrc
conda activate /usr/local/usrapps/ddomlab/sdehgha2/pls-dataset-env
python ../train_structure_numerical.py --target_features "Rg1 (nm)"                                       --representation "mordred"                                       --regressor_type "XGBR"                                       --transform_type "Standard"                                       --oligomer_representation "Monomer"                                       --numerical_feats 'Mn (g/mol)' 'PDI' 'Mw (g/mol)' 'Concentration (mg/ml)' 'Temperature SANS/SLS/DLS/SEC (K)' 'polymer dP' 'polymer dD' 'polymer dH' 'solvent dP' 'solvent dD' 'solvent dH'                                       --columns_to_impute "PDI" "Temperature SANS/SLS/DLS/SEC (K)" "Concentration (mg/ml)"                                       --special_impute 'Mw (g/mol)'                                       --imputer mean 




------------------------------------------------------------

Exited with exit code 2.

Resource usage summary:

    CPU time :                                   10.75 sec.
    Max Memory :                                 -
    Average Memory :                             -
    Total Requested Memory :                     48.00 GB
    Delta Memory :                               -
    Max Swap :                                   -
    Max Processes :                              5
    Max Threads :                                6
    Run time :                                   3154 sec.
    Turnaround time :                            3337 sec.

The output (if any) is above this job summary.



PS:

Read file </share/ddomlab/sdehgha2/working-space/main/P1_pls-dataset/pls-dataset-space/PLS-Dataset/results/XGBR_Rg1 (nm)_mordred_Standard_Monomer_20241229.err> for stderr output of this job.

