


OPTIMIZING HYPERPARAMETERS FOR REGRESSOR DT 	SEED: 42


Best parameters: OrderedDict([('regressor__regressor__ccp_alpha', 0.435497721322115), ('regressor__regressor__max_depth', None), ('regressor__regressor__max_features', 'log2'), ('regressor__regressor__min_samples_leaf', 0.34685161787782576), ('regressor__regressor__min_samples_split', 0.6799390713727985)])





OPTIMIZING HYPERPARAMETERS FOR REGRESSOR DT 	SEED: 42


Best parameters: OrderedDict([('regressor__regressor__ccp_alpha', 0.435497721322115), ('regressor__regressor__max_depth', None), ('regressor__regressor__max_features', 'log2'), ('regressor__regressor__min_samples_leaf', 0.34685161787782576), ('regressor__regressor__min_samples_split', 0.6799390713727985)])





OPTIMIZING HYPERPARAMETERS FOR REGRESSOR DT 	SEED: 13


Best parameters: OrderedDict([('regressor__regressor__ccp_alpha', 0.185365247654856), ('regressor__regressor__max_depth', None), ('regressor__regressor__max_features', 'log2'), ('regressor__regressor__min_samples_leaf', 0.0678099018588246), ('regressor__regressor__min_samples_split', 0.7883985107902242)])





OPTIMIZING HYPERPARAMETERS FOR REGRESSOR DT 	SEED: 13


Best parameters: OrderedDict([('regressor__regressor__ccp_alpha', 0.185365247654856), ('regressor__regressor__max_depth', None), ('regressor__regressor__max_features', 'log2'), ('regressor__regressor__min_samples_leaf', 0.0678099018588246), ('regressor__regressor__min_samples_split', 0.7883985107902242)])


Average scores:	 r: nan±nan	 r2: -0.02±0.03
scaler
Filename: (polymer dH)_DT_Standard
/gpfs_common/share03/ddomlab/sdehgha2/working-space/main/P1_pls-dataset/pls-dataset-space/PLS-Dataset/results/target_Rh/test/scaler/(polymer dH)_DT_Standard_scores.json
/gpfs_common/share03/ddomlab/sdehgha2/working-space/main/P1_pls-dataset/pls-dataset-space/PLS-Dataset/results/target_Rh/test/scaler/(polymer dH)_DT_Standard_predictions.csv
/gpfs_common/share03/ddomlab/sdehgha2/working-space/main/P1_pls-dataset/pls-dataset-space/PLS-Dataset/results/target_Rh/test/scaler/(polymer dH)_DT_Standard_shape.json
Done Saving scores!

------------------------------------------------------------
Sender: LSF System <lsfadmin@c039n03>
Subject: Job 548023: <RF_on_Rh (IW avg log)_on_polysize_only> in cluster <Hazel> Done

Job <RF_on_Rh (IW avg log)_on_polysize_only> was submitted from host <c039n03> by user <sdehgha2> in cluster <Hazel> at Sun Nov 24 11:02:10 2024
Job was executed on host(s) <4*c039n03>, in queue <single_chassis>, as user <sdehgha2> in cluster <Hazel> at Sun Nov 24 11:04:08 2024
                            <4*c032n04>
</home/sdehgha2> was used as the home directory.
</share/ddomlab/sdehgha2/working-space/main/P1_pls-dataset/pls-dataset-space/PLS-Dataset/code_/training/hpc_submit_training_Rh> was used as the working directory.
Started at Sun Nov 24 11:04:08 2024
Terminated at Sun Nov 24 11:12:52 2024
Results reported at Sun Nov 24 11:12:52 2024

Your job looked like:

------------------------------------------------------------
# LSBATCH: User input

#BSUB -n 8
#BSUB -W 15:01
#BSUB -R span[ptile=4]
#BSUB -R "rusage[mem=32GB]"
#BSUB -J "RF_on_Rh (IW avg log)_on_polysize_only"
#BSUB -o "/share/ddomlab/sdehgha2/working-space/main/P1_pls-dataset/pls-dataset-space/PLS-Dataset/results/_RF_on_Rh (IW avg log)_on_polysize_only.out"
#BSUB -e "/share/ddomlab/sdehgha2/working-space/main/P1_pls-dataset/pls-dataset-space/PLS-Dataset/results/_RF_on_Rh (IW avg log)_on_polysize_only.err"

source ~/.bashrc
conda activate /usr/local/usrapps/ddomlab/sdehgha2/pls-dataset-env
python ../train_numerical_only.py --target_features "Rh (IW avg log)"                                   --regressor_type "RF"                                   --numerical_feats "PDI" "Mw (g/mol)"                                   --columns_to_impute 'PDI'                                   --special_impute 'Mw (g/mol)'                                   --imputer mean
                                  
conda deactivate


------------------------------------------------------------

Successfully completed.

Resource usage summary:

    CPU time :                                   56.00 sec.
    Max Memory :                                 2 GB
    Average Memory :                             0.30 GB
    Total Requested Memory :                     64.00 GB
    Delta Memory :                               62.00 GB
    Max Swap :                                   -
    Max Processes :                              38
    Max Threads :                                41
    Run time :                                   539 sec.
    Turnaround time :                            642 sec.

The output (if any) is above this job summary.



PS:

Read file </share/ddomlab/sdehgha2/working-space/main/P1_pls-dataset/pls-dataset-space/PLS-Dataset/results/_RF_on_Rh (IW avg log)_on_polysize_only.err> for stderr output of this job.

