


OPTIMIZING HYPERPARAMETERS FOR REGRESSOR DT 	SEED: 42


Best parameters: OrderedDict([('regressor__regressor__ccp_alpha', 0.435497721322115), ('regressor__regressor__max_depth', None), ('regressor__regressor__max_features', 'log2'), ('regressor__regressor__min_samples_leaf', 0.34685161787782576), ('regressor__regressor__min_samples_split', 0.6799390713727985)])





OPTIMIZING HYPERPARAMETERS FOR REGRESSOR DT 	SEED: 42


Best parameters: OrderedDict([('regressor__regressor__ccp_alpha', 0.435497721322115), ('regressor__regressor__max_depth', None), ('regressor__regressor__max_features', 'log2'), ('regressor__regressor__min_samples_leaf', 0.34685161787782576), ('regressor__regressor__min_samples_split', 0.6799390713727985)])





OPTIMIZING HYPERPARAMETERS FOR REGRESSOR DT 	SEED: 13


Best parameters: OrderedDict([('regressor__regressor__ccp_alpha', 0.185365247654856), ('regressor__regressor__max_depth', None), ('regressor__regressor__max_features', 'log2'), ('regressor__regressor__min_samples_leaf', 0.0678099018588246), ('regressor__regressor__min_samples_split', 0.7883985107902242)])





OPTIMIZING HYPERPARAMETERS FOR REGRESSOR DT 	SEED: 13


Best parameters: OrderedDict([('regressor__regressor__ccp_alpha', 0.185365247654856), ('regressor__regressor__max_depth', None), ('regressor__regressor__max_features', 'log2'), ('regressor__regressor__min_samples_leaf', 0.0678099018588246), ('regressor__regressor__min_samples_split', 0.7883985107902242)])


Average scores:	 r: nan±nan	 r2: -0.02±0.03
scaler
Filename: (polymer dH)_DT_Standard
/gpfs_common/share03/ddomlab/sdehgha2/working-space/main/P1_pls-dataset/pls-dataset-space/PLS-Dataset/results/target_Rh/test/scaler/(polymer dH)_DT_Standard_scores.json
/gpfs_common/share03/ddomlab/sdehgha2/working-space/main/P1_pls-dataset/pls-dataset-space/PLS-Dataset/results/target_Rh/test/scaler/(polymer dH)_DT_Standard_predictions.csv
/gpfs_common/share03/ddomlab/sdehgha2/working-space/main/P1_pls-dataset/pls-dataset-space/PLS-Dataset/results/target_Rh/test/scaler/(polymer dH)_DT_Standard_shape.json
Done Saving scores!

------------------------------------------------------------
Sender: LSF System <lsfadmin@c202n14>
Subject: Job 558827: <MLR_with_abs(solvent dD - polymer dD)_on_Rg1 (nm)> in cluster <Hazel> Done

Job <MLR_with_abs(solvent dD - polymer dD)_on_Rg1 (nm)> was submitted from host <c020n03> by user <sdehgha2> in cluster <Hazel> at Mon Nov 25 11:17:46 2024
Job was executed on host(s) <4*c202n14>, in queue <single_chassis>, as user <sdehgha2> in cluster <Hazel> at Mon Nov 25 11:20:06 2024
                            <4*c202n06>
</home/sdehgha2> was used as the home directory.
</share/ddomlab/sdehgha2/working-space/main/P1_pls-dataset/pls-dataset-space/PLS-Dataset/code_/training/hpc_submit_training_Rh> was used as the working directory.
Started at Mon Nov 25 11:20:06 2024
Terminated at Mon Nov 25 11:22:44 2024
Results reported at Mon Nov 25 11:22:44 2024

Your job looked like:

------------------------------------------------------------
# LSBATCH: User input

#BSUB -n 8
#BSUB -W 10:01
#BSUB -R span[ptile=4]
##BSUB -x
#BSUB -R "rusage[mem=32GB]"
#BSUB -J "MLR_with_abs(solvent dD - polymer dD)_on_Rg1 (nm)"
#BSUB -o "/share/ddomlab/sdehgha2/working-space/main/P1_pls-dataset/pls-dataset-space/PLS-Dataset/results/abs(solvent dD - polymer dD)_with_MLR_with_abs(solvent dD - polymer dD)_on_Rg1 (nm).out"
#BSUB -e "/share/ddomlab/sdehgha2/working-space/main/P1_pls-dataset/pls-dataset-space/PLS-Dataset/results/abs(solvent dD - polymer dD)_with_MLR_with_abs(solvent dD - polymer dD)_on_Rg1 (nm).err"

source ~/.bashrc
conda activate /usr/local/usrapps/ddomlab/sdehgha2/pls-dataset-env

python ../train_numerical_only.py --target_features "Rg1 (nm)"                                   --regressor_type "MLR"                                   --numerical_feats "abs(solvent dD - polymer dD)" 
conda deactivate


------------------------------------------------------------

Successfully completed.

Resource usage summary:

    CPU time :                                   50.37 sec.
    Max Memory :                                 2 GB
    Average Memory :                             1.00 GB
    Total Requested Memory :                     64.00 GB
    Delta Memory :                               62.00 GB
    Max Swap :                                   -
    Max Processes :                              30
    Max Threads :                                33
    Run time :                                   178 sec.
    Turnaround time :                            298 sec.

The output (if any) is above this job summary.



PS:

Read file </share/ddomlab/sdehgha2/working-space/main/P1_pls-dataset/pls-dataset-space/PLS-Dataset/results/abs(solvent dD - polymer dD)_with_MLR_with_abs(solvent dD - polymer dD)_on_Rg1 (nm).err> for stderr output of this job.




OPTIMIZING HYPERPARAMETERS FOR REGRESSOR MLR 	SEED: 6


Best parameters: OrderedDict([('regressor__regressor__fit_intercept', False)])





OPTIMIZING HYPERPARAMETERS FOR REGRESSOR MLR 	SEED: 6


Best parameters: OrderedDict([('regressor__regressor__fit_intercept', True)])





OPTIMIZING HYPERPARAMETERS FOR REGRESSOR MLR 	SEED: 6


Best parameters: OrderedDict([('regressor__regressor__fit_intercept', True)])





OPTIMIZING HYPERPARAMETERS FOR REGRESSOR MLR 	SEED: 6


Best parameters: OrderedDict([('regressor__regressor__fit_intercept', False)])





OPTIMIZING HYPERPARAMETERS FOR REGRESSOR MLR 	SEED: 6


Best parameters: OrderedDict([('regressor__regressor__fit_intercept', False)])





OPTIMIZING HYPERPARAMETERS FOR REGRESSOR MLR 	SEED: 13


Best parameters: OrderedDict([('regressor__regressor__fit_intercept', True)])





OPTIMIZING HYPERPARAMETERS FOR REGRESSOR MLR 	SEED: 13


Best parameters: OrderedDict([('regressor__regressor__fit_intercept', True)])





OPTIMIZING HYPERPARAMETERS FOR REGRESSOR MLR 	SEED: 13


Best parameters: OrderedDict([('regressor__regressor__fit_intercept', True)])





OPTIMIZING HYPERPARAMETERS FOR REGRESSOR MLR 	SEED: 13


Best parameters: OrderedDict([('regressor__regressor__fit_intercept', True)])





OPTIMIZING HYPERPARAMETERS FOR REGRESSOR MLR 	SEED: 13


Best parameters: OrderedDict([('regressor__regressor__fit_intercept', True)])





OPTIMIZING HYPERPARAMETERS FOR REGRESSOR MLR 	SEED: 42


Best parameters: OrderedDict([('regressor__regressor__fit_intercept', True)])





OPTIMIZING HYPERPARAMETERS FOR REGRESSOR MLR 	SEED: 42


Best parameters: OrderedDict([('regressor__regressor__fit_intercept', True)])





OPTIMIZING HYPERPARAMETERS FOR REGRESSOR MLR 	SEED: 42


Best parameters: OrderedDict([('regressor__regressor__fit_intercept', False)])





OPTIMIZING HYPERPARAMETERS FOR REGRESSOR MLR 	SEED: 42


Best parameters: OrderedDict([('regressor__regressor__fit_intercept', True)])





OPTIMIZING HYPERPARAMETERS FOR REGRESSOR MLR 	SEED: 42


Best parameters: OrderedDict([('regressor__regressor__fit_intercept', True)])





OPTIMIZING HYPERPARAMETERS FOR REGRESSOR MLR 	SEED: 69


Best parameters: OrderedDict([('regressor__regressor__fit_intercept', False)])





OPTIMIZING HYPERPARAMETERS FOR REGRESSOR MLR 	SEED: 69


Best parameters: OrderedDict([('regressor__regressor__fit_intercept', False)])





OPTIMIZING HYPERPARAMETERS FOR REGRESSOR MLR 	SEED: 69


Best parameters: OrderedDict([('regressor__regressor__fit_intercept', False)])





OPTIMIZING HYPERPARAMETERS FOR REGRESSOR MLR 	SEED: 69


Best parameters: OrderedDict([('regressor__regressor__fit_intercept', False)])





OPTIMIZING HYPERPARAMETERS FOR REGRESSOR MLR 	SEED: 69


Best parameters: OrderedDict([('regressor__regressor__fit_intercept', False)])





OPTIMIZING HYPERPARAMETERS FOR REGRESSOR MLR 	SEED: 420


Best parameters: OrderedDict([('regressor__regressor__fit_intercept', False)])





OPTIMIZING HYPERPARAMETERS FOR REGRESSOR MLR 	SEED: 420


Best parameters: OrderedDict([('regressor__regressor__fit_intercept', True)])





OPTIMIZING HYPERPARAMETERS FOR REGRESSOR MLR 	SEED: 420


Best parameters: OrderedDict([('regressor__regressor__fit_intercept', True)])





OPTIMIZING HYPERPARAMETERS FOR REGRESSOR MLR 	SEED: 420


Best parameters: OrderedDict([('regressor__regressor__fit_intercept', False)])





OPTIMIZING HYPERPARAMETERS FOR REGRESSOR MLR 	SEED: 420


Best parameters: OrderedDict([('regressor__regressor__fit_intercept', False)])





OPTIMIZING HYPERPARAMETERS FOR REGRESSOR MLR 	SEED: 1234567890


Best parameters: OrderedDict([('regressor__regressor__fit_intercept', False)])





OPTIMIZING HYPERPARAMETERS FOR REGRESSOR MLR 	SEED: 1234567890


Best parameters: OrderedDict([('regressor__regressor__fit_intercept', True)])





OPTIMIZING HYPERPARAMETERS FOR REGRESSOR MLR 	SEED: 1234567890


Best parameters: OrderedDict([('regressor__regressor__fit_intercept', True)])





OPTIMIZING HYPERPARAMETERS FOR REGRESSOR MLR 	SEED: 1234567890


Best parameters: OrderedDict([('regressor__regressor__fit_intercept', False)])





OPTIMIZING HYPERPARAMETERS FOR REGRESSOR MLR 	SEED: 1234567890


Best parameters: OrderedDict([('regressor__regressor__fit_intercept', True)])





OPTIMIZING HYPERPARAMETERS FOR REGRESSOR MLR 	SEED: 473129


Best parameters: OrderedDict([('regressor__regressor__fit_intercept', False)])





OPTIMIZING HYPERPARAMETERS FOR REGRESSOR MLR 	SEED: 473129


Best parameters: OrderedDict([('regressor__regressor__fit_intercept', True)])





OPTIMIZING HYPERPARAMETERS FOR REGRESSOR MLR 	SEED: 473129


Best parameters: OrderedDict([('regressor__regressor__fit_intercept', False)])





OPTIMIZING HYPERPARAMETERS FOR REGRESSOR MLR 	SEED: 473129


Best parameters: OrderedDict([('regressor__regressor__fit_intercept', True)])





OPTIMIZING HYPERPARAMETERS FOR REGRESSOR MLR 	SEED: 473129


Best parameters: OrderedDict([('regressor__regressor__fit_intercept', False)])


Average scores:	 r: 0.02±0.2	 r2: -0.05±0.08
scaler
Filename: (abs(solvent dD - polymer dD))_MLR_Standard
/gpfs_common/share03/ddomlab/sdehgha2/working-space/main/P1_pls-dataset/pls-dataset-space/PLS-Dataset/results/target_Rg/scaler/(abs(solvent dD - polymer dD))_MLR_Standard_scores.json
/gpfs_common/share03/ddomlab/sdehgha2/working-space/main/P1_pls-dataset/pls-dataset-space/PLS-Dataset/results/target_Rg/scaler/(abs(solvent dD - polymer dD))_MLR_Standard_predictions.csv
/gpfs_common/share03/ddomlab/sdehgha2/working-space/main/P1_pls-dataset/pls-dataset-space/PLS-Dataset/results/target_Rg/scaler/(abs(solvent dD - polymer dD))_MLR_Standard_shape.json
Done Saving scores!

------------------------------------------------------------
Sender: LSF System <lsfadmin@c202n12>
Subject: Job 558994: <MLR_with_abs(solvent dD - polymer dD)_on_Rg1 (nm)> in cluster <Hazel> Done

Job <MLR_with_abs(solvent dD - polymer dD)_on_Rg1 (nm)> was submitted from host <c040n01> by user <sdehgha2> in cluster <Hazel> at Mon Nov 25 11:28:15 2024
Job was executed on host(s) <4*c202n12>, in queue <single_chassis>, as user <sdehgha2> in cluster <Hazel> at Mon Nov 25 11:45:14 2024
                            <4*c202n13>
</home/sdehgha2> was used as the home directory.
</share/ddomlab/sdehgha2/working-space/main/P1_pls-dataset/pls-dataset-space/PLS-Dataset/code_/training/hpc_submit_training_Rh> was used as the working directory.
Started at Mon Nov 25 11:45:14 2024
Terminated at Mon Nov 25 11:58:38 2024
Results reported at Mon Nov 25 11:58:38 2024

Your job looked like:

------------------------------------------------------------
# LSBATCH: User input

#BSUB -n 8
#BSUB -W 15:01
#BSUB -R span[ptile=4]
##BSUB -x
#BSUB -R "rusage[mem=32GB]"
#BSUB -J "MLR_with_abs(solvent dD - polymer dD)_on_Rg1 (nm)"
#BSUB -o "/share/ddomlab/sdehgha2/working-space/main/P1_pls-dataset/pls-dataset-space/PLS-Dataset/results/abs(solvent dD - polymer dD)_with_MLR_with_abs(solvent dD - polymer dD)_on_Rg1 (nm).out"
#BSUB -e "/share/ddomlab/sdehgha2/working-space/main/P1_pls-dataset/pls-dataset-space/PLS-Dataset/results/abs(solvent dD - polymer dD)_with_MLR_with_abs(solvent dD - polymer dD)_on_Rg1 (nm).err"

source ~/.bashrc
conda activate /usr/local/usrapps/ddomlab/sdehgha2/pls-dataset-env

python ../train_numerical_only.py --target_features "Rg1 (nm)"                                   --regressor_type "MLR"                                   --numerical_feats "abs(solvent dD - polymer dD)" 
conda deactivate


------------------------------------------------------------

Successfully completed.

Resource usage summary:

    CPU time :                                   943.24 sec.
    Max Memory :                                 2 GB
    Average Memory :                             1.90 GB
    Total Requested Memory :                     64.00 GB
    Delta Memory :                               62.00 GB
    Max Swap :                                   -
    Max Processes :                              30
    Max Threads :                                33
    Run time :                                   813 sec.
    Turnaround time :                            1823 sec.

The output (if any) is above this job summary.



PS:

Read file </share/ddomlab/sdehgha2/working-space/main/P1_pls-dataset/pls-dataset-space/PLS-Dataset/results/abs(solvent dD - polymer dD)_with_MLR_with_abs(solvent dD - polymer dD)_on_Rg1 (nm).err> for stderr output of this job.

