polymer unit :RRU Monomer with rep of ECFP5 and binary



OPTIMIZING HYPERPARAMETERS FOR REGRESSOR NGB 	SEED: 6
polymer unit :RRU Dimer with rep of ECFP5 and binary



OPTIMIZING HYPERPARAMETERS FOR REGRESSOR NGB 	SEED: 6
polymer unit :RRU Trimer with rep of ECFP5 and binary



OPTIMIZING HYPERPARAMETERS FOR REGRESSOR NGB 	SEED: 6


Best parameters: OrderedDict([('regressor__regressor__learning_rate', 0.001), ('regressor__regressor__minibatch_frac', 1), ('regressor__regressor__n_estimators', 1371), ('regressor__regressor__natural_gradient', True), ('regressor__regressor__verbose', False)])





OPTIMIZING HYPERPARAMETERS FOR REGRESSOR NGB 	SEED: 6


Best parameters: OrderedDict([('regressor__regressor__learning_rate', 0.001), ('regressor__regressor__minibatch_frac', 1), ('regressor__regressor__n_estimators', 2000), ('regressor__regressor__natural_gradient', True), ('regressor__regressor__verbose', False)])





OPTIMIZING HYPERPARAMETERS FOR REGRESSOR NGB 	SEED: 6


Best parameters: OrderedDict([('regressor__regressor__learning_rate', 0.0009917632029746739), ('regressor__regressor__minibatch_frac', 1), ('regressor__regressor__n_estimators', 1981), ('regressor__regressor__natural_gradient', True), ('regressor__regressor__verbose', False)])





OPTIMIZING HYPERPARAMETERS FOR REGRESSOR NGB 	SEED: 6


Best parameters: OrderedDict([('regressor__regressor__learning_rate', 0.001), ('regressor__regressor__minibatch_frac', 1), ('regressor__regressor__n_estimators', 2000), ('regressor__regressor__natural_gradient', True), ('regressor__regressor__verbose', False)])





OPTIMIZING HYPERPARAMETERS FOR REGRESSOR NGB 	SEED: 6


Best parameters: OrderedDict([('regressor__regressor__learning_rate', 0.001), ('regressor__regressor__minibatch_frac', 1), ('regressor__regressor__n_estimators', 2000), ('regressor__regressor__natural_gradient', True), ('regressor__regressor__verbose', False)])





OPTIMIZING HYPERPARAMETERS FOR REGRESSOR NGB 	SEED: 13


Best parameters: OrderedDict([('regressor__regressor__learning_rate', 0.001), ('regressor__regressor__minibatch_frac', 1), ('regressor__regressor__n_estimators', 270), ('regressor__regressor__natural_gradient', True), ('regressor__regressor__verbose', False)])





OPTIMIZING HYPERPARAMETERS FOR REGRESSOR NGB 	SEED: 13


Best parameters: OrderedDict([('regressor__regressor__learning_rate', 0.0009735195911285752), ('regressor__regressor__minibatch_frac', 1), ('regressor__regressor__n_estimators', 1999), ('regressor__regressor__natural_gradient', True), ('regressor__regressor__verbose', False)])





OPTIMIZING HYPERPARAMETERS FOR REGRESSOR NGB 	SEED: 13


Best parameters: OrderedDict([('regressor__regressor__learning_rate', 0.000996333440502042), ('regressor__regressor__minibatch_frac', 1), ('regressor__regressor__n_estimators', 1962), ('regressor__regressor__natural_gradient', True), ('regressor__regressor__verbose', False)])





OPTIMIZING HYPERPARAMETERS FOR REGRESSOR NGB 	SEED: 13


Best parameters: OrderedDict([('regressor__regressor__learning_rate', 0.001), ('regressor__regressor__minibatch_frac', 1), ('regressor__regressor__n_estimators', 2000), ('regressor__regressor__natural_gradient', True), ('regressor__regressor__verbose', False)])





OPTIMIZING HYPERPARAMETERS FOR REGRESSOR NGB 	SEED: 13


Best parameters: OrderedDict([('regressor__regressor__learning_rate', 0.0004676798886066508), ('regressor__regressor__minibatch_frac', 1), ('regressor__regressor__n_estimators', 2000), ('regressor__regressor__natural_gradient', True), ('regressor__regressor__verbose', False)])





OPTIMIZING HYPERPARAMETERS FOR REGRESSOR NGB 	SEED: 42


Best parameters: OrderedDict([('regressor__regressor__learning_rate', 0.0009713408716397083), ('regressor__regressor__minibatch_frac', 1), ('regressor__regressor__n_estimators', 1999), ('regressor__regressor__natural_gradient', True), ('regressor__regressor__verbose', False)])





OPTIMIZING HYPERPARAMETERS FOR REGRESSOR NGB 	SEED: 42


Best parameters: OrderedDict([('regressor__regressor__learning_rate', 0.0009984804295696643), ('regressor__regressor__minibatch_frac', 1), ('regressor__regressor__n_estimators', 1995), ('regressor__regressor__natural_gradient', True), ('regressor__regressor__verbose', False)])





OPTIMIZING HYPERPARAMETERS FOR REGRESSOR NGB 	SEED: 42


Best parameters: OrderedDict([('regressor__regressor__learning_rate', 0.001), ('regressor__regressor__minibatch_frac', 1), ('regressor__regressor__n_estimators', 2000), ('regressor__regressor__natural_gradient', True), ('regressor__regressor__verbose', False)])





OPTIMIZING HYPERPARAMETERS FOR REGRESSOR NGB 	SEED: 42


Best parameters: OrderedDict([('regressor__regressor__learning_rate', 0.0009998328563031033), ('regressor__regressor__minibatch_frac', 1), ('regressor__regressor__n_estimators', 1985), ('regressor__regressor__natural_gradient', True), ('regressor__regressor__verbose', False)])





OPTIMIZING HYPERPARAMETERS FOR REGRESSOR NGB 	SEED: 42


Best parameters: OrderedDict([('regressor__regressor__learning_rate', 0.001), ('regressor__regressor__minibatch_frac', 1), ('regressor__regressor__n_estimators', 2000), ('regressor__regressor__natural_gradient', True), ('regressor__regressor__verbose', False)])





OPTIMIZING HYPERPARAMETERS FOR REGRESSOR NGB 	SEED: 69


Best parameters: OrderedDict([('regressor__regressor__learning_rate', 0.001), ('regressor__regressor__minibatch_frac', 1), ('regressor__regressor__n_estimators', 2000), ('regressor__regressor__natural_gradient', True), ('regressor__regressor__verbose', False)])





OPTIMIZING HYPERPARAMETERS FOR REGRESSOR NGB 	SEED: 69


Best parameters: OrderedDict([('regressor__regressor__learning_rate', 0.0004943935318798163), ('regressor__regressor__minibatch_frac', 1), ('regressor__regressor__n_estimators', 2000), ('regressor__regressor__natural_gradient', True), ('regressor__regressor__verbose', False)])





OPTIMIZING HYPERPARAMETERS FOR REGRESSOR NGB 	SEED: 69


Best parameters: OrderedDict([('regressor__regressor__learning_rate', 0.001), ('regressor__regressor__minibatch_frac', 1), ('regressor__regressor__n_estimators', 2000), ('regressor__regressor__natural_gradient', True), ('regressor__regressor__verbose', False)])





OPTIMIZING HYPERPARAMETERS FOR REGRESSOR NGB 	SEED: 69


Best parameters: OrderedDict([('regressor__regressor__learning_rate', 0.000987817189277156), ('regressor__regressor__minibatch_frac', 1), ('regressor__regressor__n_estimators', 1998), ('regressor__regressor__natural_gradient', True), ('regressor__regressor__verbose', False)])





OPTIMIZING HYPERPARAMETERS FOR REGRESSOR NGB 	SEED: 69


Best parameters: OrderedDict([('regressor__regressor__learning_rate', 0.001), ('regressor__regressor__minibatch_frac', 1), ('regressor__regressor__n_estimators', 2000), ('regressor__regressor__natural_gradient', True), ('regressor__regressor__verbose', False)])





OPTIMIZING HYPERPARAMETERS FOR REGRESSOR NGB 	SEED: 420


Best parameters: OrderedDict([('regressor__regressor__learning_rate', 0.001), ('regressor__regressor__minibatch_frac', 1), ('regressor__regressor__n_estimators', 2000), ('regressor__regressor__natural_gradient', True), ('regressor__regressor__verbose', False)])





OPTIMIZING HYPERPARAMETERS FOR REGRESSOR NGB 	SEED: 420


Best parameters: OrderedDict([('regressor__regressor__learning_rate', 0.0008807381463201016), ('regressor__regressor__minibatch_frac', 1), ('regressor__regressor__n_estimators', 2000), ('regressor__regressor__natural_gradient', True), ('regressor__regressor__verbose', False)])





OPTIMIZING HYPERPARAMETERS FOR REGRESSOR NGB 	SEED: 420


Best parameters: OrderedDict([('regressor__regressor__learning_rate', 0.001), ('regressor__regressor__minibatch_frac', 1), ('regressor__regressor__n_estimators', 2000), ('regressor__regressor__natural_gradient', True), ('regressor__regressor__verbose', False)])





OPTIMIZING HYPERPARAMETERS FOR REGRESSOR NGB 	SEED: 420


Best parameters: OrderedDict([('regressor__regressor__learning_rate', 0.001), ('regressor__regressor__minibatch_frac', 1), ('regressor__regressor__n_estimators', 2000), ('regressor__regressor__natural_gradient', True), ('regressor__regressor__verbose', False)])





OPTIMIZING HYPERPARAMETERS FOR REGRESSOR NGB 	SEED: 420


Best parameters: OrderedDict([('regressor__regressor__learning_rate', 0.0009098604510874316), ('regressor__regressor__minibatch_frac', 1), ('regressor__regressor__n_estimators', 2000), ('regressor__regressor__natural_gradient', True), ('regressor__regressor__verbose', False)])





OPTIMIZING HYPERPARAMETERS FOR REGRESSOR NGB 	SEED: 1234567890


Best parameters: OrderedDict([('regressor__regressor__learning_rate', 0.001), ('regressor__regressor__minibatch_frac', 1), ('regressor__regressor__n_estimators', 2000), ('regressor__regressor__natural_gradient', True), ('regressor__regressor__verbose', False)])





OPTIMIZING HYPERPARAMETERS FOR REGRESSOR NGB 	SEED: 1234567890


Best parameters: OrderedDict([('regressor__regressor__learning_rate', 0.000981986783156582), ('regressor__regressor__minibatch_frac', 1), ('regressor__regressor__n_estimators', 1975), ('regressor__regressor__natural_gradient', True), ('regressor__regressor__verbose', False)])





OPTIMIZING HYPERPARAMETERS FOR REGRESSOR NGB 	SEED: 1234567890


Best parameters: OrderedDict([('regressor__regressor__learning_rate', 0.0009984587930726252), ('regressor__regressor__minibatch_frac', 1), ('regressor__regressor__n_estimators', 1989), ('regressor__regressor__natural_gradient', True), ('regressor__regressor__verbose', False)])





OPTIMIZING HYPERPARAMETERS FOR REGRESSOR NGB 	SEED: 1234567890


Best parameters: OrderedDict([('regressor__regressor__learning_rate', 0.001), ('regressor__regressor__minibatch_frac', 1), ('regressor__regressor__n_estimators', 2000), ('regressor__regressor__natural_gradient', True), ('regressor__regressor__verbose', False)])





OPTIMIZING HYPERPARAMETERS FOR REGRESSOR NGB 	SEED: 1234567890


Best parameters: OrderedDict([('regressor__regressor__learning_rate', 0.000958465425837403), ('regressor__regressor__minibatch_frac', 1), ('regressor__regressor__n_estimators', 1987), ('regressor__regressor__natural_gradient', True), ('regressor__regressor__verbose', False)])





OPTIMIZING HYPERPARAMETERS FOR REGRESSOR NGB 	SEED: 473129


Best parameters: OrderedDict([('regressor__regressor__learning_rate', 0.001), ('regressor__regressor__minibatch_frac', 1), ('regressor__regressor__n_estimators', 2000), ('regressor__regressor__natural_gradient', True), ('regressor__regressor__verbose', False)])





OPTIMIZING HYPERPARAMETERS FOR REGRESSOR NGB 	SEED: 473129


Best parameters: OrderedDict([('regressor__regressor__learning_rate', 0.0009858949215424263), ('regressor__regressor__minibatch_frac', 1), ('regressor__regressor__n_estimators', 1995), ('regressor__regressor__natural_gradient', True), ('regressor__regressor__verbose', False)])





OPTIMIZING HYPERPARAMETERS FOR REGRESSOR NGB 	SEED: 473129


Best parameters: OrderedDict([('regressor__regressor__learning_rate', 0.001), ('regressor__regressor__minibatch_frac', 1), ('regressor__regressor__n_estimators', 2000), ('regressor__regressor__natural_gradient', True), ('regressor__regressor__verbose', False)])





OPTIMIZING HYPERPARAMETERS FOR REGRESSOR NGB 	SEED: 473129


Best parameters: OrderedDict([('regressor__regressor__learning_rate', 0.001), ('regressor__regressor__minibatch_frac', 1), ('regressor__regressor__n_estimators', 2000), ('regressor__regressor__natural_gradient', True), ('regressor__regressor__verbose', False)])





OPTIMIZING HYPERPARAMETERS FOR REGRESSOR NGB 	SEED: 473129


Best parameters: OrderedDict([('regressor__regressor__learning_rate', 0.001), ('regressor__regressor__minibatch_frac', 1), ('regressor__regressor__n_estimators', 2000), ('regressor__regressor__natural_gradient', True), ('regressor__regressor__verbose', False)])


{'targets_shape': (257, 1), 'training_features_shape': (257, 2051)}
Average scores:	 r: 0.91±0.08	 r2: 0.8±0.16
RRU Monomer_scaler
Filename: (ECFP5.binary.2048-Mw-PDI)_NGB
/gpfs_common/share03/ddomlab/sdehgha2/working-space/main/P1_pls-dataset/pls-dataset-space/PLS-Dataset/results/target_Rg/RRU Monomer_scaler/(ECFP5.binary.2048-Mw-PDI)_NGB_scores.json
/gpfs_common/share03/ddomlab/sdehgha2/working-space/main/P1_pls-dataset/pls-dataset-space/PLS-Dataset/results/target_Rg/RRU Monomer_scaler/(ECFP5.binary.2048-Mw-PDI)_NGB_predictions.csv
/gpfs_common/share03/ddomlab/sdehgha2/working-space/main/P1_pls-dataset/pls-dataset-space/PLS-Dataset/results/target_Rg/RRU Monomer_scaler/(ECFP5.binary.2048-Mw-PDI)_NGB_shape.json
Done Saving scores!

------------------------------------------------------------
Sender: LSF System <lsfadmin@c207n04>
Subject: Job 961327: <ecfp_radius5_vectorbinary_NGB_Rg1 (nm)_polysize_ramining> in cluster <Hazel> Done

Job <ecfp_radius5_vectorbinary_NGB_Rg1 (nm)_polysize_ramining> was submitted from host <c202n02> by user <sdehgha2> in cluster <Hazel> at Sun Oct 27 16:19:11 2024
Job was executed on host(s) <4*c207n04>, in queue <single_chassis>, as user <sdehgha2> in cluster <Hazel> at Sun Oct 27 16:19:12 2024
                            <4*c207n01>
</home/sdehgha2> was used as the home directory.
</gpfs_common/share03/ddomlab/sdehgha2/working-space/main/P1_pls-dataset/pls-dataset-space/PLS-Dataset/code_/training/hpc_submit_training> was used as the working directory.
Started at Sun Oct 27 16:19:12 2024
Terminated at Mon Oct 28 03:41:58 2024
Results reported at Mon Oct 28 03:41:58 2024

Your job looked like:

------------------------------------------------------------
# LSBATCH: User input
#BSUB -n 8
#BSUB -W 60:01
#BSUB -R span[ptile=4]
#BSUB -R "rusage[mem=32GB]"
#BSUB -J "ecfp_radius5_vectorbinary_NGB_Rg1 (nm)_polysize_ramining" 
#BSUB -o "/share/ddomlab/sdehgha2/working-space/main/P1_pls-dataset/pls-dataset-space/PLS-Dataset/results/ecfp_radius5_vectorbinary_Rg1 (nm)_NGB_polysize_ramining.out"
#BSUB -e "/share/ddomlab/sdehgha2/working-space/main/P1_pls-dataset/pls-dataset-space/PLS-Dataset/results/ecfp_radius5_vectorbinary_Rg1 (nm)_NGB_polysize_ramining.err"

source ~/.bashrc
conda activate /usr/local/usrapps/ddomlab/sdehgha2/pls-dataset-env
python ../train_structure_numerical.py ecfp --regressor_type NGB --radius 5 --vector binary --target "Rg1 (nm)" --oligo_type "RRU Monomer"

------------------------------------------------------------

Successfully completed.

Resource usage summary:

    CPU time :                                   182242.66 sec.
    Max Memory :                                 3 GB
    Average Memory :                             2.99 GB
    Total Requested Memory :                     64.00 GB
    Delta Memory :                               61.00 GB
    Max Swap :                                   -
    Max Processes :                              26
    Max Threads :                                29
    Run time :                                   40979 sec.
    Turnaround time :                            40967 sec.

The output (if any) is above this job summary.



PS:

Read file </share/ddomlab/sdehgha2/working-space/main/P1_pls-dataset/pls-dataset-space/PLS-Dataset/results/ecfp_radius5_vectorbinary_Rg1 (nm)_NGB_polysize_ramining.err> for stderr output of this job.



Best parameters: OrderedDict([('regressor__regressor__learning_rate', 0.0009555535162430864), ('regressor__regressor__minibatch_frac', 1), ('regressor__regressor__n_estimators', 1927), ('regressor__regressor__natural_gradient', True), ('regressor__regressor__verbose', False)])





OPTIMIZING HYPERPARAMETERS FOR REGRESSOR NGB 	SEED: 6


Best parameters: OrderedDict([('regressor__regressor__learning_rate', 0.0009917632029746739), ('regressor__regressor__minibatch_frac', 1), ('regressor__regressor__n_estimators', 1981), ('regressor__regressor__natural_gradient', True), ('regressor__regressor__verbose', False)])





OPTIMIZING HYPERPARAMETERS FOR REGRESSOR NGB 	SEED: 6


Best parameters: OrderedDict([('regressor__regressor__learning_rate', 0.0009635792533181749), ('regressor__regressor__minibatch_frac', 1), ('regressor__regressor__n_estimators', 1945), ('regressor__regressor__natural_gradient', True), ('regressor__regressor__verbose', False)])





OPTIMIZING HYPERPARAMETERS FOR REGRESSOR NGB 	SEED: 6


Best parameters: OrderedDict([('regressor__regressor__learning_rate', 0.0009730469951536886), ('regressor__regressor__minibatch_frac', 1), ('regressor__regressor__n_estimators', 1987), ('regressor__regressor__natural_gradient', True), ('regressor__regressor__verbose', False)])





OPTIMIZING HYPERPARAMETERS FOR REGRESSOR NGB 	SEED: 6


Best parameters: OrderedDict([('regressor__regressor__learning_rate', 0.0009948925114103666), ('regressor__regressor__minibatch_frac', 1), ('regressor__regressor__n_estimators', 1960), ('regressor__regressor__natural_gradient', True), ('regressor__regressor__verbose', False)])





OPTIMIZING HYPERPARAMETERS FOR REGRESSOR NGB 	SEED: 13


Best parameters: OrderedDict([('regressor__regressor__learning_rate', 0.001), ('regressor__regressor__minibatch_frac', 1), ('regressor__regressor__n_estimators', 239), ('regressor__regressor__natural_gradient', True), ('regressor__regressor__verbose', False)])





OPTIMIZING HYPERPARAMETERS FOR REGRESSOR NGB 	SEED: 13


Best parameters: OrderedDict([('regressor__regressor__learning_rate', 0.000996333440502042), ('regressor__regressor__minibatch_frac', 1), ('regressor__regressor__n_estimators', 1962), ('regressor__regressor__natural_gradient', True), ('regressor__regressor__verbose', False)])





OPTIMIZING HYPERPARAMETERS FOR REGRESSOR NGB 	SEED: 13


Best parameters: OrderedDict([('regressor__regressor__learning_rate', 0.001), ('regressor__regressor__minibatch_frac', 1), ('regressor__regressor__n_estimators', 2000), ('regressor__regressor__natural_gradient', True), ('regressor__regressor__verbose', False)])





OPTIMIZING HYPERPARAMETERS FOR REGRESSOR NGB 	SEED: 13


Best parameters: OrderedDict([('regressor__regressor__learning_rate', 0.001), ('regressor__regressor__minibatch_frac', 1), ('regressor__regressor__n_estimators', 2000), ('regressor__regressor__natural_gradient', True), ('regressor__regressor__verbose', False)])





OPTIMIZING HYPERPARAMETERS FOR REGRESSOR NGB 	SEED: 13


Best parameters: OrderedDict([('regressor__regressor__learning_rate', 0.0008085073550228018), ('regressor__regressor__minibatch_frac', 1), ('regressor__regressor__n_estimators', 1252), ('regressor__regressor__natural_gradient', True), ('regressor__regressor__verbose', False)])





OPTIMIZING HYPERPARAMETERS FOR REGRESSOR NGB 	SEED: 42


Best parameters: OrderedDict([('regressor__regressor__learning_rate', 0.0009984804295696643), ('regressor__regressor__minibatch_frac', 1), ('regressor__regressor__n_estimators', 1995), ('regressor__regressor__natural_gradient', True), ('regressor__regressor__verbose', False)])





OPTIMIZING HYPERPARAMETERS FOR REGRESSOR NGB 	SEED: 42


Best parameters: OrderedDict([('regressor__regressor__learning_rate', 0.001), ('regressor__regressor__minibatch_frac', 1), ('regressor__regressor__n_estimators', 2000), ('regressor__regressor__natural_gradient', True), ('regressor__regressor__verbose', False)])





OPTIMIZING HYPERPARAMETERS FOR REGRESSOR NGB 	SEED: 42


Best parameters: OrderedDict([('regressor__regressor__learning_rate', 0.001), ('regressor__regressor__minibatch_frac', 1), ('regressor__regressor__n_estimators', 2000), ('regressor__regressor__natural_gradient', True), ('regressor__regressor__verbose', False)])





OPTIMIZING HYPERPARAMETERS FOR REGRESSOR NGB 	SEED: 42


Best parameters: OrderedDict([('regressor__regressor__learning_rate', 0.000982099586876546), ('regressor__regressor__minibatch_frac', 1), ('regressor__regressor__n_estimators', 1995), ('regressor__regressor__natural_gradient', True), ('regressor__regressor__verbose', False)])





OPTIMIZING HYPERPARAMETERS FOR REGRESSOR NGB 	SEED: 42


Best parameters: OrderedDict([('regressor__regressor__learning_rate', 0.001), ('regressor__regressor__minibatch_frac', 1), ('regressor__regressor__n_estimators', 2000), ('regressor__regressor__natural_gradient', True), ('regressor__regressor__verbose', False)])





OPTIMIZING HYPERPARAMETERS FOR REGRESSOR NGB 	SEED: 69


Best parameters: OrderedDict([('regressor__regressor__learning_rate', 0.001), ('regressor__regressor__minibatch_frac', 1), ('regressor__regressor__n_estimators', 2000), ('regressor__regressor__natural_gradient', True), ('regressor__regressor__verbose', False)])





OPTIMIZING HYPERPARAMETERS FOR REGRESSOR NGB 	SEED: 69


Best parameters: OrderedDict([('regressor__regressor__learning_rate', 0.0009156173963539363), ('regressor__regressor__minibatch_frac', 1), ('regressor__regressor__n_estimators', 1297), ('regressor__regressor__natural_gradient', True), ('regressor__regressor__verbose', False)])





OPTIMIZING HYPERPARAMETERS FOR REGRESSOR NGB 	SEED: 69


Best parameters: OrderedDict([('regressor__regressor__learning_rate', 0.001), ('regressor__regressor__minibatch_frac', 1), ('regressor__regressor__n_estimators', 2000), ('regressor__regressor__natural_gradient', True), ('regressor__regressor__verbose', False)])





OPTIMIZING HYPERPARAMETERS FOR REGRESSOR NGB 	SEED: 69


Best parameters: OrderedDict([('regressor__regressor__learning_rate', 0.001), ('regressor__regressor__minibatch_frac', 1), ('regressor__regressor__n_estimators', 2000), ('regressor__regressor__natural_gradient', True), ('regressor__regressor__verbose', False)])





OPTIMIZING HYPERPARAMETERS FOR REGRESSOR NGB 	SEED: 69


Best parameters: OrderedDict([('regressor__regressor__learning_rate', 0.001), ('regressor__regressor__minibatch_frac', 1), ('regressor__regressor__n_estimators', 2000), ('regressor__regressor__natural_gradient', True), ('regressor__regressor__verbose', False)])





OPTIMIZING HYPERPARAMETERS FOR REGRESSOR NGB 	SEED: 420


Best parameters: OrderedDict([('regressor__regressor__learning_rate', 0.001), ('regressor__regressor__minibatch_frac', 1), ('regressor__regressor__n_estimators', 1795), ('regressor__regressor__natural_gradient', True), ('regressor__regressor__verbose', False)])





OPTIMIZING HYPERPARAMETERS FOR REGRESSOR NGB 	SEED: 420


Best parameters: OrderedDict([('regressor__regressor__learning_rate', 0.001), ('regressor__regressor__minibatch_frac', 1), ('regressor__regressor__n_estimators', 2000), ('regressor__regressor__natural_gradient', True), ('regressor__regressor__verbose', False)])





OPTIMIZING HYPERPARAMETERS FOR REGRESSOR NGB 	SEED: 420


Best parameters: OrderedDict([('regressor__regressor__learning_rate', 0.000990325923417942), ('regressor__regressor__minibatch_frac', 1), ('regressor__regressor__n_estimators', 1936), ('regressor__regressor__natural_gradient', True), ('regressor__regressor__verbose', False)])





OPTIMIZING HYPERPARAMETERS FOR REGRESSOR NGB 	SEED: 420


Best parameters: OrderedDict([('regressor__regressor__learning_rate', 0.001), ('regressor__regressor__minibatch_frac', 1), ('regressor__regressor__n_estimators', 2000), ('regressor__regressor__natural_gradient', True), ('regressor__regressor__verbose', False)])





OPTIMIZING HYPERPARAMETERS FOR REGRESSOR NGB 	SEED: 420


Best parameters: OrderedDict([('regressor__regressor__learning_rate', 0.001), ('regressor__regressor__minibatch_frac', 1), ('regressor__regressor__n_estimators', 1251), ('regressor__regressor__natural_gradient', True), ('regressor__regressor__verbose', False)])





OPTIMIZING HYPERPARAMETERS FOR REGRESSOR NGB 	SEED: 1234567890


Best parameters: OrderedDict([('regressor__regressor__learning_rate', 0.001), ('regressor__regressor__minibatch_frac', 1), ('regressor__regressor__n_estimators', 2000), ('regressor__regressor__natural_gradient', True), ('regressor__regressor__verbose', False)])





OPTIMIZING HYPERPARAMETERS FOR REGRESSOR NGB 	SEED: 1234567890


Best parameters: OrderedDict([('regressor__regressor__learning_rate', 0.001), ('regressor__regressor__minibatch_frac', 1), ('regressor__regressor__n_estimators', 1765), ('regressor__regressor__natural_gradient', True), ('regressor__regressor__verbose', False)])





OPTIMIZING HYPERPARAMETERS FOR REGRESSOR NGB 	SEED: 1234567890


Best parameters: OrderedDict([('regressor__regressor__learning_rate', 0.001), ('regressor__regressor__minibatch_frac', 1), ('regressor__regressor__n_estimators', 2000), ('regressor__regressor__natural_gradient', True), ('regressor__regressor__verbose', False)])





OPTIMIZING HYPERPARAMETERS FOR REGRESSOR NGB 	SEED: 1234567890


Best parameters: OrderedDict([('regressor__regressor__learning_rate', 0.001), ('regressor__regressor__minibatch_frac', 1), ('regressor__regressor__n_estimators', 2000), ('regressor__regressor__natural_gradient', True), ('regressor__regressor__verbose', False)])





OPTIMIZING HYPERPARAMETERS FOR REGRESSOR NGB 	SEED: 1234567890


Best parameters: OrderedDict([('regressor__regressor__learning_rate', 0.000996865050113866), ('regressor__regressor__minibatch_frac', 1), ('regressor__regressor__n_estimators', 1971), ('regressor__regressor__natural_gradient', True), ('regressor__regressor__verbose', False)])





OPTIMIZING HYPERPARAMETERS FOR REGRESSOR NGB 	SEED: 473129


Best parameters: OrderedDict([('regressor__regressor__learning_rate', 0.001), ('regressor__regressor__minibatch_frac', 1), ('regressor__regressor__n_estimators', 2000), ('regressor__regressor__natural_gradient', True), ('regressor__regressor__verbose', False)])





OPTIMIZING HYPERPARAMETERS FOR REGRESSOR NGB 	SEED: 473129


Best parameters: OrderedDict([('regressor__regressor__learning_rate', 0.0009875538871215834), ('regressor__regressor__minibatch_frac', 1), ('regressor__regressor__n_estimators', 1998), ('regressor__regressor__natural_gradient', True), ('regressor__regressor__verbose', False)])





OPTIMIZING HYPERPARAMETERS FOR REGRESSOR NGB 	SEED: 473129


Best parameters: OrderedDict([('regressor__regressor__learning_rate', 0.0009860688398167017), ('regressor__regressor__minibatch_frac', 1), ('regressor__regressor__n_estimators', 1969), ('regressor__regressor__natural_gradient', True), ('regressor__regressor__verbose', False)])





OPTIMIZING HYPERPARAMETERS FOR REGRESSOR NGB 	SEED: 473129


Best parameters: OrderedDict([('regressor__regressor__learning_rate', 0.001), ('regressor__regressor__minibatch_frac', 1), ('regressor__regressor__n_estimators', 2000), ('regressor__regressor__natural_gradient', True), ('regressor__regressor__verbose', False)])





OPTIMIZING HYPERPARAMETERS FOR REGRESSOR NGB 	SEED: 473129


Best parameters: OrderedDict([('regressor__regressor__learning_rate', 0.001), ('regressor__regressor__minibatch_frac', 1), ('regressor__regressor__n_estimators', 2000), ('regressor__regressor__natural_gradient', True), ('regressor__regressor__verbose', False)])


{'targets_shape': (257, 1), 'training_features_shape': (257, 2051)}
Average scores:	 r: 0.91±0.08	 r2: 0.79±0.17
RRU Dimer_scaler
Filename: (ECFP5.binary.2048-Mw-PDI)_NGB
/gpfs_common/share03/ddomlab/sdehgha2/working-space/main/P1_pls-dataset/pls-dataset-space/PLS-Dataset/results/target_Rg/RRU Dimer_scaler/(ECFP5.binary.2048-Mw-PDI)_NGB_scores.json
/gpfs_common/share03/ddomlab/sdehgha2/working-space/main/P1_pls-dataset/pls-dataset-space/PLS-Dataset/results/target_Rg/RRU Dimer_scaler/(ECFP5.binary.2048-Mw-PDI)_NGB_predictions.csv
/gpfs_common/share03/ddomlab/sdehgha2/working-space/main/P1_pls-dataset/pls-dataset-space/PLS-Dataset/results/target_Rg/RRU Dimer_scaler/(ECFP5.binary.2048-Mw-PDI)_NGB_shape.json
Done Saving scores!

------------------------------------------------------------
Sender: LSF System <lsfadmin@c207n12>
Subject: Job 961328: <ecfp_radius5_vectorbinary_NGB_Rg1 (nm)_polysize_ramining> in cluster <Hazel> Done

Job <ecfp_radius5_vectorbinary_NGB_Rg1 (nm)_polysize_ramining> was submitted from host <c202n02> by user <sdehgha2> in cluster <Hazel> at Sun Oct 27 16:19:11 2024
Job was executed on host(s) <4*c207n12>, in queue <single_chassis>, as user <sdehgha2> in cluster <Hazel> at Sun Oct 27 16:19:12 2024
                            <4*c207n10>
</home/sdehgha2> was used as the home directory.
</gpfs_common/share03/ddomlab/sdehgha2/working-space/main/P1_pls-dataset/pls-dataset-space/PLS-Dataset/code_/training/hpc_submit_training> was used as the working directory.
Started at Sun Oct 27 16:19:12 2024
Terminated at Mon Oct 28 07:01:36 2024
Results reported at Mon Oct 28 07:01:36 2024

Your job looked like:

------------------------------------------------------------
# LSBATCH: User input
#BSUB -n 8
#BSUB -W 60:01
#BSUB -R span[ptile=4]
#BSUB -R "rusage[mem=32GB]"
#BSUB -J "ecfp_radius5_vectorbinary_NGB_Rg1 (nm)_polysize_ramining" 
#BSUB -o "/share/ddomlab/sdehgha2/working-space/main/P1_pls-dataset/pls-dataset-space/PLS-Dataset/results/ecfp_radius5_vectorbinary_Rg1 (nm)_NGB_polysize_ramining.out"
#BSUB -e "/share/ddomlab/sdehgha2/working-space/main/P1_pls-dataset/pls-dataset-space/PLS-Dataset/results/ecfp_radius5_vectorbinary_Rg1 (nm)_NGB_polysize_ramining.err"

source ~/.bashrc
conda activate /usr/local/usrapps/ddomlab/sdehgha2/pls-dataset-env
python ../train_structure_numerical.py ecfp --regressor_type NGB --radius 5 --vector binary --target "Rg1 (nm)" --oligo_type "RRU Dimer"

------------------------------------------------------------

Successfully completed.

Resource usage summary:

    CPU time :                                   219882.58 sec.
    Max Memory :                                 3 GB
    Average Memory :                             2.99 GB
    Total Requested Memory :                     64.00 GB
    Delta Memory :                               61.00 GB
    Max Swap :                                   -
    Max Processes :                              26
    Max Threads :                                29
    Run time :                                   52946 sec.
    Turnaround time :                            52945 sec.

The output (if any) is above this job summary.



PS:

Read file </share/ddomlab/sdehgha2/working-space/main/P1_pls-dataset/pls-dataset-space/PLS-Dataset/results/ecfp_radius5_vectorbinary_Rg1 (nm)_NGB_polysize_ramining.err> for stderr output of this job.



Best parameters: OrderedDict([('regressor__regressor__learning_rate', 0.001), ('regressor__regressor__minibatch_frac', 1), ('regressor__regressor__n_estimators', 1463), ('regressor__regressor__natural_gradient', True), ('regressor__regressor__verbose', False)])





OPTIMIZING HYPERPARAMETERS FOR REGRESSOR NGB 	SEED: 6


Best parameters: OrderedDict([('regressor__regressor__learning_rate', 0.0009980420704087882), ('regressor__regressor__minibatch_frac', 1), ('regressor__regressor__n_estimators', 1980), ('regressor__regressor__natural_gradient', True), ('regressor__regressor__verbose', False)])





OPTIMIZING HYPERPARAMETERS FOR REGRESSOR NGB 	SEED: 6


Best parameters: OrderedDict([('regressor__regressor__learning_rate', 0.001), ('regressor__regressor__minibatch_frac', 1), ('regressor__regressor__n_estimators', 2000), ('regressor__regressor__natural_gradient', True), ('regressor__regressor__verbose', False)])





OPTIMIZING HYPERPARAMETERS FOR REGRESSOR NGB 	SEED: 6


Best parameters: OrderedDict([('regressor__regressor__learning_rate', 0.0009980420704087882), ('regressor__regressor__minibatch_frac', 1), ('regressor__regressor__n_estimators', 1980), ('regressor__regressor__natural_gradient', True), ('regressor__regressor__verbose', False)])





OPTIMIZING HYPERPARAMETERS FOR REGRESSOR NGB 	SEED: 6


Best parameters: OrderedDict([('regressor__regressor__learning_rate', 0.001), ('regressor__regressor__minibatch_frac', 1), ('regressor__regressor__n_estimators', 2000), ('regressor__regressor__natural_gradient', True), ('regressor__regressor__verbose', False)])





OPTIMIZING HYPERPARAMETERS FOR REGRESSOR NGB 	SEED: 13


Best parameters: OrderedDict([('regressor__regressor__learning_rate', 0.00030253458801198413), ('regressor__regressor__minibatch_frac', 1), ('regressor__regressor__n_estimators', 1037), ('regressor__regressor__natural_gradient', True), ('regressor__regressor__verbose', False)])





OPTIMIZING HYPERPARAMETERS FOR REGRESSOR NGB 	SEED: 13


Best parameters: OrderedDict([('regressor__regressor__learning_rate', 0.0009915764549673224), ('regressor__regressor__minibatch_frac', 1), ('regressor__regressor__n_estimators', 1991), ('regressor__regressor__natural_gradient', True), ('regressor__regressor__verbose', False)])





OPTIMIZING HYPERPARAMETERS FOR REGRESSOR NGB 	SEED: 13


Best parameters: OrderedDict([('regressor__regressor__learning_rate', 0.000996333440502042), ('regressor__regressor__minibatch_frac', 1), ('regressor__regressor__n_estimators', 1962), ('regressor__regressor__natural_gradient', True), ('regressor__regressor__verbose', False)])





OPTIMIZING HYPERPARAMETERS FOR REGRESSOR NGB 	SEED: 13


Best parameters: OrderedDict([('regressor__regressor__learning_rate', 0.001), ('regressor__regressor__minibatch_frac', 1), ('regressor__regressor__n_estimators', 2000), ('regressor__regressor__natural_gradient', True), ('regressor__regressor__verbose', False)])





OPTIMIZING HYPERPARAMETERS FOR REGRESSOR NGB 	SEED: 13


Best parameters: OrderedDict([('regressor__regressor__learning_rate', 0.00040777518209052715), ('regressor__regressor__minibatch_frac', 1), ('regressor__regressor__n_estimators', 2000), ('regressor__regressor__natural_gradient', True), ('regressor__regressor__verbose', False)])





OPTIMIZING HYPERPARAMETERS FOR REGRESSOR NGB 	SEED: 42


Best parameters: OrderedDict([('regressor__regressor__learning_rate', 0.0009713408716397083), ('regressor__regressor__minibatch_frac', 1), ('regressor__regressor__n_estimators', 1999), ('regressor__regressor__natural_gradient', True), ('regressor__regressor__verbose', False)])





OPTIMIZING HYPERPARAMETERS FOR REGRESSOR NGB 	SEED: 42


Best parameters: OrderedDict([('regressor__regressor__learning_rate', 0.0009998328563031033), ('regressor__regressor__minibatch_frac', 1), ('regressor__regressor__n_estimators', 1985), ('regressor__regressor__natural_gradient', True), ('regressor__regressor__verbose', False)])





OPTIMIZING HYPERPARAMETERS FOR REGRESSOR NGB 	SEED: 42


Best parameters: OrderedDict([('regressor__regressor__learning_rate', 0.001), ('regressor__regressor__minibatch_frac', 1), ('regressor__regressor__n_estimators', 2000), ('regressor__regressor__natural_gradient', True), ('regressor__regressor__verbose', False)])





OPTIMIZING HYPERPARAMETERS FOR REGRESSOR NGB 	SEED: 42


Best parameters: OrderedDict([('regressor__regressor__learning_rate', 0.0009871500349309598), ('regressor__regressor__minibatch_frac', 1), ('regressor__regressor__n_estimators', 1984), ('regressor__regressor__natural_gradient', True), ('regressor__regressor__verbose', False)])





OPTIMIZING HYPERPARAMETERS FOR REGRESSOR NGB 	SEED: 42


Best parameters: OrderedDict([('regressor__regressor__learning_rate', 0.001), ('regressor__regressor__minibatch_frac', 1), ('regressor__regressor__n_estimators', 2000), ('regressor__regressor__natural_gradient', True), ('regressor__regressor__verbose', False)])





OPTIMIZING HYPERPARAMETERS FOR REGRESSOR NGB 	SEED: 69


Best parameters: OrderedDict([('regressor__regressor__learning_rate', 0.001), ('regressor__regressor__minibatch_frac', 1), ('regressor__regressor__n_estimators', 2000), ('regressor__regressor__natural_gradient', True), ('regressor__regressor__verbose', False)])





OPTIMIZING HYPERPARAMETERS FOR REGRESSOR NGB 	SEED: 69


Best parameters: OrderedDict([('regressor__regressor__learning_rate', 0.0008195058126969432), ('regressor__regressor__minibatch_frac', 1), ('regressor__regressor__n_estimators', 1218), ('regressor__regressor__natural_gradient', True), ('regressor__regressor__verbose', False)])





OPTIMIZING HYPERPARAMETERS FOR REGRESSOR NGB 	SEED: 69


Best parameters: OrderedDict([('regressor__regressor__learning_rate', 0.001), ('regressor__regressor__minibatch_frac', 1), ('regressor__regressor__n_estimators', 2000), ('regressor__regressor__natural_gradient', True), ('regressor__regressor__verbose', False)])





OPTIMIZING HYPERPARAMETERS FOR REGRESSOR NGB 	SEED: 69


Best parameters: OrderedDict([('regressor__regressor__learning_rate', 0.001), ('regressor__regressor__minibatch_frac', 1), ('regressor__regressor__n_estimators', 2000), ('regressor__regressor__natural_gradient', True), ('regressor__regressor__verbose', False)])





OPTIMIZING HYPERPARAMETERS FOR REGRESSOR NGB 	SEED: 69


Best parameters: OrderedDict([('regressor__regressor__learning_rate', 0.001), ('regressor__regressor__minibatch_frac', 1), ('regressor__regressor__n_estimators', 2000), ('regressor__regressor__natural_gradient', True), ('regressor__regressor__verbose', False)])





OPTIMIZING HYPERPARAMETERS FOR REGRESSOR NGB 	SEED: 420


Best parameters: OrderedDict([('regressor__regressor__learning_rate', 0.0009342253520965517), ('regressor__regressor__minibatch_frac', 1), ('regressor__regressor__n_estimators', 1978), ('regressor__regressor__natural_gradient', True), ('regressor__regressor__verbose', False)])





OPTIMIZING HYPERPARAMETERS FOR REGRESSOR NGB 	SEED: 420


Best parameters: OrderedDict([('regressor__regressor__learning_rate', 0.0008881380579249), ('regressor__regressor__minibatch_frac', 1), ('regressor__regressor__n_estimators', 1901), ('regressor__regressor__natural_gradient', True), ('regressor__regressor__verbose', False)])





OPTIMIZING HYPERPARAMETERS FOR REGRESSOR NGB 	SEED: 420


Best parameters: OrderedDict([('regressor__regressor__learning_rate', 0.000831055868385405), ('regressor__regressor__minibatch_frac', 1), ('regressor__regressor__n_estimators', 2000), ('regressor__regressor__natural_gradient', True), ('regressor__regressor__verbose', False)])





OPTIMIZING HYPERPARAMETERS FOR REGRESSOR NGB 	SEED: 420


Best parameters: OrderedDict([('regressor__regressor__learning_rate', 0.001), ('regressor__regressor__minibatch_frac', 1), ('regressor__regressor__n_estimators', 2000), ('regressor__regressor__natural_gradient', True), ('regressor__regressor__verbose', False)])





OPTIMIZING HYPERPARAMETERS FOR REGRESSOR NGB 	SEED: 420


Best parameters: OrderedDict([('regressor__regressor__learning_rate', 0.0009723534040083587), ('regressor__regressor__minibatch_frac', 1), ('regressor__regressor__n_estimators', 1991), ('regressor__regressor__natural_gradient', True), ('regressor__regressor__verbose', False)])





OPTIMIZING HYPERPARAMETERS FOR REGRESSOR NGB 	SEED: 1234567890


Best parameters: OrderedDict([('regressor__regressor__learning_rate', 0.001), ('regressor__regressor__minibatch_frac', 1), ('regressor__regressor__n_estimators', 2000), ('regressor__regressor__natural_gradient', True), ('regressor__regressor__verbose', False)])





OPTIMIZING HYPERPARAMETERS FOR REGRESSOR NGB 	SEED: 1234567890


Best parameters: OrderedDict([('regressor__regressor__learning_rate', 0.000996865050113866), ('regressor__regressor__minibatch_frac', 1), ('regressor__regressor__n_estimators', 1971), ('regressor__regressor__natural_gradient', True), ('regressor__regressor__verbose', False)])





OPTIMIZING HYPERPARAMETERS FOR REGRESSOR NGB 	SEED: 1234567890


Best parameters: OrderedDict([('regressor__regressor__learning_rate', 0.001), ('regressor__regressor__minibatch_frac', 1), ('regressor__regressor__n_estimators', 2000), ('regressor__regressor__natural_gradient', True), ('regressor__regressor__verbose', False)])





OPTIMIZING HYPERPARAMETERS FOR REGRESSOR NGB 	SEED: 1234567890


Best parameters: OrderedDict([('regressor__regressor__learning_rate', 0.001), ('regressor__regressor__minibatch_frac', 1), ('regressor__regressor__n_estimators', 2000), ('regressor__regressor__natural_gradient', True), ('regressor__regressor__verbose', False)])





OPTIMIZING HYPERPARAMETERS FOR REGRESSOR NGB 	SEED: 1234567890


Best parameters: OrderedDict([('regressor__regressor__learning_rate', 0.001), ('regressor__regressor__minibatch_frac', 1), ('regressor__regressor__n_estimators', 2000), ('regressor__regressor__natural_gradient', True), ('regressor__regressor__verbose', False)])





OPTIMIZING HYPERPARAMETERS FOR REGRESSOR NGB 	SEED: 473129


Best parameters: OrderedDict([('regressor__regressor__learning_rate', 0.000993668274725941), ('regressor__regressor__minibatch_frac', 1), ('regressor__regressor__n_estimators', 1984), ('regressor__regressor__natural_gradient', True), ('regressor__regressor__verbose', False)])





OPTIMIZING HYPERPARAMETERS FOR REGRESSOR NGB 	SEED: 473129


Best parameters: OrderedDict([('regressor__regressor__learning_rate', 0.0009843357797811115), ('regressor__regressor__minibatch_frac', 1), ('regressor__regressor__n_estimators', 1990), ('regressor__regressor__natural_gradient', True), ('regressor__regressor__verbose', False)])





OPTIMIZING HYPERPARAMETERS FOR REGRESSOR NGB 	SEED: 473129


Best parameters: OrderedDict([('regressor__regressor__learning_rate', 0.001), ('regressor__regressor__minibatch_frac', 1), ('regressor__regressor__n_estimators', 2000), ('regressor__regressor__natural_gradient', True), ('regressor__regressor__verbose', False)])





OPTIMIZING HYPERPARAMETERS FOR REGRESSOR NGB 	SEED: 473129


Best parameters: OrderedDict([('regressor__regressor__learning_rate', 0.001), ('regressor__regressor__minibatch_frac', 1), ('regressor__regressor__n_estimators', 2000), ('regressor__regressor__natural_gradient', True), ('regressor__regressor__verbose', False)])





OPTIMIZING HYPERPARAMETERS FOR REGRESSOR NGB 	SEED: 473129


Best parameters: OrderedDict([('regressor__regressor__learning_rate', 0.0009933039238012448), ('regressor__regressor__minibatch_frac', 1), ('regressor__regressor__n_estimators', 1994), ('regressor__regressor__natural_gradient', True), ('regressor__regressor__verbose', False)])


{'targets_shape': (257, 1), 'training_features_shape': (257, 2051)}
Average scores:	 r: 0.91±0.08	 r2: 0.8±0.16
RRU Trimer_scaler
Filename: (ECFP5.binary.2048-Mw-PDI)_NGB
/gpfs_common/share03/ddomlab/sdehgha2/working-space/main/P1_pls-dataset/pls-dataset-space/PLS-Dataset/results/target_Rg/RRU Trimer_scaler/(ECFP5.binary.2048-Mw-PDI)_NGB_scores.json
/gpfs_common/share03/ddomlab/sdehgha2/working-space/main/P1_pls-dataset/pls-dataset-space/PLS-Dataset/results/target_Rg/RRU Trimer_scaler/(ECFP5.binary.2048-Mw-PDI)_NGB_predictions.csv
/gpfs_common/share03/ddomlab/sdehgha2/working-space/main/P1_pls-dataset/pls-dataset-space/PLS-Dataset/results/target_Rg/RRU Trimer_scaler/(ECFP5.binary.2048-Mw-PDI)_NGB_shape.json
Done Saving scores!

------------------------------------------------------------
Sender: LSF System <lsfadmin@c200n03>
Subject: Job 961329: <ecfp_radius5_vectorbinary_NGB_Rg1 (nm)_polysize_ramining> in cluster <Hazel> Done

Job <ecfp_radius5_vectorbinary_NGB_Rg1 (nm)_polysize_ramining> was submitted from host <c202n02> by user <sdehgha2> in cluster <Hazel> at Sun Oct 27 16:19:11 2024
Job was executed on host(s) <4*c200n03>, in queue <single_chassis>, as user <sdehgha2> in cluster <Hazel> at Sun Oct 27 16:19:12 2024
                            <4*c200n04>
</home/sdehgha2> was used as the home directory.
</gpfs_common/share03/ddomlab/sdehgha2/working-space/main/P1_pls-dataset/pls-dataset-space/PLS-Dataset/code_/training/hpc_submit_training> was used as the working directory.
Started at Sun Oct 27 16:19:12 2024
Terminated at Mon Oct 28 07:16:59 2024
Results reported at Mon Oct 28 07:16:59 2024

Your job looked like:

------------------------------------------------------------
# LSBATCH: User input
#BSUB -n 8
#BSUB -W 60:01
#BSUB -R span[ptile=4]
#BSUB -R "rusage[mem=32GB]"
#BSUB -J "ecfp_radius5_vectorbinary_NGB_Rg1 (nm)_polysize_ramining" 
#BSUB -o "/share/ddomlab/sdehgha2/working-space/main/P1_pls-dataset/pls-dataset-space/PLS-Dataset/results/ecfp_radius5_vectorbinary_Rg1 (nm)_NGB_polysize_ramining.out"
#BSUB -e "/share/ddomlab/sdehgha2/working-space/main/P1_pls-dataset/pls-dataset-space/PLS-Dataset/results/ecfp_radius5_vectorbinary_Rg1 (nm)_NGB_polysize_ramining.err"

source ~/.bashrc
conda activate /usr/local/usrapps/ddomlab/sdehgha2/pls-dataset-env
python ../train_structure_numerical.py ecfp --regressor_type NGB --radius 5 --vector binary --target "Rg1 (nm)" --oligo_type "RRU Trimer"

------------------------------------------------------------

Successfully completed.

Resource usage summary:

    CPU time :                                   215864.34 sec.
    Max Memory :                                 3 GB
    Average Memory :                             2.99 GB
    Total Requested Memory :                     64.00 GB
    Delta Memory :                               61.00 GB
    Max Swap :                                   -
    Max Processes :                              26
    Max Threads :                                29
    Run time :                                   53867 sec.
    Turnaround time :                            53868 sec.

The output (if any) is above this job summary.



PS:

Read file </share/ddomlab/sdehgha2/working-space/main/P1_pls-dataset/pls-dataset-space/PLS-Dataset/results/ecfp_radius5_vectorbinary_Rg1 (nm)_NGB_polysize_ramining.err> for stderr output of this job.

