
------------------------------------------------------------
Sender: LSF System <lsfadmin@c207n14>
Subject: Job 511228: <mordred_RF_Standard_Rh (IW avg log)> in cluster <Hazel> Exited

Job <mordred_RF_Standard_Rh (IW avg log)> was submitted from host <c035n04> by user <sdehgha2> in cluster <Hazel> at Tue Nov 19 19:25:16 2024
Job was executed on host(s) <4*c207n14>, in queue <single_chassis>, as user <sdehgha2> in cluster <Hazel> at Tue Nov 19 19:28:46 2024
                            <4*c207n07>
</home/sdehgha2> was used as the home directory.
</share/ddomlab/sdehgha2/working-space/main/P1_pls-dataset/pls-dataset-space/PLS-Dataset/code_/training/hpc_submit_training_Rh> was used as the working directory.
Started at Tue Nov 19 19:28:46 2024
Terminated at Tue Nov 19 19:30:30 2024
Results reported at Tue Nov 19 19:30:30 2024

Your job looked like:

------------------------------------------------------------
# LSBATCH: User input
#BSUB -n 8
#BSUB -W 60:01
#BSUB -R span[ptile=4]
#BSUB -R "rusage[mem=32GB]"
#BSUB -J "mordred_RF_Standard_Rh (IW avg log)"  
#BSUB -o "/share/ddomlab/sdehgha2/working-space/main/P1_pls-dataset/pls-dataset-space/PLS-Dataset/results/mordred_RF_Standard_Rh (IW avg log).out"
#BSUB -e "/share/ddomlab/sdehgha2/working-space/main/P1_pls-dataset/pls-dataset-space/PLS-Dataset/results/mordred_RF_Standard_Rh (IW avg log).err"

source ~/.bashrc
conda activate /usr/local/usrapps/ddomlab/sdehgha2/pls-dataset-env
python ../train_structure_only.py --model mordred --regressor_type RF --target "Rh (IW avg log)" --oligo_type "Monomer" --transform_type "Standard"

------------------------------------------------------------

Exited with exit code 2.

Resource usage summary:

    CPU time :                                   5.47 sec.
    Max Memory :                                 -
    Average Memory :                             -
    Total Requested Memory :                     64.00 GB
    Delta Memory :                               -
    Max Swap :                                   -
    Max Processes :                              5
    Max Threads :                                6
    Run time :                                   105 sec.
    Turnaround time :                            314 sec.

The output (if any) is above this job summary.



PS:

Read file </share/ddomlab/sdehgha2/working-space/main/P1_pls-dataset/pls-dataset-space/PLS-Dataset/results/mordred_RF_Standard_Rh (IW avg log).err> for stderr output of this job.


------------------------------------------------------------
Sender: LSF System <lsfadmin@c200n08>
Subject: Job 511230: <mordred_RF_Standard_Rh (IW avg log)> in cluster <Hazel> Exited

Job <mordred_RF_Standard_Rh (IW avg log)> was submitted from host <c035n04> by user <sdehgha2> in cluster <Hazel> at Tue Nov 19 19:25:16 2024
Job was executed on host(s) <4*c200n08>, in queue <single_chassis>, as user <sdehgha2> in cluster <Hazel> at Tue Nov 19 19:29:04 2024
                            <4*c200n01>
</home/sdehgha2> was used as the home directory.
</share/ddomlab/sdehgha2/working-space/main/P1_pls-dataset/pls-dataset-space/PLS-Dataset/code_/training/hpc_submit_training_Rh> was used as the working directory.
Started at Tue Nov 19 19:29:04 2024
Terminated at Tue Nov 19 19:30:41 2024
Results reported at Tue Nov 19 19:30:41 2024

Your job looked like:

------------------------------------------------------------
# LSBATCH: User input
#BSUB -n 8
#BSUB -W 60:01
#BSUB -R span[ptile=4]
#BSUB -R "rusage[mem=32GB]"
#BSUB -J "mordred_RF_Standard_Rh (IW avg log)"  
#BSUB -o "/share/ddomlab/sdehgha2/working-space/main/P1_pls-dataset/pls-dataset-space/PLS-Dataset/results/mordred_RF_Standard_Rh (IW avg log).out"
#BSUB -e "/share/ddomlab/sdehgha2/working-space/main/P1_pls-dataset/pls-dataset-space/PLS-Dataset/results/mordred_RF_Standard_Rh (IW avg log).err"

source ~/.bashrc
conda activate /usr/local/usrapps/ddomlab/sdehgha2/pls-dataset-env
python ../train_structure_only.py --model mordred --regressor_type RF --target "Rh (IW avg log)" --oligo_type "Trimer" --transform_type "Standard"

------------------------------------------------------------

Exited with exit code 2.

Resource usage summary:

    CPU time :                                   4.07 sec.
    Max Memory :                                 -
    Average Memory :                             -
    Total Requested Memory :                     64.00 GB
    Delta Memory :                               -
    Max Swap :                                   -
    Max Processes :                              5
    Max Threads :                                6
    Run time :                                   97 sec.
    Turnaround time :                            325 sec.

The output (if any) is above this job summary.



PS:

Read file </share/ddomlab/sdehgha2/working-space/main/P1_pls-dataset/pls-dataset-space/PLS-Dataset/results/mordred_RF_Standard_Rh (IW avg log).err> for stderr output of this job.


------------------------------------------------------------
Sender: LSF System <lsfadmin@c207n09>
Subject: Job 511231: <mordred_RF_Standard_Rh (IW avg log)> in cluster <Hazel> Exited

Job <mordred_RF_Standard_Rh (IW avg log)> was submitted from host <c035n04> by user <sdehgha2> in cluster <Hazel> at Tue Nov 19 19:25:16 2024
Job was executed on host(s) <4*c207n09>, in queue <single_chassis>, as user <sdehgha2> in cluster <Hazel> at Tue Nov 19 19:29:16 2024
                            <4*c207n12>
</home/sdehgha2> was used as the home directory.
</share/ddomlab/sdehgha2/working-space/main/P1_pls-dataset/pls-dataset-space/PLS-Dataset/code_/training/hpc_submit_training_Rh> was used as the working directory.
Started at Tue Nov 19 19:29:16 2024
Terminated at Tue Nov 19 19:30:44 2024
Results reported at Tue Nov 19 19:30:44 2024

Your job looked like:

------------------------------------------------------------
# LSBATCH: User input
#BSUB -n 8
#BSUB -W 60:01
#BSUB -R span[ptile=4]
#BSUB -R "rusage[mem=32GB]"
#BSUB -J "mordred_RF_Standard_Rh (IW avg log)"  
#BSUB -o "/share/ddomlab/sdehgha2/working-space/main/P1_pls-dataset/pls-dataset-space/PLS-Dataset/results/mordred_RF_Standard_Rh (IW avg log).out"
#BSUB -e "/share/ddomlab/sdehgha2/working-space/main/P1_pls-dataset/pls-dataset-space/PLS-Dataset/results/mordred_RF_Standard_Rh (IW avg log).err"

source ~/.bashrc
conda activate /usr/local/usrapps/ddomlab/sdehgha2/pls-dataset-env
python ../train_structure_only.py --model mordred --regressor_type RF --target "Rh (IW avg log)" --oligo_type "RRU Monomer" --transform_type "Standard"

------------------------------------------------------------

Exited with exit code 2.

Resource usage summary:

    CPU time :                                   5.40 sec.
    Max Memory :                                 -
    Average Memory :                             -
    Total Requested Memory :                     64.00 GB
    Delta Memory :                               -
    Max Swap :                                   -
    Max Processes :                              5
    Max Threads :                                6
    Run time :                                   88 sec.
    Turnaround time :                            328 sec.

The output (if any) is above this job summary.



PS:

Read file </share/ddomlab/sdehgha2/working-space/main/P1_pls-dataset/pls-dataset-space/PLS-Dataset/results/mordred_RF_Standard_Rh (IW avg log).err> for stderr output of this job.


------------------------------------------------------------
Sender: LSF System <lsfadmin@c202n04>
Subject: Job 511233: <mordred_RF_Standard_Rh (IW avg log)> in cluster <Hazel> Exited

Job <mordred_RF_Standard_Rh (IW avg log)> was submitted from host <c035n04> by user <sdehgha2> in cluster <Hazel> at Tue Nov 19 19:25:17 2024
Job was executed on host(s) <4*c202n04>, in queue <single_chassis>, as user <sdehgha2> in cluster <Hazel> at Tue Nov 19 19:29:25 2024
                            <4*c202n11>
</home/sdehgha2> was used as the home directory.
</share/ddomlab/sdehgha2/working-space/main/P1_pls-dataset/pls-dataset-space/PLS-Dataset/code_/training/hpc_submit_training_Rh> was used as the working directory.
Started at Tue Nov 19 19:29:25 2024
Terminated at Tue Nov 19 19:30:50 2024
Results reported at Tue Nov 19 19:30:50 2024

Your job looked like:

------------------------------------------------------------
# LSBATCH: User input
#BSUB -n 8
#BSUB -W 60:01
#BSUB -R span[ptile=4]
#BSUB -R "rusage[mem=32GB]"
#BSUB -J "mordred_RF_Standard_Rh (IW avg log)"  
#BSUB -o "/share/ddomlab/sdehgha2/working-space/main/P1_pls-dataset/pls-dataset-space/PLS-Dataset/results/mordred_RF_Standard_Rh (IW avg log).out"
#BSUB -e "/share/ddomlab/sdehgha2/working-space/main/P1_pls-dataset/pls-dataset-space/PLS-Dataset/results/mordred_RF_Standard_Rh (IW avg log).err"

source ~/.bashrc
conda activate /usr/local/usrapps/ddomlab/sdehgha2/pls-dataset-env
python ../train_structure_only.py --model mordred --regressor_type RF --target "Rh (IW avg log)" --oligo_type "RRU Trimer" --transform_type "Standard"

------------------------------------------------------------

Exited with exit code 2.

Resource usage summary:

    CPU time :                                   6.68 sec.
    Max Memory :                                 -
    Average Memory :                             -
    Total Requested Memory :                     64.00 GB
    Delta Memory :                               -
    Max Swap :                                   -
    Max Processes :                              5
    Max Threads :                                6
    Run time :                                   85 sec.
    Turnaround time :                            333 sec.

The output (if any) is above this job summary.



PS:

Read file </share/ddomlab/sdehgha2/working-space/main/P1_pls-dataset/pls-dataset-space/PLS-Dataset/results/mordred_RF_Standard_Rh (IW avg log).err> for stderr output of this job.


------------------------------------------------------------
Sender: LSF System <lsfadmin@c200n10>
Subject: Job 511234: <mordred_RF_Standard_Rh (IW avg log)> in cluster <Hazel> Exited

Job <mordred_RF_Standard_Rh (IW avg log)> was submitted from host <c035n04> by user <sdehgha2> in cluster <Hazel> at Tue Nov 19 19:25:17 2024
Job was executed on host(s) <4*c200n10>, in queue <single_chassis>, as user <sdehgha2> in cluster <Hazel> at Tue Nov 19 19:29:25 2024
                            <4*c200n05>
</home/sdehgha2> was used as the home directory.
</share/ddomlab/sdehgha2/working-space/main/P1_pls-dataset/pls-dataset-space/PLS-Dataset/code_/training/hpc_submit_training_Rh> was used as the working directory.
Started at Tue Nov 19 19:29:25 2024
Terminated at Tue Nov 19 19:30:57 2024
Results reported at Tue Nov 19 19:30:57 2024

Your job looked like:

------------------------------------------------------------
# LSBATCH: User input
#BSUB -n 8
#BSUB -W 60:01
#BSUB -R span[ptile=4]
#BSUB -R "rusage[mem=32GB]"
#BSUB -J "mordred_RF_Standard_Rh (IW avg log)"  
#BSUB -o "/share/ddomlab/sdehgha2/working-space/main/P1_pls-dataset/pls-dataset-space/PLS-Dataset/results/mordred_RF_Standard_Rh (IW avg log).out"
#BSUB -e "/share/ddomlab/sdehgha2/working-space/main/P1_pls-dataset/pls-dataset-space/PLS-Dataset/results/mordred_RF_Standard_Rh (IW avg log).err"

source ~/.bashrc
conda activate /usr/local/usrapps/ddomlab/sdehgha2/pls-dataset-env
python ../train_structure_only.py --model maccs --regressor_type RF --target "Rh (IW avg log)" --oligo_type "Monomer" --transform_type "Standard"

------------------------------------------------------------

Exited with exit code 2.

Resource usage summary:

    CPU time :                                   4.21 sec.
    Max Memory :                                 -
    Average Memory :                             -
    Total Requested Memory :                     64.00 GB
    Delta Memory :                               -
    Max Swap :                                   -
    Max Processes :                              5
    Max Threads :                                6
    Run time :                                   92 sec.
    Turnaround time :                            340 sec.

The output (if any) is above this job summary.



PS:

Read file </share/ddomlab/sdehgha2/working-space/main/P1_pls-dataset/pls-dataset-space/PLS-Dataset/results/mordred_RF_Standard_Rh (IW avg log).err> for stderr output of this job.


------------------------------------------------------------
Sender: LSF System <lsfadmin@c205n01>
Subject: Job 511235: <mordred_RF_Standard_Rh (IW avg log)> in cluster <Hazel> Exited

Job <mordred_RF_Standard_Rh (IW avg log)> was submitted from host <c035n04> by user <sdehgha2> in cluster <Hazel> at Tue Nov 19 19:25:17 2024
Job was executed on host(s) <4*c205n01>, in queue <single_chassis>, as user <sdehgha2> in cluster <Hazel> at Tue Nov 19 19:29:34 2024
                            <4*c205n02>
</home/sdehgha2> was used as the home directory.
</share/ddomlab/sdehgha2/working-space/main/P1_pls-dataset/pls-dataset-space/PLS-Dataset/code_/training/hpc_submit_training_Rh> was used as the working directory.
Started at Tue Nov 19 19:29:34 2024
Terminated at Tue Nov 19 19:31:03 2024
Results reported at Tue Nov 19 19:31:03 2024

Your job looked like:

------------------------------------------------------------
# LSBATCH: User input
#BSUB -n 8
#BSUB -W 60:01
#BSUB -R span[ptile=4]
#BSUB -R "rusage[mem=32GB]"
#BSUB -J "mordred_RF_Standard_Rh (IW avg log)"  
#BSUB -o "/share/ddomlab/sdehgha2/working-space/main/P1_pls-dataset/pls-dataset-space/PLS-Dataset/results/mordred_RF_Standard_Rh (IW avg log).out"
#BSUB -e "/share/ddomlab/sdehgha2/working-space/main/P1_pls-dataset/pls-dataset-space/PLS-Dataset/results/mordred_RF_Standard_Rh (IW avg log).err"

source ~/.bashrc
conda activate /usr/local/usrapps/ddomlab/sdehgha2/pls-dataset-env
python ../train_structure_only.py --model maccs --regressor_type RF --target "Rh (IW avg log)" --oligo_type "Dimer" --transform_type "Standard"

------------------------------------------------------------

Exited with exit code 2.

Resource usage summary:

    CPU time :                                   5.29 sec.
    Max Memory :                                 -
    Average Memory :                             -
    Total Requested Memory :                     64.00 GB
    Delta Memory :                               -
    Max Swap :                                   -
    Max Processes :                              5
    Max Threads :                                6
    Run time :                                   89 sec.
    Turnaround time :                            346 sec.

The output (if any) is above this job summary.



PS:

Read file </share/ddomlab/sdehgha2/working-space/main/P1_pls-dataset/pls-dataset-space/PLS-Dataset/results/mordred_RF_Standard_Rh (IW avg log).err> for stderr output of this job.


------------------------------------------------------------
Sender: LSF System <lsfadmin@c038n03>
Subject: Job 511229: <mordred_RF_Standard_Rh (IW avg log)> in cluster <Hazel> Exited

Job <mordred_RF_Standard_Rh (IW avg log)> was submitted from host <c035n04> by user <sdehgha2> in cluster <Hazel> at Tue Nov 19 19:25:16 2024
Job was executed on host(s) <4*c038n03>, in queue <single_chassis>, as user <sdehgha2> in cluster <Hazel> at Tue Nov 19 19:29:04 2024
                            <4*c038n01>
</home/sdehgha2> was used as the home directory.
</share/ddomlab/sdehgha2/working-space/main/P1_pls-dataset/pls-dataset-space/PLS-Dataset/code_/training/hpc_submit_training_Rh> was used as the working directory.
Started at Tue Nov 19 19:29:04 2024
Terminated at Tue Nov 19 19:31:20 2024
Results reported at Tue Nov 19 19:31:20 2024

Your job looked like:

------------------------------------------------------------
# LSBATCH: User input
#BSUB -n 8
#BSUB -W 60:01
#BSUB -R span[ptile=4]
#BSUB -R "rusage[mem=32GB]"
#BSUB -J "mordred_RF_Standard_Rh (IW avg log)"  
#BSUB -o "/share/ddomlab/sdehgha2/working-space/main/P1_pls-dataset/pls-dataset-space/PLS-Dataset/results/mordred_RF_Standard_Rh (IW avg log).out"
#BSUB -e "/share/ddomlab/sdehgha2/working-space/main/P1_pls-dataset/pls-dataset-space/PLS-Dataset/results/mordred_RF_Standard_Rh (IW avg log).err"

source ~/.bashrc
conda activate /usr/local/usrapps/ddomlab/sdehgha2/pls-dataset-env
python ../train_structure_only.py --model mordred --regressor_type RF --target "Rh (IW avg log)" --oligo_type "Dimer" --transform_type "Standard"

------------------------------------------------------------

Exited with exit code 2.

Resource usage summary:

    CPU time :                                   7.67 sec.
    Max Memory :                                 -
    Average Memory :                             -
    Total Requested Memory :                     64.00 GB
    Delta Memory :                               -
    Max Swap :                                   -
    Max Processes :                              5
    Max Threads :                                6
    Run time :                                   141 sec.
    Turnaround time :                            364 sec.

The output (if any) is above this job summary.



PS:

Read file </share/ddomlab/sdehgha2/working-space/main/P1_pls-dataset/pls-dataset-space/PLS-Dataset/results/mordred_RF_Standard_Rh (IW avg log).err> for stderr output of this job.


------------------------------------------------------------
Sender: LSF System <lsfadmin@c202n03>
Subject: Job 511236: <mordred_RF_Standard_Rh (IW avg log)> in cluster <Hazel> Exited

Job <mordred_RF_Standard_Rh (IW avg log)> was submitted from host <c035n04> by user <sdehgha2> in cluster <Hazel> at Tue Nov 19 19:25:17 2024
Job was executed on host(s) <4*c202n03>, in queue <single_chassis>, as user <sdehgha2> in cluster <Hazel> at Tue Nov 19 19:29:58 2024
                            <4*c202n10>
</home/sdehgha2> was used as the home directory.
</share/ddomlab/sdehgha2/working-space/main/P1_pls-dataset/pls-dataset-space/PLS-Dataset/code_/training/hpc_submit_training_Rh> was used as the working directory.
Started at Tue Nov 19 19:29:58 2024
Terminated at Tue Nov 19 19:31:26 2024
Results reported at Tue Nov 19 19:31:26 2024

Your job looked like:

------------------------------------------------------------
# LSBATCH: User input
#BSUB -n 8
#BSUB -W 60:01
#BSUB -R span[ptile=4]
#BSUB -R "rusage[mem=32GB]"
#BSUB -J "mordred_RF_Standard_Rh (IW avg log)"  
#BSUB -o "/share/ddomlab/sdehgha2/working-space/main/P1_pls-dataset/pls-dataset-space/PLS-Dataset/results/mordred_RF_Standard_Rh (IW avg log).out"
#BSUB -e "/share/ddomlab/sdehgha2/working-space/main/P1_pls-dataset/pls-dataset-space/PLS-Dataset/results/mordred_RF_Standard_Rh (IW avg log).err"

source ~/.bashrc
conda activate /usr/local/usrapps/ddomlab/sdehgha2/pls-dataset-env
python ../train_structure_only.py --model maccs --regressor_type RF --target "Rh (IW avg log)" --oligo_type "Trimer" --transform_type "Standard"

------------------------------------------------------------

Exited with exit code 2.

Resource usage summary:

    CPU time :                                   6.91 sec.
    Max Memory :                                 -
    Average Memory :                             -
    Total Requested Memory :                     64.00 GB
    Delta Memory :                               -
    Max Swap :                                   -
    Max Processes :                              5
    Max Threads :                                6
    Run time :                                   89 sec.
    Turnaround time :                            369 sec.

The output (if any) is above this job summary.



PS:

Read file </share/ddomlab/sdehgha2/working-space/main/P1_pls-dataset/pls-dataset-space/PLS-Dataset/results/mordred_RF_Standard_Rh (IW avg log).err> for stderr output of this job.


------------------------------------------------------------
Sender: LSF System <lsfadmin@c202n01>
Subject: Job 511238: <mordred_RF_Standard_Rh (IW avg log)> in cluster <Hazel> Exited

Job <mordred_RF_Standard_Rh (IW avg log)> was submitted from host <c035n04> by user <sdehgha2> in cluster <Hazel> at Tue Nov 19 19:25:17 2024
Job was executed on host(s) <4*c202n01>, in queue <single_chassis>, as user <sdehgha2> in cluster <Hazel> at Tue Nov 19 19:30:15 2024
                            <4*c202n06>
</home/sdehgha2> was used as the home directory.
</share/ddomlab/sdehgha2/working-space/main/P1_pls-dataset/pls-dataset-space/PLS-Dataset/code_/training/hpc_submit_training_Rh> was used as the working directory.
Started at Tue Nov 19 19:30:15 2024
Terminated at Tue Nov 19 19:31:32 2024
Results reported at Tue Nov 19 19:31:32 2024

Your job looked like:

------------------------------------------------------------
# LSBATCH: User input
#BSUB -n 8
#BSUB -W 60:01
#BSUB -R span[ptile=4]
#BSUB -R "rusage[mem=32GB]"
#BSUB -J "mordred_RF_Standard_Rh (IW avg log)"  
#BSUB -o "/share/ddomlab/sdehgha2/working-space/main/P1_pls-dataset/pls-dataset-space/PLS-Dataset/results/mordred_RF_Standard_Rh (IW avg log).out"
#BSUB -e "/share/ddomlab/sdehgha2/working-space/main/P1_pls-dataset/pls-dataset-space/PLS-Dataset/results/mordred_RF_Standard_Rh (IW avg log).err"

source ~/.bashrc
conda activate /usr/local/usrapps/ddomlab/sdehgha2/pls-dataset-env
python ../train_structure_only.py --model maccs --regressor_type RF --target "Rh (IW avg log)" --oligo_type "RRU Dimer" --transform_type "Standard"

------------------------------------------------------------

Exited with exit code 2.

Resource usage summary:

    CPU time :                                   4.19 sec.
    Max Memory :                                 -
    Average Memory :                             -
    Total Requested Memory :                     64.00 GB
    Delta Memory :                               -
    Max Swap :                                   -
    Max Processes :                              5
    Max Threads :                                6
    Run time :                                   78 sec.
    Turnaround time :                            375 sec.

The output (if any) is above this job summary.



PS:

Read file </share/ddomlab/sdehgha2/working-space/main/P1_pls-dataset/pls-dataset-space/PLS-Dataset/results/mordred_RF_Standard_Rh (IW avg log).err> for stderr output of this job.


------------------------------------------------------------
Sender: LSF System <lsfadmin@c205n10>
Subject: Job 511232: <mordred_RF_Standard_Rh (IW avg log)> in cluster <Hazel> Exited

Job <mordred_RF_Standard_Rh (IW avg log)> was submitted from host <c035n04> by user <sdehgha2> in cluster <Hazel> at Tue Nov 19 19:25:17 2024
Job was executed on host(s) <4*c205n10>, in queue <single_chassis>, as user <sdehgha2> in cluster <Hazel> at Tue Nov 19 19:29:23 2024
                            <4*c205n11>
</home/sdehgha2> was used as the home directory.
</share/ddomlab/sdehgha2/working-space/main/P1_pls-dataset/pls-dataset-space/PLS-Dataset/code_/training/hpc_submit_training_Rh> was used as the working directory.
Started at Tue Nov 19 19:29:23 2024
Terminated at Tue Nov 19 19:31:39 2024
Results reported at Tue Nov 19 19:31:39 2024

Your job looked like:

------------------------------------------------------------
# LSBATCH: User input
#BSUB -n 8
#BSUB -W 60:01
#BSUB -R span[ptile=4]
#BSUB -R "rusage[mem=32GB]"
#BSUB -J "mordred_RF_Standard_Rh (IW avg log)"  
#BSUB -o "/share/ddomlab/sdehgha2/working-space/main/P1_pls-dataset/pls-dataset-space/PLS-Dataset/results/mordred_RF_Standard_Rh (IW avg log).out"
#BSUB -e "/share/ddomlab/sdehgha2/working-space/main/P1_pls-dataset/pls-dataset-space/PLS-Dataset/results/mordred_RF_Standard_Rh (IW avg log).err"

source ~/.bashrc
conda activate /usr/local/usrapps/ddomlab/sdehgha2/pls-dataset-env
python ../train_structure_only.py --model mordred --regressor_type RF --target "Rh (IW avg log)" --oligo_type "RRU Dimer" --transform_type "Standard"

------------------------------------------------------------

Exited with exit code 2.

Resource usage summary:

    CPU time :                                   9.11 sec.
    Max Memory :                                 -
    Average Memory :                             -
    Total Requested Memory :                     64.00 GB
    Delta Memory :                               -
    Max Swap :                                   -
    Max Processes :                              5
    Max Threads :                                6
    Run time :                                   137 sec.
    Turnaround time :                            382 sec.

The output (if any) is above this job summary.



PS:

Read file </share/ddomlab/sdehgha2/working-space/main/P1_pls-dataset/pls-dataset-space/PLS-Dataset/results/mordred_RF_Standard_Rh (IW avg log).err> for stderr output of this job.


------------------------------------------------------------
Sender: LSF System <lsfadmin@c031n04>
Subject: Job 511237: <mordred_RF_Standard_Rh (IW avg log)> in cluster <Hazel> Exited

Job <mordred_RF_Standard_Rh (IW avg log)> was submitted from host <c035n04> by user <sdehgha2> in cluster <Hazel> at Tue Nov 19 19:25:17 2024
Job was executed on host(s) <4*c031n04>, in queue <single_chassis>, as user <sdehgha2> in cluster <Hazel> at Tue Nov 19 19:30:04 2024
                            <4*c033n02>
</home/sdehgha2> was used as the home directory.
</share/ddomlab/sdehgha2/working-space/main/P1_pls-dataset/pls-dataset-space/PLS-Dataset/code_/training/hpc_submit_training_Rh> was used as the working directory.
Started at Tue Nov 19 19:30:04 2024
Terminated at Tue Nov 19 19:32:10 2024
Results reported at Tue Nov 19 19:32:10 2024

Your job looked like:

------------------------------------------------------------
# LSBATCH: User input
#BSUB -n 8
#BSUB -W 60:01
#BSUB -R span[ptile=4]
#BSUB -R "rusage[mem=32GB]"
#BSUB -J "mordred_RF_Standard_Rh (IW avg log)"  
#BSUB -o "/share/ddomlab/sdehgha2/working-space/main/P1_pls-dataset/pls-dataset-space/PLS-Dataset/results/mordred_RF_Standard_Rh (IW avg log).out"
#BSUB -e "/share/ddomlab/sdehgha2/working-space/main/P1_pls-dataset/pls-dataset-space/PLS-Dataset/results/mordred_RF_Standard_Rh (IW avg log).err"

source ~/.bashrc
conda activate /usr/local/usrapps/ddomlab/sdehgha2/pls-dataset-env
python ../train_structure_only.py --model maccs --regressor_type RF --target "Rh (IW avg log)" --oligo_type "RRU Monomer" --transform_type "Standard"

------------------------------------------------------------

Exited with exit code 2.

Resource usage summary:

    CPU time :                                   7.63 sec.
    Max Memory :                                 -
    Average Memory :                             -
    Total Requested Memory :                     64.00 GB
    Delta Memory :                               -
    Max Swap :                                   -
    Max Processes :                              5
    Max Threads :                                6
    Run time :                                   123 sec.
    Turnaround time :                            413 sec.

The output (if any) is above this job summary.



PS:

Read file </share/ddomlab/sdehgha2/working-space/main/P1_pls-dataset/pls-dataset-space/PLS-Dataset/results/mordred_RF_Standard_Rh (IW avg log).err> for stderr output of this job.


------------------------------------------------------------
Sender: LSF System <lsfadmin@c027n01>
Subject: Job 511239: <mordred_RF_Standard_Rh (IW avg log)> in cluster <Hazel> Exited

Job <mordred_RF_Standard_Rh (IW avg log)> was submitted from host <c035n04> by user <sdehgha2> in cluster <Hazel> at Tue Nov 19 19:25:17 2024
Job was executed on host(s) <4*c027n01>, in queue <single_chassis>, as user <sdehgha2> in cluster <Hazel> at Tue Nov 19 19:30:16 2024
                            <4*c034n03>
</home/sdehgha2> was used as the home directory.
</share/ddomlab/sdehgha2/working-space/main/P1_pls-dataset/pls-dataset-space/PLS-Dataset/code_/training/hpc_submit_training_Rh> was used as the working directory.
Started at Tue Nov 19 19:30:16 2024
Terminated at Tue Nov 19 19:32:42 2024
Results reported at Tue Nov 19 19:32:42 2024

Your job looked like:

------------------------------------------------------------
# LSBATCH: User input
#BSUB -n 8
#BSUB -W 60:01
#BSUB -R span[ptile=4]
#BSUB -R "rusage[mem=32GB]"
#BSUB -J "mordred_RF_Standard_Rh (IW avg log)"  
#BSUB -o "/share/ddomlab/sdehgha2/working-space/main/P1_pls-dataset/pls-dataset-space/PLS-Dataset/results/mordred_RF_Standard_Rh (IW avg log).out"
#BSUB -e "/share/ddomlab/sdehgha2/working-space/main/P1_pls-dataset/pls-dataset-space/PLS-Dataset/results/mordred_RF_Standard_Rh (IW avg log).err"

source ~/.bashrc
conda activate /usr/local/usrapps/ddomlab/sdehgha2/pls-dataset-env
python ../train_structure_only.py --model maccs --regressor_type RF --target "Rh (IW avg log)" --oligo_type "RRU Trimer" --transform_type "Standard"

------------------------------------------------------------

Exited with exit code 2.

Resource usage summary:

    CPU time :                                   7.97 sec.
    Max Memory :                                 -
    Average Memory :                             -
    Total Requested Memory :                     64.00 GB
    Delta Memory :                               -
    Max Swap :                                   -
    Max Processes :                              5
    Max Threads :                                6
    Run time :                                   147 sec.
    Turnaround time :                            445 sec.

The output (if any) is above this job summary.



PS:

Read file </share/ddomlab/sdehgha2/working-space/main/P1_pls-dataset/pls-dataset-space/PLS-Dataset/results/mordred_RF_Standard_Rh (IW avg log).err> for stderr output of this job.

