Pipeline(steps=[('scaling features',
                 ColumnTransformer(remainder='passthrough',
                                   transformers=[('structural_scaling',
                                                  StandardScaler(),
                                                  ['RRU Dimer Mordred ABC',
                                                   'RRU Dimer Mordred ABCGG',
                                                   'RRU Dimer Mordred nAcid',
                                                   'RRU Dimer Mordred nBase',
                                                   'RRU Dimer Mordred '
                                                   'nAromAtom',
                                                   'RRU Dimer Mordred '
                                                   'nAromBond',
                                                   'RRU Dimer Mordred nAtom',
                                                   'RRU Dimer Mordred '
                                                   'nHeavyAtom',
                                                   'RRU Dimer Mordred '
                                                   '...
                                                   'RRU Dimer Mordred nCl',
                                                   'RRU Dimer Mordred nBr',
                                                   'RRU Dimer Mordred nX',
                                                   'RRU Dimer Mordred ATS0dv',
                                                   'RRU Dimer Mordred ATS1dv',
                                                   'RRU Dimer Mordred ATS2dv',
                                                   'RRU Dimer Mordred ATS3dv',
                                                   'RRU Dimer Mordred ATS4dv',
                                                   'RRU Dimer Mordred ATS5dv',
                                                   'RRU Dimer Mordred ATS6dv',
                                                   'RRU Dimer Mordred ATS7dv',
                                                   'RRU Dimer Mordred ATS8dv',
                                                   'RRU Dimer Mordred ATS0d',
                                                   'RRU Dimer Mordred ATS1d', ...])],
                                   verbose_feature_names_out=False))])



OPTIMIZING HYPERPARAMETERS FOR REGRESSOR XGBR 	SEED: 6


Best parameters: OrderedDict([('regressor__regressor__learning_rate', 0.03190970178431807), ('regressor__regressor__max_depth', 10000), ('regressor__regressor__n_estimators', 74), ('regressor__regressor__n_jobs', -2)])





OPTIMIZING HYPERPARAMETERS FOR REGRESSOR XGBR 	SEED: 6


Best parameters: OrderedDict([('regressor__regressor__learning_rate', 0.0037307010809201737), ('regressor__regressor__max_depth', 10), ('regressor__regressor__n_estimators', 56), ('regressor__regressor__n_jobs', -2)])





OPTIMIZING HYPERPARAMETERS FOR REGRESSOR XGBR 	SEED: 6


Best parameters: OrderedDict([('regressor__regressor__learning_rate', 0.007963244429815436), ('regressor__regressor__max_depth', 32), ('regressor__regressor__n_estimators', 471), ('regressor__regressor__n_jobs', -2)])





OPTIMIZING HYPERPARAMETERS FOR REGRESSOR XGBR 	SEED: 6


Best parameters: OrderedDict([('regressor__regressor__learning_rate', 0.0062924606931109685), ('regressor__regressor__max_depth', 10), ('regressor__regressor__n_estimators', 77), ('regressor__regressor__n_jobs', -2)])





OPTIMIZING HYPERPARAMETERS FOR REGRESSOR XGBR 	SEED: 6


Best parameters: OrderedDict([('regressor__regressor__learning_rate', 0.001013008876033979), ('regressor__regressor__max_depth', 7059), ('regressor__regressor__n_estimators', 768), ('regressor__regressor__n_jobs', -2)])


Pipeline(steps=[('scaling features',
                 ColumnTransformer(remainder='passthrough',
                                   transformers=[('structural_scaling',
                                                  StandardScaler(),
                                                  ['RRU Dimer Mordred ABC',
                                                   'RRU Dimer Mordred ABCGG',
                                                   'RRU Dimer Mordred nAcid',
                                                   'RRU Dimer Mordred nBase',
                                                   'RRU Dimer Mordred '
                                                   'nAromAtom',
                                                   'RRU Dimer Mordred '
                                                   'nAromBond',
                                                   'RRU Dimer Mordred nAtom',
                                                   'RRU Dimer Mordred '
                                                   'nHeavyAtom',
                                                   'RRU Dimer Mordred '
                                                   '...
                                                   'RRU Dimer Mordred nCl',
                                                   'RRU Dimer Mordred nBr',
                                                   'RRU Dimer Mordred nX',
                                                   'RRU Dimer Mordred ATS0dv',
                                                   'RRU Dimer Mordred ATS1dv',
                                                   'RRU Dimer Mordred ATS2dv',
                                                   'RRU Dimer Mordred ATS3dv',
                                                   'RRU Dimer Mordred ATS4dv',
                                                   'RRU Dimer Mordred ATS5dv',
                                                   'RRU Dimer Mordred ATS6dv',
                                                   'RRU Dimer Mordred ATS7dv',
                                                   'RRU Dimer Mordred ATS8dv',
                                                   'RRU Dimer Mordred ATS0d',
                                                   'RRU Dimer Mordred ATS1d', ...])],
                                   verbose_feature_names_out=False))])



OPTIMIZING HYPERPARAMETERS FOR REGRESSOR XGBR 	SEED: 13


Best parameters: OrderedDict([('regressor__regressor__learning_rate', 0.005991343114652765), ('regressor__regressor__max_depth', 10000), ('regressor__regressor__n_estimators', 290), ('regressor__regressor__n_jobs', -2)])





OPTIMIZING HYPERPARAMETERS FOR REGRESSOR XGBR 	SEED: 13


Best parameters: OrderedDict([('regressor__regressor__learning_rate', 0.0016217987109144432), ('regressor__regressor__max_depth', 10), ('regressor__regressor__n_estimators', 1166), ('regressor__regressor__n_jobs', -2)])





OPTIMIZING HYPERPARAMETERS FOR REGRESSOR XGBR 	SEED: 13


Best parameters: OrderedDict([('regressor__regressor__learning_rate', 0.023443175645057327), ('regressor__regressor__max_depth', 10), ('regressor__regressor__n_estimators', 87), ('regressor__regressor__n_jobs', -2)])





OPTIMIZING HYPERPARAMETERS FOR REGRESSOR XGBR 	SEED: 13


Best parameters: OrderedDict([('regressor__regressor__learning_rate', 0.0015091157368080942), ('regressor__regressor__max_depth', 7853), ('regressor__regressor__n_estimators', 959), ('regressor__regressor__n_jobs', -2)])





OPTIMIZING HYPERPARAMETERS FOR REGRESSOR XGBR 	SEED: 13


Best parameters: OrderedDict([('regressor__regressor__learning_rate', 0.0020195684696911304), ('regressor__regressor__max_depth', 28), ('regressor__regressor__n_estimators', 273), ('regressor__regressor__n_jobs', -2)])


Pipeline(steps=[('scaling features',
                 ColumnTransformer(remainder='passthrough',
                                   transformers=[('structural_scaling',
                                                  StandardScaler(),
                                                  ['RRU Dimer Mordred ABC',
                                                   'RRU Dimer Mordred ABCGG',
                                                   'RRU Dimer Mordred nAcid',
                                                   'RRU Dimer Mordred nBase',
                                                   'RRU Dimer Mordred '
                                                   'nAromAtom',
                                                   'RRU Dimer Mordred '
                                                   'nAromBond',
                                                   'RRU Dimer Mordred nAtom',
                                                   'RRU Dimer Mordred '
                                                   'nHeavyAtom',
                                                   'RRU Dimer Mordred '
                                                   '...
                                                   'RRU Dimer Mordred nCl',
                                                   'RRU Dimer Mordred nBr',
                                                   'RRU Dimer Mordred nX',
                                                   'RRU Dimer Mordred ATS0dv',
                                                   'RRU Dimer Mordred ATS1dv',
                                                   'RRU Dimer Mordred ATS2dv',
                                                   'RRU Dimer Mordred ATS3dv',
                                                   'RRU Dimer Mordred ATS4dv',
                                                   'RRU Dimer Mordred ATS5dv',
                                                   'RRU Dimer Mordred ATS6dv',
                                                   'RRU Dimer Mordred ATS7dv',
                                                   'RRU Dimer Mordred ATS8dv',
                                                   'RRU Dimer Mordred ATS0d',
                                                   'RRU Dimer Mordred ATS1d', ...])],
                                   verbose_feature_names_out=False))])



OPTIMIZING HYPERPARAMETERS FOR REGRESSOR XGBR 	SEED: 42


Best parameters: OrderedDict([('regressor__regressor__learning_rate', 0.03972893133963027), ('regressor__regressor__max_depth', 206), ('regressor__regressor__n_estimators', 349), ('regressor__regressor__n_jobs', -2)])





OPTIMIZING HYPERPARAMETERS FOR REGRESSOR XGBR 	SEED: 42


Best parameters: OrderedDict([('regressor__regressor__learning_rate', 0.010922644275096911), ('regressor__regressor__max_depth', 10), ('regressor__regressor__n_estimators', 100), ('regressor__regressor__n_jobs', -2)])





OPTIMIZING HYPERPARAMETERS FOR REGRESSOR XGBR 	SEED: 42


Best parameters: OrderedDict([('regressor__regressor__learning_rate', 0.001220045657263995), ('regressor__regressor__max_depth', 10), ('regressor__regressor__n_estimators', 892), ('regressor__regressor__n_jobs', -2)])





OPTIMIZING HYPERPARAMETERS FOR REGRESSOR XGBR 	SEED: 42


Best parameters: OrderedDict([('regressor__regressor__learning_rate', 0.00841535194859945), ('regressor__regressor__max_depth', 10000), ('regressor__regressor__n_estimators', 186), ('regressor__regressor__n_jobs', -2)])





OPTIMIZING HYPERPARAMETERS FOR REGRESSOR XGBR 	SEED: 42


Best parameters: OrderedDict([('regressor__regressor__learning_rate', 0.001569974578763381), ('regressor__regressor__max_depth', 10), ('regressor__regressor__n_estimators', 306), ('regressor__regressor__n_jobs', -2)])


Pipeline(steps=[('scaling features',
                 ColumnTransformer(remainder='passthrough',
                                   transformers=[('structural_scaling',
                                                  StandardScaler(),
                                                  ['RRU Dimer Mordred ABC',
                                                   'RRU Dimer Mordred ABCGG',
                                                   'RRU Dimer Mordred nAcid',
                                                   'RRU Dimer Mordred nBase',
                                                   'RRU Dimer Mordred '
                                                   'nAromAtom',
                                                   'RRU Dimer Mordred '
                                                   'nAromBond',
                                                   'RRU Dimer Mordred nAtom',
                                                   'RRU Dimer Mordred '
                                                   'nHeavyAtom',
                                                   'RRU Dimer Mordred '
                                                   '...
                                                   'RRU Dimer Mordred nCl',
                                                   'RRU Dimer Mordred nBr',
                                                   'RRU Dimer Mordred nX',
                                                   'RRU Dimer Mordred ATS0dv',
                                                   'RRU Dimer Mordred ATS1dv',
                                                   'RRU Dimer Mordred ATS2dv',
                                                   'RRU Dimer Mordred ATS3dv',
                                                   'RRU Dimer Mordred ATS4dv',
                                                   'RRU Dimer Mordred ATS5dv',
                                                   'RRU Dimer Mordred ATS6dv',
                                                   'RRU Dimer Mordred ATS7dv',
                                                   'RRU Dimer Mordred ATS8dv',
                                                   'RRU Dimer Mordred ATS0d',
                                                   'RRU Dimer Mordred ATS1d', ...])],
                                   verbose_feature_names_out=False))])



OPTIMIZING HYPERPARAMETERS FOR REGRESSOR XGBR 	SEED: 69


Best parameters: OrderedDict([('regressor__regressor__learning_rate', 0.0028075293003164345), ('regressor__regressor__max_depth', 10000), ('regressor__regressor__n_estimators', 243), ('regressor__regressor__n_jobs', -2)])





OPTIMIZING HYPERPARAMETERS FOR REGRESSOR XGBR 	SEED: 69


Best parameters: OrderedDict([('regressor__regressor__learning_rate', 0.0027743809294434054), ('regressor__regressor__max_depth', 10), ('regressor__regressor__n_estimators', 50), ('regressor__regressor__n_jobs', -2)])





OPTIMIZING HYPERPARAMETERS FOR REGRESSOR XGBR 	SEED: 69


Best parameters: OrderedDict([('regressor__regressor__learning_rate', 0.001794715342268038), ('regressor__regressor__max_depth', 10000), ('regressor__regressor__n_estimators', 216), ('regressor__regressor__n_jobs', -2)])





OPTIMIZING HYPERPARAMETERS FOR REGRESSOR XGBR 	SEED: 69


Best parameters: OrderedDict([('regressor__regressor__learning_rate', 0.001), ('regressor__regressor__max_depth', 10), ('regressor__regressor__n_estimators', 929), ('regressor__regressor__n_jobs', -2)])





OPTIMIZING HYPERPARAMETERS FOR REGRESSOR XGBR 	SEED: 69


Best parameters: OrderedDict([('regressor__regressor__learning_rate', 0.010439705834765143), ('regressor__regressor__max_depth', 10000), ('regressor__regressor__n_estimators', 80), ('regressor__regressor__n_jobs', -2)])


Pipeline(steps=[('scaling features',
                 ColumnTransformer(remainder='passthrough',
                                   transformers=[('structural_scaling',
                                                  StandardScaler(),
                                                  ['RRU Dimer Mordred ABC',
                                                   'RRU Dimer Mordred ABCGG',
                                                   'RRU Dimer Mordred nAcid',
                                                   'RRU Dimer Mordred nBase',
                                                   'RRU Dimer Mordred '
                                                   'nAromAtom',
                                                   'RRU Dimer Mordred '
                                                   'nAromBond',
                                                   'RRU Dimer Mordred nAtom',
                                                   'RRU Dimer Mordred '
                                                   'nHeavyAtom',
                                                   'RRU Dimer Mordred '
                                                   '...
                                                   'RRU Dimer Mordred nCl',
                                                   'RRU Dimer Mordred nBr',
                                                   'RRU Dimer Mordred nX',
                                                   'RRU Dimer Mordred ATS0dv',
                                                   'RRU Dimer Mordred ATS1dv',
                                                   'RRU Dimer Mordred ATS2dv',
                                                   'RRU Dimer Mordred ATS3dv',
                                                   'RRU Dimer Mordred ATS4dv',
                                                   'RRU Dimer Mordred ATS5dv',
                                                   'RRU Dimer Mordred ATS6dv',
                                                   'RRU Dimer Mordred ATS7dv',
                                                   'RRU Dimer Mordred ATS8dv',
                                                   'RRU Dimer Mordred ATS0d',
                                                   'RRU Dimer Mordred ATS1d', ...])],
                                   verbose_feature_names_out=False))])



OPTIMIZING HYPERPARAMETERS FOR REGRESSOR XGBR 	SEED: 420


Best parameters: OrderedDict([('regressor__regressor__learning_rate', 0.00800873098318719), ('regressor__regressor__max_depth', 10000), ('regressor__regressor__n_estimators', 239), ('regressor__regressor__n_jobs', -2)])





OPTIMIZING HYPERPARAMETERS FOR REGRESSOR XGBR 	SEED: 420


Best parameters: OrderedDict([('regressor__regressor__learning_rate', 0.032273935369350665), ('regressor__regressor__max_depth', 29), ('regressor__regressor__n_estimators', 50), ('regressor__regressor__n_jobs', -2)])





OPTIMIZING HYPERPARAMETERS FOR REGRESSOR XGBR 	SEED: 420


Best parameters: OrderedDict([('regressor__regressor__learning_rate', 0.006748045392663252), ('regressor__regressor__max_depth', 10000), ('regressor__regressor__n_estimators', 360), ('regressor__regressor__n_jobs', -2)])





OPTIMIZING HYPERPARAMETERS FOR REGRESSOR XGBR 	SEED: 420


Best parameters: OrderedDict([('regressor__regressor__learning_rate', 0.001), ('regressor__regressor__max_depth', 10), ('regressor__regressor__n_estimators', 50), ('regressor__regressor__n_jobs', -2)])





OPTIMIZING HYPERPARAMETERS FOR REGRESSOR XGBR 	SEED: 420


Best parameters: OrderedDict([('regressor__regressor__learning_rate', 0.00931478691788487), ('regressor__regressor__max_depth', 10), ('regressor__regressor__n_estimators', 279), ('regressor__regressor__n_jobs', -2)])


Pipeline(steps=[('scaling features',
                 ColumnTransformer(remainder='passthrough',
                                   transformers=[('structural_scaling',
                                                  StandardScaler(),
                                                  ['RRU Dimer Mordred ABC',
                                                   'RRU Dimer Mordred ABCGG',
                                                   'RRU Dimer Mordred nAcid',
                                                   'RRU Dimer Mordred nBase',
                                                   'RRU Dimer Mordred '
                                                   'nAromAtom',
                                                   'RRU Dimer Mordred '
                                                   'nAromBond',
                                                   'RRU Dimer Mordred nAtom',
                                                   'RRU Dimer Mordred '
                                                   'nHeavyAtom',
                                                   'RRU Dimer Mordred '
                                                   '...
                                                   'RRU Dimer Mordred nCl',
                                                   'RRU Dimer Mordred nBr',
                                                   'RRU Dimer Mordred nX',
                                                   'RRU Dimer Mordred ATS0dv',
                                                   'RRU Dimer Mordred ATS1dv',
                                                   'RRU Dimer Mordred ATS2dv',
                                                   'RRU Dimer Mordred ATS3dv',
                                                   'RRU Dimer Mordred ATS4dv',
                                                   'RRU Dimer Mordred ATS5dv',
                                                   'RRU Dimer Mordred ATS6dv',
                                                   'RRU Dimer Mordred ATS7dv',
                                                   'RRU Dimer Mordred ATS8dv',
                                                   'RRU Dimer Mordred ATS0d',
                                                   'RRU Dimer Mordred ATS1d', ...])],
                                   verbose_feature_names_out=False))])



OPTIMIZING HYPERPARAMETERS FOR REGRESSOR XGBR 	SEED: 1234567890


Best parameters: OrderedDict([('regressor__regressor__learning_rate', 0.001), ('regressor__regressor__max_depth', 10), ('regressor__regressor__n_estimators', 1482), ('regressor__regressor__n_jobs', -2)])





OPTIMIZING HYPERPARAMETERS FOR REGRESSOR XGBR 	SEED: 1234567890


Best parameters: OrderedDict([('regressor__regressor__learning_rate', 0.0017858676951343494), ('regressor__regressor__max_depth', 10000), ('regressor__regressor__n_estimators', 629), ('regressor__regressor__n_jobs', -2)])





OPTIMIZING HYPERPARAMETERS FOR REGRESSOR XGBR 	SEED: 1234567890


Best parameters: OrderedDict([('regressor__regressor__learning_rate', 0.001), ('regressor__regressor__max_depth', 10), ('regressor__regressor__n_estimators', 50), ('regressor__regressor__n_jobs', -2)])





OPTIMIZING HYPERPARAMETERS FOR REGRESSOR XGBR 	SEED: 1234567890


Best parameters: OrderedDict([('regressor__regressor__learning_rate', 0.016648899289029014), ('regressor__regressor__max_depth', 10), ('regressor__regressor__n_estimators', 213), ('regressor__regressor__n_jobs', -2)])





OPTIMIZING HYPERPARAMETERS FOR REGRESSOR XGBR 	SEED: 1234567890


Best parameters: OrderedDict([('regressor__regressor__learning_rate', 0.0025666268011902095), ('regressor__regressor__max_depth', 10000), ('regressor__regressor__n_estimators', 50), ('regressor__regressor__n_jobs', -2)])


Pipeline(steps=[('scaling features',
                 ColumnTransformer(remainder='passthrough',
                                   transformers=[('structural_scaling',
                                                  StandardScaler(),
                                                  ['RRU Dimer Mordred ABC',
                                                   'RRU Dimer Mordred ABCGG',
                                                   'RRU Dimer Mordred nAcid',
                                                   'RRU Dimer Mordred nBase',
                                                   'RRU Dimer Mordred '
                                                   'nAromAtom',
                                                   'RRU Dimer Mordred '
                                                   'nAromBond',
                                                   'RRU Dimer Mordred nAtom',
                                                   'RRU Dimer Mordred '
                                                   'nHeavyAtom',
                                                   'RRU Dimer Mordred '
                                                   '...
                                                   'RRU Dimer Mordred nCl',
                                                   'RRU Dimer Mordred nBr',
                                                   'RRU Dimer Mordred nX',
                                                   'RRU Dimer Mordred ATS0dv',
                                                   'RRU Dimer Mordred ATS1dv',
                                                   'RRU Dimer Mordred ATS2dv',
                                                   'RRU Dimer Mordred ATS3dv',
                                                   'RRU Dimer Mordred ATS4dv',
                                                   'RRU Dimer Mordred ATS5dv',
                                                   'RRU Dimer Mordred ATS6dv',
                                                   'RRU Dimer Mordred ATS7dv',
                                                   'RRU Dimer Mordred ATS8dv',
                                                   'RRU Dimer Mordred ATS0d',
                                                   'RRU Dimer Mordred ATS1d', ...])],
                                   verbose_feature_names_out=False))])



OPTIMIZING HYPERPARAMETERS FOR REGRESSOR XGBR 	SEED: 473129


Best parameters: OrderedDict([('regressor__regressor__learning_rate', 0.0013479199238386082), ('regressor__regressor__max_depth', 10000), ('regressor__regressor__n_estimators', 938), ('regressor__regressor__n_jobs', -2)])





OPTIMIZING HYPERPARAMETERS FOR REGRESSOR XGBR 	SEED: 473129


Best parameters: OrderedDict([('regressor__regressor__learning_rate', 0.006339390361597276), ('regressor__regressor__max_depth', 10), ('regressor__regressor__n_estimators', 109), ('regressor__regressor__n_jobs', -2)])





OPTIMIZING HYPERPARAMETERS FOR REGRESSOR XGBR 	SEED: 473129


Best parameters: OrderedDict([('regressor__regressor__learning_rate', 0.024372342880321692), ('regressor__regressor__max_depth', 141), ('regressor__regressor__n_estimators', 50), ('regressor__regressor__n_jobs', -2)])





OPTIMIZING HYPERPARAMETERS FOR REGRESSOR XGBR 	SEED: 473129


Best parameters: OrderedDict([('regressor__regressor__learning_rate', 0.00934640462048883), ('regressor__regressor__max_depth', 10000), ('regressor__regressor__n_estimators', 92), ('regressor__regressor__n_jobs', -2)])





OPTIMIZING HYPERPARAMETERS FOR REGRESSOR XGBR 	SEED: 473129


Best parameters: OrderedDict([('regressor__regressor__learning_rate', 0.005281538698229461), ('regressor__regressor__max_depth', 10000), ('regressor__regressor__n_estimators', 65), ('regressor__regressor__n_jobs', -2)])


Average scores:	 r: 0.33±0.22	 r2: -0.05±0.35
RRU Dimer
Filename: (Mordred)_XGBR_Standard
/gpfs_common/share03/ddomlab/sdehgha2/working-space/main/P1_pls-dataset/pls-dataset-space/PLS-Dataset/results/target_log Third Peak wo placeholder/RRU Dimer/(Mordred)_XGBR_Standard_scores.json
/gpfs_common/share03/ddomlab/sdehgha2/working-space/main/P1_pls-dataset/pls-dataset-space/PLS-Dataset/results/target_log Third Peak wo placeholder/RRU Dimer/(Mordred)_XGBR_Standard_predictions.csv
/gpfs_common/share03/ddomlab/sdehgha2/working-space/main/P1_pls-dataset/pls-dataset-space/PLS-Dataset/results/target_log Third Peak wo placeholder/RRU Dimer/(Mordred)_XGBR_Standard_shape.json
Done Saving scores!

------------------------------------------------------------
Sender: LSF System <lsfadmin@c020n03>
Subject: Job 491856: <Mordred_XGBR_RRU Dimer_log Third Peak wo placeholder_20250204> in cluster <Hazel> Done

Job <Mordred_XGBR_RRU Dimer_log Third Peak wo placeholder_20250204> was submitted from host <c039n02> by user <sdehgha2> in cluster <Hazel> at Tue Feb  4 13:31:11 2025
Job was executed on host(s) <6*c020n03>, in queue <single_chassis>, as user <sdehgha2> in cluster <Hazel> at Tue Feb  4 13:32:02 2025
</home/sdehgha2> was used as the home directory.
</share/ddomlab/sdehgha2/working-space/main/P1_pls-dataset/pls-dataset-space/PLS-Dataset/code_/training/hpc_submit_training_Rh> was used as the working directory.
Started at Tue Feb  4 13:32:02 2025
Terminated at Tue Feb  4 14:42:18 2025
Results reported at Tue Feb  4 14:42:18 2025

Your job looked like:

------------------------------------------------------------
# LSBATCH: User input
          
#BSUB -n 6
#BSUB -W 40:01
#BSUB -R span[hosts=1]
#BSUB -R "rusage[mem=16GB]"
#BSUB -J "Mordred_XGBR_RRU Dimer_log Third Peak wo placeholder_20250204"  
#BSUB -o "/share/ddomlab/sdehgha2/working-space/main/P1_pls-dataset/pls-dataset-space/PLS-Dataset/results/Mordred_XGBR_RRU Dimer_log Third Peak wo placeholder_20250204.out"
#BSUB -e "/share/ddomlab/sdehgha2/working-space/main/P1_pls-dataset/pls-dataset-space/PLS-Dataset/results/Mordred_XGBR_RRU Dimer_log Third Peak wo placeholder_20250204.err"

source ~/.bashrc
conda activate /usr/local/usrapps/ddomlab/sdehgha2/pls-dataset-env
python ../train_structure_only.py --target_features "log Third Peak wo placeholder"                                   --representation "Mordred"                                   --regressor_type "XGBR"                                   --oligomer_representation "RRU Dimer" 

------------------------------------------------------------

Successfully completed.

Resource usage summary:

    CPU time :                                   16016.54 sec.
    Max Memory :                                 4 GB
    Average Memory :                             3.46 GB
    Total Requested Memory :                     16.00 GB
    Delta Memory :                               12.00 GB
    Max Swap :                                   -
    Max Processes :                              38
    Max Threads :                                41
    Run time :                                   4227 sec.
    Turnaround time :                            4267 sec.

The output (if any) is above this job summary.



PS:

Read file </share/ddomlab/sdehgha2/working-space/main/P1_pls-dataset/pls-dataset-space/PLS-Dataset/results/Mordred_XGBR_RRU Dimer_log Third Peak wo placeholder_20250204.err> for stderr output of this job.

