/usr/local/usrapps/ddomlab/sdehgha2/pls-dataset-env/lib/python3.10/site-packages/skopt/optimizer/optimizer.py:517: UserWarning: The objective has been evaluated at point [0.1, 1, 2000, True, 1e-06, False] before, using random point [0.05100557696916619, 1, 604, True, 4.082064173813125e-05, False]
  warnings.warn(
/usr/local/usrapps/ddomlab/sdehgha2/pls-dataset-env/lib/python3.10/site-packages/skopt/optimizer/optimizer.py:517: UserWarning: The objective has been evaluated at point [0.1, 1, 2000, True, 0.001, False] before, using random point [0.0013646808523976595, 1, 78, True, 6.318578466755704e-05, False]
  warnings.warn(
/usr/local/usrapps/ddomlab/sdehgha2/pls-dataset-env/lib/python3.10/site-packages/skopt/optimizer/optimizer.py:517: UserWarning: The objective has been evaluated at point [0.1, 1, 2000, True, 0.001, False] before, using random point [2.055507642177184e-06, 1, 129, True, 7.045847568425446e-06, False]
  warnings.warn(
/usr/local/usrapps/ddomlab/sdehgha2/pls-dataset-env/lib/python3.10/site-packages/skopt/optimizer/optimizer.py:517: UserWarning: The objective has been evaluated at point [0.1, 1, 2000, True, 0.001, False] before, using random point [0.04996122203917683, 1, 1973, True, 2.7646203548794994e-06, False]
  warnings.warn(
/usr/local/usrapps/ddomlab/sdehgha2/pls-dataset-env/lib/python3.10/site-packages/skopt/optimizer/optimizer.py:517: UserWarning: The objective has been evaluated at point [0.1, 1, 2000, True, 1e-06, False] before, using random point [0.0020098879127021805, 1, 290, True, 0.0002487907936370736, False]
  warnings.warn(
/usr/local/usrapps/ddomlab/sdehgha2/pls-dataset-env/lib/python3.10/site-packages/skopt/optimizer/optimizer.py:517: UserWarning: The objective has been evaluated at point [0.1, 1, 2000, True, 1e-06, False] before, using random point [0.0005449778832609219, 1, 366, True, 3.71459228288051e-05, False]
  warnings.warn(
/usr/local/usrapps/ddomlab/sdehgha2/pls-dataset-env/lib/python3.10/site-packages/skopt/optimizer/optimizer.py:517: UserWarning: The objective has been evaluated at point [0.1, 1, 2000, True, 1e-06, False] before, using random point [0.005658744386820526, 1, 322, True, 0.00016189451351274512, False]
  warnings.warn(
/usr/local/usrapps/ddomlab/sdehgha2/pls-dataset-env/lib/python3.10/site-packages/skopt/optimizer/optimizer.py:517: UserWarning: The objective has been evaluated at point [0.1, 1, 2000, True, 1e-06, False] before, using random point [0.02252100344661208, 1, 302, True, 0.0002957622857323286, False]
  warnings.warn(
/usr/local/usrapps/ddomlab/sdehgha2/pls-dataset-env/lib/python3.10/site-packages/skopt/optimizer/optimizer.py:517: UserWarning: The objective has been evaluated at point [0.1, 1, 2000, True, 1e-06, False] before, using random point [0.02006453818301395, 1, 104, True, 0.0006902641573957533, False]
  warnings.warn(
/usr/local/usrapps/ddomlab/sdehgha2/pls-dataset-env/lib/python3.10/site-packages/skopt/optimizer/optimizer.py:517: UserWarning: The objective has been evaluated at point [0.1, 1, 2000, True, 1e-06, False] before, using random point [1.5285775547616457e-05, 1, 65, True, 1.0664867854963207e-05, False]
  warnings.warn(
/usr/local/usrapps/ddomlab/sdehgha2/pls-dataset-env/lib/python3.10/site-packages/skopt/optimizer/optimizer.py:517: UserWarning: The objective has been evaluated at point [0.1, 1, 2000, True, 1e-06, False] before, using random point [0.00023300028270157255, 1, 1915, True, 2.1126263605490355e-05, False]
  warnings.warn(
/usr/local/usrapps/ddomlab/sdehgha2/pls-dataset-env/lib/python3.10/site-packages/skopt/optimizer/optimizer.py:517: UserWarning: The objective has been evaluated at point [0.1, 1, 2000, True, 1e-06, False] before, using random point [0.06491236824745573, 1, 507, True, 0.00044127331692587, False]
  warnings.warn(
/usr/local/usrapps/ddomlab/sdehgha2/pls-dataset-env/lib/python3.10/site-packages/skopt/optimizer/optimizer.py:517: UserWarning: The objective has been evaluated at point [0.1, 1, 2000, True, 1e-06, False] before, using random point [0.002241639835317422, 1, 89, True, 0.00039904391118901836, False]
  warnings.warn(
/usr/local/usrapps/ddomlab/sdehgha2/pls-dataset-env/lib/python3.10/site-packages/skopt/optimizer/optimizer.py:517: UserWarning: The objective has been evaluated at point [0.1, 1, 50, True, 1e-06, False] before, using random point [1.8848268063157144e-05, 1, 1275, True, 0.0004858892196511903, False]
  warnings.warn(
/usr/local/usrapps/ddomlab/sdehgha2/pls-dataset-env/lib/python3.10/site-packages/skopt/optimizer/optimizer.py:517: UserWarning: The objective has been evaluated at point [0.1, 1, 50, True, 1e-06, False] before, using random point [1.3398814721221117e-06, 1, 261, True, 0.0007134229134846048, False]
  warnings.warn(
/usr/local/usrapps/ddomlab/sdehgha2/pls-dataset-env/lib/python3.10/site-packages/skopt/optimizer/optimizer.py:517: UserWarning: The objective has been evaluated at point [0.1, 1, 50, True, 1e-06, False] before, using random point [1.730229022221198e-06, 1, 1093, True, 2.216761378508989e-06, False]
  warnings.warn(
/usr/local/usrapps/ddomlab/sdehgha2/pls-dataset-env/lib/python3.10/site-packages/skopt/optimizer/optimizer.py:517: UserWarning: The objective has been evaluated at point [0.1, 1, 50, True, 1e-06, False] before, using random point [0.017905922799265818, 1, 174, True, 0.0001720391497120438, False]
  warnings.warn(
/usr/local/usrapps/ddomlab/sdehgha2/pls-dataset-env/lib/python3.10/site-packages/skopt/optimizer/optimizer.py:517: UserWarning: The objective has been evaluated at point [0.1, 1, 50, True, 1e-06, False] before, using random point [0.0004184254158607547, 1, 1747, True, 0.0001192212961660975, False]
  warnings.warn(
/usr/local/usrapps/ddomlab/sdehgha2/pls-dataset-env/lib/python3.10/site-packages/skopt/optimizer/optimizer.py:517: UserWarning: The objective has been evaluated at point [0.1, 1, 50, True, 1e-06, False] before, using random point [0.003322405389854648, 1, 613, True, 1.683716165747327e-06, False]
  warnings.warn(
/usr/local/usrapps/ddomlab/sdehgha2/pls-dataset-env/lib/python3.10/site-packages/skopt/optimizer/optimizer.py:517: UserWarning: The objective has been evaluated at point [0.1, 1, 50, True, 1e-06, False] before, using random point [4.685276957719915e-05, 1, 378, True, 2.209208314088516e-05, False]
  warnings.warn(
/usr/local/usrapps/ddomlab/sdehgha2/pls-dataset-env/lib/python3.10/site-packages/skopt/optimizer/optimizer.py:517: UserWarning: The objective has been evaluated at point [0.1, 1, 2000, True, 0.001, False] before, using random point [0.009627904882809719, 1, 125, True, 0.0002981835659086422, False]
  warnings.warn(
/usr/local/usrapps/ddomlab/sdehgha2/pls-dataset-env/lib/python3.10/site-packages/skopt/optimizer/optimizer.py:517: UserWarning: The objective has been evaluated at point [0.1, 1, 2000, True, 0.001, False] before, using random point [0.0013578767378970434, 1, 65, True, 2.8920487561678257e-05, False]
  warnings.warn(
/usr/local/usrapps/ddomlab/sdehgha2/pls-dataset-env/lib/python3.10/site-packages/skopt/optimizer/optimizer.py:517: UserWarning: The objective has been evaluated at point [0.1, 1, 2000, True, 0.001, False] before, using random point [0.0007953232689760447, 1, 898, True, 8.795381756938975e-05, False]
  warnings.warn(
/usr/local/usrapps/ddomlab/sdehgha2/pls-dataset-env/lib/python3.10/site-packages/skopt/optimizer/optimizer.py:517: UserWarning: The objective has been evaluated at point [0.1, 1, 2000, True, 0.001, False] before, using random point [0.02252100344661208, 1, 302, True, 0.0002957622857323286, False]
  warnings.warn(
/usr/local/usrapps/ddomlab/sdehgha2/pls-dataset-env/lib/python3.10/site-packages/skopt/optimizer/optimizer.py:517: UserWarning: The objective has been evaluated at point [0.1, 1, 2000, True, 0.001, False] before, using random point [0.02006453818301395, 1, 104, True, 0.0006902641573957533, False]
  warnings.warn(
/usr/local/usrapps/ddomlab/sdehgha2/pls-dataset-env/lib/python3.10/site-packages/skopt/optimizer/optimizer.py:517: UserWarning: The objective has been evaluated at point [0.1, 1, 2000, True, 0.001, False] before, using random point [1.5285775547616457e-05, 1, 65, True, 1.0664867854963207e-05, False]
  warnings.warn(
/usr/local/usrapps/ddomlab/sdehgha2/pls-dataset-env/lib/python3.10/site-packages/skopt/optimizer/optimizer.py:517: UserWarning: The objective has been evaluated at point [0.1, 1, 2000, True, 0.001, False] before, using random point [0.06491236824745573, 1, 507, True, 0.00044127331692587, False]
  warnings.warn(
/usr/local/usrapps/ddomlab/sdehgha2/pls-dataset-env/lib/python3.10/site-packages/skopt/optimizer/optimizer.py:517: UserWarning: The objective has been evaluated at point [0.1, 1, 2000, True, 0.001, False] before, using random point [0.002241639835317422, 1, 89, True, 0.00039904391118901836, False]
  warnings.warn(
/usr/local/usrapps/ddomlab/sdehgha2/pls-dataset-env/lib/python3.10/site-packages/skopt/optimizer/optimizer.py:517: UserWarning: The objective has been evaluated at point [0.1, 1, 2000, True, 0.001, False] before, using random point [6.051806808425426e-05, 1, 84, True, 1.2342966757651529e-05, False]
  warnings.warn(
/usr/local/usrapps/ddomlab/sdehgha2/pls-dataset-env/lib/python3.10/site-packages/skopt/optimizer/optimizer.py:517: UserWarning: The objective has been evaluated at point [0.1, 1, 2000, True, 0.001, False] before, using random point [1.8848268063157144e-05, 1, 1275, True, 0.0004858892196511903, False]
  warnings.warn(
/usr/local/usrapps/ddomlab/sdehgha2/pls-dataset-env/lib/python3.10/site-packages/skopt/optimizer/optimizer.py:517: UserWarning: The objective has been evaluated at point [0.1, 1, 2000, True, 0.001, False] before, using random point [1.3398814721221117e-06, 1, 261, True, 0.0007134229134846048, False]
  warnings.warn(
/usr/local/usrapps/ddomlab/sdehgha2/pls-dataset-env/lib/python3.10/site-packages/skopt/optimizer/optimizer.py:517: UserWarning: The objective has been evaluated at point [0.1, 1, 2000, True, 0.001, False] before, using random point [0.017905922799265818, 1, 174, True, 0.0001720391497120438, False]
  warnings.warn(
/usr/local/usrapps/ddomlab/sdehgha2/pls-dataset-env/lib/python3.10/site-packages/skopt/optimizer/optimizer.py:517: UserWarning: The objective has been evaluated at point [0.1, 1, 2000, True, 1e-06, False] before, using random point [0.0004184254158607547, 1, 1747, True, 0.0001192212961660975, False]
  warnings.warn(
/usr/local/usrapps/ddomlab/sdehgha2/pls-dataset-env/lib/python3.10/site-packages/skopt/optimizer/optimizer.py:517: UserWarning: The objective has been evaluated at point [0.1, 1, 2000, True, 0.001, False] before, using random point [0.003322405389854648, 1, 613, True, 1.683716165747327e-06, False]
  warnings.warn(
/usr/local/usrapps/ddomlab/sdehgha2/pls-dataset-env/lib/python3.10/site-packages/skopt/optimizer/optimizer.py:517: UserWarning: The objective has been evaluated at point [0.1, 1, 2000, True, 0.001, False] before, using random point [4.685276957719915e-05, 1, 378, True, 2.209208314088516e-05, False]
  warnings.warn(
/usr/local/usrapps/ddomlab/sdehgha2/pls-dataset-env/lib/python3.10/site-packages/skopt/optimizer/optimizer.py:517: UserWarning: The objective has been evaluated at point [0.1, 1, 2000, True, 0.001, False] before, using random point [2.066719740802097e-05, 1, 232, True, 0.00044430443154171606, False]
  warnings.warn(
/usr/local/usrapps/ddomlab/sdehgha2/pls-dataset-env/lib/python3.10/site-packages/skopt/optimizer/optimizer.py:517: UserWarning: The objective has been evaluated at point [0.1, 1, 2000, True, 0.001, False] before, using random point [0.04973830792181353, 1, 214, True, 0.0002318850690579973, False]
  warnings.warn(
/usr/local/usrapps/ddomlab/sdehgha2/pls-dataset-env/lib/python3.10/site-packages/skopt/optimizer/optimizer.py:517: UserWarning: The objective has been evaluated at point [0.1, 1, 2000, True, 0.001, False] before, using random point [0.00011997731759975291, 1, 667, True, 2.0638689743466022e-06, False]
  warnings.warn(
/usr/local/usrapps/ddomlab/sdehgha2/pls-dataset-env/lib/python3.10/site-packages/skopt/optimizer/optimizer.py:517: UserWarning: The objective has been evaluated at point [0.1, 1, 2000, True, 0.001, False] before, using random point [0.00011691119534931175, 1, 229, True, 1.6940017313185249e-06, False]
  warnings.warn(
/usr/local/usrapps/ddomlab/sdehgha2/pls-dataset-env/lib/python3.10/site-packages/skopt/optimizer/optimizer.py:517: UserWarning: The objective has been evaluated at point [0.1, 1, 2000, True, 0.001, False] before, using random point [0.050395351871015556, 1, 110, True, 0.0001603874860154403, False]
  warnings.warn(
/usr/local/usrapps/ddomlab/sdehgha2/pls-dataset-env/lib/python3.10/site-packages/skopt/optimizer/optimizer.py:517: UserWarning: The objective has been evaluated at point [0.1, 1, 2000, True, 1e-06, False] before, using random point [1.3205988288968254e-05, 1, 88, True, 0.0008335430737684432, False]
  warnings.warn(
/usr/local/usrapps/ddomlab/sdehgha2/pls-dataset-env/lib/python3.10/site-packages/skopt/optimizer/optimizer.py:517: UserWarning: The objective has been evaluated at point [0.1, 1, 2000, True, 1e-06, False] before, using random point [0.0008300500221692777, 1, 278, True, 2.0003300546342006e-05, False]
  warnings.warn(
/usr/local/usrapps/ddomlab/sdehgha2/pls-dataset-env/lib/python3.10/site-packages/skopt/optimizer/optimizer.py:517: UserWarning: The objective has been evaluated at point [0.1, 1, 2000, True, 0.001, False] before, using random point [1.949841107984422e-05, 1, 67, True, 0.00029753714389386563, False]
  warnings.warn(
/usr/local/usrapps/ddomlab/sdehgha2/pls-dataset-env/lib/python3.10/site-packages/skopt/optimizer/optimizer.py:517: UserWarning: The objective has been evaluated at point [0.1, 1, 2000, True, 0.001, False] before, using random point [4.89287051500124e-05, 1, 1476, True, 0.0009078572680312704, False]
  warnings.warn(
