


OPTIMIZING HYPERPARAMETERS FOR REGRESSOR NGB 	SEED: 6


Best parameters: OrderedDict([('regressor__regressor__learning_rate', 0.042475869702978605), ('regressor__regressor__minibatch_frac', 1), ('regressor__regressor__n_estimators', 108), ('regressor__regressor__natural_gradient', True), ('regressor__regressor__tol', 0.0007028714116950596), ('regressor__regressor__verbose', False)])





OPTIMIZING HYPERPARAMETERS FOR REGRESSOR NGB 	SEED: 6


Best parameters: OrderedDict([('regressor__regressor__learning_rate', 0.1), ('regressor__regressor__minibatch_frac', 1), ('regressor__regressor__n_estimators', 2000), ('regressor__regressor__natural_gradient', True), ('regressor__regressor__tol', 0.001), ('regressor__regressor__verbose', False)])





OPTIMIZING HYPERPARAMETERS FOR REGRESSOR NGB 	SEED: 6


Best parameters: OrderedDict([('regressor__regressor__learning_rate', 0.1), ('regressor__regressor__minibatch_frac', 1), ('regressor__regressor__n_estimators', 117), ('regressor__regressor__natural_gradient', True), ('regressor__regressor__tol', 0.001), ('regressor__regressor__verbose', False)])





OPTIMIZING HYPERPARAMETERS FOR REGRESSOR NGB 	SEED: 6


Best parameters: OrderedDict([('regressor__regressor__learning_rate', 0.07180363118229009), ('regressor__regressor__minibatch_frac', 1), ('regressor__regressor__n_estimators', 135), ('regressor__regressor__natural_gradient', True), ('regressor__regressor__tol', 1e-06), ('regressor__regressor__verbose', False)])





OPTIMIZING HYPERPARAMETERS FOR REGRESSOR NGB 	SEED: 6


Best parameters: OrderedDict([('regressor__regressor__learning_rate', 0.1), ('regressor__regressor__minibatch_frac', 1), ('regressor__regressor__n_estimators', 50), ('regressor__regressor__natural_gradient', True), ('regressor__regressor__tol', 0.001), ('regressor__regressor__verbose', False)])





OPTIMIZING HYPERPARAMETERS FOR REGRESSOR NGB 	SEED: 13


Best parameters: OrderedDict([('regressor__regressor__learning_rate', 0.06459156914147546), ('regressor__regressor__minibatch_frac', 1), ('regressor__regressor__n_estimators', 289), ('regressor__regressor__natural_gradient', True), ('regressor__regressor__tol', 4.1200688201979395e-06), ('regressor__regressor__verbose', False)])





OPTIMIZING HYPERPARAMETERS FOR REGRESSOR NGB 	SEED: 13


Best parameters: OrderedDict([('regressor__regressor__learning_rate', 0.04936839515891425), ('regressor__regressor__minibatch_frac', 1), ('regressor__regressor__n_estimators', 163), ('regressor__regressor__natural_gradient', True), ('regressor__regressor__tol', 1e-06), ('regressor__regressor__verbose', False)])





OPTIMIZING HYPERPARAMETERS FOR REGRESSOR NGB 	SEED: 13


Best parameters: OrderedDict([('regressor__regressor__learning_rate', 0.008247457041579837), ('regressor__regressor__minibatch_frac', 1), ('regressor__regressor__n_estimators', 2000), ('regressor__regressor__natural_gradient', True), ('regressor__regressor__tol', 1e-06), ('regressor__regressor__verbose', False)])





OPTIMIZING HYPERPARAMETERS FOR REGRESSOR NGB 	SEED: 13


Best parameters: OrderedDict([('regressor__regressor__learning_rate', 0.043033770730803285), ('regressor__regressor__minibatch_frac', 1), ('regressor__regressor__n_estimators', 1591), ('regressor__regressor__natural_gradient', True), ('regressor__regressor__tol', 7.811370597996148e-05), ('regressor__regressor__verbose', False)])





OPTIMIZING HYPERPARAMETERS FOR REGRESSOR NGB 	SEED: 13


Best parameters: OrderedDict([('regressor__regressor__learning_rate', 0.1), ('regressor__regressor__minibatch_frac', 1), ('regressor__regressor__n_estimators', 105), ('regressor__regressor__natural_gradient', True), ('regressor__regressor__tol', 1e-06), ('regressor__regressor__verbose', False)])





OPTIMIZING HYPERPARAMETERS FOR REGRESSOR NGB 	SEED: 42


Best parameters: OrderedDict([('regressor__regressor__learning_rate', 0.04857379612515402), ('regressor__regressor__minibatch_frac', 1), ('regressor__regressor__n_estimators', 2000), ('regressor__regressor__natural_gradient', True), ('regressor__regressor__tol', 0.001), ('regressor__regressor__verbose', False)])





OPTIMIZING HYPERPARAMETERS FOR REGRESSOR NGB 	SEED: 42


Best parameters: OrderedDict([('regressor__regressor__learning_rate', 0.1), ('regressor__regressor__minibatch_frac', 1), ('regressor__regressor__n_estimators', 1544), ('regressor__regressor__natural_gradient', True), ('regressor__regressor__tol', 0.001), ('regressor__regressor__verbose', False)])





OPTIMIZING HYPERPARAMETERS FOR REGRESSOR NGB 	SEED: 42


Best parameters: OrderedDict([('regressor__regressor__learning_rate', 0.06343777612842691), ('regressor__regressor__minibatch_frac', 1), ('regressor__regressor__n_estimators', 153), ('regressor__regressor__natural_gradient', True), ('regressor__regressor__tol', 0.000858147372596673), ('regressor__regressor__verbose', False)])





OPTIMIZING HYPERPARAMETERS FOR REGRESSOR NGB 	SEED: 42


Best parameters: OrderedDict([('regressor__regressor__learning_rate', 0.0500978695067516), ('regressor__regressor__minibatch_frac', 1), ('regressor__regressor__n_estimators', 1195), ('regressor__regressor__natural_gradient', True), ('regressor__regressor__tol', 0.001), ('regressor__regressor__verbose', False)])





OPTIMIZING HYPERPARAMETERS FOR REGRESSOR NGB 	SEED: 42


Best parameters: OrderedDict([('regressor__regressor__learning_rate', 0.1), ('regressor__regressor__minibatch_frac', 1), ('regressor__regressor__n_estimators', 2000), ('regressor__regressor__natural_gradient', True), ('regressor__regressor__tol', 0.001), ('regressor__regressor__verbose', False)])





OPTIMIZING HYPERPARAMETERS FOR REGRESSOR NGB 	SEED: 69


Best parameters: OrderedDict([('regressor__regressor__learning_rate', 0.1), ('regressor__regressor__minibatch_frac', 1), ('regressor__regressor__n_estimators', 1171), ('regressor__regressor__natural_gradient', True), ('regressor__regressor__tol', 1e-06), ('regressor__regressor__verbose', False)])





OPTIMIZING HYPERPARAMETERS FOR REGRESSOR NGB 	SEED: 69


Best parameters: OrderedDict([('regressor__regressor__learning_rate', 0.1), ('regressor__regressor__minibatch_frac', 1), ('regressor__regressor__n_estimators', 2000), ('regressor__regressor__natural_gradient', True), ('regressor__regressor__tol', 1.0176737567737008e-06), ('regressor__regressor__verbose', False)])





OPTIMIZING HYPERPARAMETERS FOR REGRESSOR NGB 	SEED: 69


Best parameters: OrderedDict([('regressor__regressor__learning_rate', 0.1), ('regressor__regressor__minibatch_frac', 1), ('regressor__regressor__n_estimators', 2000), ('regressor__regressor__natural_gradient', True), ('regressor__regressor__tol', 0.001), ('regressor__regressor__verbose', False)])





OPTIMIZING HYPERPARAMETERS FOR REGRESSOR NGB 	SEED: 69


Best parameters: OrderedDict([('regressor__regressor__learning_rate', 0.042816534870352654), ('regressor__regressor__minibatch_frac', 1), ('regressor__regressor__n_estimators', 1082), ('regressor__regressor__natural_gradient', True), ('regressor__regressor__tol', 0.001), ('regressor__regressor__verbose', False)])





OPTIMIZING HYPERPARAMETERS FOR REGRESSOR NGB 	SEED: 69


Best parameters: OrderedDict([('regressor__regressor__learning_rate', 0.040529704603453454), ('regressor__regressor__minibatch_frac', 1), ('regressor__regressor__n_estimators', 2000), ('regressor__regressor__natural_gradient', True), ('regressor__regressor__tol', 1e-06), ('regressor__regressor__verbose', False)])





OPTIMIZING HYPERPARAMETERS FOR REGRESSOR NGB 	SEED: 420


Best parameters: OrderedDict([('regressor__regressor__learning_rate', 0.1), ('regressor__regressor__minibatch_frac', 1), ('regressor__regressor__n_estimators', 50), ('regressor__regressor__natural_gradient', True), ('regressor__regressor__tol', 0.001), ('regressor__regressor__verbose', False)])





OPTIMIZING HYPERPARAMETERS FOR REGRESSOR NGB 	SEED: 420


Best parameters: OrderedDict([('regressor__regressor__learning_rate', 0.1), ('regressor__regressor__minibatch_frac', 1), ('regressor__regressor__n_estimators', 1088), ('regressor__regressor__natural_gradient', True), ('regressor__regressor__tol', 1e-06), ('regressor__regressor__verbose', False)])





OPTIMIZING HYPERPARAMETERS FOR REGRESSOR NGB 	SEED: 420


Best parameters: OrderedDict([('regressor__regressor__learning_rate', 0.06049465887994316), ('regressor__regressor__minibatch_frac', 1), ('regressor__regressor__n_estimators', 129), ('regressor__regressor__natural_gradient', True), ('regressor__regressor__tol', 1e-06), ('regressor__regressor__verbose', False)])





OPTIMIZING HYPERPARAMETERS FOR REGRESSOR NGB 	SEED: 420


Best parameters: OrderedDict([('regressor__regressor__learning_rate', 0.02853001146560421), ('regressor__regressor__minibatch_frac', 1), ('regressor__regressor__n_estimators', 574), ('regressor__regressor__natural_gradient', True), ('regressor__regressor__tol', 1.3922987770401946e-06), ('regressor__regressor__verbose', False)])





OPTIMIZING HYPERPARAMETERS FOR REGRESSOR NGB 	SEED: 420


Best parameters: OrderedDict([('regressor__regressor__learning_rate', 0.1), ('regressor__regressor__minibatch_frac', 1), ('regressor__regressor__n_estimators', 408), ('regressor__regressor__natural_gradient', True), ('regressor__regressor__tol', 0.001), ('regressor__regressor__verbose', False)])





OPTIMIZING HYPERPARAMETERS FOR REGRESSOR NGB 	SEED: 1234567890


Best parameters: OrderedDict([('regressor__regressor__learning_rate', 0.03143560457996177), ('regressor__regressor__minibatch_frac', 1), ('regressor__regressor__n_estimators', 1390), ('regressor__regressor__natural_gradient', True), ('regressor__regressor__tol', 0.0009867077913051296), ('regressor__regressor__verbose', False)])





OPTIMIZING HYPERPARAMETERS FOR REGRESSOR NGB 	SEED: 1234567890


Best parameters: OrderedDict([('regressor__regressor__learning_rate', 0.04814854243967334), ('regressor__regressor__minibatch_frac', 1), ('regressor__regressor__n_estimators', 82), ('regressor__regressor__natural_gradient', True), ('regressor__regressor__tol', 1.4103076091788285e-05), ('regressor__regressor__verbose', False)])





OPTIMIZING HYPERPARAMETERS FOR REGRESSOR NGB 	SEED: 1234567890


Best parameters: OrderedDict([('regressor__regressor__learning_rate', 0.1), ('regressor__regressor__minibatch_frac', 1), ('regressor__regressor__n_estimators', 2000), ('regressor__regressor__natural_gradient', True), ('regressor__regressor__tol', 0.001), ('regressor__regressor__verbose', False)])





OPTIMIZING HYPERPARAMETERS FOR REGRESSOR NGB 	SEED: 1234567890


Best parameters: OrderedDict([('regressor__regressor__learning_rate', 0.08622556916403336), ('regressor__regressor__minibatch_frac', 1), ('regressor__regressor__n_estimators', 1943), ('regressor__regressor__natural_gradient', True), ('regressor__regressor__tol', 0.0008428755395225171), ('regressor__regressor__verbose', False)])





OPTIMIZING HYPERPARAMETERS FOR REGRESSOR NGB 	SEED: 1234567890


Best parameters: OrderedDict([('regressor__regressor__learning_rate', 0.03420036219876757), ('regressor__regressor__minibatch_frac', 1), ('regressor__regressor__n_estimators', 1992), ('regressor__regressor__natural_gradient', True), ('regressor__regressor__tol', 0.0007681390485433621), ('regressor__regressor__verbose', False)])





OPTIMIZING HYPERPARAMETERS FOR REGRESSOR NGB 	SEED: 473129


Best parameters: OrderedDict([('regressor__regressor__learning_rate', 0.09852447739129734), ('regressor__regressor__minibatch_frac', 1), ('regressor__regressor__n_estimators', 662), ('regressor__regressor__natural_gradient', True), ('regressor__regressor__tol', 1.7563421099531602e-06), ('regressor__regressor__verbose', False)])





OPTIMIZING HYPERPARAMETERS FOR REGRESSOR NGB 	SEED: 473129


Best parameters: OrderedDict([('regressor__regressor__learning_rate', 0.052945161935304026), ('regressor__regressor__minibatch_frac', 1), ('regressor__regressor__n_estimators', 315), ('regressor__regressor__natural_gradient', True), ('regressor__regressor__tol', 0.001), ('regressor__regressor__verbose', False)])





OPTIMIZING HYPERPARAMETERS FOR REGRESSOR NGB 	SEED: 473129


Best parameters: OrderedDict([('regressor__regressor__learning_rate', 0.09510904810458752), ('regressor__regressor__minibatch_frac', 1), ('regressor__regressor__n_estimators', 1947), ('regressor__regressor__natural_gradient', True), ('regressor__regressor__tol', 2.222434259067584e-05), ('regressor__regressor__verbose', False)])





OPTIMIZING HYPERPARAMETERS FOR REGRESSOR NGB 	SEED: 473129


Best parameters: OrderedDict([('regressor__regressor__learning_rate', 0.07111542316134148), ('regressor__regressor__minibatch_frac', 1), ('regressor__regressor__n_estimators', 979), ('regressor__regressor__natural_gradient', True), ('regressor__regressor__tol', 0.001), ('regressor__regressor__verbose', False)])





OPTIMIZING HYPERPARAMETERS FOR REGRESSOR NGB 	SEED: 473129


Best parameters: OrderedDict([('regressor__regressor__learning_rate', 0.1), ('regressor__regressor__minibatch_frac', 1), ('regressor__regressor__n_estimators', 1468), ('regressor__regressor__natural_gradient', True), ('regressor__regressor__tol', 1e-06), ('regressor__regressor__verbose', False)])


Average scores:	 r: 0.96±0.04	 r2: 0.91±0.08
Trimer_scaler
Filename: (Mordred-PDI-Mw-concentration-temperature-solvent dP-solvent dD-solvent dH)_NGB_mean_Standard
/gpfs_common/share03/ddomlab/sdehgha2/working-space/main/P1_pls-dataset/pls-dataset-space/PLS-Dataset/results/target_Rg/Trimer_scaler/(Mordred-PDI-Mw-concentration-temperature-solvent dP-solvent dD-solvent dH)_NGB_mean_Standard_scores.json
/gpfs_common/share03/ddomlab/sdehgha2/working-space/main/P1_pls-dataset/pls-dataset-space/PLS-Dataset/results/target_Rg/Trimer_scaler/(Mordred-PDI-Mw-concentration-temperature-solvent dP-solvent dD-solvent dH)_NGB_mean_Standard_predictions.csv
/gpfs_common/share03/ddomlab/sdehgha2/working-space/main/P1_pls-dataset/pls-dataset-space/PLS-Dataset/results/target_Rg/Trimer_scaler/(Mordred-PDI-Mw-concentration-temperature-solvent dP-solvent dD-solvent dH)_NGB_mean_Standard_shape.json
Done Saving scores!

------------------------------------------------------------
Sender: LSF System <lsfadmin@c205n13>
Subject: Job 140733: <NGB_Rg1 (nm)_Mordred_Standard_Trimer> in cluster <Hazel> Done

Job <NGB_Rg1 (nm)_Mordred_Standard_Trimer> was submitted from host <c201n02> by user <sdehgha2> in cluster <Hazel> at Thu Jan  2 14:26:03 2025
Job was executed on host(s) <6*c205n13>, in queue <single_chassis>, as user <sdehgha2> in cluster <Hazel> at Thu Jan  2 14:26:04 2025
</home/sdehgha2> was used as the home directory.
</share/ddomlab/sdehgha2/working-space/main/P1_pls-dataset/pls-dataset-space/PLS-Dataset/code_/training/hpc_submit_training_Rh> was used as the working directory.
Started at Thu Jan  2 14:26:04 2025
Terminated at Fri Jan  3 01:00:57 2025
Results reported at Fri Jan  3 01:00:57 2025

Your job looked like:

------------------------------------------------------------
# LSBATCH: User input



#BSUB -n 6
#BSUB -W 72:05
#BSUB -R span[hosts=1]
#BSUB -R "rusage[mem=16GB]"
#BSUB -J "NGB_Rg1 (nm)_Mordred_Standard_Trimer"  
#BSUB -o "/share/ddomlab/sdehgha2/working-space/main/P1_pls-dataset/pls-dataset-space/PLS-Dataset/results/NGB_Rg1 (nm)_Mordred_Standard_Trimer_20250102_full.out"
#BSUB -e "/share/ddomlab/sdehgha2/working-space/main/P1_pls-dataset/pls-dataset-space/PLS-Dataset/results/NGB_Rg1 (nm)_Mordred_Standard_Trimer_20250102_full.err"

source ~/.bashrc
conda activate /usr/local/usrapps/ddomlab/sdehgha2/pls-dataset-env
python ../train_structure_numerical.py --target_features "Rg1 (nm)"                                       --representation "Mordred"                                       --regressor_type "NGB"                                       --transform_type "Standard"                                       --oligomer_representation "Trimer"                                       --numerical_feats 'Mn (g/mol)' 'PDI' 'Mw (g/mol)' 'Concentration (mg/ml)' 'Temperature SANS/SLS/DLS/SEC (K)' 'solvent dP' 'solvent dD' 'solvent dH'                                       --columns_to_impute "PDI" "Temperature SANS/SLS/DLS/SEC (K)" "Concentration (mg/ml)"                                       --special_impute 'Mw (g/mol)'                                       --imputer mean 




------------------------------------------------------------

Successfully completed.

Resource usage summary:

    CPU time :                                   171817.00 sec.
    Max Memory :                                 6 GB
    Average Memory :                             5.92 GB
    Total Requested Memory :                     16.00 GB
    Delta Memory :                               10.00 GB
    Max Swap :                                   -
    Max Processes :                              30
    Max Threads :                                33
    Run time :                                   38122 sec.
    Turnaround time :                            38094 sec.

The output (if any) is above this job summary.



PS:

Read file </share/ddomlab/sdehgha2/working-space/main/P1_pls-dataset/pls-dataset-space/PLS-Dataset/results/NGB_Rg1 (nm)_Mordred_Standard_Trimer_20250102_full.err> for stderr output of this job.




OPTIMIZING HYPERPARAMETERS FOR REGRESSOR NGB 	SEED: 6


Best parameters: OrderedDict([('regressor__regressor__learning_rate', 0.02802748431638469), ('regressor__regressor__minibatch_frac', 1), ('regressor__regressor__n_estimators', 2000), ('regressor__regressor__natural_gradient', True), ('regressor__regressor__tol', 0.001), ('regressor__regressor__verbose', False)])





OPTIMIZING HYPERPARAMETERS FOR REGRESSOR NGB 	SEED: 6


Best parameters: OrderedDict([('regressor__regressor__learning_rate', 0.1), ('regressor__regressor__minibatch_frac', 1), ('regressor__regressor__n_estimators', 2000), ('regressor__regressor__natural_gradient', True), ('regressor__regressor__tol', 0.001), ('regressor__regressor__verbose', False)])





OPTIMIZING HYPERPARAMETERS FOR REGRESSOR NGB 	SEED: 6


Best parameters: OrderedDict([('regressor__regressor__learning_rate', 0.1), ('regressor__regressor__minibatch_frac', 1), ('regressor__regressor__n_estimators', 1136), ('regressor__regressor__natural_gradient', True), ('regressor__regressor__tol', 1e-06), ('regressor__regressor__verbose', False)])





OPTIMIZING HYPERPARAMETERS FOR REGRESSOR NGB 	SEED: 6


Best parameters: OrderedDict([('regressor__regressor__learning_rate', 0.1), ('regressor__regressor__minibatch_frac', 1), ('regressor__regressor__n_estimators', 157), ('regressor__regressor__natural_gradient', True), ('regressor__regressor__tol', 0.001), ('regressor__regressor__verbose', False)])





OPTIMIZING HYPERPARAMETERS FOR REGRESSOR NGB 	SEED: 6


Best parameters: OrderedDict([('regressor__regressor__learning_rate', 0.1), ('regressor__regressor__minibatch_frac', 1), ('regressor__regressor__n_estimators', 99), ('regressor__regressor__natural_gradient', True), ('regressor__regressor__tol', 1e-06), ('regressor__regressor__verbose', False)])





OPTIMIZING HYPERPARAMETERS FOR REGRESSOR NGB 	SEED: 13


Best parameters: OrderedDict([('regressor__regressor__learning_rate', 0.09997345565486934), ('regressor__regressor__minibatch_frac', 1), ('regressor__regressor__n_estimators', 1791), ('regressor__regressor__natural_gradient', True), ('regressor__regressor__tol', 6.7217878577645456e-06), ('regressor__regressor__verbose', False)])





OPTIMIZING HYPERPARAMETERS FOR REGRESSOR NGB 	SEED: 13


Best parameters: OrderedDict([('regressor__regressor__learning_rate', 0.02781155705859692), ('regressor__regressor__minibatch_frac', 1), ('regressor__regressor__n_estimators', 2000), ('regressor__regressor__natural_gradient', True), ('regressor__regressor__tol', 0.001), ('regressor__regressor__verbose', False)])





OPTIMIZING HYPERPARAMETERS FOR REGRESSOR NGB 	SEED: 13


Best parameters: OrderedDict([('regressor__regressor__learning_rate', 0.1), ('regressor__regressor__minibatch_frac', 1), ('regressor__regressor__n_estimators', 151), ('regressor__regressor__natural_gradient', True), ('regressor__regressor__tol', 0.001), ('regressor__regressor__verbose', False)])





OPTIMIZING HYPERPARAMETERS FOR REGRESSOR NGB 	SEED: 13


Best parameters: OrderedDict([('regressor__regressor__learning_rate', 0.06394730519493706), ('regressor__regressor__minibatch_frac', 1), ('regressor__regressor__n_estimators', 2000), ('regressor__regressor__natural_gradient', True), ('regressor__regressor__tol', 0.001), ('regressor__regressor__verbose', False)])





OPTIMIZING HYPERPARAMETERS FOR REGRESSOR NGB 	SEED: 13


Best parameters: OrderedDict([('regressor__regressor__learning_rate', 0.05526066571015334), ('regressor__regressor__minibatch_frac', 1), ('regressor__regressor__n_estimators', 146), ('regressor__regressor__natural_gradient', True), ('regressor__regressor__tol', 0.001), ('regressor__regressor__verbose', False)])





OPTIMIZING HYPERPARAMETERS FOR REGRESSOR NGB 	SEED: 42


Best parameters: OrderedDict([('regressor__regressor__learning_rate', 0.07998786216343659), ('regressor__regressor__minibatch_frac', 1), ('regressor__regressor__n_estimators', 2000), ('regressor__regressor__natural_gradient', True), ('regressor__regressor__tol', 0.001), ('regressor__regressor__verbose', False)])





OPTIMIZING HYPERPARAMETERS FOR REGRESSOR NGB 	SEED: 42


Best parameters: OrderedDict([('regressor__regressor__learning_rate', 0.00984296330042895), ('regressor__regressor__minibatch_frac', 1), ('regressor__regressor__n_estimators', 50), ('regressor__regressor__natural_gradient', True), ('regressor__regressor__tol', 0.001), ('regressor__regressor__verbose', False)])





OPTIMIZING HYPERPARAMETERS FOR REGRESSOR NGB 	SEED: 42


Best parameters: OrderedDict([('regressor__regressor__learning_rate', 0.05989491205267932), ('regressor__regressor__minibatch_frac', 1), ('regressor__regressor__n_estimators', 1246), ('regressor__regressor__natural_gradient', True), ('regressor__regressor__tol', 1.390574606467376e-05), ('regressor__regressor__verbose', False)])





OPTIMIZING HYPERPARAMETERS FOR REGRESSOR NGB 	SEED: 42


Best parameters: OrderedDict([('regressor__regressor__learning_rate', 0.1), ('regressor__regressor__minibatch_frac', 1), ('regressor__regressor__n_estimators', 1152), ('regressor__regressor__natural_gradient', True), ('regressor__regressor__tol', 0.001), ('regressor__regressor__verbose', False)])





OPTIMIZING HYPERPARAMETERS FOR REGRESSOR NGB 	SEED: 42


Best parameters: OrderedDict([('regressor__regressor__learning_rate', 0.1), ('regressor__regressor__minibatch_frac', 1), ('regressor__regressor__n_estimators', 2000), ('regressor__regressor__natural_gradient', True), ('regressor__regressor__tol', 1.4247734850800454e-05), ('regressor__regressor__verbose', False)])





OPTIMIZING HYPERPARAMETERS FOR REGRESSOR NGB 	SEED: 69


Best parameters: OrderedDict([('regressor__regressor__learning_rate', 0.1), ('regressor__regressor__minibatch_frac', 1), ('regressor__regressor__n_estimators', 1092), ('regressor__regressor__natural_gradient', True), ('regressor__regressor__tol', 0.001), ('regressor__regressor__verbose', False)])





OPTIMIZING HYPERPARAMETERS FOR REGRESSOR NGB 	SEED: 69


Best parameters: OrderedDict([('regressor__regressor__learning_rate', 0.1), ('regressor__regressor__minibatch_frac', 1), ('regressor__regressor__n_estimators', 2000), ('regressor__regressor__natural_gradient', True), ('regressor__regressor__tol', 0.00015274105187750413), ('regressor__regressor__verbose', False)])





OPTIMIZING HYPERPARAMETERS FOR REGRESSOR NGB 	SEED: 69


Best parameters: OrderedDict([('regressor__regressor__learning_rate', 0.0683383079699997), ('regressor__regressor__minibatch_frac', 1), ('regressor__regressor__n_estimators', 374), ('regressor__regressor__natural_gradient', True), ('regressor__regressor__tol', 0.001), ('regressor__regressor__verbose', False)])





OPTIMIZING HYPERPARAMETERS FOR REGRESSOR NGB 	SEED: 69


Best parameters: OrderedDict([('regressor__regressor__learning_rate', 0.0998804280493795), ('regressor__regressor__minibatch_frac', 1), ('regressor__regressor__n_estimators', 306), ('regressor__regressor__natural_gradient', True), ('regressor__regressor__tol', 0.00030747858461361275), ('regressor__regressor__verbose', False)])





OPTIMIZING HYPERPARAMETERS FOR REGRESSOR NGB 	SEED: 69


Best parameters: OrderedDict([('regressor__regressor__learning_rate', 0.09661442174056106), ('regressor__regressor__minibatch_frac', 1), ('regressor__regressor__n_estimators', 1964), ('regressor__regressor__natural_gradient', True), ('regressor__regressor__tol', 7.29289287718303e-05), ('regressor__regressor__verbose', False)])





OPTIMIZING HYPERPARAMETERS FOR REGRESSOR NGB 	SEED: 420


Best parameters: OrderedDict([('regressor__regressor__learning_rate', 0.04146986656461625), ('regressor__regressor__minibatch_frac', 1), ('regressor__regressor__n_estimators', 1111), ('regressor__regressor__natural_gradient', True), ('regressor__regressor__tol', 4.542853867364548e-06), ('regressor__regressor__verbose', False)])





OPTIMIZING HYPERPARAMETERS FOR REGRESSOR NGB 	SEED: 420


Best parameters: OrderedDict([('regressor__regressor__learning_rate', 0.04166538982065404), ('regressor__regressor__minibatch_frac', 1), ('regressor__regressor__n_estimators', 1123), ('regressor__regressor__natural_gradient', True), ('regressor__regressor__tol', 2.71006616411378e-05), ('regressor__regressor__verbose', False)])





OPTIMIZING HYPERPARAMETERS FOR REGRESSOR NGB 	SEED: 420


Best parameters: OrderedDict([('regressor__regressor__learning_rate', 0.1), ('regressor__regressor__minibatch_frac', 1), ('regressor__regressor__n_estimators', 985), ('regressor__regressor__natural_gradient', True), ('regressor__regressor__tol', 0.001), ('regressor__regressor__verbose', False)])





OPTIMIZING HYPERPARAMETERS FOR REGRESSOR NGB 	SEED: 420


Best parameters: OrderedDict([('regressor__regressor__learning_rate', 0.035053786276509034), ('regressor__regressor__minibatch_frac', 1), ('regressor__regressor__n_estimators', 485), ('regressor__regressor__natural_gradient', True), ('regressor__regressor__tol', 1e-06), ('regressor__regressor__verbose', False)])





OPTIMIZING HYPERPARAMETERS FOR REGRESSOR NGB 	SEED: 420


Best parameters: OrderedDict([('regressor__regressor__learning_rate', 0.017615429568080786), ('regressor__regressor__minibatch_frac', 1), ('regressor__regressor__n_estimators', 2000), ('regressor__regressor__natural_gradient', True), ('regressor__regressor__tol', 0.001), ('regressor__regressor__verbose', False)])





OPTIMIZING HYPERPARAMETERS FOR REGRESSOR NGB 	SEED: 1234567890


Best parameters: OrderedDict([('regressor__regressor__learning_rate', 0.06921488747222172), ('regressor__regressor__minibatch_frac', 1), ('regressor__regressor__n_estimators', 2000), ('regressor__regressor__natural_gradient', True), ('regressor__regressor__tol', 0.001), ('regressor__regressor__verbose', False)])





OPTIMIZING HYPERPARAMETERS FOR REGRESSOR NGB 	SEED: 1234567890


Best parameters: OrderedDict([('regressor__regressor__learning_rate', 0.06558870132627505), ('regressor__regressor__minibatch_frac', 1), ('regressor__regressor__n_estimators', 2000), ('regressor__regressor__natural_gradient', True), ('regressor__regressor__tol', 1e-06), ('regressor__regressor__verbose', False)])





OPTIMIZING HYPERPARAMETERS FOR REGRESSOR NGB 	SEED: 1234567890


Best parameters: OrderedDict([('regressor__regressor__learning_rate', 0.1), ('regressor__regressor__minibatch_frac', 1), ('regressor__regressor__n_estimators', 2000), ('regressor__regressor__natural_gradient', True), ('regressor__regressor__tol', 0.001), ('regressor__regressor__verbose', False)])





OPTIMIZING HYPERPARAMETERS FOR REGRESSOR NGB 	SEED: 1234567890


Best parameters: OrderedDict([('regressor__regressor__learning_rate', 0.023863162666639095), ('regressor__regressor__minibatch_frac', 1), ('regressor__regressor__n_estimators', 1328), ('regressor__regressor__natural_gradient', True), ('regressor__regressor__tol', 1e-06), ('regressor__regressor__verbose', False)])





OPTIMIZING HYPERPARAMETERS FOR REGRESSOR NGB 	SEED: 1234567890


Best parameters: OrderedDict([('regressor__regressor__learning_rate', 0.1), ('regressor__regressor__minibatch_frac', 1), ('regressor__regressor__n_estimators', 268), ('regressor__regressor__natural_gradient', True), ('regressor__regressor__tol', 0.001), ('regressor__regressor__verbose', False)])





OPTIMIZING HYPERPARAMETERS FOR REGRESSOR NGB 	SEED: 473129


Best parameters: OrderedDict([('regressor__regressor__learning_rate', 0.05846422602972288), ('regressor__regressor__minibatch_frac', 1), ('regressor__regressor__n_estimators', 1950), ('regressor__regressor__natural_gradient', True), ('regressor__regressor__tol', 0.0004920810609582968), ('regressor__regressor__verbose', False)])





OPTIMIZING HYPERPARAMETERS FOR REGRESSOR NGB 	SEED: 473129


Best parameters: OrderedDict([('regressor__regressor__learning_rate', 0.1), ('regressor__regressor__minibatch_frac', 1), ('regressor__regressor__n_estimators', 1114), ('regressor__regressor__natural_gradient', True), ('regressor__regressor__tol', 1e-06), ('regressor__regressor__verbose', False)])





OPTIMIZING HYPERPARAMETERS FOR REGRESSOR NGB 	SEED: 473129


Best parameters: OrderedDict([('regressor__regressor__learning_rate', 0.060999144907568366), ('regressor__regressor__minibatch_frac', 1), ('regressor__regressor__n_estimators', 221), ('regressor__regressor__natural_gradient', True), ('regressor__regressor__tol', 3.0085784481661765e-06), ('regressor__regressor__verbose', False)])





OPTIMIZING HYPERPARAMETERS FOR REGRESSOR NGB 	SEED: 473129


Best parameters: OrderedDict([('regressor__regressor__learning_rate', 0.1), ('regressor__regressor__minibatch_frac', 1), ('regressor__regressor__n_estimators', 2000), ('regressor__regressor__natural_gradient', True), ('regressor__regressor__tol', 6.820312011273304e-05), ('regressor__regressor__verbose', False)])





OPTIMIZING HYPERPARAMETERS FOR REGRESSOR NGB 	SEED: 473129


Best parameters: OrderedDict([('regressor__regressor__learning_rate', 0.05257765766297507), ('regressor__regressor__minibatch_frac', 1), ('regressor__regressor__n_estimators', 1351), ('regressor__regressor__natural_gradient', True), ('regressor__regressor__tol', 1e-06), ('regressor__regressor__verbose', False)])


Average scores:	 r: 0.96±0.04	 r2: 0.91±0.08
Trimer_scaler
Filename: (Mordred-PDI-Mw-concentration-temperature-solvent dP-solvent dD-solvent dH)_NGB_mean_Standard
/gpfs_common/share03/ddomlab/sdehgha2/working-space/main/P1_pls-dataset/pls-dataset-space/PLS-Dataset/results/target_Rg/Trimer_scaler/(Mordred-PDI-Mw-concentration-temperature-solvent dP-solvent dD-solvent dH)_NGB_mean_Standard_scores.json
/gpfs_common/share03/ddomlab/sdehgha2/working-space/main/P1_pls-dataset/pls-dataset-space/PLS-Dataset/results/target_Rg/Trimer_scaler/(Mordred-PDI-Mw-concentration-temperature-solvent dP-solvent dD-solvent dH)_NGB_mean_Standard_predictions.csv
/gpfs_common/share03/ddomlab/sdehgha2/working-space/main/P1_pls-dataset/pls-dataset-space/PLS-Dataset/results/target_Rg/Trimer_scaler/(Mordred-PDI-Mw-concentration-temperature-solvent dP-solvent dD-solvent dH)_NGB_mean_Standard_shape.json
Done Saving scores!

------------------------------------------------------------
Sender: LSF System <lsfadmin@c202n08>
Subject: Job 143153: <NGB_Rg1 (nm)_Mordred_Standard_Trimer> in cluster <Hazel> Done

Job <NGB_Rg1 (nm)_Mordred_Standard_Trimer> was submitted from host <c202n08> by user <sdehgha2> in cluster <Hazel> at Fri Jan  3 01:46:45 2025
Job was executed on host(s) <6*c202n08>, in queue <single_chassis>, as user <sdehgha2> in cluster <Hazel> at Fri Jan  3 01:47:44 2025
</home/sdehgha2> was used as the home directory.
</share/ddomlab/sdehgha2/working-space/main/P1_pls-dataset/pls-dataset-space/PLS-Dataset/code_/training/hpc_submit_training_Rh> was used as the working directory.
Started at Fri Jan  3 01:47:44 2025
Terminated at Fri Jan  3 12:52:06 2025
Results reported at Fri Jan  3 12:52:06 2025

Your job looked like:

------------------------------------------------------------
# LSBATCH: User input



#BSUB -n 6
#BSUB -W 72:05
#BSUB -R span[hosts=1]
#BSUB -R "rusage[mem=16GB]"
#BSUB -J "NGB_Rg1 (nm)_Mordred_Standard_Trimer"  
#BSUB -o "/share/ddomlab/sdehgha2/working-space/main/P1_pls-dataset/pls-dataset-space/PLS-Dataset/results/NGB_Rg1 (nm)_Mordred_Standard_Trimer_20250102_full.out"
#BSUB -e "/share/ddomlab/sdehgha2/working-space/main/P1_pls-dataset/pls-dataset-space/PLS-Dataset/results/NGB_Rg1 (nm)_Mordred_Standard_Trimer_20250102_full.err"

source ~/.bashrc
conda activate /usr/local/usrapps/ddomlab/sdehgha2/pls-dataset-env
python ../train_structure_numerical.py --target_features "Rg1 (nm)"                                       --representation "Mordred"                                       --regressor_type "NGB"                                       --transform_type "Standard"                                       --oligomer_representation "Trimer"                                       --numerical_feats 'Mn (g/mol)' 'PDI' 'Mw (g/mol)' 'Concentration (mg/ml)' 'Temperature SANS/SLS/DLS/SEC (K)' 'solvent dP' 'solvent dD' 'solvent dH'                                       --columns_to_impute "PDI" "Temperature SANS/SLS/DLS/SEC (K)" "Concentration (mg/ml)"                                       --special_impute 'Mw (g/mol)'                                       --imputer mean 




------------------------------------------------------------

Successfully completed.

Resource usage summary:

    CPU time :                                   178206.00 sec.
    Max Memory :                                 6 GB
    Average Memory :                             5.91 GB
    Total Requested Memory :                     16.00 GB
    Delta Memory :                               10.00 GB
    Max Swap :                                   -
    Max Processes :                              30
    Max Threads :                                33
    Run time :                                   39890 sec.
    Turnaround time :                            39921 sec.

The output (if any) is above this job summary.



PS:

Read file </share/ddomlab/sdehgha2/working-space/main/P1_pls-dataset/pls-dataset-space/PLS-Dataset/results/NGB_Rg1 (nm)_Mordred_Standard_Trimer_20250102_full.err> for stderr output of this job.

