


OPTIMIZING HYPERPARAMETERS FOR REGRESSOR NGB 	SEED: 6


Best parameters: OrderedDict([('regressor__regressor__learning_rate', 0.1), ('regressor__regressor__minibatch_frac', 1), ('regressor__regressor__n_estimators', 96), ('regressor__regressor__natural_gradient', True), ('regressor__regressor__tol', 0.001), ('regressor__regressor__verbose', False)])





OPTIMIZING HYPERPARAMETERS FOR REGRESSOR NGB 	SEED: 6


Best parameters: OrderedDict([('regressor__regressor__learning_rate', 0.0009434526248471002), ('regressor__regressor__minibatch_frac', 1), ('regressor__regressor__n_estimators', 2000), ('regressor__regressor__natural_gradient', True), ('regressor__regressor__tol', 1e-06), ('regressor__regressor__verbose', False)])





OPTIMIZING HYPERPARAMETERS FOR REGRESSOR NGB 	SEED: 6


Best parameters: OrderedDict([('regressor__regressor__learning_rate', 0.0006190569113279409), ('regressor__regressor__minibatch_frac', 1), ('regressor__regressor__n_estimators', 2000), ('regressor__regressor__natural_gradient', True), ('regressor__regressor__tol', 1.7341909622385095e-06), ('regressor__regressor__verbose', False)])





OPTIMIZING HYPERPARAMETERS FOR REGRESSOR NGB 	SEED: 6


Best parameters: OrderedDict([('regressor__regressor__learning_rate', 0.078475162813721), ('regressor__regressor__minibatch_frac', 1), ('regressor__regressor__n_estimators', 847), ('regressor__regressor__natural_gradient', True), ('regressor__regressor__tol', 0.00036941418309087464), ('regressor__regressor__verbose', False)])





OPTIMIZING HYPERPARAMETERS FOR REGRESSOR NGB 	SEED: 6


Best parameters: OrderedDict([('regressor__regressor__learning_rate', 0.0221210756059984), ('regressor__regressor__minibatch_frac', 1), ('regressor__regressor__n_estimators', 677), ('regressor__regressor__natural_gradient', True), ('regressor__regressor__tol', 0.001), ('regressor__regressor__verbose', False)])





OPTIMIZING HYPERPARAMETERS FOR REGRESSOR NGB 	SEED: 13


Best parameters: OrderedDict([('regressor__regressor__learning_rate', 0.1), ('regressor__regressor__minibatch_frac', 1), ('regressor__regressor__n_estimators', 2000), ('regressor__regressor__natural_gradient', True), ('regressor__regressor__tol', 1.358120825429772e-05), ('regressor__regressor__verbose', False)])





OPTIMIZING HYPERPARAMETERS FOR REGRESSOR NGB 	SEED: 13


Best parameters: OrderedDict([('regressor__regressor__learning_rate', 0.000994870856070068), ('regressor__regressor__minibatch_frac', 1), ('regressor__regressor__n_estimators', 345), ('regressor__regressor__natural_gradient', True), ('regressor__regressor__tol', 1.140916097932066e-06), ('regressor__regressor__verbose', False)])





OPTIMIZING HYPERPARAMETERS FOR REGRESSOR NGB 	SEED: 13


Best parameters: OrderedDict([('regressor__regressor__learning_rate', 0.001448411013715708), ('regressor__regressor__minibatch_frac', 1), ('regressor__regressor__n_estimators', 2000), ('regressor__regressor__natural_gradient', True), ('regressor__regressor__tol', 1e-06), ('regressor__regressor__verbose', False)])





OPTIMIZING HYPERPARAMETERS FOR REGRESSOR NGB 	SEED: 13


Best parameters: OrderedDict([('regressor__regressor__learning_rate', 0.06374442955474419), ('regressor__regressor__minibatch_frac', 1), ('regressor__regressor__n_estimators', 340), ('regressor__regressor__natural_gradient', True), ('regressor__regressor__tol', 1.6910242436900879e-06), ('regressor__regressor__verbose', False)])





OPTIMIZING HYPERPARAMETERS FOR REGRESSOR NGB 	SEED: 13


Best parameters: OrderedDict([('regressor__regressor__learning_rate', 0.017310116896935037), ('regressor__regressor__minibatch_frac', 1), ('regressor__regressor__n_estimators', 148), ('regressor__regressor__natural_gradient', True), ('regressor__regressor__tol', 1.376384670598393e-05), ('regressor__regressor__verbose', False)])





OPTIMIZING HYPERPARAMETERS FOR REGRESSOR NGB 	SEED: 42


Best parameters: OrderedDict([('regressor__regressor__learning_rate', 0.09434331741418008), ('regressor__regressor__minibatch_frac', 1), ('regressor__regressor__n_estimators', 1974), ('regressor__regressor__natural_gradient', True), ('regressor__regressor__tol', 3.591823384509789e-05), ('regressor__regressor__verbose', False)])





OPTIMIZING HYPERPARAMETERS FOR REGRESSOR NGB 	SEED: 42


Best parameters: OrderedDict([('regressor__regressor__learning_rate', 0.003991206391804175), ('regressor__regressor__minibatch_frac', 1), ('regressor__regressor__n_estimators', 448), ('regressor__regressor__natural_gradient', True), ('regressor__regressor__tol', 1e-06), ('regressor__regressor__verbose', False)])





OPTIMIZING HYPERPARAMETERS FOR REGRESSOR NGB 	SEED: 42


Best parameters: OrderedDict([('regressor__regressor__learning_rate', 0.0335377039725582), ('regressor__regressor__minibatch_frac', 1), ('regressor__regressor__n_estimators', 50), ('regressor__regressor__natural_gradient', True), ('regressor__regressor__tol', 1e-06), ('regressor__regressor__verbose', False)])





OPTIMIZING HYPERPARAMETERS FOR REGRESSOR NGB 	SEED: 42


Best parameters: OrderedDict([('regressor__regressor__learning_rate', 0.0009807582386775558), ('regressor__regressor__minibatch_frac', 1), ('regressor__regressor__n_estimators', 2000), ('regressor__regressor__natural_gradient', True), ('regressor__regressor__tol', 1e-06), ('regressor__regressor__verbose', False)])





OPTIMIZING HYPERPARAMETERS FOR REGRESSOR NGB 	SEED: 42


Best parameters: OrderedDict([('regressor__regressor__learning_rate', 0.00036323345198872355), ('regressor__regressor__minibatch_frac', 1), ('regressor__regressor__n_estimators', 2000), ('regressor__regressor__natural_gradient', True), ('regressor__regressor__tol', 1e-06), ('regressor__regressor__verbose', False)])





OPTIMIZING HYPERPARAMETERS FOR REGRESSOR NGB 	SEED: 69


Best parameters: OrderedDict([('regressor__regressor__learning_rate', 0.019034519745595863), ('regressor__regressor__minibatch_frac', 1), ('regressor__regressor__n_estimators', 1381), ('regressor__regressor__natural_gradient', True), ('regressor__regressor__tol', 0.001), ('regressor__regressor__verbose', False)])





OPTIMIZING HYPERPARAMETERS FOR REGRESSOR NGB 	SEED: 69


Best parameters: OrderedDict([('regressor__regressor__learning_rate', 0.1), ('regressor__regressor__minibatch_frac', 1), ('regressor__regressor__n_estimators', 2000), ('regressor__regressor__natural_gradient', True), ('regressor__regressor__tol', 2.770072543952248e-05), ('regressor__regressor__verbose', False)])





OPTIMIZING HYPERPARAMETERS FOR REGRESSOR NGB 	SEED: 69


Best parameters: OrderedDict([('regressor__regressor__learning_rate', 0.0027639640105435264), ('regressor__regressor__minibatch_frac', 1), ('regressor__regressor__n_estimators', 50), ('regressor__regressor__natural_gradient', True), ('regressor__regressor__tol', 0.001), ('regressor__regressor__verbose', False)])





OPTIMIZING HYPERPARAMETERS FOR REGRESSOR NGB 	SEED: 69


Best parameters: OrderedDict([('regressor__regressor__learning_rate', 0.030269189434644343), ('regressor__regressor__minibatch_frac', 1), ('regressor__regressor__n_estimators', 60), ('regressor__regressor__natural_gradient', True), ('regressor__regressor__tol', 0.00033130979953809503), ('regressor__regressor__verbose', False)])





OPTIMIZING HYPERPARAMETERS FOR REGRESSOR NGB 	SEED: 69


Best parameters: OrderedDict([('regressor__regressor__learning_rate', 0.0013437904402766744), ('regressor__regressor__minibatch_frac', 1), ('regressor__regressor__n_estimators', 473), ('regressor__regressor__natural_gradient', True), ('regressor__regressor__tol', 1e-06), ('regressor__regressor__verbose', False)])





OPTIMIZING HYPERPARAMETERS FOR REGRESSOR NGB 	SEED: 420


Best parameters: OrderedDict([('regressor__regressor__learning_rate', 0.1), ('regressor__regressor__minibatch_frac', 1), ('regressor__regressor__n_estimators', 50), ('regressor__regressor__natural_gradient', True), ('regressor__regressor__tol', 1e-06), ('regressor__regressor__verbose', False)])





OPTIMIZING HYPERPARAMETERS FOR REGRESSOR NGB 	SEED: 420


Best parameters: OrderedDict([('regressor__regressor__learning_rate', 0.048919434890587914), ('regressor__regressor__minibatch_frac', 1), ('regressor__regressor__n_estimators', 280), ('regressor__regressor__natural_gradient', True), ('regressor__regressor__tol', 1.3324896587986959e-05), ('regressor__regressor__verbose', False)])





OPTIMIZING HYPERPARAMETERS FOR REGRESSOR NGB 	SEED: 420


Best parameters: OrderedDict([('regressor__regressor__learning_rate', 0.01375475855957231), ('regressor__regressor__minibatch_frac', 1), ('regressor__regressor__n_estimators', 2000), ('regressor__regressor__natural_gradient', True), ('regressor__regressor__tol', 0.001), ('regressor__regressor__verbose', False)])





OPTIMIZING HYPERPARAMETERS FOR REGRESSOR NGB 	SEED: 420


Best parameters: OrderedDict([('regressor__regressor__learning_rate', 0.013163544644680879), ('regressor__regressor__minibatch_frac', 1), ('regressor__regressor__n_estimators', 418), ('regressor__regressor__natural_gradient', True), ('regressor__regressor__tol', 1e-06), ('regressor__regressor__verbose', False)])





OPTIMIZING HYPERPARAMETERS FOR REGRESSOR NGB 	SEED: 420


Best parameters: OrderedDict([('regressor__regressor__learning_rate', 0.015308420876121994), ('regressor__regressor__minibatch_frac', 1), ('regressor__regressor__n_estimators', 2000), ('regressor__regressor__natural_gradient', True), ('regressor__regressor__tol', 0.001), ('regressor__regressor__verbose', False)])





OPTIMIZING HYPERPARAMETERS FOR REGRESSOR NGB 	SEED: 1234567890


Best parameters: OrderedDict([('regressor__regressor__learning_rate', 0.022925571942617837), ('regressor__regressor__minibatch_frac', 1), ('regressor__regressor__n_estimators', 704), ('regressor__regressor__natural_gradient', True), ('regressor__regressor__tol', 1.4237201005283932e-06), ('regressor__regressor__verbose', False)])





OPTIMIZING HYPERPARAMETERS FOR REGRESSOR NGB 	SEED: 1234567890


Best parameters: OrderedDict([('regressor__regressor__learning_rate', 0.0003911683398469311), ('regressor__regressor__minibatch_frac', 1), ('regressor__regressor__n_estimators', 1843), ('regressor__regressor__natural_gradient', True), ('regressor__regressor__tol', 0.00035945345492251505), ('regressor__regressor__verbose', False)])





OPTIMIZING HYPERPARAMETERS FOR REGRESSOR NGB 	SEED: 1234567890


Best parameters: OrderedDict([('regressor__regressor__learning_rate', 0.008116052881246316), ('regressor__regressor__minibatch_frac', 1), ('regressor__regressor__n_estimators', 102), ('regressor__regressor__natural_gradient', True), ('regressor__regressor__tol', 0.001), ('regressor__regressor__verbose', False)])





OPTIMIZING HYPERPARAMETERS FOR REGRESSOR NGB 	SEED: 1234567890


Best parameters: OrderedDict([('regressor__regressor__learning_rate', 0.1), ('regressor__regressor__minibatch_frac', 1), ('regressor__regressor__n_estimators', 64), ('regressor__regressor__natural_gradient', True), ('regressor__regressor__tol', 0.001), ('regressor__regressor__verbose', False)])





OPTIMIZING HYPERPARAMETERS FOR REGRESSOR NGB 	SEED: 1234567890


Best parameters: OrderedDict([('regressor__regressor__learning_rate', 0.008392468183437547), ('regressor__regressor__minibatch_frac', 1), ('regressor__regressor__n_estimators', 800), ('regressor__regressor__natural_gradient', True), ('regressor__regressor__tol', 3.2592801355163077e-05), ('regressor__regressor__verbose', False)])





OPTIMIZING HYPERPARAMETERS FOR REGRESSOR NGB 	SEED: 473129


Best parameters: OrderedDict([('regressor__regressor__learning_rate', 0.1), ('regressor__regressor__minibatch_frac', 1), ('regressor__regressor__n_estimators', 113), ('regressor__regressor__natural_gradient', True), ('regressor__regressor__tol', 0.001), ('regressor__regressor__verbose', False)])





OPTIMIZING HYPERPARAMETERS FOR REGRESSOR NGB 	SEED: 473129


Best parameters: OrderedDict([('regressor__regressor__learning_rate', 0.1), ('regressor__regressor__minibatch_frac', 1), ('regressor__regressor__n_estimators', 718), ('regressor__regressor__natural_gradient', True), ('regressor__regressor__tol', 0.00011691523425130469), ('regressor__regressor__verbose', False)])





OPTIMIZING HYPERPARAMETERS FOR REGRESSOR NGB 	SEED: 473129


Best parameters: OrderedDict([('regressor__regressor__learning_rate', 0.0031872337917943365), ('regressor__regressor__minibatch_frac', 1), ('regressor__regressor__n_estimators', 515), ('regressor__regressor__natural_gradient', True), ('regressor__regressor__tol', 0.001), ('regressor__regressor__verbose', False)])





OPTIMIZING HYPERPARAMETERS FOR REGRESSOR NGB 	SEED: 473129


Best parameters: OrderedDict([('regressor__regressor__learning_rate', 0.006058841238225416), ('regressor__regressor__minibatch_frac', 1), ('regressor__regressor__n_estimators', 179), ('regressor__regressor__natural_gradient', True), ('regressor__regressor__tol', 0.00014862745018686505), ('regressor__regressor__verbose', False)])





OPTIMIZING HYPERPARAMETERS FOR REGRESSOR NGB 	SEED: 473129


Best parameters: OrderedDict([('regressor__regressor__learning_rate', 0.05274994728830615), ('regressor__regressor__minibatch_frac', 1), ('regressor__regressor__n_estimators', 50), ('regressor__regressor__natural_gradient', True), ('regressor__regressor__tol', 1e-06), ('regressor__regressor__verbose', False)])


Average scores:	 r: 0.28±0.31	 r2: -0.31±1.55
Dimer_scaler
Filename: (MACCS-PDI-Mw-concentration-temperature-polymer dP-polymer dD-polymer dH-solvent dP-solvent dD-solvent dH)_NGB_mean_Standard
/gpfs_common/share03/ddomlab/sdehgha2/working-space/main/P1_pls-dataset/pls-dataset-space/PLS-Dataset/results/target_Rh/Dimer_scaler/(MACCS-PDI-Mw-concentration-temperature-polymer dP-polymer dD-polymer dH-solvent dP-solvent dD-solvent dH)_NGB_mean_Standard_scores.json
/gpfs_common/share03/ddomlab/sdehgha2/working-space/main/P1_pls-dataset/pls-dataset-space/PLS-Dataset/results/target_Rh/Dimer_scaler/(MACCS-PDI-Mw-concentration-temperature-polymer dP-polymer dD-polymer dH-solvent dP-solvent dD-solvent dH)_NGB_mean_Standard_predictions.csv
/gpfs_common/share03/ddomlab/sdehgha2/working-space/main/P1_pls-dataset/pls-dataset-space/PLS-Dataset/results/target_Rh/Dimer_scaler/(MACCS-PDI-Mw-concentration-temperature-polymer dP-polymer dD-polymer dH-solvent dP-solvent dD-solvent dH)_NGB_mean_Standard_shape.json
Done Saving scores!

------------------------------------------------------------
Sender: LSF System <lsfadmin@c207n05>
Subject: Job 145670: <NGB_Rh (IW avg log)_MACCS_Standard_Dimer> in cluster <Hazel> Done

Job <NGB_Rh (IW avg log)_MACCS_Standard_Dimer> was submitted from host <c036n01> by user <sdehgha2> in cluster <Hazel> at Fri Jan  3 15:48:17 2025
Job was executed on host(s) <6*c207n05>, in queue <single_chassis>, as user <sdehgha2> in cluster <Hazel> at Fri Jan  3 15:48:18 2025
</home/sdehgha2> was used as the home directory.
</share/ddomlab/sdehgha2/working-space/main/P1_pls-dataset/pls-dataset-space/PLS-Dataset/code_/training/hpc_submit_training_Rh> was used as the working directory.
Started at Fri Jan  3 15:48:18 2025
Terminated at Fri Jan  3 20:24:16 2025
Results reported at Fri Jan  3 20:24:16 2025

Your job looked like:

------------------------------------------------------------
# LSBATCH: User input



#BSUB -n 6
#BSUB -W 72:05
#BSUB -R span[hosts=1]
#BSUB -R "rusage[mem=16GB]"
#BSUB -J "NGB_Rh (IW avg log)_MACCS_Standard_Dimer"  
#BSUB -o "/share/ddomlab/sdehgha2/working-space/main/P1_pls-dataset/pls-dataset-space/PLS-Dataset/results/NGB_Rh (IW avg log)_MACCS_Standard_Dimer_20250103_full.out"
#BSUB -e "/share/ddomlab/sdehgha2/working-space/main/P1_pls-dataset/pls-dataset-space/PLS-Dataset/results/NGB_Rh (IW avg log)_MACCS_Standard_Dimer_20250103_full.err"

source ~/.bashrc
conda activate /usr/local/usrapps/ddomlab/sdehgha2/pls-dataset-env
python ../train_structure_numerical.py --target_features "Rh (IW avg log)"                                       --representation "MACCS"                                       --regressor_type "NGB"                                       --transform_type "Standard"                                       --oligomer_representation "Dimer"                                       --numerical_feats 'Mn (g/mol)' 'PDI' 'Mw (g/mol)' 'Concentration (mg/ml)' 'Temperature SANS/SLS/DLS/SEC (K)' "polymer dP" "polymer dD" "polymer dH" 'solvent dP' 'solvent dD' 'solvent dH'                                       --columns_to_impute "PDI" "Temperature SANS/SLS/DLS/SEC (K)" "Concentration (mg/ml)"                                       --special_impute 'Mw (g/mol)'                                       --imputer mean 




------------------------------------------------------------

Successfully completed.

Resource usage summary:

    CPU time :                                   69523.08 sec.
    Max Memory :                                 5 GB
    Average Memory :                             4.56 GB
    Total Requested Memory :                     16.00 GB
    Delta Memory :                               11.00 GB
    Max Swap :                                   -
    Max Processes :                              26
    Max Threads :                                29
    Run time :                                   16580 sec.
    Turnaround time :                            16559 sec.

The output (if any) is above this job summary.



PS:

Read file </share/ddomlab/sdehgha2/working-space/main/P1_pls-dataset/pls-dataset-space/PLS-Dataset/results/NGB_Rh (IW avg log)_MACCS_Standard_Dimer_20250103_full.err> for stderr output of this job.

