


OPTIMIZING HYPERPARAMETERS FOR REGRESSOR NGB 	SEED: 6


Best parameters: OrderedDict([('regressor__regressor__learning_rate', 0.0469157525012998), ('regressor__regressor__minibatch_frac', 1), ('regressor__regressor__n_estimators', 887), ('regressor__regressor__natural_gradient', True), ('regressor__regressor__tol', 1e-06), ('regressor__regressor__verbose', False)])





OPTIMIZING HYPERPARAMETERS FOR REGRESSOR NGB 	SEED: 6


Best parameters: OrderedDict([('regressor__regressor__learning_rate', 0.038421148378453646), ('regressor__regressor__minibatch_frac', 1), ('regressor__regressor__n_estimators', 1185), ('regressor__regressor__natural_gradient', True), ('regressor__regressor__tol', 0.001), ('regressor__regressor__verbose', False)])





OPTIMIZING HYPERPARAMETERS FOR REGRESSOR NGB 	SEED: 6


Best parameters: OrderedDict([('regressor__regressor__learning_rate', 0.1), ('regressor__regressor__minibatch_frac', 1), ('regressor__regressor__n_estimators', 493), ('regressor__regressor__natural_gradient', True), ('regressor__regressor__tol', 1e-06), ('regressor__regressor__verbose', False)])





OPTIMIZING HYPERPARAMETERS FOR REGRESSOR NGB 	SEED: 6


Best parameters: OrderedDict([('regressor__regressor__learning_rate', 0.059401332219750226), ('regressor__regressor__minibatch_frac', 1), ('regressor__regressor__n_estimators', 445), ('regressor__regressor__natural_gradient', True), ('regressor__regressor__tol', 2.4412917932345125e-06), ('regressor__regressor__verbose', False)])





OPTIMIZING HYPERPARAMETERS FOR REGRESSOR NGB 	SEED: 6


Best parameters: OrderedDict([('regressor__regressor__learning_rate', 0.1), ('regressor__regressor__minibatch_frac', 1), ('regressor__regressor__n_estimators', 2000), ('regressor__regressor__natural_gradient', True), ('regressor__regressor__tol', 1e-06), ('regressor__regressor__verbose', False)])





OPTIMIZING HYPERPARAMETERS FOR REGRESSOR NGB 	SEED: 13


Best parameters: OrderedDict([('regressor__regressor__learning_rate', 0.09796892139224889), ('regressor__regressor__minibatch_frac', 1), ('regressor__regressor__n_estimators', 1922), ('regressor__regressor__natural_gradient', True), ('regressor__regressor__tol', 7.197011403578651e-06), ('regressor__regressor__verbose', False)])





OPTIMIZING HYPERPARAMETERS FOR REGRESSOR NGB 	SEED: 13


Best parameters: OrderedDict([('regressor__regressor__learning_rate', 0.03065833684493647), ('regressor__regressor__minibatch_frac', 1), ('regressor__regressor__n_estimators', 496), ('regressor__regressor__natural_gradient', True), ('regressor__regressor__tol', 0.001), ('regressor__regressor__verbose', False)])





OPTIMIZING HYPERPARAMETERS FOR REGRESSOR NGB 	SEED: 13


Best parameters: OrderedDict([('regressor__regressor__learning_rate', 0.09702917743568192), ('regressor__regressor__minibatch_frac', 1), ('regressor__regressor__n_estimators', 2000), ('regressor__regressor__natural_gradient', True), ('regressor__regressor__tol', 1e-06), ('regressor__regressor__verbose', False)])





OPTIMIZING HYPERPARAMETERS FOR REGRESSOR NGB 	SEED: 13


Best parameters: OrderedDict([('regressor__regressor__learning_rate', 0.010722451415643494), ('regressor__regressor__minibatch_frac', 1), ('regressor__regressor__n_estimators', 2000), ('regressor__regressor__natural_gradient', True), ('regressor__regressor__tol', 0.001), ('regressor__regressor__verbose', False)])





OPTIMIZING HYPERPARAMETERS FOR REGRESSOR NGB 	SEED: 13


Best parameters: OrderedDict([('regressor__regressor__learning_rate', 0.1), ('regressor__regressor__minibatch_frac', 1), ('regressor__regressor__n_estimators', 712), ('regressor__regressor__natural_gradient', True), ('regressor__regressor__tol', 0.0003155461450157462), ('regressor__regressor__verbose', False)])





OPTIMIZING HYPERPARAMETERS FOR REGRESSOR NGB 	SEED: 42


Best parameters: OrderedDict([('regressor__regressor__learning_rate', 0.07354623865331038), ('regressor__regressor__minibatch_frac', 1), ('regressor__regressor__n_estimators', 219), ('regressor__regressor__natural_gradient', True), ('regressor__regressor__tol', 1e-06), ('regressor__regressor__verbose', False)])





OPTIMIZING HYPERPARAMETERS FOR REGRESSOR NGB 	SEED: 42


Best parameters: OrderedDict([('regressor__regressor__learning_rate', 0.0046788604247112444), ('regressor__regressor__minibatch_frac', 1), ('regressor__regressor__n_estimators', 91), ('regressor__regressor__natural_gradient', True), ('regressor__regressor__tol', 0.00025206334448741734), ('regressor__regressor__verbose', False)])





OPTIMIZING HYPERPARAMETERS FOR REGRESSOR NGB 	SEED: 42


Best parameters: OrderedDict([('regressor__regressor__learning_rate', 0.1), ('regressor__regressor__minibatch_frac', 1), ('regressor__regressor__n_estimators', 2000), ('regressor__regressor__natural_gradient', True), ('regressor__regressor__tol', 1.8452048419921767e-06), ('regressor__regressor__verbose', False)])





OPTIMIZING HYPERPARAMETERS FOR REGRESSOR NGB 	SEED: 42


Best parameters: OrderedDict([('regressor__regressor__learning_rate', 0.09600599362708005), ('regressor__regressor__minibatch_frac', 1), ('regressor__regressor__n_estimators', 735), ('regressor__regressor__natural_gradient', True), ('regressor__regressor__tol', 0.0009201166977868574), ('regressor__regressor__verbose', False)])





OPTIMIZING HYPERPARAMETERS FOR REGRESSOR NGB 	SEED: 42


Best parameters: OrderedDict([('regressor__regressor__learning_rate', 0.1), ('regressor__regressor__minibatch_frac', 1), ('regressor__regressor__n_estimators', 2000), ('regressor__regressor__natural_gradient', True), ('regressor__regressor__tol', 0.001), ('regressor__regressor__verbose', False)])





OPTIMIZING HYPERPARAMETERS FOR REGRESSOR NGB 	SEED: 69


Best parameters: OrderedDict([('regressor__regressor__learning_rate', 0.058623805235017604), ('regressor__regressor__minibatch_frac', 1), ('regressor__regressor__n_estimators', 1996), ('regressor__regressor__natural_gradient', True), ('regressor__regressor__tol', 0.0008981480127036584), ('regressor__regressor__verbose', False)])





OPTIMIZING HYPERPARAMETERS FOR REGRESSOR NGB 	SEED: 69


Best parameters: OrderedDict([('regressor__regressor__learning_rate', 0.06382349738600235), ('regressor__regressor__minibatch_frac', 1), ('regressor__regressor__n_estimators', 880), ('regressor__regressor__natural_gradient', True), ('regressor__regressor__tol', 0.001), ('regressor__regressor__verbose', False)])





OPTIMIZING HYPERPARAMETERS FOR REGRESSOR NGB 	SEED: 69


Best parameters: OrderedDict([('regressor__regressor__learning_rate', 0.04310405198187185), ('regressor__regressor__minibatch_frac', 1), ('regressor__regressor__n_estimators', 2000), ('regressor__regressor__natural_gradient', True), ('regressor__regressor__tol', 1e-06), ('regressor__regressor__verbose', False)])





OPTIMIZING HYPERPARAMETERS FOR REGRESSOR NGB 	SEED: 69


Best parameters: OrderedDict([('regressor__regressor__learning_rate', 0.1), ('regressor__regressor__minibatch_frac', 1), ('regressor__regressor__n_estimators', 2000), ('regressor__regressor__natural_gradient', True), ('regressor__regressor__tol', 0.001), ('regressor__regressor__verbose', False)])





OPTIMIZING HYPERPARAMETERS FOR REGRESSOR NGB 	SEED: 69


Best parameters: OrderedDict([('regressor__regressor__learning_rate', 0.1), ('regressor__regressor__minibatch_frac', 1), ('regressor__regressor__n_estimators', 2000), ('regressor__regressor__natural_gradient', True), ('regressor__regressor__tol', 0.001), ('regressor__regressor__verbose', False)])





OPTIMIZING HYPERPARAMETERS FOR REGRESSOR NGB 	SEED: 420


Best parameters: OrderedDict([('regressor__regressor__learning_rate', 0.0949142738376624), ('regressor__regressor__minibatch_frac', 1), ('regressor__regressor__n_estimators', 2000), ('regressor__regressor__natural_gradient', True), ('regressor__regressor__tol', 0.00011952783618351201), ('regressor__regressor__verbose', False)])





OPTIMIZING HYPERPARAMETERS FOR REGRESSOR NGB 	SEED: 420


Best parameters: OrderedDict([('regressor__regressor__learning_rate', 0.04543389677657349), ('regressor__regressor__minibatch_frac', 1), ('regressor__regressor__n_estimators', 2000), ('regressor__regressor__natural_gradient', True), ('regressor__regressor__tol', 0.0009411737405470882), ('regressor__regressor__verbose', False)])





OPTIMIZING HYPERPARAMETERS FOR REGRESSOR NGB 	SEED: 420


Best parameters: OrderedDict([('regressor__regressor__learning_rate', 0.1), ('regressor__regressor__minibatch_frac', 1), ('regressor__regressor__n_estimators', 2000), ('regressor__regressor__natural_gradient', True), ('regressor__regressor__tol', 0.001), ('regressor__regressor__verbose', False)])





OPTIMIZING HYPERPARAMETERS FOR REGRESSOR NGB 	SEED: 420


Best parameters: OrderedDict([('regressor__regressor__learning_rate', 0.1), ('regressor__regressor__minibatch_frac', 1), ('regressor__regressor__n_estimators', 2000), ('regressor__regressor__natural_gradient', True), ('regressor__regressor__tol', 1e-06), ('regressor__regressor__verbose', False)])





OPTIMIZING HYPERPARAMETERS FOR REGRESSOR NGB 	SEED: 420


Best parameters: OrderedDict([('regressor__regressor__learning_rate', 0.008236586520742094), ('regressor__regressor__minibatch_frac', 1), ('regressor__regressor__n_estimators', 2000), ('regressor__regressor__natural_gradient', True), ('regressor__regressor__tol', 1e-06), ('regressor__regressor__verbose', False)])





OPTIMIZING HYPERPARAMETERS FOR REGRESSOR NGB 	SEED: 1234567890


Best parameters: OrderedDict([('regressor__regressor__learning_rate', 0.06714782687467566), ('regressor__regressor__minibatch_frac', 1), ('regressor__regressor__n_estimators', 2000), ('regressor__regressor__natural_gradient', True), ('regressor__regressor__tol', 0.001), ('regressor__regressor__verbose', False)])





OPTIMIZING HYPERPARAMETERS FOR REGRESSOR NGB 	SEED: 1234567890


Best parameters: OrderedDict([('regressor__regressor__learning_rate', 0.1), ('regressor__regressor__minibatch_frac', 1), ('regressor__regressor__n_estimators', 2000), ('regressor__regressor__natural_gradient', True), ('regressor__regressor__tol', 1e-06), ('regressor__regressor__verbose', False)])





OPTIMIZING HYPERPARAMETERS FOR REGRESSOR NGB 	SEED: 1234567890


Best parameters: OrderedDict([('regressor__regressor__learning_rate', 0.1), ('regressor__regressor__minibatch_frac', 1), ('regressor__regressor__n_estimators', 173), ('regressor__regressor__natural_gradient', True), ('regressor__regressor__tol', 1e-06), ('regressor__regressor__verbose', False)])





OPTIMIZING HYPERPARAMETERS FOR REGRESSOR NGB 	SEED: 1234567890


Best parameters: OrderedDict([('regressor__regressor__learning_rate', 0.03652395779388266), ('regressor__regressor__minibatch_frac', 1), ('regressor__regressor__n_estimators', 992), ('regressor__regressor__natural_gradient', True), ('regressor__regressor__tol', 1e-06), ('regressor__regressor__verbose', False)])





OPTIMIZING HYPERPARAMETERS FOR REGRESSOR NGB 	SEED: 1234567890


Best parameters: OrderedDict([('regressor__regressor__learning_rate', 0.1), ('regressor__regressor__minibatch_frac', 1), ('regressor__regressor__n_estimators', 2000), ('regressor__regressor__natural_gradient', True), ('regressor__regressor__tol', 0.001), ('regressor__regressor__verbose', False)])





OPTIMIZING HYPERPARAMETERS FOR REGRESSOR NGB 	SEED: 473129


Best parameters: OrderedDict([('regressor__regressor__learning_rate', 0.05382161330978595), ('regressor__regressor__minibatch_frac', 1), ('regressor__regressor__n_estimators', 234), ('regressor__regressor__natural_gradient', True), ('regressor__regressor__tol', 0.001), ('regressor__regressor__verbose', False)])





OPTIMIZING HYPERPARAMETERS FOR REGRESSOR NGB 	SEED: 473129


Best parameters: OrderedDict([('regressor__regressor__learning_rate', 0.1), ('regressor__regressor__minibatch_frac', 1), ('regressor__regressor__n_estimators', 588), ('regressor__regressor__natural_gradient', True), ('regressor__regressor__tol', 1e-06), ('regressor__regressor__verbose', False)])





OPTIMIZING HYPERPARAMETERS FOR REGRESSOR NGB 	SEED: 473129


Best parameters: OrderedDict([('regressor__regressor__learning_rate', 0.1), ('regressor__regressor__minibatch_frac', 1), ('regressor__regressor__n_estimators', 360), ('regressor__regressor__natural_gradient', True), ('regressor__regressor__tol', 1e-06), ('regressor__regressor__verbose', False)])





OPTIMIZING HYPERPARAMETERS FOR REGRESSOR NGB 	SEED: 473129


Best parameters: OrderedDict([('regressor__regressor__learning_rate', 0.06399115451548577), ('regressor__regressor__minibatch_frac', 1), ('regressor__regressor__n_estimators', 1073), ('regressor__regressor__natural_gradient', True), ('regressor__regressor__tol', 0.001), ('regressor__regressor__verbose', False)])





OPTIMIZING HYPERPARAMETERS FOR REGRESSOR NGB 	SEED: 473129


Best parameters: OrderedDict([('regressor__regressor__learning_rate', 0.08118857272156647), ('regressor__regressor__minibatch_frac', 1), ('regressor__regressor__n_estimators', 121), ('regressor__regressor__natural_gradient', True), ('regressor__regressor__tol', 1.0212390542656597e-06), ('regressor__regressor__verbose', False)])


Average scores:	 r: 0.95±0.04	 r2: 0.9±0.1
RRU Trimer_scaler
Filename: (Mordred-PDI-Mw-concentration-temperature-polymer dP-polymer dD-polymer dH-solvent dP-solvent dD-solvent dH)_NGB_mean_Standard
/gpfs_common/share03/ddomlab/sdehgha2/working-space/main/P1_pls-dataset/pls-dataset-space/PLS-Dataset/results/target_Rg/RRU Trimer_scaler/(Mordred-PDI-Mw-concentration-temperature-polymer dP-polymer dD-polymer dH-solvent dP-solvent dD-solvent dH)_NGB_mean_Standard_scores.json
/gpfs_common/share03/ddomlab/sdehgha2/working-space/main/P1_pls-dataset/pls-dataset-space/PLS-Dataset/results/target_Rg/RRU Trimer_scaler/(Mordred-PDI-Mw-concentration-temperature-polymer dP-polymer dD-polymer dH-solvent dP-solvent dD-solvent dH)_NGB_mean_Standard_predictions.csv
/gpfs_common/share03/ddomlab/sdehgha2/working-space/main/P1_pls-dataset/pls-dataset-space/PLS-Dataset/results/target_Rg/RRU Trimer_scaler/(Mordred-PDI-Mw-concentration-temperature-polymer dP-polymer dD-polymer dH-solvent dP-solvent dD-solvent dH)_NGB_mean_Standard_shape.json
Done Saving scores!

------------------------------------------------------------
Sender: LSF System <lsfadmin@c205n10>
Subject: Job 145643: <NGB_Rg1 (nm)_Mordred_Standard_RRU Trimer> in cluster <Hazel> Done

Job <NGB_Rg1 (nm)_Mordred_Standard_RRU Trimer> was submitted from host <c040n03> by user <sdehgha2> in cluster <Hazel> at Fri Jan  3 15:46:51 2025
Job was executed on host(s) <6*c205n10>, in queue <single_chassis>, as user <sdehgha2> in cluster <Hazel> at Fri Jan  3 15:46:52 2025
</home/sdehgha2> was used as the home directory.
</share/ddomlab/sdehgha2/working-space/main/P1_pls-dataset/pls-dataset-space/PLS-Dataset/code_/training/hpc_submit_training_Rh> was used as the working directory.
Started at Fri Jan  3 15:46:52 2025
Terminated at Sat Jan  4 07:22:17 2025
Results reported at Sat Jan  4 07:22:17 2025

Your job looked like:

------------------------------------------------------------
# LSBATCH: User input



#BSUB -n 6
#BSUB -W 72:05
#BSUB -R span[hosts=1]
#BSUB -R "rusage[mem=16GB]"
#BSUB -J "NGB_Rg1 (nm)_Mordred_Standard_RRU Trimer"  
#BSUB -o "/share/ddomlab/sdehgha2/working-space/main/P1_pls-dataset/pls-dataset-space/PLS-Dataset/results/NGB_Rg1 (nm)_Mordred_Standard_RRU Trimer_20250103_full.out"
#BSUB -e "/share/ddomlab/sdehgha2/working-space/main/P1_pls-dataset/pls-dataset-space/PLS-Dataset/results/NGB_Rg1 (nm)_Mordred_Standard_RRU Trimer_20250103_full.err"

source ~/.bashrc
conda activate /usr/local/usrapps/ddomlab/sdehgha2/pls-dataset-env
python ../train_structure_numerical.py --target_features "Rg1 (nm)"                                       --representation "Mordred"                                       --regressor_type "NGB"                                       --transform_type "Standard"                                       --oligomer_representation "RRU Trimer"                                       --numerical_feats 'Mn (g/mol)' 'PDI' 'Mw (g/mol)' 'Concentration (mg/ml)' 'Temperature SANS/SLS/DLS/SEC (K)' "polymer dP" "polymer dD" "polymer dH" 'solvent dP' 'solvent dD' 'solvent dH'                                       --columns_to_impute "PDI" "Temperature SANS/SLS/DLS/SEC (K)" "Concentration (mg/ml)"                                       --special_impute 'Mw (g/mol)'                                       --imputer mean 




------------------------------------------------------------

Successfully completed.

Resource usage summary:

    CPU time :                                   252675.00 sec.
    Max Memory :                                 6 GB
    Average Memory :                             5.87 GB
    Total Requested Memory :                     16.00 GB
    Delta Memory :                               10.00 GB
    Max Swap :                                   -
    Max Processes :                              30
    Max Threads :                                33
    Run time :                                   56149 sec.
    Turnaround time :                            56126 sec.

The output (if any) is above this job summary.



PS:

Read file </share/ddomlab/sdehgha2/working-space/main/P1_pls-dataset/pls-dataset-space/PLS-Dataset/results/NGB_Rg1 (nm)_Mordred_Standard_RRU Trimer_20250103_full.err> for stderr output of this job.

