
------------------------------------------------------------
Sender: LSF System <lsfadmin@c205n02>
Subject: Job 3760: <sklearn-GPR> in cluster <Hazel> Done

Job <sklearn-GPR> was submitted from host <c203n03> by user <sdehgha2> in cluster <Hazel> at Fri Jul 11 13:33:02 2025
Job was executed on host(s) <8*c205n02>, in queue <single_chassis>, as user <sdehgha2> in cluster <Hazel> at Fri Jul 11 13:33:04 2025
</home/sdehgha2> was used as the home directory.
</share/ddomlab/sdehgha2/working-space/main/P1_pls-dataset/pls-dataset-space/PLS-Dataset/code_/training/hpc_submit_training_Rh> was used as the working directory.
Started at Fri Jul 11 13:33:04 2025
Terminated at Fri Jul 11 13:33:11 2025
Results reported at Fri Jul 11 13:33:11 2025

Your job looked like:

------------------------------------------------------------
# LSBATCH: User input

#BSUB -n 8
#BSUB -W 30:01
#BSUB -R span[hosts=1]
#BSUB -R "rusage[mem=16GB]"
#BSUB -J "sklearn-GPR" 
#BSUB -o "/share/ddomlab/sdehgha2/working-space/main/P1_pls-dataset/pls-dataset-space/PLS-Dataset/results/numerical_feats_sklearn-GPR_matern_Standard.out"
#BSUB -e "/share/ddomlab/sdehgha2/working-space/main/P1_pls-dataset/pls-dataset-space/PLS-Dataset/results/numerical_feats_sklearn-GPR_matern_Standard.err"

source ~/.bashrc
conda activate /usr/local/usrapps/ddomlab/sdehgha2/pls-dataset-env
python ../train_numerical_only.py --target_features "log Rg (nm)"                                   --regressor_type "sklearn-GPR"                                   --kernel "matern"                                   --scaler "Standard"                                   --numerical_feats 'Xn' 'Mw (g/mol)' 'PDI' 'Concentration (mg/ml)' 'Temperature SANS/SLS/DLS/SEC (K)' "polymer dP" "polymer dD" "polymer dH" 'solvent dP' 'solvent dD' 'solvent dH'

conda deactivate


------------------------------------------------------------

Successfully completed.

Resource usage summary:

    CPU time :                                   3.81 sec.
    Max Memory :                                 -
    Average Memory :                             -
    Total Requested Memory :                     16.00 GB
    Delta Memory :                               -
    Max Swap :                                   -
    Max Processes :                              4
    Max Threads :                                5
    Run time :                                   34 sec.
    Turnaround time :                            9 sec.

The output (if any) is above this job summary.



PS:

Read file </share/ddomlab/sdehgha2/working-space/main/P1_pls-dataset/pls-dataset-space/PLS-Dataset/results/numerical_feats_sklearn-GPR_matern_Standard.err> for stderr output of this job.




OPTIMIZING HYPERPARAMETERS FOR REGRESSOR sklearn-GPR 	SEED: 6



OPTIMIZING HYPERPARAMETERS FOR REGRESSOR sklearn-GPR 	SEED: 6


Best parameters: OrderedDict([('regressor__regressor__kernel__length_scale', 0.548417047557039), ('regressor__regressor__kernel__nu', 0.5005961209902925), ('regressor__regressor__n_restarts_optimizer', 25)])





OPTIMIZING HYPERPARAMETERS FOR REGRESSOR sklearn-GPR 	SEED: 6


Best parameters: OrderedDict([('regressor__regressor__kernel__length_scale', 0.9003249107397354), ('regressor__regressor__kernel__nu', 0.5866066818939759), ('regressor__regressor__n_restarts_optimizer', 25)])





OPTIMIZING HYPERPARAMETERS FOR REGRESSOR sklearn-GPR 	SEED: 6


Best parameters: OrderedDict([('regressor__regressor__kernel__length_scale', 0.5093124481085447), ('regressor__regressor__kernel__nu', 0.5005047265441687), ('regressor__regressor__n_restarts_optimizer', 25)])





OPTIMIZING HYPERPARAMETERS FOR REGRESSOR sklearn-GPR 	SEED: 6


Best parameters: OrderedDict([('regressor__regressor__kernel__length_scale', 2.1390226772539704), ('regressor__regressor__kernel__nu', 0.5917428417878421), ('regressor__regressor__n_restarts_optimizer', 25)])





OPTIMIZING HYPERPARAMETERS FOR REGRESSOR sklearn-GPR 	SEED: 6


Best parameters: OrderedDict([('regressor__regressor__kernel__length_scale', 0.40337698536549793), ('regressor__regressor__kernel__nu', 0.5003652451332627), ('regressor__regressor__n_restarts_optimizer', 25)])





OPTIMIZING HYPERPARAMETERS FOR REGRESSOR sklearn-GPR 	SEED: 13


Best parameters: OrderedDict([('regressor__regressor__kernel__length_scale', 2.9460303181286793), ('regressor__regressor__kernel__nu', 0.5053507118411324), ('regressor__regressor__n_restarts_optimizer', 25)])





OPTIMIZING HYPERPARAMETERS FOR REGRESSOR sklearn-GPR 	SEED: 13


Best parameters: OrderedDict([('regressor__regressor__kernel__length_scale', 0.05), ('regressor__regressor__kernel__nu', 0.625723135523589), ('regressor__regressor__n_restarts_optimizer', 25)])





OPTIMIZING HYPERPARAMETERS FOR REGRESSOR sklearn-GPR 	SEED: 13


Best parameters: OrderedDict([('regressor__regressor__kernel__length_scale', 1.0377613959504792), ('regressor__regressor__kernel__nu', 0.5029185337082174), ('regressor__regressor__n_restarts_optimizer', 25)])





OPTIMIZING HYPERPARAMETERS FOR REGRESSOR sklearn-GPR 	SEED: 13


Best parameters: OrderedDict([('regressor__regressor__kernel__length_scale', 2.7965588007006987), ('regressor__regressor__kernel__nu', 0.5000216518653247), ('regressor__regressor__n_restarts_optimizer', 25)])





OPTIMIZING HYPERPARAMETERS FOR REGRESSOR sklearn-GPR 	SEED: 13


Best parameters: OrderedDict([('regressor__regressor__kernel__length_scale', 1.0971203703612074), ('regressor__regressor__kernel__nu', 0.502013818015173), ('regressor__regressor__n_restarts_optimizer', 25)])





OPTIMIZING HYPERPARAMETERS FOR REGRESSOR sklearn-GPR 	SEED: 42


Best parameters: OrderedDict([('regressor__regressor__kernel__length_scale', 0.2474242273936006), ('regressor__regressor__kernel__nu', 0.5003865453941279), ('regressor__regressor__n_restarts_optimizer', 25)])





OPTIMIZING HYPERPARAMETERS FOR REGRESSOR sklearn-GPR 	SEED: 42


Best parameters: OrderedDict([('regressor__regressor__kernel__length_scale', 2.5455064058875387), ('regressor__regressor__kernel__nu', 0.5002280169964237), ('regressor__regressor__n_restarts_optimizer', 25)])





OPTIMIZING HYPERPARAMETERS FOR REGRESSOR sklearn-GPR 	SEED: 42


Best parameters: OrderedDict([('regressor__regressor__kernel__length_scale', 2.9242123142359233), ('regressor__regressor__kernel__nu', 0.5004899822850077), ('regressor__regressor__n_restarts_optimizer', 25)])





OPTIMIZING HYPERPARAMETERS FOR REGRESSOR sklearn-GPR 	SEED: 42


Best parameters: OrderedDict([('regressor__regressor__kernel__length_scale', 0.6839559782235701), ('regressor__regressor__kernel__nu', 0.5000557507255203), ('regressor__regressor__n_restarts_optimizer', 25)])





OPTIMIZING HYPERPARAMETERS FOR REGRESSOR sklearn-GPR 	SEED: 42


Best parameters: OrderedDict([('regressor__regressor__kernel__length_scale', 2.001532266322988), ('regressor__regressor__kernel__nu', 0.5004908379163098), ('regressor__regressor__n_restarts_optimizer', 25)])





OPTIMIZING HYPERPARAMETERS FOR REGRESSOR sklearn-GPR 	SEED: 69


Best parameters: OrderedDict([('regressor__regressor__kernel__length_scale', 0.1225106817342767), ('regressor__regressor__kernel__nu', 0.507563592516284), ('regressor__regressor__n_restarts_optimizer', 25)])





OPTIMIZING HYPERPARAMETERS FOR REGRESSOR sklearn-GPR 	SEED: 69


Best parameters: OrderedDict([('regressor__regressor__kernel__length_scale', 2.213460785473857), ('regressor__regressor__kernel__nu', 0.5167183259450122), ('regressor__regressor__n_restarts_optimizer', 25)])





OPTIMIZING HYPERPARAMETERS FOR REGRESSOR sklearn-GPR 	SEED: 69


Best parameters: OrderedDict([('regressor__regressor__kernel__length_scale', 1.5998067393132442), ('regressor__regressor__kernel__nu', 0.5786924717438857), ('regressor__regressor__n_restarts_optimizer', 25)])





OPTIMIZING HYPERPARAMETERS FOR REGRESSOR sklearn-GPR 	SEED: 69


Best parameters: OrderedDict([('regressor__regressor__kernel__length_scale', 2.275000031098427), ('regressor__regressor__kernel__nu', 0.5000328418780999), ('regressor__regressor__n_restarts_optimizer', 25)])





OPTIMIZING HYPERPARAMETERS FOR REGRESSOR sklearn-GPR 	SEED: 69


Best parameters: OrderedDict([('regressor__regressor__kernel__length_scale', 0.06220154597611584), ('regressor__regressor__kernel__nu', 0.5027103738775687), ('regressor__regressor__n_restarts_optimizer', 25)])





OPTIMIZING HYPERPARAMETERS FOR REGRESSOR sklearn-GPR 	SEED: 420


Best parameters: OrderedDict([('regressor__regressor__kernel__length_scale', 2.804512126200772), ('regressor__regressor__kernel__nu', 0.5000945193635411), ('regressor__regressor__n_restarts_optimizer', 25)])





OPTIMIZING HYPERPARAMETERS FOR REGRESSOR sklearn-GPR 	SEED: 420


Best parameters: OrderedDict([('regressor__regressor__kernel__length_scale', 2.852525385106693), ('regressor__regressor__kernel__nu', 0.5), ('regressor__regressor__n_restarts_optimizer', 25)])





OPTIMIZING HYPERPARAMETERS FOR REGRESSOR sklearn-GPR 	SEED: 420


Best parameters: OrderedDict([('regressor__regressor__kernel__length_scale', 1.6354524448100782), ('regressor__regressor__kernel__nu', 0.5028451498016491), ('regressor__regressor__n_restarts_optimizer', 25)])





OPTIMIZING HYPERPARAMETERS FOR REGRESSOR sklearn-GPR 	SEED: 420


Best parameters: OrderedDict([('regressor__regressor__kernel__length_scale', 2.998720603171173), ('regressor__regressor__kernel__nu', 0.5086693140377112), ('regressor__regressor__n_restarts_optimizer', 25)])





OPTIMIZING HYPERPARAMETERS FOR REGRESSOR sklearn-GPR 	SEED: 420


Best parameters: OrderedDict([('regressor__regressor__kernel__length_scale', 2.628534522457506), ('regressor__regressor__kernel__nu', 0.5375107068931058), ('regressor__regressor__n_restarts_optimizer', 25)])





OPTIMIZING HYPERPARAMETERS FOR REGRESSOR sklearn-GPR 	SEED: 1234567890


Best parameters: OrderedDict([('regressor__regressor__kernel__length_scale', 0.8409758500380077), ('regressor__regressor__kernel__nu', 0.5000768117676146), ('regressor__regressor__n_restarts_optimizer', 25)])





OPTIMIZING HYPERPARAMETERS FOR REGRESSOR sklearn-GPR 	SEED: 1234567890


Best parameters: OrderedDict([('regressor__regressor__kernel__length_scale', 2.483739717084578), ('regressor__regressor__kernel__nu', 0.5003089444376152), ('regressor__regressor__n_restarts_optimizer', 25)])





OPTIMIZING HYPERPARAMETERS FOR REGRESSOR sklearn-GPR 	SEED: 1234567890


Best parameters: OrderedDict([('regressor__regressor__kernel__length_scale', 0.08384460006594918), ('regressor__regressor__kernel__nu', 0.5000733006066713), ('regressor__regressor__n_restarts_optimizer', 25)])





OPTIMIZING HYPERPARAMETERS FOR REGRESSOR sklearn-GPR 	SEED: 1234567890


Best parameters: OrderedDict([('regressor__regressor__kernel__length_scale', 0.7426199231152218), ('regressor__regressor__kernel__nu', 0.5001524507129838), ('regressor__regressor__n_restarts_optimizer', 25)])





OPTIMIZING HYPERPARAMETERS FOR REGRESSOR sklearn-GPR 	SEED: 1234567890


Best parameters: OrderedDict([('regressor__regressor__kernel__length_scale', 0.7696332972201126), ('regressor__regressor__kernel__nu', 0.5000452025670412), ('regressor__regressor__n_restarts_optimizer', 25)])





OPTIMIZING HYPERPARAMETERS FOR REGRESSOR sklearn-GPR 	SEED: 473129


Best parameters: OrderedDict([('regressor__regressor__kernel__length_scale', 2.6059025810341723), ('regressor__regressor__kernel__nu', 0.5002389031966592), ('regressor__regressor__n_restarts_optimizer', 25)])





OPTIMIZING HYPERPARAMETERS FOR REGRESSOR sklearn-GPR 	SEED: 473129


Best parameters: OrderedDict([('regressor__regressor__kernel__length_scale', 1.5232981256918345), ('regressor__regressor__kernel__nu', 0.500004373297386), ('regressor__regressor__n_restarts_optimizer', 25)])





OPTIMIZING HYPERPARAMETERS FOR REGRESSOR sklearn-GPR 	SEED: 473129


Best parameters: OrderedDict([('regressor__regressor__kernel__length_scale', 0.7949490420785877), ('regressor__regressor__kernel__nu', 0.8879583795518903), ('regressor__regressor__n_restarts_optimizer', 25)])





OPTIMIZING HYPERPARAMETERS FOR REGRESSOR sklearn-GPR 	SEED: 473129


Best parameters: OrderedDict([('regressor__regressor__kernel__length_scale', 0.08772111301383759), ('regressor__regressor__kernel__nu', 0.5001905854822797), ('regressor__regressor__n_restarts_optimizer', 25)])





OPTIMIZING HYPERPARAMETERS FOR REGRESSOR sklearn-GPR 	SEED: 473129


Best parameters: OrderedDict([('regressor__regressor__kernel__length_scale', 2.3438345519644908), ('regressor__regressor__kernel__nu', 0.5), ('regressor__regressor__n_restarts_optimizer', 25)])


Average scores:	 rmse: 0.43±0.1	 r2: 0.46±0.2
Filename: (Xn-Mw-PDI-concentration-temperature-polymer dP-polymer dD-polymer dH-solvent dP-solvent dD-solvent dH)_sklearn-GPR.matern_Standard
Done Saving scores!

------------------------------------------------------------
Sender: LSF System <lsfadmin@c201n01>
Subject: Job 3767: <sklearn-GPR> in cluster <Hazel> Done

Job <sklearn-GPR> was submitted from host <c201n12> by user <sdehgha2> in cluster <Hazel> at Fri Jul 11 13:35:48 2025
Job was executed on host(s) <8*c201n01>, in queue <single_chassis>, as user <sdehgha2> in cluster <Hazel> at Fri Jul 11 13:35:50 2025
</home/sdehgha2> was used as the home directory.
</share/ddomlab/sdehgha2/working-space/main/P1_pls-dataset/pls-dataset-space/PLS-Dataset/code_/training/hpc_submit_training_Rh> was used as the working directory.
Started at Fri Jul 11 13:35:50 2025
Terminated at Fri Jul 11 18:34:45 2025
Results reported at Fri Jul 11 18:34:45 2025

Your job looked like:

------------------------------------------------------------
# LSBATCH: User input

#BSUB -n 8
#BSUB -W 30:01
#BSUB -R span[hosts=1]
#BSUB -R "rusage[mem=16GB]"
#BSUB -J "sklearn-GPR" 
#BSUB -o "/share/ddomlab/sdehgha2/working-space/main/P1_pls-dataset/pls-dataset-space/PLS-Dataset/results/numerical_feats_sklearn-GPR_matern_Standard.out"
#BSUB -e "/share/ddomlab/sdehgha2/working-space/main/P1_pls-dataset/pls-dataset-space/PLS-Dataset/results/numerical_feats_sklearn-GPR_matern_Standard.err"

source ~/.bashrc
conda activate /usr/local/usrapps/ddomlab/sdehgha2/pls-dataset-env
python ../train_numerical_only.py --target_features "log Rg (nm)"                                   --regressor_type "sklearn-GPR"                                   --kernel "matern"                                   --transform_type "Standard"                                   --numerical_feats 'Xn' 'Mw (g/mol)' 'PDI' 'Concentration (mg/ml)' 'Temperature SANS/SLS/DLS/SEC (K)' "polymer dP" "polymer dD" "polymer dH" 'solvent dP' 'solvent dD' 'solvent dH'

conda deactivate


------------------------------------------------------------

Successfully completed.

Resource usage summary:

    CPU time :                                   64320.00 sec.
    Max Memory :                                 2 GB
    Average Memory :                             1.99 GB
    Total Requested Memory :                     16.00 GB
    Delta Memory :                               14.00 GB
    Max Swap :                                   -
    Max Processes :                              30
    Max Threads :                                33
    Run time :                                   17935 sec.
    Turnaround time :                            17937 sec.

The output (if any) is above this job summary.



PS:

Read file </share/ddomlab/sdehgha2/working-space/main/P1_pls-dataset/pls-dataset-space/PLS-Dataset/results/numerical_feats_sklearn-GPR_matern_Standard.err> for stderr output of this job.



Best parameters: OrderedDict([('regressor__regressor__kernel__length_scale', 0.7421798367369348), ('regressor__regressor__kernel__nu', 0.5000327420668551), ('regressor__regressor__n_restarts_optimizer', 25)])





OPTIMIZING HYPERPARAMETERS FOR REGRESSOR sklearn-GPR 	SEED: 6


Best parameters: OrderedDict([('regressor__regressor__kernel__length_scale', 0.7851429244305054), ('regressor__regressor__kernel__nu', 0.500098333315179), ('regressor__regressor__n_restarts_optimizer', 25)])





OPTIMIZING HYPERPARAMETERS FOR REGRESSOR sklearn-GPR 	SEED: 6


Best parameters: OrderedDict([('regressor__regressor__kernel__length_scale', 0.06121983916838136), ('regressor__regressor__kernel__nu', 0.5350748935102649), ('regressor__regressor__n_restarts_optimizer', 25)])





OPTIMIZING HYPERPARAMETERS FOR REGRESSOR sklearn-GPR 	SEED: 6


Best parameters: OrderedDict([('regressor__regressor__kernel__length_scale', 0.5093124481085447), ('regressor__regressor__kernel__nu', 0.5005047265441687), ('regressor__regressor__n_restarts_optimizer', 25)])





OPTIMIZING HYPERPARAMETERS FOR REGRESSOR sklearn-GPR 	SEED: 6


Best parameters: OrderedDict([('regressor__regressor__kernel__length_scale', 2.9968452640962964), ('regressor__regressor__kernel__nu', 0.5015882279442228), ('regressor__regressor__n_restarts_optimizer', 25)])





OPTIMIZING HYPERPARAMETERS FOR REGRESSOR sklearn-GPR 	SEED: 13


Best parameters: OrderedDict([('regressor__regressor__kernel__length_scale', 2.9460303181286793), ('regressor__regressor__kernel__nu', 0.5053507118411324), ('regressor__regressor__n_restarts_optimizer', 25)])





OPTIMIZING HYPERPARAMETERS FOR REGRESSOR sklearn-GPR 	SEED: 13


Best parameters: OrderedDict([('regressor__regressor__kernel__length_scale', 2.9755271535405123), ('regressor__regressor__kernel__nu', 0.5005949563180945), ('regressor__regressor__n_restarts_optimizer', 25)])





OPTIMIZING HYPERPARAMETERS FOR REGRESSOR sklearn-GPR 	SEED: 13


Best parameters: OrderedDict([('regressor__regressor__kernel__length_scale', 2.888928734816931), ('regressor__regressor__kernel__nu', 0.5), ('regressor__regressor__n_restarts_optimizer', 25)])





OPTIMIZING HYPERPARAMETERS FOR REGRESSOR sklearn-GPR 	SEED: 13


Best parameters: OrderedDict([('regressor__regressor__kernel__length_scale', 2.984194893855613), ('regressor__regressor__kernel__nu', 0.5045564200987267), ('regressor__regressor__n_restarts_optimizer', 25)])





OPTIMIZING HYPERPARAMETERS FOR REGRESSOR sklearn-GPR 	SEED: 13


Best parameters: OrderedDict([('regressor__regressor__kernel__length_scale', 0.06160633474994008), ('regressor__regressor__kernel__nu', 0.5009588336965161), ('regressor__regressor__n_restarts_optimizer', 25)])





OPTIMIZING HYPERPARAMETERS FOR REGRESSOR sklearn-GPR 	SEED: 42


Best parameters: OrderedDict([('regressor__regressor__kernel__length_scale', 0.14783296658251704), ('regressor__regressor__kernel__nu', 0.5000726909851734), ('regressor__regressor__n_restarts_optimizer', 25)])





OPTIMIZING HYPERPARAMETERS FOR REGRESSOR sklearn-GPR 	SEED: 42


Best parameters: OrderedDict([('regressor__regressor__kernel__length_scale', 2.975307742969887), ('regressor__regressor__kernel__nu', 0.5008590813453915), ('regressor__regressor__n_restarts_optimizer', 25)])





OPTIMIZING HYPERPARAMETERS FOR REGRESSOR sklearn-GPR 	SEED: 42


Best parameters: OrderedDict([('regressor__regressor__kernel__length_scale', 1.3291425702220592), ('regressor__regressor__kernel__nu', 0.5000508005195432), ('regressor__regressor__n_restarts_optimizer', 25)])





OPTIMIZING HYPERPARAMETERS FOR REGRESSOR sklearn-GPR 	SEED: 42


Best parameters: OrderedDict([('regressor__regressor__kernel__length_scale', 0.0949303051435518), ('regressor__regressor__kernel__nu', 0.5039882572741978), ('regressor__regressor__n_restarts_optimizer', 25)])





OPTIMIZING HYPERPARAMETERS FOR REGRESSOR sklearn-GPR 	SEED: 42


Best parameters: OrderedDict([('regressor__regressor__kernel__length_scale', 2.9601345553692644), ('regressor__regressor__kernel__nu', 0.5006084653176279), ('regressor__regressor__n_restarts_optimizer', 25)])





OPTIMIZING HYPERPARAMETERS FOR REGRESSOR sklearn-GPR 	SEED: 69


Best parameters: OrderedDict([('regressor__regressor__kernel__length_scale', 1.5138646236365492), ('regressor__regressor__kernel__nu', 0.5002142825714326), ('regressor__regressor__n_restarts_optimizer', 25)])





OPTIMIZING HYPERPARAMETERS FOR REGRESSOR sklearn-GPR 	SEED: 69


Best parameters: OrderedDict([('regressor__regressor__kernel__length_scale', 0.050924798806272986), ('regressor__regressor__kernel__nu', 0.506823552509726), ('regressor__regressor__n_restarts_optimizer', 25)])





OPTIMIZING HYPERPARAMETERS FOR REGRESSOR sklearn-GPR 	SEED: 69


Best parameters: OrderedDict([('regressor__regressor__kernel__length_scale', 2.8940878415116993), ('regressor__regressor__kernel__nu', 0.5008798652313085), ('regressor__regressor__n_restarts_optimizer', 25)])





OPTIMIZING HYPERPARAMETERS FOR REGRESSOR sklearn-GPR 	SEED: 69


Best parameters: OrderedDict([('regressor__regressor__kernel__length_scale', 0.07075540209099208), ('regressor__regressor__kernel__nu', 0.504737957687529), ('regressor__regressor__n_restarts_optimizer', 25)])





OPTIMIZING HYPERPARAMETERS FOR REGRESSOR sklearn-GPR 	SEED: 69


Best parameters: OrderedDict([('regressor__regressor__kernel__length_scale', 2.0946823140369437), ('regressor__regressor__kernel__nu', 1.279172300539206), ('regressor__regressor__n_restarts_optimizer', 25)])





OPTIMIZING HYPERPARAMETERS FOR REGRESSOR sklearn-GPR 	SEED: 420


Best parameters: OrderedDict([('regressor__regressor__kernel__length_scale', 2.546423449221368), ('regressor__regressor__kernel__nu', 0.5001487093207493), ('regressor__regressor__n_restarts_optimizer', 25)])





OPTIMIZING HYPERPARAMETERS FOR REGRESSOR sklearn-GPR 	SEED: 420


Best parameters: OrderedDict([('regressor__regressor__kernel__length_scale', 2.437826875533919), ('regressor__regressor__kernel__nu', 1.387861486302404), ('regressor__regressor__n_restarts_optimizer', 25)])





OPTIMIZING HYPERPARAMETERS FOR REGRESSOR sklearn-GPR 	SEED: 420


Best parameters: OrderedDict([('regressor__regressor__kernel__length_scale', 0.17418009714023935), ('regressor__regressor__kernel__nu', 1.1526039741900744), ('regressor__regressor__n_restarts_optimizer', 25)])





OPTIMIZING HYPERPARAMETERS FOR REGRESSOR sklearn-GPR 	SEED: 420


Best parameters: OrderedDict([('regressor__regressor__kernel__length_scale', 1.7994083099885896), ('regressor__regressor__kernel__nu', 0.650948447117538), ('regressor__regressor__n_restarts_optimizer', 25)])





OPTIMIZING HYPERPARAMETERS FOR REGRESSOR sklearn-GPR 	SEED: 420


Best parameters: OrderedDict([('regressor__regressor__kernel__length_scale', 0.05), ('regressor__regressor__kernel__nu', 0.5), ('regressor__regressor__n_restarts_optimizer', 25)])





OPTIMIZING HYPERPARAMETERS FOR REGRESSOR sklearn-GPR 	SEED: 1234567890


Best parameters: OrderedDict([('regressor__regressor__kernel__length_scale', 1.6498889075065453), ('regressor__regressor__kernel__nu', 0.5001712637216791), ('regressor__regressor__n_restarts_optimizer', 25)])





OPTIMIZING HYPERPARAMETERS FOR REGRESSOR sklearn-GPR 	SEED: 1234567890


Best parameters: OrderedDict([('regressor__regressor__kernel__length_scale', 2.805869270965587), ('regressor__regressor__kernel__nu', 0.500067371507982), ('regressor__regressor__n_restarts_optimizer', 25)])





OPTIMIZING HYPERPARAMETERS FOR REGRESSOR sklearn-GPR 	SEED: 1234567890


Best parameters: OrderedDict([('regressor__regressor__kernel__length_scale', 0.06636940785107223), ('regressor__regressor__kernel__nu', 0.500684465599156), ('regressor__regressor__n_restarts_optimizer', 25)])





OPTIMIZING HYPERPARAMETERS FOR REGRESSOR sklearn-GPR 	SEED: 1234567890


Best parameters: OrderedDict([('regressor__regressor__kernel__length_scale', 2.483739717084578), ('regressor__regressor__kernel__nu', 0.5003089444376152), ('regressor__regressor__n_restarts_optimizer', 25)])





OPTIMIZING HYPERPARAMETERS FOR REGRESSOR sklearn-GPR 	SEED: 1234567890


Best parameters: OrderedDict([('regressor__regressor__kernel__length_scale', 2.0952164437410237), ('regressor__regressor__kernel__nu', 0.5003954101228334), ('regressor__regressor__n_restarts_optimizer', 25)])





OPTIMIZING HYPERPARAMETERS FOR REGRESSOR sklearn-GPR 	SEED: 473129


Best parameters: OrderedDict([('regressor__regressor__kernel__length_scale', 0.284542357190208), ('regressor__regressor__kernel__nu', 0.5007399023593893), ('regressor__regressor__n_restarts_optimizer', 25)])





OPTIMIZING HYPERPARAMETERS FOR REGRESSOR sklearn-GPR 	SEED: 473129


Best parameters: OrderedDict([('regressor__regressor__kernel__length_scale', 0.7482802651865292), ('regressor__regressor__kernel__nu', 0.5000667058972033), ('regressor__regressor__n_restarts_optimizer', 25)])





OPTIMIZING HYPERPARAMETERS FOR REGRESSOR sklearn-GPR 	SEED: 473129


Best parameters: OrderedDict([('regressor__regressor__kernel__length_scale', 2.882305633145818), ('regressor__regressor__kernel__nu', 0.5021450363316156), ('regressor__regressor__n_restarts_optimizer', 25)])





OPTIMIZING HYPERPARAMETERS FOR REGRESSOR sklearn-GPR 	SEED: 473129


Best parameters: OrderedDict([('regressor__regressor__kernel__length_scale', 2.988177625165503), ('regressor__regressor__kernel__nu', 0.502847322659318), ('regressor__regressor__n_restarts_optimizer', 25)])





OPTIMIZING HYPERPARAMETERS FOR REGRESSOR sklearn-GPR 	SEED: 473129


Best parameters: OrderedDict([('regressor__regressor__kernel__length_scale', 2.574647355374639), ('regressor__regressor__kernel__nu', 0.8015861720462045), ('regressor__regressor__n_restarts_optimizer', 25)])


Average scores:	 rmse: 0.42±0.1	 r2: 0.5±0.2
Filename: (Xn-Mw-PDI-concentration-temperature-polymer dP-polymer dD-polymer dH-solvent dP-solvent dD-solvent dH)_sklearn-GPR.matern_Standard
Done Saving scores!

------------------------------------------------------------
Sender: LSF System <lsfadmin@c201n13>
Subject: Job 9316: <sklearn-GPR> in cluster <Hazel> Done

Job <sklearn-GPR> was submitted from host <c201n08> by user <sdehgha2> in cluster <Hazel> at Fri Jul 11 16:23:41 2025
Job was executed on host(s) <8*c201n13>, in queue <single_chassis>, as user <sdehgha2> in cluster <Hazel> at Fri Jul 11 16:23:43 2025
</home/sdehgha2> was used as the home directory.
</share/ddomlab/sdehgha2/working-space/main/P1_pls-dataset/pls-dataset-space/PLS-Dataset/code_/training/hpc_submit_training_Rh> was used as the working directory.
Started at Fri Jul 11 16:23:43 2025
Terminated at Fri Jul 11 21:33:32 2025
Results reported at Fri Jul 11 21:33:32 2025

Your job looked like:

------------------------------------------------------------
# LSBATCH: User input

#BSUB -n 8
#BSUB -W 20:01
#BSUB -R span[hosts=1]
#BSUB -R "rusage[mem=16GB]"
#BSUB -J "sklearn-GPR" 
#BSUB -o "/share/ddomlab/sdehgha2/working-space/main/P1_pls-dataset/pls-dataset-space/PLS-Dataset/results/numerical_feats_sklearn-GPR_matern_Standard.out"
#BSUB -e "/share/ddomlab/sdehgha2/working-space/main/P1_pls-dataset/pls-dataset-space/PLS-Dataset/results/numerical_feats_sklearn-GPR_matern_Standard.err"

source ~/.bashrc
conda activate /usr/local/usrapps/ddomlab/sdehgha2/pls-dataset-env
python ../train_numerical_only.py --target_features "log Rg (nm)"                                   --regressor_type "sklearn-GPR"                                   --kernel "matern"                                   --transform_type "Standard"                                   --numerical_feats 'Xn' 'Mw (g/mol)' 'PDI' 'Concentration (mg/ml)' 'Temperature SANS/SLS/DLS/SEC (K)' "polymer dP" "polymer dD" "polymer dH" 'solvent dP' 'solvent dD' 'solvent dH'

conda deactivate


------------------------------------------------------------

Successfully completed.

Resource usage summary:

    CPU time :                                   64510.00 sec.
    Max Memory :                                 2 GB
    Average Memory :                             2.00 GB
    Total Requested Memory :                     16.00 GB
    Delta Memory :                               14.00 GB
    Max Swap :                                   -
    Max Processes :                              30
    Max Threads :                                33
    Run time :                                   18605 sec.
    Turnaround time :                            18591 sec.

The output (if any) is above this job summary.



PS:

Read file </share/ddomlab/sdehgha2/working-space/main/P1_pls-dataset/pls-dataset-space/PLS-Dataset/results/numerical_feats_sklearn-GPR_matern_Standard.err> for stderr output of this job.

