


OPTIMIZING HYPERPARAMETERS FOR REGRESSOR RF 	SEED: 6


Best parameters: OrderedDict([('regressor__regressor__max_depth', None), ('regressor__regressor__max_features', 'log2'), ('regressor__regressor__min_samples_leaf', 0.052586655856728254), ('regressor__regressor__min_samples_split', 0.05857852332143467), ('regressor__regressor__n_estimators', 71)])





OPTIMIZING HYPERPARAMETERS FOR REGRESSOR RF 	SEED: 6


Best parameters: OrderedDict([('regressor__regressor__max_depth', None), ('regressor__regressor__max_features', 'sqrt'), ('regressor__regressor__min_samples_leaf', 0.051082124999554876), ('regressor__regressor__min_samples_split', 0.0511383772861644), ('regressor__regressor__n_estimators', 80)])





OPTIMIZING HYPERPARAMETERS FOR REGRESSOR RF 	SEED: 6


Best parameters: OrderedDict([('regressor__regressor__max_depth', None), ('regressor__regressor__max_features', 'sqrt'), ('regressor__regressor__min_samples_leaf', 0.05), ('regressor__regressor__min_samples_split', 0.05), ('regressor__regressor__n_estimators', 2000)])





OPTIMIZING HYPERPARAMETERS FOR REGRESSOR RF 	SEED: 6

------------------------------------------------------------
Sender: LSF System <lsfadmin@c003n03>
Subject: Job 821642: <numerical_RF_polymer_size_feats_on_Rg1 (nm)_all_num> in cluster <Hazel> Exited

Job <numerical_RF_polymer_size_feats_on_Rg1 (nm)_all_num> was submitted from host <c010n02> by user <sdehgha2> in cluster <Hazel> at Fri Dec 20 16:54:01 2024
Job was executed on host(s) <2*c003n03>, in queue <single_chassis>, as user <sdehgha2> in cluster <Hazel> at Fri Dec 20 16:54:03 2024
                            <2*c006n02>
                            <2*c009n04>
</home/sdehgha2> was used as the home directory.
</share/ddomlab/sdehgha2/working-space/main/P1_pls-dataset/pls-dataset-space/PLS-Dataset/code_/training/hpc_submit_training_Rh> was used as the working directory.
Started at Fri Dec 20 16:54:03 2024
Terminated at Fri Dec 20 17:00:45 2024
Results reported at Fri Dec 20 17:00:45 2024

Your job looked like:

------------------------------------------------------------
# LSBATCH: User input

#BSUB -n 6
#BSUB -W 40:01
#BSUB -R span[ptile=2]
#BSUB -R "rusage[mem=16GB]"
#BSUB -J "numerical_RF_polymer_size_feats_on_Rg1 (nm)_all_num"
#BSUB -o "/share/ddomlab/sdehgha2/working-space/main/P1_pls-dataset/pls-dataset-space/PLS-Dataset/results/numerical_RF_Standard_Rg1 (nm)_final1.out"
#BSUB -e "/share/ddomlab/sdehgha2/working-space/main/P1_pls-dataset/pls-dataset-space/PLS-Dataset/results/numerical_RF_Standard_Rg1 (nm)_final1.err"

source ~/.bashrc
conda activate /usr/local/usrapps/ddomlab/sdehgha2/pls-dataset-env
python ../train_numerical_only.py --target_features "Rg1 (nm)"                                     --regressor_type "RF"                                     --numerical_feats 'Mn (g/mol)' 'PDI' 'Mw (g/mol)' 'Concentration (mg/ml)' 'Temperature SANS/SLS/DLS/SEC (K)' "polymer dP" "polymer dD" "polymer dH" "solvent dP" "solvent dD" "solvent dH"                                     --columns_to_impute "PDI" "Temperature SANS/SLS/DLS/SEC (K)" "Concentration (mg/ml)"                                     --special_impute 'Mw (g/mol)'                                     --imputer mean


conda deactivate


------------------------------------------------------------

TERM_OWNER: job killed by owner.
Exited with exit code 130.

Resource usage summary:

    CPU time :                                   635.00 sec.
    Max Memory :                                 6 GB
    Average Memory :                             3.50 GB
    Total Requested Memory :                     48.00 GB
    Delta Memory :                               42.00 GB
    Max Swap :                                   -
    Max Processes :                              38
    Max Threads :                                41
    Run time :                                   431 sec.
    Turnaround time :                            404 sec.

The output (if any) is above this job summary.



PS:

Read file </share/ddomlab/sdehgha2/working-space/main/P1_pls-dataset/pls-dataset-space/PLS-Dataset/results/numerical_RF_Standard_Rg1 (nm)_final1.err> for stderr output of this job.

