


OPTIMIZING HYPERPARAMETERS FOR REGRESSOR DT 	SEED: 6

------------------------------------------------------------
Sender: LSF System <lsfadmin@c207n09>
Subject: Job 511134: <poly_HSP_with_DT_on_Rh (IW avg log)_on_polysize> in cluster <Hazel> Done

Job <poly_HSP_with_DT_on_Rh (IW avg log)_on_polysize> was submitted from host <c202n10> by user <sdehgha2> in cluster <Hazel> at Tue Nov 19 18:47:33 2024
Job was executed on host(s) <4*c207n09>, in queue <single_chassis>, as user <sdehgha2> in cluster <Hazel> at Tue Nov 19 18:47:34 2024
                            <4*c207n07>
</home/sdehgha2> was used as the home directory.
</share/ddomlab/sdehgha2/working-space/main/P1_pls-dataset/pls-dataset-space/PLS-Dataset/code_/training/hpc_submit_training_Rh> was used as the working directory.
Started at Tue Nov 19 18:47:34 2024
Terminated at Tue Nov 19 18:51:00 2024
Results reported at Tue Nov 19 18:51:00 2024

Your job looked like:

------------------------------------------------------------
# LSBATCH: User input

#BSUB -n 8
#BSUB -W 15:01
#BSUB -R span[ptile=4]
#BSUB -R "rusage[mem=32GB]"
#BSUB -J "poly_HSP_with_DT_on_Rh (IW avg log)_on_polysize"
#BSUB -o "/share/ddomlab/sdehgha2/working-space/main/P1_pls-dataset/pls-dataset-space/PLS-Dataset/results/poly_HSP_with_DT_on_Rh (IW avg log)_on_polysize.out"
#BSUB -e "/share/ddomlab/sdehgha2/working-space/main/P1_pls-dataset/pls-dataset-space/PLS-Dataset/results/poly_HSP_with_DT_on_Rh (IW avg log)_on_polysize.err"

source ~/.bashrc
conda activate /usr/local/usrapps/ddomlab/sdehgha2/pls-dataset-env
python ../train_numerical_only.py --target_features "Rh (IW avg log)"                                   --regressor_type "DT"                                   --numerical_feats "PDI" "Mw (g/mol)"                                   --columns_to_impute 'PDI'                                   --special_impute 'Mw (g/mol)'                                   --imputer mean
                                  
conda deactivate


------------------------------------------------------------

Successfully completed.

Resource usage summary:

    CPU time :                                   28.00 sec.
    Max Memory :                                 1 GB
    Average Memory :                             0.44 GB
    Total Requested Memory :                     64.00 GB
    Delta Memory :                               63.00 GB
    Max Swap :                                   -
    Max Processes :                              26
    Max Threads :                                29
    Run time :                                   223 sec.
    Turnaround time :                            207 sec.

The output (if any) is above this job summary.



PS:

Read file </share/ddomlab/sdehgha2/working-space/main/P1_pls-dataset/pls-dataset-space/PLS-Dataset/results/poly_HSP_with_DT_on_Rh (IW avg log)_on_polysize.err> for stderr output of this job.

