


OPTIMIZING HYPERPARAMETERS FOR REGRESSOR RF 	SEED: 6


Best parameters: OrderedDict([('regressor__regressor__max_depth', None), ('regressor__regressor__max_features', 'sqrt'), ('regressor__regressor__min_samples_leaf', 0.051574238977881014), ('regressor__regressor__min_samples_split', 0.12665492440934228), ('regressor__regressor__n_estimators', 435)])





OPTIMIZING HYPERPARAMETERS FOR REGRESSOR RF 	SEED: 6


Best parameters: OrderedDict([('regressor__regressor__max_depth', None), ('regressor__regressor__max_features', 'log2'), ('regressor__regressor__min_samples_leaf', 0.05), ('regressor__regressor__min_samples_split', 0.09953103346845214), ('regressor__regressor__n_estimators', 2000)])





OPTIMIZING HYPERPARAMETERS FOR REGRESSOR RF 	SEED: 6


Best parameters: OrderedDict([('regressor__regressor__max_depth', None), ('regressor__regressor__max_features', 'sqrt'), ('regressor__regressor__min_samples_leaf', 0.05058970952715951), ('regressor__regressor__min_samples_split', 0.05010800616254286), ('regressor__regressor__n_estimators', 93)])





OPTIMIZING HYPERPARAMETERS FOR REGRESSOR RF 	SEED: 6


Best parameters: OrderedDict([('regressor__regressor__max_depth', None), ('regressor__regressor__max_features', 'log2'), ('regressor__regressor__min_samples_leaf', 0.05), ('regressor__regressor__min_samples_split', 0.05), ('regressor__regressor__n_estimators', 50)])





OPTIMIZING HYPERPARAMETERS FOR REGRESSOR RF 	SEED: 6


Best parameters: OrderedDict([('regressor__regressor__max_depth', None), ('regressor__regressor__max_features', 'sqrt'), ('regressor__regressor__min_samples_leaf', 0.05591142766684453), ('regressor__regressor__min_samples_split', 0.050052126779302875), ('regressor__regressor__n_estimators', 59)])





OPTIMIZING HYPERPARAMETERS FOR REGRESSOR RF 	SEED: 13


Best parameters: OrderedDict([('regressor__regressor__max_depth', None), ('regressor__regressor__max_features', 'log2'), ('regressor__regressor__min_samples_leaf', 0.05), ('regressor__regressor__min_samples_split', 0.08908578860487636), ('regressor__regressor__n_estimators', 55)])





OPTIMIZING HYPERPARAMETERS FOR REGRESSOR RF 	SEED: 13


Best parameters: OrderedDict([('regressor__regressor__max_depth', None), ('regressor__regressor__max_features', 'log2'), ('regressor__regressor__min_samples_leaf', 0.05), ('regressor__regressor__min_samples_split', 0.05), ('regressor__regressor__n_estimators', 50)])





OPTIMIZING HYPERPARAMETERS FOR REGRESSOR RF 	SEED: 13


Best parameters: OrderedDict([('regressor__regressor__max_depth', None), ('regressor__regressor__max_features', 'sqrt'), ('regressor__regressor__min_samples_leaf', 0.050196051166875026), ('regressor__regressor__min_samples_split', 0.08489264567299774), ('regressor__regressor__n_estimators', 50)])





OPTIMIZING HYPERPARAMETERS FOR REGRESSOR RF 	SEED: 13


Best parameters: OrderedDict([('regressor__regressor__max_depth', None), ('regressor__regressor__max_features', 'log2'), ('regressor__regressor__min_samples_leaf', 0.05), ('regressor__regressor__min_samples_split', 0.05), ('regressor__regressor__n_estimators', 2000)])





OPTIMIZING HYPERPARAMETERS FOR REGRESSOR RF 	SEED: 13


Best parameters: OrderedDict([('regressor__regressor__max_depth', None), ('regressor__regressor__max_features', 'log2'), ('regressor__regressor__min_samples_leaf', 0.05), ('regressor__regressor__min_samples_split', 0.05), ('regressor__regressor__n_estimators', 2000)])





OPTIMIZING HYPERPARAMETERS FOR REGRESSOR RF 	SEED: 42


Best parameters: OrderedDict([('regressor__regressor__max_depth', None), ('regressor__regressor__max_features', 'log2'), ('regressor__regressor__min_samples_leaf', 0.050796628068253545), ('regressor__regressor__min_samples_split', 0.06412543939476967), ('regressor__regressor__n_estimators', 160)])





OPTIMIZING HYPERPARAMETERS FOR REGRESSOR RF 	SEED: 42


Best parameters: OrderedDict([('regressor__regressor__max_depth', None), ('regressor__regressor__max_features', 'log2'), ('regressor__regressor__min_samples_leaf', 0.05), ('regressor__regressor__min_samples_split', 0.05), ('regressor__regressor__n_estimators', 50)])





OPTIMIZING HYPERPARAMETERS FOR REGRESSOR RF 	SEED: 42


Best parameters: OrderedDict([('regressor__regressor__max_depth', None), ('regressor__regressor__max_features', 'log2'), ('regressor__regressor__min_samples_leaf', 0.05), ('regressor__regressor__min_samples_split', 0.05), ('regressor__regressor__n_estimators', 50)])





OPTIMIZING HYPERPARAMETERS FOR REGRESSOR RF 	SEED: 42


Best parameters: OrderedDict([('regressor__regressor__max_depth', None), ('regressor__regressor__max_features', 'log2'), ('regressor__regressor__min_samples_leaf', 0.05), ('regressor__regressor__min_samples_split', 0.05), ('regressor__regressor__n_estimators', 2000)])





OPTIMIZING HYPERPARAMETERS FOR REGRESSOR RF 	SEED: 42


Best parameters: OrderedDict([('regressor__regressor__max_depth', None), ('regressor__regressor__max_features', 'log2'), ('regressor__regressor__min_samples_leaf', 0.05), ('regressor__regressor__min_samples_split', 0.05), ('regressor__regressor__n_estimators', 750)])





OPTIMIZING HYPERPARAMETERS FOR REGRESSOR RF 	SEED: 69


Best parameters: OrderedDict([('regressor__regressor__max_depth', None), ('regressor__regressor__max_features', 'log2'), ('regressor__regressor__min_samples_leaf', 0.05061438667950933), ('regressor__regressor__min_samples_split', 0.14539766921204816), ('regressor__regressor__n_estimators', 392)])





OPTIMIZING HYPERPARAMETERS FOR REGRESSOR RF 	SEED: 69


Best parameters: OrderedDict([('regressor__regressor__max_depth', None), ('regressor__regressor__max_features', 'sqrt'), ('regressor__regressor__min_samples_leaf', 0.05), ('regressor__regressor__min_samples_split', 0.05), ('regressor__regressor__n_estimators', 50)])





OPTIMIZING HYPERPARAMETERS FOR REGRESSOR RF 	SEED: 69


Best parameters: OrderedDict([('regressor__regressor__max_depth', None), ('regressor__regressor__max_features', 'sqrt'), ('regressor__regressor__min_samples_leaf', 0.05), ('regressor__regressor__min_samples_split', 0.05), ('regressor__regressor__n_estimators', 50)])





OPTIMIZING HYPERPARAMETERS FOR REGRESSOR RF 	SEED: 69


Best parameters: OrderedDict([('regressor__regressor__max_depth', None), ('regressor__regressor__max_features', 'log2'), ('regressor__regressor__min_samples_leaf', 0.05), ('regressor__regressor__min_samples_split', 0.05), ('regressor__regressor__n_estimators', 380)])





OPTIMIZING HYPERPARAMETERS FOR REGRESSOR RF 	SEED: 69


Best parameters: OrderedDict([('regressor__regressor__max_depth', None), ('regressor__regressor__max_features', 'log2'), ('regressor__regressor__min_samples_leaf', 0.05), ('regressor__regressor__min_samples_split', 0.05), ('regressor__regressor__n_estimators', 50)])





OPTIMIZING HYPERPARAMETERS FOR REGRESSOR RF 	SEED: 420


Best parameters: OrderedDict([('regressor__regressor__max_depth', None), ('regressor__regressor__max_features', 'log2'), ('regressor__regressor__min_samples_leaf', 0.05101262532277872), ('regressor__regressor__min_samples_split', 0.06254521950539323), ('regressor__regressor__n_estimators', 169)])





OPTIMIZING HYPERPARAMETERS FOR REGRESSOR RF 	SEED: 420


Best parameters: OrderedDict([('regressor__regressor__max_depth', None), ('regressor__regressor__max_features', 'log2'), ('regressor__regressor__min_samples_leaf', 0.050424021509830615), ('regressor__regressor__min_samples_split', 0.054681454545311266), ('regressor__regressor__n_estimators', 64)])





OPTIMIZING HYPERPARAMETERS FOR REGRESSOR RF 	SEED: 420


Best parameters: OrderedDict([('regressor__regressor__max_depth', None), ('regressor__regressor__max_features', 'sqrt'), ('regressor__regressor__min_samples_leaf', 0.05015574944519795), ('regressor__regressor__min_samples_split', 0.05761660271675556), ('regressor__regressor__n_estimators', 741)])





OPTIMIZING HYPERPARAMETERS FOR REGRESSOR RF 	SEED: 420


Best parameters: OrderedDict([('regressor__regressor__max_depth', None), ('regressor__regressor__max_features', 'log2'), ('regressor__regressor__min_samples_leaf', 0.05), ('regressor__regressor__min_samples_split', 0.1311017175183198), ('regressor__regressor__n_estimators', 84)])





OPTIMIZING HYPERPARAMETERS FOR REGRESSOR RF 	SEED: 420


Best parameters: OrderedDict([('regressor__regressor__max_depth', None), ('regressor__regressor__max_features', 'log2'), ('regressor__regressor__min_samples_leaf', 0.05), ('regressor__regressor__min_samples_split', 0.05), ('regressor__regressor__n_estimators', 1612)])





OPTIMIZING HYPERPARAMETERS FOR REGRESSOR RF 	SEED: 1234567890


Best parameters: OrderedDict([('regressor__regressor__max_depth', None), ('regressor__regressor__max_features', 'log2'), ('regressor__regressor__min_samples_leaf', 0.05), ('regressor__regressor__min_samples_split', 0.08312134031138682), ('regressor__regressor__n_estimators', 2000)])





OPTIMIZING HYPERPARAMETERS FOR REGRESSOR RF 	SEED: 1234567890


Best parameters: OrderedDict([('regressor__regressor__max_depth', None), ('regressor__regressor__max_features', 'log2'), ('regressor__regressor__min_samples_leaf', 0.05), ('regressor__regressor__min_samples_split', 0.05), ('regressor__regressor__n_estimators', 50)])





OPTIMIZING HYPERPARAMETERS FOR REGRESSOR RF 	SEED: 1234567890


Best parameters: OrderedDict([('regressor__regressor__max_depth', None), ('regressor__regressor__max_features', 'log2'), ('regressor__regressor__min_samples_leaf', 0.05), ('regressor__regressor__min_samples_split', 0.05), ('regressor__regressor__n_estimators', 50)])





OPTIMIZING HYPERPARAMETERS FOR REGRESSOR RF 	SEED: 1234567890


Best parameters: OrderedDict([('regressor__regressor__max_depth', None), ('regressor__regressor__max_features', 'sqrt'), ('regressor__regressor__min_samples_leaf', 0.05), ('regressor__regressor__min_samples_split', 0.08336936724404909), ('regressor__regressor__n_estimators', 2000)])





OPTIMIZING HYPERPARAMETERS FOR REGRESSOR RF 	SEED: 1234567890


Best parameters: OrderedDict([('regressor__regressor__max_depth', None), ('regressor__regressor__max_features', 'sqrt'), ('regressor__regressor__min_samples_leaf', 0.05), ('regressor__regressor__min_samples_split', 0.05), ('regressor__regressor__n_estimators', 50)])





OPTIMIZING HYPERPARAMETERS FOR REGRESSOR RF 	SEED: 473129


Best parameters: OrderedDict([('regressor__regressor__max_depth', None), ('regressor__regressor__max_features', 'sqrt'), ('regressor__regressor__min_samples_leaf', 0.05), ('regressor__regressor__min_samples_split', 0.1306233510286654), ('regressor__regressor__n_estimators', 130)])





OPTIMIZING HYPERPARAMETERS FOR REGRESSOR RF 	SEED: 473129


Best parameters: OrderedDict([('regressor__regressor__max_depth', None), ('regressor__regressor__max_features', 'sqrt'), ('regressor__regressor__min_samples_leaf', 0.050643995500361055), ('regressor__regressor__min_samples_split', 0.05028064287848031), ('regressor__regressor__n_estimators', 162)])





OPTIMIZING HYPERPARAMETERS FOR REGRESSOR RF 	SEED: 473129


Best parameters: OrderedDict([('regressor__regressor__max_depth', None), ('regressor__regressor__max_features', 'log2'), ('regressor__regressor__min_samples_leaf', 0.05), ('regressor__regressor__min_samples_split', 0.11427634144844794), ('regressor__regressor__n_estimators', 2000)])





OPTIMIZING HYPERPARAMETERS FOR REGRESSOR RF 	SEED: 473129


Best parameters: OrderedDict([('regressor__regressor__max_depth', None), ('regressor__regressor__max_features', 'sqrt'), ('regressor__regressor__min_samples_leaf', 0.05), ('regressor__regressor__min_samples_split', 0.05), ('regressor__regressor__n_estimators', 57)])





OPTIMIZING HYPERPARAMETERS FOR REGRESSOR RF 	SEED: 473129


Best parameters: OrderedDict([('regressor__regressor__max_depth', None), ('regressor__regressor__max_features', 'sqrt'), ('regressor__regressor__min_samples_leaf', 0.05), ('regressor__regressor__min_samples_split', 0.0907687872900019), ('regressor__regressor__n_estimators', 2000)])


Average scores:	 r: 0.35±0.1	 r2: 0.08±0.07
scaler
Filename: (solvent dP-solvent dD-solvent dH)_RF_Standard
/gpfs_common/share03/ddomlab/sdehgha2/working-space/main/P1_pls-dataset/pls-dataset-space/PLS-Dataset/results/target_Rh/scaler/(solvent dP-solvent dD-solvent dH)_RF_Standard_scores.json
/gpfs_common/share03/ddomlab/sdehgha2/working-space/main/P1_pls-dataset/pls-dataset-space/PLS-Dataset/results/target_Rh/scaler/(solvent dP-solvent dD-solvent dH)_RF_Standard_predictions.csv
/gpfs_common/share03/ddomlab/sdehgha2/working-space/main/P1_pls-dataset/pls-dataset-space/PLS-Dataset/results/target_Rh/scaler/(solvent dP-solvent dD-solvent dH)_RF_Standard_shape.json
Done Saving scores!

------------------------------------------------------------
Sender: LSF System <lsfadmin@c202n09>
Subject: Job 508817: <poly_HSP_with_RF_on_Rh (IW avg log)_no_Ra_poly> in cluster <Hazel> Done

Job <poly_HSP_with_RF_on_Rh (IW avg log)_no_Ra_poly> was submitted from host <c200n05> by user <sdehgha2> in cluster <Hazel> at Tue Nov 19 11:15:25 2024
Job was executed on host(s) <4*c202n09>, in queue <single_chassis>, as user <sdehgha2> in cluster <Hazel> at Tue Nov 19 12:44:09 2024
                            <4*c202n08>
</home/sdehgha2> was used as the home directory.
</share/ddomlab/sdehgha2/working-space/main/P1_pls-dataset/pls-dataset-space/PLS-Dataset/code_/training/hpc_submit_training_Rh> was used as the working directory.
Started at Tue Nov 19 12:44:09 2024
Terminated at Tue Nov 19 13:39:44 2024
Results reported at Tue Nov 19 13:39:44 2024

Your job looked like:

------------------------------------------------------------
# LSBATCH: User input

#BSUB -n 8
#BSUB -W 30:01
#BSUB -R span[ptile=4]
#BSUB -R "rusage[mem=32GB]"
#BSUB -J "poly_HSP_with_RF_on_Rh (IW avg log)_no_Ra_poly"
#BSUB -o "/share/ddomlab/sdehgha2/working-space/main/P1_pls-dataset/pls-dataset-space/PLS-Dataset/results/solvent_HSP_with_RF_on_Rh (IW avg log)_no_Ra_poly.out"
#BSUB -e "/share/ddomlab/sdehgha2/working-space/main/P1_pls-dataset/pls-dataset-space/PLS-Dataset/results/solvent_HSP_with_RF_on_Rh (IW avg log)_no_Ra_poly.err"

source ~/.bashrc
conda activate /usr/local/usrapps/ddomlab/sdehgha2/pls-dataset-env
python ../train_numerical_only.py --target_features "Rh (IW avg log)"                                   --regressor_type "RF"                                   --numerical_feats "solvent dP" "solvent dD" "solvent dH"
                                  
conda deactivate


------------------------------------------------------------

Successfully completed.

Resource usage summary:

    CPU time :                                   8582.00 sec.
    Max Memory :                                 2 GB
    Average Memory :                             1.94 GB
    Total Requested Memory :                     64.00 GB
    Delta Memory :                               62.00 GB
    Max Swap :                                   -
    Max Processes :                              30
    Max Threads :                                33
    Run time :                                   3336 sec.
    Turnaround time :                            8659 sec.

The output (if any) is above this job summary.



PS:

Read file </share/ddomlab/sdehgha2/working-space/main/P1_pls-dataset/pls-dataset-space/PLS-Dataset/results/solvent_HSP_with_RF_on_Rh (IW avg log)_no_Ra_poly.err> for stderr output of this job.

