Sender: LSF System <lsfadmin@c201n07>
Subject: Job 508818: <poly_HSP_with_MLR_on_Rh (IW avg log)_no_Ra_poly> in cluster <Hazel> Done

Job <poly_HSP_with_MLR_on_Rh (IW avg log)_no_Ra_poly> was submitted from host <c200n05> by user <sdehgha2> in cluster <Hazel> at Tue Nov 19 11:15:25 2024
Job was executed on host(s) <4*c201n07>, in queue <single_chassis>, as user <sdehgha2> in cluster <Hazel> at Tue Nov 19 12:50:29 2024
                            <4*c201n13>
</home/sdehgha2> was used as the home directory.
</share/ddomlab/sdehgha2/working-space/main/P1_pls-dataset/pls-dataset-space/PLS-Dataset/code_/training/hpc_submit_training_Rh> was used as the working directory.
Started at Tue Nov 19 12:50:29 2024
Terminated at Tue Nov 19 13:07:29 2024
Results reported at Tue Nov 19 13:07:29 2024

Your job looked like:

------------------------------------------------------------
# LSBATCH: User input

#BSUB -n 8
#BSUB -W 30:01
#BSUB -R span[ptile=4]
#BSUB -R "rusage[mem=32GB]"
#BSUB -J "poly_HSP_with_MLR_on_Rh (IW avg log)_no_Ra_poly"
#BSUB -o "/share/ddomlab/sdehgha2/working-space/main/P1_pls-dataset/pls-dataset-space/PLS-Dataset/results/solvent_HSP_with_MLR_on_Rh (IW avg log)_no_Ra_poly.out"
#BSUB -e "/share/ddomlab/sdehgha2/working-space/main/P1_pls-dataset/pls-dataset-space/PLS-Dataset/results/solvent_HSP_with_MLR_on_Rh (IW avg log)_no_Ra_poly.err"

source ~/.bashrc
conda activate /usr/local/usrapps/ddomlab/sdehgha2/pls-dataset-env
python ../train_numerical_only.py --target_features "Rh (IW avg log)"                                   --regressor_type "MLR"                                   --numerical_feats "solvent dP" "solvent dD" "solvent dH"
                                  
conda deactivate


------------------------------------------------------------

Successfully completed.

Resource usage summary:

    CPU time :                                   1082.00 sec.
    Max Memory :                                 2 GB
    Average Memory :                             1.67 GB
    Total Requested Memory :                     64.00 GB
    Delta Memory :                               62.00 GB
    Max Swap :                                   -
    Max Processes :                              30
    Max Threads :                                33
    Run time :                                   1021 sec.
    Turnaround time :                            6724 sec.

The output (if any) follows:




OPTIMIZING HYPERPARAMETERS FOR REGRESSOR MLR 	SEED: 6


Best parameters: OrderedDict([('regressor__regressor__fit_intercept', False)])





OPTIMIZING HYPERPARAMETERS FOR REGRESSOR MLR 	SEED: 6


Best parameters: OrderedDict([('regressor__regressor__fit_intercept', True)])





OPTIMIZING HYPERPARAMETERS FOR REGRESSOR MLR 	SEED: 6


Best parameters: OrderedDict([('regressor__regressor__fit_intercept', False)])





OPTIMIZING HYPERPARAMETERS FOR REGRESSOR MLR 	SEED: 6


Best parameters: OrderedDict([('regressor__regressor__fit_intercept', False)])





OPTIMIZING HYPERPARAMETERS FOR REGRESSOR MLR 	SEED: 6


Best parameters: OrderedDict([('regressor__regressor__fit_intercept', False)])





OPTIMIZING HYPERPARAMETERS FOR REGRESSOR MLR 	SEED: 13


Best parameters: OrderedDict([('regressor__regressor__fit_intercept', True)])





OPTIMIZING HYPERPARAMETERS FOR REGRESSOR MLR 	SEED: 13


Best parameters: OrderedDict([('regressor__regressor__fit_intercept', False)])





OPTIMIZING HYPERPARAMETERS FOR REGRESSOR MLR 	SEED: 13


Best parameters: OrderedDict([('regressor__regressor__fit_intercept', False)])





OPTIMIZING HYPERPARAMETERS FOR REGRESSOR MLR 	SEED: 13


Best parameters: OrderedDict([('regressor__regressor__fit_intercept', True)])





OPTIMIZING HYPERPARAMETERS FOR REGRESSOR MLR 	SEED: 13


Best parameters: OrderedDict([('regressor__regressor__fit_intercept', True)])





OPTIMIZING HYPERPARAMETERS FOR REGRESSOR MLR 	SEED: 42


Best parameters: OrderedDict([('regressor__regressor__fit_intercept', False)])





OPTIMIZING HYPERPARAMETERS FOR REGRESSOR MLR 	SEED: 42


Best parameters: OrderedDict([('regressor__regressor__fit_intercept', False)])





OPTIMIZING HYPERPARAMETERS FOR REGRESSOR MLR 	SEED: 42


Best parameters: OrderedDict([('regressor__regressor__fit_intercept', False)])





OPTIMIZING HYPERPARAMETERS FOR REGRESSOR MLR 	SEED: 42


Best parameters: OrderedDict([('regressor__regressor__fit_intercept', True)])





OPTIMIZING HYPERPARAMETERS FOR REGRESSOR MLR 	SEED: 42


Best parameters: OrderedDict([('regressor__regressor__fit_intercept', True)])





OPTIMIZING HYPERPARAMETERS FOR REGRESSOR MLR 	SEED: 69


Best parameters: OrderedDict([('regressor__regressor__fit_intercept', True)])





OPTIMIZING HYPERPARAMETERS FOR REGRESSOR MLR 	SEED: 69


Best parameters: OrderedDict([('regressor__regressor__fit_intercept', True)])





OPTIMIZING HYPERPARAMETERS FOR REGRESSOR MLR 	SEED: 69


Best parameters: OrderedDict([('regressor__regressor__fit_intercept', False)])





OPTIMIZING HYPERPARAMETERS FOR REGRESSOR MLR 	SEED: 69


Best parameters: OrderedDict([('regressor__regressor__fit_intercept', False)])





OPTIMIZING HYPERPARAMETERS FOR REGRESSOR MLR 	SEED: 69


Best parameters: OrderedDict([('regressor__regressor__fit_intercept', False)])





OPTIMIZING HYPERPARAMETERS FOR REGRESSOR MLR 	SEED: 420


Best parameters: OrderedDict([('regressor__regressor__fit_intercept', True)])





OPTIMIZING HYPERPARAMETERS FOR REGRESSOR MLR 	SEED: 420


Best parameters: OrderedDict([('regressor__regressor__fit_intercept', True)])





OPTIMIZING HYPERPARAMETERS FOR REGRESSOR MLR 	SEED: 420


Best parameters: OrderedDict([('regressor__regressor__fit_intercept', True)])





OPTIMIZING HYPERPARAMETERS FOR REGRESSOR MLR 	SEED: 420


Best parameters: OrderedDict([('regressor__regressor__fit_intercept', False)])





OPTIMIZING HYPERPARAMETERS FOR REGRESSOR MLR 	SEED: 420


Best parameters: OrderedDict([('regressor__regressor__fit_intercept', False)])





OPTIMIZING HYPERPARAMETERS FOR REGRESSOR MLR 	SEED: 1234567890


Best parameters: OrderedDict([('regressor__regressor__fit_intercept', True)])





OPTIMIZING HYPERPARAMETERS FOR REGRESSOR MLR 	SEED: 1234567890


Best parameters: OrderedDict([('regressor__regressor__fit_intercept', True)])





OPTIMIZING HYPERPARAMETERS FOR REGRESSOR MLR 	SEED: 1234567890


Best parameters: OrderedDict([('regressor__regressor__fit_intercept', False)])





OPTIMIZING HYPERPARAMETERS FOR REGRESSOR MLR 	SEED: 1234567890


Best parameters: OrderedDict([('regressor__regressor__fit_intercept', False)])





OPTIMIZING HYPERPARAMETERS FOR REGRESSOR MLR 	SEED: 1234567890


Best parameters: OrderedDict([('regressor__regressor__fit_intercept', True)])





OPTIMIZING HYPERPARAMETERS FOR REGRESSOR MLR 	SEED: 473129


Best parameters: OrderedDict([('regressor__regressor__fit_intercept', True)])





OPTIMIZING HYPERPARAMETERS FOR REGRESSOR MLR 	SEED: 473129


Best parameters: OrderedDict([('regressor__regressor__fit_intercept', False)])





OPTIMIZING HYPERPARAMETERS FOR REGRESSOR MLR 	SEED: 473129


Best parameters: OrderedDict([('regressor__regressor__fit_intercept', False)])





OPTIMIZING HYPERPARAMETERS FOR REGRESSOR MLR 	SEED: 473129


Best parameters: OrderedDict([('regressor__regressor__fit_intercept', True)])





OPTIMIZING HYPERPARAMETERS FOR REGRESSOR MLR 	SEED: 473129


Best parameters: OrderedDict([('regressor__regressor__fit_intercept', True)])


Average scores:	 r: 0.21±0.1	 r2: -0.05±0.11
scaler
Filename: (solvent dP-solvent dD-solvent dH)_MLR_Standard
/gpfs_common/share03/ddomlab/sdehgha2/working-space/main/P1_pls-dataset/pls-dataset-space/PLS-Dataset/results/target_Rh/scaler/(solvent dP-solvent dD-solvent dH)_MLR_Standard_scores.json
/gpfs_common/share03/ddomlab/sdehgha2/working-space/main/P1_pls-dataset/pls-dataset-space/PLS-Dataset/results/target_Rh/scaler/(solvent dP-solvent dD-solvent dH)_MLR_Standard_predictions.csv
/gpfs_common/share03/ddomlab/sdehgha2/working-space/main/P1_pls-dataset/pls-dataset-space/PLS-Dataset/results/target_Rh/scaler/(solvent dP-solvent dD-solvent dH)_MLR_Standard_shape.json
Done Saving scores!


PS:

Read file </share/ddomlab/sdehgha2/working-space/main/P1_pls-dataset/pls-dataset-space/PLS-Dataset/results/solvent_HSP_with_MLR_on_Rh (IW avg log)_no_Ra_poly.err> for stderr output of this job.

