/usr/local/usrapps/ddomlab/sdehgha2/pls-dataset-env/lib/python3.10/site-packages/skopt/optimizer/optimizer.py:517: UserWarning: The objective has been evaluated at point [0.1, 10, 2000, -2] before, using random point [0.015948362532036926, 132, 202, -2]
  warnings.warn(
Traceback (most recent call last):
  File "/gpfs_common/share03/ddomlab/sdehgha2/working-space/main/P1_pls-dataset/pls-dataset-space/PLS-Dataset/code_/training/hpc_submit_training_Rh/../train_structure_numerical.py", line 3, in <module>
    from training_utils import train_regressor
  File "/gpfs_common/share03/ddomlab/sdehgha2/working-space/main/P1_pls-dataset/pls-dataset-space/PLS-Dataset/code_/training/training_utils.py", line 13, in <module>
    from data_handling import remove_unserializable_keys, save_results
  File "/gpfs_common/share03/ddomlab/sdehgha2/working-space/main/P1_pls-dataset/pls-dataset-space/PLS-Dataset/code_/training/data_handling.py", line 8, in <module>
    from all_factories import radius_to_bits
  File "/gpfs_common/share03/ddomlab/sdehgha2/working-space/main/P1_pls-dataset/pls-dataset-space/PLS-Dataset/code_/training/all_factories.py", line 9, in <module>
    from GPR_model import GPRegressor
  File "/gpfs_common/share03/ddomlab/sdehgha2/working-space/main/P1_pls-dataset/pls-dataset-space/PLS-Dataset/code_/training/GPR_model.py", line 1, in <module>
    import gpytorch
  File "/usr/local/usrapps/ddomlab/sdehgha2/pls-dataset-env/lib/python3.10/site-packages/gpytorch/__init__.py", line 5, in <module>
    import linear_operator
  File "/usr/local/usrapps/ddomlab/sdehgha2/pls-dataset-env/lib/python3.10/site-packages/linear_operator/__init__.py", line 2, in <module>
    from linear_operator import beta_features, operators, settings, utils
  File "/usr/local/usrapps/ddomlab/sdehgha2/pls-dataset-env/lib/python3.10/site-packages/linear_operator/beta_features.py", line 5, in <module>
    from linear_operator.settings import _feature_flag
  File "/usr/local/usrapps/ddomlab/sdehgha2/pls-dataset-env/lib/python3.10/site-packages/linear_operator/settings.py", line 5, in <module>
    import torch
  File "/usr/local/usrapps/ddomlab/sdehgha2/pls-dataset-env/lib/python3.10/site-packages/torch/__init__.py", line 2016, in <module>
    from torch import _VF as _VF, functional as functional  # usort: skip
  File "/usr/local/usrapps/ddomlab/sdehgha2/pls-dataset-env/lib/python3.10/site-packages/torch/functional.py", line 7, in <module>
    import torch.nn.functional as F
  File "/usr/local/usrapps/ddomlab/sdehgha2/pls-dataset-env/lib/python3.10/site-packages/torch/nn/__init__.py", line 8, in <module>
    from torch.nn.modules import *  # usort: skip # noqa: F403
  File "/usr/local/usrapps/ddomlab/sdehgha2/pls-dataset-env/lib/python3.10/site-packages/torch/nn/modules/__init__.py", line 1, in <module>
    from .module import Module  # usort: skip
  File "/usr/local/usrapps/ddomlab/sdehgha2/pls-dataset-env/lib/python3.10/site-packages/torch/nn/modules/module.py", line 29, in <module>
    from torch.utils._python_dispatch import is_traceable_wrapper_subclass
  File "/usr/local/usrapps/ddomlab/sdehgha2/pls-dataset-env/lib/python3.10/site-packages/torch/utils/__init__.py", line 8, in <module>
    from torch.utils import (
  File "/usr/local/usrapps/ddomlab/sdehgha2/pls-dataset-env/lib/python3.10/site-packages/torch/utils/data/__init__.py", line 1, in <module>
    from torch.utils.data.dataloader import (
  File "/usr/local/usrapps/ddomlab/sdehgha2/pls-dataset-env/lib/python3.10/site-packages/torch/utils/data/dataloader.py", line 20, in <module>
    import torch.distributed as dist
  File "/usr/local/usrapps/ddomlab/sdehgha2/pls-dataset-env/lib/python3.10/site-packages/torch/distributed/__init__.py", line 122, in <module>
    from .device_mesh import DeviceMesh, init_device_mesh
  File "/usr/local/usrapps/ddomlab/sdehgha2/pls-dataset-env/lib/python3.10/site-packages/torch/distributed/device_mesh.py", line 39, in <module>
    from torch.distributed.distributed_c10d import (
  File "/usr/local/usrapps/ddomlab/sdehgha2/pls-dataset-env/lib/python3.10/site-packages/torch/distributed/distributed_c10d.py", line 50, in <module>
    from .constants import default_pg_nccl_timeout, default_pg_timeout
  File "<frozen importlib._bootstrap>", line 1027, in _find_and_load
  File "<frozen importlib._bootstrap>", line 1006, in _find_and_load_unlocked
  File "<frozen importlib._bootstrap>", line 688, in _load_unlocked
  File "<frozen importlib._bootstrap_external>", line 879, in exec_module
  File "<frozen importlib._bootstrap_external>", line 975, in get_code
  File "<frozen importlib._bootstrap_external>", line 1074, in get_data
KeyboardInterrupt
