


OPTIMIZING HYPERPARAMETERS FOR REGRESSOR XGBR 	SEED: 6


Best parameters: OrderedDict([('regressor__regressor__learning_rate', 0.00129965449066016), ('regressor__regressor__max_depth', 10000), ('regressor__regressor__n_estimators', 2000), ('regressor__regressor__n_jobs', -2)])





OPTIMIZING HYPERPARAMETERS FOR REGRESSOR XGBR 	SEED: 6


Best parameters: OrderedDict([('regressor__regressor__learning_rate', 0.011252608444467915), ('regressor__regressor__max_depth', 10000), ('regressor__regressor__n_estimators', 200), ('regressor__regressor__n_jobs', -2)])





OPTIMIZING HYPERPARAMETERS FOR REGRESSOR XGBR 	SEED: 6


Best parameters: OrderedDict([('regressor__regressor__learning_rate', 0.004157396099210925), ('regressor__regressor__max_depth', 10000), ('regressor__regressor__n_estimators', 666), ('regressor__regressor__n_jobs', -2)])





OPTIMIZING HYPERPARAMETERS FOR REGRESSOR XGBR 	SEED: 6


Best parameters: OrderedDict([('regressor__regressor__learning_rate', 0.002035733258900293), ('regressor__regressor__max_depth', 29), ('regressor__regressor__n_estimators', 2000), ('regressor__regressor__n_jobs', -2)])





OPTIMIZING HYPERPARAMETERS FOR REGRESSOR XGBR 	SEED: 6


Best parameters: OrderedDict([('regressor__regressor__learning_rate', 0.040263341071320374), ('regressor__regressor__max_depth', 10), ('regressor__regressor__n_estimators', 63), ('regressor__regressor__n_jobs', -2)])





OPTIMIZING HYPERPARAMETERS FOR REGRESSOR XGBR 	SEED: 13


Best parameters: OrderedDict([('regressor__regressor__learning_rate', 0.0030214554869261406), ('regressor__regressor__max_depth', 10), ('regressor__regressor__n_estimators', 214), ('regressor__regressor__n_jobs', -2)])





OPTIMIZING HYPERPARAMETERS FOR REGRESSOR XGBR 	SEED: 13


Best parameters: OrderedDict([('regressor__regressor__learning_rate', 0.02478788203220696), ('regressor__regressor__max_depth', 10), ('regressor__regressor__n_estimators', 81), ('regressor__regressor__n_jobs', -2)])





OPTIMIZING HYPERPARAMETERS FOR REGRESSOR XGBR 	SEED: 13


Best parameters: OrderedDict([('regressor__regressor__learning_rate', 0.001238037258931047), ('regressor__regressor__max_depth', 10), ('regressor__regressor__n_estimators', 2000), ('regressor__regressor__n_jobs', -2)])





OPTIMIZING HYPERPARAMETERS FOR REGRESSOR XGBR 	SEED: 13


Best parameters: OrderedDict([('regressor__regressor__learning_rate', 0.016033253672709313), ('regressor__regressor__max_depth', 10), ('regressor__regressor__n_estimators', 62), ('regressor__regressor__n_jobs', -2)])





OPTIMIZING HYPERPARAMETERS FOR REGRESSOR XGBR 	SEED: 13


Best parameters: OrderedDict([('regressor__regressor__learning_rate', 0.0011962474010600562), ('regressor__regressor__max_depth', 10000), ('regressor__regressor__n_estimators', 571), ('regressor__regressor__n_jobs', -2)])





OPTIMIZING HYPERPARAMETERS FOR REGRESSOR XGBR 	SEED: 42


Best parameters: OrderedDict([('regressor__regressor__learning_rate', 0.0031887979556043194), ('regressor__regressor__max_depth', 10), ('regressor__regressor__n_estimators', 714), ('regressor__regressor__n_jobs', -2)])





OPTIMIZING HYPERPARAMETERS FOR REGRESSOR XGBR 	SEED: 42


Best parameters: OrderedDict([('regressor__regressor__learning_rate', 0.02053323387261557), ('regressor__regressor__max_depth', 10000), ('regressor__regressor__n_estimators', 50), ('regressor__regressor__n_jobs', -2)])





OPTIMIZING HYPERPARAMETERS FOR REGRESSOR XGBR 	SEED: 42


Best parameters: OrderedDict([('regressor__regressor__learning_rate', 0.007636897130714037), ('regressor__regressor__max_depth', 10), ('regressor__regressor__n_estimators', 182), ('regressor__regressor__n_jobs', -2)])





OPTIMIZING HYPERPARAMETERS FOR REGRESSOR XGBR 	SEED: 42


Best parameters: OrderedDict([('regressor__regressor__learning_rate', 0.0016840394653935065), ('regressor__regressor__max_depth', 10), ('regressor__regressor__n_estimators', 2000), ('regressor__regressor__n_jobs', -2)])





OPTIMIZING HYPERPARAMETERS FOR REGRESSOR XGBR 	SEED: 42


Best parameters: OrderedDict([('regressor__regressor__learning_rate', 0.03125778771941173), ('regressor__regressor__max_depth', 10000), ('regressor__regressor__n_estimators', 50), ('regressor__regressor__n_jobs', -2)])





OPTIMIZING HYPERPARAMETERS FOR REGRESSOR XGBR 	SEED: 69


Best parameters: OrderedDict([('regressor__regressor__learning_rate', 0.001), ('regressor__regressor__max_depth', 698), ('regressor__regressor__n_estimators', 1255), ('regressor__regressor__n_jobs', -2)])





OPTIMIZING HYPERPARAMETERS FOR REGRESSOR XGBR 	SEED: 69


Best parameters: OrderedDict([('regressor__regressor__learning_rate', 0.1), ('regressor__regressor__max_depth', 10000), ('regressor__regressor__n_estimators', 50), ('regressor__regressor__n_jobs', -2)])





OPTIMIZING HYPERPARAMETERS FOR REGRESSOR XGBR 	SEED: 69


Best parameters: OrderedDict([('regressor__regressor__learning_rate', 0.0020439188382174508), ('regressor__regressor__max_depth', 10000), ('regressor__regressor__n_estimators', 536), ('regressor__regressor__n_jobs', -2)])





OPTIMIZING HYPERPARAMETERS FOR REGRESSOR XGBR 	SEED: 69


Best parameters: OrderedDict([('regressor__regressor__learning_rate', 0.02567572638989413), ('regressor__regressor__max_depth', 10000), ('regressor__regressor__n_estimators', 50), ('regressor__regressor__n_jobs', -2)])





OPTIMIZING HYPERPARAMETERS FOR REGRESSOR XGBR 	SEED: 69


Best parameters: OrderedDict([('regressor__regressor__learning_rate', 0.004649363415063956), ('regressor__regressor__max_depth', 10), ('regressor__regressor__n_estimators', 299), ('regressor__regressor__n_jobs', -2)])





OPTIMIZING HYPERPARAMETERS FOR REGRESSOR XGBR 	SEED: 420


Best parameters: OrderedDict([('regressor__regressor__learning_rate', 0.002037936416098007), ('regressor__regressor__max_depth', 10), ('regressor__regressor__n_estimators', 271), ('regressor__regressor__n_jobs', -2)])





OPTIMIZING HYPERPARAMETERS FOR REGRESSOR XGBR 	SEED: 420


Best parameters: OrderedDict([('regressor__regressor__learning_rate', 0.007494809030610342), ('regressor__regressor__max_depth', 10000), ('regressor__regressor__n_estimators', 153), ('regressor__regressor__n_jobs', -2)])





OPTIMIZING HYPERPARAMETERS FOR REGRESSOR XGBR 	SEED: 420


Best parameters: OrderedDict([('regressor__regressor__learning_rate', 0.04978658701573717), ('regressor__regressor__max_depth', 10000), ('regressor__regressor__n_estimators', 50), ('regressor__regressor__n_jobs', -2)])





OPTIMIZING HYPERPARAMETERS FOR REGRESSOR XGBR 	SEED: 420


Best parameters: OrderedDict([('regressor__regressor__learning_rate', 0.011841776735563546), ('regressor__regressor__max_depth', 10000), ('regressor__regressor__n_estimators', 220), ('regressor__regressor__n_jobs', -2)])





OPTIMIZING HYPERPARAMETERS FOR REGRESSOR XGBR 	SEED: 420


Best parameters: OrderedDict([('regressor__regressor__learning_rate', 0.005042991798725701), ('regressor__regressor__max_depth', 10), ('regressor__regressor__n_estimators', 497), ('regressor__regressor__n_jobs', -2)])





OPTIMIZING HYPERPARAMETERS FOR REGRESSOR XGBR 	SEED: 1234567890


Best parameters: OrderedDict([('regressor__regressor__learning_rate', 0.0016769466192970725), ('regressor__regressor__max_depth', 10000), ('regressor__regressor__n_estimators', 2000), ('regressor__regressor__n_jobs', -2)])





OPTIMIZING HYPERPARAMETERS FOR REGRESSOR XGBR 	SEED: 1234567890


Best parameters: OrderedDict([('regressor__regressor__learning_rate', 0.050349488124419486), ('regressor__regressor__max_depth', 10), ('regressor__regressor__n_estimators', 50), ('regressor__regressor__n_jobs', -2)])





OPTIMIZING HYPERPARAMETERS FOR REGRESSOR XGBR 	SEED: 1234567890


Best parameters: OrderedDict([('regressor__regressor__learning_rate', 0.0026497970992291815), ('regressor__regressor__max_depth', 10), ('regressor__regressor__n_estimators', 2000), ('regressor__regressor__n_jobs', -2)])





OPTIMIZING HYPERPARAMETERS FOR REGRESSOR XGBR 	SEED: 1234567890


Best parameters: OrderedDict([('regressor__regressor__learning_rate', 0.005740964975868076), ('regressor__regressor__max_depth', 10), ('regressor__regressor__n_estimators', 424), ('regressor__regressor__n_jobs', -2)])





OPTIMIZING HYPERPARAMETERS FOR REGRESSOR XGBR 	SEED: 1234567890


Best parameters: OrderedDict([('regressor__regressor__learning_rate', 0.0029714149491632666), ('regressor__regressor__max_depth', 10), ('regressor__regressor__n_estimators', 432), ('regressor__regressor__n_jobs', -2)])





OPTIMIZING HYPERPARAMETERS FOR REGRESSOR XGBR 	SEED: 473129


Best parameters: OrderedDict([('regressor__regressor__learning_rate', 0.011245542994388472), ('regressor__regressor__max_depth', 10), ('regressor__regressor__n_estimators', 191), ('regressor__regressor__n_jobs', -2)])





OPTIMIZING HYPERPARAMETERS FOR REGRESSOR XGBR 	SEED: 473129


Best parameters: OrderedDict([('regressor__regressor__learning_rate', 0.07246485888872818), ('regressor__regressor__max_depth', 10000), ('regressor__regressor__n_estimators', 2000), ('regressor__regressor__n_jobs', -2)])





OPTIMIZING HYPERPARAMETERS FOR REGRESSOR XGBR 	SEED: 473129


Best parameters: OrderedDict([('regressor__regressor__learning_rate', 0.023484563874171308), ('regressor__regressor__max_depth', 10000), ('regressor__regressor__n_estimators', 110), ('regressor__regressor__n_jobs', -2)])





OPTIMIZING HYPERPARAMETERS FOR REGRESSOR XGBR 	SEED: 473129


Best parameters: OrderedDict([('regressor__regressor__learning_rate', 0.003078222195627116), ('regressor__regressor__max_depth', 10), ('regressor__regressor__n_estimators', 410), ('regressor__regressor__n_jobs', -2)])





OPTIMIZING HYPERPARAMETERS FOR REGRESSOR XGBR 	SEED: 473129


Best parameters: OrderedDict([('regressor__regressor__learning_rate', 0.01391517583017331), ('regressor__regressor__max_depth', 10), ('regressor__regressor__n_estimators', 156), ('regressor__regressor__n_jobs', -2)])


Average scores:	 r: 0.93±0.11	 r2: 0.82±0.32
Monomer_scaler
Filename: (Mordred-PDI-Mw-concentration-temperature-solvent dP-solvent dD-solvent dH)_XGBR_mean_Standard
/gpfs_common/share03/ddomlab/sdehgha2/working-space/main/P1_pls-dataset/pls-dataset-space/PLS-Dataset/results/target_Rg/Monomer_scaler/(Mordred-PDI-Mw-concentration-temperature-solvent dP-solvent dD-solvent dH)_XGBR_mean_Standard_scores.json
/gpfs_common/share03/ddomlab/sdehgha2/working-space/main/P1_pls-dataset/pls-dataset-space/PLS-Dataset/results/target_Rg/Monomer_scaler/(Mordred-PDI-Mw-concentration-temperature-solvent dP-solvent dD-solvent dH)_XGBR_mean_Standard_predictions.csv
/gpfs_common/share03/ddomlab/sdehgha2/working-space/main/P1_pls-dataset/pls-dataset-space/PLS-Dataset/results/target_Rg/Monomer_scaler/(Mordred-PDI-Mw-concentration-temperature-solvent dP-solvent dD-solvent dH)_XGBR_mean_Standard_shape.json
Done Saving scores!

------------------------------------------------------------
Sender: LSF System <lsfadmin@c203n11>
Subject: Job 109703: <XGBR_Rg1 (nm)_Mordred_Standard_Monomer> in cluster <Hazel> Done

Job <XGBR_Rg1 (nm)_Mordred_Standard_Monomer> was submitted from host <c207n01> by user <sdehgha2> in cluster <Hazel> at Wed Jan  1 13:39:55 2025
Job was executed on host(s) <2*c203n11>, in queue <single_chassis>, as user <sdehgha2> in cluster <Hazel> at Wed Jan  1 13:39:56 2025
                            <2*c203n13>
                            <2*c203n05>
</home/sdehgha2> was used as the home directory.
</share/ddomlab/sdehgha2/working-space/main/P1_pls-dataset/pls-dataset-space/PLS-Dataset/code_/training/hpc_submit_training_Rh> was used as the working directory.
Started at Wed Jan  1 13:39:56 2025
Terminated at Wed Jan  1 17:09:47 2025
Results reported at Wed Jan  1 17:09:47 2025

Your job looked like:

------------------------------------------------------------
# LSBATCH: User input



#BSUB -n 6
#BSUB -W 72:05
#BSUB -R span[ptile=2]
#BSUB -R "rusage[mem=16GB]"
#BSUB -J "XGBR_Rg1 (nm)_Mordred_Standard_Monomer"  
#BSUB -o "/share/ddomlab/sdehgha2/working-space/main/P1_pls-dataset/pls-dataset-space/PLS-Dataset/results/XGBR_Rg1 (nm)_Mordred_Standard_Monomer_20250101.out"
#BSUB -e "/share/ddomlab/sdehgha2/working-space/main/P1_pls-dataset/pls-dataset-space/PLS-Dataset/results/XGBR_Rg1 (nm)_Mordred_Standard_Monomer_20250101.err"

source ~/.bashrc
conda activate /usr/local/usrapps/ddomlab/sdehgha2/pls-dataset-env
python ../train_structure_numerical.py --target_features "Rg1 (nm)"                                       --representation "Mordred"                                       --regressor_type "XGBR"                                       --transform_type "Standard"                                       --oligomer_representation "Monomer"                                       --numerical_feats 'Mn (g/mol)' 'PDI' 'Mw (g/mol)' 'Concentration (mg/ml)' 'Temperature SANS/SLS/DLS/SEC (K)' 'solvent dP' 'solvent dD' 'solvent dH'                                       --columns_to_impute "PDI" "Temperature SANS/SLS/DLS/SEC (K)" "Concentration (mg/ml)"                                       --special_impute 'Mw (g/mol)'                                       --imputer mean 




------------------------------------------------------------

Successfully completed.

Resource usage summary:

    CPU time :                                   45309.00 sec.
    Max Memory :                                 6 GB
    Average Memory :                             5.78 GB
    Total Requested Memory :                     48.00 GB
    Delta Memory :                               42.00 GB
    Max Swap :                                   -
    Max Processes :                              26
    Max Threads :                                29
    Run time :                                   12594 sec.
    Turnaround time :                            12592 sec.

The output (if any) is above this job summary.



PS:

Read file </share/ddomlab/sdehgha2/working-space/main/P1_pls-dataset/pls-dataset-space/PLS-Dataset/results/XGBR_Rg1 (nm)_Mordred_Standard_Monomer_20250101.err> for stderr output of this job.

