


OPTIMIZING HYPERPARAMETERS FOR REGRESSOR XGBR 	SEED: 6


Best parameters: OrderedDict([('regressor__regressor__learning_rate', 0.05591430682552232), ('regressor__regressor__max_depth', 10), ('regressor__regressor__n_estimators', 93), ('regressor__regressor__n_jobs', -2)])





OPTIMIZING HYPERPARAMETERS FOR REGRESSOR XGBR 	SEED: 6


Best parameters: OrderedDict([('regressor__regressor__learning_rate', 0.04278111804139033), ('regressor__regressor__max_depth', 10), ('regressor__regressor__n_estimators', 50), ('regressor__regressor__n_jobs', -2)])





OPTIMIZING HYPERPARAMETERS FOR REGRESSOR XGBR 	SEED: 6


Best parameters: OrderedDict([('regressor__regressor__learning_rate', 0.014630650415646108), ('regressor__regressor__max_depth', 36), ('regressor__regressor__n_estimators', 193), ('regressor__regressor__n_jobs', -2)])





OPTIMIZING HYPERPARAMETERS FOR REGRESSOR XGBR 	SEED: 6


Best parameters: OrderedDict([('regressor__regressor__learning_rate', 0.02771539704846923), ('regressor__regressor__max_depth', 10), ('regressor__regressor__n_estimators', 200), ('regressor__regressor__n_jobs', -2)])





OPTIMIZING HYPERPARAMETERS FOR REGRESSOR XGBR 	SEED: 6


Best parameters: OrderedDict([('regressor__regressor__learning_rate', 0.01295797054085798), ('regressor__regressor__max_depth', 470), ('regressor__regressor__n_estimators', 107), ('regressor__regressor__n_jobs', -2)])





OPTIMIZING HYPERPARAMETERS FOR REGRESSOR XGBR 	SEED: 13


Best parameters: OrderedDict([('regressor__regressor__learning_rate', 0.00813608923977813), ('regressor__regressor__max_depth', 245), ('regressor__regressor__n_estimators', 58), ('regressor__regressor__n_jobs', -2)])





OPTIMIZING HYPERPARAMETERS FOR REGRESSOR XGBR 	SEED: 13


Best parameters: OrderedDict([('regressor__regressor__learning_rate', 0.002371553709175237), ('regressor__regressor__max_depth', 10000), ('regressor__regressor__n_estimators', 670), ('regressor__regressor__n_jobs', -2)])





OPTIMIZING HYPERPARAMETERS FOR REGRESSOR XGBR 	SEED: 13


Best parameters: OrderedDict([('regressor__regressor__learning_rate', 0.006012181351639005), ('regressor__regressor__max_depth', 1210), ('regressor__regressor__n_estimators', 80), ('regressor__regressor__n_jobs', -2)])





OPTIMIZING HYPERPARAMETERS FOR REGRESSOR XGBR 	SEED: 13


Best parameters: OrderedDict([('regressor__regressor__learning_rate', 0.005031018751967729), ('regressor__regressor__max_depth', 10), ('regressor__regressor__n_estimators', 1255), ('regressor__regressor__n_jobs', -2)])





OPTIMIZING HYPERPARAMETERS FOR REGRESSOR XGBR 	SEED: 13


Best parameters: OrderedDict([('regressor__regressor__learning_rate', 0.003309360421077887), ('regressor__regressor__max_depth', 50), ('regressor__regressor__n_estimators', 252), ('regressor__regressor__n_jobs', -2)])





OPTIMIZING HYPERPARAMETERS FOR REGRESSOR XGBR 	SEED: 42


Best parameters: OrderedDict([('regressor__regressor__learning_rate', 0.0078627627280334), ('regressor__regressor__max_depth', 5601), ('regressor__regressor__n_estimators', 75), ('regressor__regressor__n_jobs', -2)])





OPTIMIZING HYPERPARAMETERS FOR REGRESSOR XGBR 	SEED: 42


Best parameters: OrderedDict([('regressor__regressor__learning_rate', 0.002496600118192329), ('regressor__regressor__max_depth', 10), ('regressor__regressor__n_estimators', 2000), ('regressor__regressor__n_jobs', -2)])





OPTIMIZING HYPERPARAMETERS FOR REGRESSOR XGBR 	SEED: 42


Best parameters: OrderedDict([('regressor__regressor__learning_rate', 0.004632985172130918), ('regressor__regressor__max_depth', 10), ('regressor__regressor__n_estimators', 1785), ('regressor__regressor__n_jobs', -2)])





OPTIMIZING HYPERPARAMETERS FOR REGRESSOR XGBR 	SEED: 42


Best parameters: OrderedDict([('regressor__regressor__learning_rate', 0.002244376927651249), ('regressor__regressor__max_depth', 10), ('regressor__regressor__n_estimators', 1255), ('regressor__regressor__n_jobs', -2)])





OPTIMIZING HYPERPARAMETERS FOR REGRESSOR XGBR 	SEED: 42


Best parameters: OrderedDict([('regressor__regressor__learning_rate', 0.01575281131996313), ('regressor__regressor__max_depth', 10), ('regressor__regressor__n_estimators', 93), ('regressor__regressor__n_jobs', -2)])





OPTIMIZING HYPERPARAMETERS FOR REGRESSOR XGBR 	SEED: 69


Best parameters: OrderedDict([('regressor__regressor__learning_rate', 0.013121340277331396), ('regressor__regressor__max_depth', 3473), ('regressor__regressor__n_estimators', 98), ('regressor__regressor__n_jobs', -2)])





OPTIMIZING HYPERPARAMETERS FOR REGRESSOR XGBR 	SEED: 69


Best parameters: OrderedDict([('regressor__regressor__learning_rate', 0.013978993462480093), ('regressor__regressor__max_depth', 653), ('regressor__regressor__n_estimators', 60), ('regressor__regressor__n_jobs', -2)])





OPTIMIZING HYPERPARAMETERS FOR REGRESSOR XGBR 	SEED: 69


Best parameters: OrderedDict([('regressor__regressor__learning_rate', 0.016676830379043737), ('regressor__regressor__max_depth', 22), ('regressor__regressor__n_estimators', 50), ('regressor__regressor__n_jobs', -2)])





OPTIMIZING HYPERPARAMETERS FOR REGRESSOR XGBR 	SEED: 69


Best parameters: OrderedDict([('regressor__regressor__learning_rate', 0.014155289914642094), ('regressor__regressor__max_depth', 2073), ('regressor__regressor__n_estimators', 65), ('regressor__regressor__n_jobs', -2)])





OPTIMIZING HYPERPARAMETERS FOR REGRESSOR XGBR 	SEED: 69


Best parameters: OrderedDict([('regressor__regressor__learning_rate', 0.01665119210649153), ('regressor__regressor__max_depth', 22), ('regressor__regressor__n_estimators', 50), ('regressor__regressor__n_jobs', -2)])





OPTIMIZING HYPERPARAMETERS FOR REGRESSOR XGBR 	SEED: 420


Best parameters: OrderedDict([('regressor__regressor__learning_rate', 0.0016031493388690805), ('regressor__regressor__max_depth', 10), ('regressor__regressor__n_estimators', 859), ('regressor__regressor__n_jobs', -2)])





OPTIMIZING HYPERPARAMETERS FOR REGRESSOR XGBR 	SEED: 420


Best parameters: OrderedDict([('regressor__regressor__learning_rate', 0.02610356710078182), ('regressor__regressor__max_depth', 34), ('regressor__regressor__n_estimators', 50), ('regressor__regressor__n_jobs', -2)])





OPTIMIZING HYPERPARAMETERS FOR REGRESSOR XGBR 	SEED: 420


Best parameters: OrderedDict([('regressor__regressor__learning_rate', 0.0428839069891835), ('regressor__regressor__max_depth', 236), ('regressor__regressor__n_estimators', 102), ('regressor__regressor__n_jobs', -2)])





OPTIMIZING HYPERPARAMETERS FOR REGRESSOR XGBR 	SEED: 420


Best parameters: OrderedDict([('regressor__regressor__learning_rate', 0.054435925991655705), ('regressor__regressor__max_depth', 10), ('regressor__regressor__n_estimators', 50), ('regressor__regressor__n_jobs', -2)])





OPTIMIZING HYPERPARAMETERS FOR REGRESSOR XGBR 	SEED: 420


Best parameters: OrderedDict([('regressor__regressor__learning_rate', 0.010814061258906438), ('regressor__regressor__max_depth', 3012), ('regressor__regressor__n_estimators', 178), ('regressor__regressor__n_jobs', -2)])





OPTIMIZING HYPERPARAMETERS FOR REGRESSOR XGBR 	SEED: 1234567890


Best parameters: OrderedDict([('regressor__regressor__learning_rate', 0.008539970725353976), ('regressor__regressor__max_depth', 583), ('regressor__regressor__n_estimators', 138), ('regressor__regressor__n_jobs', -2)])





OPTIMIZING HYPERPARAMETERS FOR REGRESSOR XGBR 	SEED: 1234567890


Best parameters: OrderedDict([('regressor__regressor__learning_rate', 0.02102631201726441), ('regressor__regressor__max_depth', 10000), ('regressor__regressor__n_estimators', 69), ('regressor__regressor__n_jobs', -2)])





OPTIMIZING HYPERPARAMETERS FOR REGRESSOR XGBR 	SEED: 1234567890


Best parameters: OrderedDict([('regressor__regressor__learning_rate', 0.0010133931792121117), ('regressor__regressor__max_depth', 88), ('regressor__regressor__n_estimators', 711), ('regressor__regressor__n_jobs', -2)])





OPTIMIZING HYPERPARAMETERS FOR REGRESSOR XGBR 	SEED: 1234567890


Best parameters: OrderedDict([('regressor__regressor__learning_rate', 0.013868659478576937), ('regressor__regressor__max_depth', 1689), ('regressor__regressor__n_estimators', 64), ('regressor__regressor__n_jobs', -2)])





OPTIMIZING HYPERPARAMETERS FOR REGRESSOR XGBR 	SEED: 1234567890


Best parameters: OrderedDict([('regressor__regressor__learning_rate', 0.018390633037010603), ('regressor__regressor__max_depth', 1479), ('regressor__regressor__n_estimators', 59), ('regressor__regressor__n_jobs', -2)])





OPTIMIZING HYPERPARAMETERS FOR REGRESSOR XGBR 	SEED: 473129


Best parameters: OrderedDict([('regressor__regressor__learning_rate', 0.004173098521000518), ('regressor__regressor__max_depth', 10000), ('regressor__regressor__n_estimators', 166), ('regressor__regressor__n_jobs', -2)])





OPTIMIZING HYPERPARAMETERS FOR REGRESSOR XGBR 	SEED: 473129


Best parameters: OrderedDict([('regressor__regressor__learning_rate', 0.002959468265267479), ('regressor__regressor__max_depth', 15), ('regressor__regressor__n_estimators', 362), ('regressor__regressor__n_jobs', -2)])





OPTIMIZING HYPERPARAMETERS FOR REGRESSOR XGBR 	SEED: 473129


Best parameters: OrderedDict([('regressor__regressor__learning_rate', 0.055137009325094605), ('regressor__regressor__max_depth', 10), ('regressor__regressor__n_estimators', 50), ('regressor__regressor__n_jobs', -2)])





OPTIMIZING HYPERPARAMETERS FOR REGRESSOR XGBR 	SEED: 473129


Best parameters: OrderedDict([('regressor__regressor__learning_rate', 0.001126894525522175), ('regressor__regressor__max_depth', 1489), ('regressor__regressor__n_estimators', 457), ('regressor__regressor__n_jobs', -2)])





OPTIMIZING HYPERPARAMETERS FOR REGRESSOR XGBR 	SEED: 473129


Best parameters: OrderedDict([('regressor__regressor__learning_rate', 0.1), ('regressor__regressor__max_depth', 10), ('regressor__regressor__n_estimators', 50), ('regressor__regressor__n_jobs', -2)])


Average scores:	 r: 0.35±0.36	 r2: -31.32±168.0
Dimer_scaler
Filename: (ECFP3.count.512-PDI-Mw-concentration-temperature-solvent dP-solvent dD-solvent dH)_XGBR_Standard
/gpfs_common/share03/ddomlab/sdehgha2/working-space/main/P1_pls-dataset/pls-dataset-space/PLS-Dataset/results/target_Rh/Dimer_scaler/(ECFP3.count.512-PDI-Mw-concentration-temperature-solvent dP-solvent dD-solvent dH)_XGBR_Standard_scores.json
/gpfs_common/share03/ddomlab/sdehgha2/working-space/main/P1_pls-dataset/pls-dataset-space/PLS-Dataset/results/target_Rh/Dimer_scaler/(ECFP3.count.512-PDI-Mw-concentration-temperature-solvent dP-solvent dD-solvent dH)_XGBR_Standard_predictions.csv
/gpfs_common/share03/ddomlab/sdehgha2/working-space/main/P1_pls-dataset/pls-dataset-space/PLS-Dataset/results/target_Rh/Dimer_scaler/(ECFP3.count.512-PDI-Mw-concentration-temperature-solvent dP-solvent dD-solvent dH)_XGBR_Standard_shape.json
Done Saving scores!

------------------------------------------------------------
Sender: LSF System <lsfadmin@c010n02>
Subject: Job 109672: <XGBR_Rh (IW avg log)_ECFP_Standard_Dimer> in cluster <Hazel> Done

Job <XGBR_Rh (IW avg log)_ECFP_Standard_Dimer> was submitted from host <c010n01> by user <sdehgha2> in cluster <Hazel> at Wed Jan  1 13:39:25 2025
Job was executed on host(s) <2*c010n02>, in queue <single_chassis>, as user <sdehgha2> in cluster <Hazel> at Wed Jan  1 13:39:26 2025
                            <2*c008n04>
                            <2*c005n03>
</home/sdehgha2> was used as the home directory.
</share/ddomlab/sdehgha2/working-space/main/P1_pls-dataset/pls-dataset-space/PLS-Dataset/code_/training/hpc_submit_training_Rh> was used as the working directory.
Started at Wed Jan  1 13:39:26 2025
Terminated at Wed Jan  1 15:22:52 2025
Results reported at Wed Jan  1 15:22:52 2025

Your job looked like:

------------------------------------------------------------
# LSBATCH: User input



#BSUB -n 6
#BSUB -W 72:05
#BSUB -R span[ptile=2]
#BSUB -R "rusage[mem=16GB]"
#BSUB -J "XGBR_Rh (IW avg log)_ECFP_Standard_Dimer"  
#BSUB -o "/share/ddomlab/sdehgha2/working-space/main/P1_pls-dataset/pls-dataset-space/PLS-Dataset/results/XGBR_Rh (IW avg log)_ECFP_Standard_Dimer_3_count_20250101.out"
#BSUB -e "/share/ddomlab/sdehgha2/working-space/main/P1_pls-dataset/pls-dataset-space/PLS-Dataset/results/XGBR_Rh (IW avg log)_ECFP_Standard_Dimer_3_count_20250101.err"

source ~/.bashrc
conda activate /usr/local/usrapps/ddomlab/sdehgha2/pls-dataset-env
python ../train_structure_numerical.py --target_features "Rh (IW avg log)"                                       --representation "ECFP"                                       --regressor_type "XGBR"                                       --transform_type "Standard"                                       --radius "3"                                       --vector "count"                                       --oligomer_representation "Dimer"                                       --numerical_feats 'Mn (g/mol)' 'PDI' 'Mw (g/mol)' 'Concentration (mg/ml)' 'Temperature SANS/SLS/DLS/SEC (K)' 'solvent dP' 'solvent dD' 'solvent dH'                                       --columns_to_impute "PDI" "Temperature SANS/SLS/DLS/SEC (K)" "Concentration (mg/ml)"                                       --special_impute 'Mw (g/mol)'                                       --imputer mean 




------------------------------------------------------------

Successfully completed.

Resource usage summary:

    CPU time :                                   22085.00 sec.
    Max Memory :                                 11 GB
    Average Memory :                             9.80 GB
    Total Requested Memory :                     48.00 GB
    Delta Memory :                               37.00 GB
    Max Swap :                                   -
    Max Processes :                              38
    Max Threads :                                41
    Run time :                                   6229 sec.
    Turnaround time :                            6207 sec.

The output (if any) is above this job summary.



PS:

Read file </share/ddomlab/sdehgha2/working-space/main/P1_pls-dataset/pls-dataset-space/PLS-Dataset/results/XGBR_Rh (IW avg log)_ECFP_Standard_Dimer_3_count_20250101.err> for stderr output of this job.




OPTIMIZING HYPERPARAMETERS FOR REGRESSOR XGBR 	SEED: 6


Best parameters: OrderedDict([('regressor__regressor__learning_rate', 0.05591430682552232), ('regressor__regressor__max_depth', 10), ('regressor__regressor__n_estimators', 93), ('regressor__regressor__n_jobs', -2)])





OPTIMIZING HYPERPARAMETERS FOR REGRESSOR XGBR 	SEED: 6


Best parameters: OrderedDict([('regressor__regressor__learning_rate', 0.04278111804139033), ('regressor__regressor__max_depth', 10), ('regressor__regressor__n_estimators', 50), ('regressor__regressor__n_jobs', -2)])





OPTIMIZING HYPERPARAMETERS FOR REGRESSOR XGBR 	SEED: 6


Best parameters: OrderedDict([('regressor__regressor__learning_rate', 0.014630650415646108), ('regressor__regressor__max_depth', 36), ('regressor__regressor__n_estimators', 193), ('regressor__regressor__n_jobs', -2)])





OPTIMIZING HYPERPARAMETERS FOR REGRESSOR XGBR 	SEED: 6


Best parameters: OrderedDict([('regressor__regressor__learning_rate', 0.02771539704846923), ('regressor__regressor__max_depth', 10), ('regressor__regressor__n_estimators', 200), ('regressor__regressor__n_jobs', -2)])





OPTIMIZING HYPERPARAMETERS FOR REGRESSOR XGBR 	SEED: 6


Best parameters: OrderedDict([('regressor__regressor__learning_rate', 0.01295797054085798), ('regressor__regressor__max_depth', 470), ('regressor__regressor__n_estimators', 107), ('regressor__regressor__n_jobs', -2)])





OPTIMIZING HYPERPARAMETERS FOR REGRESSOR XGBR 	SEED: 13


Best parameters: OrderedDict([('regressor__regressor__learning_rate', 0.00813608923977813), ('regressor__regressor__max_depth', 245), ('regressor__regressor__n_estimators', 58), ('regressor__regressor__n_jobs', -2)])





OPTIMIZING HYPERPARAMETERS FOR REGRESSOR XGBR 	SEED: 13


Best parameters: OrderedDict([('regressor__regressor__learning_rate', 0.002371553709175237), ('regressor__regressor__max_depth', 10000), ('regressor__regressor__n_estimators', 670), ('regressor__regressor__n_jobs', -2)])





OPTIMIZING HYPERPARAMETERS FOR REGRESSOR XGBR 	SEED: 13


Best parameters: OrderedDict([('regressor__regressor__learning_rate', 0.006012181351639005), ('regressor__regressor__max_depth', 1210), ('regressor__regressor__n_estimators', 80), ('regressor__regressor__n_jobs', -2)])





OPTIMIZING HYPERPARAMETERS FOR REGRESSOR XGBR 	SEED: 13


Best parameters: OrderedDict([('regressor__regressor__learning_rate', 0.005031018751967729), ('regressor__regressor__max_depth', 10), ('regressor__regressor__n_estimators', 1255), ('regressor__regressor__n_jobs', -2)])





OPTIMIZING HYPERPARAMETERS FOR REGRESSOR XGBR 	SEED: 13


Best parameters: OrderedDict([('regressor__regressor__learning_rate', 0.003309360421077887), ('regressor__regressor__max_depth', 50), ('regressor__regressor__n_estimators', 252), ('regressor__regressor__n_jobs', -2)])





OPTIMIZING HYPERPARAMETERS FOR REGRESSOR XGBR 	SEED: 42


Best parameters: OrderedDict([('regressor__regressor__learning_rate', 0.0078627627280334), ('regressor__regressor__max_depth', 5601), ('regressor__regressor__n_estimators', 75), ('regressor__regressor__n_jobs', -2)])





OPTIMIZING HYPERPARAMETERS FOR REGRESSOR XGBR 	SEED: 42


Best parameters: OrderedDict([('regressor__regressor__learning_rate', 0.002496600118192329), ('regressor__regressor__max_depth', 10), ('regressor__regressor__n_estimators', 2000), ('regressor__regressor__n_jobs', -2)])





OPTIMIZING HYPERPARAMETERS FOR REGRESSOR XGBR 	SEED: 42


Best parameters: OrderedDict([('regressor__regressor__learning_rate', 0.004632985172130918), ('regressor__regressor__max_depth', 10), ('regressor__regressor__n_estimators', 1785), ('regressor__regressor__n_jobs', -2)])





OPTIMIZING HYPERPARAMETERS FOR REGRESSOR XGBR 	SEED: 42


Best parameters: OrderedDict([('regressor__regressor__learning_rate', 0.002244376927651249), ('regressor__regressor__max_depth', 10), ('regressor__regressor__n_estimators', 1255), ('regressor__regressor__n_jobs', -2)])





OPTIMIZING HYPERPARAMETERS FOR REGRESSOR XGBR 	SEED: 42


Best parameters: OrderedDict([('regressor__regressor__learning_rate', 0.01575281131996313), ('regressor__regressor__max_depth', 10), ('regressor__regressor__n_estimators', 93), ('regressor__regressor__n_jobs', -2)])





OPTIMIZING HYPERPARAMETERS FOR REGRESSOR XGBR 	SEED: 69


Best parameters: OrderedDict([('regressor__regressor__learning_rate', 0.013121340277331396), ('regressor__regressor__max_depth', 3473), ('regressor__regressor__n_estimators', 98), ('regressor__regressor__n_jobs', -2)])





OPTIMIZING HYPERPARAMETERS FOR REGRESSOR XGBR 	SEED: 69


Best parameters: OrderedDict([('regressor__regressor__learning_rate', 0.013978993462480093), ('regressor__regressor__max_depth', 653), ('regressor__regressor__n_estimators', 60), ('regressor__regressor__n_jobs', -2)])





OPTIMIZING HYPERPARAMETERS FOR REGRESSOR XGBR 	SEED: 69


Best parameters: OrderedDict([('regressor__regressor__learning_rate', 0.016676830379043737), ('regressor__regressor__max_depth', 22), ('regressor__regressor__n_estimators', 50), ('regressor__regressor__n_jobs', -2)])





OPTIMIZING HYPERPARAMETERS FOR REGRESSOR XGBR 	SEED: 69


Best parameters: OrderedDict([('regressor__regressor__learning_rate', 0.014155289914642094), ('regressor__regressor__max_depth', 2073), ('regressor__regressor__n_estimators', 65), ('regressor__regressor__n_jobs', -2)])





OPTIMIZING HYPERPARAMETERS FOR REGRESSOR XGBR 	SEED: 69


Best parameters: OrderedDict([('regressor__regressor__learning_rate', 0.01665119210649153), ('regressor__regressor__max_depth', 22), ('regressor__regressor__n_estimators', 50), ('regressor__regressor__n_jobs', -2)])





OPTIMIZING HYPERPARAMETERS FOR REGRESSOR XGBR 	SEED: 420


Best parameters: OrderedDict([('regressor__regressor__learning_rate', 0.0016031493388690805), ('regressor__regressor__max_depth', 10), ('regressor__regressor__n_estimators', 859), ('regressor__regressor__n_jobs', -2)])





OPTIMIZING HYPERPARAMETERS FOR REGRESSOR XGBR 	SEED: 420


Best parameters: OrderedDict([('regressor__regressor__learning_rate', 0.02610356710078182), ('regressor__regressor__max_depth', 34), ('regressor__regressor__n_estimators', 50), ('regressor__regressor__n_jobs', -2)])





OPTIMIZING HYPERPARAMETERS FOR REGRESSOR XGBR 	SEED: 420


Best parameters: OrderedDict([('regressor__regressor__learning_rate', 0.0428839069891835), ('regressor__regressor__max_depth', 236), ('regressor__regressor__n_estimators', 102), ('regressor__regressor__n_jobs', -2)])





OPTIMIZING HYPERPARAMETERS FOR REGRESSOR XGBR 	SEED: 420


Best parameters: OrderedDict([('regressor__regressor__learning_rate', 0.054435925991655705), ('regressor__regressor__max_depth', 10), ('regressor__regressor__n_estimators', 50), ('regressor__regressor__n_jobs', -2)])





OPTIMIZING HYPERPARAMETERS FOR REGRESSOR XGBR 	SEED: 420


Best parameters: OrderedDict([('regressor__regressor__learning_rate', 0.010814061258906438), ('regressor__regressor__max_depth', 3012), ('regressor__regressor__n_estimators', 178), ('regressor__regressor__n_jobs', -2)])





OPTIMIZING HYPERPARAMETERS FOR REGRESSOR XGBR 	SEED: 1234567890


Best parameters: OrderedDict([('regressor__regressor__learning_rate', 0.008539970725353976), ('regressor__regressor__max_depth', 583), ('regressor__regressor__n_estimators', 138), ('regressor__regressor__n_jobs', -2)])





OPTIMIZING HYPERPARAMETERS FOR REGRESSOR XGBR 	SEED: 1234567890


Best parameters: OrderedDict([('regressor__regressor__learning_rate', 0.02102631201726441), ('regressor__regressor__max_depth', 10000), ('regressor__regressor__n_estimators', 69), ('regressor__regressor__n_jobs', -2)])





OPTIMIZING HYPERPARAMETERS FOR REGRESSOR XGBR 	SEED: 1234567890


Best parameters: OrderedDict([('regressor__regressor__learning_rate', 0.0010133931792121117), ('regressor__regressor__max_depth', 88), ('regressor__regressor__n_estimators', 711), ('regressor__regressor__n_jobs', -2)])





OPTIMIZING HYPERPARAMETERS FOR REGRESSOR XGBR 	SEED: 1234567890


Best parameters: OrderedDict([('regressor__regressor__learning_rate', 0.013868659478576937), ('regressor__regressor__max_depth', 1689), ('regressor__regressor__n_estimators', 64), ('regressor__regressor__n_jobs', -2)])





OPTIMIZING HYPERPARAMETERS FOR REGRESSOR XGBR 	SEED: 1234567890


Best parameters: OrderedDict([('regressor__regressor__learning_rate', 0.018390633037010603), ('regressor__regressor__max_depth', 1479), ('regressor__regressor__n_estimators', 59), ('regressor__regressor__n_jobs', -2)])





OPTIMIZING HYPERPARAMETERS FOR REGRESSOR XGBR 	SEED: 473129


Best parameters: OrderedDict([('regressor__regressor__learning_rate', 0.004173098521000518), ('regressor__regressor__max_depth', 10000), ('regressor__regressor__n_estimators', 166), ('regressor__regressor__n_jobs', -2)])





OPTIMIZING HYPERPARAMETERS FOR REGRESSOR XGBR 	SEED: 473129


Best parameters: OrderedDict([('regressor__regressor__learning_rate', 0.002959468265267479), ('regressor__regressor__max_depth', 15), ('regressor__regressor__n_estimators', 362), ('regressor__regressor__n_jobs', -2)])





OPTIMIZING HYPERPARAMETERS FOR REGRESSOR XGBR 	SEED: 473129


Best parameters: OrderedDict([('regressor__regressor__learning_rate', 0.055137009325094605), ('regressor__regressor__max_depth', 10), ('regressor__regressor__n_estimators', 50), ('regressor__regressor__n_jobs', -2)])





OPTIMIZING HYPERPARAMETERS FOR REGRESSOR XGBR 	SEED: 473129


Best parameters: OrderedDict([('regressor__regressor__learning_rate', 0.001126894525522175), ('regressor__regressor__max_depth', 1489), ('regressor__regressor__n_estimators', 457), ('regressor__regressor__n_jobs', -2)])





OPTIMIZING HYPERPARAMETERS FOR REGRESSOR XGBR 	SEED: 473129


Best parameters: OrderedDict([('regressor__regressor__learning_rate', 0.1), ('regressor__regressor__max_depth', 10), ('regressor__regressor__n_estimators', 50), ('regressor__regressor__n_jobs', -2)])


Average scores:	 r: 0.35±0.36	 r2: -31.32±168.0
Dimer_scaler
Filename: (ECFP3.count.512-PDI-Mw-concentration-temperature-solvent dP-solvent dD-solvent dH)_XGBR_Standard
/gpfs_common/share03/ddomlab/sdehgha2/working-space/main/P1_pls-dataset/pls-dataset-space/PLS-Dataset/results/target_Rh/Dimer_scaler/(ECFP3.count.512-PDI-Mw-concentration-temperature-solvent dP-solvent dD-solvent dH)_XGBR_Standard_scores.json
/gpfs_common/share03/ddomlab/sdehgha2/working-space/main/P1_pls-dataset/pls-dataset-space/PLS-Dataset/results/target_Rh/Dimer_scaler/(ECFP3.count.512-PDI-Mw-concentration-temperature-solvent dP-solvent dD-solvent dH)_XGBR_Standard_predictions.csv
/gpfs_common/share03/ddomlab/sdehgha2/working-space/main/P1_pls-dataset/pls-dataset-space/PLS-Dataset/results/target_Rh/Dimer_scaler/(ECFP3.count.512-PDI-Mw-concentration-temperature-solvent dP-solvent dD-solvent dH)_XGBR_Standard_shape.json
Done Saving scores!

------------------------------------------------------------
Sender: LSF System <lsfadmin@c019n03>
Subject: Job 111295: <XGBR_Rh (IW avg log)_ECFP_Standard_Dimer> in cluster <Hazel> Done

Job <XGBR_Rh (IW avg log)_ECFP_Standard_Dimer> was submitted from host <c009n04> by user <sdehgha2> in cluster <Hazel> at Wed Jan  1 16:21:12 2025
Job was executed on host(s) <2*c019n03>, in queue <single_chassis>, as user <sdehgha2> in cluster <Hazel> at Wed Jan  1 16:21:13 2025
                            <2*c026n01>
                            <2*c023n04>
</home/sdehgha2> was used as the home directory.
</share/ddomlab/sdehgha2/working-space/main/P1_pls-dataset/pls-dataset-space/PLS-Dataset/code_/training/hpc_submit_training_Rh> was used as the working directory.
Started at Wed Jan  1 16:21:13 2025
Terminated at Wed Jan  1 18:06:27 2025
Results reported at Wed Jan  1 18:06:27 2025

Your job looked like:

------------------------------------------------------------
# LSBATCH: User input



#BSUB -n 6
#BSUB -W 72:05
#BSUB -R span[ptile=2]
#BSUB -R "rusage[mem=16GB]"
#BSUB -J "XGBR_Rh (IW avg log)_ECFP_Standard_Dimer"  
#BSUB -o "/share/ddomlab/sdehgha2/working-space/main/P1_pls-dataset/pls-dataset-space/PLS-Dataset/results/XGBR_Rh (IW avg log)_ECFP_Standard_Dimer_3_count_20250101.out"
#BSUB -e "/share/ddomlab/sdehgha2/working-space/main/P1_pls-dataset/pls-dataset-space/PLS-Dataset/results/XGBR_Rh (IW avg log)_ECFP_Standard_Dimer_3_count_20250101.err"

source ~/.bashrc
conda activate /usr/local/usrapps/ddomlab/sdehgha2/pls-dataset-env
python ../train_structure_numerical.py --target_features "Rh (IW avg log)"                                       --representation "ECFP"                                       --regressor_type "XGBR"                                       --transform_type "Standard"                                       --radius "3"                                       --vector "count"                                       --oligomer_representation "Dimer"                                       --numerical_feats 'Mn (g/mol)' 'PDI' 'Mw (g/mol)' 'Concentration (mg/ml)' 'Temperature SANS/SLS/DLS/SEC (K)' 'solvent dP' 'solvent dD' 'solvent dH'                                       --columns_to_impute "PDI" "Temperature SANS/SLS/DLS/SEC (K)" "Concentration (mg/ml)"                                       --special_impute 'Mw (g/mol)'                                       --imputer mean 




------------------------------------------------------------

Successfully completed.

Resource usage summary:

    CPU time :                                   22311.58 sec.
    Max Memory :                                 11 GB
    Average Memory :                             9.92 GB
    Total Requested Memory :                     48.00 GB
    Delta Memory :                               37.00 GB
    Max Swap :                                   -
    Max Processes :                              38
    Max Threads :                                41
    Run time :                                   6338 sec.
    Turnaround time :                            6315 sec.

The output (if any) is above this job summary.



PS:

Read file </share/ddomlab/sdehgha2/working-space/main/P1_pls-dataset/pls-dataset-space/PLS-Dataset/results/XGBR_Rh (IW avg log)_ECFP_Standard_Dimer_3_count_20250101.err> for stderr output of this job.

