


OPTIMIZING HYPERPARAMETERS FOR REGRESSOR XGBR 	SEED: 6


Best parameters: OrderedDict([('regressor__regressor__estimator__learning_rate', 0.0024759159980997504), ('regressor__regressor__estimator__max_depth', 29), ('regressor__regressor__estimator__n_estimators', 2000), ('regressor__regressor__estimator__n_jobs', -2)])





OPTIMIZING HYPERPARAMETERS FOR REGRESSOR XGBR 	SEED: 6


Best parameters: OrderedDict([('regressor__regressor__estimator__learning_rate', 0.01604133705029445), ('regressor__regressor__estimator__max_depth', 10000), ('regressor__regressor__estimator__n_estimators', 58), ('regressor__regressor__estimator__n_jobs', -2)])





OPTIMIZING HYPERPARAMETERS FOR REGRESSOR XGBR 	SEED: 6


Best parameters: OrderedDict([('regressor__regressor__estimator__learning_rate', 0.011039672212589637), ('regressor__regressor__estimator__max_depth', 8056), ('regressor__regressor__estimator__n_estimators', 76), ('regressor__regressor__estimator__n_jobs', -2)])





OPTIMIZING HYPERPARAMETERS FOR REGRESSOR XGBR 	SEED: 6


Best parameters: OrderedDict([('regressor__regressor__estimator__learning_rate', 0.015594261749560493), ('regressor__regressor__estimator__max_depth', 1450), ('regressor__regressor__estimator__n_estimators', 65), ('regressor__regressor__estimator__n_jobs', -2)])





OPTIMIZING HYPERPARAMETERS FOR REGRESSOR XGBR 	SEED: 6


Best parameters: OrderedDict([('regressor__regressor__estimator__learning_rate', 0.0019628589312021836), ('regressor__regressor__estimator__max_depth', 10000), ('regressor__regressor__estimator__n_estimators', 388), ('regressor__regressor__estimator__n_jobs', -2)])





OPTIMIZING HYPERPARAMETERS FOR REGRESSOR XGBR 	SEED: 13


Best parameters: OrderedDict([('regressor__regressor__estimator__learning_rate', 0.003764389742435892), ('regressor__regressor__estimator__max_depth', 10000), ('regressor__regressor__estimator__n_estimators', 252), ('regressor__regressor__estimator__n_jobs', -2)])





OPTIMIZING HYPERPARAMETERS FOR REGRESSOR XGBR 	SEED: 13


Best parameters: OrderedDict([('regressor__regressor__estimator__learning_rate', 0.010031387202263577), ('regressor__regressor__estimator__max_depth', 109), ('regressor__regressor__estimator__n_estimators', 103), ('regressor__regressor__estimator__n_jobs', -2)])





OPTIMIZING HYPERPARAMETERS FOR REGRESSOR XGBR 	SEED: 13


Best parameters: OrderedDict([('regressor__regressor__estimator__learning_rate', 0.005756589359736082), ('regressor__regressor__estimator__max_depth', 10000), ('regressor__regressor__estimator__n_estimators', 205), ('regressor__regressor__estimator__n_jobs', -2)])





OPTIMIZING HYPERPARAMETERS FOR REGRESSOR XGBR 	SEED: 13


Best parameters: OrderedDict([('regressor__regressor__estimator__learning_rate', 0.011777077359652654), ('regressor__regressor__estimator__max_depth', 3697), ('regressor__regressor__estimator__n_estimators', 75), ('regressor__regressor__estimator__n_jobs', -2)])





OPTIMIZING HYPERPARAMETERS FOR REGRESSOR XGBR 	SEED: 13


Best parameters: OrderedDict([('regressor__regressor__estimator__learning_rate', 0.013088783143002365), ('regressor__regressor__estimator__max_depth', 10), ('regressor__regressor__estimator__n_estimators', 60), ('regressor__regressor__estimator__n_jobs', -2)])





OPTIMIZING HYPERPARAMETERS FOR REGRESSOR XGBR 	SEED: 42


Best parameters: OrderedDict([('regressor__regressor__estimator__learning_rate', 0.010594120781553714), ('regressor__regressor__estimator__max_depth', 10), ('regressor__regressor__estimator__n_estimators', 77), ('regressor__regressor__estimator__n_jobs', -2)])





OPTIMIZING HYPERPARAMETERS FOR REGRESSOR XGBR 	SEED: 42


Best parameters: OrderedDict([('regressor__regressor__estimator__learning_rate', 0.0017515242330828466), ('regressor__regressor__estimator__max_depth', 14), ('regressor__regressor__estimator__n_estimators', 377), ('regressor__regressor__estimator__n_jobs', -2)])





OPTIMIZING HYPERPARAMETERS FOR REGRESSOR XGBR 	SEED: 42


Best parameters: OrderedDict([('regressor__regressor__estimator__learning_rate', 0.013823908098638508), ('regressor__regressor__estimator__max_depth', 10000), ('regressor__regressor__estimator__n_estimators', 66), ('regressor__regressor__estimator__n_jobs', -2)])





OPTIMIZING HYPERPARAMETERS FOR REGRESSOR XGBR 	SEED: 42


Best parameters: OrderedDict([('regressor__regressor__estimator__learning_rate', 0.012212543829922852), ('regressor__regressor__estimator__max_depth', 5755), ('regressor__regressor__estimator__n_estimators', 312), ('regressor__regressor__estimator__n_jobs', -2)])





OPTIMIZING HYPERPARAMETERS FOR REGRESSOR XGBR 	SEED: 42


Best parameters: OrderedDict([('regressor__regressor__estimator__learning_rate', 0.0018339082557583676), ('regressor__regressor__estimator__max_depth', 10), ('regressor__regressor__estimator__n_estimators', 498), ('regressor__regressor__estimator__n_jobs', -2)])





OPTIMIZING HYPERPARAMETERS FOR REGRESSOR XGBR 	SEED: 69


Best parameters: OrderedDict([('regressor__regressor__estimator__learning_rate', 0.009987631608678651), ('regressor__regressor__estimator__max_depth', 10), ('regressor__regressor__estimator__n_estimators', 89), ('regressor__regressor__estimator__n_jobs', -2)])





OPTIMIZING HYPERPARAMETERS FOR REGRESSOR XGBR 	SEED: 69


Best parameters: OrderedDict([('regressor__regressor__estimator__learning_rate', 0.1), ('regressor__regressor__estimator__max_depth', 34), ('regressor__regressor__estimator__n_estimators', 59), ('regressor__regressor__estimator__n_jobs', -2)])





OPTIMIZING HYPERPARAMETERS FOR REGRESSOR XGBR 	SEED: 69


Best parameters: OrderedDict([('regressor__regressor__estimator__learning_rate', 0.006438158249494217), ('regressor__regressor__estimator__max_depth', 10), ('regressor__regressor__estimator__n_estimators', 116), ('regressor__regressor__estimator__n_jobs', -2)])





OPTIMIZING HYPERPARAMETERS FOR REGRESSOR XGBR 	SEED: 69


Best parameters: OrderedDict([('regressor__regressor__estimator__learning_rate', 0.008476808364094071), ('regressor__regressor__estimator__max_depth', 10), ('regressor__regressor__estimator__n_estimators', 131), ('regressor__regressor__estimator__n_jobs', -2)])





OPTIMIZING HYPERPARAMETERS FOR REGRESSOR XGBR 	SEED: 69


Best parameters: OrderedDict([('regressor__regressor__estimator__learning_rate', 0.01029128104657426), ('regressor__regressor__estimator__max_depth', 10), ('regressor__regressor__estimator__n_estimators', 82), ('regressor__regressor__estimator__n_jobs', -2)])





OPTIMIZING HYPERPARAMETERS FOR REGRESSOR XGBR 	SEED: 420


Best parameters: OrderedDict([('regressor__regressor__estimator__learning_rate', 0.006554123956960508), ('regressor__regressor__estimator__max_depth', 10), ('regressor__regressor__estimator__n_estimators', 129), ('regressor__regressor__estimator__n_jobs', -2)])





OPTIMIZING HYPERPARAMETERS FOR REGRESSOR XGBR 	SEED: 420


Best parameters: OrderedDict([('regressor__regressor__estimator__learning_rate', 0.011394482153934623), ('regressor__regressor__estimator__max_depth', 10), ('regressor__regressor__estimator__n_estimators', 71), ('regressor__regressor__estimator__n_jobs', -2)])





OPTIMIZING HYPERPARAMETERS FOR REGRESSOR XGBR 	SEED: 420


Best parameters: OrderedDict([('regressor__regressor__estimator__learning_rate', 0.004599518246381212), ('regressor__regressor__estimator__max_depth', 10), ('regressor__regressor__estimator__n_estimators', 161), ('regressor__regressor__estimator__n_jobs', -2)])





OPTIMIZING HYPERPARAMETERS FOR REGRESSOR XGBR 	SEED: 420


Best parameters: OrderedDict([('regressor__regressor__estimator__learning_rate', 0.010922023789427056), ('regressor__regressor__estimator__max_depth', 10), ('regressor__regressor__estimator__n_estimators', 344), ('regressor__regressor__estimator__n_jobs', -2)])





OPTIMIZING HYPERPARAMETERS FOR REGRESSOR XGBR 	SEED: 420


Best parameters: OrderedDict([('regressor__regressor__estimator__learning_rate', 0.015930640725627564), ('regressor__regressor__estimator__max_depth', 10), ('regressor__regressor__estimator__n_estimators', 50), ('regressor__regressor__estimator__n_jobs', -2)])





OPTIMIZING HYPERPARAMETERS FOR REGRESSOR XGBR 	SEED: 1234567890


Best parameters: OrderedDict([('regressor__regressor__estimator__learning_rate', 0.010003787147280783), ('regressor__regressor__estimator__max_depth', 10000), ('regressor__regressor__estimator__n_estimators', 285), ('regressor__regressor__estimator__n_jobs', -2)])





OPTIMIZING HYPERPARAMETERS FOR REGRESSOR XGBR 	SEED: 1234567890


Best parameters: OrderedDict([('regressor__regressor__estimator__learning_rate', 0.007558916525684435), ('regressor__regressor__estimator__max_depth', 587), ('regressor__regressor__estimator__n_estimators', 122), ('regressor__regressor__estimator__n_jobs', -2)])





OPTIMIZING HYPERPARAMETERS FOR REGRESSOR XGBR 	SEED: 1234567890


Best parameters: OrderedDict([('regressor__regressor__estimator__learning_rate', 0.020628107366025494), ('regressor__regressor__estimator__max_depth', 10), ('regressor__regressor__estimator__n_estimators', 50), ('regressor__regressor__estimator__n_jobs', -2)])





OPTIMIZING HYPERPARAMETERS FOR REGRESSOR XGBR 	SEED: 1234567890


Best parameters: OrderedDict([('regressor__regressor__estimator__learning_rate', 0.01906523215368918), ('regressor__regressor__estimator__max_depth', 10), ('regressor__regressor__estimator__n_estimators', 51), ('regressor__regressor__estimator__n_jobs', -2)])





OPTIMIZING HYPERPARAMETERS FOR REGRESSOR XGBR 	SEED: 1234567890


Best parameters: OrderedDict([('regressor__regressor__estimator__learning_rate', 0.004032105786034907), ('regressor__regressor__estimator__max_depth', 10), ('regressor__regressor__estimator__n_estimators', 200), ('regressor__regressor__estimator__n_jobs', -2)])





OPTIMIZING HYPERPARAMETERS FOR REGRESSOR XGBR 	SEED: 473129


Best parameters: OrderedDict([('regressor__regressor__estimator__learning_rate', 0.015986018369660706), ('regressor__regressor__estimator__max_depth', 1468), ('regressor__regressor__estimator__n_estimators', 50), ('regressor__regressor__estimator__n_jobs', -2)])





OPTIMIZING HYPERPARAMETERS FOR REGRESSOR XGBR 	SEED: 473129


Best parameters: OrderedDict([('regressor__regressor__estimator__learning_rate', 0.006432262102604017), ('regressor__regressor__estimator__max_depth', 2804), ('regressor__regressor__estimator__n_estimators', 524), ('regressor__regressor__estimator__n_jobs', -2)])





OPTIMIZING HYPERPARAMETERS FOR REGRESSOR XGBR 	SEED: 473129


Best parameters: OrderedDict([('regressor__regressor__estimator__learning_rate', 0.002959468265267479), ('regressor__regressor__estimator__max_depth', 15), ('regressor__regressor__estimator__n_estimators', 362), ('regressor__regressor__estimator__n_jobs', -2)])





OPTIMIZING HYPERPARAMETERS FOR REGRESSOR XGBR 	SEED: 473129


Best parameters: OrderedDict([('regressor__regressor__estimator__learning_rate', 0.010626362191974157), ('regressor__regressor__estimator__max_depth', 10), ('regressor__regressor__estimator__n_estimators', 76), ('regressor__regressor__estimator__n_jobs', -2)])





OPTIMIZING HYPERPARAMETERS FOR REGRESSOR XGBR 	SEED: 473129


Best parameters: OrderedDict([('regressor__regressor__estimator__learning_rate', 0.07681196525510736), ('regressor__regressor__estimator__max_depth', 6801), ('regressor__regressor__estimator__n_estimators', 66), ('regressor__regressor__estimator__n_jobs', -2)])


Average scores:	 r2: [ 0.074  0.171 -0.149]±[0.154 0.213 0.997]
[array([ 0.07369712,  0.17050132, -0.14891298]), array([8.35275108e+00, 1.42322880e+02, 9.29992578e+04]), array([5.08814594e+00, 8.31260388e+01, 1.38194942e+04])]
RRU Dimer_scaler
Filename: (ECFP3.count.512-PDI-Mw-concentration-temperature-polymer dP-polymer dD-polymer dH-solvent dP-solvent dD-solvent dH)_XGBR_Robust Scaler
/gpfs_common/share03/ddomlab/sdehgha2/working-space/main/P1_pls-dataset/pls-dataset-space/PLS-Dataset/results/target_multimodal Rh/RRU Dimer_scaler/(ECFP3.count.512-PDI-Mw-concentration-temperature-polymer dP-polymer dD-polymer dH-solvent dP-solvent dD-solvent dH)_XGBR_Robust Scaler_scores.json
/gpfs_common/share03/ddomlab/sdehgha2/working-space/main/P1_pls-dataset/pls-dataset-space/PLS-Dataset/results/target_multimodal Rh/RRU Dimer_scaler/(ECFP3.count.512-PDI-Mw-concentration-temperature-polymer dP-polymer dD-polymer dH-solvent dP-solvent dD-solvent dH)_XGBR_Robust Scaler_predictions.csv
/gpfs_common/share03/ddomlab/sdehgha2/working-space/main/P1_pls-dataset/pls-dataset-space/PLS-Dataset/results/target_multimodal Rh/RRU Dimer_scaler/(ECFP3.count.512-PDI-Mw-concentration-temperature-polymer dP-polymer dD-polymer dH-solvent dP-solvent dD-solvent dH)_XGBR_Robust Scaler_shape.json
Done Saving scores!

------------------------------------------------------------
Sender: LSF System <lsfadmin@c009n03>
Subject: Job 310887: <XGBR_multimodal Rh_ECFP_Robust Scaler_RRU Dimer_20250122> in cluster <Hazel> Done

Job <XGBR_multimodal Rh_ECFP_Robust Scaler_RRU Dimer_20250122> was submitted from host <c004n03> by user <sdehgha2> in cluster <Hazel> at Wed Jan 22 17:39:35 2025
Job was executed on host(s) <6*c009n03>, in queue <single_chassis>, as user <sdehgha2> in cluster <Hazel> at Wed Jan 22 17:39:35 2025
</home/sdehgha2> was used as the home directory.
</share/ddomlab/sdehgha2/working-space/main/P1_pls-dataset/pls-dataset-space/PLS-Dataset/code_/training/hpc_submit_training_Rh> was used as the working directory.
Started at Wed Jan 22 17:39:35 2025
Terminated at Wed Jan 22 20:55:17 2025
Results reported at Wed Jan 22 20:55:17 2025

Your job looked like:

------------------------------------------------------------
# LSBATCH: User input



#BSUB -n 6
#BSUB -W 72:05
#BSUB -R span[hosts=1]
#BSUB -R "rusage[mem=16GB]"
#BSUB -J "XGBR_multimodal Rh_ECFP_Robust Scaler_RRU Dimer_20250122"  
#BSUB -o "/share/ddomlab/sdehgha2/working-space/main/P1_pls-dataset/pls-dataset-space/PLS-Dataset/results/XGBR_multimodal Rh_ECFP_Robust Scaler_RRU Dimer_3_count_20250122.out"
#BSUB -e "/share/ddomlab/sdehgha2/working-space/main/P1_pls-dataset/pls-dataset-space/PLS-Dataset/results/XGBR_multimodal Rh_ECFP_Robust Scaler_RRU Dimer_3_count_20250122.err"

source ~/.bashrc
conda activate /usr/local/usrapps/ddomlab/sdehgha2/pls-dataset-env
python ../train_structure_numerical.py --target_features "multimodal Rh"                                       --representation "ECFP"                                       --regressor_type "XGBR"                                       --transform_type "Robust Scaler"                                       --radius "3"                                       --vector "count"                                       --oligomer_representation "RRU Dimer"                                       --numerical_feats 'Mn (g/mol)' 'PDI' 'Mw (g/mol)' 'Concentration (mg/ml)' 'Temperature SANS/SLS/DLS/SEC (K)' "polymer dP" "polymer dD" "polymer dH" 'solvent dP' 'solvent dD' 'solvent dH'                                       --columns_to_impute "PDI" "Temperature SANS/SLS/DLS/SEC (K)" "Concentration (mg/ml)"                                       --special_impute 'Mw (g/mol)'                                       --imputer mean 




------------------------------------------------------------

Successfully completed.

Resource usage summary:

    CPU time :                                   52031.00 sec.
    Max Memory :                                 11 GB
    Average Memory :                             10.30 GB
    Total Requested Memory :                     16.00 GB
    Delta Memory :                               5.00 GB
    Max Swap :                                   -
    Max Processes :                              38
    Max Threads :                                41
    Run time :                                   11762 sec.
    Turnaround time :                            11742 sec.

The output (if any) is above this job summary.



PS:

Read file </share/ddomlab/sdehgha2/working-space/main/P1_pls-dataset/pls-dataset-space/PLS-Dataset/results/XGBR_multimodal Rh_ECFP_Robust Scaler_RRU Dimer_3_count_20250122.err> for stderr output of this job.

