/usr/local/usrapps/ddomlab/sdehgha2/pls-dataset-env/lib/python3.10/site-packages/skopt/optimizer/optimizer.py:517: UserWarning: The objective has been evaluated at point [0.1, 10, 2000, -2] before, using random point [0.008139621505248638, 693, 139, -2]
  warnings.warn(
/usr/local/usrapps/ddomlab/sdehgha2/pls-dataset-env/lib/python3.10/site-packages/skopt/optimizer/optimizer.py:517: UserWarning: The objective has been evaluated at point [0.1, 10, 2000, -2] before, using random point [0.014673056088403446, 226, 1921, -2]
  warnings.warn(
/usr/local/usrapps/ddomlab/sdehgha2/pls-dataset-env/lib/python3.10/site-packages/skopt/optimizer/optimizer.py:517: UserWarning: The objective has been evaluated at point [0.1, 10, 2000, -2] before, using random point [0.004361231566072535, 227, 237, -2]
  warnings.warn(
/usr/local/usrapps/ddomlab/sdehgha2/pls-dataset-env/lib/python3.10/site-packages/skopt/optimizer/optimizer.py:517: UserWarning: The objective has been evaluated at point [0.1, 10, 2000, -2] before, using random point [0.0029018841263173723, 40, 357, -2]
  warnings.warn(
Traceback (most recent call last):
  File "/gpfs_common/share03/ddomlab/sdehgha2/working-space/main/P1_pls-dataset/pls-dataset-space/PLS-Dataset/code_/training/hpc_submit_training_Rh/../train_structure_numerical.py", line 3, in <module>
    from training_utils import train_regressor
  File "/gpfs_common/share03/ddomlab/sdehgha2/working-space/main/P1_pls-dataset/pls-dataset-space/PLS-Dataset/code_/training/training_utils.py", line 13, in <module>
    from data_handling import remove_unserializable_keys, save_results
  File "/gpfs_common/share03/ddomlab/sdehgha2/working-space/main/P1_pls-dataset/pls-dataset-space/PLS-Dataset/code_/training/data_handling.py", line 8, in <module>
    from all_factories import radius_to_bits
  File "/gpfs_common/share03/ddomlab/sdehgha2/working-space/main/P1_pls-dataset/pls-dataset-space/PLS-Dataset/code_/training/all_factories.py", line 9, in <module>
    from GPR_model import GPRegressor
  File "/gpfs_common/share03/ddomlab/sdehgha2/working-space/main/P1_pls-dataset/pls-dataset-space/PLS-Dataset/code_/training/GPR_model.py", line 1, in <module>
    import gpytorch
  File "/usr/local/usrapps/ddomlab/sdehgha2/pls-dataset-env/lib/python3.10/site-packages/gpytorch/__init__.py", line 5, in <module>
    import linear_operator
  File "/usr/local/usrapps/ddomlab/sdehgha2/pls-dataset-env/lib/python3.10/site-packages/linear_operator/__init__.py", line 2, in <module>
    from linear_operator import beta_features, operators, settings, utils
  File "/usr/local/usrapps/ddomlab/sdehgha2/pls-dataset-env/lib/python3.10/site-packages/linear_operator/beta_features.py", line 5, in <module>
    from linear_operator.settings import _feature_flag
  File "/usr/local/usrapps/ddomlab/sdehgha2/pls-dataset-env/lib/python3.10/site-packages/linear_operator/settings.py", line 5, in <module>
    import torch
  File "/usr/local/usrapps/ddomlab/sdehgha2/pls-dataset-env/lib/python3.10/site-packages/torch/__init__.py", line 2059, in <module>
    from torch import (
  File "/usr/local/usrapps/ddomlab/sdehgha2/pls-dataset-env/lib/python3.10/site-packages/torch/distributions/__init__.py", line 116, in <module>
    from .von_mises import VonMises
  File "/usr/local/usrapps/ddomlab/sdehgha2/pls-dataset-env/lib/python3.10/site-packages/torch/distributions/von_mises.py", line 5, in <module>
    import torch.jit
  File "/usr/local/usrapps/ddomlab/sdehgha2/pls-dataset-env/lib/python3.10/site-packages/torch/jit/__init__.py", line 26, in <module>
    from torch.jit._freeze import freeze, optimize_for_inference, run_frozen_optimizations
  File "/usr/local/usrapps/ddomlab/sdehgha2/pls-dataset-env/lib/python3.10/site-packages/torch/jit/_freeze.py", line 11, in <module>
    from torch.jit._script import RecursiveScriptModule, ScriptModule
  File "/usr/local/usrapps/ddomlab/sdehgha2/pls-dataset-env/lib/python3.10/site-packages/torch/jit/_script.py", line 30, in <module>
    from torch.jit._recursive import (
  File "/usr/local/usrapps/ddomlab/sdehgha2/pls-dataset-env/lib/python3.10/site-packages/torch/jit/_recursive.py", line 17, in <module>
    from torch.jit.frontend import (
  File "/usr/local/usrapps/ddomlab/sdehgha2/pls-dataset-env/lib/python3.10/site-packages/torch/jit/frontend.py", line 73, in <module>
    from torch.jit._dataclass_impls import DATACLASS_MAGIC_METHODS
  File "<frozen importlib._bootstrap>", line 1027, in _find_and_load
  File "<frozen importlib._bootstrap>", line 1006, in _find_and_load_unlocked
  File "<frozen importlib._bootstrap>", line 688, in _load_unlocked
  File "<frozen importlib._bootstrap_external>", line 879, in exec_module
  File "<frozen importlib._bootstrap_external>", line 975, in get_code
  File "<frozen importlib._bootstrap_external>", line 1074, in get_data
KeyboardInterrupt
