


OPTIMIZING HYPERPARAMETERS FOR REGRESSOR XGBR 	SEED: 6


Best parameters: OrderedDict([('regressor__regressor__learning_rate', 0.1), ('regressor__regressor__max_depth', 10), ('regressor__regressor__n_estimators', 50), ('regressor__regressor__n_jobs', -2)])





OPTIMIZING HYPERPARAMETERS FOR REGRESSOR XGBR 	SEED: 6


Best parameters: OrderedDict([('regressor__regressor__learning_rate', 0.01995900066996722), ('regressor__regressor__max_depth', 35), ('regressor__regressor__n_estimators', 109), ('regressor__regressor__n_jobs', -2)])





OPTIMIZING HYPERPARAMETERS FOR REGRESSOR XGBR 	SEED: 6


Best parameters: OrderedDict([('regressor__regressor__learning_rate', 0.021351997342123195), ('regressor__regressor__max_depth', 10000), ('regressor__regressor__n_estimators', 137), ('regressor__regressor__n_jobs', -2)])





OPTIMIZING HYPERPARAMETERS FOR REGRESSOR XGBR 	SEED: 6


Best parameters: OrderedDict([('regressor__regressor__learning_rate', 0.1), ('regressor__regressor__max_depth', 10), ('regressor__regressor__n_estimators', 50), ('regressor__regressor__n_jobs', -2)])





OPTIMIZING HYPERPARAMETERS FOR REGRESSOR XGBR 	SEED: 6


Best parameters: OrderedDict([('regressor__regressor__learning_rate', 0.02203236554513156), ('regressor__regressor__max_depth', 10000), ('regressor__regressor__n_estimators', 62), ('regressor__regressor__n_jobs', -2)])





OPTIMIZING HYPERPARAMETERS FOR REGRESSOR XGBR 	SEED: 13


Best parameters: OrderedDict([('regressor__regressor__learning_rate', 0.00813608923977813), ('regressor__regressor__max_depth', 245), ('regressor__regressor__n_estimators', 58), ('regressor__regressor__n_jobs', -2)])





OPTIMIZING HYPERPARAMETERS FOR REGRESSOR XGBR 	SEED: 13


Best parameters: OrderedDict([('regressor__regressor__learning_rate', 0.0032845461177819783), ('regressor__regressor__max_depth', 10), ('regressor__regressor__n_estimators', 382), ('regressor__regressor__n_jobs', -2)])





OPTIMIZING HYPERPARAMETERS FOR REGRESSOR XGBR 	SEED: 13


Best parameters: OrderedDict([('regressor__regressor__learning_rate', 0.006023499377796378), ('regressor__regressor__max_depth', 1290), ('regressor__regressor__n_estimators', 80), ('regressor__regressor__n_jobs', -2)])





OPTIMIZING HYPERPARAMETERS FOR REGRESSOR XGBR 	SEED: 13


Best parameters: OrderedDict([('regressor__regressor__learning_rate', 0.006176760016495904), ('regressor__regressor__max_depth', 10000), ('regressor__regressor__n_estimators', 768), ('regressor__regressor__n_jobs', -2)])





OPTIMIZING HYPERPARAMETERS FOR REGRESSOR XGBR 	SEED: 13


Best parameters: OrderedDict([('regressor__regressor__learning_rate', 0.0033108553481981857), ('regressor__regressor__max_depth', 51), ('regressor__regressor__n_estimators', 253), ('regressor__regressor__n_jobs', -2)])





OPTIMIZING HYPERPARAMETERS FOR REGRESSOR XGBR 	SEED: 42


Best parameters: OrderedDict([('regressor__regressor__learning_rate', 0.0010054054536868993), ('regressor__regressor__max_depth', 4687), ('regressor__regressor__n_estimators', 759), ('regressor__regressor__n_jobs', -2)])





OPTIMIZING HYPERPARAMETERS FOR REGRESSOR XGBR 	SEED: 42


Best parameters: OrderedDict([('regressor__regressor__learning_rate', 0.06493286962804806), ('regressor__regressor__max_depth', 10000), ('regressor__regressor__n_estimators', 89), ('regressor__regressor__n_jobs', -2)])





OPTIMIZING HYPERPARAMETERS FOR REGRESSOR XGBR 	SEED: 42


Best parameters: OrderedDict([('regressor__regressor__learning_rate', 0.03559415691061485), ('regressor__regressor__max_depth', 10000), ('regressor__regressor__n_estimators', 66), ('regressor__regressor__n_jobs', -2)])





OPTIMIZING HYPERPARAMETERS FOR REGRESSOR XGBR 	SEED: 42


Best parameters: OrderedDict([('regressor__regressor__learning_rate', 0.036070734106387135), ('regressor__regressor__max_depth', 10), ('regressor__regressor__n_estimators', 77), ('regressor__regressor__n_jobs', -2)])





OPTIMIZING HYPERPARAMETERS FOR REGRESSOR XGBR 	SEED: 42


Best parameters: OrderedDict([('regressor__regressor__learning_rate', 0.028827674439421698), ('regressor__regressor__max_depth', 10), ('regressor__regressor__n_estimators', 50), ('regressor__regressor__n_jobs', -2)])





OPTIMIZING HYPERPARAMETERS FOR REGRESSOR XGBR 	SEED: 69


Best parameters: OrderedDict([('regressor__regressor__learning_rate', 0.013121340277331396), ('regressor__regressor__max_depth', 3473), ('regressor__regressor__n_estimators', 98), ('regressor__regressor__n_jobs', -2)])





OPTIMIZING HYPERPARAMETERS FOR REGRESSOR XGBR 	SEED: 69


Best parameters: OrderedDict([('regressor__regressor__learning_rate', 0.1), ('regressor__regressor__max_depth', 24), ('regressor__regressor__n_estimators', 61), ('regressor__regressor__n_jobs', -2)])





OPTIMIZING HYPERPARAMETERS FOR REGRESSOR XGBR 	SEED: 69


Best parameters: OrderedDict([('regressor__regressor__learning_rate', 0.016703442713556105), ('regressor__regressor__max_depth', 22), ('regressor__regressor__n_estimators', 50), ('regressor__regressor__n_jobs', -2)])





OPTIMIZING HYPERPARAMETERS FOR REGRESSOR XGBR 	SEED: 69


Best parameters: OrderedDict([('regressor__regressor__learning_rate', 0.014155589581442947), ('regressor__regressor__max_depth', 2077), ('regressor__regressor__n_estimators', 65), ('regressor__regressor__n_jobs', -2)])





OPTIMIZING HYPERPARAMETERS FOR REGRESSOR XGBR 	SEED: 69


Best parameters: OrderedDict([('regressor__regressor__learning_rate', 0.006017163180142647), ('regressor__regressor__max_depth', 149), ('regressor__regressor__n_estimators', 132), ('regressor__regressor__n_jobs', -2)])





OPTIMIZING HYPERPARAMETERS FOR REGRESSOR XGBR 	SEED: 420


Best parameters: OrderedDict([('regressor__regressor__learning_rate', 0.0014921292167447708), ('regressor__regressor__max_depth', 10), ('regressor__regressor__n_estimators', 876), ('regressor__regressor__n_jobs', -2)])





OPTIMIZING HYPERPARAMETERS FOR REGRESSOR XGBR 	SEED: 420


Best parameters: OrderedDict([('regressor__regressor__learning_rate', 0.026261636647544554), ('regressor__regressor__max_depth', 10000), ('regressor__regressor__n_estimators', 50), ('regressor__regressor__n_jobs', -2)])





OPTIMIZING HYPERPARAMETERS FOR REGRESSOR XGBR 	SEED: 420


Best parameters: OrderedDict([('regressor__regressor__learning_rate', 0.07131734539488745), ('regressor__regressor__max_depth', 34), ('regressor__regressor__n_estimators', 50), ('regressor__regressor__n_jobs', -2)])





OPTIMIZING HYPERPARAMETERS FOR REGRESSOR XGBR 	SEED: 420


Best parameters: OrderedDict([('regressor__regressor__learning_rate', 0.00739744425928029), ('regressor__regressor__max_depth', 10), ('regressor__regressor__n_estimators', 372), ('regressor__regressor__n_jobs', -2)])





OPTIMIZING HYPERPARAMETERS FOR REGRESSOR XGBR 	SEED: 420


Best parameters: OrderedDict([('regressor__regressor__learning_rate', 0.008414272642635272), ('regressor__regressor__max_depth', 10), ('regressor__regressor__n_estimators', 841), ('regressor__regressor__n_jobs', -2)])





OPTIMIZING HYPERPARAMETERS FOR REGRESSOR XGBR 	SEED: 1234567890


Best parameters: OrderedDict([('regressor__regressor__learning_rate', 0.001827200691899737), ('regressor__regressor__max_depth', 10), ('regressor__regressor__n_estimators', 701), ('regressor__regressor__n_jobs', -2)])





OPTIMIZING HYPERPARAMETERS FOR REGRESSOR XGBR 	SEED: 1234567890


Best parameters: OrderedDict([('regressor__regressor__learning_rate', 0.0013161534806050371), ('regressor__regressor__max_depth', 10000), ('regressor__regressor__n_estimators', 1035), ('regressor__regressor__n_jobs', -2)])





OPTIMIZING HYPERPARAMETERS FOR REGRESSOR XGBR 	SEED: 1234567890


Best parameters: OrderedDict([('regressor__regressor__learning_rate', 0.001026127989394692), ('regressor__regressor__max_depth', 38), ('regressor__regressor__n_estimators', 697), ('regressor__regressor__n_jobs', -2)])





OPTIMIZING HYPERPARAMETERS FOR REGRESSOR XGBR 	SEED: 1234567890


Best parameters: OrderedDict([('regressor__regressor__learning_rate', 0.013493837495303224), ('regressor__regressor__max_depth', 1934), ('regressor__regressor__n_estimators', 65), ('regressor__regressor__n_jobs', -2)])





OPTIMIZING HYPERPARAMETERS FOR REGRESSOR XGBR 	SEED: 1234567890


Best parameters: OrderedDict([('regressor__regressor__learning_rate', 0.015712322086486593), ('regressor__regressor__max_depth', 834), ('regressor__regressor__n_estimators', 67), ('regressor__regressor__n_jobs', -2)])





OPTIMIZING HYPERPARAMETERS FOR REGRESSOR XGBR 	SEED: 473129


Best parameters: OrderedDict([('regressor__regressor__learning_rate', 0.0020537444923384553), ('regressor__regressor__max_depth', 10000), ('regressor__regressor__n_estimators', 322), ('regressor__regressor__n_jobs', -2)])





OPTIMIZING HYPERPARAMETERS FOR REGRESSOR XGBR 	SEED: 473129


Best parameters: OrderedDict([('regressor__regressor__learning_rate', 0.002959468265267479), ('regressor__regressor__max_depth', 15), ('regressor__regressor__n_estimators', 362), ('regressor__regressor__n_jobs', -2)])





OPTIMIZING HYPERPARAMETERS FOR REGRESSOR XGBR 	SEED: 473129


Best parameters: OrderedDict([('regressor__regressor__learning_rate', 0.016219139747856805), ('regressor__regressor__max_depth', 10000), ('regressor__regressor__n_estimators', 164), ('regressor__regressor__n_jobs', -2)])





OPTIMIZING HYPERPARAMETERS FOR REGRESSOR XGBR 	SEED: 473129


Best parameters: OrderedDict([('regressor__regressor__learning_rate', 0.001126894525522175), ('regressor__regressor__max_depth', 1489), ('regressor__regressor__n_estimators', 457), ('regressor__regressor__n_jobs', -2)])





OPTIMIZING HYPERPARAMETERS FOR REGRESSOR XGBR 	SEED: 473129


Best parameters: OrderedDict([('regressor__regressor__learning_rate', 0.1), ('regressor__regressor__max_depth', 10000), ('regressor__regressor__n_estimators', 2000), ('regressor__regressor__n_jobs', -2)])


Average scores:	 r: 0.35±0.37	 r2: -40.66±197.48
Trimer_scaler
Filename: (Mordred-PDI-Mw-concentration-temperature-solvent dP-solvent dD-solvent dH)_XGBR_mean_Standard
/gpfs_common/share03/ddomlab/sdehgha2/working-space/main/P1_pls-dataset/pls-dataset-space/PLS-Dataset/results/target_Rh/Trimer_scaler/(Mordred-PDI-Mw-concentration-temperature-solvent dP-solvent dD-solvent dH)_XGBR_mean_Standard_scores.json
/gpfs_common/share03/ddomlab/sdehgha2/working-space/main/P1_pls-dataset/pls-dataset-space/PLS-Dataset/results/target_Rh/Trimer_scaler/(Mordred-PDI-Mw-concentration-temperature-solvent dP-solvent dD-solvent dH)_XGBR_mean_Standard_predictions.csv
/gpfs_common/share03/ddomlab/sdehgha2/working-space/main/P1_pls-dataset/pls-dataset-space/PLS-Dataset/results/target_Rh/Trimer_scaler/(Mordred-PDI-Mw-concentration-temperature-solvent dP-solvent dD-solvent dH)_XGBR_mean_Standard_shape.json
Done Saving scores!

------------------------------------------------------------
Sender: LSF System <lsfadmin@c207n08>
Subject: Job 109717: <XGBR_Rh (IW avg log)_Mordred_Standard_Trimer> in cluster <Hazel> Done

Job <XGBR_Rh (IW avg log)_Mordred_Standard_Trimer> was submitted from host <c207n01> by user <sdehgha2> in cluster <Hazel> at Wed Jan  1 13:39:58 2025
Job was executed on host(s) <2*c207n08>, in queue <single_chassis>, as user <sdehgha2> in cluster <Hazel> at Wed Jan  1 13:40:28 2025
                            <2*c207n02>
                            <2*c207n05>
</home/sdehgha2> was used as the home directory.
</share/ddomlab/sdehgha2/working-space/main/P1_pls-dataset/pls-dataset-space/PLS-Dataset/code_/training/hpc_submit_training_Rh> was used as the working directory.
Started at Wed Jan  1 13:40:28 2025
Terminated at Wed Jan  1 20:48:49 2025
Results reported at Wed Jan  1 20:48:49 2025

Your job looked like:

------------------------------------------------------------
# LSBATCH: User input



#BSUB -n 6
#BSUB -W 72:05
#BSUB -R span[ptile=2]
#BSUB -R "rusage[mem=16GB]"
#BSUB -J "XGBR_Rh (IW avg log)_Mordred_Standard_Trimer"  
#BSUB -o "/share/ddomlab/sdehgha2/working-space/main/P1_pls-dataset/pls-dataset-space/PLS-Dataset/results/XGBR_Rh (IW avg log)_Mordred_Standard_Trimer_20250101.out"
#BSUB -e "/share/ddomlab/sdehgha2/working-space/main/P1_pls-dataset/pls-dataset-space/PLS-Dataset/results/XGBR_Rh (IW avg log)_Mordred_Standard_Trimer_20250101.err"

source ~/.bashrc
conda activate /usr/local/usrapps/ddomlab/sdehgha2/pls-dataset-env
python ../train_structure_numerical.py --target_features "Rh (IW avg log)"                                       --representation "Mordred"                                       --regressor_type "XGBR"                                       --transform_type "Standard"                                       --oligomer_representation "Trimer"                                       --numerical_feats 'Mn (g/mol)' 'PDI' 'Mw (g/mol)' 'Concentration (mg/ml)' 'Temperature SANS/SLS/DLS/SEC (K)' 'solvent dP' 'solvent dD' 'solvent dH'                                       --columns_to_impute "PDI" "Temperature SANS/SLS/DLS/SEC (K)" "Concentration (mg/ml)"                                       --special_impute 'Mw (g/mol)'                                       --imputer mean 




------------------------------------------------------------

Successfully completed.

Resource usage summary:

    CPU time :                                   75926.16 sec.
    Max Memory :                                 8 GB
    Average Memory :                             6.83 GB
    Total Requested Memory :                     48.00 GB
    Delta Memory :                               40.00 GB
    Max Swap :                                   -
    Max Processes :                              26
    Max Threads :                                29
    Run time :                                   25728 sec.
    Turnaround time :                            25731 sec.

The output (if any) is above this job summary.



PS:

Read file </share/ddomlab/sdehgha2/working-space/main/P1_pls-dataset/pls-dataset-space/PLS-Dataset/results/XGBR_Rh (IW avg log)_Mordred_Standard_Trimer_20250101.err> for stderr output of this job.

