


OPTIMIZING HYPERPARAMETERS FOR REGRESSOR GPR 	SEED: 6



OPTIMIZING HYPERPARAMETERS FOR REGRESSOR GPR 	SEED: 6


Best parameters: OrderedDict([('regressor__regressor__lengthscale', 0.503947079288224), ('regressor__regressor__lr', 0.01), ('regressor__regressor__n_epoch', 100), ('regressor__regressor__nu', 0.5)])





OPTIMIZING HYPERPARAMETERS FOR REGRESSOR GPR 	SEED: 6


Best parameters: OrderedDict([('regressor__regressor__lengthscale', 1.77834974722662), ('regressor__regressor__lr', 0.01), ('regressor__regressor__n_epoch', 100), ('regressor__regressor__nu', 1.5)])





OPTIMIZING HYPERPARAMETERS FOR REGRESSOR GPR 	SEED: 6


Best parameters: OrderedDict([('regressor__regressor__lengthscale', 1.77834974722662), ('regressor__regressor__lr', 0.01), ('regressor__regressor__n_epoch', 100), ('regressor__regressor__nu', 1.5)])





OPTIMIZING HYPERPARAMETERS FOR REGRESSOR GPR 	SEED: 6


Best parameters: OrderedDict([('regressor__regressor__lengthscale', 1.77834974722662), ('regressor__regressor__lr', 0.01), ('regressor__regressor__n_epoch', 100), ('regressor__regressor__nu', 1.5)])





OPTIMIZING HYPERPARAMETERS FOR REGRESSOR GPR 	SEED: 6


Best parameters: OrderedDict([('regressor__regressor__lengthscale', 1.632478145304319), ('regressor__regressor__lr', 0.01), ('regressor__regressor__n_epoch', 100), ('regressor__regressor__nu', 2.5)])





OPTIMIZING HYPERPARAMETERS FOR REGRESSOR GPR 	SEED: 13


Best parameters: OrderedDict([('regressor__regressor__lengthscale', 2.888003742715755), ('regressor__regressor__lr', 0.01), ('regressor__regressor__n_epoch', 100), ('regressor__regressor__nu', 2.5)])





OPTIMIZING HYPERPARAMETERS FOR REGRESSOR GPR 	SEED: 13


Best parameters: OrderedDict([('regressor__regressor__lengthscale', 0.47481646870406946), ('regressor__regressor__lr', 0.01), ('regressor__regressor__n_epoch', 100), ('regressor__regressor__nu', 0.5)])





OPTIMIZING HYPERPARAMETERS FOR REGRESSOR GPR 	SEED: 13


Best parameters: OrderedDict([('regressor__regressor__lengthscale', 2.888003742715755), ('regressor__regressor__lr', 0.01), ('regressor__regressor__n_epoch', 100), ('regressor__regressor__nu', 2.5)])





OPTIMIZING HYPERPARAMETERS FOR REGRESSOR GPR 	SEED: 13


Best parameters: OrderedDict([('regressor__regressor__lengthscale', 0.47481646870406946), ('regressor__regressor__lr', 0.01), ('regressor__regressor__n_epoch', 100), ('regressor__regressor__nu', 0.5)])





OPTIMIZING HYPERPARAMETERS FOR REGRESSOR GPR 	SEED: 13


Best parameters: OrderedDict([('regressor__regressor__lengthscale', 0.47481646870406946), ('regressor__regressor__lr', 0.01), ('regressor__regressor__n_epoch', 100), ('regressor__regressor__nu', 0.5)])





OPTIMIZING HYPERPARAMETERS FOR REGRESSOR GPR 	SEED: 42


Best parameters: OrderedDict([('regressor__regressor__lengthscale', 2.520295648882189), ('regressor__regressor__lr', 0.01), ('regressor__regressor__n_epoch', 100), ('regressor__regressor__nu', 2.5)])





OPTIMIZING HYPERPARAMETERS FOR REGRESSOR GPR 	SEED: 42


Best parameters: OrderedDict([('regressor__regressor__lengthscale', 1.259806678617276), ('regressor__regressor__lr', 0.01), ('regressor__regressor__n_epoch', 100), ('regressor__regressor__nu', 0.5)])





OPTIMIZING HYPERPARAMETERS FOR REGRESSOR GPR 	SEED: 42


Best parameters: OrderedDict([('regressor__regressor__lengthscale', 1.259806678617276), ('regressor__regressor__lr', 0.01), ('regressor__regressor__n_epoch', 100), ('regressor__regressor__nu', 0.5)])





OPTIMIZING HYPERPARAMETERS FOR REGRESSOR GPR 	SEED: 42


Best parameters: OrderedDict([('regressor__regressor__lengthscale', 1.362255911288398), ('regressor__regressor__lr', 0.01), ('regressor__regressor__n_epoch', 100), ('regressor__regressor__nu', 1.5)])





OPTIMIZING HYPERPARAMETERS FOR REGRESSOR GPR 	SEED: 42


Best parameters: OrderedDict([('regressor__regressor__lengthscale', 2.520295648882189), ('regressor__regressor__lr', 0.01), ('regressor__regressor__n_epoch', 100), ('regressor__regressor__nu', 2.5)])





OPTIMIZING HYPERPARAMETERS FOR REGRESSOR GPR 	SEED: 69


Best parameters: OrderedDict([('regressor__regressor__lengthscale', 2.3642729195320245), ('regressor__regressor__lr', 0.01), ('regressor__regressor__n_epoch', 100), ('regressor__regressor__nu', 2.5)])





OPTIMIZING HYPERPARAMETERS FOR REGRESSOR GPR 	SEED: 69


Best parameters: OrderedDict([('regressor__regressor__lengthscale', 2.3642729195320245), ('regressor__regressor__lr', 0.01), ('regressor__regressor__n_epoch', 100), ('regressor__regressor__nu', 2.5)])





OPTIMIZING HYPERPARAMETERS FOR REGRESSOR GPR 	SEED: 69


Best parameters: OrderedDict([('regressor__regressor__lengthscale', 2.3642729195320245), ('regressor__regressor__lr', 0.01), ('regressor__regressor__n_epoch', 100), ('regressor__regressor__nu', 2.5)])





OPTIMIZING HYPERPARAMETERS FOR REGRESSOR GPR 	SEED: 69


Best parameters: OrderedDict([('regressor__regressor__lengthscale', 2.3642729195320245), ('regressor__regressor__lr', 0.01), ('regressor__regressor__n_epoch', 100), ('regressor__regressor__nu', 2.5)])





OPTIMIZING HYPERPARAMETERS FOR REGRESSOR GPR 	SEED: 69


Best parameters: OrderedDict([('regressor__regressor__lengthscale', 2.3642729195320245), ('regressor__regressor__lr', 0.01), ('regressor__regressor__n_epoch', 100), ('regressor__regressor__nu', 2.5)])





OPTIMIZING HYPERPARAMETERS FOR REGRESSOR GPR 	SEED: 420


Best parameters: OrderedDict([('regressor__regressor__lengthscale', 1.6817495623055898), ('regressor__regressor__lr', 0.01), ('regressor__regressor__n_epoch', 100), ('regressor__regressor__nu', 1.5)])





OPTIMIZING HYPERPARAMETERS FOR REGRESSOR GPR 	SEED: 420


Best parameters: OrderedDict([('regressor__regressor__lengthscale', 2.457634159466227), ('regressor__regressor__lr', 0.01), ('regressor__regressor__n_epoch', 100), ('regressor__regressor__nu', 0.5)])





OPTIMIZING HYPERPARAMETERS FOR REGRESSOR GPR 	SEED: 420


Best parameters: OrderedDict([('regressor__regressor__lengthscale', 2.583408322781089), ('regressor__regressor__lr', 0.01), ('regressor__regressor__n_epoch', 100), ('regressor__regressor__nu', 2.5)])





OPTIMIZING HYPERPARAMETERS FOR REGRESSOR GPR 	SEED: 420


Best parameters: OrderedDict([('regressor__regressor__lengthscale', 2.457634159466227), ('regressor__regressor__lr', 0.01), ('regressor__regressor__n_epoch', 100), ('regressor__regressor__nu', 0.5)])





OPTIMIZING HYPERPARAMETERS FOR REGRESSOR GPR 	SEED: 420


Best parameters: OrderedDict([('regressor__regressor__lengthscale', 2.583408322781089), ('regressor__regressor__lr', 0.01), ('regressor__regressor__n_epoch', 100), ('regressor__regressor__nu', 2.5)])





OPTIMIZING HYPERPARAMETERS FOR REGRESSOR GPR 	SEED: 1234567890


Best parameters: OrderedDict([('regressor__regressor__lengthscale', 1.1128981765515544), ('regressor__regressor__lr', 0.01), ('regressor__regressor__n_epoch', 100), ('regressor__regressor__nu', 0.5)])





OPTIMIZING HYPERPARAMETERS FOR REGRESSOR GPR 	SEED: 1234567890


Best parameters: OrderedDict([('regressor__regressor__lengthscale', 1.1128981765515544), ('regressor__regressor__lr', 0.01), ('regressor__regressor__n_epoch', 100), ('regressor__regressor__nu', 0.5)])





OPTIMIZING HYPERPARAMETERS FOR REGRESSOR GPR 	SEED: 1234567890


Best parameters: OrderedDict([('regressor__regressor__lengthscale', 0.0665222624963247), ('regressor__regressor__lr', 0.01), ('regressor__regressor__n_epoch', 100), ('regressor__regressor__nu', 2.5)])





OPTIMIZING HYPERPARAMETERS FOR REGRESSOR GPR 	SEED: 1234567890


Best parameters: OrderedDict([('regressor__regressor__lengthscale', 1.1128981765515544), ('regressor__regressor__lr', 0.01), ('regressor__regressor__n_epoch', 100), ('regressor__regressor__nu', 0.5)])





OPTIMIZING HYPERPARAMETERS FOR REGRESSOR GPR 	SEED: 1234567890


Best parameters: OrderedDict([('regressor__regressor__lengthscale', 0.6841223214499335), ('regressor__regressor__lr', 0.01), ('regressor__regressor__n_epoch', 100), ('regressor__regressor__nu', 1.5)])





OPTIMIZING HYPERPARAMETERS FOR REGRESSOR GPR 	SEED: 473129


Best parameters: OrderedDict([('regressor__regressor__lengthscale', 1.2418048131385397), ('regressor__regressor__lr', 0.01), ('regressor__regressor__n_epoch', 100), ('regressor__regressor__nu', 1.5)])





OPTIMIZING HYPERPARAMETERS FOR REGRESSOR GPR 	SEED: 473129


Best parameters: OrderedDict([('regressor__regressor__lengthscale', 2.574647355374639), ('regressor__regressor__lr', 0.01), ('regressor__regressor__n_epoch', 100), ('regressor__regressor__nu', 2.5)])





OPTIMIZING HYPERPARAMETERS FOR REGRESSOR GPR 	SEED: 473129


Best parameters: OrderedDict([('regressor__regressor__lengthscale', 1.2418048131385397), ('regressor__regressor__lr', 0.01), ('regressor__regressor__n_epoch', 100), ('regressor__regressor__nu', 1.5)])





OPTIMIZING HYPERPARAMETERS FOR REGRESSOR GPR 	SEED: 473129


Best parameters: OrderedDict([('regressor__regressor__lengthscale', 2.574647355374639), ('regressor__regressor__lr', 0.01), ('regressor__regressor__n_epoch', 100), ('regressor__regressor__nu', 2.5)])





OPTIMIZING HYPERPARAMETERS FOR REGRESSOR GPR 	SEED: 473129


Best parameters: OrderedDict([('regressor__regressor__lengthscale', 2.8643589293022735), ('regressor__regressor__lr', 0.01), ('regressor__regressor__n_epoch', 100), ('regressor__regressor__nu', 0.5)])


Average scores:	 r: 0.89±0.11	 r2: 0.77±0.22
scaler
Filename: (PDI-Mw-concentration-temperature-polymer dP-polymer dD-polymer dH-solvent dP-solvent dD-solvent dH-Ra)_GPR.matern_mean_Robust Scaler
/gpfs_common/share03/ddomlab/sdehgha2/working-space/main/P1_pls-dataset/pls-dataset-space/PLS-Dataset/results/target_Rg/scaler/(PDI-Mw-concentration-temperature-polymer dP-polymer dD-polymer dH-solvent dP-solvent dD-solvent dH-Ra)_GPR.matern_mean_Robust Scaler_scores.json
/gpfs_common/share03/ddomlab/sdehgha2/working-space/main/P1_pls-dataset/pls-dataset-space/PLS-Dataset/results/target_Rg/scaler/(PDI-Mw-concentration-temperature-polymer dP-polymer dD-polymer dH-solvent dP-solvent dD-solvent dH-Ra)_GPR.matern_mean_Robust Scaler_predictions.csv
/gpfs_common/share03/ddomlab/sdehgha2/working-space/main/P1_pls-dataset/pls-dataset-space/PLS-Dataset/results/target_Rg/scaler/(PDI-Mw-concentration-temperature-polymer dP-polymer dD-polymer dH-solvent dP-solvent dD-solvent dH-Ra)_GPR.matern_mean_Robust Scaler_shape.json
Done Saving scores!

------------------------------------------------------------
Sender: LSF System <lsfadmin@c023n04>
Subject: Job 821680: <numerical_GPR_polymer_size_feats_on_Rg1 (nm)_all_num> in cluster <Hazel> Done

Job <numerical_GPR_polymer_size_feats_on_Rg1 (nm)_all_num> was submitted from host <c010n02> by user <sdehgha2> in cluster <Hazel> at Fri Dec 20 17:00:49 2024
Job was executed on host(s) <2*c023n04>, in queue <single_chassis>, as user <sdehgha2> in cluster <Hazel> at Fri Dec 20 17:00:51 2024
                            <2*c020n01>
                            <2*c019n03>
</home/sdehgha2> was used as the home directory.
</share/ddomlab/sdehgha2/working-space/main/P1_pls-dataset/pls-dataset-space/PLS-Dataset/code_/training/hpc_submit_training_Rh> was used as the working directory.
Started at Fri Dec 20 17:00:51 2024
Terminated at Fri Dec 20 17:47:03 2024
Results reported at Fri Dec 20 17:47:03 2024

Your job looked like:

------------------------------------------------------------
# LSBATCH: User input

#BSUB -n 6
#BSUB -W 40:01
#BSUB -R span[ptile=2]
#BSUB -R "rusage[mem=16GB]"
#BSUB -J "numerical_GPR_polymer_size_feats_on_Rg1 (nm)_all_num"
#BSUB -o "/share/ddomlab/sdehgha2/working-space/main/P1_pls-dataset/pls-dataset-space/PLS-Dataset/results/numerical_GPR_matern_Robust Scaler_Rg1 (nm)_final.out"
#BSUB -e "/share/ddomlab/sdehgha2/working-space/main/P1_pls-dataset/pls-dataset-space/PLS-Dataset/results/numerical_GPR_matern_Robust Scaler_Rg1 (nm)_final.err"

source ~/.bashrc
conda activate /usr/local/usrapps/ddomlab/sdehgha2/pls-dataset-env
python ../train_numerical_only.py --target_features "Rg1 (nm)"                                     --regressor_type "GPR"                                     --kernel "matern"                                     --transform_type "Robust Scaler"                                     --numerical_feats 'Mn (g/mol)' 'PDI' 'Mw (g/mol)' 'Concentration (mg/ml)' 'Temperature SANS/SLS/DLS/SEC (K)' "polymer dP" "polymer dD" "polymer dH" "solvent dP" "solvent dD" "solvent dH" "Ra"                                     --columns_to_impute "PDI" "Temperature SANS/SLS/DLS/SEC (K)" "Concentration (mg/ml)"                                     --special_impute 'Mw (g/mol)'                                     --imputer mean 

conda deactivate


------------------------------------------------------------

Successfully completed.

Resource usage summary:

    CPU time :                                   6031.00 sec.
    Max Memory :                                 8 GB
    Average Memory :                             6.18 GB
    Total Requested Memory :                     48.00 GB
    Delta Memory :                               40.00 GB
    Max Swap :                                   -
    Max Processes :                              38
    Max Threads :                                41
    Run time :                                   2778 sec.
    Turnaround time :                            2774 sec.

The output (if any) is above this job summary.



PS:

Read file </share/ddomlab/sdehgha2/working-space/main/P1_pls-dataset/pls-dataset-space/PLS-Dataset/results/numerical_GPR_matern_Robust Scaler_Rg1 (nm)_final.err> for stderr output of this job.



Best parameters: OrderedDict([('regressor__regressor__lengthscale', 1.632478145304319), ('regressor__regressor__lr', 0.01), ('regressor__regressor__n_epoch', 100), ('regressor__regressor__nu', 2.5)])





OPTIMIZING HYPERPARAMETERS FOR REGRESSOR GPR 	SEED: 6


Best parameters: OrderedDict([('regressor__regressor__lengthscale', 1.632478145304319), ('regressor__regressor__lr', 0.01), ('regressor__regressor__n_epoch', 100), ('regressor__regressor__nu', 2.5)])





OPTIMIZING HYPERPARAMETERS FOR REGRESSOR GPR 	SEED: 6


Best parameters: OrderedDict([('regressor__regressor__lengthscale', 1.77834974722662), ('regressor__regressor__lr', 0.01), ('regressor__regressor__n_epoch', 100), ('regressor__regressor__nu', 1.5)])





OPTIMIZING HYPERPARAMETERS FOR REGRESSOR GPR 	SEED: 6


Best parameters: OrderedDict([('regressor__regressor__lengthscale', 0.503947079288224), ('regressor__regressor__lr', 0.01), ('regressor__regressor__n_epoch', 100), ('regressor__regressor__nu', 0.5)])





OPTIMIZING HYPERPARAMETERS FOR REGRESSOR GPR 	SEED: 6


Best parameters: OrderedDict([('regressor__regressor__lengthscale', 1.632478145304319), ('regressor__regressor__lr', 0.01), ('regressor__regressor__n_epoch', 100), ('regressor__regressor__nu', 2.5)])





OPTIMIZING HYPERPARAMETERS FOR REGRESSOR GPR 	SEED: 13


Best parameters: OrderedDict([('regressor__regressor__lengthscale', 2.888003742715755), ('regressor__regressor__lr', 0.01), ('regressor__regressor__n_epoch', 100), ('regressor__regressor__nu', 2.5)])





OPTIMIZING HYPERPARAMETERS FOR REGRESSOR GPR 	SEED: 13


Best parameters: OrderedDict([('regressor__regressor__lengthscale', 2.5488472086573015), ('regressor__regressor__lr', 0.01), ('regressor__regressor__n_epoch', 100), ('regressor__regressor__nu', 1.5)])





OPTIMIZING HYPERPARAMETERS FOR REGRESSOR GPR 	SEED: 13


Best parameters: OrderedDict([('regressor__regressor__lengthscale', 2.888003742715755), ('regressor__regressor__lr', 0.01), ('regressor__regressor__n_epoch', 100), ('regressor__regressor__nu', 2.5)])





OPTIMIZING HYPERPARAMETERS FOR REGRESSOR GPR 	SEED: 13


Best parameters: OrderedDict([('regressor__regressor__lengthscale', 2.5488472086573015), ('regressor__regressor__lr', 0.01), ('regressor__regressor__n_epoch', 100), ('regressor__regressor__nu', 1.5)])





OPTIMIZING HYPERPARAMETERS FOR REGRESSOR GPR 	SEED: 13


Best parameters: OrderedDict([('regressor__regressor__lengthscale', 2.5488472086573015), ('regressor__regressor__lr', 0.01), ('regressor__regressor__n_epoch', 100), ('regressor__regressor__nu', 1.5)])





OPTIMIZING HYPERPARAMETERS FOR REGRESSOR GPR 	SEED: 42


Best parameters: OrderedDict([('regressor__regressor__lengthscale', 2.520295648882189), ('regressor__regressor__lr', 0.01), ('regressor__regressor__n_epoch', 100), ('regressor__regressor__nu', 2.5)])





OPTIMIZING HYPERPARAMETERS FOR REGRESSOR GPR 	SEED: 42


Best parameters: OrderedDict([('regressor__regressor__lengthscale', 1.362255911288398), ('regressor__regressor__lr', 0.01), ('regressor__regressor__n_epoch', 100), ('regressor__regressor__nu', 1.5)])





OPTIMIZING HYPERPARAMETERS FOR REGRESSOR GPR 	SEED: 42


Best parameters: OrderedDict([('regressor__regressor__lengthscale', 2.520295648882189), ('regressor__regressor__lr', 0.01), ('regressor__regressor__n_epoch', 100), ('regressor__regressor__nu', 2.5)])





OPTIMIZING HYPERPARAMETERS FOR REGRESSOR GPR 	SEED: 42


Best parameters: OrderedDict([('regressor__regressor__lengthscale', 1.362255911288398), ('regressor__regressor__lr', 0.01), ('regressor__regressor__n_epoch', 100), ('regressor__regressor__nu', 1.5)])





OPTIMIZING HYPERPARAMETERS FOR REGRESSOR GPR 	SEED: 42


Best parameters: OrderedDict([('regressor__regressor__lengthscale', 2.520295648882189), ('regressor__regressor__lr', 0.01), ('regressor__regressor__n_epoch', 100), ('regressor__regressor__nu', 2.5)])





OPTIMIZING HYPERPARAMETERS FOR REGRESSOR GPR 	SEED: 69


Best parameters: OrderedDict([('regressor__regressor__lengthscale', 2.3642729195320245), ('regressor__regressor__lr', 0.01), ('regressor__regressor__n_epoch', 100), ('regressor__regressor__nu', 2.5)])





OPTIMIZING HYPERPARAMETERS FOR REGRESSOR GPR 	SEED: 69


Best parameters: OrderedDict([('regressor__regressor__lengthscale', 2.3642729195320245), ('regressor__regressor__lr', 0.01), ('regressor__regressor__n_epoch', 100), ('regressor__regressor__nu', 2.5)])





OPTIMIZING HYPERPARAMETERS FOR REGRESSOR GPR 	SEED: 69


Best parameters: OrderedDict([('regressor__regressor__lengthscale', 1.6794478568843931), ('regressor__regressor__lr', 0.01), ('regressor__regressor__n_epoch', 100), ('regressor__regressor__nu', 1.5)])





OPTIMIZING HYPERPARAMETERS FOR REGRESSOR GPR 	SEED: 69


Best parameters: OrderedDict([('regressor__regressor__lengthscale', 2.3642729195320245), ('regressor__regressor__lr', 0.01), ('regressor__regressor__n_epoch', 100), ('regressor__regressor__nu', 2.5)])





OPTIMIZING HYPERPARAMETERS FOR REGRESSOR GPR 	SEED: 69


Best parameters: OrderedDict([('regressor__regressor__lengthscale', 2.3642729195320245), ('regressor__regressor__lr', 0.01), ('regressor__regressor__n_epoch', 100), ('regressor__regressor__nu', 2.5)])





OPTIMIZING HYPERPARAMETERS FOR REGRESSOR GPR 	SEED: 420


Best parameters: OrderedDict([('regressor__regressor__lengthscale', 1.6817495623055898), ('regressor__regressor__lr', 0.01), ('regressor__regressor__n_epoch', 100), ('regressor__regressor__nu', 1.5)])





OPTIMIZING HYPERPARAMETERS FOR REGRESSOR GPR 	SEED: 420


Best parameters: OrderedDict([('regressor__regressor__lengthscale', 2.457634159466227), ('regressor__regressor__lr', 0.01), ('regressor__regressor__n_epoch', 100), ('regressor__regressor__nu', 0.5)])





OPTIMIZING HYPERPARAMETERS FOR REGRESSOR GPR 	SEED: 420


Best parameters: OrderedDict([('regressor__regressor__lengthscale', 2.583408322781089), ('regressor__regressor__lr', 0.01), ('regressor__regressor__n_epoch', 100), ('regressor__regressor__nu', 2.5)])





OPTIMIZING HYPERPARAMETERS FOR REGRESSOR GPR 	SEED: 420


Best parameters: OrderedDict([('regressor__regressor__lengthscale', 2.583408322781089), ('regressor__regressor__lr', 0.01), ('regressor__regressor__n_epoch', 100), ('regressor__regressor__nu', 2.5)])





OPTIMIZING HYPERPARAMETERS FOR REGRESSOR GPR 	SEED: 420


Best parameters: OrderedDict([('regressor__regressor__lengthscale', 2.583408322781089), ('regressor__regressor__lr', 0.01), ('regressor__regressor__n_epoch', 100), ('regressor__regressor__nu', 2.5)])





OPTIMIZING HYPERPARAMETERS FOR REGRESSOR GPR 	SEED: 1234567890


Best parameters: OrderedDict([('regressor__regressor__lengthscale', 1.1128981765515544), ('regressor__regressor__lr', 0.01), ('regressor__regressor__n_epoch', 100), ('regressor__regressor__nu', 0.5)])





OPTIMIZING HYPERPARAMETERS FOR REGRESSOR GPR 	SEED: 1234567890


Best parameters: OrderedDict([('regressor__regressor__lengthscale', 0.6841223214499335), ('regressor__regressor__lr', 0.01), ('regressor__regressor__n_epoch', 100), ('regressor__regressor__nu', 1.5)])





OPTIMIZING HYPERPARAMETERS FOR REGRESSOR GPR 	SEED: 1234567890


Best parameters: OrderedDict([('regressor__regressor__lengthscale', 0.0665222624963247), ('regressor__regressor__lr', 0.01), ('regressor__regressor__n_epoch', 100), ('regressor__regressor__nu', 2.5)])





OPTIMIZING HYPERPARAMETERS FOR REGRESSOR GPR 	SEED: 1234567890


Best parameters: OrderedDict([('regressor__regressor__lengthscale', 0.6841223214499335), ('regressor__regressor__lr', 0.01), ('regressor__regressor__n_epoch', 100), ('regressor__regressor__nu', 1.5)])





OPTIMIZING HYPERPARAMETERS FOR REGRESSOR GPR 	SEED: 1234567890


Best parameters: OrderedDict([('regressor__regressor__lengthscale', 0.6841223214499335), ('regressor__regressor__lr', 0.01), ('regressor__regressor__n_epoch', 100), ('regressor__regressor__nu', 1.5)])





OPTIMIZING HYPERPARAMETERS FOR REGRESSOR GPR 	SEED: 473129


Best parameters: OrderedDict([('regressor__regressor__lengthscale', 2.574647355374639), ('regressor__regressor__lr', 0.01), ('regressor__regressor__n_epoch', 100), ('regressor__regressor__nu', 2.5)])





OPTIMIZING HYPERPARAMETERS FOR REGRESSOR GPR 	SEED: 473129


Best parameters: OrderedDict([('regressor__regressor__lengthscale', 2.574647355374639), ('regressor__regressor__lr', 0.01), ('regressor__regressor__n_epoch', 100), ('regressor__regressor__nu', 2.5)])





OPTIMIZING HYPERPARAMETERS FOR REGRESSOR GPR 	SEED: 473129


Best parameters: OrderedDict([('regressor__regressor__lengthscale', 2.574647355374639), ('regressor__regressor__lr', 0.01), ('regressor__regressor__n_epoch', 100), ('regressor__regressor__nu', 2.5)])





OPTIMIZING HYPERPARAMETERS FOR REGRESSOR GPR 	SEED: 473129


Best parameters: OrderedDict([('regressor__regressor__lengthscale', 2.574647355374639), ('regressor__regressor__lr', 0.01), ('regressor__regressor__n_epoch', 100), ('regressor__regressor__nu', 2.5)])





OPTIMIZING HYPERPARAMETERS FOR REGRESSOR GPR 	SEED: 473129


Best parameters: OrderedDict([('regressor__regressor__lengthscale', 1.2418048131385397), ('regressor__regressor__lr', 0.01), ('regressor__regressor__n_epoch', 100), ('regressor__regressor__nu', 1.5)])


Average scores:	 r: 0.89±0.11	 r2: 0.77±0.25
scaler
Filename: (PDI-Mw-concentration-temperature-polymer dP-polymer dD-polymer dH-solvent dP-solvent dD-solvent dH)_GPR.matern_mean_Robust Scaler
/gpfs_common/share03/ddomlab/sdehgha2/working-space/main/P1_pls-dataset/pls-dataset-space/PLS-Dataset/results/target_Rg/scaler/(PDI-Mw-concentration-temperature-polymer dP-polymer dD-polymer dH-solvent dP-solvent dD-solvent dH)_GPR.matern_mean_Robust Scaler_scores.json
/gpfs_common/share03/ddomlab/sdehgha2/working-space/main/P1_pls-dataset/pls-dataset-space/PLS-Dataset/results/target_Rg/scaler/(PDI-Mw-concentration-temperature-polymer dP-polymer dD-polymer dH-solvent dP-solvent dD-solvent dH)_GPR.matern_mean_Robust Scaler_predictions.csv
/gpfs_common/share03/ddomlab/sdehgha2/working-space/main/P1_pls-dataset/pls-dataset-space/PLS-Dataset/results/target_Rg/scaler/(PDI-Mw-concentration-temperature-polymer dP-polymer dD-polymer dH-solvent dP-solvent dD-solvent dH)_GPR.matern_mean_Robust Scaler_shape.json
Done Saving scores!

------------------------------------------------------------
Sender: LSF System <lsfadmin@c035n02>
Subject: Job 821711: <numerical_GPR_polymer_size_feats_on_Rg1 (nm)_all_num> in cluster <Hazel> Done

Job <numerical_GPR_polymer_size_feats_on_Rg1 (nm)_all_num> was submitted from host <c005n02> by user <sdehgha2> in cluster <Hazel> at Fri Dec 20 17:02:36 2024
Job was executed on host(s) <2*c035n02>, in queue <single_chassis>, as user <sdehgha2> in cluster <Hazel> at Fri Dec 20 17:02:38 2024
                            <2*c033n03>
                            <2*c035n01>
</home/sdehgha2> was used as the home directory.
</share/ddomlab/sdehgha2/working-space/main/P1_pls-dataset/pls-dataset-space/PLS-Dataset/code_/training/hpc_submit_training_Rh> was used as the working directory.
Started at Fri Dec 20 17:02:38 2024
Terminated at Fri Dec 20 17:52:46 2024
Results reported at Fri Dec 20 17:52:46 2024

Your job looked like:

------------------------------------------------------------
# LSBATCH: User input

#BSUB -n 6
#BSUB -W 40:01
#BSUB -R span[ptile=2]
#BSUB -R "rusage[mem=16GB]"
#BSUB -J "numerical_GPR_polymer_size_feats_on_Rg1 (nm)_all_num"
#BSUB -o "/share/ddomlab/sdehgha2/working-space/main/P1_pls-dataset/pls-dataset-space/PLS-Dataset/results/numerical_GPR_matern_Robust Scaler_Rg1 (nm)_final.out"
#BSUB -e "/share/ddomlab/sdehgha2/working-space/main/P1_pls-dataset/pls-dataset-space/PLS-Dataset/results/numerical_GPR_matern_Robust Scaler_Rg1 (nm)_final.err"

source ~/.bashrc
conda activate /usr/local/usrapps/ddomlab/sdehgha2/pls-dataset-env
python ../train_numerical_only.py --target_features "Rg1 (nm)"                                     --regressor_type "GPR"                                     --kernel "matern"                                     --transform_type "Robust Scaler"                                     --numerical_feats 'Mn (g/mol)' 'PDI' 'Mw (g/mol)' 'Concentration (mg/ml)' 'Temperature SANS/SLS/DLS/SEC (K)' "polymer dP" "polymer dD" "polymer dH" "solvent dP" "solvent dD" "solvent dH"                                     --columns_to_impute "PDI" "Temperature SANS/SLS/DLS/SEC (K)" "Concentration (mg/ml)"                                     --special_impute 'Mw (g/mol)'                                     --imputer mean 

conda deactivate


------------------------------------------------------------

Successfully completed.

Resource usage summary:

    CPU time :                                   7047.00 sec.
    Max Memory :                                 8 GB
    Average Memory :                             6.41 GB
    Total Requested Memory :                     48.00 GB
    Delta Memory :                               40.00 GB
    Max Swap :                                   -
    Max Processes :                              38
    Max Threads :                                41
    Run time :                                   3029 sec.
    Turnaround time :                            3010 sec.

The output (if any) is above this job summary.



PS:

Read file </share/ddomlab/sdehgha2/working-space/main/P1_pls-dataset/pls-dataset-space/PLS-Dataset/results/numerical_GPR_matern_Robust Scaler_Rg1 (nm)_final.err> for stderr output of this job.

