


OPTIMIZING HYPERPARAMETERS FOR REGRESSOR GPR 	SEED: 6



OPTIMIZING HYPERPARAMETERS FOR REGRESSOR GPR 	SEED: 6


Best parameters: OrderedDict([('regressor__regressor__lr', 0.01), ('regressor__regressor__n_epoch', 1000)])





OPTIMIZING HYPERPARAMETERS FOR REGRESSOR GPR 	SEED: 6


Best parameters: OrderedDict([('regressor__regressor__lr', 0.01), ('regressor__regressor__n_epoch', 1000)])





OPTIMIZING HYPERPARAMETERS FOR REGRESSOR GPR 	SEED: 6


Best parameters: OrderedDict([('regressor__regressor__lr', 0.01), ('regressor__regressor__n_epoch', 1000)])





OPTIMIZING HYPERPARAMETERS FOR REGRESSOR GPR 	SEED: 6


Best parameters: OrderedDict([('regressor__regressor__lr', 0.01), ('regressor__regressor__n_epoch', 1000)])





OPTIMIZING HYPERPARAMETERS FOR REGRESSOR GPR 	SEED: 6


Best parameters: OrderedDict([('regressor__regressor__lr', 0.01), ('regressor__regressor__n_epoch', 1000)])





OPTIMIZING HYPERPARAMETERS FOR REGRESSOR GPR 	SEED: 6


Best parameters: OrderedDict([('regressor__regressor__lr', 0.01), ('regressor__regressor__n_epoch', 1000)])





OPTIMIZING HYPERPARAMETERS FOR REGRESSOR GPR 	SEED: 6


Best parameters: OrderedDict([('regressor__regressor__lr', 0.01), ('regressor__regressor__n_epoch', 1000)])





OPTIMIZING HYPERPARAMETERS FOR REGRESSOR GPR 	SEED: 6


Best parameters: OrderedDict([('regressor__regressor__lr', 0.01), ('regressor__regressor__n_epoch', 1000)])





OPTIMIZING HYPERPARAMETERS FOR REGRESSOR GPR 	SEED: 6


Best parameters: OrderedDict([('regressor__regressor__lr', 0.01), ('regressor__regressor__n_epoch', 1000)])





OPTIMIZING HYPERPARAMETERS FOR REGRESSOR GPR 	SEED: 13


Best parameters: OrderedDict([('regressor__regressor__lr', 0.01), ('regressor__regressor__n_epoch', 1000)])





OPTIMIZING HYPERPARAMETERS FOR REGRESSOR GPR 	SEED: 13


Best parameters: OrderedDict([('regressor__regressor__lr', 0.01), ('regressor__regressor__n_epoch', 1000)])





OPTIMIZING HYPERPARAMETERS FOR REGRESSOR GPR 	SEED: 13


Best parameters: OrderedDict([('regressor__regressor__lr', 0.01), ('regressor__regressor__n_epoch', 1000)])





OPTIMIZING HYPERPARAMETERS FOR REGRESSOR GPR 	SEED: 13


Best parameters: OrderedDict([('regressor__regressor__lr', 0.01), ('regressor__regressor__n_epoch', 1000)])





OPTIMIZING HYPERPARAMETERS FOR REGRESSOR GPR 	SEED: 13

------------------------------------------------------------
Sender: LSF System <lsfadmin@c202n10>
Subject: Job 598194: <poly_HSP_with_GPR_on_Rg1 (nm)_on_polysize_solvent> in cluster <Hazel> Exited

Job <poly_HSP_with_GPR_on_Rg1 (nm)_on_polysize_solvent> was submitted from host <c009n02> by user <sdehgha2> in cluster <Hazel> at Sun Dec  1 23:45:33 2024
Job was executed on host(s) <4*c202n10>, in queue <single_chassis>, as user <sdehgha2> in cluster <Hazel> at Mon Dec  2 00:06:14 2024
                            <4*c202n06>
</home/sdehgha2> was used as the home directory.
</share/ddomlab/sdehgha2/working-space/main/P1_pls-dataset/pls-dataset-space/PLS-Dataset/code_/training/hpc_submit_training_Rh> was used as the working directory.
Started at Mon Dec  2 00:06:14 2024
Terminated at Mon Dec  2 15:07:23 2024
Results reported at Mon Dec  2 15:07:23 2024

Your job looked like:

------------------------------------------------------------
# LSBATCH: User input

#BSUB -n 8
#BSUB -W 15:01
#BSUB -R span[ptile=4]
#BSUB -R "rusage[mem=32GB]"
#BSUB -J "poly_HSP_with_GPR_on_Rg1 (nm)_on_polysize_solvent"
#BSUB -o "/share/ddomlab/sdehgha2/working-space/main/P1_pls-dataset/pls-dataset-space/PLS-Dataset/results/polysize_solvent_with_GPR_on_Rg1 (nm).out"
#BSUB -e "/share/ddomlab/sdehgha2/working-space/main/P1_pls-dataset/pls-dataset-space/PLS-Dataset/results/polysize_solvent_with_GPR_on_Rg1 (nm).err"

source ~/.bashrc
conda activate /usr/local/usrapps/ddomlab/sdehgha2/pls-dataset-env
python ../train_numerical_only.py --target_features "Rg1 (nm)"                                   --regressor_type "GPR"                                   --kernel "matern"                                   --numerical_feats "Concentration (mg/ml)" "Temperature SANS/SLS/DLS/SEC (K)" "solvent dP" "solvent dD" "solvent dH"                                  --columns_to_impute "Concentration (mg/ml)" "Temperature SANS/SLS/DLS/SEC (K)"                                   --imputer mean
                                  
conda deactivate


------------------------------------------------------------

TERM_RUNLIMIT: job killed after reaching LSF run time limit.
Exited with exit code 140.

Resource usage summary:

    CPU time :                                   9260.00 sec.
    Max Memory :                                 3 GB
    Average Memory :                             1.06 GB
    Total Requested Memory :                     64.00 GB
    Delta Memory :                               61.00 GB
    Max Swap :                                   -
    Max Processes :                              30
    Max Threads :                                33
    Run time :                                   54070 sec.
    Turnaround time :                            55310 sec.

The output (if any) is above this job summary.



PS:

Read file </share/ddomlab/sdehgha2/working-space/main/P1_pls-dataset/pls-dataset-space/PLS-Dataset/results/polysize_solvent_with_GPR_on_Rg1 (nm).err> for stderr output of this job.



Best parameters: OrderedDict([('regressor__regressor__lr', 0.01), ('regressor__regressor__n_epoch', 1000)])





OPTIMIZING HYPERPARAMETERS FOR REGRESSOR GPR 	SEED: 13


Best parameters: OrderedDict([('regressor__regressor__lr', 0.01), ('regressor__regressor__n_epoch', 1000)])





OPTIMIZING HYPERPARAMETERS FOR REGRESSOR GPR 	SEED: 13


Best parameters: OrderedDict([('regressor__regressor__lr', 0.01), ('regressor__regressor__n_epoch', 1000)])





OPTIMIZING HYPERPARAMETERS FOR REGRESSOR GPR 	SEED: 42


Best parameters: OrderedDict([('regressor__regressor__lr', 0.01), ('regressor__regressor__n_epoch', 1000)])





OPTIMIZING HYPERPARAMETERS FOR REGRESSOR GPR 	SEED: 42


Best parameters: OrderedDict([('regressor__regressor__lr', 0.01), ('regressor__regressor__n_epoch', 1000)])





OPTIMIZING HYPERPARAMETERS FOR REGRESSOR GPR 	SEED: 42


Best parameters: OrderedDict([('regressor__regressor__lr', 0.01), ('regressor__regressor__n_epoch', 1000)])





OPTIMIZING HYPERPARAMETERS FOR REGRESSOR GPR 	SEED: 42


Best parameters: OrderedDict([('regressor__regressor__lr', 0.01), ('regressor__regressor__n_epoch', 1000)])





OPTIMIZING HYPERPARAMETERS FOR REGRESSOR GPR 	SEED: 42


Best parameters: OrderedDict([('regressor__regressor__lr', 0.01), ('regressor__regressor__n_epoch', 1000)])





OPTIMIZING HYPERPARAMETERS FOR REGRESSOR GPR 	SEED: 69

------------------------------------------------------------
Sender: LSF System <lsfadmin@c203n07>
Subject: Job 598197: <poly_HSP_with_GPR_on_Rg1 (nm)_on_polysize_solvent> in cluster <Hazel> Done

Job <poly_HSP_with_GPR_on_Rg1 (nm)_on_polysize_solvent> was submitted from host <c009n02> by user <sdehgha2> in cluster <Hazel> at Sun Dec  1 23:45:35 2024
Job was executed on host(s) <4*c203n07>, in queue <single_chassis>, as user <sdehgha2> in cluster <Hazel> at Mon Dec  2 00:07:32 2024
                            <4*c203n02>
</home/sdehgha2> was used as the home directory.
</share/ddomlab/sdehgha2/working-space/main/P1_pls-dataset/pls-dataset-space/PLS-Dataset/code_/training/hpc_submit_training_Rh> was used as the working directory.
Started at Mon Dec  2 00:07:32 2024
Terminated at Tue Dec  3 00:51:01 2024
Results reported at Tue Dec  3 00:51:01 2024

Your job looked like:

------------------------------------------------------------
# LSBATCH: User input

#BSUB -n 8
#BSUB -W 15:01
#BSUB -R span[ptile=4]
#BSUB -R "rusage[mem=32GB]"
#BSUB -J "poly_HSP_with_GPR_on_Rg1 (nm)_on_polysize_solvent"
#BSUB -o "/share/ddomlab/sdehgha2/working-space/main/P1_pls-dataset/pls-dataset-space/PLS-Dataset/results/polysize_solvent_with_GPR_on_Rg1 (nm).out"
#BSUB -e "/share/ddomlab/sdehgha2/working-space/main/P1_pls-dataset/pls-dataset-space/PLS-Dataset/results/polysize_solvent_with_GPR_on_Rg1 (nm).err"

source ~/.bashrc
conda activate /usr/local/usrapps/ddomlab/sdehgha2/pls-dataset-env
python ../train_numerical_only.py --target_features "Rg1 (nm)"                                   --regressor_type "GPR"                                   --kernel "rbf"                                   --numerical_feats "Concentration (mg/ml)" "Temperature SANS/SLS/DLS/SEC (K)" "solvent dP" "solvent dD" "solvent dH"                                  --columns_to_impute "Concentration (mg/ml)" "Temperature SANS/SLS/DLS/SEC (K)"                                   --imputer mean
                                  
conda deactivate


------------------------------------------------------------

Successfully completed.

Resource usage summary:

    CPU time :                                   22202.00 sec.
    Max Memory :                                 3 GB
    Average Memory :                             1.15 GB
    Total Requested Memory :                     64.00 GB
    Delta Memory :                               61.00 GB
    Max Swap :                                   -
    Max Processes :                              26
    Max Threads :                                29
    Run time :                                   89017 sec.
    Turnaround time :                            90326 sec.

The output (if any) is above this job summary.



PS:

Read file </share/ddomlab/sdehgha2/working-space/main/P1_pls-dataset/pls-dataset-space/PLS-Dataset/results/polysize_solvent_with_GPR_on_Rg1 (nm).err> for stderr output of this job.

