Fluorene
-------- OOD Parallel --------

------------------------------------------------------------
Sender: LSF System <lsfadmin@c207n06>
Subject: Job 821740: <RF_log Rg (nm)___KM4 Mordred_Polysize cluster_20250617> in cluster <Hazel> Exited

Job <RF_log Rg (nm)___KM4 Mordred_Polysize cluster_20250617> was submitted from host <c003n01> by user <sdehgha2> in cluster <Hazel> at Tue Jun 17 09:48:51 2025
Job was executed on host(s) <6*c207n06>, in queue <single_chassis>, as user <sdehgha2> in cluster <Hazel> at Tue Jun 17 11:21:44 2025
</home/sdehgha2> was used as the home directory.
</share/ddomlab/sdehgha2/working-space/main/P1_pls-dataset/pls-dataset-space/PLS-Dataset/code_/training/hpc_submit_training_Rh> was used as the working directory.
Started at Tue Jun 17 11:21:44 2025
Terminated at Tue Jun 17 11:55:50 2025
Results reported at Tue Jun 17 11:55:50 2025

Your job looked like:

------------------------------------------------------------
# LSBATCH: User input



#BSUB -n 6
#BSUB -W 10:30
#BSUB -R span[hosts=1]
#BSUB -R "rusage[mem=16GB]"
#BSUB -J "RF_log Rg (nm)___KM4 Mordred_Polysize cluster_20250617"  
#BSUB -o "/share/ddomlab/sdehgha2/working-space/main/P1_pls-dataset/pls-dataset-space/PLS-Dataset/results/hpc_20250617/RF_log Rg (nm)___KM4 Mordred_Polysize cluster_numerical_20250617.out"
#BSUB -e "/share/ddomlab/sdehgha2/working-space/main/P1_pls-dataset/pls-dataset-space/PLS-Dataset/results/hpc_20250617/RF_log Rg (nm)___KM4 Mordred_Polysize cluster_numerical_20250617.err"

source ~/.bashrc
conda activate /usr/local/usrapps/ddomlab/sdehgha2/pls-dataset-env
python ../make_ood_learning_curve.py --target_features "log Rg (nm)"                                       --regressor_type "RF"                                       --numerical_feats 'Xn' 'Mw (g/mol)' 'PDI'  'Concentration (mg/ml)' 'Temperature SANS/SLS/DLS/SEC (K)' 'abs(solvent dD - polymer dD)' 'abs(solvent dP - polymer dP)' 'abs(solvent dH - polymer dH)' "Dark/light" "Aging time (hour)" "To Aging Temperature (K)" "Sonication/Stirring/heating Temperature (K)" "Merged Stirring /sonication/heating time(min)"                                       --clustering_method "KM4 Mordred_Polysize cluster" 



------------------------------------------------------------

Exited with exit code 1.

Resource usage summary:

    CPU time :                                   36589.70 sec.
    Max Memory :                                 55 GB
    Average Memory :                             28.63 GB
    Total Requested Memory :                     16.00 GB
    Delta Memory :                               -39.00 GB
    Max Swap :                                   -
    Max Processes :                              26
    Max Threads :                                29
    Run time :                                   2070 sec.
    Turnaround time :                            7619 sec.

The output (if any) is above this job summary.



PS:

Read file </share/ddomlab/sdehgha2/working-space/main/P1_pls-dataset/pls-dataset-space/PLS-Dataset/results/hpc_20250617/RF_log Rg (nm)___KM4 Mordred_Polysize cluster_numerical_20250617.err> for stderr output of this job.

0
-------- OOD Parallel --------
-------- IID Parallel --------
-------- OOD Parallel --------
-------- IID Parallel --------
-------- OOD Parallel --------
-------- IID Parallel --------
-------- OOD Parallel --------
-------- IID Parallel --------
-------- OOD Parallel --------
-------- IID Parallel --------
-------- OOD Parallel --------
-------- IID Parallel --------
1
-------- OOD Parallel --------
-------- IID Parallel --------
-------- OOD Parallel --------
-------- IID Parallel --------
-------- OOD Parallel --------
-------- IID Parallel --------
-------- OOD Parallel --------
-------- IID Parallel --------
-------- OOD Parallel --------
-------- IID Parallel --------
-------- OOD Parallel --------
-------- IID Parallel --------
2
-------- OOD Parallel --------
-------- IID Parallel --------
-------- OOD Parallel --------
-------- IID Parallel --------
-------- OOD Parallel --------
-------- IID Parallel --------
-------- OOD Parallel --------
-------- IID Parallel --------
-------- OOD Parallel --------
-------- IID Parallel --------
-------- OOD Parallel --------
-------- IID Parallel --------
3
-------- OOD Parallel --------
-------- IID Parallel --------
-------- OOD Parallel --------
-------- IID Parallel --------
-------- OOD Parallel --------
-------- IID Parallel --------
-------- OOD Parallel --------
-------- IID Parallel --------
-------- OOD Parallel --------
-------- IID Parallel --------
-------- OOD Parallel --------
-------- IID Parallel --------
Filename: (Xn-Mw-PDI-concentration-temperature-polymer dP-polymer dD-polymer dH-solvent dP-solvent dD-solvent dH-light exposure-aging time-aging temperature-prep temperature-prep time)_RF_hypOFF_Standard_lc
Done Saving scores!

------------------------------------------------------------
Sender: LSF System <lsfadmin@c205n08>
Subject: Job 846122: <RF_log Rg (nm)___KM4 Mordred_Polysize cluster_20250617> in cluster <Hazel> Done

Job <RF_log Rg (nm)___KM4 Mordred_Polysize cluster_20250617> was submitted from host <c207n05> by user <sdehgha2> in cluster <Hazel> at Sun Jun 22 00:35:43 2025
Job was executed on host(s) <6*c205n08>, in queue <single_chassis>, as user <sdehgha2> in cluster <Hazel> at Sun Jun 22 00:35:45 2025
</home/sdehgha2> was used as the home directory.
</share/ddomlab/sdehgha2/working-space/main/P1_pls-dataset/pls-dataset-space/PLS-Dataset/code_/training/hpc_submit_training_Rh> was used as the working directory.
Started at Sun Jun 22 00:35:45 2025
Terminated at Sun Jun 22 00:47:00 2025
Results reported at Sun Jun 22 00:47:00 2025

Your job looked like:

------------------------------------------------------------
# LSBATCH: User input



#BSUB -n 6
#BSUB -W 10:30
#BSUB -R span[hosts=1]
#BSUB -R "rusage[mem=16GB]"
#BSUB -J "RF_log Rg (nm)___KM4 Mordred_Polysize cluster_20250617"  
#BSUB -o "/share/ddomlab/sdehgha2/working-space/main/P1_pls-dataset/pls-dataset-space/PLS-Dataset/results/hpc_20250617/RF_log Rg (nm)___KM4 Mordred_Polysize cluster_numerical_20250617.out"
#BSUB -e "/share/ddomlab/sdehgha2/working-space/main/P1_pls-dataset/pls-dataset-space/PLS-Dataset/results/hpc_20250617/RF_log Rg (nm)___KM4 Mordred_Polysize cluster_numerical_20250617.err"

source ~/.bashrc
conda activate /usr/local/usrapps/ddomlab/sdehgha2/pls-dataset-env
python ../make_ood_learning_curve.py --target_features "log Rg (nm)"                                       --regressor_type "RF"                                       --numerical_feats 'Xn' 'Mw (g/mol)' 'PDI' 'Concentration (mg/ml)' 'Temperature SANS/SLS/DLS/SEC (K)' "polymer dP" "polymer dD" "polymer dH" 'solvent dP' 'solvent dD' 'solvent dH' "Dark/light" "Aging time (hour)" "To Aging Temperature (K)" "Sonication/Stirring/heating Temperature (K)" "Merged Stirring /sonication/heating time(min)"                                       --clustering_method "KM4 Mordred_Polysize cluster" 



------------------------------------------------------------

Successfully completed.

Resource usage summary:

    CPU time :                                   5404.00 sec.
    Max Memory :                                 6 GB
    Average Memory :                             4.28 GB
    Total Requested Memory :                     16.00 GB
    Delta Memory :                               10.00 GB
    Max Swap :                                   -
    Max Processes :                              30
    Max Threads :                                623
    Run time :                                   680 sec.
    Turnaround time :                            677 sec.

The output (if any) is above this job summary.



PS:

Read file </share/ddomlab/sdehgha2/working-space/main/P1_pls-dataset/pls-dataset-space/PLS-Dataset/results/hpc_20250617/RF_log Rg (nm)___KM4 Mordred_Polysize cluster_numerical_20250617.err> for stderr output of this job.

