


OPTIMIZING HYPERPARAMETERS FOR REGRESSOR NGB 	SEED: 6


Best parameters: OrderedDict([('regressor__regressor__learning_rate', 0.1), ('regressor__regressor__n_estimators', 1495), ('regressor__regressor__natural_gradient', True), ('regressor__regressor__tol', 0.01), ('regressor__regressor__verbose', False)])





OPTIMIZING HYPERPARAMETERS FOR REGRESSOR NGB 	SEED: 6


Best parameters: OrderedDict([('regressor__regressor__learning_rate', 0.08646479880356304), ('regressor__regressor__n_estimators', 918), ('regressor__regressor__natural_gradient', True), ('regressor__regressor__tol', 0.0005053971397801153), ('regressor__regressor__verbose', False)])





OPTIMIZING HYPERPARAMETERS FOR REGRESSOR NGB 	SEED: 6


Best parameters: OrderedDict([('regressor__regressor__learning_rate', 0.1), ('regressor__regressor__n_estimators', 181), ('regressor__regressor__natural_gradient', True), ('regressor__regressor__tol', 0.01), ('regressor__regressor__verbose', False)])





OPTIMIZING HYPERPARAMETERS FOR REGRESSOR NGB 	SEED: 6


Best parameters: OrderedDict([('regressor__regressor__learning_rate', 0.07263800385078899), ('regressor__regressor__n_estimators', 146), ('regressor__regressor__natural_gradient', True), ('regressor__regressor__tol', 0.01), ('regressor__regressor__verbose', False)])





OPTIMIZING HYPERPARAMETERS FOR REGRESSOR NGB 	SEED: 6


Best parameters: OrderedDict([('regressor__regressor__learning_rate', 0.05378078987535631), ('regressor__regressor__n_estimators', 555), ('regressor__regressor__natural_gradient', True), ('regressor__regressor__tol', 0.01), ('regressor__regressor__verbose', False)])





OPTIMIZING HYPERPARAMETERS FOR REGRESSOR NGB 	SEED: 13


Best parameters: OrderedDict([('regressor__regressor__learning_rate', 0.09564230083134447), ('regressor__regressor__n_estimators', 1261), ('regressor__regressor__natural_gradient', True), ('regressor__regressor__tol', 0.005279036057898781), ('regressor__regressor__verbose', False)])





OPTIMIZING HYPERPARAMETERS FOR REGRESSOR NGB 	SEED: 13


Best parameters: OrderedDict([('regressor__regressor__learning_rate', 0.047791664878142404), ('regressor__regressor__n_estimators', 137), ('regressor__regressor__natural_gradient', True), ('regressor__regressor__tol', 0.01), ('regressor__regressor__verbose', False)])





OPTIMIZING HYPERPARAMETERS FOR REGRESSOR NGB 	SEED: 13


Best parameters: OrderedDict([('regressor__regressor__learning_rate', 0.036278599103929124), ('regressor__regressor__n_estimators', 388), ('regressor__regressor__natural_gradient', True), ('regressor__regressor__tol', 0.0001), ('regressor__regressor__verbose', False)])





OPTIMIZING HYPERPARAMETERS FOR REGRESSOR NGB 	SEED: 13


Best parameters: OrderedDict([('regressor__regressor__learning_rate', 0.02841642092523778), ('regressor__regressor__n_estimators', 293), ('regressor__regressor__natural_gradient', True), ('regressor__regressor__tol', 0.0001), ('regressor__regressor__verbose', False)])





OPTIMIZING HYPERPARAMETERS FOR REGRESSOR NGB 	SEED: 13


Best parameters: OrderedDict([('regressor__regressor__learning_rate', 0.07431715907481126), ('regressor__regressor__n_estimators', 167), ('regressor__regressor__natural_gradient', True), ('regressor__regressor__tol', 0.01), ('regressor__regressor__verbose', False)])





OPTIMIZING HYPERPARAMETERS FOR REGRESSOR NGB 	SEED: 42


Best parameters: OrderedDict([('regressor__regressor__learning_rate', 0.1), ('regressor__regressor__n_estimators', 297), ('regressor__regressor__natural_gradient', True), ('regressor__regressor__tol', 0.01), ('regressor__regressor__verbose', False)])





OPTIMIZING HYPERPARAMETERS FOR REGRESSOR NGB 	SEED: 42


Best parameters: OrderedDict([('regressor__regressor__learning_rate', 0.009772166353907366), ('regressor__regressor__n_estimators', 1596), ('regressor__regressor__natural_gradient', True), ('regressor__regressor__tol', 0.01), ('regressor__regressor__verbose', False)])





OPTIMIZING HYPERPARAMETERS FOR REGRESSOR NGB 	SEED: 42


Best parameters: OrderedDict([('regressor__regressor__learning_rate', 0.03636243655158463), ('regressor__regressor__n_estimators', 579), ('regressor__regressor__natural_gradient', True), ('regressor__regressor__tol', 0.0001), ('regressor__regressor__verbose', False)])





OPTIMIZING HYPERPARAMETERS FOR REGRESSOR NGB 	SEED: 42


Best parameters: OrderedDict([('regressor__regressor__learning_rate', 0.1), ('regressor__regressor__n_estimators', 1444), ('regressor__regressor__natural_gradient', True), ('regressor__regressor__tol', 0.0001), ('regressor__regressor__verbose', False)])





OPTIMIZING HYPERPARAMETERS FOR REGRESSOR NGB 	SEED: 42


Best parameters: OrderedDict([('regressor__regressor__learning_rate', 0.05977122925164698), ('regressor__regressor__n_estimators', 1942), ('regressor__regressor__natural_gradient', True), ('regressor__regressor__tol', 0.005749104434611407), ('regressor__regressor__verbose', False)])





OPTIMIZING HYPERPARAMETERS FOR REGRESSOR NGB 	SEED: 69


Best parameters: OrderedDict([('regressor__regressor__learning_rate', 0.1), ('regressor__regressor__n_estimators', 415), ('regressor__regressor__natural_gradient', True), ('regressor__regressor__tol', 0.0001), ('regressor__regressor__verbose', False)])





OPTIMIZING HYPERPARAMETERS FOR REGRESSOR NGB 	SEED: 69


Best parameters: OrderedDict([('regressor__regressor__learning_rate', 0.1), ('regressor__regressor__n_estimators', 244), ('regressor__regressor__natural_gradient', True), ('regressor__regressor__tol', 0.0001), ('regressor__regressor__verbose', False)])





OPTIMIZING HYPERPARAMETERS FOR REGRESSOR NGB 	SEED: 69


Best parameters: OrderedDict([('regressor__regressor__learning_rate', 0.004752994342737326), ('regressor__regressor__n_estimators', 1137), ('regressor__regressor__natural_gradient', True), ('regressor__regressor__tol', 0.00034871787518315063), ('regressor__regressor__verbose', False)])





OPTIMIZING HYPERPARAMETERS FOR REGRESSOR NGB 	SEED: 69


Best parameters: OrderedDict([('regressor__regressor__learning_rate', 0.06953333543609484), ('regressor__regressor__n_estimators', 114), ('regressor__regressor__natural_gradient', True), ('regressor__regressor__tol', 0.0001), ('regressor__regressor__verbose', False)])





OPTIMIZING HYPERPARAMETERS FOR REGRESSOR NGB 	SEED: 69


Best parameters: OrderedDict([('regressor__regressor__learning_rate', 0.07038729931040973), ('regressor__regressor__n_estimators', 838), ('regressor__regressor__natural_gradient', True), ('regressor__regressor__tol', 0.0001), ('regressor__regressor__verbose', False)])





OPTIMIZING HYPERPARAMETERS FOR REGRESSOR NGB 	SEED: 420


Best parameters: OrderedDict([('regressor__regressor__learning_rate', 0.04868729703570824), ('regressor__regressor__n_estimators', 236), ('regressor__regressor__natural_gradient', True), ('regressor__regressor__tol', 0.01), ('regressor__regressor__verbose', False)])





OPTIMIZING HYPERPARAMETERS FOR REGRESSOR NGB 	SEED: 420


Best parameters: OrderedDict([('regressor__regressor__learning_rate', 0.05913781436124809), ('regressor__regressor__n_estimators', 875), ('regressor__regressor__natural_gradient', True), ('regressor__regressor__tol', 0.003374979707751342), ('regressor__regressor__verbose', False)])





OPTIMIZING HYPERPARAMETERS FOR REGRESSOR NGB 	SEED: 420


Best parameters: OrderedDict([('regressor__regressor__learning_rate', 0.1), ('regressor__regressor__n_estimators', 883), ('regressor__regressor__natural_gradient', True), ('regressor__regressor__tol', 0.0001), ('regressor__regressor__verbose', False)])





OPTIMIZING HYPERPARAMETERS FOR REGRESSOR NGB 	SEED: 420


Best parameters: OrderedDict([('regressor__regressor__learning_rate', 0.05913781436124809), ('regressor__regressor__n_estimators', 875), ('regressor__regressor__natural_gradient', True), ('regressor__regressor__tol', 0.003374979707751342), ('regressor__regressor__verbose', False)])





OPTIMIZING HYPERPARAMETERS FOR REGRESSOR NGB 	SEED: 420


Best parameters: OrderedDict([('regressor__regressor__learning_rate', 0.06029015447664026), ('regressor__regressor__n_estimators', 417), ('regressor__regressor__natural_gradient', True), ('regressor__regressor__tol', 0.0001), ('regressor__regressor__verbose', False)])





OPTIMIZING HYPERPARAMETERS FOR REGRESSOR NGB 	SEED: 1234567890


Best parameters: OrderedDict([('regressor__regressor__learning_rate', 0.0695495024741012), ('regressor__regressor__n_estimators', 391), ('regressor__regressor__natural_gradient', True), ('regressor__regressor__tol', 0.009485251078718197), ('regressor__regressor__verbose', False)])





OPTIMIZING HYPERPARAMETERS FOR REGRESSOR NGB 	SEED: 1234567890


Best parameters: OrderedDict([('regressor__regressor__learning_rate', 0.09897602630237445), ('regressor__regressor__n_estimators', 499), ('regressor__regressor__natural_gradient', True), ('regressor__regressor__tol', 0.004620674105406131), ('regressor__regressor__verbose', False)])





OPTIMIZING HYPERPARAMETERS FOR REGRESSOR NGB 	SEED: 1234567890


Best parameters: OrderedDict([('regressor__regressor__learning_rate', 0.07672647617590891), ('regressor__regressor__n_estimators', 446), ('regressor__regressor__natural_gradient', True), ('regressor__regressor__tol', 0.01), ('regressor__regressor__verbose', False)])





OPTIMIZING HYPERPARAMETERS FOR REGRESSOR NGB 	SEED: 1234567890


Best parameters: OrderedDict([('regressor__regressor__learning_rate', 0.05981163601480716), ('regressor__regressor__n_estimators', 2000), ('regressor__regressor__natural_gradient', True), ('regressor__regressor__tol', 0.01), ('regressor__regressor__verbose', False)])





OPTIMIZING HYPERPARAMETERS FOR REGRESSOR NGB 	SEED: 1234567890


Best parameters: OrderedDict([('regressor__regressor__learning_rate', 0.05629074713764418), ('regressor__regressor__n_estimators', 673), ('regressor__regressor__natural_gradient', True), ('regressor__regressor__tol', 0.0001), ('regressor__regressor__verbose', False)])





OPTIMIZING HYPERPARAMETERS FOR REGRESSOR NGB 	SEED: 473129


Best parameters: OrderedDict([('regressor__regressor__learning_rate', 0.0727880237480246), ('regressor__regressor__n_estimators', 405), ('regressor__regressor__natural_gradient', True), ('regressor__regressor__tol', 0.0003148403208079816), ('regressor__regressor__verbose', False)])





OPTIMIZING HYPERPARAMETERS FOR REGRESSOR NGB 	SEED: 473129


Best parameters: OrderedDict([('regressor__regressor__learning_rate', 0.1), ('regressor__regressor__n_estimators', 2000), ('regressor__regressor__natural_gradient', True), ('regressor__regressor__tol', 0.01), ('regressor__regressor__verbose', False)])





OPTIMIZING HYPERPARAMETERS FOR REGRESSOR NGB 	SEED: 473129


Best parameters: OrderedDict([('regressor__regressor__learning_rate', 0.1), ('regressor__regressor__n_estimators', 1001), ('regressor__regressor__natural_gradient', True), ('regressor__regressor__tol', 0.01), ('regressor__regressor__verbose', False)])





OPTIMIZING HYPERPARAMETERS FOR REGRESSOR NGB 	SEED: 473129


Best parameters: OrderedDict([('regressor__regressor__learning_rate', 0.0727880237480246), ('regressor__regressor__n_estimators', 405), ('regressor__regressor__natural_gradient', True), ('regressor__regressor__tol', 0.0003148403208079816), ('regressor__regressor__verbose', False)])





OPTIMIZING HYPERPARAMETERS FOR REGRESSOR NGB 	SEED: 473129


Best parameters: OrderedDict([('regressor__regressor__learning_rate', 0.096778030647946), ('regressor__regressor__n_estimators', 84), ('regressor__regressor__natural_gradient', True), ('regressor__regressor__tol', 0.003968042171293662), ('regressor__regressor__verbose', False)])


Average scores:	 r: 0.89±0.05	 r2: 0.79±0.1
Filename: (Mordred-Xn-Mw-PDI)_NGB_Standard
Done Saving scores!

------------------------------------------------------------
Sender: LSF System <lsfadmin@c201n01>
Subject: Job 708543: <NGB_log Rg (nm)_Mordred_Trimer_20250531> in cluster <Hazel> Done

Job <NGB_log Rg (nm)_Mordred_Trimer_20250531> was submitted from host <c201n14> by user <sdehgha2> in cluster <Hazel> at Tue Jun 10 09:37:46 2025
Job was executed on host(s) <6*c201n01>, in queue <single_chassis>, as user <sdehgha2> in cluster <Hazel> at Tue Jun 10 09:37:47 2025
</home/sdehgha2> was used as the home directory.
</share/ddomlab/sdehgha2/working-space/main/P1_pls-dataset/pls-dataset-space/PLS-Dataset/code_/training/hpc_submit_training_Rh> was used as the working directory.
Started at Tue Jun 10 09:37:47 2025
Terminated at Tue Jun 10 18:45:57 2025
Results reported at Tue Jun 10 18:45:57 2025

Your job looked like:

------------------------------------------------------------
# LSBATCH: User input



#BSUB -n 6
#BSUB -W 65:05
#BSUB -R span[hosts=1]
#BSUB -R "rusage[mem=16GB]"
#BSUB -J "NGB_log Rg (nm)_Mordred_Trimer_20250531"  
#BSUB -o "/share/ddomlab/sdehgha2/working-space/main/P1_pls-dataset/pls-dataset-space/PLS-Dataset/results/hpc_20250531/NGB_log Rg (nm)_Mordred_Trimer_20250531.out"
#BSUB -e "/share/ddomlab/sdehgha2/working-space/main/P1_pls-dataset/pls-dataset-space/PLS-Dataset/results/hpc_20250531/NGB_log Rg (nm)_Mordred__Trimer_20250531.err"

source ~/.bashrc
conda activate /usr/local/usrapps/ddomlab/sdehgha2/pls-dataset-env
python ../train_structure_numerical.py --target_features "log Rg (nm)"                                       --representation "Mordred"                                       --regressor_type "NGB"                                       --oligomer_representation "Trimer"                                       --numerical_feats 'Xn' 'Mw (g/mol)' 'PDI'





------------------------------------------------------------

Successfully completed.

Resource usage summary:

    CPU time :                                   146955.00 sec.
    Max Memory :                                 3 GB
    Average Memory :                             2.98 GB
    Total Requested Memory :                     16.00 GB
    Delta Memory :                               13.00 GB
    Max Swap :                                   -
    Max Processes :                              30
    Max Threads :                                33
    Run time :                                   32890 sec.
    Turnaround time :                            32891 sec.

The output (if any) is above this job summary.



PS:

Read file </share/ddomlab/sdehgha2/working-space/main/P1_pls-dataset/pls-dataset-space/PLS-Dataset/results/hpc_20250531/NGB_log Rg (nm)_Mordred__Trimer_20250531.err> for stderr output of this job.

