


-------------------------------------------------- 
OOD TEST ON 0



-------------------------------------------------- 
OPTIMIZING HYPERPARAMETERS FOR REGRESSOR XGBR 	SEED: 6



OPTIMIZING HYPERPARAMETERS FOR REGRESSOR XGBR 	SEED: 6


Best parameters: OrderedDict([('regressor__regressor__learning_rate', 0.004866083656078861), ('regressor__regressor__max_depth', 26), ('regressor__regressor__n_estimators', 1446), ('regressor__regressor__n_jobs', -2)])





OPTIMIZING HYPERPARAMETERS FOR REGRESSOR XGBR 	SEED: 6


Best parameters: OrderedDict([('regressor__regressor__learning_rate', 0.08646479880356304), ('regressor__regressor__max_depth', 2326), ('regressor__regressor__n_estimators', 847), ('regressor__regressor__n_jobs', -2)])





OPTIMIZING HYPERPARAMETERS FOR REGRESSOR XGBR 	SEED: 6


Best parameters: OrderedDict([('regressor__regressor__learning_rate', 0.049769540796122974), ('regressor__regressor__max_depth', 10000), ('regressor__regressor__n_estimators', 176), ('regressor__regressor__n_jobs', -2)])





OPTIMIZING HYPERPARAMETERS FOR REGRESSOR XGBR 	SEED: 6


Best parameters: OrderedDict([('regressor__regressor__learning_rate', 0.06583977222709968), ('regressor__regressor__max_depth', 10), ('regressor__regressor__n_estimators', 306), ('regressor__regressor__n_jobs', -2)])





OPTIMIZING HYPERPARAMETERS FOR REGRESSOR XGBR 	SEED: 6


Best parameters: OrderedDict([('regressor__regressor__learning_rate', 0.08646479880356304), ('regressor__regressor__max_depth', 2326), ('regressor__regressor__n_estimators', 847), ('regressor__regressor__n_jobs', -2)])





-------------------------------------------------- 
OPTIMIZING HYPERPARAMETERS FOR REGRESSOR XGBR 	SEED: 13



OPTIMIZING HYPERPARAMETERS FOR REGRESSOR XGBR 	SEED: 13


Best parameters: OrderedDict([('regressor__regressor__learning_rate', 0.1), ('regressor__regressor__max_depth', 10000), ('regressor__regressor__n_estimators', 2000), ('regressor__regressor__n_jobs', -2)])





OPTIMIZING HYPERPARAMETERS FOR REGRESSOR XGBR 	SEED: 13


Best parameters: OrderedDict([('regressor__regressor__learning_rate', 0.07693173041362837), ('regressor__regressor__max_depth', 269), ('regressor__regressor__n_estimators', 289), ('regressor__regressor__n_jobs', -2)])





OPTIMIZING HYPERPARAMETERS FOR REGRESSOR XGBR 	SEED: 13


Best parameters: OrderedDict([('regressor__regressor__learning_rate', 0.07222061673570211), ('regressor__regressor__max_depth', 10000), ('regressor__regressor__n_estimators', 1176), ('regressor__regressor__n_jobs', -2)])





OPTIMIZING HYPERPARAMETERS FOR REGRESSOR XGBR 	SEED: 13


Best parameters: OrderedDict([('regressor__regressor__learning_rate', 0.1), ('regressor__regressor__max_depth', 10000), ('regressor__regressor__n_estimators', 2000), ('regressor__regressor__n_jobs', -2)])





OPTIMIZING HYPERPARAMETERS FOR REGRESSOR XGBR 	SEED: 13


Best parameters: OrderedDict([('regressor__regressor__learning_rate', 0.047847456006131744), ('regressor__regressor__max_depth', 10), ('regressor__regressor__n_estimators', 252), ('regressor__regressor__n_jobs', -2)])





-------------------------------------------------- 
OPTIMIZING HYPERPARAMETERS FOR REGRESSOR XGBR 	SEED: 42



OPTIMIZING HYPERPARAMETERS FOR REGRESSOR XGBR 	SEED: 42


Best parameters: OrderedDict([('regressor__regressor__learning_rate', 0.1), ('regressor__regressor__max_depth', 10), ('regressor__regressor__n_estimators', 914), ('regressor__regressor__n_jobs', -2)])





OPTIMIZING HYPERPARAMETERS FOR REGRESSOR XGBR 	SEED: 42


Best parameters: OrderedDict([('regressor__regressor__learning_rate', 0.05095251301521634), ('regressor__regressor__max_depth', 10000), ('regressor__regressor__n_estimators', 299), ('regressor__regressor__n_jobs', -2)])





OPTIMIZING HYPERPARAMETERS FOR REGRESSOR XGBR 	SEED: 42


Best parameters: OrderedDict([('regressor__regressor__learning_rate', 0.1), ('regressor__regressor__max_depth', 10), ('regressor__regressor__n_estimators', 2000), ('regressor__regressor__n_jobs', -2)])





OPTIMIZING HYPERPARAMETERS FOR REGRESSOR XGBR 	SEED: 42


Best parameters: OrderedDict([('regressor__regressor__learning_rate', 0.02012884502186669), ('regressor__regressor__max_depth', 10), ('regressor__regressor__n_estimators', 1420), ('regressor__regressor__n_jobs', -2)])





OPTIMIZING HYPERPARAMETERS FOR REGRESSOR XGBR 	SEED: 42


Best parameters: OrderedDict([('regressor__regressor__learning_rate', 0.1), ('regressor__regressor__max_depth', 10000), ('regressor__regressor__n_estimators', 1452), ('regressor__regressor__n_jobs', -2)])





-------------------------------------------------- 
OPTIMIZING HYPERPARAMETERS FOR REGRESSOR XGBR 	SEED: 69



OPTIMIZING HYPERPARAMETERS FOR REGRESSOR XGBR 	SEED: 69


Best parameters: OrderedDict([('regressor__regressor__learning_rate', 0.02373003295667467), ('regressor__regressor__max_depth', 275), ('regressor__regressor__n_estimators', 120), ('regressor__regressor__n_jobs', -2)])





OPTIMIZING HYPERPARAMETERS FOR REGRESSOR XGBR 	SEED: 69


Best parameters: OrderedDict([('regressor__regressor__learning_rate', 0.09939793013929618), ('regressor__regressor__max_depth', 4800), ('regressor__regressor__n_estimators', 161), ('regressor__regressor__n_jobs', -2)])





OPTIMIZING HYPERPARAMETERS FOR REGRESSOR XGBR 	SEED: 69


Best parameters: OrderedDict([('regressor__regressor__learning_rate', 0.03830160595634707), ('regressor__regressor__max_depth', 806), ('regressor__regressor__n_estimators', 50), ('regressor__regressor__n_jobs', -2)])





OPTIMIZING HYPERPARAMETERS FOR REGRESSOR XGBR 	SEED: 69


Best parameters: OrderedDict([('regressor__regressor__learning_rate', 0.02256825001011882), ('regressor__regressor__max_depth', 522), ('regressor__regressor__n_estimators', 132), ('regressor__regressor__n_jobs', -2)])





OPTIMIZING HYPERPARAMETERS FOR REGRESSOR XGBR 	SEED: 69


Best parameters: OrderedDict([('regressor__regressor__learning_rate', 0.07184942756015866), ('regressor__regressor__max_depth', 12), ('regressor__regressor__n_estimators', 273), ('regressor__regressor__n_jobs', -2)])





-------------------------------------------------- 
OPTIMIZING HYPERPARAMETERS FOR REGRESSOR XGBR 	SEED: 420



OPTIMIZING HYPERPARAMETERS FOR REGRESSOR XGBR 	SEED: 420


Best parameters: OrderedDict([('regressor__regressor__learning_rate', 0.028468614553713564), ('regressor__regressor__max_depth', 10), ('regressor__regressor__n_estimators', 971), ('regressor__regressor__n_jobs', -2)])





OPTIMIZING HYPERPARAMETERS FOR REGRESSOR XGBR 	SEED: 420


Best parameters: OrderedDict([('regressor__regressor__learning_rate', 0.1), ('regressor__regressor__max_depth', 10), ('regressor__regressor__n_estimators', 2000), ('regressor__regressor__n_jobs', -2)])





OPTIMIZING HYPERPARAMETERS FOR REGRESSOR XGBR 	SEED: 420


Best parameters: OrderedDict([('regressor__regressor__learning_rate', 0.025823774848644065), ('regressor__regressor__max_depth', 10), ('regressor__regressor__n_estimators', 731), ('regressor__regressor__n_jobs', -2)])





OPTIMIZING HYPERPARAMETERS FOR REGRESSOR XGBR 	SEED: 420


Best parameters: OrderedDict([('regressor__regressor__learning_rate', 0.1), ('regressor__regressor__max_depth', 10), ('regressor__regressor__n_estimators', 2000), ('regressor__regressor__n_jobs', -2)])





OPTIMIZING HYPERPARAMETERS FOR REGRESSOR XGBR 	SEED: 420


Best parameters: OrderedDict([('regressor__regressor__learning_rate', 0.1), ('regressor__regressor__max_depth', 10), ('regressor__regressor__n_estimators', 2000), ('regressor__regressor__n_jobs', -2)])





-------------------------------------------------- 
OPTIMIZING HYPERPARAMETERS FOR REGRESSOR XGBR 	SEED: 1234567890



OPTIMIZING HYPERPARAMETERS FOR REGRESSOR XGBR 	SEED: 1234567890


Best parameters: OrderedDict([('regressor__regressor__learning_rate', 0.1), ('regressor__regressor__max_depth', 10), ('regressor__regressor__n_estimators', 1328), ('regressor__regressor__n_jobs', -2)])





OPTIMIZING HYPERPARAMETERS FOR REGRESSOR XGBR 	SEED: 1234567890


Best parameters: OrderedDict([('regressor__regressor__learning_rate', 0.1), ('regressor__regressor__max_depth', 8914), ('regressor__regressor__n_estimators', 266), ('regressor__regressor__n_jobs', -2)])





OPTIMIZING HYPERPARAMETERS FOR REGRESSOR XGBR 	SEED: 1234567890


Best parameters: OrderedDict([('regressor__regressor__learning_rate', 0.1), ('regressor__regressor__max_depth', 10000), ('regressor__regressor__n_estimators', 877), ('regressor__regressor__n_jobs', -2)])





OPTIMIZING HYPERPARAMETERS FOR REGRESSOR XGBR 	SEED: 1234567890


Best parameters: OrderedDict([('regressor__regressor__learning_rate', 0.1), ('regressor__regressor__max_depth', 10), ('regressor__regressor__n_estimators', 2000), ('regressor__regressor__n_jobs', -2)])





OPTIMIZING HYPERPARAMETERS FOR REGRESSOR XGBR 	SEED: 1234567890


Best parameters: OrderedDict([('regressor__regressor__learning_rate', 0.07792676821297098), ('regressor__regressor__max_depth', 10), ('regressor__regressor__n_estimators', 434), ('regressor__regressor__n_jobs', -2)])





-------------------------------------------------- 
OPTIMIZING HYPERPARAMETERS FOR REGRESSOR XGBR 	SEED: 473129



OPTIMIZING HYPERPARAMETERS FOR REGRESSOR XGBR 	SEED: 473129


Best parameters: OrderedDict([('regressor__regressor__learning_rate', 0.07332784979976105), ('regressor__regressor__max_depth', 10), ('regressor__regressor__n_estimators', 142), ('regressor__regressor__n_jobs', -2)])





OPTIMIZING HYPERPARAMETERS FOR REGRESSOR XGBR 	SEED: 473129


Best parameters: OrderedDict([('regressor__regressor__learning_rate', 0.04819279479133504), ('regressor__regressor__max_depth', 10000), ('regressor__regressor__n_estimators', 102), ('regressor__regressor__n_jobs', -2)])





OPTIMIZING HYPERPARAMETERS FOR REGRESSOR XGBR 	SEED: 473129


Best parameters: OrderedDict([('regressor__regressor__learning_rate', 0.06744963913424368), ('regressor__regressor__max_depth', 10000), ('regressor__regressor__n_estimators', 643), ('regressor__regressor__n_jobs', -2)])





OPTIMIZING HYPERPARAMETERS FOR REGRESSOR XGBR 	SEED: 473129


Best parameters: OrderedDict([('regressor__regressor__learning_rate', 0.1), ('regressor__regressor__max_depth', 10000), ('regressor__regressor__n_estimators', 50), ('regressor__regressor__n_jobs', -2)])





OPTIMIZING HYPERPARAMETERS FOR REGRESSOR XGBR 	SEED: 473129


Best parameters: OrderedDict([('regressor__regressor__learning_rate', 0.07458776517454832), ('regressor__regressor__max_depth', 10000), ('regressor__regressor__n_estimators', 2000), ('regressor__regressor__n_jobs', -2)])





-------------------------------------------------- 
OOD TEST ON 1



-------------------------------------------------- 
OPTIMIZING HYPERPARAMETERS FOR REGRESSOR XGBR 	SEED: 6



OPTIMIZING HYPERPARAMETERS FOR REGRESSOR XGBR 	SEED: 6


Best parameters: OrderedDict([('regressor__regressor__learning_rate', 0.004866083656078861), ('regressor__regressor__max_depth', 26), ('regressor__regressor__n_estimators', 1446), ('regressor__regressor__n_jobs', -2)])





OPTIMIZING HYPERPARAMETERS FOR REGRESSOR XGBR 	SEED: 6


Best parameters: OrderedDict([('regressor__regressor__learning_rate', 0.08646479880356304), ('regressor__regressor__max_depth', 2326), ('regressor__regressor__n_estimators', 847), ('regressor__regressor__n_jobs', -2)])





OPTIMIZING HYPERPARAMETERS FOR REGRESSOR XGBR 	SEED: 6


Best parameters: OrderedDict([('regressor__regressor__learning_rate', 0.049769540796122974), ('regressor__regressor__max_depth', 10000), ('regressor__regressor__n_estimators', 176), ('regressor__regressor__n_jobs', -2)])





OPTIMIZING HYPERPARAMETERS FOR REGRESSOR XGBR 	SEED: 6


Best parameters: OrderedDict([('regressor__regressor__learning_rate', 0.06583977222709968), ('regressor__regressor__max_depth', 10), ('regressor__regressor__n_estimators', 306), ('regressor__regressor__n_jobs', -2)])





OPTIMIZING HYPERPARAMETERS FOR REGRESSOR XGBR 	SEED: 6


Best parameters: OrderedDict([('regressor__regressor__learning_rate', 0.08646479880356304), ('regressor__regressor__max_depth', 2326), ('regressor__regressor__n_estimators', 847), ('regressor__regressor__n_jobs', -2)])





-------------------------------------------------- 
OPTIMIZING HYPERPARAMETERS FOR REGRESSOR XGBR 	SEED: 13



OPTIMIZING HYPERPARAMETERS FOR REGRESSOR XGBR 	SEED: 13


Best parameters: OrderedDict([('regressor__regressor__learning_rate', 0.1), ('regressor__regressor__max_depth', 10000), ('regressor__regressor__n_estimators', 2000), ('regressor__regressor__n_jobs', -2)])





OPTIMIZING HYPERPARAMETERS FOR REGRESSOR XGBR 	SEED: 13


Best parameters: OrderedDict([('regressor__regressor__learning_rate', 0.07693173041362837), ('regressor__regressor__max_depth', 269), ('regressor__regressor__n_estimators', 289), ('regressor__regressor__n_jobs', -2)])





OPTIMIZING HYPERPARAMETERS FOR REGRESSOR XGBR 	SEED: 13


Best parameters: OrderedDict([('regressor__regressor__learning_rate', 0.07222061673570211), ('regressor__regressor__max_depth', 10000), ('regressor__regressor__n_estimators', 1176), ('regressor__regressor__n_jobs', -2)])





OPTIMIZING HYPERPARAMETERS FOR REGRESSOR XGBR 	SEED: 13


Best parameters: OrderedDict([('regressor__regressor__learning_rate', 0.1), ('regressor__regressor__max_depth', 10000), ('regressor__regressor__n_estimators', 2000), ('regressor__regressor__n_jobs', -2)])





OPTIMIZING HYPERPARAMETERS FOR REGRESSOR XGBR 	SEED: 13


Best parameters: OrderedDict([('regressor__regressor__learning_rate', 0.047847456006131744), ('regressor__regressor__max_depth', 10), ('regressor__regressor__n_estimators', 252), ('regressor__regressor__n_jobs', -2)])





-------------------------------------------------- 
OPTIMIZING HYPERPARAMETERS FOR REGRESSOR XGBR 	SEED: 42



OPTIMIZING HYPERPARAMETERS FOR REGRESSOR XGBR 	SEED: 42


Best parameters: OrderedDict([('regressor__regressor__learning_rate', 0.1), ('regressor__regressor__max_depth', 10), ('regressor__regressor__n_estimators', 914), ('regressor__regressor__n_jobs', -2)])





OPTIMIZING HYPERPARAMETERS FOR REGRESSOR XGBR 	SEED: 42


Best parameters: OrderedDict([('regressor__regressor__learning_rate', 0.05095251301521634), ('regressor__regressor__max_depth', 10000), ('regressor__regressor__n_estimators', 299), ('regressor__regressor__n_jobs', -2)])





OPTIMIZING HYPERPARAMETERS FOR REGRESSOR XGBR 	SEED: 42


Best parameters: OrderedDict([('regressor__regressor__learning_rate', 0.1), ('regressor__regressor__max_depth', 10), ('regressor__regressor__n_estimators', 2000), ('regressor__regressor__n_jobs', -2)])





OPTIMIZING HYPERPARAMETERS FOR REGRESSOR XGBR 	SEED: 42


Best parameters: OrderedDict([('regressor__regressor__learning_rate', 0.02012884502186669), ('regressor__regressor__max_depth', 10), ('regressor__regressor__n_estimators', 1420), ('regressor__regressor__n_jobs', -2)])





OPTIMIZING HYPERPARAMETERS FOR REGRESSOR XGBR 	SEED: 42


Best parameters: OrderedDict([('regressor__regressor__learning_rate', 0.1), ('regressor__regressor__max_depth', 10000), ('regressor__regressor__n_estimators', 1452), ('regressor__regressor__n_jobs', -2)])





-------------------------------------------------- 
OPTIMIZING HYPERPARAMETERS FOR REGRESSOR XGBR 	SEED: 69



OPTIMIZING HYPERPARAMETERS FOR REGRESSOR XGBR 	SEED: 69


Best parameters: OrderedDict([('regressor__regressor__learning_rate', 0.02373003295667467), ('regressor__regressor__max_depth', 275), ('regressor__regressor__n_estimators', 120), ('regressor__regressor__n_jobs', -2)])





OPTIMIZING HYPERPARAMETERS FOR REGRESSOR XGBR 	SEED: 69


Best parameters: OrderedDict([('regressor__regressor__learning_rate', 0.09939793013929618), ('regressor__regressor__max_depth', 4800), ('regressor__regressor__n_estimators', 161), ('regressor__regressor__n_jobs', -2)])





OPTIMIZING HYPERPARAMETERS FOR REGRESSOR XGBR 	SEED: 69


Best parameters: OrderedDict([('regressor__regressor__learning_rate', 0.03830160595634707), ('regressor__regressor__max_depth', 806), ('regressor__regressor__n_estimators', 50), ('regressor__regressor__n_jobs', -2)])





OPTIMIZING HYPERPARAMETERS FOR REGRESSOR XGBR 	SEED: 69


Best parameters: OrderedDict([('regressor__regressor__learning_rate', 0.02256825001011882), ('regressor__regressor__max_depth', 522), ('regressor__regressor__n_estimators', 132), ('regressor__regressor__n_jobs', -2)])





OPTIMIZING HYPERPARAMETERS FOR REGRESSOR XGBR 	SEED: 69


Best parameters: OrderedDict([('regressor__regressor__learning_rate', 0.07184942756015866), ('regressor__regressor__max_depth', 12), ('regressor__regressor__n_estimators', 273), ('regressor__regressor__n_jobs', -2)])





-------------------------------------------------- 
OPTIMIZING HYPERPARAMETERS FOR REGRESSOR XGBR 	SEED: 420



OPTIMIZING HYPERPARAMETERS FOR REGRESSOR XGBR 	SEED: 420


Best parameters: OrderedDict([('regressor__regressor__learning_rate', 0.028468614553713564), ('regressor__regressor__max_depth', 10), ('regressor__regressor__n_estimators', 971), ('regressor__regressor__n_jobs', -2)])





OPTIMIZING HYPERPARAMETERS FOR REGRESSOR XGBR 	SEED: 420


Best parameters: OrderedDict([('regressor__regressor__learning_rate', 0.1), ('regressor__regressor__max_depth', 10), ('regressor__regressor__n_estimators', 2000), ('regressor__regressor__n_jobs', -2)])





OPTIMIZING HYPERPARAMETERS FOR REGRESSOR XGBR 	SEED: 420


Best parameters: OrderedDict([('regressor__regressor__learning_rate', 0.025823774848644065), ('regressor__regressor__max_depth', 10), ('regressor__regressor__n_estimators', 731), ('regressor__regressor__n_jobs', -2)])





OPTIMIZING HYPERPARAMETERS FOR REGRESSOR XGBR 	SEED: 420


Best parameters: OrderedDict([('regressor__regressor__learning_rate', 0.1), ('regressor__regressor__max_depth', 10), ('regressor__regressor__n_estimators', 2000), ('regressor__regressor__n_jobs', -2)])





OPTIMIZING HYPERPARAMETERS FOR REGRESSOR XGBR 	SEED: 420


Best parameters: OrderedDict([('regressor__regressor__learning_rate', 0.1), ('regressor__regressor__max_depth', 10), ('regressor__regressor__n_estimators', 2000), ('regressor__regressor__n_jobs', -2)])





-------------------------------------------------- 
OPTIMIZING HYPERPARAMETERS FOR REGRESSOR XGBR 	SEED: 1234567890



OPTIMIZING HYPERPARAMETERS FOR REGRESSOR XGBR 	SEED: 1234567890


Best parameters: OrderedDict([('regressor__regressor__learning_rate', 0.1), ('regressor__regressor__max_depth', 10), ('regressor__regressor__n_estimators', 1328), ('regressor__regressor__n_jobs', -2)])





OPTIMIZING HYPERPARAMETERS FOR REGRESSOR XGBR 	SEED: 1234567890


Best parameters: OrderedDict([('regressor__regressor__learning_rate', 0.1), ('regressor__regressor__max_depth', 8914), ('regressor__regressor__n_estimators', 266), ('regressor__regressor__n_jobs', -2)])





OPTIMIZING HYPERPARAMETERS FOR REGRESSOR XGBR 	SEED: 1234567890


Best parameters: OrderedDict([('regressor__regressor__learning_rate', 0.1), ('regressor__regressor__max_depth', 10000), ('regressor__regressor__n_estimators', 877), ('regressor__regressor__n_jobs', -2)])





OPTIMIZING HYPERPARAMETERS FOR REGRESSOR XGBR 	SEED: 1234567890


Best parameters: OrderedDict([('regressor__regressor__learning_rate', 0.1), ('regressor__regressor__max_depth', 10), ('regressor__regressor__n_estimators', 2000), ('regressor__regressor__n_jobs', -2)])





OPTIMIZING HYPERPARAMETERS FOR REGRESSOR XGBR 	SEED: 1234567890


Best parameters: OrderedDict([('regressor__regressor__learning_rate', 0.07792676821297098), ('regressor__regressor__max_depth', 10), ('regressor__regressor__n_estimators', 434), ('regressor__regressor__n_jobs', -2)])





-------------------------------------------------- 
OPTIMIZING HYPERPARAMETERS FOR REGRESSOR XGBR 	SEED: 473129



OPTIMIZING HYPERPARAMETERS FOR REGRESSOR XGBR 	SEED: 473129


Best parameters: OrderedDict([('regressor__regressor__learning_rate', 0.07332784979976105), ('regressor__regressor__max_depth', 10), ('regressor__regressor__n_estimators', 142), ('regressor__regressor__n_jobs', -2)])





OPTIMIZING HYPERPARAMETERS FOR REGRESSOR XGBR 	SEED: 473129


Best parameters: OrderedDict([('regressor__regressor__learning_rate', 0.04819279479133504), ('regressor__regressor__max_depth', 10000), ('regressor__regressor__n_estimators', 102), ('regressor__regressor__n_jobs', -2)])





OPTIMIZING HYPERPARAMETERS FOR REGRESSOR XGBR 	SEED: 473129


Best parameters: OrderedDict([('regressor__regressor__learning_rate', 0.06744963913424368), ('regressor__regressor__max_depth', 10000), ('regressor__regressor__n_estimators', 643), ('regressor__regressor__n_jobs', -2)])





OPTIMIZING HYPERPARAMETERS FOR REGRESSOR XGBR 	SEED: 473129


Best parameters: OrderedDict([('regressor__regressor__learning_rate', 0.1), ('regressor__regressor__max_depth', 10000), ('regressor__regressor__n_estimators', 50), ('regressor__regressor__n_jobs', -2)])





OPTIMIZING HYPERPARAMETERS FOR REGRESSOR XGBR 	SEED: 473129


Best parameters: OrderedDict([('regressor__regressor__learning_rate', 0.07458776517454832), ('regressor__regressor__max_depth', 10000), ('regressor__regressor__n_estimators', 2000), ('regressor__regressor__n_jobs', -2)])





-------------------------------------------------- 
OOD TEST ON 2



-------------------------------------------------- 
OPTIMIZING HYPERPARAMETERS FOR REGRESSOR XGBR 	SEED: 6



OPTIMIZING HYPERPARAMETERS FOR REGRESSOR XGBR 	SEED: 6


Best parameters: OrderedDict([('regressor__regressor__learning_rate', 0.004866083656078861), ('regressor__regressor__max_depth', 26), ('regressor__regressor__n_estimators', 1446), ('regressor__regressor__n_jobs', -2)])





OPTIMIZING HYPERPARAMETERS FOR REGRESSOR XGBR 	SEED: 6


Best parameters: OrderedDict([('regressor__regressor__learning_rate', 0.08646479880356304), ('regressor__regressor__max_depth', 2326), ('regressor__regressor__n_estimators', 847), ('regressor__regressor__n_jobs', -2)])





OPTIMIZING HYPERPARAMETERS FOR REGRESSOR XGBR 	SEED: 6


Best parameters: OrderedDict([('regressor__regressor__learning_rate', 0.049769540796122974), ('regressor__regressor__max_depth', 10000), ('regressor__regressor__n_estimators', 176), ('regressor__regressor__n_jobs', -2)])





OPTIMIZING HYPERPARAMETERS FOR REGRESSOR XGBR 	SEED: 6


Best parameters: OrderedDict([('regressor__regressor__learning_rate', 0.06583977222709968), ('regressor__regressor__max_depth', 10), ('regressor__regressor__n_estimators', 306), ('regressor__regressor__n_jobs', -2)])





OPTIMIZING HYPERPARAMETERS FOR REGRESSOR XGBR 	SEED: 6


Best parameters: OrderedDict([('regressor__regressor__learning_rate', 0.08646479880356304), ('regressor__regressor__max_depth', 2326), ('regressor__regressor__n_estimators', 847), ('regressor__regressor__n_jobs', -2)])





-------------------------------------------------- 
OPTIMIZING HYPERPARAMETERS FOR REGRESSOR XGBR 	SEED: 13



OPTIMIZING HYPERPARAMETERS FOR REGRESSOR XGBR 	SEED: 13


Best parameters: OrderedDict([('regressor__regressor__learning_rate', 0.1), ('regressor__regressor__max_depth', 10000), ('regressor__regressor__n_estimators', 2000), ('regressor__regressor__n_jobs', -2)])





OPTIMIZING HYPERPARAMETERS FOR REGRESSOR XGBR 	SEED: 13


Best parameters: OrderedDict([('regressor__regressor__learning_rate', 0.07693173041362837), ('regressor__regressor__max_depth', 269), ('regressor__regressor__n_estimators', 289), ('regressor__regressor__n_jobs', -2)])





OPTIMIZING HYPERPARAMETERS FOR REGRESSOR XGBR 	SEED: 13


Best parameters: OrderedDict([('regressor__regressor__learning_rate', 0.07222061673570211), ('regressor__regressor__max_depth', 10000), ('regressor__regressor__n_estimators', 1176), ('regressor__regressor__n_jobs', -2)])





OPTIMIZING HYPERPARAMETERS FOR REGRESSOR XGBR 	SEED: 13


Best parameters: OrderedDict([('regressor__regressor__learning_rate', 0.1), ('regressor__regressor__max_depth', 10000), ('regressor__regressor__n_estimators', 2000), ('regressor__regressor__n_jobs', -2)])





OPTIMIZING HYPERPARAMETERS FOR REGRESSOR XGBR 	SEED: 13


Best parameters: OrderedDict([('regressor__regressor__learning_rate', 0.047847456006131744), ('regressor__regressor__max_depth', 10), ('regressor__regressor__n_estimators', 252), ('regressor__regressor__n_jobs', -2)])





-------------------------------------------------- 
OPTIMIZING HYPERPARAMETERS FOR REGRESSOR XGBR 	SEED: 42



OPTIMIZING HYPERPARAMETERS FOR REGRESSOR XGBR 	SEED: 42


Best parameters: OrderedDict([('regressor__regressor__learning_rate', 0.1), ('regressor__regressor__max_depth', 10), ('regressor__regressor__n_estimators', 914), ('regressor__regressor__n_jobs', -2)])





OPTIMIZING HYPERPARAMETERS FOR REGRESSOR XGBR 	SEED: 42


Best parameters: OrderedDict([('regressor__regressor__learning_rate', 0.05095251301521634), ('regressor__regressor__max_depth', 10000), ('regressor__regressor__n_estimators', 299), ('regressor__regressor__n_jobs', -2)])





OPTIMIZING HYPERPARAMETERS FOR REGRESSOR XGBR 	SEED: 42


Best parameters: OrderedDict([('regressor__regressor__learning_rate', 0.1), ('regressor__regressor__max_depth', 10), ('regressor__regressor__n_estimators', 2000), ('regressor__regressor__n_jobs', -2)])





OPTIMIZING HYPERPARAMETERS FOR REGRESSOR XGBR 	SEED: 42


Best parameters: OrderedDict([('regressor__regressor__learning_rate', 0.02012884502186669), ('regressor__regressor__max_depth', 10), ('regressor__regressor__n_estimators', 1420), ('regressor__regressor__n_jobs', -2)])





OPTIMIZING HYPERPARAMETERS FOR REGRESSOR XGBR 	SEED: 42


Best parameters: OrderedDict([('regressor__regressor__learning_rate', 0.1), ('regressor__regressor__max_depth', 10000), ('regressor__regressor__n_estimators', 1452), ('regressor__regressor__n_jobs', -2)])





-------------------------------------------------- 
OPTIMIZING HYPERPARAMETERS FOR REGRESSOR XGBR 	SEED: 69



OPTIMIZING HYPERPARAMETERS FOR REGRESSOR XGBR 	SEED: 69


Best parameters: OrderedDict([('regressor__regressor__learning_rate', 0.02373003295667467), ('regressor__regressor__max_depth', 275), ('regressor__regressor__n_estimators', 120), ('regressor__regressor__n_jobs', -2)])





OPTIMIZING HYPERPARAMETERS FOR REGRESSOR XGBR 	SEED: 69


Best parameters: OrderedDict([('regressor__regressor__learning_rate', 0.09939793013929618), ('regressor__regressor__max_depth', 4800), ('regressor__regressor__n_estimators', 161), ('regressor__regressor__n_jobs', -2)])





OPTIMIZING HYPERPARAMETERS FOR REGRESSOR XGBR 	SEED: 69


Best parameters: OrderedDict([('regressor__regressor__learning_rate', 0.03830160595634707), ('regressor__regressor__max_depth', 806), ('regressor__regressor__n_estimators', 50), ('regressor__regressor__n_jobs', -2)])





OPTIMIZING HYPERPARAMETERS FOR REGRESSOR XGBR 	SEED: 69


Best parameters: OrderedDict([('regressor__regressor__learning_rate', 0.02256825001011882), ('regressor__regressor__max_depth', 522), ('regressor__regressor__n_estimators', 132), ('regressor__regressor__n_jobs', -2)])





OPTIMIZING HYPERPARAMETERS FOR REGRESSOR XGBR 	SEED: 69


Best parameters: OrderedDict([('regressor__regressor__learning_rate', 0.07184942756015866), ('regressor__regressor__max_depth', 12), ('regressor__regressor__n_estimators', 273), ('regressor__regressor__n_jobs', -2)])





-------------------------------------------------- 
OPTIMIZING HYPERPARAMETERS FOR REGRESSOR XGBR 	SEED: 420



OPTIMIZING HYPERPARAMETERS FOR REGRESSOR XGBR 	SEED: 420


Best parameters: OrderedDict([('regressor__regressor__learning_rate', 0.028468614553713564), ('regressor__regressor__max_depth', 10), ('regressor__regressor__n_estimators', 971), ('regressor__regressor__n_jobs', -2)])





OPTIMIZING HYPERPARAMETERS FOR REGRESSOR XGBR 	SEED: 420


Best parameters: OrderedDict([('regressor__regressor__learning_rate', 0.1), ('regressor__regressor__max_depth', 10), ('regressor__regressor__n_estimators', 2000), ('regressor__regressor__n_jobs', -2)])





OPTIMIZING HYPERPARAMETERS FOR REGRESSOR XGBR 	SEED: 420


Best parameters: OrderedDict([('regressor__regressor__learning_rate', 0.025823774848644065), ('regressor__regressor__max_depth', 10), ('regressor__regressor__n_estimators', 731), ('regressor__regressor__n_jobs', -2)])





OPTIMIZING HYPERPARAMETERS FOR REGRESSOR XGBR 	SEED: 420


Best parameters: OrderedDict([('regressor__regressor__learning_rate', 0.1), ('regressor__regressor__max_depth', 10), ('regressor__regressor__n_estimators', 2000), ('regressor__regressor__n_jobs', -2)])





OPTIMIZING HYPERPARAMETERS FOR REGRESSOR XGBR 	SEED: 420


Best parameters: OrderedDict([('regressor__regressor__learning_rate', 0.1), ('regressor__regressor__max_depth', 10), ('regressor__regressor__n_estimators', 2000), ('regressor__regressor__n_jobs', -2)])





-------------------------------------------------- 
OPTIMIZING HYPERPARAMETERS FOR REGRESSOR XGBR 	SEED: 1234567890



OPTIMIZING HYPERPARAMETERS FOR REGRESSOR XGBR 	SEED: 1234567890


Best parameters: OrderedDict([('regressor__regressor__learning_rate', 0.1), ('regressor__regressor__max_depth', 10), ('regressor__regressor__n_estimators', 1328), ('regressor__regressor__n_jobs', -2)])





OPTIMIZING HYPERPARAMETERS FOR REGRESSOR XGBR 	SEED: 1234567890


Best parameters: OrderedDict([('regressor__regressor__learning_rate', 0.1), ('regressor__regressor__max_depth', 8914), ('regressor__regressor__n_estimators', 266), ('regressor__regressor__n_jobs', -2)])





OPTIMIZING HYPERPARAMETERS FOR REGRESSOR XGBR 	SEED: 1234567890


Best parameters: OrderedDict([('regressor__regressor__learning_rate', 0.1), ('regressor__regressor__max_depth', 10000), ('regressor__regressor__n_estimators', 877), ('regressor__regressor__n_jobs', -2)])





OPTIMIZING HYPERPARAMETERS FOR REGRESSOR XGBR 	SEED: 1234567890


Best parameters: OrderedDict([('regressor__regressor__learning_rate', 0.1), ('regressor__regressor__max_depth', 10), ('regressor__regressor__n_estimators', 2000), ('regressor__regressor__n_jobs', -2)])





OPTIMIZING HYPERPARAMETERS FOR REGRESSOR XGBR 	SEED: 1234567890


Best parameters: OrderedDict([('regressor__regressor__learning_rate', 0.07792676821297098), ('regressor__regressor__max_depth', 10), ('regressor__regressor__n_estimators', 434), ('regressor__regressor__n_jobs', -2)])





-------------------------------------------------- 
OPTIMIZING HYPERPARAMETERS FOR REGRESSOR XGBR 	SEED: 473129



OPTIMIZING HYPERPARAMETERS FOR REGRESSOR XGBR 	SEED: 473129


Best parameters: OrderedDict([('regressor__regressor__learning_rate', 0.07332784979976105), ('regressor__regressor__max_depth', 10), ('regressor__regressor__n_estimators', 142), ('regressor__regressor__n_jobs', -2)])





OPTIMIZING HYPERPARAMETERS FOR REGRESSOR XGBR 	SEED: 473129


Best parameters: OrderedDict([('regressor__regressor__learning_rate', 0.04819279479133504), ('regressor__regressor__max_depth', 10000), ('regressor__regressor__n_estimators', 102), ('regressor__regressor__n_jobs', -2)])





OPTIMIZING HYPERPARAMETERS FOR REGRESSOR XGBR 	SEED: 473129


Best parameters: OrderedDict([('regressor__regressor__learning_rate', 0.06744963913424368), ('regressor__regressor__max_depth', 10000), ('regressor__regressor__n_estimators', 643), ('regressor__regressor__n_jobs', -2)])





OPTIMIZING HYPERPARAMETERS FOR REGRESSOR XGBR 	SEED: 473129


Best parameters: OrderedDict([('regressor__regressor__learning_rate', 0.1), ('regressor__regressor__max_depth', 10000), ('regressor__regressor__n_estimators', 50), ('regressor__regressor__n_jobs', -2)])





OPTIMIZING HYPERPARAMETERS FOR REGRESSOR XGBR 	SEED: 473129


Best parameters: OrderedDict([('regressor__regressor__learning_rate', 0.07458776517454832), ('regressor__regressor__max_depth', 10000), ('regressor__regressor__n_estimators', 2000), ('regressor__regressor__n_jobs', -2)])





-------------------------------------------------- 
OOD TEST ON 3



-------------------------------------------------- 
OPTIMIZING HYPERPARAMETERS FOR REGRESSOR XGBR 	SEED: 6



OPTIMIZING HYPERPARAMETERS FOR REGRESSOR XGBR 	SEED: 6


Best parameters: OrderedDict([('regressor__regressor__learning_rate', 0.004866083656078861), ('regressor__regressor__max_depth', 26), ('regressor__regressor__n_estimators', 1446), ('regressor__regressor__n_jobs', -2)])





OPTIMIZING HYPERPARAMETERS FOR REGRESSOR XGBR 	SEED: 6


Best parameters: OrderedDict([('regressor__regressor__learning_rate', 0.08646479880356304), ('regressor__regressor__max_depth', 2326), ('regressor__regressor__n_estimators', 847), ('regressor__regressor__n_jobs', -2)])





OPTIMIZING HYPERPARAMETERS FOR REGRESSOR XGBR 	SEED: 6


Best parameters: OrderedDict([('regressor__regressor__learning_rate', 0.049769540796122974), ('regressor__regressor__max_depth', 10000), ('regressor__regressor__n_estimators', 176), ('regressor__regressor__n_jobs', -2)])





OPTIMIZING HYPERPARAMETERS FOR REGRESSOR XGBR 	SEED: 6


Best parameters: OrderedDict([('regressor__regressor__learning_rate', 0.06583977222709968), ('regressor__regressor__max_depth', 10), ('regressor__regressor__n_estimators', 306), ('regressor__regressor__n_jobs', -2)])





OPTIMIZING HYPERPARAMETERS FOR REGRESSOR XGBR 	SEED: 6


Best parameters: OrderedDict([('regressor__regressor__learning_rate', 0.08646479880356304), ('regressor__regressor__max_depth', 2326), ('regressor__regressor__n_estimators', 847), ('regressor__regressor__n_jobs', -2)])





-------------------------------------------------- 
OPTIMIZING HYPERPARAMETERS FOR REGRESSOR XGBR 	SEED: 13



OPTIMIZING HYPERPARAMETERS FOR REGRESSOR XGBR 	SEED: 13


Best parameters: OrderedDict([('regressor__regressor__learning_rate', 0.1), ('regressor__regressor__max_depth', 10000), ('regressor__regressor__n_estimators', 2000), ('regressor__regressor__n_jobs', -2)])





OPTIMIZING HYPERPARAMETERS FOR REGRESSOR XGBR 	SEED: 13


Best parameters: OrderedDict([('regressor__regressor__learning_rate', 0.07693173041362837), ('regressor__regressor__max_depth', 269), ('regressor__regressor__n_estimators', 289), ('regressor__regressor__n_jobs', -2)])





OPTIMIZING HYPERPARAMETERS FOR REGRESSOR XGBR 	SEED: 13


Best parameters: OrderedDict([('regressor__regressor__learning_rate', 0.07222061673570211), ('regressor__regressor__max_depth', 10000), ('regressor__regressor__n_estimators', 1176), ('regressor__regressor__n_jobs', -2)])





OPTIMIZING HYPERPARAMETERS FOR REGRESSOR XGBR 	SEED: 13


Best parameters: OrderedDict([('regressor__regressor__learning_rate', 0.1), ('regressor__regressor__max_depth', 10000), ('regressor__regressor__n_estimators', 2000), ('regressor__regressor__n_jobs', -2)])





OPTIMIZING HYPERPARAMETERS FOR REGRESSOR XGBR 	SEED: 13


Best parameters: OrderedDict([('regressor__regressor__learning_rate', 0.047847456006131744), ('regressor__regressor__max_depth', 10), ('regressor__regressor__n_estimators', 252), ('regressor__regressor__n_jobs', -2)])





-------------------------------------------------- 
OPTIMIZING HYPERPARAMETERS FOR REGRESSOR XGBR 	SEED: 42



OPTIMIZING HYPERPARAMETERS FOR REGRESSOR XGBR 	SEED: 42


Best parameters: OrderedDict([('regressor__regressor__learning_rate', 0.1), ('regressor__regressor__max_depth', 10), ('regressor__regressor__n_estimators', 914), ('regressor__regressor__n_jobs', -2)])





OPTIMIZING HYPERPARAMETERS FOR REGRESSOR XGBR 	SEED: 42


Best parameters: OrderedDict([('regressor__regressor__learning_rate', 0.05095251301521634), ('regressor__regressor__max_depth', 10000), ('regressor__regressor__n_estimators', 299), ('regressor__regressor__n_jobs', -2)])





OPTIMIZING HYPERPARAMETERS FOR REGRESSOR XGBR 	SEED: 42


Best parameters: OrderedDict([('regressor__regressor__learning_rate', 0.1), ('regressor__regressor__max_depth', 10), ('regressor__regressor__n_estimators', 2000), ('regressor__regressor__n_jobs', -2)])





OPTIMIZING HYPERPARAMETERS FOR REGRESSOR XGBR 	SEED: 42


Best parameters: OrderedDict([('regressor__regressor__learning_rate', 0.02012884502186669), ('regressor__regressor__max_depth', 10), ('regressor__regressor__n_estimators', 1420), ('regressor__regressor__n_jobs', -2)])





OPTIMIZING HYPERPARAMETERS FOR REGRESSOR XGBR 	SEED: 42


Best parameters: OrderedDict([('regressor__regressor__learning_rate', 0.1), ('regressor__regressor__max_depth', 10000), ('regressor__regressor__n_estimators', 1452), ('regressor__regressor__n_jobs', -2)])





-------------------------------------------------- 
OPTIMIZING HYPERPARAMETERS FOR REGRESSOR XGBR 	SEED: 69



OPTIMIZING HYPERPARAMETERS FOR REGRESSOR XGBR 	SEED: 69


Best parameters: OrderedDict([('regressor__regressor__learning_rate', 0.02373003295667467), ('regressor__regressor__max_depth', 275), ('regressor__regressor__n_estimators', 120), ('regressor__regressor__n_jobs', -2)])





OPTIMIZING HYPERPARAMETERS FOR REGRESSOR XGBR 	SEED: 69


Best parameters: OrderedDict([('regressor__regressor__learning_rate', 0.09939793013929618), ('regressor__regressor__max_depth', 4800), ('regressor__regressor__n_estimators', 161), ('regressor__regressor__n_jobs', -2)])





OPTIMIZING HYPERPARAMETERS FOR REGRESSOR XGBR 	SEED: 69


Best parameters: OrderedDict([('regressor__regressor__learning_rate', 0.03830160595634707), ('regressor__regressor__max_depth', 806), ('regressor__regressor__n_estimators', 50), ('regressor__regressor__n_jobs', -2)])





OPTIMIZING HYPERPARAMETERS FOR REGRESSOR XGBR 	SEED: 69


Best parameters: OrderedDict([('regressor__regressor__learning_rate', 0.02256825001011882), ('regressor__regressor__max_depth', 522), ('regressor__regressor__n_estimators', 132), ('regressor__regressor__n_jobs', -2)])





OPTIMIZING HYPERPARAMETERS FOR REGRESSOR XGBR 	SEED: 69


Best parameters: OrderedDict([('regressor__regressor__learning_rate', 0.07184942756015866), ('regressor__regressor__max_depth', 12), ('regressor__regressor__n_estimators', 273), ('regressor__regressor__n_jobs', -2)])





-------------------------------------------------- 
OPTIMIZING HYPERPARAMETERS FOR REGRESSOR XGBR 	SEED: 420



OPTIMIZING HYPERPARAMETERS FOR REGRESSOR XGBR 	SEED: 420


Best parameters: OrderedDict([('regressor__regressor__learning_rate', 0.028468614553713564), ('regressor__regressor__max_depth', 10), ('regressor__regressor__n_estimators', 971), ('regressor__regressor__n_jobs', -2)])





OPTIMIZING HYPERPARAMETERS FOR REGRESSOR XGBR 	SEED: 420


Best parameters: OrderedDict([('regressor__regressor__learning_rate', 0.1), ('regressor__regressor__max_depth', 10), ('regressor__regressor__n_estimators', 2000), ('regressor__regressor__n_jobs', -2)])





OPTIMIZING HYPERPARAMETERS FOR REGRESSOR XGBR 	SEED: 420


Best parameters: OrderedDict([('regressor__regressor__learning_rate', 0.025823774848644065), ('regressor__regressor__max_depth', 10), ('regressor__regressor__n_estimators', 731), ('regressor__regressor__n_jobs', -2)])





OPTIMIZING HYPERPARAMETERS FOR REGRESSOR XGBR 	SEED: 420


Best parameters: OrderedDict([('regressor__regressor__learning_rate', 0.1), ('regressor__regressor__max_depth', 10), ('regressor__regressor__n_estimators', 2000), ('regressor__regressor__n_jobs', -2)])





OPTIMIZING HYPERPARAMETERS FOR REGRESSOR XGBR 	SEED: 420


Best parameters: OrderedDict([('regressor__regressor__learning_rate', 0.1), ('regressor__regressor__max_depth', 10), ('regressor__regressor__n_estimators', 2000), ('regressor__regressor__n_jobs', -2)])





-------------------------------------------------- 
OPTIMIZING HYPERPARAMETERS FOR REGRESSOR XGBR 	SEED: 1234567890



OPTIMIZING HYPERPARAMETERS FOR REGRESSOR XGBR 	SEED: 1234567890


Best parameters: OrderedDict([('regressor__regressor__learning_rate', 0.1), ('regressor__regressor__max_depth', 10), ('regressor__regressor__n_estimators', 1328), ('regressor__regressor__n_jobs', -2)])





OPTIMIZING HYPERPARAMETERS FOR REGRESSOR XGBR 	SEED: 1234567890


Best parameters: OrderedDict([('regressor__regressor__learning_rate', 0.1), ('regressor__regressor__max_depth', 8914), ('regressor__regressor__n_estimators', 266), ('regressor__regressor__n_jobs', -2)])





OPTIMIZING HYPERPARAMETERS FOR REGRESSOR XGBR 	SEED: 1234567890


Best parameters: OrderedDict([('regressor__regressor__learning_rate', 0.1), ('regressor__regressor__max_depth', 10000), ('regressor__regressor__n_estimators', 877), ('regressor__regressor__n_jobs', -2)])





OPTIMIZING HYPERPARAMETERS FOR REGRESSOR XGBR 	SEED: 1234567890


Best parameters: OrderedDict([('regressor__regressor__learning_rate', 0.1), ('regressor__regressor__max_depth', 10), ('regressor__regressor__n_estimators', 2000), ('regressor__regressor__n_jobs', -2)])





OPTIMIZING HYPERPARAMETERS FOR REGRESSOR XGBR 	SEED: 1234567890


Best parameters: OrderedDict([('regressor__regressor__learning_rate', 0.07792676821297098), ('regressor__regressor__max_depth', 10), ('regressor__regressor__n_estimators', 434), ('regressor__regressor__n_jobs', -2)])





-------------------------------------------------- 
OPTIMIZING HYPERPARAMETERS FOR REGRESSOR XGBR 	SEED: 473129



OPTIMIZING HYPERPARAMETERS FOR REGRESSOR XGBR 	SEED: 473129


Best parameters: OrderedDict([('regressor__regressor__learning_rate', 0.07332784979976105), ('regressor__regressor__max_depth', 10), ('regressor__regressor__n_estimators', 142), ('regressor__regressor__n_jobs', -2)])





OPTIMIZING HYPERPARAMETERS FOR REGRESSOR XGBR 	SEED: 473129


Best parameters: OrderedDict([('regressor__regressor__learning_rate', 0.04819279479133504), ('regressor__regressor__max_depth', 10000), ('regressor__regressor__n_estimators', 102), ('regressor__regressor__n_jobs', -2)])





OPTIMIZING HYPERPARAMETERS FOR REGRESSOR XGBR 	SEED: 473129


Best parameters: OrderedDict([('regressor__regressor__learning_rate', 0.06744963913424368), ('regressor__regressor__max_depth', 10000), ('regressor__regressor__n_estimators', 643), ('regressor__regressor__n_jobs', -2)])





OPTIMIZING HYPERPARAMETERS FOR REGRESSOR XGBR 	SEED: 473129


Best parameters: OrderedDict([('regressor__regressor__learning_rate', 0.1), ('regressor__regressor__max_depth', 10000), ('regressor__regressor__n_estimators', 50), ('regressor__regressor__n_jobs', -2)])





OPTIMIZING HYPERPARAMETERS FOR REGRESSOR XGBR 	SEED: 473129


Best parameters: OrderedDict([('regressor__regressor__learning_rate', 0.07458776517454832), ('regressor__regressor__max_depth', 10000), ('regressor__regressor__n_estimators', 2000), ('regressor__regressor__n_jobs', -2)])


Filename: (Mordred-Xn-Mw-PDI)_XGBR_Standard
Done Saving scores!

------------------------------------------------------------
Sender: LSF System <lsfadmin@c207n07>
Subject: Job 641163: <XGBR_log Rg (nm)_Mordred_Trimer_KM4 polymer_solvent HSP cluster_20250531> in cluster <Hazel> Done

Job <XGBR_log Rg (nm)_Mordred_Trimer_KM4 polymer_solvent HSP cluster_20250531> was submitted from host <c203n11> by user <sdehgha2> in cluster <Hazel> at Mon Jun  2 10:08:57 2025
Job was executed on host(s) <6*c207n07>, in queue <single_chassis>, as user <sdehgha2> in cluster <Hazel> at Mon Jun  2 10:10:29 2025
</home/sdehgha2> was used as the home directory.
</share/ddomlab/sdehgha2/working-space/main/P1_pls-dataset/pls-dataset-space/PLS-Dataset/code_/training/hpc_submit_training_Rh> was used as the working directory.
Started at Mon Jun  2 10:10:29 2025
Terminated at Tue Jun  3 08:12:18 2025
Results reported at Tue Jun  3 08:12:18 2025

Your job looked like:

------------------------------------------------------------
# LSBATCH: User input



#BSUB -n 6
#BSUB -W 45:30
#BSUB -R span[hosts=1]
#BSUB -R "rusage[mem=16GB]"
#BSUB -J "XGBR_log Rg (nm)_Mordred_Trimer_KM4 polymer_solvent HSP cluster_20250531"  
#BSUB -o "/share/ddomlab/sdehgha2/working-space/main/P1_pls-dataset/pls-dataset-space/PLS-Dataset/results/hpc_20250531/XGBR_log Rg (nm)_Mordred_Trimer_KM4 polymer_solvent HSP cluster_20250531.out"
#BSUB -e "/share/ddomlab/sdehgha2/working-space/main/P1_pls-dataset/pls-dataset-space/PLS-Dataset/results/hpc_20250531/XGBR_log Rg (nm)_Mordred_Trimer_KM4 polymer_solvent HSP cluster_20250531.err"

source ~/.bashrc
conda activate /usr/local/usrapps/ddomlab/sdehgha2/pls-dataset-env
python ../make_ood_prediction.py --target_features "log Rg (nm)"                                   --representation "Mordred"                                   --regressor_type "XGBR"                                   --oligomer_representation "Trimer"                                   --numerical_feats 'Xn' 'Mw (g/mol)' 'PDI'                                   --clustering_method "KM4 polymer_solvent HSP cluster" 



------------------------------------------------------------

Successfully completed.

Resource usage summary:

    CPU time :                                   331111.44 sec.
    Max Memory :                                 3 GB
    Average Memory :                             2.99 GB
    Total Requested Memory :                     16.00 GB
    Delta Memory :                               13.00 GB
    Max Swap :                                   -
    Max Processes :                              26
    Max Threads :                                29
    Run time :                                   79310 sec.
    Turnaround time :                            79401 sec.

The output (if any) is above this job summary.



PS:

Read file </share/ddomlab/sdehgha2/working-space/main/P1_pls-dataset/pls-dataset-space/PLS-Dataset/results/hpc_20250531/XGBR_log Rg (nm)_Mordred_Trimer_KM4 polymer_solvent HSP cluster_20250531.err> for stderr output of this job.

