
------------------------------------------------------------
Sender: LSF System <lsfadmin@c021n04>
Subject: Job 873088: <RF_log Rg (nm)__Polymers cluster_20250624> in cluster <Hazel> Exited

Job <RF_log Rg (nm)__Polymers cluster_20250624> was submitted from host <c203n10> by user <sdehgha2> in cluster <Hazel> at Tue Jun 24 17:49:21 2025
Job was executed on host(s) <6*c021n04>, in queue <single_chassis>, as user <sdehgha2> in cluster <Hazel> at Tue Jun 24 17:49:22 2025
</home/sdehgha2> was used as the home directory.
</share/ddomlab/sdehgha2/working-space/main/P1_pls-dataset/pls-dataset-space/PLS-Dataset/code_/training/hpc_submit_training_Rh> was used as the working directory.
Started at Tue Jun 24 17:49:22 2025
Terminated at Tue Jun 24 17:50:24 2025
Results reported at Tue Jun 24 17:50:24 2025

Your job looked like:

------------------------------------------------------------
# LSBATCH: User input



#BSUB -n 6
#BSUB -W 48:01
#BSUB -R span[hosts=1]
#BSUB -R "rusage[mem=16GB]"
#BSUB -J "RF_log Rg (nm)__Polymers cluster_20250624"  
#BSUB -o "/share/ddomlab/sdehgha2/working-space/main/P1_pls-dataset/pls-dataset-space/PLS-Dataset/results/hpc_20250624/RF_log Rg (nm)_Polymers cluster_20250624.out"
#BSUB -e "/share/ddomlab/sdehgha2/working-space/main/P1_pls-dataset/pls-dataset-space/PLS-Dataset/results/hpc_20250624/RF_log Rg (nm)_Polymers cluster_20250624.err"

source ~/.bashrc
conda activate /usr/local/usrapps/ddomlab/sdehgha2/pls-dataset-env
python ../make_ood_prediction.py --target_features "log Rg (nm)"                                   --regressor_type "RF"                                   --numerical_feats 'Xn' 'Mw (g/mol)' 'PDI'  'Concentration (mg/ml)' 'Temperature SANS/SLS/DLS/SEC (K)' "polymer dP" "polymer dD" "polymer dH" 'solvent dP' 'solvent dD' 'solvent dH' "Dark/light" "Aging time (hour)" "To Aging Temperature (K)" "Sonication/Stirring/heating Temperature (K)" "Merged Stirring /sonication/heating time(min)"                                   --clustering_method "Polymers cluster" 



------------------------------------------------------------

Exited with exit code 1.

Resource usage summary:

    CPU time :                                   5.96 sec.
    Max Memory :                                 -
    Average Memory :                             -
    Total Requested Memory :                     16.00 GB
    Delta Memory :                               -
    Max Swap :                                   -
    Max Processes :                              4
    Max Threads :                                5
    Run time :                                   87 sec.
    Turnaround time :                            63 sec.

The output (if any) is above this job summary.



PS:

Read file </share/ddomlab/sdehgha2/working-space/main/P1_pls-dataset/pls-dataset-space/PLS-Dataset/results/hpc_20250624/RF_log Rg (nm)_Polymers cluster_20250624.err> for stderr output of this job.

