['Rh (IW avg log)']



OPTIMIZING HYPERPARAMETERS FOR REGRESSOR GPR 	SEED: 6

------------------------------------------------------------
Sender: LSF System <lsfadmin@c202n14>
Subject: Job 166897: <numerical_GPR_polymer_size_feats_on_Rh (IW avg log)> in cluster <Hazel> Done

Job <numerical_GPR_polymer_size_feats_on_Rh (IW avg log)> was submitted from host <c202n11> by user <sdehgha2> in cluster <Hazel> at Mon Jan  6 11:58:39 2025
Job was executed on host(s) <6*c202n14>, in queue <single_chassis>, as user <sdehgha2> in cluster <Hazel> at Mon Jan  6 11:58:40 2025
</home/sdehgha2> was used as the home directory.
</share/ddomlab/sdehgha2/working-space/main/P1_pls-dataset/pls-dataset-space/PLS-Dataset/code_/training/hpc_submit_training_Rh> was used as the working directory.
Started at Mon Jan  6 11:58:40 2025
Terminated at Mon Jan  6 12:04:30 2025
Results reported at Mon Jan  6 12:04:30 2025

Your job looked like:

------------------------------------------------------------
# LSBATCH: User input

#BSUB -n 6
#BSUB -W 40:01
#BSUB -R span[hosts=1]
#BSUB -R "rusage[mem=16GB]"
#BSUB -J "numerical_GPR_polymer_size_feats_on_Rh (IW avg log)"
#BSUB -o "/share/ddomlab/sdehgha2/working-space/main/P1_pls-dataset/pls-dataset-space/PLS-Dataset/results/numerical_GPR_matern_Robust Scaler_Rh (IW avg log)_20250106.out"
#BSUB -e "/share/ddomlab/sdehgha2/working-space/main/P1_pls-dataset/pls-dataset-space/PLS-Dataset/results/numerical_GPR_matern_Robust Scaler_Rh (IW avg log)_20250106.err"

source ~/.bashrc
conda activate /usr/local/usrapps/ddomlab/sdehgha2/pls-dataset-env
python ../train_numerical_only.py --target_features "Rh (IW avg log)"                                     --regressor_type "GPR"                                     --kernel "matern"                                     --transform_type "Robust Scaler"                                     --numerical_feats 'Mn (g/mol)' 'PDI' 'Mw (g/mol)' 'Concentration (mg/ml)' 'Temperature SANS/SLS/DLS/SEC (K)' "solvent dP" "solvent dD" "solvent dH"                                     --columns_to_impute "PDI" "Temperature SANS/SLS/DLS/SEC (K)" "Concentration (mg/ml)"                                     --special_impute 'Mw (g/mol)'                                     --imputer mean 


conda deactivate


------------------------------------------------------------

Successfully completed.

Resource usage summary:

    CPU time :                                   43.05 sec.
    Max Memory :                                 1 GB
    Average Memory :                             0.29 GB
    Total Requested Memory :                     16.00 GB
    Delta Memory :                               15.00 GB
    Max Swap :                                   -
    Max Processes :                              30
    Max Threads :                                33
    Run time :                                   373 sec.
    Turnaround time :                            351 sec.

The output (if any) is above this job summary.



PS:

Read file </share/ddomlab/sdehgha2/working-space/main/P1_pls-dataset/pls-dataset-space/PLS-Dataset/results/numerical_GPR_matern_Robust Scaler_Rh (IW avg log)_20250106.err> for stderr output of this job.

