Filename: (Mordred-Xn-Mw-PDI-concentration-temperature-polymer dP-polymer dD-polymer dH-solvent dP-solvent dD-solvent dH)_XGBR_hypOFF_Standard_lc
Done Saving scores!

------------------------------------------------------------
Sender: LSF System <lsfadmin@c200n12>
Subject: Job 206377: <XGBR_log Rg (nm)_Mordred_Trimer_KM4 polymer_solvent HSP and polysize cluster_20250415> in cluster <Hazel> Done

Job <XGBR_log Rg (nm)_Mordred_Trimer_KM4 polymer_solvent HSP and polysize cluster_20250415> was submitted from host <c207n08> by user <sdehgha2> in cluster <Hazel> at Thu Apr 17 17:14:56 2025
Job was executed on host(s) <4*c200n12>, in queue <single_chassis>, as user <sdehgha2> in cluster <Hazel> at Thu Apr 17 17:14:57 2025
</home/sdehgha2> was used as the home directory.
</share/ddomlab/sdehgha2/working-space/main/P1_pls-dataset/pls-dataset-space/PLS-Dataset/code_/training/hpc_submit_training_Rh> was used as the working directory.
Started at Thu Apr 17 17:14:57 2025
Terminated at Thu Apr 17 17:19:22 2025
Results reported at Thu Apr 17 17:19:22 2025

Your job looked like:

------------------------------------------------------------
# LSBATCH: User input



#BSUB -n 4
#BSUB -W 06:00
#BSUB -R span[hosts=1]
#BSUB -R "rusage[mem=16GB]"
#BSUB -J "XGBR_log Rg (nm)_Mordred_Trimer_KM4 polymer_solvent HSP and polysize cluster_20250415"  
#BSUB -o "/share/ddomlab/sdehgha2/working-space/main/P1_pls-dataset/pls-dataset-space/PLS-Dataset/results/hpc_20250417/XGBR_log Rg (nm)_Mordred_Trimer_KM4 polymer_solvent HSP and polysize cluster_lc_20250417.out"
#BSUB -e "/share/ddomlab/sdehgha2/working-space/main/P1_pls-dataset/pls-dataset-space/PLS-Dataset/results/hpc_20250417/XGBR_log Rg (nm)_Mordred_Trimer_KM4 polymer_solvent HSP and polysize cluster_lc_20250417.err"

source ~/.bashrc
conda activate /usr/local/usrapps/ddomlab/sdehgha2/gpu-env
python ../make_ood_learning_curve.py --target_features "log Rg (nm)"                                       --representation "Mordred"                                       --regressor_type "XGBR"                                       --oligomer_representation "Trimer"                                       --numerical_feats 'Xn' 'Mw (g/mol)' 'PDI' 'Concentration (mg/ml)' 'Temperature SANS/SLS/DLS/SEC (K)' "polymer dP" "polymer dD" "polymer dH" 'solvent dP' 'solvent dD' 'solvent dH'                                       --clustering_method "KM4 polymer_solvent HSP and polysize cluster" 



------------------------------------------------------------

Successfully completed.

Resource usage summary:

    CPU time :                                   162.20 sec.
    Max Memory :                                 -
    Average Memory :                             -
    Total Requested Memory :                     16.00 GB
    Delta Memory :                               -
    Max Swap :                                   -
    Max Processes :                              5
    Max Threads :                                6
    Run time :                                   265 sec.
    Turnaround time :                            266 sec.

The output (if any) is above this job summary.



PS:

Read file </share/ddomlab/sdehgha2/working-space/main/P1_pls-dataset/pls-dataset-space/PLS-Dataset/results/hpc_20250417/XGBR_log Rg (nm)_Mordred_Trimer_KM4 polymer_solvent HSP and polysize cluster_lc_20250417.err> for stderr output of this job.


------------------------------------------------------------
Sender: LSF System <lsfadmin@c207n09>
Subject: Job 206895: <XGBR_log Rg (nm)_Mordred_Trimer_KM4 polymer_solvent HSP and polysize cluster_20250415> in cluster <Hazel> Exited

Job <XGBR_log Rg (nm)_Mordred_Trimer_KM4 polymer_solvent HSP and polysize cluster_20250415> was submitted from host <c205n03> by user <sdehgha2> in cluster <Hazel> at Thu Apr 17 17:25:31 2025
Job was executed on host(s) <4*c207n09>, in queue <single_chassis>, as user <sdehgha2> in cluster <Hazel> at Thu Apr 17 17:28:17 2025
</home/sdehgha2> was used as the home directory.
</share/ddomlab/sdehgha2/working-space/main/P1_pls-dataset/pls-dataset-space/PLS-Dataset/code_/training/hpc_submit_training_Rh> was used as the working directory.
Started at Thu Apr 17 17:28:17 2025
Terminated at Thu Apr 17 17:29:43 2025
Results reported at Thu Apr 17 17:29:43 2025

Your job looked like:

------------------------------------------------------------
# LSBATCH: User input



#BSUB -n 4
#BSUB -W 06:00
#BSUB -R span[hosts=1]
#BSUB -R "rusage[mem=16GB]"
#BSUB -J "XGBR_log Rg (nm)_Mordred_Trimer_KM4 polymer_solvent HSP and polysize cluster_20250415"  
#BSUB -o "/share/ddomlab/sdehgha2/working-space/main/P1_pls-dataset/pls-dataset-space/PLS-Dataset/results/hpc_20250417/XGBR_log Rg (nm)_Mordred_Trimer_KM4 polymer_solvent HSP and polysize cluster_lc_20250417.out"
#BSUB -e "/share/ddomlab/sdehgha2/working-space/main/P1_pls-dataset/pls-dataset-space/PLS-Dataset/results/hpc_20250417/XGBR_log Rg (nm)_Mordred_Trimer_KM4 polymer_solvent HSP and polysize cluster_lc_20250417.err"

source ~/.bashrc
conda activate /usr/local/usrapps/ddomlab/sdehgha2/gpu-env
python ../make_ood_learning_curve.py --target_features "log Rg (nm)"                                       --representation "Mordred"                                       --regressor_type "XGBR"                                       --oligomer_representation "Trimer"                                       --numerical_feats 'Xn' 'Mw (g/mol)' 'PDI' 'Concentration (mg/ml)' 'Temperature SANS/SLS/DLS/SEC (K)' "polymer dP" "polymer dD" "polymer dH" 'solvent dP' 'solvent dD' 'solvent dH'                                       --clustering_method "KM4 polymer_solvent HSP and polysize cluster" 



------------------------------------------------------------

TERM_OWNER: job killed by owner.
Exited with exit code 130.

Resource usage summary:

    CPU time :                                   49.31 sec.
    Max Memory :                                 -
    Average Memory :                             -
    Total Requested Memory :                     16.00 GB
    Delta Memory :                               -
    Max Swap :                                   -
    Max Processes :                              5
    Max Threads :                                6
    Run time :                                   86 sec.
    Turnaround time :                            252 sec.

The output (if any) is above this job summary.



PS:

Read file </share/ddomlab/sdehgha2/working-space/main/P1_pls-dataset/pls-dataset-space/PLS-Dataset/results/hpc_20250417/XGBR_log Rg (nm)_Mordred_Trimer_KM4 polymer_solvent HSP and polysize cluster_lc_20250417.err> for stderr output of this job.


------------------------------------------------------------
Sender: LSF System <lsfadmin@c207n10>
Subject: Job 208276: <XGBR_log Rg (nm)_Mordred_Trimer_KM4 polymer_solvent HSP and polysize cluster_20250415> in cluster <Hazel> Exited

Job <XGBR_log Rg (nm)_Mordred_Trimer_KM4 polymer_solvent HSP and polysize cluster_20250415> was submitted from host <c207n10> by user <sdehgha2> in cluster <Hazel> at Thu Apr 17 17:50:42 2025
Job was executed on host(s) <4*c207n10>, in queue <single_chassis>, as user <sdehgha2> in cluster <Hazel> at Thu Apr 17 17:51:40 2025
</home/sdehgha2> was used as the home directory.
</share/ddomlab/sdehgha2/working-space/main/P1_pls-dataset/pls-dataset-space/PLS-Dataset/code_/training/hpc_submit_training_Rh> was used as the working directory.
Started at Thu Apr 17 17:51:40 2025
Terminated at Thu Apr 17 17:52:35 2025
Results reported at Thu Apr 17 17:52:35 2025

Your job looked like:

------------------------------------------------------------
# LSBATCH: User input



#BSUB -n 4
#BSUB -W 06:00
#BSUB -R span[hosts=1]
#BSUB -R "rusage[mem=16GB]"
#BSUB -J "XGBR_log Rg (nm)_Mordred_Trimer_KM4 polymer_solvent HSP and polysize cluster_20250415"  
#BSUB -o "/share/ddomlab/sdehgha2/working-space/main/P1_pls-dataset/pls-dataset-space/PLS-Dataset/results/hpc_20250417/XGBR_log Rg (nm)_Mordred_Trimer_KM4 polymer_solvent HSP and polysize cluster_lc_20250417.out"
#BSUB -e "/share/ddomlab/sdehgha2/working-space/main/P1_pls-dataset/pls-dataset-space/PLS-Dataset/results/hpc_20250417/XGBR_log Rg (nm)_Mordred_Trimer_KM4 polymer_solvent HSP and polysize cluster_lc_20250417.err"

source ~/.bashrc
conda activate /usr/local/usrapps/ddomlab/sdehgha2/gpu-env
python ../make_ood_learning_curve.py --target_features "log Rg (nm)"                                       --representation "Mordred"                                       --regressor_type "XGBR"                                       --oligomer_representation "Trimer"                                       --numerical_feats 'Xn' 'Mw (g/mol)' 'PDI' 'Concentration (mg/ml)' 'Temperature SANS/SLS/DLS/SEC (K)' "polymer dP" "polymer dD" "polymer dH" 'solvent dP' 'solvent dD' 'solvent dH'                                       --clustering_method "KM4 polymer_solvent HSP and polysize cluster" 



------------------------------------------------------------

Exited with exit code 1.

Resource usage summary:

    CPU time :                                   5.52 sec.
    Max Memory :                                 -
    Average Memory :                             -
    Total Requested Memory :                     16.00 GB
    Delta Memory :                               -
    Max Swap :                                   -
    Max Processes :                              5
    Max Threads :                                6
    Run time :                                   80 sec.
    Turnaround time :                            113 sec.

The output (if any) is above this job summary.



PS:

Read file </share/ddomlab/sdehgha2/working-space/main/P1_pls-dataset/pls-dataset-space/PLS-Dataset/results/hpc_20250417/XGBR_log Rg (nm)_Mordred_Trimer_KM4 polymer_solvent HSP and polysize cluster_lc_20250417.err> for stderr output of this job.


------------------------------------------------------------
Sender: LSF System <lsfadmin@c207n12>
Subject: Job 208910: <XGBR_log Rg (nm)_Mordred_Trimer_KM4 polymer_solvent HSP and polysize cluster_20250415> in cluster <Hazel> Exited

Job <XGBR_log Rg (nm)_Mordred_Trimer_KM4 polymer_solvent HSP and polysize cluster_20250415> was submitted from host <c207n09> by user <sdehgha2> in cluster <Hazel> at Thu Apr 17 17:58:22 2025
Job was executed on host(s) <4*c207n12>, in queue <single_chassis>, as user <sdehgha2> in cluster <Hazel> at Thu Apr 17 17:59:22 2025
</home/sdehgha2> was used as the home directory.
</share/ddomlab/sdehgha2/working-space/main/P1_pls-dataset/pls-dataset-space/PLS-Dataset/code_/training/hpc_submit_training_Rh> was used as the working directory.
Started at Thu Apr 17 17:59:22 2025
Terminated at Thu Apr 17 18:00:20 2025
Results reported at Thu Apr 17 18:00:20 2025

Your job looked like:

------------------------------------------------------------
# LSBATCH: User input



#BSUB -n 4
#BSUB -W 06:00
#BSUB -R span[hosts=1]
#BSUB -R "rusage[mem=16GB]"
#BSUB -J "XGBR_log Rg (nm)_Mordred_Trimer_KM4 polymer_solvent HSP and polysize cluster_20250415"  
#BSUB -o "/share/ddomlab/sdehgha2/working-space/main/P1_pls-dataset/pls-dataset-space/PLS-Dataset/results/hpc_20250417/XGBR_log Rg (nm)_Mordred_Trimer_KM4 polymer_solvent HSP and polysize cluster_lc_20250417.out"
#BSUB -e "/share/ddomlab/sdehgha2/working-space/main/P1_pls-dataset/pls-dataset-space/PLS-Dataset/results/hpc_20250417/XGBR_log Rg (nm)_Mordred_Trimer_KM4 polymer_solvent HSP and polysize cluster_lc_20250417.err"

source ~/.bashrc
conda activate /usr/local/usrapps/ddomlab/sdehgha2/pls-dataset-env
python ../make_ood_learning_curve.py --target_features "log Rg (nm)"                                       --representation "Mordred"                                       --regressor_type "XGBR"                                       --oligomer_representation "Trimer"                                       --numerical_feats 'Xn' 'Mw (g/mol)' 'PDI' 'Concentration (mg/ml)' 'Temperature SANS/SLS/DLS/SEC (K)' "polymer dP" "polymer dD" "polymer dH" 'solvent dP' 'solvent dD' 'solvent dH'                                       --clustering_method "KM4 polymer_solvent HSP and polysize cluster" 



------------------------------------------------------------

Exited with exit code 1.

Resource usage summary:

    CPU time :                                   4.80 sec.
    Max Memory :                                 -
    Average Memory :                             -
    Total Requested Memory :                     16.00 GB
    Delta Memory :                               -
    Max Swap :                                   -
    Max Processes :                              5
    Max Threads :                                6
    Run time :                                   59 sec.
    Turnaround time :                            118 sec.

The output (if any) is above this job summary.



PS:

Read file </share/ddomlab/sdehgha2/working-space/main/P1_pls-dataset/pls-dataset-space/PLS-Dataset/results/hpc_20250417/XGBR_log Rg (nm)_Mordred_Trimer_KM4 polymer_solvent HSP and polysize cluster_lc_20250417.err> for stderr output of this job.

Filename: (Mordred-Xn-Mw-PDI-concentration-temperature-polymer dP-polymer dD-polymer dH-solvent dP-solvent dD-solvent dH)_XGBR_hypOFF_Standard_lc
Done Saving scores!

------------------------------------------------------------
Sender: LSF System <lsfadmin@c202n06>
Subject: Job 209625: <XGBR_log Rg (nm)_Mordred_Trimer_KM4 polymer_solvent HSP and polysize cluster_20250415> in cluster <Hazel> Done

Job <XGBR_log Rg (nm)_Mordred_Trimer_KM4 polymer_solvent HSP and polysize cluster_20250415> was submitted from host <c207n10> by user <sdehgha2> in cluster <Hazel> at Thu Apr 17 18:16:13 2025
Job was executed on host(s) <4*c202n06>, in queue <single_chassis>, as user <sdehgha2> in cluster <Hazel> at Thu Apr 17 18:17:14 2025
</home/sdehgha2> was used as the home directory.
</share/ddomlab/sdehgha2/working-space/main/P1_pls-dataset/pls-dataset-space/PLS-Dataset/code_/training/hpc_submit_training_Rh> was used as the working directory.
Started at Thu Apr 17 18:17:14 2025
Terminated at Thu Apr 17 18:38:52 2025
Results reported at Thu Apr 17 18:38:52 2025

Your job looked like:

------------------------------------------------------------
# LSBATCH: User input



#BSUB -n 4
#BSUB -W 06:00
#BSUB -R span[hosts=1]
#BSUB -R "rusage[mem=16GB]"
#BSUB -J "XGBR_log Rg (nm)_Mordred_Trimer_KM4 polymer_solvent HSP and polysize cluster_20250415"  
#BSUB -o "/share/ddomlab/sdehgha2/working-space/main/P1_pls-dataset/pls-dataset-space/PLS-Dataset/results/hpc_20250417/XGBR_log Rg (nm)_Mordred_Trimer_KM4 polymer_solvent HSP and polysize cluster_lc_20250417.out"
#BSUB -e "/share/ddomlab/sdehgha2/working-space/main/P1_pls-dataset/pls-dataset-space/PLS-Dataset/results/hpc_20250417/XGBR_log Rg (nm)_Mordred_Trimer_KM4 polymer_solvent HSP and polysize cluster_lc_20250417.err"

source ~/.bashrc
conda activate /usr/local/usrapps/ddomlab/sdehgha2/pls-dataset-env
python ../make_ood_learning_curve.py --target_features "log Rg (nm)"                                       --representation "Mordred"                                       --regressor_type "XGBR"                                       --oligomer_representation "Trimer"                                       --numerical_feats 'Xn' 'Mw (g/mol)' 'PDI' 'Concentration (mg/ml)' 'Temperature SANS/SLS/DLS/SEC (K)' "polymer dP" "polymer dD" "polymer dH" 'solvent dP' 'solvent dD' 'solvent dH'                                       --clustering_method "KM4 polymer_solvent HSP and polysize cluster" 



------------------------------------------------------------

Successfully completed.

Resource usage summary:

    CPU time :                                   1272.33 sec.
    Max Memory :                                 -
    Average Memory :                             -
    Total Requested Memory :                     16.00 GB
    Delta Memory :                               -
    Max Swap :                                   -
    Max Processes :                              5
    Max Threads :                                6
    Run time :                                   1325 sec.
    Turnaround time :                            1359 sec.

The output (if any) is above this job summary.



PS:

Read file </share/ddomlab/sdehgha2/working-space/main/P1_pls-dataset/pls-dataset-space/PLS-Dataset/results/hpc_20250417/XGBR_log Rg (nm)_Mordred_Trimer_KM4 polymer_solvent HSP and polysize cluster_lc_20250417.err> for stderr output of this job.

