


-------------------------------------------------- 
OOD TEST ON -1



-------------------------------------------------- 
OPTIMIZING HYPERPARAMETERS FOR REGRESSOR XGBR 	SEED: 6


Best parameters: OrderedDict([('regressor__regressor__learning_rate', 0.08646479880356304), ('regressor__regressor__max_depth', 2326), ('regressor__regressor__n_estimators', 847), ('regressor__regressor__n_jobs', -2)])




Best parameters: OrderedDict([('regressor__regressor__learning_rate', 0.07204743835887949), ('regressor__regressor__max_depth', 6362), ('regressor__regressor__n_estimators', 277), ('regressor__regressor__n_jobs', -2)])




Best parameters: OrderedDict([('regressor__regressor__learning_rate', 0.005690686021532604), ('regressor__regressor__max_depth', 27), ('regressor__regressor__n_estimators', 1886), ('regressor__regressor__n_jobs', -2)])




Best parameters: OrderedDict([('regressor__regressor__learning_rate', 0.0027770632392053263), ('regressor__regressor__max_depth', 200), ('regressor__regressor__n_estimators', 1885), ('regressor__regressor__n_jobs', -2)])




Best parameters: OrderedDict([('regressor__regressor__learning_rate', 0.0822739061785765), ('regressor__regressor__max_depth', 10), ('regressor__regressor__n_estimators', 50), ('regressor__regressor__n_jobs', -2)])





OPTIMIZING HYPERPARAMETERS FOR REGRESSOR XGBR 	SEED: 6


Best parameters: OrderedDict([('regressor__regressor__learning_rate', 0.038959842136421424), ('regressor__regressor__max_depth', 10), ('regressor__regressor__n_estimators', 226), ('regressor__regressor__n_jobs', -2)])





OPTIMIZING HYPERPARAMETERS FOR REGRESSOR XGBR 	SEED: 6


Best parameters: OrderedDict([('regressor__regressor__learning_rate', 0.08646479880356304), ('regressor__regressor__max_depth', 2326), ('regressor__regressor__n_estimators', 847), ('regressor__regressor__n_jobs', -2)])





OPTIMIZING HYPERPARAMETERS FOR REGRESSOR XGBR 	SEED: 6


Best parameters: OrderedDict([('regressor__regressor__learning_rate', 0.1), ('regressor__regressor__max_depth', 10000), ('regressor__regressor__n_estimators', 407), ('regressor__regressor__n_jobs', -2)])





OPTIMIZING HYPERPARAMETERS FOR REGRESSOR XGBR 	SEED: 6


Best parameters: OrderedDict([('regressor__regressor__learning_rate', 0.1), ('regressor__regressor__max_depth', 10000), ('regressor__regressor__n_estimators', 50), ('regressor__regressor__n_jobs', -2)])





OPTIMIZING HYPERPARAMETERS FOR REGRESSOR XGBR 	SEED: 6


Best parameters: OrderedDict([('regressor__regressor__learning_rate', 0.1), ('regressor__regressor__max_depth', 10), ('regressor__regressor__n_estimators', 1348), ('regressor__regressor__n_jobs', -2)])





-------------------------------------------------- 
OPTIMIZING HYPERPARAMETERS FOR REGRESSOR XGBR 	SEED: 13


Best parameters: OrderedDict([('regressor__regressor__learning_rate', 0.026269766509665563), ('regressor__regressor__max_depth', 10000), ('regressor__regressor__n_estimators', 148), ('regressor__regressor__n_jobs', -2)])




Best parameters: OrderedDict([('regressor__regressor__learning_rate', 0.04676231458982912), ('regressor__regressor__max_depth', 14), ('regressor__regressor__n_estimators', 143), ('regressor__regressor__n_jobs', -2)])




Best parameters: OrderedDict([('regressor__regressor__learning_rate', 0.1), ('regressor__regressor__max_depth', 10), ('regressor__regressor__n_estimators', 50), ('regressor__regressor__n_jobs', -2)])




Best parameters: OrderedDict([('regressor__regressor__learning_rate', 0.049316093804253266), ('regressor__regressor__max_depth', 10), ('regressor__regressor__n_estimators', 100), ('regressor__regressor__n_jobs', -2)])




Best parameters: OrderedDict([('regressor__regressor__learning_rate', 0.0020482368500413057), ('regressor__regressor__max_depth', 10000), ('regressor__regressor__n_estimators', 2000), ('regressor__regressor__n_jobs', -2)])





OPTIMIZING HYPERPARAMETERS FOR REGRESSOR XGBR 	SEED: 13


Best parameters: OrderedDict([('regressor__regressor__learning_rate', 0.1), ('regressor__regressor__max_depth', 10), ('regressor__regressor__n_estimators', 1355), ('regressor__regressor__n_jobs', -2)])





OPTIMIZING HYPERPARAMETERS FOR REGRESSOR XGBR 	SEED: 13


Best parameters: OrderedDict([('regressor__regressor__learning_rate', 0.003996508570752684), ('regressor__regressor__max_depth', 2146), ('regressor__regressor__n_estimators', 1794), ('regressor__regressor__n_jobs', -2)])





OPTIMIZING HYPERPARAMETERS FOR REGRESSOR XGBR 	SEED: 13


Best parameters: OrderedDict([('regressor__regressor__learning_rate', 0.07480696700788292), ('regressor__regressor__max_depth', 10000), ('regressor__regressor__n_estimators', 97), ('regressor__regressor__n_jobs', -2)])





OPTIMIZING HYPERPARAMETERS FOR REGRESSOR XGBR 	SEED: 13


Best parameters: OrderedDict([('regressor__regressor__learning_rate', 0.026129145321958428), ('regressor__regressor__max_depth', 10000), ('regressor__regressor__n_estimators', 495), ('regressor__regressor__n_jobs', -2)])





OPTIMIZING HYPERPARAMETERS FOR REGRESSOR XGBR 	SEED: 13


Best parameters: OrderedDict([('regressor__regressor__learning_rate', 0.02979788300132077), ('regressor__regressor__max_depth', 10000), ('regressor__regressor__n_estimators', 514), ('regressor__regressor__n_jobs', -2)])





-------------------------------------------------- 
OPTIMIZING HYPERPARAMETERS FOR REGRESSOR XGBR 	SEED: 42


Best parameters: OrderedDict([('regressor__regressor__learning_rate', 0.1), ('regressor__regressor__max_depth', 10000), ('regressor__regressor__n_estimators', 99), ('regressor__regressor__n_jobs', -2)])




Best parameters: OrderedDict([('regressor__regressor__learning_rate', 0.053684429973651894), ('regressor__regressor__max_depth', 10000), ('regressor__regressor__n_estimators', 268), ('regressor__regressor__n_jobs', -2)])




Best parameters: OrderedDict([('regressor__regressor__learning_rate', 0.056222267691924815), ('regressor__regressor__max_depth', 10000), ('regressor__regressor__n_estimators', 50), ('regressor__regressor__n_jobs', -2)])




Best parameters: OrderedDict([('regressor__regressor__learning_rate', 0.1), ('regressor__regressor__max_depth', 10000), ('regressor__regressor__n_estimators', 50), ('regressor__regressor__n_jobs', -2)])




Best parameters: OrderedDict([('regressor__regressor__learning_rate', 0.0482954378802495), ('regressor__regressor__max_depth', 10), ('regressor__regressor__n_estimators', 2000), ('regressor__regressor__n_jobs', -2)])





OPTIMIZING HYPERPARAMETERS FOR REGRESSOR XGBR 	SEED: 42


Best parameters: OrderedDict([('regressor__regressor__learning_rate', 0.07352481813242628), ('regressor__regressor__max_depth', 1264), ('regressor__regressor__n_estimators', 1246), ('regressor__regressor__n_jobs', -2)])





OPTIMIZING HYPERPARAMETERS FOR REGRESSOR XGBR 	SEED: 42


Best parameters: OrderedDict([('regressor__regressor__learning_rate', 0.1), ('regressor__regressor__max_depth', 10000), ('regressor__regressor__n_estimators', 50), ('regressor__regressor__n_jobs', -2)])





OPTIMIZING HYPERPARAMETERS FOR REGRESSOR XGBR 	SEED: 42


Best parameters: OrderedDict([('regressor__regressor__learning_rate', 0.1), ('regressor__regressor__max_depth', 10), ('regressor__regressor__n_estimators', 662), ('regressor__regressor__n_jobs', -2)])





OPTIMIZING HYPERPARAMETERS FOR REGRESSOR XGBR 	SEED: 42


Best parameters: OrderedDict([('regressor__regressor__learning_rate', 0.1), ('regressor__regressor__max_depth', 10), ('regressor__regressor__n_estimators', 263), ('regressor__regressor__n_jobs', -2)])





OPTIMIZING HYPERPARAMETERS FOR REGRESSOR XGBR 	SEED: 42


Best parameters: OrderedDict([('regressor__regressor__learning_rate', 0.1), ('regressor__regressor__max_depth', 10), ('regressor__regressor__n_estimators', 50), ('regressor__regressor__n_jobs', -2)])





-------------------------------------------------- 
OPTIMIZING HYPERPARAMETERS FOR REGRESSOR XGBR 	SEED: 69


Best parameters: OrderedDict([('regressor__regressor__learning_rate', 0.004540102074705809), ('regressor__regressor__max_depth', 8931), ('regressor__regressor__n_estimators', 1863), ('regressor__regressor__n_jobs', -2)])




Best parameters: OrderedDict([('regressor__regressor__learning_rate', 0.0049228084785182475), ('regressor__regressor__max_depth', 10), ('regressor__regressor__n_estimators', 1176), ('regressor__regressor__n_jobs', -2)])




Best parameters: OrderedDict([('regressor__regressor__learning_rate', 0.1), ('regressor__regressor__max_depth', 10000), ('regressor__regressor__n_estimators', 50), ('regressor__regressor__n_jobs', -2)])




Best parameters: OrderedDict([('regressor__regressor__learning_rate', 0.06044948973500165), ('regressor__regressor__max_depth', 10000), ('regressor__regressor__n_estimators', 81), ('regressor__regressor__n_jobs', -2)])




Best parameters: OrderedDict([('regressor__regressor__learning_rate', 0.0363812306330819), ('regressor__regressor__max_depth', 10000), ('regressor__regressor__n_estimators', 704), ('regressor__regressor__n_jobs', -2)])





OPTIMIZING HYPERPARAMETERS FOR REGRESSOR XGBR 	SEED: 69


Best parameters: OrderedDict([('regressor__regressor__learning_rate', 0.010186026879976426), ('regressor__regressor__max_depth', 10), ('regressor__regressor__n_estimators', 2000), ('regressor__regressor__n_jobs', -2)])





OPTIMIZING HYPERPARAMETERS FOR REGRESSOR XGBR 	SEED: 69


Best parameters: OrderedDict([('regressor__regressor__learning_rate', 0.012578895199564935), ('regressor__regressor__max_depth', 10000), ('regressor__regressor__n_estimators', 662), ('regressor__regressor__n_jobs', -2)])





OPTIMIZING HYPERPARAMETERS FOR REGRESSOR XGBR 	SEED: 69


Best parameters: OrderedDict([('regressor__regressor__learning_rate', 0.0020118907595304642), ('regressor__regressor__max_depth', 10), ('regressor__regressor__n_estimators', 2000), ('regressor__regressor__n_jobs', -2)])





OPTIMIZING HYPERPARAMETERS FOR REGRESSOR XGBR 	SEED: 69


Best parameters: OrderedDict([('regressor__regressor__learning_rate', 0.09939793013929618), ('regressor__regressor__max_depth', 4800), ('regressor__regressor__n_estimators', 161), ('regressor__regressor__n_jobs', -2)])





OPTIMIZING HYPERPARAMETERS FOR REGRESSOR XGBR 	SEED: 69


Best parameters: OrderedDict([('regressor__regressor__learning_rate', 0.008614780975143708), ('regressor__regressor__max_depth', 21), ('regressor__regressor__n_estimators', 369), ('regressor__regressor__n_jobs', -2)])





-------------------------------------------------- 
OPTIMIZING HYPERPARAMETERS FOR REGRESSOR XGBR 	SEED: 420


Best parameters: OrderedDict([('regressor__regressor__learning_rate', 0.1), ('regressor__regressor__max_depth', 10000), ('regressor__regressor__n_estimators', 50), ('regressor__regressor__n_jobs', -2)])




Best parameters: OrderedDict([('regressor__regressor__learning_rate', 0.005039963601405134), ('regressor__regressor__max_depth', 10), ('regressor__regressor__n_estimators', 2000), ('regressor__regressor__n_jobs', -2)])




Best parameters: OrderedDict([('regressor__regressor__learning_rate', 0.012360597813809965), ('regressor__regressor__max_depth', 10), ('regressor__regressor__n_estimators', 259), ('regressor__regressor__n_jobs', -2)])




Best parameters: OrderedDict([('regressor__regressor__learning_rate', 0.07642648517435428), ('regressor__regressor__max_depth', 10), ('regressor__regressor__n_estimators', 70), ('regressor__regressor__n_jobs', -2)])




Best parameters: OrderedDict([('regressor__regressor__learning_rate', 0.020716194287407307), ('regressor__regressor__max_depth', 10), ('regressor__regressor__n_estimators', 231), ('regressor__regressor__n_jobs', -2)])





OPTIMIZING HYPERPARAMETERS FOR REGRESSOR XGBR 	SEED: 420


Best parameters: OrderedDict([('regressor__regressor__learning_rate', 0.1), ('regressor__regressor__max_depth', 10000), ('regressor__regressor__n_estimators', 661), ('regressor__regressor__n_jobs', -2)])





OPTIMIZING HYPERPARAMETERS FOR REGRESSOR XGBR 	SEED: 420


Best parameters: OrderedDict([('regressor__regressor__learning_rate', 0.03917953958422965), ('regressor__regressor__max_depth', 10), ('regressor__regressor__n_estimators', 511), ('regressor__regressor__n_jobs', -2)])





OPTIMIZING HYPERPARAMETERS FOR REGRESSOR XGBR 	SEED: 420


Best parameters: OrderedDict([('regressor__regressor__learning_rate', 0.06771054211682617), ('regressor__regressor__max_depth', 10), ('regressor__regressor__n_estimators', 95), ('regressor__regressor__n_jobs', -2)])





OPTIMIZING HYPERPARAMETERS FOR REGRESSOR XGBR 	SEED: 420


Best parameters: OrderedDict([('regressor__regressor__learning_rate', 0.03770052924189587), ('regressor__regressor__max_depth', 549), ('regressor__regressor__n_estimators', 220), ('regressor__regressor__n_jobs', -2)])





OPTIMIZING HYPERPARAMETERS FOR REGRESSOR XGBR 	SEED: 420


Best parameters: OrderedDict([('regressor__regressor__learning_rate', 0.015706131438404755), ('regressor__regressor__max_depth', 10000), ('regressor__regressor__n_estimators', 347), ('regressor__regressor__n_jobs', -2)])





-------------------------------------------------- 
OPTIMIZING HYPERPARAMETERS FOR REGRESSOR XGBR 	SEED: 1234567890


Best parameters: OrderedDict([('regressor__regressor__learning_rate', 0.1), ('regressor__regressor__max_depth', 10000), ('regressor__regressor__n_estimators', 50), ('regressor__regressor__n_jobs', -2)])




Best parameters: OrderedDict([('regressor__regressor__learning_rate', 0.1), ('regressor__regressor__max_depth', 3111), ('regressor__regressor__n_estimators', 254), ('regressor__regressor__n_jobs', -2)])




Best parameters: OrderedDict([('regressor__regressor__learning_rate', 0.07640430099451233), ('regressor__regressor__max_depth', 10000), ('regressor__regressor__n_estimators', 64), ('regressor__regressor__n_jobs', -2)])




Best parameters: OrderedDict([('regressor__regressor__learning_rate', 0.08373046148110545), ('regressor__regressor__max_depth', 10000), ('regressor__regressor__n_estimators', 64), ('regressor__regressor__n_jobs', -2)])




Best parameters: OrderedDict([('regressor__regressor__learning_rate', 0.1), ('regressor__regressor__max_depth', 10), ('regressor__regressor__n_estimators', 50), ('regressor__regressor__n_jobs', -2)])





OPTIMIZING HYPERPARAMETERS FOR REGRESSOR XGBR 	SEED: 1234567890


Best parameters: OrderedDict([('regressor__regressor__learning_rate', 0.02558158596437079), ('regressor__regressor__max_depth', 10), ('regressor__regressor__n_estimators', 284), ('regressor__regressor__n_jobs', -2)])





OPTIMIZING HYPERPARAMETERS FOR REGRESSOR XGBR 	SEED: 1234567890


Best parameters: OrderedDict([('regressor__regressor__learning_rate', 0.03130016558681144), ('regressor__regressor__max_depth', 10000), ('regressor__regressor__n_estimators', 2000), ('regressor__regressor__n_jobs', -2)])





OPTIMIZING HYPERPARAMETERS FOR REGRESSOR XGBR 	SEED: 1234567890


Best parameters: OrderedDict([('regressor__regressor__learning_rate', 0.1), ('regressor__regressor__max_depth', 10000), ('regressor__regressor__n_estimators', 2000), ('regressor__regressor__n_jobs', -2)])





OPTIMIZING HYPERPARAMETERS FOR REGRESSOR XGBR 	SEED: 1234567890


Best parameters: OrderedDict([('regressor__regressor__learning_rate', 0.06868270589362512), ('regressor__regressor__max_depth', 10000), ('regressor__regressor__n_estimators', 424), ('regressor__regressor__n_jobs', -2)])





OPTIMIZING HYPERPARAMETERS FOR REGRESSOR XGBR 	SEED: 1234567890


Best parameters: OrderedDict([('regressor__regressor__learning_rate', 0.014044590250285796), ('regressor__regressor__max_depth', 16), ('regressor__regressor__n_estimators', 849), ('regressor__regressor__n_jobs', -2)])





-------------------------------------------------- 
OPTIMIZING HYPERPARAMETERS FOR REGRESSOR XGBR 	SEED: 473129


Best parameters: OrderedDict([('regressor__regressor__learning_rate', 0.0031598289600769415), ('regressor__regressor__max_depth', 10), ('regressor__regressor__n_estimators', 2000), ('regressor__regressor__n_jobs', -2)])




Best parameters: OrderedDict([('regressor__regressor__learning_rate', 0.06266185394987638), ('regressor__regressor__max_depth', 10), ('regressor__regressor__n_estimators', 677), ('regressor__regressor__n_jobs', -2)])




Best parameters: OrderedDict([('regressor__regressor__learning_rate', 0.07325790219057562), ('regressor__regressor__max_depth', 10), ('regressor__regressor__n_estimators', 50), ('regressor__regressor__n_jobs', -2)])




Best parameters: OrderedDict([('regressor__regressor__learning_rate', 0.02720338125180861), ('regressor__regressor__max_depth', 10000), ('regressor__regressor__n_estimators', 123), ('regressor__regressor__n_jobs', -2)])




Best parameters: OrderedDict([('regressor__regressor__learning_rate', 0.012132716347614871), ('regressor__regressor__max_depth', 10), ('regressor__regressor__n_estimators', 2000), ('regressor__regressor__n_jobs', -2)])





OPTIMIZING HYPERPARAMETERS FOR REGRESSOR XGBR 	SEED: 473129


Best parameters: OrderedDict([('regressor__regressor__learning_rate', 0.018596608299181056), ('regressor__regressor__max_depth', 15), ('regressor__regressor__n_estimators', 179), ('regressor__regressor__n_jobs', -2)])





OPTIMIZING HYPERPARAMETERS FOR REGRESSOR XGBR 	SEED: 473129


Best parameters: OrderedDict([('regressor__regressor__learning_rate', 0.06799551398100889), ('regressor__regressor__max_depth', 10000), ('regressor__regressor__n_estimators', 2000), ('regressor__regressor__n_jobs', -2)])





OPTIMIZING HYPERPARAMETERS FOR REGRESSOR XGBR 	SEED: 473129


Best parameters: OrderedDict([('regressor__regressor__learning_rate', 0.0045590396002638985), ('regressor__regressor__max_depth', 10), ('regressor__regressor__n_estimators', 639), ('regressor__regressor__n_jobs', -2)])





OPTIMIZING HYPERPARAMETERS FOR REGRESSOR XGBR 	SEED: 473129


Best parameters: OrderedDict([('regressor__regressor__learning_rate', 0.025110050741759458), ('regressor__regressor__max_depth', 19), ('regressor__regressor__n_estimators', 849), ('regressor__regressor__n_jobs', -2)])





OPTIMIZING HYPERPARAMETERS FOR REGRESSOR XGBR 	SEED: 473129


Best parameters: OrderedDict([('regressor__regressor__learning_rate', 0.06829616699094147), ('regressor__regressor__max_depth', 10), ('regressor__regressor__n_estimators', 74), ('regressor__regressor__n_jobs', -2)])





-------------------------------------------------- 
OOD TEST ON 0



-------------------------------------------------- 
OPTIMIZING HYPERPARAMETERS FOR REGRESSOR XGBR 	SEED: 6


Best parameters: OrderedDict([('regressor__regressor__learning_rate', 0.07170643987342985), ('regressor__regressor__max_depth', 10), ('regressor__regressor__n_estimators', 160), ('regressor__regressor__n_jobs', -2)])




Best parameters: OrderedDict([('regressor__regressor__learning_rate', 0.05500533530599675), ('regressor__regressor__max_depth', 11), ('regressor__regressor__n_estimators', 1704), ('regressor__regressor__n_jobs', -2)])




Best parameters: OrderedDict([('regressor__regressor__learning_rate', 0.011751506247982312), ('regressor__regressor__max_depth', 10), ('regressor__regressor__n_estimators', 2000), ('regressor__regressor__n_jobs', -2)])




Best parameters: OrderedDict([('regressor__regressor__learning_rate', 0.08646479880356304), ('regressor__regressor__max_depth', 2326), ('regressor__regressor__n_estimators', 847), ('regressor__regressor__n_jobs', -2)])




Best parameters: OrderedDict([('regressor__regressor__learning_rate', 0.009958046614332616), ('regressor__regressor__max_depth', 10000), ('regressor__regressor__n_estimators', 1171), ('regressor__regressor__n_jobs', -2)])





OPTIMIZING HYPERPARAMETERS FOR REGRESSOR XGBR 	SEED: 6


Best parameters: OrderedDict([('regressor__regressor__learning_rate', 0.038959842136421424), ('regressor__regressor__max_depth', 10), ('regressor__regressor__n_estimators', 226), ('regressor__regressor__n_jobs', -2)])





OPTIMIZING HYPERPARAMETERS FOR REGRESSOR XGBR 	SEED: 6


Best parameters: OrderedDict([('regressor__regressor__learning_rate', 0.08646479880356304), ('regressor__regressor__max_depth', 2326), ('regressor__regressor__n_estimators', 847), ('regressor__regressor__n_jobs', -2)])





OPTIMIZING HYPERPARAMETERS FOR REGRESSOR XGBR 	SEED: 6


Best parameters: OrderedDict([('regressor__regressor__learning_rate', 0.1), ('regressor__regressor__max_depth', 10000), ('regressor__regressor__n_estimators', 407), ('regressor__regressor__n_jobs', -2)])





OPTIMIZING HYPERPARAMETERS FOR REGRESSOR XGBR 	SEED: 6


Best parameters: OrderedDict([('regressor__regressor__learning_rate', 0.1), ('regressor__regressor__max_depth', 10000), ('regressor__regressor__n_estimators', 50), ('regressor__regressor__n_jobs', -2)])





OPTIMIZING HYPERPARAMETERS FOR REGRESSOR XGBR 	SEED: 6


Best parameters: OrderedDict([('regressor__regressor__learning_rate', 0.1), ('regressor__regressor__max_depth', 10), ('regressor__regressor__n_estimators', 1348), ('regressor__regressor__n_jobs', -2)])





-------------------------------------------------- 
OPTIMIZING HYPERPARAMETERS FOR REGRESSOR XGBR 	SEED: 13


Best parameters: OrderedDict([('regressor__regressor__learning_rate', 0.07544313786013554), ('regressor__regressor__max_depth', 10000), ('regressor__regressor__n_estimators', 196), ('regressor__regressor__n_jobs', -2)])




Best parameters: OrderedDict([('regressor__regressor__learning_rate', 0.1), ('regressor__regressor__max_depth', 10), ('regressor__regressor__n_estimators', 114), ('regressor__regressor__n_jobs', -2)])




Best parameters: OrderedDict([('regressor__regressor__learning_rate', 0.0735298532138227), ('regressor__regressor__max_depth', 10000), ('regressor__regressor__n_estimators', 71), ('regressor__regressor__n_jobs', -2)])




Best parameters: OrderedDict([('regressor__regressor__learning_rate', 0.1), ('regressor__regressor__max_depth', 10000), ('regressor__regressor__n_estimators', 126), ('regressor__regressor__n_jobs', -2)])




Best parameters: OrderedDict([('regressor__regressor__learning_rate', 0.1), ('regressor__regressor__max_depth', 10), ('regressor__regressor__n_estimators', 175), ('regressor__regressor__n_jobs', -2)])





OPTIMIZING HYPERPARAMETERS FOR REGRESSOR XGBR 	SEED: 13


Best parameters: OrderedDict([('regressor__regressor__learning_rate', 0.1), ('regressor__regressor__max_depth', 10), ('regressor__regressor__n_estimators', 1355), ('regressor__regressor__n_jobs', -2)])





OPTIMIZING HYPERPARAMETERS FOR REGRESSOR XGBR 	SEED: 13


Best parameters: OrderedDict([('regressor__regressor__learning_rate', 0.003996508570752684), ('regressor__regressor__max_depth', 2146), ('regressor__regressor__n_estimators', 1794), ('regressor__regressor__n_jobs', -2)])





OPTIMIZING HYPERPARAMETERS FOR REGRESSOR XGBR 	SEED: 13


Best parameters: OrderedDict([('regressor__regressor__learning_rate', 0.07480696700788292), ('regressor__regressor__max_depth', 10000), ('regressor__regressor__n_estimators', 97), ('regressor__regressor__n_jobs', -2)])





OPTIMIZING HYPERPARAMETERS FOR REGRESSOR XGBR 	SEED: 13


Best parameters: OrderedDict([('regressor__regressor__learning_rate', 0.026129145321958428), ('regressor__regressor__max_depth', 10000), ('regressor__regressor__n_estimators', 495), ('regressor__regressor__n_jobs', -2)])





OPTIMIZING HYPERPARAMETERS FOR REGRESSOR XGBR 	SEED: 13


Best parameters: OrderedDict([('regressor__regressor__learning_rate', 0.02979788300132077), ('regressor__regressor__max_depth', 10000), ('regressor__regressor__n_estimators', 514), ('regressor__regressor__n_jobs', -2)])





-------------------------------------------------- 
OPTIMIZING HYPERPARAMETERS FOR REGRESSOR XGBR 	SEED: 42


Best parameters: OrderedDict([('regressor__regressor__learning_rate', 0.07599591147697567), ('regressor__regressor__max_depth', 39), ('regressor__regressor__n_estimators', 617), ('regressor__regressor__n_jobs', -2)])




Best parameters: OrderedDict([('regressor__regressor__learning_rate', 0.08471280170975143), ('regressor__regressor__max_depth', 10), ('regressor__regressor__n_estimators', 72), ('regressor__regressor__n_jobs', -2)])




Best parameters: OrderedDict([('regressor__regressor__learning_rate', 0.05281764350659442), ('regressor__regressor__max_depth', 10), ('regressor__regressor__n_estimators', 126), ('regressor__regressor__n_jobs', -2)])




Best parameters: OrderedDict([('regressor__regressor__learning_rate', 0.09479367644152491), ('regressor__regressor__max_depth', 5547), ('regressor__regressor__n_estimators', 397), ('regressor__regressor__n_jobs', -2)])




Best parameters: OrderedDict([('regressor__regressor__learning_rate', 0.0016994636371262762), ('regressor__regressor__max_depth', 1525), ('regressor__regressor__n_estimators', 1561), ('regressor__regressor__n_jobs', -2)])





OPTIMIZING HYPERPARAMETERS FOR REGRESSOR XGBR 	SEED: 42


Best parameters: OrderedDict([('regressor__regressor__learning_rate', 0.07352481813242628), ('regressor__regressor__max_depth', 1264), ('regressor__regressor__n_estimators', 1246), ('regressor__regressor__n_jobs', -2)])





OPTIMIZING HYPERPARAMETERS FOR REGRESSOR XGBR 	SEED: 42


Best parameters: OrderedDict([('regressor__regressor__learning_rate', 0.1), ('regressor__regressor__max_depth', 10000), ('regressor__regressor__n_estimators', 50), ('regressor__regressor__n_jobs', -2)])





OPTIMIZING HYPERPARAMETERS FOR REGRESSOR XGBR 	SEED: 42


Best parameters: OrderedDict([('regressor__regressor__learning_rate', 0.1), ('regressor__regressor__max_depth', 10), ('regressor__regressor__n_estimators', 662), ('regressor__regressor__n_jobs', -2)])





OPTIMIZING HYPERPARAMETERS FOR REGRESSOR XGBR 	SEED: 42


Best parameters: OrderedDict([('regressor__regressor__learning_rate', 0.1), ('regressor__regressor__max_depth', 10), ('regressor__regressor__n_estimators', 263), ('regressor__regressor__n_jobs', -2)])





OPTIMIZING HYPERPARAMETERS FOR REGRESSOR XGBR 	SEED: 42


Best parameters: OrderedDict([('regressor__regressor__learning_rate', 0.1), ('regressor__regressor__max_depth', 10), ('regressor__regressor__n_estimators', 50), ('regressor__regressor__n_jobs', -2)])





-------------------------------------------------- 
OPTIMIZING HYPERPARAMETERS FOR REGRESSOR XGBR 	SEED: 69


Best parameters: OrderedDict([('regressor__regressor__learning_rate', 0.042266402785830215), ('regressor__regressor__max_depth', 10000), ('regressor__regressor__n_estimators', 610), ('regressor__regressor__n_jobs', -2)])




Best parameters: OrderedDict([('regressor__regressor__learning_rate', 0.0021545454822680795), ('regressor__regressor__max_depth', 10000), ('regressor__regressor__n_estimators', 2000), ('regressor__regressor__n_jobs', -2)])




Best parameters: OrderedDict([('regressor__regressor__learning_rate', 0.002165710702280209), ('regressor__regressor__max_depth', 10000), ('regressor__regressor__n_estimators', 2000), ('regressor__regressor__n_jobs', -2)])




Best parameters: OrderedDict([('regressor__regressor__learning_rate', 0.06544995425409293), ('regressor__regressor__max_depth', 7310), ('regressor__regressor__n_estimators', 435), ('regressor__regressor__n_jobs', -2)])




Best parameters: OrderedDict([('regressor__regressor__learning_rate', 0.02256825001011882), ('regressor__regressor__max_depth', 522), ('regressor__regressor__n_estimators', 132), ('regressor__regressor__n_jobs', -2)])





OPTIMIZING HYPERPARAMETERS FOR REGRESSOR XGBR 	SEED: 69


Best parameters: OrderedDict([('regressor__regressor__learning_rate', 0.010186026879976426), ('regressor__regressor__max_depth', 10), ('regressor__regressor__n_estimators', 2000), ('regressor__regressor__n_jobs', -2)])





OPTIMIZING HYPERPARAMETERS FOR REGRESSOR XGBR 	SEED: 69


Best parameters: OrderedDict([('regressor__regressor__learning_rate', 0.012578895199564935), ('regressor__regressor__max_depth', 10000), ('regressor__regressor__n_estimators', 662), ('regressor__regressor__n_jobs', -2)])





OPTIMIZING HYPERPARAMETERS FOR REGRESSOR XGBR 	SEED: 69


Best parameters: OrderedDict([('regressor__regressor__learning_rate', 0.0020118907595304642), ('regressor__regressor__max_depth', 10), ('regressor__regressor__n_estimators', 2000), ('regressor__regressor__n_jobs', -2)])





OPTIMIZING HYPERPARAMETERS FOR REGRESSOR XGBR 	SEED: 69


Best parameters: OrderedDict([('regressor__regressor__learning_rate', 0.09939793013929618), ('regressor__regressor__max_depth', 4800), ('regressor__regressor__n_estimators', 161), ('regressor__regressor__n_jobs', -2)])





OPTIMIZING HYPERPARAMETERS FOR REGRESSOR XGBR 	SEED: 69


Best parameters: OrderedDict([('regressor__regressor__learning_rate', 0.008614780975143708), ('regressor__regressor__max_depth', 21), ('regressor__regressor__n_estimators', 369), ('regressor__regressor__n_jobs', -2)])





-------------------------------------------------- 
OPTIMIZING HYPERPARAMETERS FOR REGRESSOR XGBR 	SEED: 420


Best parameters: OrderedDict([('regressor__regressor__learning_rate', 0.0022471271516995794), ('regressor__regressor__max_depth', 10000), ('regressor__regressor__n_estimators', 2000), ('regressor__regressor__n_jobs', -2)])




Best parameters: OrderedDict([('regressor__regressor__learning_rate', 0.1), ('regressor__regressor__max_depth', 10), ('regressor__regressor__n_estimators', 87), ('regressor__regressor__n_jobs', -2)])




Best parameters: OrderedDict([('regressor__regressor__learning_rate', 0.04496464047249462), ('regressor__regressor__max_depth', 10), ('regressor__regressor__n_estimators', 547), ('regressor__regressor__n_jobs', -2)])




Best parameters: OrderedDict([('regressor__regressor__learning_rate', 0.09333008427601745), ('regressor__regressor__max_depth', 5829), ('regressor__regressor__n_estimators', 83), ('regressor__regressor__n_jobs', -2)])




Best parameters: OrderedDict([('regressor__regressor__learning_rate', 0.045447301574807475), ('regressor__regressor__max_depth', 10), ('regressor__regressor__n_estimators', 1167), ('regressor__regressor__n_jobs', -2)])





OPTIMIZING HYPERPARAMETERS FOR REGRESSOR XGBR 	SEED: 420


Best parameters: OrderedDict([('regressor__regressor__learning_rate', 0.1), ('regressor__regressor__max_depth', 10000), ('regressor__regressor__n_estimators', 661), ('regressor__regressor__n_jobs', -2)])





OPTIMIZING HYPERPARAMETERS FOR REGRESSOR XGBR 	SEED: 420


Best parameters: OrderedDict([('regressor__regressor__learning_rate', 0.03917953958422965), ('regressor__regressor__max_depth', 10), ('regressor__regressor__n_estimators', 511), ('regressor__regressor__n_jobs', -2)])





OPTIMIZING HYPERPARAMETERS FOR REGRESSOR XGBR 	SEED: 420


Best parameters: OrderedDict([('regressor__regressor__learning_rate', 0.06771054211682617), ('regressor__regressor__max_depth', 10), ('regressor__regressor__n_estimators', 95), ('regressor__regressor__n_jobs', -2)])





OPTIMIZING HYPERPARAMETERS FOR REGRESSOR XGBR 	SEED: 420


Best parameters: OrderedDict([('regressor__regressor__learning_rate', 0.03770052924189587), ('regressor__regressor__max_depth', 549), ('regressor__regressor__n_estimators', 220), ('regressor__regressor__n_jobs', -2)])





OPTIMIZING HYPERPARAMETERS FOR REGRESSOR XGBR 	SEED: 420


Best parameters: OrderedDict([('regressor__regressor__learning_rate', 0.015706131438404755), ('regressor__regressor__max_depth', 10000), ('regressor__regressor__n_estimators', 347), ('regressor__regressor__n_jobs', -2)])





-------------------------------------------------- 
OPTIMIZING HYPERPARAMETERS FOR REGRESSOR XGBR 	SEED: 1234567890


Best parameters: OrderedDict([('regressor__regressor__learning_rate', 0.1), ('regressor__regressor__max_depth', 10), ('regressor__regressor__n_estimators', 182), ('regressor__regressor__n_jobs', -2)])




Best parameters: OrderedDict([('regressor__regressor__learning_rate', 0.1), ('regressor__regressor__max_depth', 10), ('regressor__regressor__n_estimators', 166), ('regressor__regressor__n_jobs', -2)])




Best parameters: OrderedDict([('regressor__regressor__learning_rate', 0.1), ('regressor__regressor__max_depth', 10), ('regressor__regressor__n_estimators', 106), ('regressor__regressor__n_jobs', -2)])




Best parameters: OrderedDict([('regressor__regressor__learning_rate', 0.1), ('regressor__regressor__max_depth', 10000), ('regressor__regressor__n_estimators', 50), ('regressor__regressor__n_jobs', -2)])




Best parameters: OrderedDict([('regressor__regressor__learning_rate', 0.1), ('regressor__regressor__max_depth', 10), ('regressor__regressor__n_estimators', 107), ('regressor__regressor__n_jobs', -2)])





OPTIMIZING HYPERPARAMETERS FOR REGRESSOR XGBR 	SEED: 1234567890


Best parameters: OrderedDict([('regressor__regressor__learning_rate', 0.02558158596437079), ('regressor__regressor__max_depth', 10), ('regressor__regressor__n_estimators', 284), ('regressor__regressor__n_jobs', -2)])





OPTIMIZING HYPERPARAMETERS FOR REGRESSOR XGBR 	SEED: 1234567890


Best parameters: OrderedDict([('regressor__regressor__learning_rate', 0.03130016558681144), ('regressor__regressor__max_depth', 10000), ('regressor__regressor__n_estimators', 2000), ('regressor__regressor__n_jobs', -2)])





OPTIMIZING HYPERPARAMETERS FOR REGRESSOR XGBR 	SEED: 1234567890


Best parameters: OrderedDict([('regressor__regressor__learning_rate', 0.1), ('regressor__regressor__max_depth', 10000), ('regressor__regressor__n_estimators', 2000), ('regressor__regressor__n_jobs', -2)])





OPTIMIZING HYPERPARAMETERS FOR REGRESSOR XGBR 	SEED: 1234567890


Best parameters: OrderedDict([('regressor__regressor__learning_rate', 0.06868270589362512), ('regressor__regressor__max_depth', 10000), ('regressor__regressor__n_estimators', 424), ('regressor__regressor__n_jobs', -2)])





OPTIMIZING HYPERPARAMETERS FOR REGRESSOR XGBR 	SEED: 1234567890


Best parameters: OrderedDict([('regressor__regressor__learning_rate', 0.014044590250285796), ('regressor__regressor__max_depth', 16), ('regressor__regressor__n_estimators', 849), ('regressor__regressor__n_jobs', -2)])





-------------------------------------------------- 
OPTIMIZING HYPERPARAMETERS FOR REGRESSOR XGBR 	SEED: 473129


Best parameters: OrderedDict([('regressor__regressor__learning_rate', 0.02848238277637686), ('regressor__regressor__max_depth', 10), ('regressor__regressor__n_estimators', 1341), ('regressor__regressor__n_jobs', -2)])




Best parameters: OrderedDict([('regressor__regressor__learning_rate', 0.0686336061393579), ('regressor__regressor__max_depth', 10), ('regressor__regressor__n_estimators', 131), ('regressor__regressor__n_jobs', -2)])




Best parameters: OrderedDict([('regressor__regressor__learning_rate', 0.07046490591375), ('regressor__regressor__max_depth', 10000), ('regressor__regressor__n_estimators', 564), ('regressor__regressor__n_jobs', -2)])




Best parameters: OrderedDict([('regressor__regressor__learning_rate', 0.03693499023328491), ('regressor__regressor__max_depth', 28), ('regressor__regressor__n_estimators', 168), ('regressor__regressor__n_jobs', -2)])




Best parameters: OrderedDict([('regressor__regressor__learning_rate', 0.1), ('regressor__regressor__max_depth', 10), ('regressor__regressor__n_estimators', 152), ('regressor__regressor__n_jobs', -2)])





OPTIMIZING HYPERPARAMETERS FOR REGRESSOR XGBR 	SEED: 473129


Best parameters: OrderedDict([('regressor__regressor__learning_rate', 0.018596608299181056), ('regressor__regressor__max_depth', 15), ('regressor__regressor__n_estimators', 179), ('regressor__regressor__n_jobs', -2)])





OPTIMIZING HYPERPARAMETERS FOR REGRESSOR XGBR 	SEED: 473129


Best parameters: OrderedDict([('regressor__regressor__learning_rate', 0.06799551398100889), ('regressor__regressor__max_depth', 10000), ('regressor__regressor__n_estimators', 2000), ('regressor__regressor__n_jobs', -2)])





OPTIMIZING HYPERPARAMETERS FOR REGRESSOR XGBR 	SEED: 473129


Best parameters: OrderedDict([('regressor__regressor__learning_rate', 0.0045590396002638985), ('regressor__regressor__max_depth', 10), ('regressor__regressor__n_estimators', 639), ('regressor__regressor__n_jobs', -2)])





OPTIMIZING HYPERPARAMETERS FOR REGRESSOR XGBR 	SEED: 473129


Best parameters: OrderedDict([('regressor__regressor__learning_rate', 0.025110050741759458), ('regressor__regressor__max_depth', 19), ('regressor__regressor__n_estimators', 849), ('regressor__regressor__n_jobs', -2)])





OPTIMIZING HYPERPARAMETERS FOR REGRESSOR XGBR 	SEED: 473129


Best parameters: OrderedDict([('regressor__regressor__learning_rate', 0.06829616699094147), ('regressor__regressor__max_depth', 10), ('regressor__regressor__n_estimators', 74), ('regressor__regressor__n_jobs', -2)])





-------------------------------------------------- 
OOD TEST ON 1



-------------------------------------------------- 
OPTIMIZING HYPERPARAMETERS FOR REGRESSOR XGBR 	SEED: 6


Best parameters: OrderedDict([('regressor__regressor__learning_rate', 0.06821541083181808), ('regressor__regressor__max_depth', 10000), ('regressor__regressor__n_estimators', 127), ('regressor__regressor__n_jobs', -2)])




Best parameters: OrderedDict([('regressor__regressor__learning_rate', 0.004441057833903004), ('regressor__regressor__max_depth', 10000), ('regressor__regressor__n_estimators', 861), ('regressor__regressor__n_jobs', -2)])




Best parameters: OrderedDict([('regressor__regressor__learning_rate', 0.05504191947302604), ('regressor__regressor__max_depth', 10), ('regressor__regressor__n_estimators', 1261), ('regressor__regressor__n_jobs', -2)])




Best parameters: OrderedDict([('regressor__regressor__learning_rate', 0.1), ('regressor__regressor__max_depth', 29), ('regressor__regressor__n_estimators', 99), ('regressor__regressor__n_jobs', -2)])




Best parameters: OrderedDict([('regressor__regressor__learning_rate', 0.1), ('regressor__regressor__max_depth', 10000), ('regressor__regressor__n_estimators', 50), ('regressor__regressor__n_jobs', -2)])





OPTIMIZING HYPERPARAMETERS FOR REGRESSOR XGBR 	SEED: 6


Best parameters: OrderedDict([('regressor__regressor__learning_rate', 0.038959842136421424), ('regressor__regressor__max_depth', 10), ('regressor__regressor__n_estimators', 226), ('regressor__regressor__n_jobs', -2)])





OPTIMIZING HYPERPARAMETERS FOR REGRESSOR XGBR 	SEED: 6


Best parameters: OrderedDict([('regressor__regressor__learning_rate', 0.08646479880356304), ('regressor__regressor__max_depth', 2326), ('regressor__regressor__n_estimators', 847), ('regressor__regressor__n_jobs', -2)])





OPTIMIZING HYPERPARAMETERS FOR REGRESSOR XGBR 	SEED: 6


Best parameters: OrderedDict([('regressor__regressor__learning_rate', 0.1), ('regressor__regressor__max_depth', 10000), ('regressor__regressor__n_estimators', 407), ('regressor__regressor__n_jobs', -2)])





OPTIMIZING HYPERPARAMETERS FOR REGRESSOR XGBR 	SEED: 6


Best parameters: OrderedDict([('regressor__regressor__learning_rate', 0.1), ('regressor__regressor__max_depth', 10000), ('regressor__regressor__n_estimators', 50), ('regressor__regressor__n_jobs', -2)])





OPTIMIZING HYPERPARAMETERS FOR REGRESSOR XGBR 	SEED: 6


Best parameters: OrderedDict([('regressor__regressor__learning_rate', 0.1), ('regressor__regressor__max_depth', 10), ('regressor__regressor__n_estimators', 1348), ('regressor__regressor__n_jobs', -2)])





-------------------------------------------------- 
OPTIMIZING HYPERPARAMETERS FOR REGRESSOR XGBR 	SEED: 13


Best parameters: OrderedDict([('regressor__regressor__learning_rate', 0.06959129360299388), ('regressor__regressor__max_depth', 4048), ('regressor__regressor__n_estimators', 50), ('regressor__regressor__n_jobs', -2)])




Best parameters: OrderedDict([('regressor__regressor__learning_rate', 0.07053137298552442), ('regressor__regressor__max_depth', 10), ('regressor__regressor__n_estimators', 739), ('regressor__regressor__n_jobs', -2)])




Best parameters: OrderedDict([('regressor__regressor__learning_rate', 0.06561398612198986), ('regressor__regressor__max_depth', 10), ('regressor__regressor__n_estimators', 99), ('regressor__regressor__n_jobs', -2)])




Best parameters: OrderedDict([('regressor__regressor__learning_rate', 0.029122651792774328), ('regressor__regressor__max_depth', 10000), ('regressor__regressor__n_estimators', 129), ('regressor__regressor__n_jobs', -2)])




Best parameters: OrderedDict([('regressor__regressor__learning_rate', 0.06716549773086095), ('regressor__regressor__max_depth', 10), ('regressor__regressor__n_estimators', 50), ('regressor__regressor__n_jobs', -2)])





OPTIMIZING HYPERPARAMETERS FOR REGRESSOR XGBR 	SEED: 13


Best parameters: OrderedDict([('regressor__regressor__learning_rate', 0.1), ('regressor__regressor__max_depth', 10), ('regressor__regressor__n_estimators', 1355), ('regressor__regressor__n_jobs', -2)])





OPTIMIZING HYPERPARAMETERS FOR REGRESSOR XGBR 	SEED: 13


Best parameters: OrderedDict([('regressor__regressor__learning_rate', 0.003996508570752684), ('regressor__regressor__max_depth', 2146), ('regressor__regressor__n_estimators', 1794), ('regressor__regressor__n_jobs', -2)])





OPTIMIZING HYPERPARAMETERS FOR REGRESSOR XGBR 	SEED: 13


Best parameters: OrderedDict([('regressor__regressor__learning_rate', 0.07480696700788292), ('regressor__regressor__max_depth', 10000), ('regressor__regressor__n_estimators', 97), ('regressor__regressor__n_jobs', -2)])





OPTIMIZING HYPERPARAMETERS FOR REGRESSOR XGBR 	SEED: 13


Best parameters: OrderedDict([('regressor__regressor__learning_rate', 0.026129145321958428), ('regressor__regressor__max_depth', 10000), ('regressor__regressor__n_estimators', 495), ('regressor__regressor__n_jobs', -2)])





OPTIMIZING HYPERPARAMETERS FOR REGRESSOR XGBR 	SEED: 13


Best parameters: OrderedDict([('regressor__regressor__learning_rate', 0.02979788300132077), ('regressor__regressor__max_depth', 10000), ('regressor__regressor__n_estimators', 514), ('regressor__regressor__n_jobs', -2)])





-------------------------------------------------- 
OPTIMIZING HYPERPARAMETERS FOR REGRESSOR XGBR 	SEED: 42


Best parameters: OrderedDict([('regressor__regressor__learning_rate', 0.04464653556129774), ('regressor__regressor__max_depth', 10000), ('regressor__regressor__n_estimators', 50), ('regressor__regressor__n_jobs', -2)])




Best parameters: OrderedDict([('regressor__regressor__learning_rate', 0.07932435947981385), ('regressor__regressor__max_depth', 10), ('regressor__regressor__n_estimators', 50), ('regressor__regressor__n_jobs', -2)])




Best parameters: OrderedDict([('regressor__regressor__learning_rate', 0.0993466516887435), ('regressor__regressor__max_depth', 4718), ('regressor__regressor__n_estimators', 415), ('regressor__regressor__n_jobs', -2)])




Best parameters: OrderedDict([('regressor__regressor__learning_rate', 0.025041499136197735), ('regressor__regressor__max_depth', 206), ('regressor__regressor__n_estimators', 349), ('regressor__regressor__n_jobs', -2)])




Best parameters: OrderedDict([('regressor__regressor__learning_rate', 0.1), ('regressor__regressor__max_depth', 10), ('regressor__regressor__n_estimators', 2000), ('regressor__regressor__n_jobs', -2)])





OPTIMIZING HYPERPARAMETERS FOR REGRESSOR XGBR 	SEED: 42


Best parameters: OrderedDict([('regressor__regressor__learning_rate', 0.07352481813242628), ('regressor__regressor__max_depth', 1264), ('regressor__regressor__n_estimators', 1246), ('regressor__regressor__n_jobs', -2)])





OPTIMIZING HYPERPARAMETERS FOR REGRESSOR XGBR 	SEED: 42


Best parameters: OrderedDict([('regressor__regressor__learning_rate', 0.1), ('regressor__regressor__max_depth', 10000), ('regressor__regressor__n_estimators', 50), ('regressor__regressor__n_jobs', -2)])





OPTIMIZING HYPERPARAMETERS FOR REGRESSOR XGBR 	SEED: 42


Best parameters: OrderedDict([('regressor__regressor__learning_rate', 0.1), ('regressor__regressor__max_depth', 10), ('regressor__regressor__n_estimators', 662), ('regressor__regressor__n_jobs', -2)])





OPTIMIZING HYPERPARAMETERS FOR REGRESSOR XGBR 	SEED: 42


Best parameters: OrderedDict([('regressor__regressor__learning_rate', 0.1), ('regressor__regressor__max_depth', 10), ('regressor__regressor__n_estimators', 263), ('regressor__regressor__n_jobs', -2)])





OPTIMIZING HYPERPARAMETERS FOR REGRESSOR XGBR 	SEED: 42


Best parameters: OrderedDict([('regressor__regressor__learning_rate', 0.1), ('regressor__regressor__max_depth', 10), ('regressor__regressor__n_estimators', 50), ('regressor__regressor__n_jobs', -2)])





-------------------------------------------------- 
OPTIMIZING HYPERPARAMETERS FOR REGRESSOR XGBR 	SEED: 69


Best parameters: OrderedDict([('regressor__regressor__learning_rate', 0.08206209009564973), ('regressor__regressor__max_depth', 11), ('regressor__regressor__n_estimators', 1138), ('regressor__regressor__n_jobs', -2)])




Best parameters: OrderedDict([('regressor__regressor__learning_rate', 0.0736452697532807), ('regressor__regressor__max_depth', 10), ('regressor__regressor__n_estimators', 1165), ('regressor__regressor__n_jobs', -2)])




Best parameters: OrderedDict([('regressor__regressor__learning_rate', 0.008947861526282583), ('regressor__regressor__max_depth', 10), ('regressor__regressor__n_estimators', 966), ('regressor__regressor__n_jobs', -2)])




Best parameters: OrderedDict([('regressor__regressor__learning_rate', 0.035136162950621094), ('regressor__regressor__max_depth', 4125), ('regressor__regressor__n_estimators', 107), ('regressor__regressor__n_jobs', -2)])




Best parameters: OrderedDict([('regressor__regressor__learning_rate', 0.033326978264953185), ('regressor__regressor__max_depth', 10), ('regressor__regressor__n_estimators', 1481), ('regressor__regressor__n_jobs', -2)])





OPTIMIZING HYPERPARAMETERS FOR REGRESSOR XGBR 	SEED: 69


Best parameters: OrderedDict([('regressor__regressor__learning_rate', 0.010186026879976426), ('regressor__regressor__max_depth', 10), ('regressor__regressor__n_estimators', 2000), ('regressor__regressor__n_jobs', -2)])





OPTIMIZING HYPERPARAMETERS FOR REGRESSOR XGBR 	SEED: 69


Best parameters: OrderedDict([('regressor__regressor__learning_rate', 0.012578895199564935), ('regressor__regressor__max_depth', 10000), ('regressor__regressor__n_estimators', 662), ('regressor__regressor__n_jobs', -2)])





OPTIMIZING HYPERPARAMETERS FOR REGRESSOR XGBR 	SEED: 69


Best parameters: OrderedDict([('regressor__regressor__learning_rate', 0.0020118907595304642), ('regressor__regressor__max_depth', 10), ('regressor__regressor__n_estimators', 2000), ('regressor__regressor__n_jobs', -2)])





OPTIMIZING HYPERPARAMETERS FOR REGRESSOR XGBR 	SEED: 69


Best parameters: OrderedDict([('regressor__regressor__learning_rate', 0.09939793013929618), ('regressor__regressor__max_depth', 4800), ('regressor__regressor__n_estimators', 161), ('regressor__regressor__n_jobs', -2)])





OPTIMIZING HYPERPARAMETERS FOR REGRESSOR XGBR 	SEED: 69


Best parameters: OrderedDict([('regressor__regressor__learning_rate', 0.008614780975143708), ('regressor__regressor__max_depth', 21), ('regressor__regressor__n_estimators', 369), ('regressor__regressor__n_jobs', -2)])





-------------------------------------------------- 
OPTIMIZING HYPERPARAMETERS FOR REGRESSOR XGBR 	SEED: 420


Best parameters: OrderedDict([('regressor__regressor__learning_rate', 0.1), ('regressor__regressor__max_depth', 10000), ('regressor__regressor__n_estimators', 255), ('regressor__regressor__n_jobs', -2)])




Best parameters: OrderedDict([('regressor__regressor__learning_rate', 0.1), ('regressor__regressor__max_depth', 10000), ('regressor__regressor__n_estimators', 50), ('regressor__regressor__n_jobs', -2)])




Best parameters: OrderedDict([('regressor__regressor__learning_rate', 0.1), ('regressor__regressor__max_depth', 10), ('regressor__regressor__n_estimators', 50), ('regressor__regressor__n_jobs', -2)])




Best parameters: OrderedDict([('regressor__regressor__learning_rate', 0.1), ('regressor__regressor__max_depth', 10), ('regressor__regressor__n_estimators', 460), ('regressor__regressor__n_jobs', -2)])




Best parameters: OrderedDict([('regressor__regressor__learning_rate', 0.1), ('regressor__regressor__max_depth', 10000), ('regressor__regressor__n_estimators', 2000), ('regressor__regressor__n_jobs', -2)])





OPTIMIZING HYPERPARAMETERS FOR REGRESSOR XGBR 	SEED: 420


Best parameters: OrderedDict([('regressor__regressor__learning_rate', 0.1), ('regressor__regressor__max_depth', 10000), ('regressor__regressor__n_estimators', 661), ('regressor__regressor__n_jobs', -2)])





OPTIMIZING HYPERPARAMETERS FOR REGRESSOR XGBR 	SEED: 420


Best parameters: OrderedDict([('regressor__regressor__learning_rate', 0.03917953958422965), ('regressor__regressor__max_depth', 10), ('regressor__regressor__n_estimators', 511), ('regressor__regressor__n_jobs', -2)])





OPTIMIZING HYPERPARAMETERS FOR REGRESSOR XGBR 	SEED: 420


Best parameters: OrderedDict([('regressor__regressor__learning_rate', 0.06771054211682617), ('regressor__regressor__max_depth', 10), ('regressor__regressor__n_estimators', 95), ('regressor__regressor__n_jobs', -2)])





OPTIMIZING HYPERPARAMETERS FOR REGRESSOR XGBR 	SEED: 420


Best parameters: OrderedDict([('regressor__regressor__learning_rate', 0.03770052924189587), ('regressor__regressor__max_depth', 549), ('regressor__regressor__n_estimators', 220), ('regressor__regressor__n_jobs', -2)])





OPTIMIZING HYPERPARAMETERS FOR REGRESSOR XGBR 	SEED: 420


Best parameters: OrderedDict([('regressor__regressor__learning_rate', 0.015706131438404755), ('regressor__regressor__max_depth', 10000), ('regressor__regressor__n_estimators', 347), ('regressor__regressor__n_jobs', -2)])





-------------------------------------------------- 
OPTIMIZING HYPERPARAMETERS FOR REGRESSOR XGBR 	SEED: 1234567890


Best parameters: OrderedDict([('regressor__regressor__learning_rate', 0.058258971091172826), ('regressor__regressor__max_depth', 10000), ('regressor__regressor__n_estimators', 50), ('regressor__regressor__n_jobs', -2)])




Best parameters: OrderedDict([('regressor__regressor__learning_rate', 0.1), ('regressor__regressor__max_depth', 10), ('regressor__regressor__n_estimators', 111), ('regressor__regressor__n_jobs', -2)])




Best parameters: OrderedDict([('regressor__regressor__learning_rate', 0.1), ('regressor__regressor__max_depth', 10), ('regressor__regressor__n_estimators', 50), ('regressor__regressor__n_jobs', -2)])




Best parameters: OrderedDict([('regressor__regressor__learning_rate', 0.07275701186032525), ('regressor__regressor__max_depth', 10), ('regressor__regressor__n_estimators', 693), ('regressor__regressor__n_jobs', -2)])




Best parameters: OrderedDict([('regressor__regressor__learning_rate', 0.07569909806793668), ('regressor__regressor__max_depth', 10000), ('regressor__regressor__n_estimators', 60), ('regressor__regressor__n_jobs', -2)])





OPTIMIZING HYPERPARAMETERS FOR REGRESSOR XGBR 	SEED: 1234567890


Best parameters: OrderedDict([('regressor__regressor__learning_rate', 0.02558158596437079), ('regressor__regressor__max_depth', 10), ('regressor__regressor__n_estimators', 284), ('regressor__regressor__n_jobs', -2)])





OPTIMIZING HYPERPARAMETERS FOR REGRESSOR XGBR 	SEED: 1234567890


Best parameters: OrderedDict([('regressor__regressor__learning_rate', 0.03130016558681144), ('regressor__regressor__max_depth', 10000), ('regressor__regressor__n_estimators', 2000), ('regressor__regressor__n_jobs', -2)])





OPTIMIZING HYPERPARAMETERS FOR REGRESSOR XGBR 	SEED: 1234567890


Best parameters: OrderedDict([('regressor__regressor__learning_rate', 0.1), ('regressor__regressor__max_depth', 10000), ('regressor__regressor__n_estimators', 2000), ('regressor__regressor__n_jobs', -2)])





OPTIMIZING HYPERPARAMETERS FOR REGRESSOR XGBR 	SEED: 1234567890


Best parameters: OrderedDict([('regressor__regressor__learning_rate', 0.06868270589362512), ('regressor__regressor__max_depth', 10000), ('regressor__regressor__n_estimators', 424), ('regressor__regressor__n_jobs', -2)])





OPTIMIZING HYPERPARAMETERS FOR REGRESSOR XGBR 	SEED: 1234567890


Best parameters: OrderedDict([('regressor__regressor__learning_rate', 0.014044590250285796), ('regressor__regressor__max_depth', 16), ('regressor__regressor__n_estimators', 849), ('regressor__regressor__n_jobs', -2)])





-------------------------------------------------- 
OPTIMIZING HYPERPARAMETERS FOR REGRESSOR XGBR 	SEED: 473129


Best parameters: OrderedDict([('regressor__regressor__learning_rate', 0.07321235977781763), ('regressor__regressor__max_depth', 8838), ('regressor__regressor__n_estimators', 292), ('regressor__regressor__n_jobs', -2)])




Best parameters: OrderedDict([('regressor__regressor__learning_rate', 0.010340274026684948), ('regressor__regressor__max_depth', 10000), ('regressor__regressor__n_estimators', 1717), ('regressor__regressor__n_jobs', -2)])




Best parameters: OrderedDict([('regressor__regressor__learning_rate', 0.07763554269360673), ('regressor__regressor__max_depth', 10), ('regressor__regressor__n_estimators', 2000), ('regressor__regressor__n_jobs', -2)])




Best parameters: OrderedDict([('regressor__regressor__learning_rate', 0.07119317578277017), ('regressor__regressor__max_depth', 10000), ('regressor__regressor__n_estimators', 50), ('regressor__regressor__n_jobs', -2)])




Best parameters: OrderedDict([('regressor__regressor__learning_rate', 0.06160505305109476), ('regressor__regressor__max_depth', 10), ('regressor__regressor__n_estimators', 106), ('regressor__regressor__n_jobs', -2)])





OPTIMIZING HYPERPARAMETERS FOR REGRESSOR XGBR 	SEED: 473129


Best parameters: OrderedDict([('regressor__regressor__learning_rate', 0.018596608299181056), ('regressor__regressor__max_depth', 15), ('regressor__regressor__n_estimators', 179), ('regressor__regressor__n_jobs', -2)])





OPTIMIZING HYPERPARAMETERS FOR REGRESSOR XGBR 	SEED: 473129


Best parameters: OrderedDict([('regressor__regressor__learning_rate', 0.06799551398100889), ('regressor__regressor__max_depth', 10000), ('regressor__regressor__n_estimators', 2000), ('regressor__regressor__n_jobs', -2)])





OPTIMIZING HYPERPARAMETERS FOR REGRESSOR XGBR 	SEED: 473129


Best parameters: OrderedDict([('regressor__regressor__learning_rate', 0.0045590396002638985), ('regressor__regressor__max_depth', 10), ('regressor__regressor__n_estimators', 639), ('regressor__regressor__n_jobs', -2)])





OPTIMIZING HYPERPARAMETERS FOR REGRESSOR XGBR 	SEED: 473129


Best parameters: OrderedDict([('regressor__regressor__learning_rate', 0.025110050741759458), ('regressor__regressor__max_depth', 19), ('regressor__regressor__n_estimators', 849), ('regressor__regressor__n_jobs', -2)])





OPTIMIZING HYPERPARAMETERS FOR REGRESSOR XGBR 	SEED: 473129


Best parameters: OrderedDict([('regressor__regressor__learning_rate', 0.06829616699094147), ('regressor__regressor__max_depth', 10), ('regressor__regressor__n_estimators', 74), ('regressor__regressor__n_jobs', -2)])


Filename: (Mordred-Xn-Mw-PDI-concentration-temperature-polymer dP-polymer dD-polymer dH-solvent dP-solvent dD-solvent dH)_XGBR_Standard
Done Saving scores!

------------------------------------------------------------
Sender: LSF System <lsfadmin@c021n03>
Subject: Job 210145: <XGBR_log Rg (nm)_Mordred_Trimer_HBD3 MACCS cluster_20250417> in cluster <Hazel> Done

Job <XGBR_log Rg (nm)_Mordred_Trimer_HBD3 MACCS cluster_20250417> was submitted from host <c010n01> by user <sdehgha2> in cluster <Hazel> at Thu Apr 17 18:40:27 2025
Job was executed on host(s) <6*c021n03>, in queue <single_chassis>, as user <sdehgha2> in cluster <Hazel> at Fri Apr 18 00:28:08 2025
</home/sdehgha2> was used as the home directory.
</share/ddomlab/sdehgha2/working-space/main/P1_pls-dataset/pls-dataset-space/PLS-Dataset/code_/training/hpc_submit_training_Rh> was used as the working directory.
Started at Fri Apr 18 00:28:08 2025
Terminated at Fri Apr 18 16:44:57 2025
Results reported at Fri Apr 18 16:44:57 2025

Your job looked like:

------------------------------------------------------------
# LSBATCH: User input



#BSUB -n 6
#BSUB -W 72:05
#BSUB -R span[hosts=1]
#BSUB -R "rusage[mem=16GB]"
#BSUB -J "XGBR_log Rg (nm)_Mordred_Trimer_HBD3 MACCS cluster_20250417"  
#BSUB -o "/share/ddomlab/sdehgha2/working-space/main/P1_pls-dataset/pls-dataset-space/PLS-Dataset/results/hpc_20250417/XGBR_log Rg (nm)_Mordred_Trimer_HBD3 MACCS cluster_20250417.out"
#BSUB -e "/share/ddomlab/sdehgha2/working-space/main/P1_pls-dataset/pls-dataset-space/PLS-Dataset/results/hpc_20250417/XGBR_log Rg (nm)_Mordred_Trimer_HBD3 MACCS cluster_20250417.err"

source ~/.bashrc
conda activate /usr/local/usrapps/ddomlab/sdehgha2/pls-dataset-env
python ../make_ood_prediction.py --target_features "log Rg (nm)"                                   --representation "Mordred"                                   --regressor_type "XGBR"                                   --oligomer_representation "Trimer"                                   --numerical_feats 'Xn' 'Mw (g/mol)' 'PDI' 'Concentration (mg/ml)' 'Temperature SANS/SLS/DLS/SEC (K)' "polymer dP" "polymer dD" "polymer dH" 'solvent dP' 'solvent dD' 'solvent dH'                                   --clustering_method "HBD3 MACCS cluster" 



------------------------------------------------------------

Successfully completed.

Resource usage summary:

    CPU time :                                   245611.00 sec.
    Max Memory :                                 7 GB
    Average Memory :                             6.58 GB
    Total Requested Memory :                     16.00 GB
    Delta Memory :                               9.00 GB
    Max Swap :                                   -
    Max Processes :                              38
    Max Threads :                                41
    Run time :                                   58609 sec.
    Turnaround time :                            79470 sec.

The output (if any) is above this job summary.



PS:

Read file </share/ddomlab/sdehgha2/working-space/main/P1_pls-dataset/pls-dataset-space/PLS-Dataset/results/hpc_20250417/XGBR_log Rg (nm)_Mordred_Trimer_HBD3 MACCS cluster_20250417.err> for stderr output of this job.

