Pipeline(steps=[('scaling features',
                 ColumnTransformer(remainder='passthrough',
                                   transformers=[('structural_scaling',
                                                  StandardScaler(),
                                                  ['RRU Dimer_MACCS_bit1',
                                                   'RRU Dimer_MACCS_bit2',
                                                   'RRU Dimer_MACCS_bit3',
                                                   'RRU Dimer_MACCS_bit4',
                                                   'RRU Dimer_MACCS_bit5',
                                                   'RRU Dimer_MACCS_bit6',
                                                   'RRU Dimer_MACCS_bit7',
                                                   'RRU Dimer_MACCS_bit8',
                                                   'RRU Dimer_MACCS_bit9',
                                                   'RRU Dimer_MACCS_bit10...
                                                   'RRU Dimer_MACCS_bit17',
                                                   'RRU Dimer_MACCS_bit18',
                                                   'RRU Dimer_MACCS_bit19',
                                                   'RRU Dimer_MACCS_bit20',
                                                   'RRU Dimer_MACCS_bit21',
                                                   'RRU Dimer_MACCS_bit22',
                                                   'RRU Dimer_MACCS_bit23',
                                                   'RRU Dimer_MACCS_bit24',
                                                   'RRU Dimer_MACCS_bit25',
                                                   'RRU Dimer_MACCS_bit26',
                                                   'RRU Dimer_MACCS_bit27',
                                                   'RRU Dimer_MACCS_bit28',
                                                   'RRU Dimer_MACCS_bit29',
                                                   'RRU Dimer_MACCS_bit30', ...])],
                                   verbose_feature_names_out=False))])



OPTIMIZING HYPERPARAMETERS FOR REGRESSOR XGBR 	SEED: 6


Best parameters: OrderedDict([('regressor__regressor__learning_rate', 0.021723169447991613), ('regressor__regressor__max_depth', 1230), ('regressor__regressor__n_estimators', 65), ('regressor__regressor__n_jobs', -2)])





OPTIMIZING HYPERPARAMETERS FOR REGRESSOR XGBR 	SEED: 6


Best parameters: OrderedDict([('regressor__regressor__learning_rate', 0.0020476762977461155), ('regressor__regressor__max_depth', 13), ('regressor__regressor__n_estimators', 659), ('regressor__regressor__n_jobs', -2)])





OPTIMIZING HYPERPARAMETERS FOR REGRESSOR XGBR 	SEED: 6


Best parameters: OrderedDict([('regressor__regressor__learning_rate', 0.001), ('regressor__regressor__max_depth', 10), ('regressor__regressor__n_estimators', 1160), ('regressor__regressor__n_jobs', -2)])





OPTIMIZING HYPERPARAMETERS FOR REGRESSOR XGBR 	SEED: 6


Best parameters: OrderedDict([('regressor__regressor__learning_rate', 0.007741975090705312), ('regressor__regressor__max_depth', 10000), ('regressor__regressor__n_estimators', 177), ('regressor__regressor__n_jobs', -2)])





OPTIMIZING HYPERPARAMETERS FOR REGRESSOR XGBR 	SEED: 6


Best parameters: OrderedDict([('regressor__regressor__learning_rate', 0.008221407657830226), ('regressor__regressor__max_depth', 10), ('regressor__regressor__n_estimators', 123), ('regressor__regressor__n_jobs', -2)])


Pipeline(steps=[('scaling features',
                 ColumnTransformer(remainder='passthrough',
                                   transformers=[('structural_scaling',
                                                  StandardScaler(),
                                                  ['RRU Dimer_MACCS_bit1',
                                                   'RRU Dimer_MACCS_bit2',
                                                   'RRU Dimer_MACCS_bit3',
                                                   'RRU Dimer_MACCS_bit4',
                                                   'RRU Dimer_MACCS_bit5',
                                                   'RRU Dimer_MACCS_bit6',
                                                   'RRU Dimer_MACCS_bit7',
                                                   'RRU Dimer_MACCS_bit8',
                                                   'RRU Dimer_MACCS_bit9',
                                                   'RRU Dimer_MACCS_bit10...
                                                   'RRU Dimer_MACCS_bit17',
                                                   'RRU Dimer_MACCS_bit18',
                                                   'RRU Dimer_MACCS_bit19',
                                                   'RRU Dimer_MACCS_bit20',
                                                   'RRU Dimer_MACCS_bit21',
                                                   'RRU Dimer_MACCS_bit22',
                                                   'RRU Dimer_MACCS_bit23',
                                                   'RRU Dimer_MACCS_bit24',
                                                   'RRU Dimer_MACCS_bit25',
                                                   'RRU Dimer_MACCS_bit26',
                                                   'RRU Dimer_MACCS_bit27',
                                                   'RRU Dimer_MACCS_bit28',
                                                   'RRU Dimer_MACCS_bit29',
                                                   'RRU Dimer_MACCS_bit30', ...])],
                                   verbose_feature_names_out=False))])



OPTIMIZING HYPERPARAMETERS FOR REGRESSOR XGBR 	SEED: 13


Best parameters: OrderedDict([('regressor__regressor__learning_rate', 0.014051009812098492), ('regressor__regressor__max_depth', 10), ('regressor__regressor__n_estimators', 50), ('regressor__regressor__n_jobs', -2)])





OPTIMIZING HYPERPARAMETERS FOR REGRESSOR XGBR 	SEED: 13


Best parameters: OrderedDict([('regressor__regressor__learning_rate', 0.001425792806073731), ('regressor__regressor__max_depth', 10000), ('regressor__regressor__n_estimators', 1236), ('regressor__regressor__n_jobs', -2)])





OPTIMIZING HYPERPARAMETERS FOR REGRESSOR XGBR 	SEED: 13


Best parameters: OrderedDict([('regressor__regressor__learning_rate', 0.014667380807979828), ('regressor__regressor__max_depth', 77), ('regressor__regressor__n_estimators', 110), ('regressor__regressor__n_jobs', -2)])





OPTIMIZING HYPERPARAMETERS FOR REGRESSOR XGBR 	SEED: 13


Best parameters: OrderedDict([('regressor__regressor__learning_rate', 0.015068901717412254), ('regressor__regressor__max_depth', 7493), ('regressor__regressor__n_estimators', 76), ('regressor__regressor__n_jobs', -2)])





OPTIMIZING HYPERPARAMETERS FOR REGRESSOR XGBR 	SEED: 13


Best parameters: OrderedDict([('regressor__regressor__learning_rate', 0.005915974979603644), ('regressor__regressor__max_depth', 10), ('regressor__regressor__n_estimators', 206), ('regressor__regressor__n_jobs', -2)])


Pipeline(steps=[('scaling features',
                 ColumnTransformer(remainder='passthrough',
                                   transformers=[('structural_scaling',
                                                  StandardScaler(),
                                                  ['RRU Dimer_MACCS_bit1',
                                                   'RRU Dimer_MACCS_bit2',
                                                   'RRU Dimer_MACCS_bit3',
                                                   'RRU Dimer_MACCS_bit4',
                                                   'RRU Dimer_MACCS_bit5',
                                                   'RRU Dimer_MACCS_bit6',
                                                   'RRU Dimer_MACCS_bit7',
                                                   'RRU Dimer_MACCS_bit8',
                                                   'RRU Dimer_MACCS_bit9',
                                                   'RRU Dimer_MACCS_bit10...
                                                   'RRU Dimer_MACCS_bit17',
                                                   'RRU Dimer_MACCS_bit18',
                                                   'RRU Dimer_MACCS_bit19',
                                                   'RRU Dimer_MACCS_bit20',
                                                   'RRU Dimer_MACCS_bit21',
                                                   'RRU Dimer_MACCS_bit22',
                                                   'RRU Dimer_MACCS_bit23',
                                                   'RRU Dimer_MACCS_bit24',
                                                   'RRU Dimer_MACCS_bit25',
                                                   'RRU Dimer_MACCS_bit26',
                                                   'RRU Dimer_MACCS_bit27',
                                                   'RRU Dimer_MACCS_bit28',
                                                   'RRU Dimer_MACCS_bit29',
                                                   'RRU Dimer_MACCS_bit30', ...])],
                                   verbose_feature_names_out=False))])



OPTIMIZING HYPERPARAMETERS FOR REGRESSOR XGBR 	SEED: 42


Best parameters: OrderedDict([('regressor__regressor__learning_rate', 0.001), ('regressor__regressor__max_depth', 10), ('regressor__regressor__n_estimators', 1252), ('regressor__regressor__n_jobs', -2)])





OPTIMIZING HYPERPARAMETERS FOR REGRESSOR XGBR 	SEED: 42


Best parameters: OrderedDict([('regressor__regressor__learning_rate', 0.001), ('regressor__regressor__max_depth', 10), ('regressor__regressor__n_estimators', 1561), ('regressor__regressor__n_jobs', -2)])





OPTIMIZING HYPERPARAMETERS FOR REGRESSOR XGBR 	SEED: 42


Best parameters: OrderedDict([('regressor__regressor__learning_rate', 0.005987897418080084), ('regressor__regressor__max_depth', 10), ('regressor__regressor__n_estimators', 266), ('regressor__regressor__n_jobs', -2)])





OPTIMIZING HYPERPARAMETERS FOR REGRESSOR XGBR 	SEED: 42


Best parameters: OrderedDict([('regressor__regressor__learning_rate', 0.016780295805089177), ('regressor__regressor__max_depth', 10000), ('regressor__regressor__n_estimators', 89), ('regressor__regressor__n_jobs', -2)])





OPTIMIZING HYPERPARAMETERS FOR REGRESSOR XGBR 	SEED: 42


Best parameters: OrderedDict([('regressor__regressor__learning_rate', 0.006280848051923326), ('regressor__regressor__max_depth', 10000), ('regressor__regressor__n_estimators', 245), ('regressor__regressor__n_jobs', -2)])


Pipeline(steps=[('scaling features',
                 ColumnTransformer(remainder='passthrough',
                                   transformers=[('structural_scaling',
                                                  StandardScaler(),
                                                  ['RRU Dimer_MACCS_bit1',
                                                   'RRU Dimer_MACCS_bit2',
                                                   'RRU Dimer_MACCS_bit3',
                                                   'RRU Dimer_MACCS_bit4',
                                                   'RRU Dimer_MACCS_bit5',
                                                   'RRU Dimer_MACCS_bit6',
                                                   'RRU Dimer_MACCS_bit7',
                                                   'RRU Dimer_MACCS_bit8',
                                                   'RRU Dimer_MACCS_bit9',
                                                   'RRU Dimer_MACCS_bit10...
                                                   'RRU Dimer_MACCS_bit17',
                                                   'RRU Dimer_MACCS_bit18',
                                                   'RRU Dimer_MACCS_bit19',
                                                   'RRU Dimer_MACCS_bit20',
                                                   'RRU Dimer_MACCS_bit21',
                                                   'RRU Dimer_MACCS_bit22',
                                                   'RRU Dimer_MACCS_bit23',
                                                   'RRU Dimer_MACCS_bit24',
                                                   'RRU Dimer_MACCS_bit25',
                                                   'RRU Dimer_MACCS_bit26',
                                                   'RRU Dimer_MACCS_bit27',
                                                   'RRU Dimer_MACCS_bit28',
                                                   'RRU Dimer_MACCS_bit29',
                                                   'RRU Dimer_MACCS_bit30', ...])],
                                   verbose_feature_names_out=False))])



OPTIMIZING HYPERPARAMETERS FOR REGRESSOR XGBR 	SEED: 69


Best parameters: OrderedDict([('regressor__regressor__learning_rate', 0.010132266152342948), ('regressor__regressor__max_depth', 10), ('regressor__regressor__n_estimators', 135), ('regressor__regressor__n_jobs', -2)])





OPTIMIZING HYPERPARAMETERS FOR REGRESSOR XGBR 	SEED: 69


Best parameters: OrderedDict([('regressor__regressor__learning_rate', 0.010118521265475173), ('regressor__regressor__max_depth', 10000), ('regressor__regressor__n_estimators', 137), ('regressor__regressor__n_jobs', -2)])





OPTIMIZING HYPERPARAMETERS FOR REGRESSOR XGBR 	SEED: 69


Best parameters: OrderedDict([('regressor__regressor__learning_rate', 0.006657523530367704), ('regressor__regressor__max_depth', 615), ('regressor__regressor__n_estimators', 187), ('regressor__regressor__n_jobs', -2)])





OPTIMIZING HYPERPARAMETERS FOR REGRESSOR XGBR 	SEED: 69


Best parameters: OrderedDict([('regressor__regressor__learning_rate', 0.0015418553455962374), ('regressor__regressor__max_depth', 10000), ('regressor__regressor__n_estimators', 681), ('regressor__regressor__n_jobs', -2)])





OPTIMIZING HYPERPARAMETERS FOR REGRESSOR XGBR 	SEED: 69


Best parameters: OrderedDict([('regressor__regressor__learning_rate', 0.01701594918129059), ('regressor__regressor__max_depth', 10), ('regressor__regressor__n_estimators', 82), ('regressor__regressor__n_jobs', -2)])


Pipeline(steps=[('scaling features',
                 ColumnTransformer(remainder='passthrough',
                                   transformers=[('structural_scaling',
                                                  StandardScaler(),
                                                  ['RRU Dimer_MACCS_bit1',
                                                   'RRU Dimer_MACCS_bit2',
                                                   'RRU Dimer_MACCS_bit3',
                                                   'RRU Dimer_MACCS_bit4',
                                                   'RRU Dimer_MACCS_bit5',
                                                   'RRU Dimer_MACCS_bit6',
                                                   'RRU Dimer_MACCS_bit7',
                                                   'RRU Dimer_MACCS_bit8',
                                                   'RRU Dimer_MACCS_bit9',
                                                   'RRU Dimer_MACCS_bit10...
                                                   'RRU Dimer_MACCS_bit17',
                                                   'RRU Dimer_MACCS_bit18',
                                                   'RRU Dimer_MACCS_bit19',
                                                   'RRU Dimer_MACCS_bit20',
                                                   'RRU Dimer_MACCS_bit21',
                                                   'RRU Dimer_MACCS_bit22',
                                                   'RRU Dimer_MACCS_bit23',
                                                   'RRU Dimer_MACCS_bit24',
                                                   'RRU Dimer_MACCS_bit25',
                                                   'RRU Dimer_MACCS_bit26',
                                                   'RRU Dimer_MACCS_bit27',
                                                   'RRU Dimer_MACCS_bit28',
                                                   'RRU Dimer_MACCS_bit29',
                                                   'RRU Dimer_MACCS_bit30', ...])],
                                   verbose_feature_names_out=False))])



OPTIMIZING HYPERPARAMETERS FOR REGRESSOR XGBR 	SEED: 420


Best parameters: OrderedDict([('regressor__regressor__learning_rate', 0.007770623513124136), ('regressor__regressor__max_depth', 10), ('regressor__regressor__n_estimators', 156), ('regressor__regressor__n_jobs', -2)])





OPTIMIZING HYPERPARAMETERS FOR REGRESSOR XGBR 	SEED: 420


Best parameters: OrderedDict([('regressor__regressor__learning_rate', 0.02085248668301295), ('regressor__regressor__max_depth', 10000), ('regressor__regressor__n_estimators', 50), ('regressor__regressor__n_jobs', -2)])





OPTIMIZING HYPERPARAMETERS FOR REGRESSOR XGBR 	SEED: 420


Best parameters: OrderedDict([('regressor__regressor__learning_rate', 0.0217276444965369), ('regressor__regressor__max_depth', 8536), ('regressor__regressor__n_estimators', 50), ('regressor__regressor__n_jobs', -2)])





OPTIMIZING HYPERPARAMETERS FOR REGRESSOR XGBR 	SEED: 420


Best parameters: OrderedDict([('regressor__regressor__learning_rate', 0.003965827862239477), ('regressor__regressor__max_depth', 10000), ('regressor__regressor__n_estimators', 314), ('regressor__regressor__n_jobs', -2)])





OPTIMIZING HYPERPARAMETERS FOR REGRESSOR XGBR 	SEED: 420


Best parameters: OrderedDict([('regressor__regressor__learning_rate', 0.001), ('regressor__regressor__max_depth', 1646), ('regressor__regressor__n_estimators', 978), ('regressor__regressor__n_jobs', -2)])


Pipeline(steps=[('scaling features',
                 ColumnTransformer(remainder='passthrough',
                                   transformers=[('structural_scaling',
                                                  StandardScaler(),
                                                  ['RRU Dimer_MACCS_bit1',
                                                   'RRU Dimer_MACCS_bit2',
                                                   'RRU Dimer_MACCS_bit3',
                                                   'RRU Dimer_MACCS_bit4',
                                                   'RRU Dimer_MACCS_bit5',
                                                   'RRU Dimer_MACCS_bit6',
                                                   'RRU Dimer_MACCS_bit7',
                                                   'RRU Dimer_MACCS_bit8',
                                                   'RRU Dimer_MACCS_bit9',
                                                   'RRU Dimer_MACCS_bit10...
                                                   'RRU Dimer_MACCS_bit17',
                                                   'RRU Dimer_MACCS_bit18',
                                                   'RRU Dimer_MACCS_bit19',
                                                   'RRU Dimer_MACCS_bit20',
                                                   'RRU Dimer_MACCS_bit21',
                                                   'RRU Dimer_MACCS_bit22',
                                                   'RRU Dimer_MACCS_bit23',
                                                   'RRU Dimer_MACCS_bit24',
                                                   'RRU Dimer_MACCS_bit25',
                                                   'RRU Dimer_MACCS_bit26',
                                                   'RRU Dimer_MACCS_bit27',
                                                   'RRU Dimer_MACCS_bit28',
                                                   'RRU Dimer_MACCS_bit29',
                                                   'RRU Dimer_MACCS_bit30', ...])],
                                   verbose_feature_names_out=False))])



OPTIMIZING HYPERPARAMETERS FOR REGRESSOR XGBR 	SEED: 1234567890


Best parameters: OrderedDict([('regressor__regressor__learning_rate', 0.0019006057337920086), ('regressor__regressor__max_depth', 6632), ('regressor__regressor__n_estimators', 898), ('regressor__regressor__n_jobs', -2)])





OPTIMIZING HYPERPARAMETERS FOR REGRESSOR XGBR 	SEED: 1234567890


Best parameters: OrderedDict([('regressor__regressor__learning_rate', 0.012808358152109043), ('regressor__regressor__max_depth', 10000), ('regressor__regressor__n_estimators', 57), ('regressor__regressor__n_jobs', -2)])





OPTIMIZING HYPERPARAMETERS FOR REGRESSOR XGBR 	SEED: 1234567890


Best parameters: OrderedDict([('regressor__regressor__learning_rate', 0.008150180086548832), ('regressor__regressor__max_depth', 10), ('regressor__regressor__n_estimators', 181), ('regressor__regressor__n_jobs', -2)])





OPTIMIZING HYPERPARAMETERS FOR REGRESSOR XGBR 	SEED: 1234567890


Best parameters: OrderedDict([('regressor__regressor__learning_rate', 0.012878152907927685), ('regressor__regressor__max_depth', 10000), ('regressor__regressor__n_estimators', 127), ('regressor__regressor__n_jobs', -2)])





OPTIMIZING HYPERPARAMETERS FOR REGRESSOR XGBR 	SEED: 1234567890


Best parameters: OrderedDict([('regressor__regressor__learning_rate', 0.020731721960549086), ('regressor__regressor__max_depth', 48), ('regressor__regressor__n_estimators', 50), ('regressor__regressor__n_jobs', -2)])


Pipeline(steps=[('scaling features',
                 ColumnTransformer(remainder='passthrough',
                                   transformers=[('structural_scaling',
                                                  StandardScaler(),
                                                  ['RRU Dimer_MACCS_bit1',
                                                   'RRU Dimer_MACCS_bit2',
                                                   'RRU Dimer_MACCS_bit3',
                                                   'RRU Dimer_MACCS_bit4',
                                                   'RRU Dimer_MACCS_bit5',
                                                   'RRU Dimer_MACCS_bit6',
                                                   'RRU Dimer_MACCS_bit7',
                                                   'RRU Dimer_MACCS_bit8',
                                                   'RRU Dimer_MACCS_bit9',
                                                   'RRU Dimer_MACCS_bit10...
                                                   'RRU Dimer_MACCS_bit17',
                                                   'RRU Dimer_MACCS_bit18',
                                                   'RRU Dimer_MACCS_bit19',
                                                   'RRU Dimer_MACCS_bit20',
                                                   'RRU Dimer_MACCS_bit21',
                                                   'RRU Dimer_MACCS_bit22',
                                                   'RRU Dimer_MACCS_bit23',
                                                   'RRU Dimer_MACCS_bit24',
                                                   'RRU Dimer_MACCS_bit25',
                                                   'RRU Dimer_MACCS_bit26',
                                                   'RRU Dimer_MACCS_bit27',
                                                   'RRU Dimer_MACCS_bit28',
                                                   'RRU Dimer_MACCS_bit29',
                                                   'RRU Dimer_MACCS_bit30', ...])],
                                   verbose_feature_names_out=False))])



OPTIMIZING HYPERPARAMETERS FOR REGRESSOR XGBR 	SEED: 473129


Best parameters: OrderedDict([('regressor__regressor__learning_rate', 0.0017567758131073195), ('regressor__regressor__max_depth', 10000), ('regressor__regressor__n_estimators', 670), ('regressor__regressor__n_jobs', -2)])





OPTIMIZING HYPERPARAMETERS FOR REGRESSOR XGBR 	SEED: 473129


Best parameters: OrderedDict([('regressor__regressor__learning_rate', 0.020535541515284934), ('regressor__regressor__max_depth', 10000), ('regressor__regressor__n_estimators', 62), ('regressor__regressor__n_jobs', -2)])





OPTIMIZING HYPERPARAMETERS FOR REGRESSOR XGBR 	SEED: 473129


Best parameters: OrderedDict([('regressor__regressor__learning_rate', 0.0013956182105075013), ('regressor__regressor__max_depth', 10), ('regressor__regressor__n_estimators', 1096), ('regressor__regressor__n_jobs', -2)])





OPTIMIZING HYPERPARAMETERS FOR REGRESSOR XGBR 	SEED: 473129


Best parameters: OrderedDict([('regressor__regressor__learning_rate', 0.01979415637801275), ('regressor__regressor__max_depth', 19), ('regressor__regressor__n_estimators', 50), ('regressor__regressor__n_jobs', -2)])





OPTIMIZING HYPERPARAMETERS FOR REGRESSOR XGBR 	SEED: 473129


Best parameters: OrderedDict([('regressor__regressor__learning_rate', 0.00855808125866022), ('regressor__regressor__max_depth', 10), ('regressor__regressor__n_estimators', 143), ('regressor__regressor__n_jobs', -2)])


Average scores:	 r: 0.26±0.09	 r2: 0.04±0.07
RRU Dimer
Filename: (MACCS)_XGBR_Standard
/gpfs_common/share03/ddomlab/sdehgha2/working-space/main/P1_pls-dataset/pls-dataset-space/PLS-Dataset/results/target_log First Peak (e-5 place holder)/RRU Dimer/(MACCS)_XGBR_Standard_scores.json
/gpfs_common/share03/ddomlab/sdehgha2/working-space/main/P1_pls-dataset/pls-dataset-space/PLS-Dataset/results/target_log First Peak (e-5 place holder)/RRU Dimer/(MACCS)_XGBR_Standard_predictions.csv
/gpfs_common/share03/ddomlab/sdehgha2/working-space/main/P1_pls-dataset/pls-dataset-space/PLS-Dataset/results/target_log First Peak (e-5 place holder)/RRU Dimer/(MACCS)_XGBR_Standard_shape.json
Done Saving scores!

------------------------------------------------------------
Sender: LSF System <lsfadmin@c020n03>
Subject: Job 491919: <MACCS_XGBR_RRU Dimer_log First Peak (e-5 place holder)_20250204> in cluster <Hazel> Done

Job <MACCS_XGBR_RRU Dimer_log First Peak (e-5 place holder)_20250204> was submitted from host <c027n01> by user <sdehgha2> in cluster <Hazel> at Tue Feb  4 13:37:22 2025
Job was executed on host(s) <6*c020n03>, in queue <single_chassis>, as user <sdehgha2> in cluster <Hazel> at Tue Feb  4 13:38:03 2025
</home/sdehgha2> was used as the home directory.
</share/ddomlab/sdehgha2/working-space/main/P1_pls-dataset/pls-dataset-space/PLS-Dataset/code_/training/hpc_submit_training_Rh> was used as the working directory.
Started at Tue Feb  4 13:38:03 2025
Terminated at Tue Feb  4 14:08:14 2025
Results reported at Tue Feb  4 14:08:14 2025

Your job looked like:

------------------------------------------------------------
# LSBATCH: User input
          
#BSUB -n 6
#BSUB -W 40:01
#BSUB -R span[hosts=1]
#BSUB -R "rusage[mem=16GB]"
#BSUB -J "MACCS_XGBR_RRU Dimer_log First Peak (e-5 place holder)_20250204"  
#BSUB -o "/share/ddomlab/sdehgha2/working-space/main/P1_pls-dataset/pls-dataset-space/PLS-Dataset/results/hpc_20250204/MACCS_XGBR_RRU Dimer_log First Peak (e-5 place holder)_20250204.out"
#BSUB -e "/share/ddomlab/sdehgha2/working-space/main/P1_pls-dataset/pls-dataset-space/PLS-Dataset/results/hpc_20250204/MACCS_XGBR_RRU Dimer_log First Peak (e-5 place holder)_20250204.err"

source ~/.bashrc
conda activate /usr/local/usrapps/ddomlab/sdehgha2/pls-dataset-env
python ../train_structure_only.py --target_features "log First Peak (e-5 place holder)"                                   --representation "MACCS"                                   --regressor_type "XGBR"                                   --oligomer_representation "RRU Dimer" 

------------------------------------------------------------

Successfully completed.

Resource usage summary:

    CPU time :                                   4650.52 sec.
    Max Memory :                                 4 GB
    Average Memory :                             3.42 GB
    Total Requested Memory :                     16.00 GB
    Delta Memory :                               12.00 GB
    Max Swap :                                   -
    Max Processes :                              38
    Max Threads :                                41
    Run time :                                   1814 sec.
    Turnaround time :                            1852 sec.

The output (if any) is above this job summary.



PS:

Read file </share/ddomlab/sdehgha2/working-space/main/P1_pls-dataset/pls-dataset-space/PLS-Dataset/results/hpc_20250204/MACCS_XGBR_RRU Dimer_log First Peak (e-5 place holder)_20250204.err> for stderr output of this job.

