/usr/local/usrapps/ddomlab/sdehgha2/pls-dataset-env/lib/python3.10/site-packages/skopt/optimizer/optimizer.py:517: UserWarning: The objective has been evaluated at point [0.1, 1, 2000, True, 0.001, False] before, using random point [3.0839027332774865e-05, 1, 401, True, 6.28384446838883e-05, False]
  warnings.warn(
/usr/local/usrapps/ddomlab/sdehgha2/pls-dataset-env/lib/python3.10/site-packages/skopt/optimizer/optimizer.py:517: UserWarning: The objective has been evaluated at point [0.1, 1, 2000, True, 0.001, False] before, using random point [1.2680969416365802e-06, 1, 79, True, 2.6351043389728523e-06, False]
  warnings.warn(
/usr/local/usrapps/ddomlab/sdehgha2/pls-dataset-env/lib/python3.10/site-packages/skopt/optimizer/optimizer.py:517: UserWarning: The objective has been evaluated at point [0.1, 1, 2000, True, 0.001, False] before, using random point [0.004970661315675887, 1, 105, True, 0.00043845552559097567, False]
  warnings.warn(
/usr/local/usrapps/ddomlab/sdehgha2/pls-dataset-env/lib/python3.10/site-packages/skopt/optimizer/optimizer.py:517: UserWarning: The objective has been evaluated at point [0.1, 1, 2000, True, 0.001, False] before, using random point [2.0849510031665036e-06, 1, 68, True, 2.250491521285756e-06, False]
  warnings.warn(
/usr/local/usrapps/ddomlab/sdehgha2/pls-dataset-env/lib/python3.10/site-packages/skopt/optimizer/optimizer.py:517: UserWarning: The objective has been evaluated at point [0.1, 1, 2000, True, 0.001, False] before, using random point [3.5657531170827206e-05, 1, 1007, True, 0.0003862157613264864, False]
  warnings.warn(
/usr/local/usrapps/ddomlab/sdehgha2/pls-dataset-env/lib/python3.10/site-packages/skopt/optimizer/optimizer.py:517: UserWarning: The objective has been evaluated at point [0.1, 1, 2000, True, 0.001, False] before, using random point [9.795439076590115e-05, 1, 138, True, 0.0005340531932464406, False]
  warnings.warn(
/usr/local/usrapps/ddomlab/sdehgha2/pls-dataset-env/lib/python3.10/site-packages/skopt/optimizer/optimizer.py:517: UserWarning: The objective has been evaluated at point [0.1, 1, 2000, True, 0.001, False] before, using random point [0.00010875686960439624, 1, 538, True, 4.994029470894879e-05, False]
  warnings.warn(
/usr/local/usrapps/ddomlab/sdehgha2/pls-dataset-env/lib/python3.10/site-packages/skopt/optimizer/optimizer.py:517: UserWarning: The objective has been evaluated at point [0.1, 1, 2000, True, 0.001, False] before, using random point [1.3353589376733293e-06, 1, 183, True, 5.34245603459432e-06, False]
  warnings.warn(
/usr/local/usrapps/ddomlab/sdehgha2/pls-dataset-env/lib/python3.10/site-packages/skopt/optimizer/optimizer.py:517: UserWarning: The objective has been evaluated at point [0.1, 1, 2000, True, 0.001, False] before, using random point [8.474072741355268e-06, 1, 105, True, 5.042819965747978e-05, False]
  warnings.warn(
/usr/local/usrapps/ddomlab/sdehgha2/pls-dataset-env/lib/python3.10/site-packages/skopt/optimizer/optimizer.py:517: UserWarning: The objective has been evaluated at point [0.1, 1, 2000, True, 0.001, False] before, using random point [0.010671498162805581, 1, 1231, True, 3.5713241738094106e-06, False]
  warnings.warn(
/usr/local/usrapps/ddomlab/sdehgha2/pls-dataset-env/lib/python3.10/site-packages/skopt/optimizer/optimizer.py:517: UserWarning: The objective has been evaluated at point [0.1, 1, 2000, True, 0.001, False] before, using random point [2.1545262719689473e-05, 1, 232, True, 3.0210021352648518e-05, False]
  warnings.warn(
/usr/local/usrapps/ddomlab/sdehgha2/pls-dataset-env/lib/python3.10/site-packages/skopt/optimizer/optimizer.py:517: UserWarning: The objective has been evaluated at point [0.1, 1, 2000, True, 0.001, False] before, using random point [2.445564703131116e-06, 1, 853, True, 2.0286955790567503e-06, False]
  warnings.warn(
/usr/local/usrapps/ddomlab/sdehgha2/pls-dataset-env/lib/python3.10/site-packages/skopt/optimizer/optimizer.py:517: UserWarning: The objective has been evaluated at point [0.1, 1, 2000, True, 0.001, False] before, using random point [0.010198864816959377, 1, 1358, True, 1.1834329115877803e-06, False]
  warnings.warn(
/usr/local/usrapps/ddomlab/sdehgha2/pls-dataset-env/lib/python3.10/site-packages/skopt/optimizer/optimizer.py:517: UserWarning: The objective has been evaluated at point [0.1, 1, 2000, True, 0.001, False] before, using random point [7.122328318298664e-05, 1, 108, True, 0.0009111911212590682, False]
  warnings.warn(
/usr/local/usrapps/ddomlab/sdehgha2/pls-dataset-env/lib/python3.10/site-packages/skopt/optimizer/optimizer.py:517: UserWarning: The objective has been evaluated at point [0.1, 1, 2000, True, 0.001, False] before, using random point [0.07783117565097246, 1, 99, True, 0.00010434300958697912, False]
  warnings.warn(
/usr/local/usrapps/ddomlab/sdehgha2/pls-dataset-env/lib/python3.10/site-packages/skopt/optimizer/optimizer.py:517: UserWarning: The objective has been evaluated at point [0.1, 1, 2000, True, 0.001, False] before, using random point [3.07025124510427e-05, 1, 663, True, 1.8962270538309703e-05, False]
  warnings.warn(
/usr/local/usrapps/ddomlab/sdehgha2/pls-dataset-env/lib/python3.10/site-packages/skopt/optimizer/optimizer.py:517: UserWarning: The objective has been evaluated at point [0.1, 1, 2000, True, 0.001, False] before, using random point [0.01787595046820234, 1, 954, True, 8.105813565041927e-06, False]
  warnings.warn(
/usr/local/usrapps/ddomlab/sdehgha2/pls-dataset-env/lib/python3.10/site-packages/skopt/optimizer/optimizer.py:517: UserWarning: The objective has been evaluated at point [0.1, 1, 2000, True, 0.001, False] before, using random point [0.002531148653803823, 1, 692, True, 4.2443589952143866e-05, False]
  warnings.warn(
/usr/local/usrapps/ddomlab/sdehgha2/pls-dataset-env/lib/python3.10/site-packages/skopt/optimizer/optimizer.py:517: UserWarning: The objective has been evaluated at point [0.1, 1, 2000, True, 0.001, False] before, using random point [2.4734919728321406e-06, 1, 499, True, 0.0009811565599764321, False]
  warnings.warn(
/usr/local/usrapps/ddomlab/sdehgha2/pls-dataset-env/lib/python3.10/site-packages/skopt/optimizer/optimizer.py:517: UserWarning: The objective has been evaluated at point [0.1, 1, 2000, True, 0.001, False] before, using random point [0.0006194936743221789, 1, 1212, True, 0.00017439426632726514, False]
  warnings.warn(
/usr/local/usrapps/ddomlab/sdehgha2/pls-dataset-env/lib/python3.10/site-packages/skopt/optimizer/optimizer.py:517: UserWarning: The objective has been evaluated at point [0.1, 1, 2000, True, 0.001, False] before, using random point [0.020567129316255803, 1, 1334, True, 5.528274697107728e-06, False]
  warnings.warn(
/usr/local/usrapps/ddomlab/sdehgha2/pls-dataset-env/lib/python3.10/site-packages/skopt/optimizer/optimizer.py:517: UserWarning: The objective has been evaluated at point [0.1, 1, 2000, True, 0.001, False] before, using random point [1.4479998544748523e-05, 1, 1418, True, 8.24634810875749e-05, False]
  warnings.warn(
/usr/local/usrapps/ddomlab/sdehgha2/pls-dataset-env/lib/python3.10/site-packages/skopt/optimizer/optimizer.py:517: UserWarning: The objective has been evaluated at point [0.1, 1, 2000, True, 0.001, False] before, using random point [9.800966845723854e-05, 1, 1054, True, 0.0005544660361873193, False]
  warnings.warn(
/usr/local/usrapps/ddomlab/sdehgha2/pls-dataset-env/lib/python3.10/site-packages/skopt/optimizer/optimizer.py:517: UserWarning: The objective has been evaluated at point [0.1, 1, 2000, True, 0.001, False] before, using random point [8.110113710188326e-06, 1, 92, True, 5.178566368255941e-06, False]
  warnings.warn(
/usr/local/usrapps/ddomlab/sdehgha2/pls-dataset-env/lib/python3.10/site-packages/skopt/optimizer/optimizer.py:517: UserWarning: The objective has been evaluated at point [0.1, 1, 2000, True, 0.001, False] before, using random point [2.0849510031665036e-06, 1, 68, True, 2.250491521285756e-06, False]
  warnings.warn(
/usr/local/usrapps/ddomlab/sdehgha2/pls-dataset-env/lib/python3.10/site-packages/skopt/optimizer/optimizer.py:517: UserWarning: The objective has been evaluated at point [0.1, 1, 2000, True, 0.001, False] before, using random point [3.5657531170827206e-05, 1, 1007, True, 0.0003862157613264864, False]
  warnings.warn(
/usr/local/usrapps/ddomlab/sdehgha2/pls-dataset-env/lib/python3.10/site-packages/skopt/optimizer/optimizer.py:517: UserWarning: The objective has been evaluated at point [0.1, 1, 2000, True, 0.001, False] before, using random point [9.795439076590115e-05, 1, 138, True, 0.0005340531932464406, False]
  warnings.warn(
/usr/local/usrapps/ddomlab/sdehgha2/pls-dataset-env/lib/python3.10/site-packages/skopt/optimizer/optimizer.py:517: UserWarning: The objective has been evaluated at point [0.1, 1, 2000, True, 0.001, False] before, using random point [0.00010875686960439624, 1, 538, True, 4.994029470894879e-05, False]
  warnings.warn(
/usr/local/usrapps/ddomlab/sdehgha2/pls-dataset-env/lib/python3.10/site-packages/skopt/optimizer/optimizer.py:517: UserWarning: The objective has been evaluated at point [0.1, 1, 2000, True, 0.001, False] before, using random point [8.474072741355268e-06, 1, 105, True, 5.042819965747978e-05, False]
  warnings.warn(
/usr/local/usrapps/ddomlab/sdehgha2/pls-dataset-env/lib/python3.10/site-packages/skopt/optimizer/optimizer.py:517: UserWarning: The objective has been evaluated at point [0.1, 1, 2000, True, 0.001, False] before, using random point [0.010671498162805581, 1, 1231, True, 3.5713241738094106e-06, False]
  warnings.warn(
/usr/local/usrapps/ddomlab/sdehgha2/pls-dataset-env/lib/python3.10/site-packages/skopt/optimizer/optimizer.py:517: UserWarning: The objective has been evaluated at point [0.1, 1, 2000, True, 0.001, False] before, using random point [2.1545262719689473e-05, 1, 232, True, 3.0210021352648518e-05, False]
  warnings.warn(
/usr/local/usrapps/ddomlab/sdehgha2/pls-dataset-env/lib/python3.10/site-packages/skopt/optimizer/optimizer.py:517: UserWarning: The objective has been evaluated at point [0.1, 1, 2000, True, 0.001, False] before, using random point [0.010198864816959377, 1, 1358, True, 1.1834329115877803e-06, False]
  warnings.warn(
/usr/local/usrapps/ddomlab/sdehgha2/pls-dataset-env/lib/python3.10/site-packages/skopt/optimizer/optimizer.py:517: UserWarning: The objective has been evaluated at point [0.1, 1, 2000, True, 0.001, False] before, using random point [7.122328318298664e-05, 1, 108, True, 0.0009111911212590682, False]
  warnings.warn(
/usr/local/usrapps/ddomlab/sdehgha2/pls-dataset-env/lib/python3.10/site-packages/skopt/optimizer/optimizer.py:517: UserWarning: The objective has been evaluated at point [0.1, 1, 2000, True, 0.001, False] before, using random point [0.07783117565097246, 1, 99, True, 0.00010434300958697912, False]
  warnings.warn(
/usr/local/usrapps/ddomlab/sdehgha2/pls-dataset-env/lib/python3.10/site-packages/skopt/optimizer/optimizer.py:517: UserWarning: The objective has been evaluated at point [0.1, 1, 2000, True, 0.001, False] before, using random point [3.07025124510427e-05, 1, 663, True, 1.8962270538309703e-05, False]
  warnings.warn(
/usr/local/usrapps/ddomlab/sdehgha2/pls-dataset-env/lib/python3.10/site-packages/skopt/optimizer/optimizer.py:517: UserWarning: The objective has been evaluated at point [0.1, 1, 2000, True, 0.001, False] before, using random point [0.01787595046820234, 1, 954, True, 8.105813565041927e-06, False]
  warnings.warn(
/usr/local/usrapps/ddomlab/sdehgha2/pls-dataset-env/lib/python3.10/site-packages/skopt/optimizer/optimizer.py:517: UserWarning: The objective has been evaluated at point [0.1, 1, 2000, True, 0.001, False] before, using random point [0.013993655687877823, 1, 1429, True, 1.928608206438564e-05, False]
  warnings.warn(
/usr/local/usrapps/ddomlab/sdehgha2/pls-dataset-env/lib/python3.10/site-packages/skopt/optimizer/optimizer.py:517: UserWarning: The objective has been evaluated at point [0.1, 1, 2000, True, 0.001, False] before, using random point [0.002531148653803823, 1, 692, True, 4.2443589952143866e-05, False]
  warnings.warn(
/usr/local/usrapps/ddomlab/sdehgha2/pls-dataset-env/lib/python3.10/site-packages/skopt/optimizer/optimizer.py:517: UserWarning: The objective has been evaluated at point [0.1, 1, 2000, True, 0.001, False] before, using random point [2.4734919728321406e-06, 1, 499, True, 0.0009811565599764321, False]
  warnings.warn(
/usr/local/usrapps/ddomlab/sdehgha2/pls-dataset-env/lib/python3.10/site-packages/skopt/optimizer/optimizer.py:517: UserWarning: The objective has been evaluated at point [0.1, 1, 2000, True, 0.001, False] before, using random point [0.0006194936743221789, 1, 1212, True, 0.00017439426632726514, False]
  warnings.warn(
/usr/local/usrapps/ddomlab/sdehgha2/pls-dataset-env/lib/python3.10/site-packages/skopt/optimizer/optimizer.py:517: UserWarning: The objective has been evaluated at point [0.1, 1, 2000, True, 0.001, False] before, using random point [0.020567129316255803, 1, 1334, True, 5.528274697107728e-06, False]
  warnings.warn(
/usr/local/usrapps/ddomlab/sdehgha2/pls-dataset-env/lib/python3.10/site-packages/skopt/optimizer/optimizer.py:517: UserWarning: The objective has been evaluated at point [0.1, 1, 2000, True, 0.001, False] before, using random point [1.4479998544748523e-05, 1, 1418, True, 8.24634810875749e-05, False]
  warnings.warn(
/usr/local/usrapps/ddomlab/sdehgha2/pls-dataset-env/lib/python3.10/site-packages/skopt/optimizer/optimizer.py:517: UserWarning: The objective has been evaluated at point [0.1, 1, 50, True, 1e-06, False] before, using random point [0.0002982211540436284, 1, 328, True, 0.00027437936104804844, False]
  warnings.warn(
/usr/local/usrapps/ddomlab/sdehgha2/pls-dataset-env/lib/python3.10/site-packages/skopt/optimizer/optimizer.py:517: UserWarning: The objective has been evaluated at point [0.1, 1, 2000, True, 1e-06, False] before, using random point [0.005954035373266533, 1, 356, True, 2.0428651475198124e-05, False]
  warnings.warn(
/usr/local/usrapps/ddomlab/sdehgha2/pls-dataset-env/lib/python3.10/site-packages/skopt/optimizer/optimizer.py:517: UserWarning: The objective has been evaluated at point [0.1, 1, 2000, True, 1e-06, False] before, using random point [6.08942057011188e-05, 1, 134, True, 3.3087287096102835e-05, False]
  warnings.warn(
/usr/local/usrapps/ddomlab/sdehgha2/pls-dataset-env/lib/python3.10/site-packages/skopt/optimizer/optimizer.py:517: UserWarning: The objective has been evaluated at point [0.1, 1, 2000, True, 1e-06, False] before, using random point [6.798378699012972e-05, 1, 288, True, 3.9771781735441875e-06, False]
  warnings.warn(
/usr/local/usrapps/ddomlab/sdehgha2/pls-dataset-env/lib/python3.10/site-packages/skopt/optimizer/optimizer.py:517: UserWarning: The objective has been evaluated at point [0.1, 1, 2000, True, 1e-06, False] before, using random point [3.1685475999122495e-05, 1, 619, True, 1.0923262269025822e-06, False]
  warnings.warn(
/usr/local/usrapps/ddomlab/sdehgha2/pls-dataset-env/lib/python3.10/site-packages/skopt/optimizer/optimizer.py:517: UserWarning: The objective has been evaluated at point [0.1, 1, 2000, True, 1e-06, False] before, using random point [6.80362953860238e-05, 1, 514, True, 0.0004228998434568543, False]
  warnings.warn(
/usr/local/usrapps/ddomlab/sdehgha2/pls-dataset-env/lib/python3.10/site-packages/skopt/optimizer/optimizer.py:517: UserWarning: The objective has been evaluated at point [0.1, 1, 2000, True, 1e-06, False] before, using random point [0.02503753973221498, 1, 443, True, 3.107900662804562e-05, False]
  warnings.warn(
/usr/local/usrapps/ddomlab/sdehgha2/pls-dataset-env/lib/python3.10/site-packages/skopt/optimizer/optimizer.py:517: UserWarning: The objective has been evaluated at point [0.1, 1, 2000, True, 1e-06, False] before, using random point [0.00861897916405431, 1, 550, True, 0.00011143108075428802, False]
  warnings.warn(
/usr/local/usrapps/ddomlab/sdehgha2/pls-dataset-env/lib/python3.10/site-packages/skopt/optimizer/optimizer.py:517: UserWarning: The objective has been evaluated at point [0.1, 1, 2000, True, 1e-06, False] before, using random point [3.292274166606375e-05, 1, 50, True, 3.781567176273045e-06, False]
  warnings.warn(
/usr/local/usrapps/ddomlab/sdehgha2/pls-dataset-env/lib/python3.10/site-packages/skopt/optimizer/optimizer.py:517: UserWarning: The objective has been evaluated at point [0.1, 1, 2000, True, 1e-06, False] before, using random point [7.274330192857534e-06, 1, 153, True, 1.3293741140366073e-06, False]
  warnings.warn(
/usr/local/usrapps/ddomlab/sdehgha2/pls-dataset-env/lib/python3.10/site-packages/skopt/optimizer/optimizer.py:517: UserWarning: The objective has been evaluated at point [0.1, 1, 2000, True, 1e-06, False] before, using random point [0.0006754299045176502, 1, 1616, True, 7.412175393652903e-05, False]
  warnings.warn(
/usr/local/usrapps/ddomlab/sdehgha2/pls-dataset-env/lib/python3.10/site-packages/skopt/optimizer/optimizer.py:517: UserWarning: The objective has been evaluated at point [0.1, 1, 50, True, 0.001, False] before, using random point [0.0007953232689760447, 1, 898, True, 8.795381756938975e-05, False]
  warnings.warn(
/usr/local/usrapps/ddomlab/sdehgha2/pls-dataset-env/lib/python3.10/site-packages/skopt/optimizer/optimizer.py:517: UserWarning: The objective has been evaluated at point [0.1, 1, 2000, True, 0.001, False] before, using random point [0.00011691119534931175, 1, 229, True, 1.6940017313185249e-06, False]
  warnings.warn(
/usr/local/usrapps/ddomlab/sdehgha2/pls-dataset-env/lib/python3.10/site-packages/skopt/optimizer/optimizer.py:517: UserWarning: The objective has been evaluated at point [0.1, 1, 2000, True, 0.001, False] before, using random point [0.050395351871015556, 1, 110, True, 0.0001603874860154403, False]
  warnings.warn(
/usr/local/usrapps/ddomlab/sdehgha2/pls-dataset-env/lib/python3.10/site-packages/skopt/optimizer/optimizer.py:517: UserWarning: The objective has been evaluated at point [0.1, 1, 2000, True, 1e-06, False] before, using random point [2.322120951020299e-05, 1, 56, True, 0.0004780903191757549, False]
  warnings.warn(
/usr/local/usrapps/ddomlab/sdehgha2/pls-dataset-env/lib/python3.10/site-packages/skopt/optimizer/optimizer.py:517: UserWarning: The objective has been evaluated at point [0.1, 1, 2000, True, 0.001, False] before, using random point [0.0017632402521137686, 1, 453, True, 1.388643157934168e-05, False]
  warnings.warn(
/usr/local/usrapps/ddomlab/sdehgha2/pls-dataset-env/lib/python3.10/site-packages/skopt/optimizer/optimizer.py:517: UserWarning: The objective has been evaluated at point [0.1, 1, 2000, True, 1e-06, False] before, using random point [6.0335373993697926e-05, 1, 1192, True, 1.273696027351947e-06, False]
  warnings.warn(
/usr/local/usrapps/ddomlab/sdehgha2/pls-dataset-env/lib/python3.10/site-packages/skopt/optimizer/optimizer.py:517: UserWarning: The objective has been evaluated at point [0.1, 1, 2000, True, 0.001, False] before, using random point [0.00012240495503067667, 1, 732, True, 2.25543475039779e-05, False]
  warnings.warn(
/usr/local/usrapps/ddomlab/sdehgha2/pls-dataset-env/lib/python3.10/site-packages/skopt/optimizer/optimizer.py:517: UserWarning: The objective has been evaluated at point [0.1, 1, 2000, True, 1e-06, False] before, using random point [1.596999115992714e-05, 1, 749, True, 0.0003875665015350085, False]
  warnings.warn(
/usr/local/usrapps/ddomlab/sdehgha2/pls-dataset-env/lib/python3.10/site-packages/skopt/optimizer/optimizer.py:517: UserWarning: The objective has been evaluated at point [0.1, 1, 2000, True, 0.001, False] before, using random point [0.005612389633000273, 1, 267, True, 9.474005269227448e-06, False]
  warnings.warn(
/usr/local/usrapps/ddomlab/sdehgha2/pls-dataset-env/lib/python3.10/site-packages/skopt/optimizer/optimizer.py:517: UserWarning: The objective has been evaluated at point [0.1, 1, 2000, True, 0.001, False] before, using random point [0.059050213257029714, 1, 223, True, 7.63633516790953e-06, False]
  warnings.warn(
/usr/local/usrapps/ddomlab/sdehgha2/pls-dataset-env/lib/python3.10/site-packages/skopt/optimizer/optimizer.py:517: UserWarning: The objective has been evaluated at point [0.1, 1, 2000, True, 0.001, False] before, using random point [0.03755867364087298, 1, 375, True, 9.769521698674441e-06, False]
  warnings.warn(
/usr/local/usrapps/ddomlab/sdehgha2/pls-dataset-env/lib/python3.10/site-packages/skopt/optimizer/optimizer.py:517: UserWarning: The objective has been evaluated at point [0.1, 1, 2000, True, 1e-06, False] before, using random point [5.2544633032610845e-05, 1, 1472, True, 4.816843602887947e-06, False]
  warnings.warn(
/usr/local/usrapps/ddomlab/sdehgha2/pls-dataset-env/lib/python3.10/site-packages/skopt/optimizer/optimizer.py:517: UserWarning: The objective has been evaluated at point [0.1, 1, 2000, True, 1e-06, False] before, using random point [0.000511443551774412, 1, 1673, True, 1.0625517653736443e-06, False]
  warnings.warn(
/usr/local/usrapps/ddomlab/sdehgha2/pls-dataset-env/lib/python3.10/site-packages/skopt/optimizer/optimizer.py:517: UserWarning: The objective has been evaluated at point [0.1, 1, 2000, True, 1e-06, False] before, using random point [0.005612389633000273, 1, 267, True, 9.474005269227448e-06, False]
  warnings.warn(
/usr/local/usrapps/ddomlab/sdehgha2/pls-dataset-env/lib/python3.10/site-packages/skopt/optimizer/optimizer.py:517: UserWarning: The objective has been evaluated at point [0.1, 1, 2000, True, 1e-06, False] before, using random point [0.03755867364087298, 1, 375, True, 9.769521698674441e-06, False]
  warnings.warn(
/usr/local/usrapps/ddomlab/sdehgha2/pls-dataset-env/lib/python3.10/site-packages/skopt/optimizer/optimizer.py:517: UserWarning: The objective has been evaluated at point [0.1, 1, 2000, True, 1e-06, False] before, using random point [0.001545832145533275, 1, 131, True, 0.00010139369722405396, False]
  warnings.warn(
/usr/local/usrapps/ddomlab/sdehgha2/pls-dataset-env/lib/python3.10/site-packages/skopt/optimizer/optimizer.py:517: UserWarning: The objective has been evaluated at point [0.1, 1, 2000, True, 0.001, False] before, using random point [3.3657824885973548e-06, 1, 1728, True, 7.746049048522762e-05, False]
  warnings.warn(
/usr/local/usrapps/ddomlab/sdehgha2/pls-dataset-env/lib/python3.10/site-packages/skopt/optimizer/optimizer.py:517: UserWarning: The objective has been evaluated at point [0.1, 1, 2000, True, 1e-06, False] before, using random point [0.0674927427192761, 1, 701, True, 0.00029935036179329474, False]
  warnings.warn(
/usr/local/usrapps/ddomlab/sdehgha2/pls-dataset-env/lib/python3.10/site-packages/skopt/optimizer/optimizer.py:517: UserWarning: The objective has been evaluated at point [0.1, 1, 2000, True, 1e-06, False] before, using random point [0.00040238390948687126, 1, 143, True, 5.868683312343121e-06, False]
  warnings.warn(
/usr/local/usrapps/ddomlab/sdehgha2/pls-dataset-env/lib/python3.10/site-packages/skopt/optimizer/optimizer.py:517: UserWarning: The objective has been evaluated at point [0.1, 1, 2000, True, 0.001, False] before, using random point [4.326948101232307e-06, 1, 286, True, 3.018238765105107e-05, False]
  warnings.warn(
/usr/local/usrapps/ddomlab/sdehgha2/pls-dataset-env/lib/python3.10/site-packages/skopt/optimizer/optimizer.py:517: UserWarning: The objective has been evaluated at point [0.1, 1, 2000, True, 0.001, False] before, using random point [0.04577329782475701, 1, 71, True, 4.442562576751451e-06, False]
  warnings.warn(
