


OPTIMIZING HYPERPARAMETERS FOR REGRESSOR NGB 	SEED: 6


Best parameters: OrderedDict([('regressor__regressor__learning_rate', 0.078475162813721), ('regressor__regressor__minibatch_frac', 1), ('regressor__regressor__n_estimators', 847), ('regressor__regressor__natural_gradient', True), ('regressor__regressor__tol', 0.00036941418309087464), ('regressor__regressor__verbose', False)])





OPTIMIZING HYPERPARAMETERS FOR REGRESSOR NGB 	SEED: 6


Best parameters: OrderedDict([('regressor__regressor__learning_rate', 0.03841437720389645), ('regressor__regressor__minibatch_frac', 1), ('regressor__regressor__n_estimators', 50), ('regressor__regressor__natural_gradient', True), ('regressor__regressor__tol', 0.001), ('regressor__regressor__verbose', False)])





OPTIMIZING HYPERPARAMETERS FOR REGRESSOR NGB 	SEED: 6


Best parameters: OrderedDict([('regressor__regressor__learning_rate', 0.0006558302654541667), ('regressor__regressor__minibatch_frac', 1), ('regressor__regressor__n_estimators', 2000), ('regressor__regressor__natural_gradient', True), ('regressor__regressor__tol', 0.001), ('regressor__regressor__verbose', False)])





OPTIMIZING HYPERPARAMETERS FOR REGRESSOR NGB 	SEED: 6


Best parameters: OrderedDict([('regressor__regressor__learning_rate', 0.029800857813433265), ('regressor__regressor__minibatch_frac', 1), ('regressor__regressor__n_estimators', 472), ('regressor__regressor__natural_gradient', True), ('regressor__regressor__tol', 0.001), ('regressor__regressor__verbose', False)])





OPTIMIZING HYPERPARAMETERS FOR REGRESSOR NGB 	SEED: 6


Best parameters: OrderedDict([('regressor__regressor__learning_rate', 0.0158653163875222), ('regressor__regressor__minibatch_frac', 1), ('regressor__regressor__n_estimators', 1098), ('regressor__regressor__natural_gradient', True), ('regressor__regressor__tol', 1e-06), ('regressor__regressor__verbose', False)])





OPTIMIZING HYPERPARAMETERS FOR REGRESSOR NGB 	SEED: 13


Best parameters: OrderedDict([('regressor__regressor__learning_rate', 0.09557920708354614), ('regressor__regressor__minibatch_frac', 1), ('regressor__regressor__n_estimators', 2000), ('regressor__regressor__natural_gradient', True), ('regressor__regressor__tol', 3.2320983538656797e-06), ('regressor__regressor__verbose', False)])





OPTIMIZING HYPERPARAMETERS FOR REGRESSOR NGB 	SEED: 13


Best parameters: OrderedDict([('regressor__regressor__learning_rate', 0.007778890745843787), ('regressor__regressor__minibatch_frac', 1), ('regressor__regressor__n_estimators', 105), ('regressor__regressor__natural_gradient', True), ('regressor__regressor__tol', 0.001), ('regressor__regressor__verbose', False)])





OPTIMIZING HYPERPARAMETERS FOR REGRESSOR NGB 	SEED: 13


Best parameters: OrderedDict([('regressor__regressor__learning_rate', 0.0027395721534843646), ('regressor__regressor__minibatch_frac', 1), ('regressor__regressor__n_estimators', 1114), ('regressor__regressor__natural_gradient', True), ('regressor__regressor__tol', 0.001), ('regressor__regressor__verbose', False)])





OPTIMIZING HYPERPARAMETERS FOR REGRESSOR NGB 	SEED: 13


Best parameters: OrderedDict([('regressor__regressor__learning_rate', 0.1), ('regressor__regressor__minibatch_frac', 1), ('regressor__regressor__n_estimators', 128), ('regressor__regressor__natural_gradient', True), ('regressor__regressor__tol', 0.001), ('regressor__regressor__verbose', False)])





OPTIMIZING HYPERPARAMETERS FOR REGRESSOR NGB 	SEED: 13


Best parameters: OrderedDict([('regressor__regressor__learning_rate', 0.03187916963538955), ('regressor__regressor__minibatch_frac', 1), ('regressor__regressor__n_estimators', 50), ('regressor__regressor__natural_gradient', True), ('regressor__regressor__tol', 0.000842763703056773), ('regressor__regressor__verbose', False)])





OPTIMIZING HYPERPARAMETERS FOR REGRESSOR NGB 	SEED: 42


Best parameters: OrderedDict([('regressor__regressor__learning_rate', 0.1), ('regressor__regressor__minibatch_frac', 1), ('regressor__regressor__n_estimators', 2000), ('regressor__regressor__natural_gradient', True), ('regressor__regressor__tol', 3.066380115469452e-05), ('regressor__regressor__verbose', False)])





OPTIMIZING HYPERPARAMETERS FOR REGRESSOR NGB 	SEED: 42


Best parameters: OrderedDict([('regressor__regressor__learning_rate', 0.05989491205267932), ('regressor__regressor__minibatch_frac', 1), ('regressor__regressor__n_estimators', 1246), ('regressor__regressor__natural_gradient', True), ('regressor__regressor__tol', 1.390574606467376e-05), ('regressor__regressor__verbose', False)])





OPTIMIZING HYPERPARAMETERS FOR REGRESSOR NGB 	SEED: 42


Best parameters: OrderedDict([('regressor__regressor__learning_rate', 0.03722395107438061), ('regressor__regressor__minibatch_frac', 1), ('regressor__regressor__n_estimators', 50), ('regressor__regressor__natural_gradient', True), ('regressor__regressor__tol', 0.001), ('regressor__regressor__verbose', False)])





OPTIMIZING HYPERPARAMETERS FOR REGRESSOR NGB 	SEED: 42


Best parameters: OrderedDict([('regressor__regressor__learning_rate', 0.012312744707390143), ('regressor__regressor__minibatch_frac', 1), ('regressor__regressor__n_estimators', 166), ('regressor__regressor__natural_gradient', True), ('regressor__regressor__tol', 1e-06), ('regressor__regressor__verbose', False)])





OPTIMIZING HYPERPARAMETERS FOR REGRESSOR NGB 	SEED: 42


Best parameters: OrderedDict([('regressor__regressor__learning_rate', 0.00042445900110440815), ('regressor__regressor__minibatch_frac', 1), ('regressor__regressor__n_estimators', 2000), ('regressor__regressor__natural_gradient', True), ('regressor__regressor__tol', 1e-06), ('regressor__regressor__verbose', False)])





OPTIMIZING HYPERPARAMETERS FOR REGRESSOR NGB 	SEED: 69


Best parameters: OrderedDict([('regressor__regressor__learning_rate', 0.1), ('regressor__regressor__minibatch_frac', 1), ('regressor__regressor__n_estimators', 151), ('regressor__regressor__natural_gradient', True), ('regressor__regressor__tol', 1e-06), ('regressor__regressor__verbose', False)])





OPTIMIZING HYPERPARAMETERS FOR REGRESSOR NGB 	SEED: 69


Best parameters: OrderedDict([('regressor__regressor__learning_rate', 0.1), ('regressor__regressor__minibatch_frac', 1), ('regressor__regressor__n_estimators', 496), ('regressor__regressor__natural_gradient', True), ('regressor__regressor__tol', 0.001), ('regressor__regressor__verbose', False)])





OPTIMIZING HYPERPARAMETERS FOR REGRESSOR NGB 	SEED: 69


Best parameters: OrderedDict([('regressor__regressor__learning_rate', 0.0018466784007510515), ('regressor__regressor__minibatch_frac', 1), ('regressor__regressor__n_estimators', 50), ('regressor__regressor__natural_gradient', True), ('regressor__regressor__tol', 0.001), ('regressor__regressor__verbose', False)])





OPTIMIZING HYPERPARAMETERS FOR REGRESSOR NGB 	SEED: 69


Best parameters: OrderedDict([('regressor__regressor__learning_rate', 0.031011316482868815), ('regressor__regressor__minibatch_frac', 1), ('regressor__regressor__n_estimators', 50), ('regressor__regressor__natural_gradient', True), ('regressor__regressor__tol', 1.6918088400592653e-06), ('regressor__regressor__verbose', False)])





OPTIMIZING HYPERPARAMETERS FOR REGRESSOR NGB 	SEED: 69


Best parameters: OrderedDict([('regressor__regressor__learning_rate', 0.004758028046250712), ('regressor__regressor__minibatch_frac', 1), ('regressor__regressor__n_estimators', 132), ('regressor__regressor__natural_gradient', True), ('regressor__regressor__tol', 5.95183597544719e-05), ('regressor__regressor__verbose', False)])





OPTIMIZING HYPERPARAMETERS FOR REGRESSOR NGB 	SEED: 420


Best parameters: OrderedDict([('regressor__regressor__learning_rate', 0.016201359631781508), ('regressor__regressor__minibatch_frac', 1), ('regressor__regressor__n_estimators', 213), ('regressor__regressor__natural_gradient', True), ('regressor__regressor__tol', 1e-06), ('regressor__regressor__verbose', False)])





OPTIMIZING HYPERPARAMETERS FOR REGRESSOR NGB 	SEED: 420


Best parameters: OrderedDict([('regressor__regressor__learning_rate', 0.024573517254901655), ('regressor__regressor__minibatch_frac', 1), ('regressor__regressor__n_estimators', 631), ('regressor__regressor__natural_gradient', True), ('regressor__regressor__tol', 0.001), ('regressor__regressor__verbose', False)])





OPTIMIZING HYPERPARAMETERS FOR REGRESSOR NGB 	SEED: 420


Best parameters: OrderedDict([('regressor__regressor__learning_rate', 0.0125800928203664), ('regressor__regressor__minibatch_frac', 1), ('regressor__regressor__n_estimators', 2000), ('regressor__regressor__natural_gradient', True), ('regressor__regressor__tol', 1e-06), ('regressor__regressor__verbose', False)])





OPTIMIZING HYPERPARAMETERS FOR REGRESSOR NGB 	SEED: 420


Best parameters: OrderedDict([('regressor__regressor__learning_rate', 0.1), ('regressor__regressor__minibatch_frac', 1), ('regressor__regressor__n_estimators', 78), ('regressor__regressor__natural_gradient', True), ('regressor__regressor__tol', 0.00027993709761720746), ('regressor__regressor__verbose', False)])





OPTIMIZING HYPERPARAMETERS FOR REGRESSOR NGB 	SEED: 420


Best parameters: OrderedDict([('regressor__regressor__learning_rate', 0.09884108782036038), ('regressor__regressor__minibatch_frac', 1), ('regressor__regressor__n_estimators', 1945), ('regressor__regressor__natural_gradient', True), ('regressor__regressor__tol', 9.577638032052012e-06), ('regressor__regressor__verbose', False)])





OPTIMIZING HYPERPARAMETERS FOR REGRESSOR NGB 	SEED: 1234567890


Best parameters: OrderedDict([('regressor__regressor__learning_rate', 0.1), ('regressor__regressor__minibatch_frac', 1), ('regressor__regressor__n_estimators', 2000), ('regressor__regressor__natural_gradient', True), ('regressor__regressor__tol', 1e-06), ('regressor__regressor__verbose', False)])





OPTIMIZING HYPERPARAMETERS FOR REGRESSOR NGB 	SEED: 1234567890


Best parameters: OrderedDict([('regressor__regressor__learning_rate', 0.002468460001735876), ('regressor__regressor__minibatch_frac', 1), ('regressor__regressor__n_estimators', 205), ('regressor__regressor__natural_gradient', True), ('regressor__regressor__tol', 1e-06), ('regressor__regressor__verbose', False)])





OPTIMIZING HYPERPARAMETERS FOR REGRESSOR NGB 	SEED: 1234567890


Best parameters: OrderedDict([('regressor__regressor__learning_rate', 0.04814854243967334), ('regressor__regressor__minibatch_frac', 1), ('regressor__regressor__n_estimators', 82), ('regressor__regressor__natural_gradient', True), ('regressor__regressor__tol', 1.4103076091788285e-05), ('regressor__regressor__verbose', False)])





OPTIMIZING HYPERPARAMETERS FOR REGRESSOR NGB 	SEED: 1234567890


Best parameters: OrderedDict([('regressor__regressor__learning_rate', 0.0745306464510966), ('regressor__regressor__minibatch_frac', 1), ('regressor__regressor__n_estimators', 89), ('regressor__regressor__natural_gradient', True), ('regressor__regressor__tol', 1.4167426453089708e-05), ('regressor__regressor__verbose', False)])





OPTIMIZING HYPERPARAMETERS FOR REGRESSOR NGB 	SEED: 1234567890


Best parameters: OrderedDict([('regressor__regressor__learning_rate', 0.05023586670909232), ('regressor__regressor__minibatch_frac', 1), ('regressor__regressor__n_estimators', 115), ('regressor__regressor__natural_gradient', True), ('regressor__regressor__tol', 0.001), ('regressor__regressor__verbose', False)])





OPTIMIZING HYPERPARAMETERS FOR REGRESSOR NGB 	SEED: 473129


Best parameters: OrderedDict([('regressor__regressor__learning_rate', 0.1), ('regressor__regressor__minibatch_frac', 1), ('regressor__regressor__n_estimators', 96), ('regressor__regressor__natural_gradient', True), ('regressor__regressor__tol', 0.001), ('regressor__regressor__verbose', False)])





OPTIMIZING HYPERPARAMETERS FOR REGRESSOR NGB 	SEED: 473129


Best parameters: OrderedDict([('regressor__regressor__learning_rate', 0.09648556982802133), ('regressor__regressor__minibatch_frac', 1), ('regressor__regressor__n_estimators', 50), ('regressor__regressor__natural_gradient', True), ('regressor__regressor__tol', 0.0003670200516904437), ('regressor__regressor__verbose', False)])





OPTIMIZING HYPERPARAMETERS FOR REGRESSOR NGB 	SEED: 473129


Best parameters: OrderedDict([('regressor__regressor__learning_rate', 0.0015903650485175696), ('regressor__regressor__minibatch_frac', 1), ('regressor__regressor__n_estimators', 1323), ('regressor__regressor__natural_gradient', True), ('regressor__regressor__tol', 1e-06), ('regressor__regressor__verbose', False)])





OPTIMIZING HYPERPARAMETERS FOR REGRESSOR NGB 	SEED: 473129


Best parameters: OrderedDict([('regressor__regressor__learning_rate', 0.006807078787240018), ('regressor__regressor__minibatch_frac', 1), ('regressor__regressor__n_estimators', 168), ('regressor__regressor__natural_gradient', True), ('regressor__regressor__tol', 0.00011109111813410269), ('regressor__regressor__verbose', False)])





OPTIMIZING HYPERPARAMETERS FOR REGRESSOR NGB 	SEED: 473129


Best parameters: OrderedDict([('regressor__regressor__learning_rate', 0.030468670637951605), ('regressor__regressor__minibatch_frac', 1), ('regressor__regressor__n_estimators', 365), ('regressor__regressor__natural_gradient', True), ('regressor__regressor__tol', 1e-06), ('regressor__regressor__verbose', False)])


Average scores:	 r: 0.28±0.31	 r2: -0.69±2.77
RRU Dimer_scaler
Filename: (MACCS-PDI-Mw-concentration-temperature-polymer dP-polymer dD-polymer dH-solvent dP-solvent dD-solvent dH)_NGB_mean_Standard
/gpfs_common/share03/ddomlab/sdehgha2/working-space/main/P1_pls-dataset/pls-dataset-space/PLS-Dataset/results/target_Rh/RRU Dimer_scaler/(MACCS-PDI-Mw-concentration-temperature-polymer dP-polymer dD-polymer dH-solvent dP-solvent dD-solvent dH)_NGB_mean_Standard_scores.json
/gpfs_common/share03/ddomlab/sdehgha2/working-space/main/P1_pls-dataset/pls-dataset-space/PLS-Dataset/results/target_Rh/RRU Dimer_scaler/(MACCS-PDI-Mw-concentration-temperature-polymer dP-polymer dD-polymer dH-solvent dP-solvent dD-solvent dH)_NGB_mean_Standard_predictions.csv
/gpfs_common/share03/ddomlab/sdehgha2/working-space/main/P1_pls-dataset/pls-dataset-space/PLS-Dataset/results/target_Rh/RRU Dimer_scaler/(MACCS-PDI-Mw-concentration-temperature-polymer dP-polymer dD-polymer dH-solvent dP-solvent dD-solvent dH)_NGB_mean_Standard_shape.json
Done Saving scores!

------------------------------------------------------------
Sender: LSF System <lsfadmin@c207n02>
Subject: Job 145673: <NGB_Rh (IW avg log)_MACCS_Standard_RRU Dimer> in cluster <Hazel> Done

Job <NGB_Rh (IW avg log)_MACCS_Standard_RRU Dimer> was submitted from host <c036n01> by user <sdehgha2> in cluster <Hazel> at Fri Jan  3 15:48:18 2025
Job was executed on host(s) <6*c207n02>, in queue <single_chassis>, as user <sdehgha2> in cluster <Hazel> at Fri Jan  3 15:48:18 2025
</home/sdehgha2> was used as the home directory.
</share/ddomlab/sdehgha2/working-space/main/P1_pls-dataset/pls-dataset-space/PLS-Dataset/code_/training/hpc_submit_training_Rh> was used as the working directory.
Started at Fri Jan  3 15:48:18 2025
Terminated at Fri Jan  3 20:16:47 2025
Results reported at Fri Jan  3 20:16:47 2025

Your job looked like:

------------------------------------------------------------
# LSBATCH: User input



#BSUB -n 6
#BSUB -W 72:05
#BSUB -R span[hosts=1]
#BSUB -R "rusage[mem=16GB]"
#BSUB -J "NGB_Rh (IW avg log)_MACCS_Standard_RRU Dimer"  
#BSUB -o "/share/ddomlab/sdehgha2/working-space/main/P1_pls-dataset/pls-dataset-space/PLS-Dataset/results/NGB_Rh (IW avg log)_MACCS_Standard_RRU Dimer_20250103_full.out"
#BSUB -e "/share/ddomlab/sdehgha2/working-space/main/P1_pls-dataset/pls-dataset-space/PLS-Dataset/results/NGB_Rh (IW avg log)_MACCS_Standard_RRU Dimer_20250103_full.err"

source ~/.bashrc
conda activate /usr/local/usrapps/ddomlab/sdehgha2/pls-dataset-env
python ../train_structure_numerical.py --target_features "Rh (IW avg log)"                                       --representation "MACCS"                                       --regressor_type "NGB"                                       --transform_type "Standard"                                       --oligomer_representation "RRU Dimer"                                       --numerical_feats 'Mn (g/mol)' 'PDI' 'Mw (g/mol)' 'Concentration (mg/ml)' 'Temperature SANS/SLS/DLS/SEC (K)' "polymer dP" "polymer dD" "polymer dH" 'solvent dP' 'solvent dD' 'solvent dH'                                       --columns_to_impute "PDI" "Temperature SANS/SLS/DLS/SEC (K)" "Concentration (mg/ml)"                                       --special_impute 'Mw (g/mol)'                                       --imputer mean 




------------------------------------------------------------

Successfully completed.

Resource usage summary:

    CPU time :                                   68099.56 sec.
    Max Memory :                                 5 GB
    Average Memory :                             4.47 GB
    Total Requested Memory :                     16.00 GB
    Delta Memory :                               11.00 GB
    Max Swap :                                   -
    Max Processes :                              26
    Max Threads :                                29
    Run time :                                   16131 sec.
    Turnaround time :                            16109 sec.

The output (if any) is above this job summary.



PS:

Read file </share/ddomlab/sdehgha2/working-space/main/P1_pls-dataset/pls-dataset-space/PLS-Dataset/results/NGB_Rh (IW avg log)_MACCS_Standard_RRU Dimer_20250103_full.err> for stderr output of this job.

