


OPTIMIZING HYPERPARAMETERS FOR REGRESSOR NGB 	SEED: 6


Best parameters: OrderedDict([('regressor__regressor__learning_rate', 0.001), ('regressor__regressor__min_samples_leaf', 0.8795174714726048), ('regressor__regressor__min_samples_split', 0.4824965753298787), ('regressor__regressor__minibatch_frac', 1), ('regressor__regressor__n_estimators', 2000), ('regressor__regressor__natural_gradient', True), ('regressor__regressor__verbose', False)])





OPTIMIZING HYPERPARAMETERS FOR REGRESSOR NGB 	SEED: 6


Best parameters: OrderedDict([('regressor__regressor__learning_rate', 0.001), ('regressor__regressor__min_samples_leaf', 0.8406790297402857), ('regressor__regressor__min_samples_split', 0.4698542657461893), ('regressor__regressor__minibatch_frac', 1), ('regressor__regressor__n_estimators', 2000), ('regressor__regressor__natural_gradient', True), ('regressor__regressor__verbose', False)])





OPTIMIZING HYPERPARAMETERS FOR REGRESSOR NGB 	SEED: 6


Best parameters: OrderedDict([('regressor__regressor__learning_rate', 0.001), ('regressor__regressor__min_samples_leaf', 0.849556408106445), ('regressor__regressor__min_samples_split', 0.4757996475240973), ('regressor__regressor__minibatch_frac', 1), ('regressor__regressor__n_estimators', 1985), ('regressor__regressor__natural_gradient', True), ('regressor__regressor__verbose', False)])





OPTIMIZING HYPERPARAMETERS FOR REGRESSOR NGB 	SEED: 6


Best parameters: OrderedDict([('regressor__regressor__learning_rate', 0.001), ('regressor__regressor__min_samples_leaf', 0.05), ('regressor__regressor__min_samples_split', 0.05), ('regressor__regressor__minibatch_frac', 1), ('regressor__regressor__n_estimators', 2000), ('regressor__regressor__natural_gradient', True), ('regressor__regressor__verbose', False)])





OPTIMIZING HYPERPARAMETERS FOR REGRESSOR NGB 	SEED: 6


Best parameters: OrderedDict([('regressor__regressor__learning_rate', 0.001), ('regressor__regressor__min_samples_leaf', 0.05), ('regressor__regressor__min_samples_split', 0.99), ('regressor__regressor__minibatch_frac', 1), ('regressor__regressor__n_estimators', 2000), ('regressor__regressor__natural_gradient', True), ('regressor__regressor__verbose', False)])





OPTIMIZING HYPERPARAMETERS FOR REGRESSOR NGB 	SEED: 13


Best parameters: OrderedDict([('regressor__regressor__learning_rate', 0.0003414930722516099), ('regressor__regressor__min_samples_leaf', 0.05), ('regressor__regressor__min_samples_split', 0.99), ('regressor__regressor__minibatch_frac', 1), ('regressor__regressor__n_estimators', 530), ('regressor__regressor__natural_gradient', True), ('regressor__regressor__verbose', False)])





OPTIMIZING HYPERPARAMETERS FOR REGRESSOR NGB 	SEED: 13


Best parameters: OrderedDict([('regressor__regressor__learning_rate', 0.0009870432029538275), ('regressor__regressor__min_samples_leaf', 0.27784948088607764), ('regressor__regressor__min_samples_split', 0.7616519259132285), ('regressor__regressor__minibatch_frac', 1), ('regressor__regressor__n_estimators', 1995), ('regressor__regressor__natural_gradient', True), ('regressor__regressor__verbose', False)])





OPTIMIZING HYPERPARAMETERS FOR REGRESSOR NGB 	SEED: 13


Best parameters: OrderedDict([('regressor__regressor__learning_rate', 0.001), ('regressor__regressor__min_samples_leaf', 0.99), ('regressor__regressor__min_samples_split', 0.05), ('regressor__regressor__minibatch_frac', 1), ('regressor__regressor__n_estimators', 2000), ('regressor__regressor__natural_gradient', True), ('regressor__regressor__verbose', False)])





OPTIMIZING HYPERPARAMETERS FOR REGRESSOR NGB 	SEED: 13


Best parameters: OrderedDict([('regressor__regressor__learning_rate', 0.001), ('regressor__regressor__min_samples_leaf', 0.99), ('regressor__regressor__min_samples_split', 0.99), ('regressor__regressor__minibatch_frac', 1), ('regressor__regressor__n_estimators', 2000), ('regressor__regressor__natural_gradient', True), ('regressor__regressor__verbose', False)])





OPTIMIZING HYPERPARAMETERS FOR REGRESSOR NGB 	SEED: 13


Best parameters: OrderedDict([('regressor__regressor__learning_rate', 0.001), ('regressor__regressor__min_samples_leaf', 0.99), ('regressor__regressor__min_samples_split', 0.05), ('regressor__regressor__minibatch_frac', 1), ('regressor__regressor__n_estimators', 411), ('regressor__regressor__natural_gradient', True), ('regressor__regressor__verbose', False)])





OPTIMIZING HYPERPARAMETERS FOR REGRESSOR NGB 	SEED: 42


Best parameters: OrderedDict([('regressor__regressor__learning_rate', 0.001), ('regressor__regressor__min_samples_leaf', 0.05), ('regressor__regressor__min_samples_split', 0.05), ('regressor__regressor__minibatch_frac', 1), ('regressor__regressor__n_estimators', 2000), ('regressor__regressor__natural_gradient', True), ('regressor__regressor__verbose', False)])





OPTIMIZING HYPERPARAMETERS FOR REGRESSOR NGB 	SEED: 42


Best parameters: OrderedDict([('regressor__regressor__learning_rate', 0.0003254692469837756), ('regressor__regressor__min_samples_leaf', 0.99), ('regressor__regressor__min_samples_split', 0.99), ('regressor__regressor__minibatch_frac', 1), ('regressor__regressor__n_estimators', 1024), ('regressor__regressor__natural_gradient', True), ('regressor__regressor__verbose', False)])





OPTIMIZING HYPERPARAMETERS FOR REGRESSOR NGB 	SEED: 42


Best parameters: OrderedDict([('regressor__regressor__learning_rate', 0.0009742460524190022), ('regressor__regressor__min_samples_leaf', 0.4310473207891972), ('regressor__regressor__min_samples_split', 0.2987667258456035), ('regressor__regressor__minibatch_frac', 1), ('regressor__regressor__n_estimators', 1956), ('regressor__regressor__natural_gradient', True), ('regressor__regressor__verbose', False)])





OPTIMIZING HYPERPARAMETERS FOR REGRESSOR NGB 	SEED: 42


Best parameters: OrderedDict([('regressor__regressor__learning_rate', 0.001), ('regressor__regressor__min_samples_leaf', 0.05), ('regressor__regressor__min_samples_split', 0.05), ('regressor__regressor__minibatch_frac', 1), ('regressor__regressor__n_estimators', 2000), ('regressor__regressor__natural_gradient', True), ('regressor__regressor__verbose', False)])





OPTIMIZING HYPERPARAMETERS FOR REGRESSOR NGB 	SEED: 42


Best parameters: OrderedDict([('regressor__regressor__learning_rate', 0.001), ('regressor__regressor__min_samples_leaf', 0.99), ('regressor__regressor__min_samples_split', 0.6127529735501134), ('regressor__regressor__minibatch_frac', 1), ('regressor__regressor__n_estimators', 2000), ('regressor__regressor__natural_gradient', True), ('regressor__regressor__verbose', False)])





OPTIMIZING HYPERPARAMETERS FOR REGRESSOR NGB 	SEED: 69


Best parameters: OrderedDict([('regressor__regressor__learning_rate', 0.001), ('regressor__regressor__min_samples_leaf', 0.99), ('regressor__regressor__min_samples_split', 0.99), ('regressor__regressor__minibatch_frac', 1), ('regressor__regressor__n_estimators', 2000), ('regressor__regressor__natural_gradient', True), ('regressor__regressor__verbose', False)])





OPTIMIZING HYPERPARAMETERS FOR REGRESSOR NGB 	SEED: 69


Best parameters: OrderedDict([('regressor__regressor__learning_rate', 0.001), ('regressor__regressor__min_samples_leaf', 0.05), ('regressor__regressor__min_samples_split', 0.05), ('regressor__regressor__minibatch_frac', 1), ('regressor__regressor__n_estimators', 2000), ('regressor__regressor__natural_gradient', True), ('regressor__regressor__verbose', False)])





OPTIMIZING HYPERPARAMETERS FOR REGRESSOR NGB 	SEED: 69


Best parameters: OrderedDict([('regressor__regressor__learning_rate', 0.001), ('regressor__regressor__min_samples_leaf', 0.524217973288092), ('regressor__regressor__min_samples_split', 0.05), ('regressor__regressor__minibatch_frac', 1), ('regressor__regressor__n_estimators', 2000), ('regressor__regressor__natural_gradient', True), ('regressor__regressor__verbose', False)])





OPTIMIZING HYPERPARAMETERS FOR REGRESSOR NGB 	SEED: 69


Best parameters: OrderedDict([('regressor__regressor__learning_rate', 0.001), ('regressor__regressor__min_samples_leaf', 0.05), ('regressor__regressor__min_samples_split', 0.05), ('regressor__regressor__minibatch_frac', 1), ('regressor__regressor__n_estimators', 2000), ('regressor__regressor__natural_gradient', True), ('regressor__regressor__verbose', False)])





OPTIMIZING HYPERPARAMETERS FOR REGRESSOR NGB 	SEED: 69


Best parameters: OrderedDict([('regressor__regressor__learning_rate', 0.0009831809427749507), ('regressor__regressor__min_samples_leaf', 0.37906108585202763), ('regressor__regressor__min_samples_split', 0.5352642265092694), ('regressor__regressor__minibatch_frac', 1), ('regressor__regressor__n_estimators', 1990), ('regressor__regressor__natural_gradient', True), ('regressor__regressor__verbose', False)])





OPTIMIZING HYPERPARAMETERS FOR REGRESSOR NGB 	SEED: 420


Best parameters: OrderedDict([('regressor__regressor__learning_rate', 0.0005913781436124809), ('regressor__regressor__min_samples_leaf', 0.7792596758505393), ('regressor__regressor__min_samples_split', 0.8428479806574802), ('regressor__regressor__minibatch_frac', 1), ('regressor__regressor__n_estimators', 291), ('regressor__regressor__natural_gradient', True), ('regressor__regressor__verbose', False)])





OPTIMIZING HYPERPARAMETERS FOR REGRESSOR NGB 	SEED: 420


Best parameters: OrderedDict([('regressor__regressor__learning_rate', 0.001), ('regressor__regressor__min_samples_leaf', 0.99), ('regressor__regressor__min_samples_split', 0.05), ('regressor__regressor__minibatch_frac', 1), ('regressor__regressor__n_estimators', 2000), ('regressor__regressor__natural_gradient', True), ('regressor__regressor__verbose', False)])





OPTIMIZING HYPERPARAMETERS FOR REGRESSOR NGB 	SEED: 420


Best parameters: OrderedDict([('regressor__regressor__learning_rate', 0.001), ('regressor__regressor__min_samples_leaf', 0.7450830959773878), ('regressor__regressor__min_samples_split', 0.99), ('regressor__regressor__minibatch_frac', 1), ('regressor__regressor__n_estimators', 2000), ('regressor__regressor__natural_gradient', True), ('regressor__regressor__verbose', False)])





OPTIMIZING HYPERPARAMETERS FOR REGRESSOR NGB 	SEED: 420


Best parameters: OrderedDict([('regressor__regressor__learning_rate', 0.001), ('regressor__regressor__min_samples_leaf', 0.05), ('regressor__regressor__min_samples_split', 0.99), ('regressor__regressor__minibatch_frac', 1), ('regressor__regressor__n_estimators', 2000), ('regressor__regressor__natural_gradient', True), ('regressor__regressor__verbose', False)])





OPTIMIZING HYPERPARAMETERS FOR REGRESSOR NGB 	SEED: 420


Best parameters: OrderedDict([('regressor__regressor__learning_rate', 0.001), ('regressor__regressor__min_samples_leaf', 0.05), ('regressor__regressor__min_samples_split', 0.99), ('regressor__regressor__minibatch_frac', 1), ('regressor__regressor__n_estimators', 2000), ('regressor__regressor__natural_gradient', True), ('regressor__regressor__verbose', False)])





OPTIMIZING HYPERPARAMETERS FOR REGRESSOR NGB 	SEED: 1234567890


Best parameters: OrderedDict([('regressor__regressor__learning_rate', 0.001), ('regressor__regressor__min_samples_leaf', 0.99), ('regressor__regressor__min_samples_split', 0.99), ('regressor__regressor__minibatch_frac', 1), ('regressor__regressor__n_estimators', 2000), ('regressor__regressor__natural_gradient', True), ('regressor__regressor__verbose', False)])





OPTIMIZING HYPERPARAMETERS FOR REGRESSOR NGB 	SEED: 1234567890


Best parameters: OrderedDict([('regressor__regressor__learning_rate', 0.001), ('regressor__regressor__min_samples_leaf', 0.99), ('regressor__regressor__min_samples_split', 0.99), ('regressor__regressor__minibatch_frac', 1), ('regressor__regressor__n_estimators', 2000), ('regressor__regressor__natural_gradient', True), ('regressor__regressor__verbose', False)])





OPTIMIZING HYPERPARAMETERS FOR REGRESSOR NGB 	SEED: 1234567890


Best parameters: OrderedDict([('regressor__regressor__learning_rate', 0.001), ('regressor__regressor__min_samples_leaf', 0.05), ('regressor__regressor__min_samples_split', 0.99), ('regressor__regressor__minibatch_frac', 1), ('regressor__regressor__n_estimators', 2000), ('regressor__regressor__natural_gradient', True), ('regressor__regressor__verbose', False)])





OPTIMIZING HYPERPARAMETERS FOR REGRESSOR NGB 	SEED: 1234567890


Best parameters: OrderedDict([('regressor__regressor__learning_rate', 0.001), ('regressor__regressor__min_samples_leaf', 0.05), ('regressor__regressor__min_samples_split', 0.05), ('regressor__regressor__minibatch_frac', 1), ('regressor__regressor__n_estimators', 2000), ('regressor__regressor__natural_gradient', True), ('regressor__regressor__verbose', False)])





OPTIMIZING HYPERPARAMETERS FOR REGRESSOR NGB 	SEED: 1234567890


Best parameters: OrderedDict([('regressor__regressor__learning_rate', 0.001), ('regressor__regressor__min_samples_leaf', 0.99), ('regressor__regressor__min_samples_split', 0.99), ('regressor__regressor__minibatch_frac', 1), ('regressor__regressor__n_estimators', 2000), ('regressor__regressor__natural_gradient', True), ('regressor__regressor__verbose', False)])





OPTIMIZING HYPERPARAMETERS FOR REGRESSOR NGB 	SEED: 473129


Best parameters: OrderedDict([('regressor__regressor__learning_rate', 0.001), ('regressor__regressor__min_samples_leaf', 0.99), ('regressor__regressor__min_samples_split', 0.05), ('regressor__regressor__minibatch_frac', 1), ('regressor__regressor__n_estimators', 2000), ('regressor__regressor__natural_gradient', True), ('regressor__regressor__verbose', False)])





OPTIMIZING HYPERPARAMETERS FOR REGRESSOR NGB 	SEED: 473129


Best parameters: OrderedDict([('regressor__regressor__learning_rate', 0.0009974177219754714), ('regressor__regressor__min_samples_leaf', 0.3900373773396642), ('regressor__regressor__min_samples_split', 0.9683655798402353), ('regressor__regressor__minibatch_frac', 1), ('regressor__regressor__n_estimators', 1983), ('regressor__regressor__natural_gradient', True), ('regressor__regressor__verbose', False)])





OPTIMIZING HYPERPARAMETERS FOR REGRESSOR NGB 	SEED: 473129


Best parameters: OrderedDict([('regressor__regressor__learning_rate', 0.001), ('regressor__regressor__min_samples_leaf', 0.05), ('regressor__regressor__min_samples_split', 0.99), ('regressor__regressor__minibatch_frac', 1), ('regressor__regressor__n_estimators', 2000), ('regressor__regressor__natural_gradient', True), ('regressor__regressor__verbose', False)])





OPTIMIZING HYPERPARAMETERS FOR REGRESSOR NGB 	SEED: 473129


Best parameters: OrderedDict([('regressor__regressor__learning_rate', 0.001), ('regressor__regressor__min_samples_leaf', 0.99), ('regressor__regressor__min_samples_split', 0.05), ('regressor__regressor__minibatch_frac', 1), ('regressor__regressor__n_estimators', 2000), ('regressor__regressor__natural_gradient', True), ('regressor__regressor__verbose', False)])





OPTIMIZING HYPERPARAMETERS FOR REGRESSOR NGB 	SEED: 473129


Best parameters: OrderedDict([('regressor__regressor__learning_rate', 0.001), ('regressor__regressor__min_samples_leaf', 0.99), ('regressor__regressor__min_samples_split', 0.05), ('regressor__regressor__minibatch_frac', 1), ('regressor__regressor__n_estimators', 2000), ('regressor__regressor__natural_gradient', True), ('regressor__regressor__verbose', False)])


Average scores:	 r: 0.92±0.08	 r2: 0.82±0.18
RRU Trimer_scaler
Filename: (MACCS-PDI-Mw-concentration-temperature-solvent dP-solvent dD-solvent dH)_NGB_mean_Standard
/gpfs_common/share03/ddomlab/sdehgha2/working-space/main/P1_pls-dataset/pls-dataset-space/PLS-Dataset/results/target_Rg/RRU Trimer_scaler/(MACCS-PDI-Mw-concentration-temperature-solvent dP-solvent dD-solvent dH)_NGB_mean_Standard_scores.json
/gpfs_common/share03/ddomlab/sdehgha2/working-space/main/P1_pls-dataset/pls-dataset-space/PLS-Dataset/results/target_Rg/RRU Trimer_scaler/(MACCS-PDI-Mw-concentration-temperature-solvent dP-solvent dD-solvent dH)_NGB_mean_Standard_predictions.csv
/gpfs_common/share03/ddomlab/sdehgha2/working-space/main/P1_pls-dataset/pls-dataset-space/PLS-Dataset/results/target_Rg/RRU Trimer_scaler/(MACCS-PDI-Mw-concentration-temperature-solvent dP-solvent dD-solvent dH)_NGB_mean_Standard_shape.json
Done Saving scores!

------------------------------------------------------------
Sender: LSF System <lsfadmin@c203n13>
Subject: Job 109726: <NGB_Rg1 (nm)_MACCS_Standard_RRU Trimer> in cluster <Hazel> Done

Job <NGB_Rg1 (nm)_MACCS_Standard_RRU Trimer> was submitted from host <c207n01> by user <sdehgha2> in cluster <Hazel> at Wed Jan  1 13:39:59 2025
Job was executed on host(s) <2*c203n13>, in queue <single_chassis>, as user <sdehgha2> in cluster <Hazel> at Wed Jan  1 13:40:57 2025
                            <2*c203n05>
                            <2*c203n14>
</home/sdehgha2> was used as the home directory.
</share/ddomlab/sdehgha2/working-space/main/P1_pls-dataset/pls-dataset-space/PLS-Dataset/code_/training/hpc_submit_training_Rh> was used as the working directory.
Started at Wed Jan  1 13:40:57 2025
Terminated at Wed Jan  1 20:30:55 2025
Results reported at Wed Jan  1 20:30:55 2025

Your job looked like:

------------------------------------------------------------
# LSBATCH: User input



#BSUB -n 6
#BSUB -W 72:05
#BSUB -R span[ptile=2]
#BSUB -R "rusage[mem=16GB]"
#BSUB -J "NGB_Rg1 (nm)_MACCS_Standard_RRU Trimer"  
#BSUB -o "/share/ddomlab/sdehgha2/working-space/main/P1_pls-dataset/pls-dataset-space/PLS-Dataset/results/NGB_Rg1 (nm)_MACCS_Standard_RRU Trimer_20250101.out"
#BSUB -e "/share/ddomlab/sdehgha2/working-space/main/P1_pls-dataset/pls-dataset-space/PLS-Dataset/results/NGB_Rg1 (nm)_MACCS_Standard_RRU Trimer_20250101.err"

source ~/.bashrc
conda activate /usr/local/usrapps/ddomlab/sdehgha2/pls-dataset-env
python ../train_structure_numerical.py --target_features "Rg1 (nm)"                                       --representation "MACCS"                                       --regressor_type "NGB"                                       --transform_type "Standard"                                       --oligomer_representation "RRU Trimer"                                       --numerical_feats 'Mn (g/mol)' 'PDI' 'Mw (g/mol)' 'Concentration (mg/ml)' 'Temperature SANS/SLS/DLS/SEC (K)' 'solvent dP' 'solvent dD' 'solvent dH'                                       --columns_to_impute "PDI" "Temperature SANS/SLS/DLS/SEC (K)" "Concentration (mg/ml)"                                       --special_impute 'Mw (g/mol)'                                       --imputer mean 




------------------------------------------------------------

Successfully completed.

Resource usage summary:

    CPU time :                                   96964.00 sec.
    Max Memory :                                 5 GB
    Average Memory :                             4.80 GB
    Total Requested Memory :                     48.00 GB
    Delta Memory :                               43.00 GB
    Max Swap :                                   -
    Max Processes :                              26
    Max Threads :                                29
    Run time :                                   24599 sec.
    Turnaround time :                            24656 sec.

The output (if any) is above this job summary.



PS:

Read file </share/ddomlab/sdehgha2/working-space/main/P1_pls-dataset/pls-dataset-space/PLS-Dataset/results/NGB_Rg1 (nm)_MACCS_Standard_RRU Trimer_20250101.err> for stderr output of this job.

