Pipeline(steps=[('Impute feats',
                 ColumnTransformer(remainder='passthrough',
                                   transformers=[('imputer_mean',
                                                  SimpleImputer(),
                                                  ['PDI',
                                                   'Temperature '
                                                   'SANS/SLS/DLS/SEC (K)',
                                                   'Concentration (mg/ml)'])],
                                   verbose_feature_names_out=False)),
                ('Calculate Mw',
                 ColumnTransformer(remainder='passthrough',
                                   transformers=[('calculator_Mw (g/mol)',
                                                  FunctionTransformer(func=<function...
                 ColumnTransformer(remainder='passthrough',
                                   transformers=[('imputer_Mw (g/mol)',
                                                  SimpleImputer(),
                                                  ['Mw (g/mol)'])],
                                   verbose_feature_names_out=False)),
                ('drop Mn',
                 ColumnTransformer(remainder='passthrough',
                                   transformers=[('Drop Mn column',
                                                  FunctionTransformer(func=<function drop_columns at 0x147a1b93dcf0>,
                                                                      kw_args={'columns_to_drop': ['Mn '
                                                                                                   '(g/mol)']}),
                                                  ['Mn (g/mol)'])],
                                   verbose_feature_names_out=False))])



OPTIMIZING HYPERPARAMETERS FOR REGRESSOR XGBR 	SEED: 6


Best parameters: OrderedDict([('regressor__regressor__learning_rate', 0.06182924792123711), ('regressor__regressor__max_depth', 869), ('regressor__regressor__n_estimators', 50), ('regressor__regressor__n_jobs', -2)])





OPTIMIZING HYPERPARAMETERS FOR REGRESSOR XGBR 	SEED: 6


Best parameters: OrderedDict([('regressor__regressor__learning_rate', 0.04905414328032895), ('regressor__regressor__max_depth', 10), ('regressor__regressor__n_estimators', 50), ('regressor__regressor__n_jobs', -2)])





OPTIMIZING HYPERPARAMETERS FOR REGRESSOR XGBR 	SEED: 6


Best parameters: OrderedDict([('regressor__regressor__learning_rate', 0.017963664887573852), ('regressor__regressor__max_depth', 10), ('regressor__regressor__n_estimators', 100), ('regressor__regressor__n_jobs', -2)])





OPTIMIZING HYPERPARAMETERS FOR REGRESSOR XGBR 	SEED: 6


Best parameters: OrderedDict([('regressor__regressor__learning_rate', 0.003290379710799863), ('regressor__regressor__max_depth', 10), ('regressor__regressor__n_estimators', 744), ('regressor__regressor__n_jobs', -2)])





OPTIMIZING HYPERPARAMETERS FOR REGRESSOR XGBR 	SEED: 6


Best parameters: OrderedDict([('regressor__regressor__learning_rate', 0.0012366308088716312), ('regressor__regressor__max_depth', 10), ('regressor__regressor__n_estimators', 1686), ('regressor__regressor__n_jobs', -2)])


Pipeline(steps=[('Impute feats',
                 ColumnTransformer(remainder='passthrough',
                                   transformers=[('imputer_mean',
                                                  SimpleImputer(),
                                                  ['PDI',
                                                   'Temperature '
                                                   'SANS/SLS/DLS/SEC (K)',
                                                   'Concentration (mg/ml)'])],
                                   verbose_feature_names_out=False)),
                ('Calculate Mw',
                 ColumnTransformer(remainder='passthrough',
                                   transformers=[('calculator_Mw (g/mol)',
                                                  FunctionTransformer(func=<function...
                 ColumnTransformer(remainder='passthrough',
                                   transformers=[('imputer_Mw (g/mol)',
                                                  SimpleImputer(),
                                                  ['Mw (g/mol)'])],
                                   verbose_feature_names_out=False)),
                ('drop Mn',
                 ColumnTransformer(remainder='passthrough',
                                   transformers=[('Drop Mn column',
                                                  FunctionTransformer(func=<function drop_columns at 0x147a1b93dcf0>,
                                                                      kw_args={'columns_to_drop': ['Mn '
                                                                                                   '(g/mol)']}),
                                                  ['Mn (g/mol)'])],
                                   verbose_feature_names_out=False))])



OPTIMIZING HYPERPARAMETERS FOR REGRESSOR XGBR 	SEED: 13


Best parameters: OrderedDict([('regressor__regressor__learning_rate', 0.027351629405469), ('regressor__regressor__max_depth', 62), ('regressor__regressor__n_estimators', 79), ('regressor__regressor__n_jobs', -2)])





OPTIMIZING HYPERPARAMETERS FOR REGRESSOR XGBR 	SEED: 13


Best parameters: OrderedDict([('regressor__regressor__learning_rate', 0.003540179986287932), ('regressor__regressor__max_depth', 10000), ('regressor__regressor__n_estimators', 468), ('regressor__regressor__n_jobs', -2)])





OPTIMIZING HYPERPARAMETERS FOR REGRESSOR XGBR 	SEED: 13


Best parameters: OrderedDict([('regressor__regressor__learning_rate', 0.0362849805355951), ('regressor__regressor__max_depth', 10), ('regressor__regressor__n_estimators', 50), ('regressor__regressor__n_jobs', -2)])





OPTIMIZING HYPERPARAMETERS FOR REGRESSOR XGBR 	SEED: 13


Best parameters: OrderedDict([('regressor__regressor__learning_rate', 0.05537206601718964), ('regressor__regressor__max_depth', 10), ('regressor__regressor__n_estimators', 50), ('regressor__regressor__n_jobs', -2)])





OPTIMIZING HYPERPARAMETERS FOR REGRESSOR XGBR 	SEED: 13


Best parameters: OrderedDict([('regressor__regressor__learning_rate', 0.0042098141230118786), ('regressor__regressor__max_depth', 10000), ('regressor__regressor__n_estimators', 459), ('regressor__regressor__n_jobs', -2)])


Pipeline(steps=[('Impute feats',
                 ColumnTransformer(remainder='passthrough',
                                   transformers=[('imputer_mean',
                                                  SimpleImputer(),
                                                  ['PDI',
                                                   'Temperature '
                                                   'SANS/SLS/DLS/SEC (K)',
                                                   'Concentration (mg/ml)'])],
                                   verbose_feature_names_out=False)),
                ('Calculate Mw',
                 ColumnTransformer(remainder='passthrough',
                                   transformers=[('calculator_Mw (g/mol)',
                                                  FunctionTransformer(func=<function...
                 ColumnTransformer(remainder='passthrough',
                                   transformers=[('imputer_Mw (g/mol)',
                                                  SimpleImputer(),
                                                  ['Mw (g/mol)'])],
                                   verbose_feature_names_out=False)),
                ('drop Mn',
                 ColumnTransformer(remainder='passthrough',
                                   transformers=[('Drop Mn column',
                                                  FunctionTransformer(func=<function drop_columns at 0x147a1b93dcf0>,
                                                                      kw_args={'columns_to_drop': ['Mn '
                                                                                                   '(g/mol)']}),
                                                  ['Mn (g/mol)'])],
                                   verbose_feature_names_out=False))])



OPTIMIZING HYPERPARAMETERS FOR REGRESSOR XGBR 	SEED: 42


Best parameters: OrderedDict([('regressor__regressor__learning_rate', 0.023401500551191882), ('regressor__regressor__max_depth', 15), ('regressor__regressor__n_estimators', 87), ('regressor__regressor__n_jobs', -2)])





OPTIMIZING HYPERPARAMETERS FOR REGRESSOR XGBR 	SEED: 42


Best parameters: OrderedDict([('regressor__regressor__learning_rate', 0.0031530197485871), ('regressor__regressor__max_depth', 10), ('regressor__regressor__n_estimators', 637), ('regressor__regressor__n_jobs', -2)])





OPTIMIZING HYPERPARAMETERS FOR REGRESSOR XGBR 	SEED: 42


Best parameters: OrderedDict([('regressor__regressor__learning_rate', 0.004134528454829182), ('regressor__regressor__max_depth', 10), ('regressor__regressor__n_estimators', 409), ('regressor__regressor__n_jobs', -2)])





OPTIMIZING HYPERPARAMETERS FOR REGRESSOR XGBR 	SEED: 42


Best parameters: OrderedDict([('regressor__regressor__learning_rate', 0.013043988279445813), ('regressor__regressor__max_depth', 11), ('regressor__regressor__n_estimators', 122), ('regressor__regressor__n_jobs', -2)])





OPTIMIZING HYPERPARAMETERS FOR REGRESSOR XGBR 	SEED: 42


Best parameters: OrderedDict([('regressor__regressor__learning_rate', 0.010004447016887123), ('regressor__regressor__max_depth', 10), ('regressor__regressor__n_estimators', 201), ('regressor__regressor__n_jobs', -2)])


Pipeline(steps=[('Impute feats',
                 ColumnTransformer(remainder='passthrough',
                                   transformers=[('imputer_mean',
                                                  SimpleImputer(),
                                                  ['PDI',
                                                   'Temperature '
                                                   'SANS/SLS/DLS/SEC (K)',
                                                   'Concentration (mg/ml)'])],
                                   verbose_feature_names_out=False)),
                ('Calculate Mw',
                 ColumnTransformer(remainder='passthrough',
                                   transformers=[('calculator_Mw (g/mol)',
                                                  FunctionTransformer(func=<function...
                 ColumnTransformer(remainder='passthrough',
                                   transformers=[('imputer_Mw (g/mol)',
                                                  SimpleImputer(),
                                                  ['Mw (g/mol)'])],
                                   verbose_feature_names_out=False)),
                ('drop Mn',
                 ColumnTransformer(remainder='passthrough',
                                   transformers=[('Drop Mn column',
                                                  FunctionTransformer(func=<function drop_columns at 0x147a1b93dcf0>,
                                                                      kw_args={'columns_to_drop': ['Mn '
                                                                                                   '(g/mol)']}),
                                                  ['Mn (g/mol)'])],
                                   verbose_feature_names_out=False))])



OPTIMIZING HYPERPARAMETERS FOR REGRESSOR XGBR 	SEED: 69


Best parameters: OrderedDict([('regressor__regressor__learning_rate', 0.004174049894998472), ('regressor__regressor__max_depth', 10), ('regressor__regressor__n_estimators', 604), ('regressor__regressor__n_jobs', -2)])





OPTIMIZING HYPERPARAMETERS FOR REGRESSOR XGBR 	SEED: 69


Best parameters: OrderedDict([('regressor__regressor__learning_rate', 0.0018556120388332654), ('regressor__regressor__max_depth', 10), ('regressor__regressor__n_estimators', 1396), ('regressor__regressor__n_jobs', -2)])





OPTIMIZING HYPERPARAMETERS FOR REGRESSOR XGBR 	SEED: 69


Best parameters: OrderedDict([('regressor__regressor__learning_rate', 0.004221146558101785), ('regressor__regressor__max_depth', 10000), ('regressor__regressor__n_estimators', 434), ('regressor__regressor__n_jobs', -2)])





OPTIMIZING HYPERPARAMETERS FOR REGRESSOR XGBR 	SEED: 69


Best parameters: OrderedDict([('regressor__regressor__learning_rate', 0.015210929842721257), ('regressor__regressor__max_depth', 10), ('regressor__regressor__n_estimators', 216), ('regressor__regressor__n_jobs', -2)])





OPTIMIZING HYPERPARAMETERS FOR REGRESSOR XGBR 	SEED: 69


Best parameters: OrderedDict([('regressor__regressor__learning_rate', 0.0020361290101299665), ('regressor__regressor__max_depth', 10), ('regressor__regressor__n_estimators', 1346), ('regressor__regressor__n_jobs', -2)])


Pipeline(steps=[('Impute feats',
                 ColumnTransformer(remainder='passthrough',
                                   transformers=[('imputer_mean',
                                                  SimpleImputer(),
                                                  ['PDI',
                                                   'Temperature '
                                                   'SANS/SLS/DLS/SEC (K)',
                                                   'Concentration (mg/ml)'])],
                                   verbose_feature_names_out=False)),
                ('Calculate Mw',
                 ColumnTransformer(remainder='passthrough',
                                   transformers=[('calculator_Mw (g/mol)',
                                                  FunctionTransformer(func=<function...
                 ColumnTransformer(remainder='passthrough',
                                   transformers=[('imputer_Mw (g/mol)',
                                                  SimpleImputer(),
                                                  ['Mw (g/mol)'])],
                                   verbose_feature_names_out=False)),
                ('drop Mn',
                 ColumnTransformer(remainder='passthrough',
                                   transformers=[('Drop Mn column',
                                                  FunctionTransformer(func=<function drop_columns at 0x147a1b93dcf0>,
                                                                      kw_args={'columns_to_drop': ['Mn '
                                                                                                   '(g/mol)']}),
                                                  ['Mn (g/mol)'])],
                                   verbose_feature_names_out=False))])



OPTIMIZING HYPERPARAMETERS FOR REGRESSOR XGBR 	SEED: 420


Best parameters: OrderedDict([('regressor__regressor__learning_rate', 0.001445127856374258), ('regressor__regressor__max_depth', 10), ('regressor__regressor__n_estimators', 2000), ('regressor__regressor__n_jobs', -2)])





OPTIMIZING HYPERPARAMETERS FOR REGRESSOR XGBR 	SEED: 420


Best parameters: OrderedDict([('regressor__regressor__learning_rate', 0.0015033839663788134), ('regressor__regressor__max_depth', 10000), ('regressor__regressor__n_estimators', 2000), ('regressor__regressor__n_jobs', -2)])





OPTIMIZING HYPERPARAMETERS FOR REGRESSOR XGBR 	SEED: 420


Best parameters: OrderedDict([('regressor__regressor__learning_rate', 0.001), ('regressor__regressor__max_depth', 10), ('regressor__regressor__n_estimators', 2000), ('regressor__regressor__n_jobs', -2)])





OPTIMIZING HYPERPARAMETERS FOR REGRESSOR XGBR 	SEED: 420


Best parameters: OrderedDict([('regressor__regressor__learning_rate', 0.008697868360190902), ('regressor__regressor__max_depth', 10), ('regressor__regressor__n_estimators', 285), ('regressor__regressor__n_jobs', -2)])





OPTIMIZING HYPERPARAMETERS FOR REGRESSOR XGBR 	SEED: 420


Best parameters: OrderedDict([('regressor__regressor__learning_rate', 0.005185053109141974), ('regressor__regressor__max_depth', 10), ('regressor__regressor__n_estimators', 925), ('regressor__regressor__n_jobs', -2)])


Pipeline(steps=[('Impute feats',
                 ColumnTransformer(remainder='passthrough',
                                   transformers=[('imputer_mean',
                                                  SimpleImputer(),
                                                  ['PDI',
                                                   'Temperature '
                                                   'SANS/SLS/DLS/SEC (K)',
                                                   'Concentration (mg/ml)'])],
                                   verbose_feature_names_out=False)),
                ('Calculate Mw',
                 ColumnTransformer(remainder='passthrough',
                                   transformers=[('calculator_Mw (g/mol)',
                                                  FunctionTransformer(func=<function...
                 ColumnTransformer(remainder='passthrough',
                                   transformers=[('imputer_Mw (g/mol)',
                                                  SimpleImputer(),
                                                  ['Mw (g/mol)'])],
                                   verbose_feature_names_out=False)),
                ('drop Mn',
                 ColumnTransformer(remainder='passthrough',
                                   transformers=[('Drop Mn column',
                                                  FunctionTransformer(func=<function drop_columns at 0x147a1b93dcf0>,
                                                                      kw_args={'columns_to_drop': ['Mn '
                                                                                                   '(g/mol)']}),
                                                  ['Mn (g/mol)'])],
                                   verbose_feature_names_out=False))])



OPTIMIZING HYPERPARAMETERS FOR REGRESSOR XGBR 	SEED: 1234567890


Best parameters: OrderedDict([('regressor__regressor__learning_rate', 0.002069189731883387), ('regressor__regressor__max_depth', 10), ('regressor__regressor__n_estimators', 1099), ('regressor__regressor__n_jobs', -2)])





OPTIMIZING HYPERPARAMETERS FOR REGRESSOR XGBR 	SEED: 1234567890


Best parameters: OrderedDict([('regressor__regressor__learning_rate', 0.04274366997941106), ('regressor__regressor__max_depth', 10), ('regressor__regressor__n_estimators', 50), ('regressor__regressor__n_jobs', -2)])





OPTIMIZING HYPERPARAMETERS FOR REGRESSOR XGBR 	SEED: 1234567890


Best parameters: OrderedDict([('regressor__regressor__learning_rate', 0.04216569252504412), ('regressor__regressor__max_depth', 10000), ('regressor__regressor__n_estimators', 66), ('regressor__regressor__n_jobs', -2)])





OPTIMIZING HYPERPARAMETERS FOR REGRESSOR XGBR 	SEED: 1234567890


Best parameters: OrderedDict([('regressor__regressor__learning_rate', 0.0016021796388454022), ('regressor__regressor__max_depth', 10000), ('regressor__regressor__n_estimators', 1461), ('regressor__regressor__n_jobs', -2)])





OPTIMIZING HYPERPARAMETERS FOR REGRESSOR XGBR 	SEED: 1234567890


Best parameters: OrderedDict([('regressor__regressor__learning_rate', 0.0044419460432165055), ('regressor__regressor__max_depth', 10), ('regressor__regressor__n_estimators', 496), ('regressor__regressor__n_jobs', -2)])


Pipeline(steps=[('Impute feats',
                 ColumnTransformer(remainder='passthrough',
                                   transformers=[('imputer_mean',
                                                  SimpleImputer(),
                                                  ['PDI',
                                                   'Temperature '
                                                   'SANS/SLS/DLS/SEC (K)',
                                                   'Concentration (mg/ml)'])],
                                   verbose_feature_names_out=False)),
                ('Calculate Mw',
                 ColumnTransformer(remainder='passthrough',
                                   transformers=[('calculator_Mw (g/mol)',
                                                  FunctionTransformer(func=<function...
                 ColumnTransformer(remainder='passthrough',
                                   transformers=[('imputer_Mw (g/mol)',
                                                  SimpleImputer(),
                                                  ['Mw (g/mol)'])],
                                   verbose_feature_names_out=False)),
                ('drop Mn',
                 ColumnTransformer(remainder='passthrough',
                                   transformers=[('Drop Mn column',
                                                  FunctionTransformer(func=<function drop_columns at 0x147a1b93dcf0>,
                                                                      kw_args={'columns_to_drop': ['Mn '
                                                                                                   '(g/mol)']}),
                                                  ['Mn (g/mol)'])],
                                   verbose_feature_names_out=False))])



OPTIMIZING HYPERPARAMETERS FOR REGRESSOR XGBR 	SEED: 473129


Best parameters: OrderedDict([('regressor__regressor__learning_rate', 0.052160395222627734), ('regressor__regressor__max_depth', 10000), ('regressor__regressor__n_estimators', 50), ('regressor__regressor__n_jobs', -2)])





OPTIMIZING HYPERPARAMETERS FOR REGRESSOR XGBR 	SEED: 473129


Best parameters: OrderedDict([('regressor__regressor__learning_rate', 0.001401665932869316), ('regressor__regressor__max_depth', 10000), ('regressor__regressor__n_estimators', 1529), ('regressor__regressor__n_jobs', -2)])





OPTIMIZING HYPERPARAMETERS FOR REGRESSOR XGBR 	SEED: 473129


Best parameters: OrderedDict([('regressor__regressor__learning_rate', 0.0013801142022055676), ('regressor__regressor__max_depth', 10), ('regressor__regressor__n_estimators', 1465), ('regressor__regressor__n_jobs', -2)])





OPTIMIZING HYPERPARAMETERS FOR REGRESSOR XGBR 	SEED: 473129


Best parameters: OrderedDict([('regressor__regressor__learning_rate', 0.046007512066266534), ('regressor__regressor__max_depth', 10000), ('regressor__regressor__n_estimators', 50), ('regressor__regressor__n_jobs', -2)])





OPTIMIZING HYPERPARAMETERS FOR REGRESSOR XGBR 	SEED: 473129


Best parameters: OrderedDict([('regressor__regressor__learning_rate', 0.03602037331780008), ('regressor__regressor__max_depth', 10), ('regressor__regressor__n_estimators', 50), ('regressor__regressor__n_jobs', -2)])


Average scores:	 r: 0.77±0.06	 r2: 0.57±0.11
Dimer_scaler
Filename: (ECFP3.count.512-PDI-Mw-concentration-temperature-polymer dP-polymer dD-polymer dH-solvent dP-solvent dD-solvent dH)_XGBR_transformerOFF
/gpfs_common/share03/ddomlab/sdehgha2/working-space/main/P1_pls-dataset/pls-dataset-space/PLS-Dataset/results/target_log First Peak wo placeholder/Dimer_scaler/(ECFP3.count.512-PDI-Mw-concentration-temperature-polymer dP-polymer dD-polymer dH-solvent dP-solvent dD-solvent dH)_XGBR_transformerOFF_scores.json
/gpfs_common/share03/ddomlab/sdehgha2/working-space/main/P1_pls-dataset/pls-dataset-space/PLS-Dataset/results/target_log First Peak wo placeholder/Dimer_scaler/(ECFP3.count.512-PDI-Mw-concentration-temperature-polymer dP-polymer dD-polymer dH-solvent dP-solvent dD-solvent dH)_XGBR_transformerOFF_predictions.csv
/gpfs_common/share03/ddomlab/sdehgha2/working-space/main/P1_pls-dataset/pls-dataset-space/PLS-Dataset/results/target_log First Peak wo placeholder/Dimer_scaler/(ECFP3.count.512-PDI-Mw-concentration-temperature-polymer dP-polymer dD-polymer dH-solvent dP-solvent dD-solvent dH)_XGBR_transformerOFF_shape.json
Done Saving scores!

------------------------------------------------------------
Sender: LSF System <lsfadmin@c032n04>
Subject: Job 500586: <XGBR_log First Peak wo placeholder_ECFP_Dimer_20250205> in cluster <Hazel> Done

Job <XGBR_log First Peak wo placeholder_ECFP_Dimer_20250205> was submitted from host <c024n02> by user <sdehgha2> in cluster <Hazel> at Wed Feb  5 10:03:51 2025
Job was executed on host(s) <8*c032n04>, in queue <single_chassis>, as user <sdehgha2> in cluster <Hazel> at Wed Feb  5 10:03:53 2025
</home/sdehgha2> was used as the home directory.
</share/ddomlab/sdehgha2/working-space/main/P1_pls-dataset/pls-dataset-space/PLS-Dataset/code_/training/hpc_submit_training_Rh> was used as the working directory.
Started at Wed Feb  5 10:03:53 2025
Terminated at Wed Feb  5 12:03:50 2025
Results reported at Wed Feb  5 12:03:50 2025

Your job looked like:

------------------------------------------------------------
# LSBATCH: User input



#BSUB -n 8
#BSUB -W 72:05
#BSUB -R span[hosts=1]
#BSUB -R "rusage[mem=16GB]"
#BSUB -J "XGBR_log First Peak wo placeholder_ECFP_Dimer_20250205"  
#BSUB -o "/share/ddomlab/sdehgha2/working-space/main/P1_pls-dataset/pls-dataset-space/PLS-Dataset/results/hpc_20250205/XGBR_log First Peak wo placeholder_ECFP_Dimer_3_count_20250205.out"
#BSUB -e "/share/ddomlab/sdehgha2/working-space/main/P1_pls-dataset/pls-dataset-space/PLS-Dataset/results/hpc_20250205/XGBR_log First Peak wo placeholder_ECFP_Dimer_3_count_20250205.err"

source ~/.bashrc
conda activate /usr/local/usrapps/ddomlab/sdehgha2/pls-dataset-env
python ../train_structure_numerical.py --target_features "log First Peak wo placeholder"                                       --representation "ECFP"                                       --regressor_type "XGBR"                                       --radius "3"                                       --vector "count"                                       --oligomer_representation "Dimer"                                       --numerical_feats 'Mn (g/mol)' 'PDI' 'Mw (g/mol)' 'Concentration (mg/ml)' 'Temperature SANS/SLS/DLS/SEC (K)' "polymer dP" "polymer dD" "polymer dH" 'solvent dP' 'solvent dD' 'solvent dH'                                       --columns_to_impute "PDI" "Temperature SANS/SLS/DLS/SEC (K)" "Concentration (mg/ml)"                                       --special_impute 'Mw (g/mol)'                                       --imputer mean 




------------------------------------------------------------

Successfully completed.

Resource usage summary:

    CPU time :                                   28484.10 sec.
    Max Memory :                                 10 GB
    Average Memory :                             9.41 GB
    Total Requested Memory :                     16.00 GB
    Delta Memory :                               6.00 GB
    Max Swap :                                   -
    Max Processes :                              38
    Max Threads :                                41
    Run time :                                   7207 sec.
    Turnaround time :                            7199 sec.

The output (if any) is above this job summary.



PS:

Read file </share/ddomlab/sdehgha2/working-space/main/P1_pls-dataset/pls-dataset-space/PLS-Dataset/results/hpc_20250205/XGBR_log First Peak wo placeholder_ECFP_Dimer_3_count_20250205.err> for stderr output of this job.

