Pipeline(steps=[('Impute feats',
                 ColumnTransformer(remainder='passthrough',
                                   transformers=[('imputer_mean',
                                                  SimpleImputer(),
                                                  ['PDI',
                                                   'Temperature '
                                                   'SANS/SLS/DLS/SEC (K)',
                                                   'Concentration (mg/ml)'])],
                                   verbose_feature_names_out=False)),
                ('Calculate Mw',
                 ColumnTransformer(remainder='passthrough',
                                   transformers=[('calculator_Mw (g/mol)',
                                                  FunctionTransformer(func=<function...
                 ColumnTransformer(remainder='passthrough',
                                   transformers=[('imputer_Mw (g/mol)',
                                                  SimpleImputer(),
                                                  ['Mw (g/mol)'])],
                                   verbose_feature_names_out=False)),
                ('drop Mn',
                 ColumnTransformer(remainder='passthrough',
                                   transformers=[('Drop Mn column',
                                                  FunctionTransformer(func=<function drop_columns at 0x1466f4f89cf0>,
                                                                      kw_args={'columns_to_drop': ['Mn '
                                                                                                   '(g/mol)']}),
                                                  ['Mn (g/mol)'])],
                                   verbose_feature_names_out=False))])



OPTIMIZING HYPERPARAMETERS FOR REGRESSOR XGBR 	SEED: 6


Best parameters: OrderedDict([('regressor__regressor__learning_rate', 0.0018715246883623745), ('regressor__regressor__max_depth', 10), ('regressor__regressor__n_estimators', 1750), ('regressor__regressor__n_jobs', -2)])





OPTIMIZING HYPERPARAMETERS FOR REGRESSOR XGBR 	SEED: 6


Best parameters: OrderedDict([('regressor__regressor__learning_rate', 0.001), ('regressor__regressor__max_depth', 10000), ('regressor__regressor__n_estimators', 1479), ('regressor__regressor__n_jobs', -2)])





OPTIMIZING HYPERPARAMETERS FOR REGRESSOR XGBR 	SEED: 6


Best parameters: OrderedDict([('regressor__regressor__learning_rate', 0.0020496609082781138), ('regressor__regressor__max_depth', 10), ('regressor__regressor__n_estimators', 727), ('regressor__regressor__n_jobs', -2)])





OPTIMIZING HYPERPARAMETERS FOR REGRESSOR XGBR 	SEED: 6


Best parameters: OrderedDict([('regressor__regressor__learning_rate', 0.0013067904604947198), ('regressor__regressor__max_depth', 10), ('regressor__regressor__n_estimators', 1273), ('regressor__regressor__n_jobs', -2)])





OPTIMIZING HYPERPARAMETERS FOR REGRESSOR XGBR 	SEED: 6


Best parameters: OrderedDict([('regressor__regressor__learning_rate', 0.0030815608192045012), ('regressor__regressor__max_depth', 12), ('regressor__regressor__n_estimators', 563), ('regressor__regressor__n_jobs', -2)])


Pipeline(steps=[('Impute feats',
                 ColumnTransformer(remainder='passthrough',
                                   transformers=[('imputer_mean',
                                                  SimpleImputer(),
                                                  ['PDI',
                                                   'Temperature '
                                                   'SANS/SLS/DLS/SEC (K)',
                                                   'Concentration (mg/ml)'])],
                                   verbose_feature_names_out=False)),
                ('Calculate Mw',
                 ColumnTransformer(remainder='passthrough',
                                   transformers=[('calculator_Mw (g/mol)',
                                                  FunctionTransformer(func=<function...
                 ColumnTransformer(remainder='passthrough',
                                   transformers=[('imputer_Mw (g/mol)',
                                                  SimpleImputer(),
                                                  ['Mw (g/mol)'])],
                                   verbose_feature_names_out=False)),
                ('drop Mn',
                 ColumnTransformer(remainder='passthrough',
                                   transformers=[('Drop Mn column',
                                                  FunctionTransformer(func=<function drop_columns at 0x1466f4f89cf0>,
                                                                      kw_args={'columns_to_drop': ['Mn '
                                                                                                   '(g/mol)']}),
                                                  ['Mn (g/mol)'])],
                                   verbose_feature_names_out=False))])



OPTIMIZING HYPERPARAMETERS FOR REGRESSOR XGBR 	SEED: 13


Best parameters: OrderedDict([('regressor__regressor__learning_rate', 0.052280683888564834), ('regressor__regressor__max_depth', 10), ('regressor__regressor__n_estimators', 53), ('regressor__regressor__n_jobs', -2)])





OPTIMIZING HYPERPARAMETERS FOR REGRESSOR XGBR 	SEED: 13


Best parameters: OrderedDict([('regressor__regressor__learning_rate', 0.007998578367613711), ('regressor__regressor__max_depth', 10), ('regressor__regressor__n_estimators', 209), ('regressor__regressor__n_jobs', -2)])





OPTIMIZING HYPERPARAMETERS FOR REGRESSOR XGBR 	SEED: 13


Best parameters: OrderedDict([('regressor__regressor__learning_rate', 0.004110723362346781), ('regressor__regressor__max_depth', 10), ('regressor__regressor__n_estimators', 395), ('regressor__regressor__n_jobs', -2)])





OPTIMIZING HYPERPARAMETERS FOR REGRESSOR XGBR 	SEED: 13


Best parameters: OrderedDict([('regressor__regressor__learning_rate', 0.005758125985824273), ('regressor__regressor__max_depth', 13), ('regressor__regressor__n_estimators', 239), ('regressor__regressor__n_jobs', -2)])





OPTIMIZING HYPERPARAMETERS FOR REGRESSOR XGBR 	SEED: 13


Best parameters: OrderedDict([('regressor__regressor__learning_rate', 0.012385767926175935), ('regressor__regressor__max_depth', 10), ('regressor__regressor__n_estimators', 139), ('regressor__regressor__n_jobs', -2)])


Pipeline(steps=[('Impute feats',
                 ColumnTransformer(remainder='passthrough',
                                   transformers=[('imputer_mean',
                                                  SimpleImputer(),
                                                  ['PDI',
                                                   'Temperature '
                                                   'SANS/SLS/DLS/SEC (K)',
                                                   'Concentration (mg/ml)'])],
                                   verbose_feature_names_out=False)),
                ('Calculate Mw',
                 ColumnTransformer(remainder='passthrough',
                                   transformers=[('calculator_Mw (g/mol)',
                                                  FunctionTransformer(func=<function...
                 ColumnTransformer(remainder='passthrough',
                                   transformers=[('imputer_Mw (g/mol)',
                                                  SimpleImputer(),
                                                  ['Mw (g/mol)'])],
                                   verbose_feature_names_out=False)),
                ('drop Mn',
                 ColumnTransformer(remainder='passthrough',
                                   transformers=[('Drop Mn column',
                                                  FunctionTransformer(func=<function drop_columns at 0x1466f4f89cf0>,
                                                                      kw_args={'columns_to_drop': ['Mn '
                                                                                                   '(g/mol)']}),
                                                  ['Mn (g/mol)'])],
                                   verbose_feature_names_out=False))])



OPTIMIZING HYPERPARAMETERS FOR REGRESSOR XGBR 	SEED: 42


Best parameters: OrderedDict([('regressor__regressor__learning_rate', 0.02087218228386745), ('regressor__regressor__max_depth', 10000), ('regressor__regressor__n_estimators', 67), ('regressor__regressor__n_jobs', -2)])





OPTIMIZING HYPERPARAMETERS FOR REGRESSOR XGBR 	SEED: 42


Best parameters: OrderedDict([('regressor__regressor__learning_rate', 0.016366417346371082), ('regressor__regressor__max_depth', 10000), ('regressor__regressor__n_estimators', 81), ('regressor__regressor__n_jobs', -2)])





OPTIMIZING HYPERPARAMETERS FOR REGRESSOR XGBR 	SEED: 42


Best parameters: OrderedDict([('regressor__regressor__learning_rate', 0.014731294845900382), ('regressor__regressor__max_depth', 10), ('regressor__regressor__n_estimators', 107), ('regressor__regressor__n_jobs', -2)])





OPTIMIZING HYPERPARAMETERS FOR REGRESSOR XGBR 	SEED: 42


Best parameters: OrderedDict([('regressor__regressor__learning_rate', 0.04261626666934163), ('regressor__regressor__max_depth', 10), ('regressor__regressor__n_estimators', 50), ('regressor__regressor__n_jobs', -2)])





OPTIMIZING HYPERPARAMETERS FOR REGRESSOR XGBR 	SEED: 42


Best parameters: OrderedDict([('regressor__regressor__learning_rate', 0.001), ('regressor__regressor__max_depth', 43), ('regressor__regressor__n_estimators', 1205), ('regressor__regressor__n_jobs', -2)])


Pipeline(steps=[('Impute feats',
                 ColumnTransformer(remainder='passthrough',
                                   transformers=[('imputer_mean',
                                                  SimpleImputer(),
                                                  ['PDI',
                                                   'Temperature '
                                                   'SANS/SLS/DLS/SEC (K)',
                                                   'Concentration (mg/ml)'])],
                                   verbose_feature_names_out=False)),
                ('Calculate Mw',
                 ColumnTransformer(remainder='passthrough',
                                   transformers=[('calculator_Mw (g/mol)',
                                                  FunctionTransformer(func=<function...
                 ColumnTransformer(remainder='passthrough',
                                   transformers=[('imputer_Mw (g/mol)',
                                                  SimpleImputer(),
                                                  ['Mw (g/mol)'])],
                                   verbose_feature_names_out=False)),
                ('drop Mn',
                 ColumnTransformer(remainder='passthrough',
                                   transformers=[('Drop Mn column',
                                                  FunctionTransformer(func=<function drop_columns at 0x1466f4f89cf0>,
                                                                      kw_args={'columns_to_drop': ['Mn '
                                                                                                   '(g/mol)']}),
                                                  ['Mn (g/mol)'])],
                                   verbose_feature_names_out=False))])



OPTIMIZING HYPERPARAMETERS FOR REGRESSOR XGBR 	SEED: 69


Best parameters: OrderedDict([('regressor__regressor__learning_rate', 0.0272367626515236), ('regressor__regressor__max_depth', 10), ('regressor__regressor__n_estimators', 66), ('regressor__regressor__n_jobs', -2)])





OPTIMIZING HYPERPARAMETERS FOR REGRESSOR XGBR 	SEED: 69


Best parameters: OrderedDict([('regressor__regressor__learning_rate', 0.00150066856540075), ('regressor__regressor__max_depth', 10), ('regressor__regressor__n_estimators', 1085), ('regressor__regressor__n_jobs', -2)])





OPTIMIZING HYPERPARAMETERS FOR REGRESSOR XGBR 	SEED: 69


Best parameters: OrderedDict([('regressor__regressor__learning_rate', 0.032798550825803484), ('regressor__regressor__max_depth', 10), ('regressor__regressor__n_estimators', 50), ('regressor__regressor__n_jobs', -2)])





OPTIMIZING HYPERPARAMETERS FOR REGRESSOR XGBR 	SEED: 69


Best parameters: OrderedDict([('regressor__regressor__learning_rate', 0.009784647875709178), ('regressor__regressor__max_depth', 10), ('regressor__regressor__n_estimators', 160), ('regressor__regressor__n_jobs', -2)])





OPTIMIZING HYPERPARAMETERS FOR REGRESSOR XGBR 	SEED: 69


Best parameters: OrderedDict([('regressor__regressor__learning_rate', 0.008795213943249978), ('regressor__regressor__max_depth', 10), ('regressor__regressor__n_estimators', 167), ('regressor__regressor__n_jobs', -2)])


Pipeline(steps=[('Impute feats',
                 ColumnTransformer(remainder='passthrough',
                                   transformers=[('imputer_mean',
                                                  SimpleImputer(),
                                                  ['PDI',
                                                   'Temperature '
                                                   'SANS/SLS/DLS/SEC (K)',
                                                   'Concentration (mg/ml)'])],
                                   verbose_feature_names_out=False)),
                ('Calculate Mw',
                 ColumnTransformer(remainder='passthrough',
                                   transformers=[('calculator_Mw (g/mol)',
                                                  FunctionTransformer(func=<function...
                 ColumnTransformer(remainder='passthrough',
                                   transformers=[('imputer_Mw (g/mol)',
                                                  SimpleImputer(),
                                                  ['Mw (g/mol)'])],
                                   verbose_feature_names_out=False)),
                ('drop Mn',
                 ColumnTransformer(remainder='passthrough',
                                   transformers=[('Drop Mn column',
                                                  FunctionTransformer(func=<function drop_columns at 0x1466f4f89cf0>,
                                                                      kw_args={'columns_to_drop': ['Mn '
                                                                                                   '(g/mol)']}),
                                                  ['Mn (g/mol)'])],
                                   verbose_feature_names_out=False))])



OPTIMIZING HYPERPARAMETERS FOR REGRESSOR XGBR 	SEED: 420


Best parameters: OrderedDict([('regressor__regressor__learning_rate', 0.0337442512527252), ('regressor__regressor__max_depth', 11), ('regressor__regressor__n_estimators', 51), ('regressor__regressor__n_jobs', -2)])





OPTIMIZING HYPERPARAMETERS FOR REGRESSOR XGBR 	SEED: 420


Best parameters: OrderedDict([('regressor__regressor__learning_rate', 0.006819555189194901), ('regressor__regressor__max_depth', 10), ('regressor__regressor__n_estimators', 229), ('regressor__regressor__n_jobs', -2)])





OPTIMIZING HYPERPARAMETERS FOR REGRESSOR XGBR 	SEED: 420


Best parameters: OrderedDict([('regressor__regressor__learning_rate', 0.0047979303800632775), ('regressor__regressor__max_depth', 241), ('regressor__regressor__n_estimators', 228), ('regressor__regressor__n_jobs', -2)])





OPTIMIZING HYPERPARAMETERS FOR REGRESSOR XGBR 	SEED: 420


Best parameters: OrderedDict([('regressor__regressor__learning_rate', 0.07675975997531957), ('regressor__regressor__max_depth', 10), ('regressor__regressor__n_estimators', 57), ('regressor__regressor__n_jobs', -2)])





OPTIMIZING HYPERPARAMETERS FOR REGRESSOR XGBR 	SEED: 420


Best parameters: OrderedDict([('regressor__regressor__learning_rate', 0.04586263295454843), ('regressor__regressor__max_depth', 31), ('regressor__regressor__n_estimators', 50), ('regressor__regressor__n_jobs', -2)])


Pipeline(steps=[('Impute feats',
                 ColumnTransformer(remainder='passthrough',
                                   transformers=[('imputer_mean',
                                                  SimpleImputer(),
                                                  ['PDI',
                                                   'Temperature '
                                                   'SANS/SLS/DLS/SEC (K)',
                                                   'Concentration (mg/ml)'])],
                                   verbose_feature_names_out=False)),
                ('Calculate Mw',
                 ColumnTransformer(remainder='passthrough',
                                   transformers=[('calculator_Mw (g/mol)',
                                                  FunctionTransformer(func=<function...
                 ColumnTransformer(remainder='passthrough',
                                   transformers=[('imputer_Mw (g/mol)',
                                                  SimpleImputer(),
                                                  ['Mw (g/mol)'])],
                                   verbose_feature_names_out=False)),
                ('drop Mn',
                 ColumnTransformer(remainder='passthrough',
                                   transformers=[('Drop Mn column',
                                                  FunctionTransformer(func=<function drop_columns at 0x1466f4f89cf0>,
                                                                      kw_args={'columns_to_drop': ['Mn '
                                                                                                   '(g/mol)']}),
                                                  ['Mn (g/mol)'])],
                                   verbose_feature_names_out=False))])



OPTIMIZING HYPERPARAMETERS FOR REGRESSOR XGBR 	SEED: 1234567890


Best parameters: OrderedDict([('regressor__regressor__learning_rate', 0.001), ('regressor__regressor__max_depth', 10), ('regressor__regressor__n_estimators', 2000), ('regressor__regressor__n_jobs', -2)])





OPTIMIZING HYPERPARAMETERS FOR REGRESSOR XGBR 	SEED: 1234567890


Best parameters: OrderedDict([('regressor__regressor__learning_rate', 0.001), ('regressor__regressor__max_depth', 10), ('regressor__regressor__n_estimators', 1213), ('regressor__regressor__n_jobs', -2)])





OPTIMIZING HYPERPARAMETERS FOR REGRESSOR XGBR 	SEED: 1234567890


Best parameters: OrderedDict([('regressor__regressor__learning_rate', 0.007159741273453933), ('regressor__regressor__max_depth', 10000), ('regressor__regressor__n_estimators', 189), ('regressor__regressor__n_jobs', -2)])





OPTIMIZING HYPERPARAMETERS FOR REGRESSOR XGBR 	SEED: 1234567890


Best parameters: OrderedDict([('regressor__regressor__learning_rate', 0.00164627022121317), ('regressor__regressor__max_depth', 10), ('regressor__regressor__n_estimators', 979), ('regressor__regressor__n_jobs', -2)])





OPTIMIZING HYPERPARAMETERS FOR REGRESSOR XGBR 	SEED: 1234567890


Best parameters: OrderedDict([('regressor__regressor__learning_rate', 0.0017288665422495848), ('regressor__regressor__max_depth', 10), ('regressor__regressor__n_estimators', 728), ('regressor__regressor__n_jobs', -2)])


Pipeline(steps=[('Impute feats',
                 ColumnTransformer(remainder='passthrough',
                                   transformers=[('imputer_mean',
                                                  SimpleImputer(),
                                                  ['PDI',
                                                   'Temperature '
                                                   'SANS/SLS/DLS/SEC (K)',
                                                   'Concentration (mg/ml)'])],
                                   verbose_feature_names_out=False)),
                ('Calculate Mw',
                 ColumnTransformer(remainder='passthrough',
                                   transformers=[('calculator_Mw (g/mol)',
                                                  FunctionTransformer(func=<function...
                 ColumnTransformer(remainder='passthrough',
                                   transformers=[('imputer_Mw (g/mol)',
                                                  SimpleImputer(),
                                                  ['Mw (g/mol)'])],
                                   verbose_feature_names_out=False)),
                ('drop Mn',
                 ColumnTransformer(remainder='passthrough',
                                   transformers=[('Drop Mn column',
                                                  FunctionTransformer(func=<function drop_columns at 0x1466f4f89cf0>,
                                                                      kw_args={'columns_to_drop': ['Mn '
                                                                                                   '(g/mol)']}),
                                                  ['Mn (g/mol)'])],
                                   verbose_feature_names_out=False))])



OPTIMIZING HYPERPARAMETERS FOR REGRESSOR XGBR 	SEED: 473129


Best parameters: OrderedDict([('regressor__regressor__learning_rate', 0.0024084400907632936), ('regressor__regressor__max_depth', 10), ('regressor__regressor__n_estimators', 757), ('regressor__regressor__n_jobs', -2)])





OPTIMIZING HYPERPARAMETERS FOR REGRESSOR XGBR 	SEED: 473129


Best parameters: OrderedDict([('regressor__regressor__learning_rate', 0.007726224458701003), ('regressor__regressor__max_depth', 10), ('regressor__regressor__n_estimators', 250), ('regressor__regressor__n_jobs', -2)])





OPTIMIZING HYPERPARAMETERS FOR REGRESSOR XGBR 	SEED: 473129


Best parameters: OrderedDict([('regressor__regressor__learning_rate', 0.031400340807671366), ('regressor__regressor__max_depth', 10), ('regressor__regressor__n_estimators', 73), ('regressor__regressor__n_jobs', -2)])





OPTIMIZING HYPERPARAMETERS FOR REGRESSOR XGBR 	SEED: 473129


Best parameters: OrderedDict([('regressor__regressor__learning_rate', 0.017882036705879657), ('regressor__regressor__max_depth', 7885), ('regressor__regressor__n_estimators', 76), ('regressor__regressor__n_jobs', -2)])





OPTIMIZING HYPERPARAMETERS FOR REGRESSOR XGBR 	SEED: 473129


Best parameters: OrderedDict([('regressor__regressor__learning_rate', 0.0013853538086536603), ('regressor__regressor__max_depth', 10000), ('regressor__regressor__n_estimators', 1110), ('regressor__regressor__n_jobs', -2)])


Average scores:	 r: 0.65±0.07	 r2: 0.4±0.11
RRU Dimer_scaler
Filename: (MACCS-PDI-Mw-concentration-temperature-polymer dP-polymer dD-polymer dH-solvent dP-solvent dD-solvent dH)_XGBR_mean_transformerOFF
/gpfs_common/share03/ddomlab/sdehgha2/working-space/main/P1_pls-dataset/pls-dataset-space/PLS-Dataset/results/target_log First Peak (e-5 place holder)/RRU Dimer_scaler/(MACCS-PDI-Mw-concentration-temperature-polymer dP-polymer dD-polymer dH-solvent dP-solvent dD-solvent dH)_XGBR_mean_transformerOFF_scores.json
/gpfs_common/share03/ddomlab/sdehgha2/working-space/main/P1_pls-dataset/pls-dataset-space/PLS-Dataset/results/target_log First Peak (e-5 place holder)/RRU Dimer_scaler/(MACCS-PDI-Mw-concentration-temperature-polymer dP-polymer dD-polymer dH-solvent dP-solvent dD-solvent dH)_XGBR_mean_transformerOFF_predictions.csv
/gpfs_common/share03/ddomlab/sdehgha2/working-space/main/P1_pls-dataset/pls-dataset-space/PLS-Dataset/results/target_log First Peak (e-5 place holder)/RRU Dimer_scaler/(MACCS-PDI-Mw-concentration-temperature-polymer dP-polymer dD-polymer dH-solvent dP-solvent dD-solvent dH)_XGBR_mean_transformerOFF_shape.json
Done Saving scores!

------------------------------------------------------------
Sender: LSF System <lsfadmin@c026n01>
Subject: Job 500523: <XGBR_log First Peak (e-5 place holder)_MACCS_RRU Dimer_20250122> in cluster <Hazel> Done

Job <XGBR_log First Peak (e-5 place holder)_MACCS_RRU Dimer_20250122> was submitted from host <c011n03> by user <sdehgha2> in cluster <Hazel> at Wed Feb  5 09:59:18 2025
Job was executed on host(s) <6*c026n01>, in queue <single_chassis>, as user <sdehgha2> in cluster <Hazel> at Wed Feb  5 09:59:19 2025
</home/sdehgha2> was used as the home directory.
</share/ddomlab/sdehgha2/working-space/main/P1_pls-dataset/pls-dataset-space/PLS-Dataset/code_/training/hpc_submit_training_Rh> was used as the working directory.
Started at Wed Feb  5 09:59:19 2025
Terminated at Wed Feb  5 10:53:57 2025
Results reported at Wed Feb  5 10:53:57 2025

Your job looked like:

------------------------------------------------------------
# LSBATCH: User input



#BSUB -n 6
#BSUB -W 50:05
#BSUB -R span[hosts=1]
#BSUB -R "rusage[mem=16GB]"
#BSUB -J "XGBR_log First Peak (e-5 place holder)_MACCS_RRU Dimer_20250122"  
#BSUB -o "/share/ddomlab/sdehgha2/working-space/main/P1_pls-dataset/pls-dataset-space/PLS-Dataset/results/hpc_20250205/XGBR_log First Peak (e-5 place holder)_MACCS_RRU Dimer_20250122.out"
#BSUB -e "/share/ddomlab/sdehgha2/working-space/main/P1_pls-dataset/pls-dataset-space/PLS-Dataset/results/hpc_20250205/XGBR_log First Peak (e-5 place holder)_MACCS__RRU Dimer_20250122.err"

source ~/.bashrc
conda activate /usr/local/usrapps/ddomlab/sdehgha2/pls-dataset-env
python ../train_structure_numerical.py --target_features "log First Peak (e-5 place holder)"                                       --representation "MACCS"                                       --regressor_type "XGBR"                                       --oligomer_representation "RRU Dimer"                                       --numerical_feats 'Mn (g/mol)' 'PDI' 'Mw (g/mol)' 'Concentration (mg/ml)' 'Temperature SANS/SLS/DLS/SEC (K)' "polymer dP" "polymer dD" "polymer dH" 'solvent dP' 'solvent dD' 'solvent dH'                                       --columns_to_impute "PDI" "Temperature SANS/SLS/DLS/SEC (K)" "Concentration (mg/ml)"                                       --special_impute 'Mw (g/mol)'                                       --imputer mean 




------------------------------------------------------------

Successfully completed.

Resource usage summary:

    CPU time :                                   9833.00 sec.
    Max Memory :                                 10 GB
    Average Memory :                             8.79 GB
    Total Requested Memory :                     16.00 GB
    Delta Memory :                               6.00 GB
    Max Swap :                                   -
    Max Processes :                              38
    Max Threads :                                41
    Run time :                                   3294 sec.
    Turnaround time :                            3279 sec.

The output (if any) is above this job summary.



PS:

Read file </share/ddomlab/sdehgha2/working-space/main/P1_pls-dataset/pls-dataset-space/PLS-Dataset/results/hpc_20250205/XGBR_log First Peak (e-5 place holder)_MACCS__RRU Dimer_20250122.err> for stderr output of this job.

