


OPTIMIZING HYPERPARAMETERS FOR REGRESSOR MLR 	SEED: 6



OPTIMIZING HYPERPARAMETERS FOR REGRESSOR MLR 	SEED: 6



OPTIMIZING HYPERPARAMETERS FOR REGRESSOR MLR 	SEED: 6


Best parameters: OrderedDict([('regressor__regressor__fit_intercept', False)])





OPTIMIZING HYPERPARAMETERS FOR REGRESSOR MLR 	SEED: 6


Best parameters: OrderedDict([('regressor__regressor__fit_intercept', False)])





OPTIMIZING HYPERPARAMETERS FOR REGRESSOR MLR 	SEED: 6


Best parameters: OrderedDict([('regressor__regressor__fit_intercept', False)])





OPTIMIZING HYPERPARAMETERS FOR REGRESSOR MLR 	SEED: 6


Best parameters: OrderedDict([('regressor__regressor__fit_intercept', True)])





OPTIMIZING HYPERPARAMETERS FOR REGRESSOR MLR 	SEED: 6


Best parameters: OrderedDict([('regressor__regressor__fit_intercept', False)])





OPTIMIZING HYPERPARAMETERS FOR REGRESSOR MLR 	SEED: 6


Best parameters: OrderedDict([('regressor__regressor__fit_intercept', False)])





OPTIMIZING HYPERPARAMETERS FOR REGRESSOR MLR 	SEED: 6


Best parameters: OrderedDict([('regressor__regressor__fit_intercept', False)])





OPTIMIZING HYPERPARAMETERS FOR REGRESSOR MLR 	SEED: 6


Best parameters: OrderedDict([('regressor__regressor__fit_intercept', False)])





OPTIMIZING HYPERPARAMETERS FOR REGRESSOR MLR 	SEED: 6


Best parameters: OrderedDict([('regressor__regressor__fit_intercept', False)])





OPTIMIZING HYPERPARAMETERS FOR REGRESSOR MLR 	SEED: 13


Best parameters: OrderedDict([('regressor__regressor__fit_intercept', True)])





OPTIMIZING HYPERPARAMETERS FOR REGRESSOR MLR 	SEED: 13


Best parameters: OrderedDict([('regressor__regressor__fit_intercept', True)])





OPTIMIZING HYPERPARAMETERS FOR REGRESSOR MLR 	SEED: 13


Best parameters: OrderedDict([('regressor__regressor__fit_intercept', True)])





OPTIMIZING HYPERPARAMETERS FOR REGRESSOR MLR 	SEED: 13


Best parameters: OrderedDict([('regressor__regressor__fit_intercept', True)])





OPTIMIZING HYPERPARAMETERS FOR REGRESSOR MLR 	SEED: 13


Best parameters: OrderedDict([('regressor__regressor__fit_intercept', True)])





OPTIMIZING HYPERPARAMETERS FOR REGRESSOR MLR 	SEED: 42


Best parameters: OrderedDict([('regressor__regressor__fit_intercept', True)])





OPTIMIZING HYPERPARAMETERS FOR REGRESSOR MLR 	SEED: 6


Best parameters: OrderedDict([('regressor__regressor__fit_intercept', False)])





OPTIMIZING HYPERPARAMETERS FOR REGRESSOR MLR 	SEED: 6


Best parameters: OrderedDict([('regressor__regressor__fit_intercept', False)])





OPTIMIZING HYPERPARAMETERS FOR REGRESSOR MLR 	SEED: 6


Best parameters: OrderedDict([('regressor__regressor__fit_intercept', False)])





OPTIMIZING HYPERPARAMETERS FOR REGRESSOR MLR 	SEED: 6


Best parameters: OrderedDict([('regressor__regressor__fit_intercept', False)])





OPTIMIZING HYPERPARAMETERS FOR REGRESSOR MLR 	SEED: 13


Best parameters: OrderedDict([('regressor__regressor__fit_intercept', False)])





OPTIMIZING HYPERPARAMETERS FOR REGRESSOR MLR 	SEED: 13


Best parameters: OrderedDict([('regressor__regressor__fit_intercept', True)])





OPTIMIZING HYPERPARAMETERS FOR REGRESSOR MLR 	SEED: 13


Best parameters: OrderedDict([('regressor__regressor__fit_intercept', False)])





OPTIMIZING HYPERPARAMETERS FOR REGRESSOR MLR 	SEED: 42


Best parameters: OrderedDict([('regressor__regressor__fit_intercept', True)])





OPTIMIZING HYPERPARAMETERS FOR REGRESSOR MLR 	SEED: 42


Best parameters: OrderedDict([('regressor__regressor__fit_intercept', False)])





OPTIMIZING HYPERPARAMETERS FOR REGRESSOR MLR 	SEED: 42


Best parameters: OrderedDict([('regressor__regressor__fit_intercept', False)])





OPTIMIZING HYPERPARAMETERS FOR REGRESSOR MLR 	SEED: 42


Best parameters: OrderedDict([('regressor__regressor__fit_intercept', False)])





OPTIMIZING HYPERPARAMETERS FOR REGRESSOR MLR 	SEED: 69


Best parameters: OrderedDict([('regressor__regressor__fit_intercept', False)])





OPTIMIZING HYPERPARAMETERS FOR REGRESSOR MLR 	SEED: 69


Best parameters: OrderedDict([('regressor__regressor__fit_intercept', False)])





OPTIMIZING HYPERPARAMETERS FOR REGRESSOR MLR 	SEED: 69


Best parameters: OrderedDict([('regressor__regressor__fit_intercept', False)])





OPTIMIZING HYPERPARAMETERS FOR REGRESSOR MLR 	SEED: 69


Best parameters: OrderedDict([('regressor__regressor__fit_intercept', False)])





OPTIMIZING HYPERPARAMETERS FOR REGRESSOR MLR 	SEED: 69


Best parameters: OrderedDict([('regressor__regressor__fit_intercept', True)])





OPTIMIZING HYPERPARAMETERS FOR REGRESSOR MLR 	SEED: 420


Best parameters: OrderedDict([('regressor__regressor__fit_intercept', False)])





OPTIMIZING HYPERPARAMETERS FOR REGRESSOR MLR 	SEED: 13


Best parameters: OrderedDict([('regressor__regressor__fit_intercept', True)])





OPTIMIZING HYPERPARAMETERS FOR REGRESSOR MLR 	SEED: 13


Best parameters: OrderedDict([('regressor__regressor__fit_intercept', False)])





OPTIMIZING HYPERPARAMETERS FOR REGRESSOR MLR 	SEED: 13


Best parameters: OrderedDict([('regressor__regressor__fit_intercept', False)])





OPTIMIZING HYPERPARAMETERS FOR REGRESSOR MLR 	SEED: 13


Best parameters: OrderedDict([('regressor__regressor__fit_intercept', True)])





OPTIMIZING HYPERPARAMETERS FOR REGRESSOR MLR 	SEED: 13


Best parameters: OrderedDict([('regressor__regressor__fit_intercept', True)])





OPTIMIZING HYPERPARAMETERS FOR REGRESSOR MLR 	SEED: 42


Best parameters: OrderedDict([('regressor__regressor__fit_intercept', True)])





OPTIMIZING HYPERPARAMETERS FOR REGRESSOR MLR 	SEED: 42


Best parameters: OrderedDict([('regressor__regressor__fit_intercept', False)])





OPTIMIZING HYPERPARAMETERS FOR REGRESSOR MLR 	SEED: 42


Best parameters: OrderedDict([('regressor__regressor__fit_intercept', True)])





OPTIMIZING HYPERPARAMETERS FOR REGRESSOR MLR 	SEED: 42


Best parameters: OrderedDict([('regressor__regressor__fit_intercept', True)])





OPTIMIZING HYPERPARAMETERS FOR REGRESSOR MLR 	SEED: 42


Best parameters: OrderedDict([('regressor__regressor__fit_intercept', True)])





OPTIMIZING HYPERPARAMETERS FOR REGRESSOR MLR 	SEED: 69


Best parameters: OrderedDict([('regressor__regressor__fit_intercept', False)])





OPTIMIZING HYPERPARAMETERS FOR REGRESSOR MLR 	SEED: 69


Best parameters: OrderedDict([('regressor__regressor__fit_intercept', True)])





OPTIMIZING HYPERPARAMETERS FOR REGRESSOR MLR 	SEED: 69


Best parameters: OrderedDict([('regressor__regressor__fit_intercept', False)])





OPTIMIZING HYPERPARAMETERS FOR REGRESSOR MLR 	SEED: 69


Best parameters: OrderedDict([('regressor__regressor__fit_intercept', False)])





OPTIMIZING HYPERPARAMETERS FOR REGRESSOR MLR 	SEED: 69


Best parameters: OrderedDict([('regressor__regressor__fit_intercept', False)])





OPTIMIZING HYPERPARAMETERS FOR REGRESSOR MLR 	SEED: 420


Best parameters: OrderedDict([('regressor__regressor__fit_intercept', False)])





OPTIMIZING HYPERPARAMETERS FOR REGRESSOR MLR 	SEED: 420


Best parameters: OrderedDict([('regressor__regressor__fit_intercept', False)])





OPTIMIZING HYPERPARAMETERS FOR REGRESSOR MLR 	SEED: 420


Best parameters: OrderedDict([('regressor__regressor__fit_intercept', True)])





OPTIMIZING HYPERPARAMETERS FOR REGRESSOR MLR 	SEED: 420


Best parameters: OrderedDict([('regressor__regressor__fit_intercept', False)])





OPTIMIZING HYPERPARAMETERS FOR REGRESSOR MLR 	SEED: 420


Best parameters: OrderedDict([('regressor__regressor__fit_intercept', False)])





OPTIMIZING HYPERPARAMETERS FOR REGRESSOR MLR 	SEED: 1234567890


Best parameters: OrderedDict([('regressor__regressor__fit_intercept', True)])





OPTIMIZING HYPERPARAMETERS FOR REGRESSOR MLR 	SEED: 1234567890


Best parameters: OrderedDict([('regressor__regressor__fit_intercept', False)])





OPTIMIZING HYPERPARAMETERS FOR REGRESSOR MLR 	SEED: 1234567890


Best parameters: OrderedDict([('regressor__regressor__fit_intercept', False)])





OPTIMIZING HYPERPARAMETERS FOR REGRESSOR MLR 	SEED: 1234567890


Best parameters: OrderedDict([('regressor__regressor__fit_intercept', True)])





OPTIMIZING HYPERPARAMETERS FOR REGRESSOR MLR 	SEED: 1234567890


Best parameters: OrderedDict([('regressor__regressor__fit_intercept', True)])





OPTIMIZING HYPERPARAMETERS FOR REGRESSOR MLR 	SEED: 473129


Best parameters: OrderedDict([('regressor__regressor__fit_intercept', True)])





OPTIMIZING HYPERPARAMETERS FOR REGRESSOR MLR 	SEED: 473129


Best parameters: OrderedDict([('regressor__regressor__fit_intercept', True)])





OPTIMIZING HYPERPARAMETERS FOR REGRESSOR MLR 	SEED: 473129


Best parameters: OrderedDict([('regressor__regressor__fit_intercept', False)])





OPTIMIZING HYPERPARAMETERS FOR REGRESSOR MLR 	SEED: 473129


Best parameters: OrderedDict([('regressor__regressor__fit_intercept', False)])





OPTIMIZING HYPERPARAMETERS FOR REGRESSOR MLR 	SEED: 473129


Best parameters: OrderedDict([('regressor__regressor__fit_intercept', False)])


{'targets_shape': (255, 1), 'training_features_shape': (255, 1)}
Average scores:	 r: 0.15±0.23	 r2: -0.04±0.19
scaler
Filename: (polymer dP)_MLR_Standard
/gpfs_common/share03/ddomlab/sdehgha2/working-space/main/P1_pls-dataset/pls-dataset-space/PLS-Dataset/results/target_Rg/scaler/(polymer dP)_MLR_Standard_scores.json
/gpfs_common/share03/ddomlab/sdehgha2/working-space/main/P1_pls-dataset/pls-dataset-space/PLS-Dataset/results/target_Rg/scaler/(polymer dP)_MLR_Standard_predictions.csv
/gpfs_common/share03/ddomlab/sdehgha2/working-space/main/P1_pls-dataset/pls-dataset-space/PLS-Dataset/results/target_Rg/scaler/(polymer dP)_MLR_Standard_shape.json
Done Saving scores!

------------------------------------------------------------
Sender: LSF System <lsfadmin@c200n14>
Subject: Job 244788: <poly_HSP_with_MLR_on_Rg1 (nm)_signle_polyHSP> in cluster <Hazel> Done

Job <poly_HSP_with_MLR_on_Rg1 (nm)_signle_polyHSP> was submitted from host <c202n01> by user <sdehgha2> in cluster <Hazel> at Wed Nov  6 14:46:57 2024
Job was executed on host(s) <4*c200n14>, in queue <single_chassis>, as user <sdehgha2> in cluster <Hazel> at Wed Nov  6 14:46:58 2024
                            <4*c200n08>
</home/sdehgha2> was used as the home directory.
</share/ddomlab/sdehgha2/working-space/main/P1_pls-dataset/pls-dataset-space/PLS-Dataset/code_/training/hpc_submit_training> was used as the working directory.
Started at Wed Nov  6 14:46:58 2024
Terminated at Wed Nov  6 15:25:10 2024
Results reported at Wed Nov  6 15:25:10 2024

Your job looked like:

------------------------------------------------------------
# LSBATCH: User input

#BSUB -n 8
#BSUB -W 10:01
#BSUB -R span[ptile=4]
#BSUB -R "rusage[mem=32GB]"
#BSUB -J "poly_HSP_with_MLR_on_Rg1 (nm)_signle_polyHSP"
#BSUB -o "/share/ddomlab/sdehgha2/working-space/main/P1_pls-dataset/pls-dataset-space/PLS-Dataset/results/hpc_out/poly_HSP_with_MLR_on_Rg1 (nm)_signle_polyHSP.out"
#BSUB -e "/share/ddomlab/sdehgha2/working-space/main/P1_pls-dataset/pls-dataset-space/PLS-Dataset/results/hpc_out/poly_HSP_with_MLR_on_Rg1 (nm)_signle_polyHSP.err"

source ~/.bashrc
conda activate /usr/local/usrapps/ddomlab/sdehgha2/pls-dataset-env
python ../train_numerical_only.py --target_features "Rg1 (nm)"                                   --regressor_type "MLR"                                   --numerical_feats "polymer dP" 





conda deactivate


------------------------------------------------------------

Successfully completed.

Resource usage summary:

    CPU time :                                   1016.00 sec.
    Max Memory :                                 2 GB
    Average Memory :                             1.10 GB
    Total Requested Memory :                     64.00 GB
    Delta Memory :                               62.00 GB
    Max Swap :                                   -
    Max Processes :                              26
    Max Threads :                                29
    Run time :                                   2313 sec.
    Turnaround time :                            2293 sec.

The output (if any) is above this job summary.



PS:

Read file </share/ddomlab/sdehgha2/working-space/main/P1_pls-dataset/pls-dataset-space/PLS-Dataset/results/hpc_out/poly_HSP_with_MLR_on_Rg1 (nm)_signle_polyHSP.err> for stderr output of this job.



Best parameters: OrderedDict([('regressor__regressor__fit_intercept', False)])





OPTIMIZING HYPERPARAMETERS FOR REGRESSOR MLR 	SEED: 13


Best parameters: OrderedDict([('regressor__regressor__fit_intercept', True)])





OPTIMIZING HYPERPARAMETERS FOR REGRESSOR MLR 	SEED: 13


Best parameters: OrderedDict([('regressor__regressor__fit_intercept', False)])





OPTIMIZING HYPERPARAMETERS FOR REGRESSOR MLR 	SEED: 42


Best parameters: OrderedDict([('regressor__regressor__fit_intercept', False)])





OPTIMIZING HYPERPARAMETERS FOR REGRESSOR MLR 	SEED: 42


Best parameters: OrderedDict([('regressor__regressor__fit_intercept', False)])





OPTIMIZING HYPERPARAMETERS FOR REGRESSOR MLR 	SEED: 42


Best parameters: OrderedDict([('regressor__regressor__fit_intercept', False)])





OPTIMIZING HYPERPARAMETERS FOR REGRESSOR MLR 	SEED: 42


Best parameters: OrderedDict([('regressor__regressor__fit_intercept', False)])





OPTIMIZING HYPERPARAMETERS FOR REGRESSOR MLR 	SEED: 42


Best parameters: OrderedDict([('regressor__regressor__fit_intercept', False)])





OPTIMIZING HYPERPARAMETERS FOR REGRESSOR MLR 	SEED: 69


Best parameters: OrderedDict([('regressor__regressor__fit_intercept', False)])





OPTIMIZING HYPERPARAMETERS FOR REGRESSOR MLR 	SEED: 69


Best parameters: OrderedDict([('regressor__regressor__fit_intercept', False)])





OPTIMIZING HYPERPARAMETERS FOR REGRESSOR MLR 	SEED: 69


Best parameters: OrderedDict([('regressor__regressor__fit_intercept', False)])





OPTIMIZING HYPERPARAMETERS FOR REGRESSOR MLR 	SEED: 69


Best parameters: OrderedDict([('regressor__regressor__fit_intercept', False)])





OPTIMIZING HYPERPARAMETERS FOR REGRESSOR MLR 	SEED: 69


Best parameters: OrderedDict([('regressor__regressor__fit_intercept', False)])





OPTIMIZING HYPERPARAMETERS FOR REGRESSOR MLR 	SEED: 420


Best parameters: OrderedDict([('regressor__regressor__fit_intercept', False)])





OPTIMIZING HYPERPARAMETERS FOR REGRESSOR MLR 	SEED: 420


Best parameters: OrderedDict([('regressor__regressor__fit_intercept', False)])





OPTIMIZING HYPERPARAMETERS FOR REGRESSOR MLR 	SEED: 420


Best parameters: OrderedDict([('regressor__regressor__fit_intercept', False)])





OPTIMIZING HYPERPARAMETERS FOR REGRESSOR MLR 	SEED: 420


Best parameters: OrderedDict([('regressor__regressor__fit_intercept', False)])





OPTIMIZING HYPERPARAMETERS FOR REGRESSOR MLR 	SEED: 420


Best parameters: OrderedDict([('regressor__regressor__fit_intercept', True)])





OPTIMIZING HYPERPARAMETERS FOR REGRESSOR MLR 	SEED: 1234567890


Best parameters: OrderedDict([('regressor__regressor__fit_intercept', False)])





OPTIMIZING HYPERPARAMETERS FOR REGRESSOR MLR 	SEED: 1234567890


Best parameters: OrderedDict([('regressor__regressor__fit_intercept', False)])





OPTIMIZING HYPERPARAMETERS FOR REGRESSOR MLR 	SEED: 1234567890


Best parameters: OrderedDict([('regressor__regressor__fit_intercept', False)])





OPTIMIZING HYPERPARAMETERS FOR REGRESSOR MLR 	SEED: 1234567890


Best parameters: OrderedDict([('regressor__regressor__fit_intercept', False)])





OPTIMIZING HYPERPARAMETERS FOR REGRESSOR MLR 	SEED: 1234567890


Best parameters: OrderedDict([('regressor__regressor__fit_intercept', False)])





OPTIMIZING HYPERPARAMETERS FOR REGRESSOR MLR 	SEED: 473129


Best parameters: OrderedDict([('regressor__regressor__fit_intercept', False)])





OPTIMIZING HYPERPARAMETERS FOR REGRESSOR MLR 	SEED: 473129


Best parameters: OrderedDict([('regressor__regressor__fit_intercept', False)])





OPTIMIZING HYPERPARAMETERS FOR REGRESSOR MLR 	SEED: 473129


Best parameters: OrderedDict([('regressor__regressor__fit_intercept', False)])





OPTIMIZING HYPERPARAMETERS FOR REGRESSOR MLR 	SEED: 473129


Best parameters: OrderedDict([('regressor__regressor__fit_intercept', True)])





OPTIMIZING HYPERPARAMETERS FOR REGRESSOR MLR 	SEED: 473129


Best parameters: OrderedDict([('regressor__regressor__fit_intercept', False)])


{'targets_shape': (255, 1), 'training_features_shape': (255, 1)}
Average scores:	 r: 0.05±0.09	 r2: -0.05±0.09
scaler
Filename: (polymer dD)_MLR_Standard
/gpfs_common/share03/ddomlab/sdehgha2/working-space/main/P1_pls-dataset/pls-dataset-space/PLS-Dataset/results/target_Rg/scaler/(polymer dD)_MLR_Standard_scores.json
/gpfs_common/share03/ddomlab/sdehgha2/working-space/main/P1_pls-dataset/pls-dataset-space/PLS-Dataset/results/target_Rg/scaler/(polymer dD)_MLR_Standard_predictions.csv
/gpfs_common/share03/ddomlab/sdehgha2/working-space/main/P1_pls-dataset/pls-dataset-space/PLS-Dataset/results/target_Rg/scaler/(polymer dD)_MLR_Standard_shape.json
Done Saving scores!

------------------------------------------------------------
Sender: LSF System <lsfadmin@c200n13>
Subject: Job 244789: <poly_HSP_with_MLR_on_Rg1 (nm)_signle_polyHSP> in cluster <Hazel> Done

Job <poly_HSP_with_MLR_on_Rg1 (nm)_signle_polyHSP> was submitted from host <c202n01> by user <sdehgha2> in cluster <Hazel> at Wed Nov  6 14:46:58 2024
Job was executed on host(s) <4*c200n13>, in queue <single_chassis>, as user <sdehgha2> in cluster <Hazel> at Wed Nov  6 14:46:58 2024
                            <4*c200n03>
</home/sdehgha2> was used as the home directory.
</share/ddomlab/sdehgha2/working-space/main/P1_pls-dataset/pls-dataset-space/PLS-Dataset/code_/training/hpc_submit_training> was used as the working directory.
Started at Wed Nov  6 14:46:58 2024
Terminated at Wed Nov  6 15:29:01 2024
Results reported at Wed Nov  6 15:29:01 2024

Your job looked like:

------------------------------------------------------------
# LSBATCH: User input

#BSUB -n 8
#BSUB -W 10:01
#BSUB -R span[ptile=4]
#BSUB -R "rusage[mem=32GB]"
#BSUB -J "poly_HSP_with_MLR_on_Rg1 (nm)_signle_polyHSP"
#BSUB -o "/share/ddomlab/sdehgha2/working-space/main/P1_pls-dataset/pls-dataset-space/PLS-Dataset/results/hpc_out/poly_HSP_with_MLR_on_Rg1 (nm)_signle_polyHSP.out"
#BSUB -e "/share/ddomlab/sdehgha2/working-space/main/P1_pls-dataset/pls-dataset-space/PLS-Dataset/results/hpc_out/poly_HSP_with_MLR_on_Rg1 (nm)_signle_polyHSP.err"

source ~/.bashrc
conda activate /usr/local/usrapps/ddomlab/sdehgha2/pls-dataset-env
python ../train_numerical_only.py --target_features "Rg1 (nm)"                                   --regressor_type "MLR"                                   --numerical_feats "polymer dD" 





conda deactivate


------------------------------------------------------------

Successfully completed.

Resource usage summary:

    CPU time :                                   869.49 sec.
    Max Memory :                                 2 GB
    Average Memory :                             1.12 GB
    Total Requested Memory :                     64.00 GB
    Delta Memory :                               62.00 GB
    Max Swap :                                   -
    Max Processes :                              26
    Max Threads :                                29
    Run time :                                   2524 sec.
    Turnaround time :                            2523 sec.

The output (if any) is above this job summary.



PS:

Read file </share/ddomlab/sdehgha2/working-space/main/P1_pls-dataset/pls-dataset-space/PLS-Dataset/results/hpc_out/poly_HSP_with_MLR_on_Rg1 (nm)_signle_polyHSP.err> for stderr output of this job.



Best parameters: OrderedDict([('regressor__regressor__fit_intercept', False)])





OPTIMIZING HYPERPARAMETERS FOR REGRESSOR MLR 	SEED: 420


Best parameters: OrderedDict([('regressor__regressor__fit_intercept', True)])





OPTIMIZING HYPERPARAMETERS FOR REGRESSOR MLR 	SEED: 420


Best parameters: OrderedDict([('regressor__regressor__fit_intercept', False)])





OPTIMIZING HYPERPARAMETERS FOR REGRESSOR MLR 	SEED: 420


Best parameters: OrderedDict([('regressor__regressor__fit_intercept', True)])





OPTIMIZING HYPERPARAMETERS FOR REGRESSOR MLR 	SEED: 420


Best parameters: OrderedDict([('regressor__regressor__fit_intercept', False)])





OPTIMIZING HYPERPARAMETERS FOR REGRESSOR MLR 	SEED: 1234567890


Best parameters: OrderedDict([('regressor__regressor__fit_intercept', False)])





OPTIMIZING HYPERPARAMETERS FOR REGRESSOR MLR 	SEED: 1234567890


Best parameters: OrderedDict([('regressor__regressor__fit_intercept', True)])





OPTIMIZING HYPERPARAMETERS FOR REGRESSOR MLR 	SEED: 1234567890


Best parameters: OrderedDict([('regressor__regressor__fit_intercept', False)])





OPTIMIZING HYPERPARAMETERS FOR REGRESSOR MLR 	SEED: 1234567890


Best parameters: OrderedDict([('regressor__regressor__fit_intercept', True)])





OPTIMIZING HYPERPARAMETERS FOR REGRESSOR MLR 	SEED: 1234567890


Best parameters: OrderedDict([('regressor__regressor__fit_intercept', False)])





OPTIMIZING HYPERPARAMETERS FOR REGRESSOR MLR 	SEED: 473129


Best parameters: OrderedDict([('regressor__regressor__fit_intercept', False)])





OPTIMIZING HYPERPARAMETERS FOR REGRESSOR MLR 	SEED: 473129


Best parameters: OrderedDict([('regressor__regressor__fit_intercept', False)])





OPTIMIZING HYPERPARAMETERS FOR REGRESSOR MLR 	SEED: 473129


Best parameters: OrderedDict([('regressor__regressor__fit_intercept', False)])





OPTIMIZING HYPERPARAMETERS FOR REGRESSOR MLR 	SEED: 473129


Best parameters: OrderedDict([('regressor__regressor__fit_intercept', True)])





OPTIMIZING HYPERPARAMETERS FOR REGRESSOR MLR 	SEED: 473129


Best parameters: OrderedDict([('regressor__regressor__fit_intercept', False)])


{'targets_shape': (255, 1), 'training_features_shape': (255, 1)}
Average scores:	 r: -0.12±0.17	 r2: -0.07±0.1
scaler
Filename: (polymer dH)_MLR_Standard
/gpfs_common/share03/ddomlab/sdehgha2/working-space/main/P1_pls-dataset/pls-dataset-space/PLS-Dataset/results/target_Rg/scaler/(polymer dH)_MLR_Standard_scores.json
/gpfs_common/share03/ddomlab/sdehgha2/working-space/main/P1_pls-dataset/pls-dataset-space/PLS-Dataset/results/target_Rg/scaler/(polymer dH)_MLR_Standard_predictions.csv
/gpfs_common/share03/ddomlab/sdehgha2/working-space/main/P1_pls-dataset/pls-dataset-space/PLS-Dataset/results/target_Rg/scaler/(polymer dH)_MLR_Standard_shape.json
Done Saving scores!

------------------------------------------------------------
Sender: LSF System <lsfadmin@c202n01>
Subject: Job 244790: <poly_HSP_with_MLR_on_Rg1 (nm)_signle_polyHSP> in cluster <Hazel> Done

Job <poly_HSP_with_MLR_on_Rg1 (nm)_signle_polyHSP> was submitted from host <c202n01> by user <sdehgha2> in cluster <Hazel> at Wed Nov  6 14:46:58 2024
Job was executed on host(s) <4*c202n01>, in queue <single_chassis>, as user <sdehgha2> in cluster <Hazel> at Wed Nov  6 14:47:52 2024
                            <4*c202n09>
</home/sdehgha2> was used as the home directory.
</share/ddomlab/sdehgha2/working-space/main/P1_pls-dataset/pls-dataset-space/PLS-Dataset/code_/training/hpc_submit_training> was used as the working directory.
Started at Wed Nov  6 14:47:52 2024
Terminated at Wed Nov  6 15:46:30 2024
Results reported at Wed Nov  6 15:46:30 2024

Your job looked like:

------------------------------------------------------------
# LSBATCH: User input

#BSUB -n 8
#BSUB -W 10:01
#BSUB -R span[ptile=4]
#BSUB -R "rusage[mem=32GB]"
#BSUB -J "poly_HSP_with_MLR_on_Rg1 (nm)_signle_polyHSP"
#BSUB -o "/share/ddomlab/sdehgha2/working-space/main/P1_pls-dataset/pls-dataset-space/PLS-Dataset/results/hpc_out/poly_HSP_with_MLR_on_Rg1 (nm)_signle_polyHSP.out"
#BSUB -e "/share/ddomlab/sdehgha2/working-space/main/P1_pls-dataset/pls-dataset-space/PLS-Dataset/results/hpc_out/poly_HSP_with_MLR_on_Rg1 (nm)_signle_polyHSP.err"

source ~/.bashrc
conda activate /usr/local/usrapps/ddomlab/sdehgha2/pls-dataset-env
python ../train_numerical_only.py --target_features "Rg1 (nm)"                                   --regressor_type "MLR"                                   --numerical_feats "polymer dH" 





conda deactivate


------------------------------------------------------------

Successfully completed.

Resource usage summary:

    CPU time :                                   831.00 sec.
    Max Memory :                                 2 GB
    Average Memory :                             0.86 GB
    Total Requested Memory :                     64.00 GB
    Delta Memory :                               62.00 GB
    Max Swap :                                   -
    Max Processes :                              26
    Max Threads :                                29
    Run time :                                   3536 sec.
    Turnaround time :                            3572 sec.

The output (if any) is above this job summary.



PS:

Read file </share/ddomlab/sdehgha2/working-space/main/P1_pls-dataset/pls-dataset-space/PLS-Dataset/results/hpc_out/poly_HSP_with_MLR_on_Rg1 (nm)_signle_polyHSP.err> for stderr output of this job.

