0
-------- OOD Parallel --------
-------- IID Parallel --------
-------- OOD Parallel --------
-------- IID Parallel --------
-------- OOD Parallel --------
-------- IID Parallel --------
-------- OOD Parallel --------
-------- IID Parallel --------
-------- OOD Parallel --------
-------- IID Parallel --------
-------- OOD Parallel --------
-------- IID Parallel --------
1
-------- OOD Parallel --------
-------- IID Parallel --------
-------- OOD Parallel --------
-------- IID Parallel --------
-------- OOD Parallel --------
-------- IID Parallel --------
-------- OOD Parallel --------
-------- IID Parallel --------
-------- OOD Parallel --------
-------- IID Parallel --------
-------- OOD Parallel --------
-------- IID Parallel --------
2
-------- OOD Parallel --------
-------- IID Parallel --------
-------- OOD Parallel --------
-------- IID Parallel --------
-------- OOD Parallel --------
-------- IID Parallel --------
-------- OOD Parallel --------
-------- IID Parallel --------
-------- OOD Parallel --------
-------- IID Parallel --------
-------- OOD Parallel --------
-------- IID Parallel --------
3
-------- OOD Parallel --------
-------- IID Parallel --------
-------- OOD Parallel --------
-------- IID Parallel --------
-------- OOD Parallel --------
-------- IID Parallel --------
-------- OOD Parallel --------
-------- IID Parallel --------
-------- OOD Parallel --------
-------- IID Parallel --------
-------- OOD Parallel --------
-------- IID Parallel --------
Filename: (Xn-Mw-PDI-concentration-temperature-polymer dP-polymer dD-polymer dH-solvent dP-solvent dD-solvent dH-light exposure-aging time-aging temperature-prep temperature-prep time)_RF_hypOFF_Standard_lc
Done Saving scores!

------------------------------------------------------------
Sender: LSF System <lsfadmin@c205n03>
Subject: Job 634623: <RF_log Rg (nm)___KM4 polymer_solvent HSP cluster_20250531> in cluster <Hazel> Done

Job <RF_log Rg (nm)___KM4 polymer_solvent HSP cluster_20250531> was submitted from host <c207n06> by user <sdehgha2> in cluster <Hazel> at Sat May 31 10:42:50 2025
Job was executed on host(s) <4*c205n03>, in queue <single_chassis>, as user <sdehgha2> in cluster <Hazel> at Sat May 31 10:42:52 2025
</home/sdehgha2> was used as the home directory.
</share/ddomlab/sdehgha2/working-space/main/P1_pls-dataset/pls-dataset-space/PLS-Dataset/code_/training/hpc_submit_training_Rh> was used as the working directory.
Started at Sat May 31 10:42:52 2025
Terminated at Sat May 31 10:48:11 2025
Results reported at Sat May 31 10:48:11 2025

Your job looked like:

------------------------------------------------------------
# LSBATCH: User input



#BSUB -n 4
#BSUB -W 06:00
#BSUB -R span[hosts=1]
#BSUB -R "rusage[mem=16GB]"
#BSUB -J "RF_log Rg (nm)___KM4 polymer_solvent HSP cluster_20250531"  
#BSUB -o "/share/ddomlab/sdehgha2/working-space/main/P1_pls-dataset/pls-dataset-space/PLS-Dataset/results/hpc_20250531/RF_log Rg (nm)___KM4 polymer_solvent HSP cluster_numerical_20250531.out"
#BSUB -e "/share/ddomlab/sdehgha2/working-space/main/P1_pls-dataset/pls-dataset-space/PLS-Dataset/results/hpc_20250531/RF_log Rg (nm)___KM4 polymer_solvent HSP cluster_numerical_20250531.err"

source ~/.bashrc
conda activate /usr/local/usrapps/ddomlab/sdehgha2/pls-dataset-env
python ../make_ood_learning_curve.py --target_features "log Rg (nm)"                                       --regressor_type "RF"                                       --numerical_feats 'Xn' 'Mw (g/mol)' 'PDI' 'Concentration (mg/ml)' 'Temperature SANS/SLS/DLS/SEC (K)' "polymer dP" "polymer dD" "polymer dH" 'solvent dP' 'solvent dD' 'solvent dH' "Dark/light" "Aging time (hour)" "To Aging Temperature (K)" "Sonication/Stirring/heating Temperature (K)" "Merged Stirring /sonication/heating time(min)"                                       --clustering_method "KM4 polymer_solvent HSP cluster" 



------------------------------------------------------------

Successfully completed.

Resource usage summary:

    CPU time :                                   2504.00 sec.
    Max Memory :                                 5 GB
    Average Memory :                             3.85 GB
    Total Requested Memory :                     16.00 GB
    Delta Memory :                               11.00 GB
    Max Swap :                                   -
    Max Processes :                              30
    Max Threads :                                582
    Run time :                                   320 sec.
    Turnaround time :                            321 sec.

The output (if any) is above this job summary.



PS:

Read file </share/ddomlab/sdehgha2/working-space/main/P1_pls-dataset/pls-dataset-space/PLS-Dataset/results/hpc_20250531/RF_log Rg (nm)___KM4 polymer_solvent HSP cluster_numerical_20250531.err> for stderr output of this job.

0
-------- OOD Parallel --------
-------- IID Parallel --------
-------- OOD Parallel --------
-------- IID Parallel --------
-------- OOD Parallel --------
-------- IID Parallel --------
-------- OOD Parallel --------
-------- IID Parallel --------
-------- OOD Parallel --------
-------- IID Parallel --------
-------- OOD Parallel --------
-------- IID Parallel --------
1
-------- OOD Parallel --------
-------- IID Parallel --------
-------- OOD Parallel --------
-------- IID Parallel --------
-------- OOD Parallel --------
-------- IID Parallel --------
-------- OOD Parallel --------
-------- IID Parallel --------
-------- OOD Parallel --------
-------- IID Parallel --------
-------- OOD Parallel --------
-------- IID Parallel --------
2
-------- OOD Parallel --------
-------- IID Parallel --------
-------- OOD Parallel --------
-------- IID Parallel --------
-------- OOD Parallel --------
-------- IID Parallel --------
-------- OOD Parallel --------
-------- IID Parallel --------
-------- OOD Parallel --------
-------- IID Parallel --------
-------- OOD Parallel --------
-------- IID Parallel --------
3
-------- OOD Parallel --------
-------- IID Parallel --------
-------- OOD Parallel --------
-------- IID Parallel --------
-------- OOD Parallel --------
-------- IID Parallel --------
-------- OOD Parallel --------
-------- IID Parallel --------
-------- OOD Parallel --------
-------- IID Parallel --------
-------- OOD Parallel --------
-------- IID Parallel --------
Filename: (concentration-temperature-solvent dP-solvent dD-solvent dH)_RF_hypOFF_Standard_lc
Done Saving scores!

------------------------------------------------------------
Sender: LSF System <lsfadmin@c203n10>
Subject: Job 634652: <RF_log Rg (nm)___KM4 polymer_solvent HSP cluster_20250531> in cluster <Hazel> Done

Job <RF_log Rg (nm)___KM4 polymer_solvent HSP cluster_20250531> was submitted from host <c203n01> by user <sdehgha2> in cluster <Hazel> at Sat May 31 10:51:04 2025
Job was executed on host(s) <4*c203n10>, in queue <single_chassis>, as user <sdehgha2> in cluster <Hazel> at Sat May 31 10:51:06 2025
</home/sdehgha2> was used as the home directory.
</share/ddomlab/sdehgha2/working-space/main/P1_pls-dataset/pls-dataset-space/PLS-Dataset/code_/training/hpc_submit_training_Rh> was used as the working directory.
Started at Sat May 31 10:51:06 2025
Terminated at Sat May 31 11:00:35 2025
Results reported at Sat May 31 11:00:35 2025

Your job looked like:

------------------------------------------------------------
# LSBATCH: User input



#BSUB -n 4
#BSUB -W 06:00
#BSUB -R span[hosts=1]
#BSUB -R "rusage[mem=16GB]"
#BSUB -J "RF_log Rg (nm)___KM4 polymer_solvent HSP cluster_20250531"  
#BSUB -o "/share/ddomlab/sdehgha2/working-space/main/P1_pls-dataset/pls-dataset-space/PLS-Dataset/results/hpc_20250531/RF_log Rg (nm)___KM4 polymer_solvent HSP cluster_numerical_20250531.out"
#BSUB -e "/share/ddomlab/sdehgha2/working-space/main/P1_pls-dataset/pls-dataset-space/PLS-Dataset/results/hpc_20250531/RF_log Rg (nm)___KM4 polymer_solvent HSP cluster_numerical_20250531.err"

source ~/.bashrc
conda activate /usr/local/usrapps/ddomlab/sdehgha2/pls-dataset-env
python ../make_ood_learning_curve.py --target_features "log Rg (nm)"                                       --regressor_type "RF"                                       --numerical_feats 'Concentration (mg/ml)' 'Temperature SANS/SLS/DLS/SEC (K)' 'solvent dP' 'solvent dD' 'solvent dH'                                       --clustering_method "KM4 polymer_solvent HSP cluster" 



------------------------------------------------------------

Successfully completed.

Resource usage summary:

    CPU time :                                   2264.00 sec.
    Max Memory :                                 4 GB
    Average Memory :                             3.43 GB
    Total Requested Memory :                     16.00 GB
    Delta Memory :                               12.00 GB
    Max Swap :                                   -
    Max Processes :                              26
    Max Threads :                                398
    Run time :                                   580 sec.
    Turnaround time :                            571 sec.

The output (if any) is above this job summary.



PS:

Read file </share/ddomlab/sdehgha2/working-space/main/P1_pls-dataset/pls-dataset-space/PLS-Dataset/results/hpc_20250531/RF_log Rg (nm)___KM4 polymer_solvent HSP cluster_numerical_20250531.err> for stderr output of this job.

0
-------- OOD Parallel --------
-------- IID Parallel --------
-------- OOD Parallel --------
-------- IID Parallel --------
-------- OOD Parallel --------
-------- IID Parallel --------
-------- OOD Parallel --------
-------- IID Parallel --------
-------- OOD Parallel --------
-------- IID Parallel --------
-------- OOD Parallel --------
-------- IID Parallel --------
1
-------- OOD Parallel --------
-------- IID Parallel --------
-------- OOD Parallel --------
-------- IID Parallel --------
-------- OOD Parallel --------
-------- IID Parallel --------
-------- OOD Parallel --------
-------- IID Parallel --------
-------- OOD Parallel --------
-------- IID Parallel --------
-------- OOD Parallel --------
-------- IID Parallel --------
2
-------- OOD Parallel --------
-------- IID Parallel --------
-------- OOD Parallel --------
-------- IID Parallel --------
-------- OOD Parallel --------
-------- IID Parallel --------
-------- OOD Parallel --------
-------- IID Parallel --------
-------- OOD Parallel --------
-------- IID Parallel --------
-------- OOD Parallel --------
-------- IID Parallel --------
3
-------- OOD Parallel --------
-------- IID Parallel --------
-------- OOD Parallel --------
-------- IID Parallel --------
-------- OOD Parallel --------
-------- IID Parallel --------
-------- OOD Parallel --------
-------- IID Parallel --------
-------- OOD Parallel --------
-------- IID Parallel --------
-------- OOD Parallel --------
-------- IID Parallel --------
Filename: (concentration-temperature-solvent dP-solvent dD-solvent dH-light exposure-aging time-aging temperature-prep temperature-prep time)_RF_hypOFF_Standard_lc
Done Saving scores!

------------------------------------------------------------
Sender: LSF System <lsfadmin@c203n09>
Subject: Job 634735: <RF_log Rg (nm)___KM4 polymer_solvent HSP cluster_20250531> in cluster <Hazel> Done

Job <RF_log Rg (nm)___KM4 polymer_solvent HSP cluster_20250531> was submitted from host <c203n05> by user <sdehgha2> in cluster <Hazel> at Sat May 31 11:24:14 2025
Job was executed on host(s) <4*c203n09>, in queue <single_chassis>, as user <sdehgha2> in cluster <Hazel> at Sat May 31 11:24:15 2025
</home/sdehgha2> was used as the home directory.
</share/ddomlab/sdehgha2/working-space/main/P1_pls-dataset/pls-dataset-space/PLS-Dataset/code_/training/hpc_submit_training_Rh> was used as the working directory.
Started at Sat May 31 11:24:15 2025
Terminated at Sat May 31 11:30:26 2025
Results reported at Sat May 31 11:30:26 2025

Your job looked like:

------------------------------------------------------------
# LSBATCH: User input



#BSUB -n 4
#BSUB -W 06:00
#BSUB -R span[hosts=1]
#BSUB -R "rusage[mem=16GB]"
#BSUB -J "RF_log Rg (nm)___KM4 polymer_solvent HSP cluster_20250531"  
#BSUB -o "/share/ddomlab/sdehgha2/working-space/main/P1_pls-dataset/pls-dataset-space/PLS-Dataset/results/hpc_20250531/RF_log Rg (nm)___KM4 polymer_solvent HSP cluster_numerical_20250531.out"
#BSUB -e "/share/ddomlab/sdehgha2/working-space/main/P1_pls-dataset/pls-dataset-space/PLS-Dataset/results/hpc_20250531/RF_log Rg (nm)___KM4 polymer_solvent HSP cluster_numerical_20250531.err"

source ~/.bashrc
conda activate /usr/local/usrapps/ddomlab/sdehgha2/pls-dataset-env
python ../make_ood_learning_curve.py --target_features "log Rg (nm)"                                       --regressor_type "RF"                                       --numerical_feats 'Concentration (mg/ml)' 'Temperature SANS/SLS/DLS/SEC (K)' 'solvent dP' 'solvent dD' 'solvent dH' "Dark/light" "Aging time (hour)" "To Aging Temperature (K)" "Sonication/Stirring/heating Temperature (K)" "Merged Stirring /sonication/heating time(min)"                                       --clustering_method "KM4 polymer_solvent HSP cluster" 



------------------------------------------------------------

Successfully completed.

Resource usage summary:

    CPU time :                                   2352.00 sec.
    Max Memory :                                 4 GB
    Average Memory :                             3.14 GB
    Total Requested Memory :                     16.00 GB
    Delta Memory :                               12.00 GB
    Max Swap :                                   -
    Max Processes :                              26
    Max Threads :                                436
    Run time :                                   371 sec.
    Turnaround time :                            372 sec.

The output (if any) is above this job summary.



PS:

Read file </share/ddomlab/sdehgha2/working-space/main/P1_pls-dataset/pls-dataset-space/PLS-Dataset/results/hpc_20250531/RF_log Rg (nm)___KM4 polymer_solvent HSP cluster_numerical_20250531.err> for stderr output of this job.

0
-------- OOD Parallel --------
-------- IID Parallel --------
-------- OOD Parallel --------
-------- IID Parallel --------
-------- OOD Parallel --------
-------- IID Parallel --------
-------- OOD Parallel --------
-------- IID Parallel --------
-------- OOD Parallel --------
-------- IID Parallel --------
-------- OOD Parallel --------
-------- IID Parallel --------
1
-------- OOD Parallel --------
-------- IID Parallel --------
-------- OOD Parallel --------
-------- IID Parallel --------
-------- OOD Parallel --------
-------- IID Parallel --------
-------- OOD Parallel --------
-------- IID Parallel --------
-------- OOD Parallel --------
-------- IID Parallel --------
-------- OOD Parallel --------
-------- IID Parallel --------
2
-------- OOD Parallel --------
-------- IID Parallel --------
-------- OOD Parallel --------
-------- IID Parallel --------
-------- OOD Parallel --------
-------- IID Parallel --------
-------- OOD Parallel --------
-------- IID Parallel --------
-------- OOD Parallel --------
-------- IID Parallel --------
-------- OOD Parallel --------
-------- IID Parallel --------
3
-------- OOD Parallel --------
-------- IID Parallel --------
-------- OOD Parallel --------
-------- IID Parallel --------
-------- OOD Parallel --------
-------- IID Parallel --------
-------- OOD Parallel --------
-------- IID Parallel --------
-------- OOD Parallel --------
-------- IID Parallel --------
-------- OOD Parallel --------
-------- IID Parallel --------
Filename: (Xn-Mw-PDI)_RF_hypOFF_Standard_lc
Done Saving scores!

------------------------------------------------------------
Sender: LSF System <lsfadmin@c203n09>
Subject: Job 634760: <RF_log Rg (nm)___KM4 polymer_solvent HSP cluster_20250531> in cluster <Hazel> Done

Job <RF_log Rg (nm)___KM4 polymer_solvent HSP cluster_20250531> was submitted from host <c205n03> by user <sdehgha2> in cluster <Hazel> at Sat May 31 11:32:48 2025
Job was executed on host(s) <4*c203n09>, in queue <single_chassis>, as user <sdehgha2> in cluster <Hazel> at Sat May 31 11:32:50 2025
</home/sdehgha2> was used as the home directory.
</share/ddomlab/sdehgha2/working-space/main/P1_pls-dataset/pls-dataset-space/PLS-Dataset/code_/training/hpc_submit_training_Rh> was used as the working directory.
Started at Sat May 31 11:32:50 2025
Terminated at Sat May 31 11:38:56 2025
Results reported at Sat May 31 11:38:56 2025

Your job looked like:

------------------------------------------------------------
# LSBATCH: User input



#BSUB -n 4
#BSUB -W 06:00
#BSUB -R span[hosts=1]
#BSUB -R "rusage[mem=16GB]"
#BSUB -J "RF_log Rg (nm)___KM4 polymer_solvent HSP cluster_20250531"  
#BSUB -o "/share/ddomlab/sdehgha2/working-space/main/P1_pls-dataset/pls-dataset-space/PLS-Dataset/results/hpc_20250531/RF_log Rg (nm)___KM4 polymer_solvent HSP cluster_numerical_20250531.out"
#BSUB -e "/share/ddomlab/sdehgha2/working-space/main/P1_pls-dataset/pls-dataset-space/PLS-Dataset/results/hpc_20250531/RF_log Rg (nm)___KM4 polymer_solvent HSP cluster_numerical_20250531.err"

source ~/.bashrc
conda activate /usr/local/usrapps/ddomlab/sdehgha2/pls-dataset-env
python ../make_ood_learning_curve.py --target_features "log Rg (nm)"                                       --regressor_type "RF"                                       --numerical_feats 'Xn' 'Mw (g/mol)' 'PDI'                                       --clustering_method "KM4 polymer_solvent HSP cluster" 



------------------------------------------------------------

Successfully completed.

Resource usage summary:

    CPU time :                                   2312.00 sec.
    Max Memory :                                 4 GB
    Average Memory :                             3.14 GB
    Total Requested Memory :                     16.00 GB
    Delta Memory :                               12.00 GB
    Max Swap :                                   -
    Max Processes :                              26
    Max Threads :                                407
    Run time :                                   380 sec.
    Turnaround time :                            368 sec.

The output (if any) is above this job summary.



PS:

Read file </share/ddomlab/sdehgha2/working-space/main/P1_pls-dataset/pls-dataset-space/PLS-Dataset/results/hpc_20250531/RF_log Rg (nm)___KM4 polymer_solvent HSP cluster_numerical_20250531.err> for stderr output of this job.

0
-------- OOD Parallel --------
-------- IID Parallel --------
-------- OOD Parallel --------
-------- IID Parallel --------
-------- OOD Parallel --------
-------- IID Parallel --------
-------- OOD Parallel --------
-------- IID Parallel --------
-------- OOD Parallel --------
-------- IID Parallel --------
-------- OOD Parallel --------
-------- IID Parallel --------
1
-------- OOD Parallel --------
-------- IID Parallel --------
-------- OOD Parallel --------
-------- IID Parallel --------
-------- OOD Parallel --------
-------- IID Parallel --------
-------- OOD Parallel --------
-------- IID Parallel --------
-------- OOD Parallel --------
-------- IID Parallel --------
-------- OOD Parallel --------
-------- IID Parallel --------
2
-------- OOD Parallel --------
-------- IID Parallel --------
-------- OOD Parallel --------
-------- IID Parallel --------
-------- OOD Parallel --------
-------- IID Parallel --------
-------- OOD Parallel --------
-------- IID Parallel --------
-------- OOD Parallel --------
-------- IID Parallel --------
-------- OOD Parallel --------
-------- IID Parallel --------
3
-------- OOD Parallel --------
-------- IID Parallel --------
-------- OOD Parallel --------
-------- IID Parallel --------
-------- OOD Parallel --------
-------- IID Parallel --------
-------- OOD Parallel --------
-------- IID Parallel --------
-------- OOD Parallel --------
-------- IID Parallel --------
-------- OOD Parallel --------
-------- IID Parallel --------
Filename: (Xn-Mw-PDI-polymer dP-polymer dD-polymer dH)_RF_hypOFF_Standard_lc
Done Saving scores!

------------------------------------------------------------
Sender: LSF System <lsfadmin@c203n03>
Subject: Job 634800: <RF_log Rg (nm)___KM4 polymer_solvent HSP cluster_20250531> in cluster <Hazel> Done

Job <RF_log Rg (nm)___KM4 polymer_solvent HSP cluster_20250531> was submitted from host <c203n09> by user <sdehgha2> in cluster <Hazel> at Sat May 31 11:46:27 2025
Job was executed on host(s) <4*c203n03>, in queue <single_chassis>, as user <sdehgha2> in cluster <Hazel> at Sat May 31 11:46:29 2025
</home/sdehgha2> was used as the home directory.
</share/ddomlab/sdehgha2/working-space/main/P1_pls-dataset/pls-dataset-space/PLS-Dataset/code_/training/hpc_submit_training_Rh> was used as the working directory.
Started at Sat May 31 11:46:29 2025
Terminated at Sat May 31 11:50:56 2025
Results reported at Sat May 31 11:50:56 2025

Your job looked like:

------------------------------------------------------------
# LSBATCH: User input



#BSUB -n 4
#BSUB -W 06:00
#BSUB -R span[hosts=1]
#BSUB -R "rusage[mem=16GB]"
#BSUB -J "RF_log Rg (nm)___KM4 polymer_solvent HSP cluster_20250531"  
#BSUB -o "/share/ddomlab/sdehgha2/working-space/main/P1_pls-dataset/pls-dataset-space/PLS-Dataset/results/hpc_20250531/RF_log Rg (nm)___KM4 polymer_solvent HSP cluster_numerical_20250531.out"
#BSUB -e "/share/ddomlab/sdehgha2/working-space/main/P1_pls-dataset/pls-dataset-space/PLS-Dataset/results/hpc_20250531/RF_log Rg (nm)___KM4 polymer_solvent HSP cluster_numerical_20250531.err"

source ~/.bashrc
conda activate /usr/local/usrapps/ddomlab/sdehgha2/pls-dataset-env
python ../make_ood_learning_curve.py --target_features "log Rg (nm)"                                       --regressor_type "RF"                                       --numerical_feats 'Xn' 'Mw (g/mol)' 'PDI' "polymer dP" "polymer dD" "polymer dH"                                       --clustering_method "KM4 polymer_solvent HSP cluster" 



------------------------------------------------------------

Successfully completed.

Resource usage summary:

    CPU time :                                   2385.00 sec.
    Max Memory :                                 4 GB
    Average Memory :                             2.91 GB
    Total Requested Memory :                     16.00 GB
    Delta Memory :                               12.00 GB
    Max Swap :                                   -
    Max Processes :                              26
    Max Threads :                                396
    Run time :                                   274 sec.
    Turnaround time :                            269 sec.

The output (if any) is above this job summary.



PS:

Read file </share/ddomlab/sdehgha2/working-space/main/P1_pls-dataset/pls-dataset-space/PLS-Dataset/results/hpc_20250531/RF_log Rg (nm)___KM4 polymer_solvent HSP cluster_numerical_20250531.err> for stderr output of this job.

