0
-------- OOD Parallel --------
-------- IID Parallel --------
-------- OOD Parallel --------
-------- IID Parallel --------
-------- OOD Parallel --------
-------- IID Parallel --------
-------- OOD Parallel --------
-------- IID Parallel --------
-------- OOD Parallel --------
-------- IID Parallel --------
-------- OOD Parallel --------
-------- IID Parallel --------
1
-------- OOD Parallel --------
-------- IID Parallel --------
-------- OOD Parallel --------
-------- IID Parallel --------
-------- OOD Parallel --------
-------- IID Parallel --------
-------- OOD Parallel --------
-------- IID Parallel --------
-------- OOD Parallel --------
-------- IID Parallel --------
-------- OOD Parallel --------
-------- IID Parallel --------
2
-------- OOD Parallel --------
-------- IID Parallel --------
-------- OOD Parallel --------
-------- IID Parallel --------
-------- OOD Parallel --------
-------- IID Parallel --------
-------- OOD Parallel --------
-------- IID Parallel --------
-------- OOD Parallel --------
-------- IID Parallel --------
-------- OOD Parallel --------
-------- IID Parallel --------
3
-------- OOD Parallel --------
-------- IID Parallel --------
-------- OOD Parallel --------
-------- IID Parallel --------
-------- OOD Parallel --------
-------- IID Parallel --------
-------- OOD Parallel --------
-------- IID Parallel --------
-------- OOD Parallel --------
-------- IID Parallel --------
-------- OOD Parallel --------
-------- IID Parallel --------
Filename: (Mordred-Xn-Mw-PDI)_XGBR_hypOFF_Standard_lc
Done Saving scores!

------------------------------------------------------------
Sender: LSF System <lsfadmin@c203n07>
Subject: Job 641176: <XGBR_log Rg (nm)_Mordred_Trimer_KM4 polymer_solvent HSP cluster_20250531> in cluster <Hazel> Done

Job <XGBR_log Rg (nm)_Mordred_Trimer_KM4 polymer_solvent HSP cluster_20250531> was submitted from host <c203n09> by user <sdehgha2> in cluster <Hazel> at Mon Jun  2 10:09:06 2025
Job was executed on host(s) <6*c203n07>, in queue <single_chassis>, as user <sdehgha2> in cluster <Hazel> at Mon Jun  2 10:11:28 2025
</home/sdehgha2> was used as the home directory.
</share/ddomlab/sdehgha2/working-space/main/P1_pls-dataset/pls-dataset-space/PLS-Dataset/code_/training/hpc_submit_training_Rh> was used as the working directory.
Started at Mon Jun  2 10:11:28 2025
Terminated at Mon Jun  2 12:20:57 2025
Results reported at Mon Jun  2 12:20:57 2025

Your job looked like:

------------------------------------------------------------
# LSBATCH: User input



#BSUB -n 6
#BSUB -W 6:30
#BSUB -R span[hosts=1]
#BSUB -R "rusage[mem=16GB]"
#BSUB -J "XGBR_log Rg (nm)_Mordred_Trimer_KM4 polymer_solvent HSP cluster_20250531"  
#BSUB -o "/share/ddomlab/sdehgha2/working-space/main/P1_pls-dataset/pls-dataset-space/PLS-Dataset/results/hpc_20250531/XGBR_log Rg (nm)_Mordred_Trimer_KM4 polymer_solvent HSP cluster_lc_20250531.out"
#BSUB -e "/share/ddomlab/sdehgha2/working-space/main/P1_pls-dataset/pls-dataset-space/PLS-Dataset/results/hpc_20250531/XGBR_log Rg (nm)_Mordred_Trimer_KM4 polymer_solvent HSP cluster_lc_20250531.err"

source ~/.bashrc
conda activate /usr/local/usrapps/ddomlab/sdehgha2/pls-dataset-env
python ../make_ood_learning_curve.py --target_features "log Rg (nm)"                                       --representation "Mordred"                                       --regressor_type "XGBR"                                       --oligomer_representation "Trimer"                                       --numerical_feats 'Xn' 'Mw (g/mol)' 'PDI'                                       --clustering_method "KM4 polymer_solvent HSP cluster" 



------------------------------------------------------------

Successfully completed.

Resource usage summary:

    CPU time :                                   83039.00 sec.
    Max Memory :                                 5 GB
    Average Memory :                             4.98 GB
    Total Requested Memory :                     16.00 GB
    Delta Memory :                               11.00 GB
    Max Swap :                                   -
    Max Processes :                              26
    Max Threads :                                29
    Run time :                                   7769 sec.
    Turnaround time :                            7911 sec.

The output (if any) is above this job summary.



PS:

Read file </share/ddomlab/sdehgha2/working-space/main/P1_pls-dataset/pls-dataset-space/PLS-Dataset/results/hpc_20250531/XGBR_log Rg (nm)_Mordred_Trimer_KM4 polymer_solvent HSP cluster_lc_20250531.err> for stderr output of this job.

