/usr/local/usrapps/ddomlab/sdehgha2/pls-dataset-env/lib/python3.10/site-packages/skopt/optimizer/optimizer.py:517: UserWarning: The objective has been evaluated at point [None, 'sqrt', 0.001, 0.001, 2000] before, using random point [None, 'sqrt', 0.6415575889635852, 0.5358800853305553, 143]
  warnings.warn(
/usr/local/usrapps/ddomlab/sdehgha2/pls-dataset-env/lib/python3.10/site-packages/skopt/optimizer/optimizer.py:517: UserWarning: The objective has been evaluated at point [None, 'sqrt', 0.001, 0.001, 2000] before, using random point [None, 'log2', 0.8318154219091685, 0.07960866266880338, 219]
  warnings.warn(
/usr/local/usrapps/ddomlab/sdehgha2/pls-dataset-env/lib/python3.10/site-packages/skopt/optimizer/optimizer.py:517: UserWarning: The objective has been evaluated at point [None, 'sqrt', 0.001, 0.001, 2000] before, using random point [None, None, 0.35828850222912584, 0.4498453416435482, 539]
  warnings.warn(
/usr/local/usrapps/ddomlab/sdehgha2/pls-dataset-env/lib/python3.10/site-packages/skopt/optimizer/optimizer.py:517: UserWarning: The objective has been evaluated at point [None, 'sqrt', 0.001, 0.001, 10] before, using random point [None, 'log2', 0.6271680631254772, 0.045979647245841034, 16]
  warnings.warn(
/usr/local/usrapps/ddomlab/sdehgha2/pls-dataset-env/lib/python3.10/site-packages/skopt/optimizer/optimizer.py:517: UserWarning: The objective has been evaluated at point [None, 'sqrt', 0.001, 0.001, 10] before, using random point [None, 'sqrt', 0.014319515426466482, 0.7708588283590682, 46]
  warnings.warn(
/usr/local/usrapps/ddomlab/sdehgha2/pls-dataset-env/lib/python3.10/site-packages/skopt/optimizer/optimizer.py:517: UserWarning: The objective has been evaluated at point [None, 'sqrt', 0.001, 0.001, 10] before, using random point [None, None, 0.023277666589564407, 0.7696167411862059, 1447]
  warnings.warn(
/usr/local/usrapps/ddomlab/sdehgha2/pls-dataset-env/lib/python3.10/site-packages/skopt/optimizer/optimizer.py:517: UserWarning: The objective has been evaluated at point [None, 'sqrt', 0.001, 0.001, 10] before, using random point [None, None, 0.14883824213672528, 0.28394368569224115, 1370]
  warnings.warn(
/usr/local/usrapps/ddomlab/sdehgha2/pls-dataset-env/lib/python3.10/site-packages/skopt/optimizer/optimizer.py:517: UserWarning: The objective has been evaluated at point [None, None, 0.001, 0.001, 2000] before, using random point [None, 'log2', 0.5358800853305553, 0.49818813449014226, 69]
  warnings.warn(
/usr/local/usrapps/ddomlab/sdehgha2/pls-dataset-env/lib/python3.10/site-packages/skopt/optimizer/optimizer.py:517: UserWarning: The objective has been evaluated at point [None, None, 0.001, 0.001, 2000] before, using random point [None, None, 0.07960866266880338, 0.5767686710801041, 1770]
  warnings.warn(
/usr/local/usrapps/ddomlab/sdehgha2/pls-dataset-env/lib/python3.10/site-packages/skopt/optimizer/optimizer.py:517: UserWarning: The objective has been evaluated at point [None, None, 0.001, 0.001, 2000] before, using random point [None, None, 0.35828850222912584, 0.4498453416435482, 539]
  warnings.warn(
/usr/local/usrapps/ddomlab/sdehgha2/pls-dataset-env/lib/python3.10/site-packages/skopt/optimizer/optimizer.py:517: UserWarning: The objective has been evaluated at point [None, None, 0.001, 0.001, 2000] before, using random point [None, 'log2', 0.9181424418161943, 0.5591971617593888, 212]
  warnings.warn(
/usr/local/usrapps/ddomlab/sdehgha2/pls-dataset-env/lib/python3.10/site-packages/skopt/optimizer/optimizer.py:517: UserWarning: The objective has been evaluated at point [None, None, 0.001, 0.001, 2000] before, using random point [None, 'sqrt', 0.47348733093888157, 0.8745172723525518, 15]
  warnings.warn(
/usr/local/usrapps/ddomlab/sdehgha2/pls-dataset-env/lib/python3.10/site-packages/skopt/optimizer/optimizer.py:517: UserWarning: The objective has been evaluated at point [None, None, 0.001, 0.001, 2000] before, using random point [None, None, 0.8701747619607932, 0.3670512850620717, 11]
  warnings.warn(
/usr/local/usrapps/ddomlab/sdehgha2/pls-dataset-env/lib/python3.10/site-packages/skopt/optimizer/optimizer.py:517: UserWarning: The objective has been evaluated at point [None, None, 0.001, 0.001, 2000] before, using random point [None, 'sqrt', 0.8230830116507397, 0.7626298168442156, 53]
  warnings.warn(
/usr/local/usrapps/ddomlab/sdehgha2/pls-dataset-env/lib/python3.10/site-packages/skopt/optimizer/optimizer.py:517: UserWarning: The objective has been evaluated at point [None, None, 0.001, 0.001, 2000] before, using random point [None, 'log2', 0.49890837066747623, 0.24762066702895952, 1182]
  warnings.warn(
/usr/local/usrapps/ddomlab/sdehgha2/pls-dataset-env/lib/python3.10/site-packages/skopt/optimizer/optimizer.py:517: UserWarning: The objective has been evaluated at point [None, None, 0.001, 0.001, 2000] before, using random point [None, 'sqrt', 0.628374052317987, 0.7704305025688662, 415]
  warnings.warn(
/usr/local/usrapps/ddomlab/sdehgha2/pls-dataset-env/lib/python3.10/site-packages/skopt/optimizer/optimizer.py:517: UserWarning: The objective has been evaluated at point [None, None, 0.001, 0.001, 2000] before, using random point [None, 'log2', 0.7894803800896393, 0.3096406176164204, 502]
  warnings.warn(
/usr/local/usrapps/ddomlab/sdehgha2/pls-dataset-env/lib/python3.10/site-packages/skopt/optimizer/optimizer.py:517: UserWarning: The objective has been evaluated at point [None, None, 0.001, 0.001, 2000] before, using random point [None, 'log2', 0.037356756056680034, 0.02254599791675271, 203]
  warnings.warn(
/usr/local/usrapps/ddomlab/sdehgha2/pls-dataset-env/lib/python3.10/site-packages/skopt/optimizer/optimizer.py:517: UserWarning: The objective has been evaluated at point [None, None, 0.001, 0.001, 2000] before, using random point [None, 'sqrt', 0.14933124526985528, 0.4829591217219431, 135]
  warnings.warn(
/usr/local/usrapps/ddomlab/sdehgha2/pls-dataset-env/lib/python3.10/site-packages/skopt/optimizer/optimizer.py:517: UserWarning: The objective has been evaluated at point [None, 'sqrt', 0.001, 0.001, 2000] before, using random point [None, 'sqrt', 0.7398896640500461, 0.07819854704480114, 128]
  warnings.warn(
/usr/local/usrapps/ddomlab/sdehgha2/pls-dataset-env/lib/python3.10/site-packages/skopt/optimizer/optimizer.py:517: UserWarning: The objective has been evaluated at point [None, None, 0.001, 0.001, 2000] before, using random point [None, 'log2', 0.24416677629207587, 0.03589291796861152, 763]
  warnings.warn(
/usr/local/usrapps/ddomlab/sdehgha2/pls-dataset-env/lib/python3.10/site-packages/skopt/optimizer/optimizer.py:517: UserWarning: The objective has been evaluated at point [None, 'sqrt', 0.001, 0.001, 2000] before, using random point [None, 'log2', 0.6271680631254772, 0.045979647245841034, 16]
  warnings.warn(
/usr/local/usrapps/ddomlab/sdehgha2/pls-dataset-env/lib/python3.10/site-packages/skopt/optimizer/optimizer.py:517: UserWarning: The objective has been evaluated at point [None, 'sqrt', 0.001, 0.001, 2000] before, using random point [None, 'sqrt', 0.014319515426466482, 0.7708588283590682, 46]
  warnings.warn(
/usr/local/usrapps/ddomlab/sdehgha2/pls-dataset-env/lib/python3.10/site-packages/skopt/optimizer/optimizer.py:517: UserWarning: The objective has been evaluated at point [None, 'sqrt', 0.001, 0.001, 2000] before, using random point [None, 'sqrt', 0.3358297576719231, 0.8549670131412226, 70]
  warnings.warn(
/usr/local/usrapps/ddomlab/sdehgha2/pls-dataset-env/lib/python3.10/site-packages/skopt/optimizer/optimizer.py:517: UserWarning: The objective has been evaluated at point [None, 'sqrt', 0.001, 0.001, 2000] before, using random point [None, 'sqrt', 0.4674036300936633, 0.6791134657569293, 76]
  warnings.warn(
/usr/local/usrapps/ddomlab/sdehgha2/pls-dataset-env/lib/python3.10/site-packages/skopt/optimizer/optimizer.py:517: UserWarning: The objective has been evaluated at point [None, 'sqrt', 0.001, 0.001, 2000] before, using random point [None, None, 0.7391814878095887, 0.09955494408500595, 257]
  warnings.warn(
/usr/local/usrapps/ddomlab/sdehgha2/pls-dataset-env/lib/python3.10/site-packages/skopt/optimizer/optimizer.py:517: UserWarning: The objective has been evaluated at point [None, 'sqrt', 0.001, 0.001, 2000] before, using random point [None, 'log2', 0.8318154219091685, 0.07960866266880338, 219]
  warnings.warn(
/usr/local/usrapps/ddomlab/sdehgha2/pls-dataset-env/lib/python3.10/site-packages/skopt/optimizer/optimizer.py:517: UserWarning: The objective has been evaluated at point [None, None, 0.001, 0.001, 2000] before, using random point [None, 'sqrt', 0.4334852926688361, 0.5195298321095281, 461]
  warnings.warn(
/usr/local/usrapps/ddomlab/sdehgha2/pls-dataset-env/lib/python3.10/site-packages/skopt/optimizer/optimizer.py:517: UserWarning: The objective has been evaluated at point [None, 'sqrt', 0.001, 0.001, 2000] before, using random point [None, 'sqrt', 0.9071640348557176, 0.8164956058164733, 35]
  warnings.warn(
/usr/local/usrapps/ddomlab/sdehgha2/pls-dataset-env/lib/python3.10/site-packages/skopt/optimizer/optimizer.py:517: UserWarning: The objective has been evaluated at point [None, 'sqrt', 0.001, 0.001, 2000] before, using random point [None, 'sqrt', 0.17281829116711087, 0.9459934328115951, 128]
  warnings.warn(
/usr/local/usrapps/ddomlab/sdehgha2/pls-dataset-env/lib/python3.10/site-packages/skopt/optimizer/optimizer.py:517: UserWarning: The objective has been evaluated at point [None, 'sqrt', 0.001, 0.001, 2000] before, using random point [None, 'sqrt', 0.2596644246414259, 0.16419239019338053, 1183]
  warnings.warn(
/usr/local/usrapps/ddomlab/sdehgha2/pls-dataset-env/lib/python3.10/site-packages/skopt/optimizer/optimizer.py:517: UserWarning: The objective has been evaluated at point [None, 'sqrt', 0.001, 0.001, 2000] before, using random point [None, 'sqrt', 0.8476135634159893, 0.30333543210814595, 529]
  warnings.warn(
/usr/local/usrapps/ddomlab/sdehgha2/pls-dataset-env/lib/python3.10/site-packages/skopt/optimizer/optimizer.py:517: UserWarning: The objective has been evaluated at point [None, None, 0.001, 0.001, 2000] before, using random point [None, 'sqrt', 0.6788060832444619, 0.5681907104981226, 374]
  warnings.warn(
/usr/local/usrapps/ddomlab/sdehgha2/pls-dataset-env/lib/python3.10/site-packages/skopt/optimizer/optimizer.py:517: UserWarning: The objective has been evaluated at point [None, None, 0.001, 0.001, 2000] before, using random point [None, 'sqrt', 0.421335702879822, 0.878307062640516, 19]
  warnings.warn(
/usr/local/usrapps/ddomlab/sdehgha2/pls-dataset-env/lib/python3.10/site-packages/skopt/optimizer/optimizer.py:517: UserWarning: The objective has been evaluated at point [None, None, 0.001, 0.001, 2000] before, using random point [None, None, 0.2697345128369292, 0.4650636110289533, 594]
  warnings.warn(
/usr/local/usrapps/ddomlab/sdehgha2/pls-dataset-env/lib/python3.10/site-packages/skopt/optimizer/optimizer.py:517: UserWarning: The objective has been evaluated at point [None, 'sqrt', 0.001, 0.001, 2000] before, using random point [None, None, 0.2682573741594873, 0.44793397550020814, 67]
  warnings.warn(
/usr/local/usrapps/ddomlab/sdehgha2/pls-dataset-env/lib/python3.10/site-packages/skopt/optimizer/optimizer.py:517: UserWarning: The objective has been evaluated at point [None, None, 0.001, 0.001, 2000] before, using random point [None, 'log2', 0.5299376530115348, 0.2956366826611792, 217]
  warnings.warn(
/usr/local/usrapps/ddomlab/sdehgha2/pls-dataset-env/lib/python3.10/site-packages/skopt/optimizer/optimizer.py:517: UserWarning: The objective has been evaluated at point [None, None, 0.001, 0.001, 2000] before, using random point [None, None, 0.3940676556779661, 0.5311434691245563, 61]
  warnings.warn(
/usr/local/usrapps/ddomlab/sdehgha2/pls-dataset-env/lib/python3.10/site-packages/skopt/optimizer/optimizer.py:517: UserWarning: The objective has been evaluated at point [None, 'sqrt', 0.001, 0.001, 2000] before, using random point [None, 'sqrt', 0.31846694643747253, 0.5260492236988799, 13]
  warnings.warn(
/usr/local/usrapps/ddomlab/sdehgha2/pls-dataset-env/lib/python3.10/site-packages/skopt/optimizer/optimizer.py:517: UserWarning: The objective has been evaluated at point [None, None, 0.001, 0.001, 2000] before, using random point [None, 'sqrt', 0.5457138472676976, 0.025058525982026496, 88]
  warnings.warn(
/usr/local/usrapps/ddomlab/sdehgha2/pls-dataset-env/lib/python3.10/site-packages/skopt/optimizer/optimizer.py:517: UserWarning: The objective has been evaluated at point [None, 'sqrt', 0.001, 0.001, 2000] before, using random point [None, None, 0.9486192149996544, 0.9837059622312999, 64]
  warnings.warn(
/usr/local/usrapps/ddomlab/sdehgha2/pls-dataset-env/lib/python3.10/site-packages/skopt/optimizer/optimizer.py:517: UserWarning: The objective has been evaluated at point [None, 'sqrt', 0.001, 0.001, 2000] before, using random point [None, 'sqrt', 0.8494319952559768, 0.1565493725047312, 23]
  warnings.warn(
/usr/local/usrapps/ddomlab/sdehgha2/pls-dataset-env/lib/python3.10/site-packages/skopt/optimizer/optimizer.py:517: UserWarning: The objective has been evaluated at point [None, 'sqrt', 0.001, 0.001, 2000] before, using random point [None, None, 0.19214483206644584, 0.9083646416343968, 268]
  warnings.warn(
/usr/local/usrapps/ddomlab/sdehgha2/pls-dataset-env/lib/python3.10/site-packages/skopt/optimizer/optimizer.py:517: UserWarning: The objective has been evaluated at point [None, None, 0.001, 0.001, 2000] before, using random point [None, 'sqrt', 0.6064612154248182, 0.12470506089162288, 174]
  warnings.warn(
/usr/local/usrapps/ddomlab/sdehgha2/pls-dataset-env/lib/python3.10/site-packages/skopt/optimizer/optimizer.py:517: UserWarning: The objective has been evaluated at point [None, 'sqrt', 0.001, 0.001, 2000] before, using random point [None, 'log2', 0.12688644936380447, 0.556148156475996, 11]
  warnings.warn(
/usr/local/usrapps/ddomlab/sdehgha2/pls-dataset-env/lib/python3.10/site-packages/skopt/optimizer/optimizer.py:517: UserWarning: The objective has been evaluated at point [None, 'sqrt', 0.001, 0.001, 2000] before, using random point [None, None, 0.10107941252914353, 0.04918575031809607, 67]
  warnings.warn(
/usr/local/usrapps/ddomlab/sdehgha2/pls-dataset-env/lib/python3.10/site-packages/skopt/optimizer/optimizer.py:517: UserWarning: The objective has been evaluated at point [None, None, 0.001, 0.001, 2000] before, using random point [None, 'sqrt', 0.7449913201436696, 0.4064688282760326, 11]
  warnings.warn(
/usr/local/usrapps/ddomlab/sdehgha2/pls-dataset-env/lib/python3.10/site-packages/skopt/optimizer/optimizer.py:517: UserWarning: The objective has been evaluated at point [None, 'sqrt', 0.001, 0.001, 2000] before, using random point [None, 'log2', 0.3861130456140821, 0.07639228015026871, 171]
  warnings.warn(
/usr/local/usrapps/ddomlab/sdehgha2/pls-dataset-env/lib/python3.10/site-packages/skopt/optimizer/optimizer.py:517: UserWarning: The objective has been evaluated at point [None, 'sqrt', 0.001, 0.001, 2000] before, using random point [None, None, 0.3940676556779661, 0.5311434691245563, 61]
  warnings.warn(
/usr/local/usrapps/ddomlab/sdehgha2/pls-dataset-env/lib/python3.10/site-packages/skopt/optimizer/optimizer.py:517: UserWarning: The objective has been evaluated at point [None, 'sqrt', 0.001, 0.001, 2000] before, using random point [None, 'sqrt', 0.31846694643747253, 0.5260492236988799, 13]
  warnings.warn(
/usr/local/usrapps/ddomlab/sdehgha2/pls-dataset-env/lib/python3.10/site-packages/skopt/optimizer/optimizer.py:517: UserWarning: The objective has been evaluated at point [None, 'sqrt', 0.001, 0.001, 2000] before, using random point [None, 'sqrt', 0.5457138472676976, 0.025058525982026496, 88]
  warnings.warn(
/usr/local/usrapps/ddomlab/sdehgha2/pls-dataset-env/lib/python3.10/site-packages/skopt/optimizer/optimizer.py:517: UserWarning: The objective has been evaluated at point [None, 'sqrt', 0.001, 0.001, 2000] before, using random point [None, 'sqrt', 0.6665846972930205, 0.6413992760511952, 188]
  warnings.warn(
/usr/local/usrapps/ddomlab/sdehgha2/pls-dataset-env/lib/python3.10/site-packages/skopt/optimizer/optimizer.py:517: UserWarning: The objective has been evaluated at point [None, None, 0.001, 0.001, 2000] before, using random point [None, 'sqrt', 0.6524345358853116, 0.2913814168337995, 284]
  warnings.warn(
/usr/local/usrapps/ddomlab/sdehgha2/pls-dataset-env/lib/python3.10/site-packages/skopt/optimizer/optimizer.py:517: UserWarning: The objective has been evaluated at point [None, 'sqrt', 0.001, 0.001, 2000] before, using random point [None, 'log2', 0.7131925892137786, 0.8179789937061015, 903]
  warnings.warn(
/usr/local/usrapps/ddomlab/sdehgha2/pls-dataset-env/lib/python3.10/site-packages/skopt/optimizer/optimizer.py:517: UserWarning: The objective has been evaluated at point [None, None, 0.001, 0.001, 2000] before, using random point [None, 'log2', 0.12029932627441547, 0.030053953914030554, 68]
  warnings.warn(
/usr/local/usrapps/ddomlab/sdehgha2/pls-dataset-env/lib/python3.10/site-packages/skopt/optimizer/optimizer.py:517: UserWarning: The objective has been evaluated at point [None, 'sqrt', 0.001, 0.001, 2000] before, using random point [None, 'sqrt', 0.2875258024609351, 0.976644181134609, 532]
  warnings.warn(
/usr/local/usrapps/ddomlab/sdehgha2/pls-dataset-env/lib/python3.10/site-packages/skopt/optimizer/optimizer.py:517: UserWarning: The objective has been evaluated at point [None, None, 0.001, 0.001, 2000] before, using random point [None, 'log2', 0.12688644936380447, 0.556148156475996, 11]
  warnings.warn(
/usr/local/usrapps/ddomlab/sdehgha2/pls-dataset-env/lib/python3.10/site-packages/skopt/optimizer/optimizer.py:517: UserWarning: The objective has been evaluated at point [None, 'sqrt', 0.001, 0.001, 2000] before, using random point [None, None, 0.10107941252914353, 0.04918575031809607, 67]
  warnings.warn(
/usr/local/usrapps/ddomlab/sdehgha2/pls-dataset-env/lib/python3.10/site-packages/skopt/optimizer/optimizer.py:517: UserWarning: The objective has been evaluated at point [None, 'sqrt', 0.001, 0.001, 2000] before, using random point [None, 'sqrt', 0.7449913201436696, 0.4064688282760326, 11]
  warnings.warn(
/usr/local/usrapps/ddomlab/sdehgha2/pls-dataset-env/lib/python3.10/site-packages/skopt/optimizer/optimizer.py:517: UserWarning: The objective has been evaluated at point [None, 'sqrt', 0.001, 0.001, 2000] before, using random point [None, 'log2', 0.3861130456140821, 0.07639228015026871, 171]
  warnings.warn(
/usr/local/usrapps/ddomlab/sdehgha2/pls-dataset-env/lib/python3.10/site-packages/skopt/optimizer/optimizer.py:517: UserWarning: The objective has been evaluated at point [None, None, 0.001, 0.001, 10] before, using random point [None, None, 0.6649110801586167, 0.6179894370822685, 807]
  warnings.warn(
/usr/local/usrapps/ddomlab/sdehgha2/pls-dataset-env/lib/python3.10/site-packages/skopt/optimizer/optimizer.py:517: UserWarning: The objective has been evaluated at point [None, None, 0.001, 0.001, 2000] before, using random point [None, None, 0.5456632289107138, 0.9187858667699453, 21]
  warnings.warn(
/usr/local/usrapps/ddomlab/sdehgha2/pls-dataset-env/lib/python3.10/site-packages/skopt/optimizer/optimizer.py:517: UserWarning: The objective has been evaluated at point [None, 'sqrt', 0.001, 0.001, 2000] before, using random point [None, 'sqrt', 0.4376475897407335, 0.28580446106383944, 17]
  warnings.warn(
/usr/local/usrapps/ddomlab/sdehgha2/pls-dataset-env/lib/python3.10/site-packages/skopt/optimizer/optimizer.py:517: UserWarning: The objective has been evaluated at point [None, 'sqrt', 0.001, 0.001, 2000] before, using random point [None, 'sqrt', 0.5375044881006943, 0.17078750587049527, 139]
  warnings.warn(
/usr/local/usrapps/ddomlab/sdehgha2/pls-dataset-env/lib/python3.10/site-packages/skopt/optimizer/optimizer.py:517: UserWarning: The objective has been evaluated at point [None, 'log2', 0.001, 0.001, 2000] before, using random point [None, 'sqrt', 0.9596233884113968, 0.8589132659019885, 94]
  warnings.warn(
/usr/local/usrapps/ddomlab/sdehgha2/pls-dataset-env/lib/python3.10/site-packages/skopt/optimizer/optimizer.py:517: UserWarning: The objective has been evaluated at point [None, None, 0.001, 0.001, 2000] before, using random point [None, 'sqrt', 0.02714846513901942, 0.7753050658433612, 118]
  warnings.warn(
/usr/local/usrapps/ddomlab/sdehgha2/pls-dataset-env/lib/python3.10/site-packages/skopt/optimizer/optimizer.py:517: UserWarning: The objective has been evaluated at point [None, 'log2', 0.001, 0.001, 2000] before, using random point [None, 'log2', 0.875972698923002, 0.8377774962896616, 11]
  warnings.warn(
/usr/local/usrapps/ddomlab/sdehgha2/pls-dataset-env/lib/python3.10/site-packages/skopt/optimizer/optimizer.py:517: UserWarning: The objective has been evaluated at point [None, None, 0.001, 0.001, 2000] before, using random point [None, None, 0.35351641905259135, 0.6855878042656813, 232]
  warnings.warn(
/usr/local/usrapps/ddomlab/sdehgha2/pls-dataset-env/lib/python3.10/site-packages/skopt/optimizer/optimizer.py:517: UserWarning: The objective has been evaluated at point [None, None, 0.001, 0.001, 2000] before, using random point [None, None, 0.4439523880033292, 0.1911581038615204, 12]
  warnings.warn(
/usr/local/usrapps/ddomlab/sdehgha2/pls-dataset-env/lib/python3.10/site-packages/skopt/optimizer/optimizer.py:517: UserWarning: The objective has been evaluated at point [None, None, 0.001, 0.001, 2000] before, using random point [None, None, 0.14995003040898208, 0.6197334363595908, 10]
  warnings.warn(
/usr/local/usrapps/ddomlab/sdehgha2/pls-dataset-env/lib/python3.10/site-packages/skopt/optimizer/optimizer.py:517: UserWarning: The objective has been evaluated at point [None, None, 0.001, 0.001, 2000] before, using random point [None, None, 0.9185024406387242, 0.8902310807398387, 177]
  warnings.warn(
/usr/local/usrapps/ddomlab/sdehgha2/pls-dataset-env/lib/python3.10/site-packages/skopt/optimizer/optimizer.py:517: UserWarning: The objective has been evaluated at point [None, None, 0.001, 0.001, 2000] before, using random point [None, None, 0.9108261487454753, 0.08419681044556462, 1048]
  warnings.warn(
/usr/local/usrapps/ddomlab/sdehgha2/pls-dataset-env/lib/python3.10/site-packages/skopt/optimizer/optimizer.py:517: UserWarning: The objective has been evaluated at point [None, None, 0.001, 0.001, 2000] before, using random point [None, None, 0.4323170983338437, 0.7393124733881234, 874]
  warnings.warn(
/usr/local/usrapps/ddomlab/sdehgha2/pls-dataset-env/lib/python3.10/site-packages/skopt/optimizer/optimizer.py:517: UserWarning: The objective has been evaluated at point [None, None, 0.001, 0.001, 2000] before, using random point [None, 'sqrt', 0.9647167196194611, 0.9428784061492957, 316]
  warnings.warn(
/usr/local/usrapps/ddomlab/sdehgha2/pls-dataset-env/lib/python3.10/site-packages/skopt/optimizer/optimizer.py:517: UserWarning: The objective has been evaluated at point [None, None, 0.001, 0.001, 2000] before, using random point [None, 'log2', 0.742029558350659, 0.3975202262652743, 1262]
  warnings.warn(
/usr/local/usrapps/ddomlab/sdehgha2/pls-dataset-env/lib/python3.10/site-packages/skopt/optimizer/optimizer.py:517: UserWarning: The objective has been evaluated at point [None, 'log2', 0.001, 0.001, 2000] before, using random point [None, None, 0.45066012551020385, 0.5961333070850421, 21]
  warnings.warn(
/usr/local/usrapps/ddomlab/sdehgha2/pls-dataset-env/lib/python3.10/site-packages/skopt/optimizer/optimizer.py:517: UserWarning: The objective has been evaluated at point [None, 'log2', 0.001, 0.001, 2000] before, using random point [None, None, 0.747881720837187, 0.2009928097715254, 999]
  warnings.warn(
/usr/local/usrapps/ddomlab/sdehgha2/pls-dataset-env/lib/python3.10/site-packages/skopt/optimizer/optimizer.py:517: UserWarning: The objective has been evaluated at point [None, 'log2', 0.001, 0.001, 2000] before, using random point [None, 'sqrt', 0.4604756784862104, 0.5622624371537854, 94]
  warnings.warn(
/usr/local/usrapps/ddomlab/sdehgha2/pls-dataset-env/lib/python3.10/site-packages/skopt/optimizer/optimizer.py:517: UserWarning: The objective has been evaluated at point [None, 'sqrt', 0.001, 0.001, 2000] before, using random point [None, 'log2', 0.6912125639974879, 0.3750491527015788, 965]
  warnings.warn(
/usr/local/usrapps/ddomlab/sdehgha2/pls-dataset-env/lib/python3.10/site-packages/skopt/optimizer/optimizer.py:517: UserWarning: The objective has been evaluated at point [None, 'sqrt', 0.001, 0.001, 2000] before, using random point [None, 'log2', 0.7784372644680081, 0.23698041242958068, 319]
  warnings.warn(
/usr/local/usrapps/ddomlab/sdehgha2/pls-dataset-env/lib/python3.10/site-packages/skopt/optimizer/optimizer.py:517: UserWarning: The objective has been evaluated at point [None, None, 0.001, 0.001, 2000] before, using random point [None, None, 0.7489169549008605, 0.8770814067716379, 12]
  warnings.warn(
/usr/local/usrapps/ddomlab/sdehgha2/pls-dataset-env/lib/python3.10/site-packages/skopt/optimizer/optimizer.py:517: UserWarning: The objective has been evaluated at point [None, 'sqrt', 0.001, 0.001, 2000] before, using random point [None, 'sqrt', 0.01146565319308018, 0.5314396307505439, 1974]
  warnings.warn(
/usr/local/usrapps/ddomlab/sdehgha2/pls-dataset-env/lib/python3.10/site-packages/skopt/optimizer/optimizer.py:517: UserWarning: The objective has been evaluated at point [None, 'sqrt', 0.001, 0.001, 2000] before, using random point [None, 'log2', 0.9837626112749219, 0.4453497286348472, 1054]
  warnings.warn(
/usr/local/usrapps/ddomlab/sdehgha2/pls-dataset-env/lib/python3.10/site-packages/skopt/optimizer/optimizer.py:517: UserWarning: The objective has been evaluated at point [None, 'sqrt', 0.001, 0.001, 2000] before, using random point [None, 'log2', 0.2775960084911277, 0.573232066986876, 14]
  warnings.warn(
/usr/local/usrapps/ddomlab/sdehgha2/pls-dataset-env/lib/python3.10/site-packages/skopt/optimizer/optimizer.py:517: UserWarning: The objective has been evaluated at point [None, 'sqrt', 0.001, 0.001, 2000] before, using random point [None, 'sqrt', 0.2297458937549242, 0.24028219266403883, 587]
  warnings.warn(
/usr/local/usrapps/ddomlab/sdehgha2/pls-dataset-env/lib/python3.10/site-packages/skopt/optimizer/optimizer.py:517: UserWarning: The objective has been evaluated at point [None, 'sqrt', 0.001, 0.001, 2000] before, using random point [None, 'sqrt', 0.7987461638717251, 0.7982819269369832, 103]
  warnings.warn(
/usr/local/usrapps/ddomlab/sdehgha2/pls-dataset-env/lib/python3.10/site-packages/skopt/optimizer/optimizer.py:517: UserWarning: The objective has been evaluated at point [None, None, 0.001, 0.001, 2000] before, using random point [None, 'log2', 0.6759194178294587, 0.7452113243398765, 489]
  warnings.warn(
/usr/local/usrapps/ddomlab/sdehgha2/pls-dataset-env/lib/python3.10/site-packages/skopt/optimizer/optimizer.py:517: UserWarning: The objective has been evaluated at point [None, None, 0.001, 0.001, 2000] before, using random point [None, None, 0.46734801955196054, 0.6339772410760434, 30]
  warnings.warn(
/usr/local/usrapps/ddomlab/sdehgha2/pls-dataset-env/lib/python3.10/site-packages/skopt/optimizer/optimizer.py:517: UserWarning: The objective has been evaluated at point [None, None, 0.001, 0.001, 2000] before, using random point [None, None, 0.9777559180047606, 0.646245155038471, 25]
  warnings.warn(
/usr/local/usrapps/ddomlab/sdehgha2/pls-dataset-env/lib/python3.10/site-packages/skopt/optimizer/optimizer.py:517: UserWarning: The objective has been evaluated at point [None, None, 0.001, 0.001, 2000] before, using random point [None, None, 0.053689228498411, 0.8237188997344191, 47]
  warnings.warn(
/usr/local/usrapps/ddomlab/sdehgha2/pls-dataset-env/lib/python3.10/site-packages/skopt/optimizer/optimizer.py:517: UserWarning: The objective has been evaluated at point [None, None, 0.001, 0.001, 2000] before, using random point [None, 'log2', 0.37676810897551644, 0.716934004940761, 17]
  warnings.warn(
/usr/local/usrapps/ddomlab/sdehgha2/pls-dataset-env/lib/python3.10/site-packages/skopt/optimizer/optimizer.py:517: UserWarning: The objective has been evaluated at point [None, None, 0.001, 0.001, 2000] before, using random point [None, 'log2', 0.6912125639974879, 0.3750491527015788, 965]
  warnings.warn(
/usr/local/usrapps/ddomlab/sdehgha2/pls-dataset-env/lib/python3.10/site-packages/skopt/optimizer/optimizer.py:517: UserWarning: The objective has been evaluated at point [None, None, 0.001, 0.001, 2000] before, using random point [None, 'log2', 0.7784372644680081, 0.23698041242958068, 319]
  warnings.warn(
/usr/local/usrapps/ddomlab/sdehgha2/pls-dataset-env/lib/python3.10/site-packages/skopt/optimizer/optimizer.py:517: UserWarning: The objective has been evaluated at point [None, None, 0.001, 0.001, 2000] before, using random point [None, 'sqrt', 0.9220830365803191, 0.5701645018276288, 1707]
  warnings.warn(
/usr/local/usrapps/ddomlab/sdehgha2/pls-dataset-env/lib/python3.10/site-packages/skopt/optimizer/optimizer.py:517: UserWarning: The objective has been evaluated at point [None, None, 0.001, 0.001, 2000] before, using random point [None, 'sqrt', 0.06022989215731719, 0.898996207980214, 25]
  warnings.warn(
/usr/local/usrapps/ddomlab/sdehgha2/pls-dataset-env/lib/python3.10/site-packages/skopt/optimizer/optimizer.py:517: UserWarning: The objective has been evaluated at point [None, 'sqrt', 0.001, 0.001, 10] before, using random point [None, 'sqrt', 0.06470806640876037, 0.12428225938006945, 1125]
  warnings.warn(
/usr/local/usrapps/ddomlab/sdehgha2/pls-dataset-env/lib/python3.10/site-packages/skopt/optimizer/optimizer.py:517: UserWarning: The objective has been evaluated at point [None, 'sqrt', 0.001, 0.001, 10] before, using random point [None, 'log2', 0.9197096697642194, 0.5681263356029871, 270]
  warnings.warn(
/usr/local/usrapps/ddomlab/sdehgha2/pls-dataset-env/lib/python3.10/site-packages/skopt/optimizer/optimizer.py:517: UserWarning: The objective has been evaluated at point [None, 'sqrt', 0.001, 0.001, 10] before, using random point [None, None, 0.34965315796118435, 0.1270135155283643, 270]
  warnings.warn(
/usr/local/usrapps/ddomlab/sdehgha2/pls-dataset-env/lib/python3.10/site-packages/skopt/optimizer/optimizer.py:517: UserWarning: The objective has been evaluated at point [None, 'sqrt', 0.001, 0.001, 2000] before, using random point [None, 'sqrt', 0.7037749977700616, 0.748966982752825, 20]
  warnings.warn(
/usr/local/usrapps/ddomlab/sdehgha2/pls-dataset-env/lib/python3.10/site-packages/skopt/optimizer/optimizer.py:517: UserWarning: The objective has been evaluated at point [None, 'sqrt', 0.001, 0.001, 2000] before, using random point [None, 'sqrt', 0.4414452400889565, 0.5023490728828992, 35]
  warnings.warn(
/usr/local/usrapps/ddomlab/sdehgha2/pls-dataset-env/lib/python3.10/site-packages/skopt/optimizer/optimizer.py:517: UserWarning: The objective has been evaluated at point [None, 'sqrt', 0.001, 0.001, 2000] before, using random point [None, 'sqrt', 0.3392959305491484, 0.8357091378906484, 98]
  warnings.warn(
/usr/local/usrapps/ddomlab/sdehgha2/pls-dataset-env/lib/python3.10/site-packages/skopt/optimizer/optimizer.py:517: UserWarning: The objective has been evaluated at point [None, 'sqrt', 0.001, 0.001, 2000] before, using random point [None, 'sqrt', 0.9872616070477939, 0.5878928101172003, 10]
  warnings.warn(
/usr/local/usrapps/ddomlab/sdehgha2/pls-dataset-env/lib/python3.10/site-packages/skopt/optimizer/optimizer.py:517: UserWarning: The objective has been evaluated at point [None, 'sqrt', 0.001, 0.001, 2000] before, using random point [None, 'log2', 0.21649177509907466, 0.15209699770499083, 63]
  warnings.warn(
/usr/local/usrapps/ddomlab/sdehgha2/pls-dataset-env/lib/python3.10/site-packages/skopt/optimizer/optimizer.py:517: UserWarning: The objective has been evaluated at point [None, None, 0.001, 0.001, 2000] before, using random point [None, 'sqrt', 0.06470806640876037, 0.12428225938006945, 1125]
  warnings.warn(
/usr/local/usrapps/ddomlab/sdehgha2/pls-dataset-env/lib/python3.10/site-packages/skopt/optimizer/optimizer.py:517: UserWarning: The objective has been evaluated at point [None, 'sqrt', 0.001, 0.001, 2000] before, using random point [None, 'log2', 0.9197096697642194, 0.5681263356029871, 270]
  warnings.warn(
/usr/local/usrapps/ddomlab/sdehgha2/pls-dataset-env/lib/python3.10/site-packages/skopt/optimizer/optimizer.py:517: UserWarning: The objective has been evaluated at point [None, 'sqrt', 0.001, 0.001, 2000] before, using random point [None, None, 0.34965315796118435, 0.1270135155283643, 270]
  warnings.warn(
/usr/local/usrapps/ddomlab/sdehgha2/pls-dataset-env/lib/python3.10/site-packages/skopt/optimizer/optimizer.py:517: UserWarning: The objective has been evaluated at point [None, 'sqrt', 0.001, 0.001, 10] before, using random point [None, None, 0.25928231748634734, 0.6335219517095374, 10]
  warnings.warn(
/usr/local/usrapps/ddomlab/sdehgha2/pls-dataset-env/lib/python3.10/site-packages/skopt/optimizer/optimizer.py:517: UserWarning: The objective has been evaluated at point [None, 'sqrt', 0.001, 0.001, 10] before, using random point [None, 'sqrt', 0.6669695129424634, 0.4739011656038767, 108]
  warnings.warn(
/usr/local/usrapps/ddomlab/sdehgha2/pls-dataset-env/lib/python3.10/site-packages/skopt/optimizer/optimizer.py:517: UserWarning: The objective has been evaluated at point [None, 'sqrt', 0.001, 0.001, 10] before, using random point [None, 'sqrt', 0.36865721458133927, 0.7417872021248837, 150]
  warnings.warn(
/usr/local/usrapps/ddomlab/sdehgha2/pls-dataset-env/lib/python3.10/site-packages/skopt/optimizer/optimizer.py:517: UserWarning: The objective has been evaluated at point [None, 'sqrt', 0.001, 0.001, 10] before, using random point [None, None, 0.40799169626717235, 0.6510621928080408, 14]
  warnings.warn(
/usr/local/usrapps/ddomlab/sdehgha2/pls-dataset-env/lib/python3.10/site-packages/skopt/optimizer/optimizer.py:517: UserWarning: The objective has been evaluated at point [None, 'sqrt', 0.001, 0.001, 10] before, using random point [None, 'log2', 0.8334996947232868, 0.6574825642526624, 225]
  warnings.warn(
/usr/local/usrapps/ddomlab/sdehgha2/pls-dataset-env/lib/python3.10/site-packages/skopt/optimizer/optimizer.py:517: UserWarning: The objective has been evaluated at point [None, 'sqrt', 0.001, 0.001, 2000] before, using random point [None, None, 0.25928231748634734, 0.6335219517095374, 10]
  warnings.warn(
/usr/local/usrapps/ddomlab/sdehgha2/pls-dataset-env/lib/python3.10/site-packages/skopt/optimizer/optimizer.py:517: UserWarning: The objective has been evaluated at point [None, 'sqrt', 0.001, 0.001, 2000] before, using random point [None, 'sqrt', 0.8049941833948862, 0.8109194134725953, 409]
  warnings.warn(
/usr/local/usrapps/ddomlab/sdehgha2/pls-dataset-env/lib/python3.10/site-packages/skopt/optimizer/optimizer.py:517: UserWarning: The objective has been evaluated at point [None, 'sqrt', 0.001, 0.001, 2000] before, using random point [None, 'log2', 0.8173957010869839, 0.9522931085800346, 570]
  warnings.warn(
/usr/local/usrapps/ddomlab/sdehgha2/pls-dataset-env/lib/python3.10/site-packages/skopt/optimizer/optimizer.py:517: UserWarning: The objective has been evaluated at point [None, 'sqrt', 0.001, 0.001, 2000] before, using random point [None, 'sqrt', 0.9324831008384933, 0.6545462659293607, 19]
  warnings.warn(
/usr/local/usrapps/ddomlab/sdehgha2/pls-dataset-env/lib/python3.10/site-packages/skopt/optimizer/optimizer.py:517: UserWarning: The objective has been evaluated at point [None, 'sqrt', 0.001, 0.001, 2000] before, using random point [None, 'log2', 0.3627252541604016, 0.9838474563732093, 225]
  warnings.warn(
/usr/local/usrapps/ddomlab/sdehgha2/pls-dataset-env/lib/python3.10/site-packages/skopt/optimizer/optimizer.py:517: UserWarning: The objective has been evaluated at point [None, 'sqrt', 0.001, 0.001, 2000] before, using random point [None, 'sqrt', 0.632718640291861, 0.35605125297753076, 70]
  warnings.warn(
/usr/local/usrapps/ddomlab/sdehgha2/pls-dataset-env/lib/python3.10/site-packages/skopt/optimizer/optimizer.py:517: UserWarning: The objective has been evaluated at point [None, 'log2', 0.001, 0.001, 2000] before, using random point [None, None, 0.6666235538655607, 0.07908033780050581, 40]
  warnings.warn(
