Filename: (Mordred-Xn-Mw-PDI-concentration-temperature-polymer dP-polymer dD-polymer dH-solvent dP-solvent dD-solvent dH)_NGB_hypOFF_Standard_lc
Done Saving scores!

------------------------------------------------------------
Sender: LSF System <lsfadmin@c205n03>
Subject: Job 646369: <NGB_log Rg (nm)_Mordred_Trimer_HBD3 MACCS cluster_20250430> in cluster <Hazel> Done

Job <NGB_log Rg (nm)_Mordred_Trimer_HBD3 MACCS cluster_20250430> was submitted from host <c205n08> by user <sdehgha2> in cluster <Hazel> at Fri May  2 09:12:07 2025
Job was executed on host(s) <4*c205n03>, in queue <single_chassis>, as user <sdehgha2> in cluster <Hazel> at Fri May  2 09:12:08 2025
</home/sdehgha2> was used as the home directory.
</share/ddomlab/sdehgha2/working-space/main/P1_pls-dataset/pls-dataset-space/PLS-Dataset/code_/training/hpc_submit_training_Rh> was used as the working directory.
Started at Fri May  2 09:12:08 2025
Terminated at Fri May  2 09:48:35 2025
Results reported at Fri May  2 09:48:35 2025

Your job looked like:

------------------------------------------------------------
# LSBATCH: User input



#BSUB -n 4
#BSUB -W 03:00
#BSUB -R span[hosts=1]
#BSUB -R "rusage[mem=16GB]"
#BSUB -J "NGB_log Rg (nm)_Mordred_Trimer_HBD3 MACCS cluster_20250430"  
#BSUB -o "/share/ddomlab/sdehgha2/working-space/main/P1_pls-dataset/pls-dataset-space/PLS-Dataset/results/hpc_20250430/NGB_log Rg (nm)_Mordred_Trimer_HBD3 MACCS cluster_lc_20250430.out"
#BSUB -e "/share/ddomlab/sdehgha2/working-space/main/P1_pls-dataset/pls-dataset-space/PLS-Dataset/results/hpc_20250430/NGB_log Rg (nm)_Mordred_Trimer_HBD3 MACCS cluster_lc_20250430.err"

source ~/.bashrc
conda activate /usr/local/usrapps/ddomlab/sdehgha2/pls-dataset-env
python ../make_ood_learning_curve.py --target_features "log Rg (nm)"                                       --representation "Mordred"                                       --regressor_type "NGB"                                       --oligomer_representation "Trimer"                                       --numerical_feats 'Xn' 'Mw (g/mol)' 'PDI' 'Concentration (mg/ml)' 'Temperature SANS/SLS/DLS/SEC (K)' "polymer dP" "polymer dD" "polymer dH" 'solvent dP' 'solvent dD' 'solvent dH'                                       --clustering_method "HBD3 MACCS cluster" 



------------------------------------------------------------

Successfully completed.

Resource usage summary:

    CPU time :                                   2113.39 sec.
    Max Memory :                                 -
    Average Memory :                             -
    Total Requested Memory :                     16.00 GB
    Delta Memory :                               -
    Max Swap :                                   -
    Max Processes :                              4
    Max Threads :                                5
    Run time :                                   2211 sec.
    Turnaround time :                            2188 sec.

The output (if any) is above this job summary.



PS:

Read file </share/ddomlab/sdehgha2/working-space/main/P1_pls-dataset/pls-dataset-space/PLS-Dataset/results/hpc_20250430/NGB_log Rg (nm)_Mordred_Trimer_HBD3 MACCS cluster_lc_20250430.err> for stderr output of this job.


------------------------------------------------------------
Sender: LSF System <lsfadmin@c207n07>
Subject: Job 743277: <NGB_log Rg (nm)_Mordred_Trimer_HBD3 MACCS cluster_20250430> in cluster <Hazel> Exited

Job <NGB_log Rg (nm)_Mordred_Trimer_HBD3 MACCS cluster_20250430> was submitted from host <c207n10> by user <sdehgha2> in cluster <Hazel> at Mon May  5 18:41:42 2025
Job was executed on host(s) <4*c207n07>, in queue <single_chassis>, as user <sdehgha2> in cluster <Hazel> at Mon May  5 18:41:44 2025
</home/sdehgha2> was used as the home directory.
</share/ddomlab/sdehgha2/working-space/main/P1_pls-dataset/pls-dataset-space/PLS-Dataset/code_/training/hpc_submit_training_Rh> was used as the working directory.
Started at Mon May  5 18:41:44 2025
Terminated at Mon May  5 18:43:09 2025
Results reported at Mon May  5 18:43:09 2025

Your job looked like:

------------------------------------------------------------
# LSBATCH: User input



#BSUB -n 4
#BSUB -W 03:00
#BSUB -R span[hosts=1]
#BSUB -R "rusage[mem=16GB]"
#BSUB -J "NGB_log Rg (nm)_Mordred_Trimer_HBD3 MACCS cluster_20250430"  
#BSUB -o "/share/ddomlab/sdehgha2/working-space/main/P1_pls-dataset/pls-dataset-space/PLS-Dataset/results/hpc_20250430/NGB_log Rg (nm)_Mordred_Trimer_HBD3 MACCS cluster_lc_20250430.out"
#BSUB -e "/share/ddomlab/sdehgha2/working-space/main/P1_pls-dataset/pls-dataset-space/PLS-Dataset/results/hpc_20250430/NGB_log Rg (nm)_Mordred_Trimer_HBD3 MACCS cluster_lc_20250430.err"

source ~/.bashrc
conda activate /usr/local/usrapps/ddomlab/sdehgha2/pls-dataset-env
python ../make_ood_learning_curve.py --target_features "log Rg (nm)"                                       --representation "Mordred"                                       --regressor_type "NGB"                                       --oligomer_representation "Trimer"                                       --numerical_feats 'Xn' 'Mw (g/mol)' 'PDI' 'Concentration (mg/ml)' 'Temperature SANS/SLS/DLS/SEC (K)' "polymer dP" "polymer dD" "polymer dH" 'solvent dP' 'solvent dD' 'solvent dH'                                       --clustering_method "HBD3 MACCS cluster" 



------------------------------------------------------------

TERM_OWNER: job killed by owner.
Exited with exit code 130.

Resource usage summary:

    CPU time :                                   71.85 sec.
    Max Memory :                                 -
    Average Memory :                             -
    Total Requested Memory :                     16.00 GB
    Delta Memory :                               -
    Max Swap :                                   -
    Max Processes :                              4
    Max Threads :                                5
    Run time :                                   96 sec.
    Turnaround time :                            87 sec.

The output (if any) is above this job summary.



PS:

Read file </share/ddomlab/sdehgha2/working-space/main/P1_pls-dataset/pls-dataset-space/PLS-Dataset/results/hpc_20250430/NGB_log Rg (nm)_Mordred_Trimer_HBD3 MACCS cluster_lc_20250430.err> for stderr output of this job.

