


-------------------------------------------------- 
OOD TEST ON Fluorene



-------------------------------------------------- 
OPTIMIZING HYPERPARAMETERS FOR REGRESSOR NGB 	SEED: 6


Best parameters: OrderedDict([('regressor__regressor__learning_rate', 0.053850480248194), ('regressor__regressor__n_estimators', 1375), ('regressor__regressor__natural_gradient', True), ('regressor__regressor__tol', 0.01), ('regressor__regressor__verbose', False)])




Best parameters: OrderedDict([('regressor__regressor__learning_rate', 0.05826555460542391), ('regressor__regressor__n_estimators', 1431), ('regressor__regressor__natural_gradient', True), ('regressor__regressor__tol', 0.01), ('regressor__regressor__verbose', False)])




Best parameters: OrderedDict([('regressor__regressor__learning_rate', 0.1), ('regressor__regressor__n_estimators', 313), ('regressor__regressor__natural_gradient', True), ('regressor__regressor__tol', 0.0001), ('regressor__regressor__verbose', False)])




Best parameters: OrderedDict([('regressor__regressor__learning_rate', 0.1), ('regressor__regressor__n_estimators', 381), ('regressor__regressor__natural_gradient', True), ('regressor__regressor__tol', 0.0001), ('regressor__regressor__verbose', False)])




Best parameters: OrderedDict([('regressor__regressor__learning_rate', 0.1), ('regressor__regressor__n_estimators', 816), ('regressor__regressor__natural_gradient', True), ('regressor__regressor__tol', 0.01), ('regressor__regressor__verbose', False)])





OPTIMIZING HYPERPARAMETERS FOR REGRESSOR NGB 	SEED: 6


Best parameters: OrderedDict([('regressor__regressor__learning_rate', 0.08646479880356304), ('regressor__regressor__n_estimators', 918), ('regressor__regressor__natural_gradient', True), ('regressor__regressor__tol', 0.0005053971397801153), ('regressor__regressor__verbose', False)])





OPTIMIZING HYPERPARAMETERS FOR REGRESSOR NGB 	SEED: 6


Best parameters: OrderedDict([('regressor__regressor__learning_rate', 0.06555999017173562), ('regressor__regressor__n_estimators', 188), ('regressor__regressor__natural_gradient', True), ('regressor__regressor__tol', 0.0001), ('regressor__regressor__verbose', False)])





OPTIMIZING HYPERPARAMETERS FOR REGRESSOR NGB 	SEED: 6


Best parameters: OrderedDict([('regressor__regressor__learning_rate', 0.03859475724130559), ('regressor__regressor__n_estimators', 2000), ('regressor__regressor__natural_gradient', True), ('regressor__regressor__tol', 0.0001), ('regressor__regressor__verbose', False)])





OPTIMIZING HYPERPARAMETERS FOR REGRESSOR NGB 	SEED: 6


Best parameters: OrderedDict([('regressor__regressor__learning_rate', 0.05785101159722476), ('regressor__regressor__n_estimators', 1578), ('regressor__regressor__natural_gradient', True), ('regressor__regressor__tol', 0.0001), ('regressor__regressor__verbose', False)])





OPTIMIZING HYPERPARAMETERS FOR REGRESSOR NGB 	SEED: 6


Best parameters: OrderedDict([('regressor__regressor__learning_rate', 0.1), ('regressor__regressor__n_estimators', 2000), ('regressor__regressor__natural_gradient', True), ('regressor__regressor__tol', 0.01), ('regressor__regressor__verbose', False)])





-------------------------------------------------- 
OPTIMIZING HYPERPARAMETERS FOR REGRESSOR NGB 	SEED: 13


Best parameters: OrderedDict([('regressor__regressor__learning_rate', 0.05906409568791181), ('regressor__regressor__n_estimators', 1422), ('regressor__regressor__natural_gradient', True), ('regressor__regressor__tol', 0.01), ('regressor__regressor__verbose', False)])




Best parameters: OrderedDict([('regressor__regressor__learning_rate', 0.1), ('regressor__regressor__n_estimators', 206), ('regressor__regressor__natural_gradient', True), ('regressor__regressor__tol', 0.0001), ('regressor__regressor__verbose', False)])




Best parameters: OrderedDict([('regressor__regressor__learning_rate', 0.1), ('regressor__regressor__n_estimators', 1175), ('regressor__regressor__natural_gradient', True), ('regressor__regressor__tol', 0.01), ('regressor__regressor__verbose', False)])




Best parameters: OrderedDict([('regressor__regressor__learning_rate', 0.1), ('regressor__regressor__n_estimators', 1171), ('regressor__regressor__natural_gradient', True), ('regressor__regressor__tol', 0.01), ('regressor__regressor__verbose', False)])




Best parameters: OrderedDict([('regressor__regressor__learning_rate', 0.06157910577333674), ('regressor__regressor__n_estimators', 1232), ('regressor__regressor__natural_gradient', True), ('regressor__regressor__tol', 0.00833677446344489), ('regressor__regressor__verbose', False)])





OPTIMIZING HYPERPARAMETERS FOR REGRESSOR NGB 	SEED: 13


Best parameters: OrderedDict([('regressor__regressor__learning_rate', 0.026552645022727455), ('regressor__regressor__n_estimators', 952), ('regressor__regressor__natural_gradient', True), ('regressor__regressor__tol', 0.0001), ('regressor__regressor__verbose', False)])





OPTIMIZING HYPERPARAMETERS FOR REGRESSOR NGB 	SEED: 13


Best parameters: OrderedDict([('regressor__regressor__learning_rate', 0.09636811616941754), ('regressor__regressor__n_estimators', 217), ('regressor__regressor__natural_gradient', True), ('regressor__regressor__tol', 0.00848125356142956), ('regressor__regressor__verbose', False)])





OPTIMIZING HYPERPARAMETERS FOR REGRESSOR NGB 	SEED: 13


Best parameters: OrderedDict([('regressor__regressor__learning_rate', 0.05959695131217424), ('regressor__regressor__n_estimators', 1077), ('regressor__regressor__natural_gradient', True), ('regressor__regressor__tol', 0.00015094002771874024), ('regressor__regressor__verbose', False)])





OPTIMIZING HYPERPARAMETERS FOR REGRESSOR NGB 	SEED: 13


Best parameters: OrderedDict([('regressor__regressor__learning_rate', 0.04386953253032329), ('regressor__regressor__n_estimators', 2000), ('regressor__regressor__natural_gradient', True), ('regressor__regressor__tol', 0.01), ('regressor__regressor__verbose', False)])





OPTIMIZING HYPERPARAMETERS FOR REGRESSOR NGB 	SEED: 13


Best parameters: OrderedDict([('regressor__regressor__learning_rate', 0.09269361773506397), ('regressor__regressor__n_estimators', 428), ('regressor__regressor__natural_gradient', True), ('regressor__regressor__tol', 0.009029044661077448), ('regressor__regressor__verbose', False)])





-------------------------------------------------- 
OPTIMIZING HYPERPARAMETERS FOR REGRESSOR NGB 	SEED: 42


Best parameters: OrderedDict([('regressor__regressor__learning_rate', 0.07352481813242628), ('regressor__regressor__n_estimators', 663), ('regressor__regressor__natural_gradient', True), ('regressor__regressor__tol', 0.0006786442521779151), ('regressor__regressor__verbose', False)])




Best parameters: OrderedDict([('regressor__regressor__learning_rate', 0.04339418942811288), ('regressor__regressor__n_estimators', 2000), ('regressor__regressor__natural_gradient', True), ('regressor__regressor__tol', 0.01), ('regressor__regressor__verbose', False)])




Best parameters: OrderedDict([('regressor__regressor__learning_rate', 0.1), ('regressor__regressor__n_estimators', 110), ('regressor__regressor__natural_gradient', True), ('regressor__regressor__tol', 0.01), ('regressor__regressor__verbose', False)])




Best parameters: OrderedDict([('regressor__regressor__learning_rate', 0.1), ('regressor__regressor__n_estimators', 308), ('regressor__regressor__natural_gradient', True), ('regressor__regressor__tol', 0.01), ('regressor__regressor__verbose', False)])




Best parameters: OrderedDict([('regressor__regressor__learning_rate', 0.07352481813242628), ('regressor__regressor__n_estimators', 663), ('regressor__regressor__natural_gradient', True), ('regressor__regressor__tol', 0.0006786442521779151), ('regressor__regressor__verbose', False)])





OPTIMIZING HYPERPARAMETERS FOR REGRESSOR NGB 	SEED: 42


Best parameters: OrderedDict([('regressor__regressor__learning_rate', 0.09637111627129272), ('regressor__regressor__n_estimators', 782), ('regressor__regressor__natural_gradient', True), ('regressor__regressor__tol', 0.0001222820416914171), ('regressor__regressor__verbose', False)])





OPTIMIZING HYPERPARAMETERS FOR REGRESSOR NGB 	SEED: 42


Best parameters: OrderedDict([('regressor__regressor__learning_rate', 0.05684161546776157), ('regressor__regressor__n_estimators', 2000), ('regressor__regressor__natural_gradient', True), ('regressor__regressor__tol', 0.01), ('regressor__regressor__verbose', False)])





OPTIMIZING HYPERPARAMETERS FOR REGRESSOR NGB 	SEED: 42


Best parameters: OrderedDict([('regressor__regressor__learning_rate', 0.02528992747758919), ('regressor__regressor__n_estimators', 2000), ('regressor__regressor__natural_gradient', True), ('regressor__regressor__tol', 0.01), ('regressor__regressor__verbose', False)])





OPTIMIZING HYPERPARAMETERS FOR REGRESSOR NGB 	SEED: 42


Best parameters: OrderedDict([('regressor__regressor__learning_rate', 0.049868987018257), ('regressor__regressor__n_estimators', 2000), ('regressor__regressor__natural_gradient', True), ('regressor__regressor__tol', 0.0001), ('regressor__regressor__verbose', False)])





OPTIMIZING HYPERPARAMETERS FOR REGRESSOR NGB 	SEED: 42


Best parameters: OrderedDict([('regressor__regressor__learning_rate', 0.05510635537721018), ('regressor__regressor__n_estimators', 549), ('regressor__regressor__natural_gradient', True), ('regressor__regressor__tol', 0.0074887312531542105), ('regressor__regressor__verbose', False)])





-------------------------------------------------- 
OPTIMIZING HYPERPARAMETERS FOR REGRESSOR NGB 	SEED: 69


Best parameters: OrderedDict([('regressor__regressor__learning_rate', 0.04383970563363984), ('regressor__regressor__n_estimators', 337), ('regressor__regressor__natural_gradient', True), ('regressor__regressor__tol', 0.01), ('regressor__regressor__verbose', False)])




Best parameters: OrderedDict([('regressor__regressor__learning_rate', 0.1), ('regressor__regressor__n_estimators', 190), ('regressor__regressor__natural_gradient', True), ('regressor__regressor__tol', 0.0001), ('regressor__regressor__verbose', False)])




Best parameters: OrderedDict([('regressor__regressor__learning_rate', 0.053350593434889536), ('regressor__regressor__n_estimators', 394), ('regressor__regressor__natural_gradient', True), ('regressor__regressor__tol', 0.0001038399677559297), ('regressor__regressor__verbose', False)])




Best parameters: OrderedDict([('regressor__regressor__learning_rate', 0.024862375848121343), ('regressor__regressor__n_estimators', 1015), ('regressor__regressor__natural_gradient', True), ('regressor__regressor__tol', 0.01), ('regressor__regressor__verbose', False)])




Best parameters: OrderedDict([('regressor__regressor__learning_rate', 0.03557597401581755), ('regressor__regressor__n_estimators', 2000), ('regressor__regressor__natural_gradient', True), ('regressor__regressor__tol', 0.01), ('regressor__regressor__verbose', False)])





OPTIMIZING HYPERPARAMETERS FOR REGRESSOR NGB 	SEED: 69


Best parameters: OrderedDict([('regressor__regressor__learning_rate', 0.028243010203540815), ('regressor__regressor__n_estimators', 1133), ('regressor__regressor__natural_gradient', True), ('regressor__regressor__tol', 0.0001), ('regressor__regressor__verbose', False)])





OPTIMIZING HYPERPARAMETERS FOR REGRESSOR NGB 	SEED: 69


Best parameters: OrderedDict([('regressor__regressor__learning_rate', 0.1), ('regressor__regressor__n_estimators', 842), ('regressor__regressor__natural_gradient', True), ('regressor__regressor__tol', 0.0001), ('regressor__regressor__verbose', False)])





OPTIMIZING HYPERPARAMETERS FOR REGRESSOR NGB 	SEED: 69


Best parameters: OrderedDict([('regressor__regressor__learning_rate', 0.09784400370254734), ('regressor__regressor__n_estimators', 1938), ('regressor__regressor__natural_gradient', True), ('regressor__regressor__tol', 0.009587060991233057), ('regressor__regressor__verbose', False)])





OPTIMIZING HYPERPARAMETERS FOR REGRESSOR NGB 	SEED: 69


Best parameters: OrderedDict([('regressor__regressor__learning_rate', 0.09939793013929618), ('regressor__regressor__n_estimators', 1351), ('regressor__regressor__natural_gradient', True), ('regressor__regressor__tol', 0.0029011736234682817), ('regressor__regressor__verbose', False)])





OPTIMIZING HYPERPARAMETERS FOR REGRESSOR NGB 	SEED: 69


Best parameters: OrderedDict([('regressor__regressor__learning_rate', 0.09835190436757021), ('regressor__regressor__n_estimators', 1966), ('regressor__regressor__natural_gradient', True), ('regressor__regressor__tol', 0.00011921080252333573), ('regressor__regressor__verbose', False)])





-------------------------------------------------- 
OPTIMIZING HYPERPARAMETERS FOR REGRESSOR NGB 	SEED: 420


Best parameters: OrderedDict([('regressor__regressor__learning_rate', 0.02281723801845413), ('regressor__regressor__n_estimators', 935), ('regressor__regressor__natural_gradient', True), ('regressor__regressor__tol', 0.0001019892268574377), ('regressor__regressor__verbose', False)])




Best parameters: OrderedDict([('regressor__regressor__learning_rate', 0.03711124086612997), ('regressor__regressor__n_estimators', 1998), ('regressor__regressor__natural_gradient', True), ('regressor__regressor__tol', 0.0001348393052210512), ('regressor__regressor__verbose', False)])




Best parameters: OrderedDict([('regressor__regressor__learning_rate', 0.03808043316703399), ('regressor__regressor__n_estimators', 686), ('regressor__regressor__natural_gradient', True), ('regressor__regressor__tol', 0.01), ('regressor__regressor__verbose', False)])




Best parameters: OrderedDict([('regressor__regressor__learning_rate', 0.007701503930058989), ('regressor__regressor__n_estimators', 2000), ('regressor__regressor__natural_gradient', True), ('regressor__regressor__tol', 0.0001), ('regressor__regressor__verbose', False)])




Best parameters: OrderedDict([('regressor__regressor__learning_rate', 0.05913781436124809), ('regressor__regressor__n_estimators', 875), ('regressor__regressor__natural_gradient', True), ('regressor__regressor__tol', 0.003374979707751342), ('regressor__regressor__verbose', False)])





OPTIMIZING HYPERPARAMETERS FOR REGRESSOR NGB 	SEED: 420


Best parameters: OrderedDict([('regressor__regressor__learning_rate', 0.07832344954847259), ('regressor__regressor__n_estimators', 1604), ('regressor__regressor__natural_gradient', True), ('regressor__regressor__tol', 0.01), ('regressor__regressor__verbose', False)])





OPTIMIZING HYPERPARAMETERS FOR REGRESSOR NGB 	SEED: 420


Best parameters: OrderedDict([('regressor__regressor__learning_rate', 0.023993298420061968), ('regressor__regressor__n_estimators', 1017), ('regressor__regressor__natural_gradient', True), ('regressor__regressor__tol', 0.0001), ('regressor__regressor__verbose', False)])





OPTIMIZING HYPERPARAMETERS FOR REGRESSOR NGB 	SEED: 420


Best parameters: OrderedDict([('regressor__regressor__learning_rate', 0.04155697784576539), ('regressor__regressor__n_estimators', 942), ('regressor__regressor__natural_gradient', True), ('regressor__regressor__tol', 0.01), ('regressor__regressor__verbose', False)])





OPTIMIZING HYPERPARAMETERS FOR REGRESSOR NGB 	SEED: 420


Best parameters: OrderedDict([('regressor__regressor__learning_rate', 0.05165689445238594), ('regressor__regressor__n_estimators', 2000), ('regressor__regressor__natural_gradient', True), ('regressor__regressor__tol', 0.0001), ('regressor__regressor__verbose', False)])





OPTIMIZING HYPERPARAMETERS FOR REGRESSOR NGB 	SEED: 420


Best parameters: OrderedDict([('regressor__regressor__learning_rate', 0.09987328945349336), ('regressor__regressor__n_estimators', 129), ('regressor__regressor__natural_gradient', True), ('regressor__regressor__tol', 0.00030118099723470325), ('regressor__regressor__verbose', False)])





-------------------------------------------------- 
OPTIMIZING HYPERPARAMETERS FOR REGRESSOR NGB 	SEED: 1234567890


Best parameters: OrderedDict([('regressor__regressor__learning_rate', 0.04772886269869663), ('regressor__regressor__n_estimators', 1186), ('regressor__regressor__natural_gradient', True), ('regressor__regressor__tol', 0.01), ('regressor__regressor__verbose', False)])




Best parameters: OrderedDict([('regressor__regressor__learning_rate', 0.1), ('regressor__regressor__n_estimators', 383), ('regressor__regressor__natural_gradient', True), ('regressor__regressor__tol', 0.0001), ('regressor__regressor__verbose', False)])




Best parameters: OrderedDict([('regressor__regressor__learning_rate', 0.09969204720185082), ('regressor__regressor__n_estimators', 982), ('regressor__regressor__natural_gradient', True), ('regressor__regressor__tol', 0.006757107143647553), ('regressor__regressor__verbose', False)])




Best parameters: OrderedDict([('regressor__regressor__learning_rate', 0.09772708862879999), ('regressor__regressor__n_estimators', 1161), ('regressor__regressor__natural_gradient', True), ('regressor__regressor__tol', 0.00014997969685827351), ('regressor__regressor__verbose', False)])




Best parameters: OrderedDict([('regressor__regressor__learning_rate', 0.09870384400592531), ('regressor__regressor__n_estimators', 920), ('regressor__regressor__natural_gradient', True), ('regressor__regressor__tol', 0.0001265542216321772), ('regressor__regressor__verbose', False)])





OPTIMIZING HYPERPARAMETERS FOR REGRESSOR NGB 	SEED: 1234567890


Best parameters: OrderedDict([('regressor__regressor__learning_rate', 0.1), ('regressor__regressor__n_estimators', 267), ('regressor__regressor__natural_gradient', True), ('regressor__regressor__tol', 0.01), ('regressor__regressor__verbose', False)])





OPTIMIZING HYPERPARAMETERS FOR REGRESSOR NGB 	SEED: 1234567890


Best parameters: OrderedDict([('regressor__regressor__learning_rate', 0.1), ('regressor__regressor__n_estimators', 2000), ('regressor__regressor__natural_gradient', True), ('regressor__regressor__tol', 0.0007066756531098196), ('regressor__regressor__verbose', False)])





OPTIMIZING HYPERPARAMETERS FOR REGRESSOR NGB 	SEED: 1234567890


Best parameters: OrderedDict([('regressor__regressor__learning_rate', 0.09863350211172671), ('regressor__regressor__n_estimators', 952), ('regressor__regressor__natural_gradient', True), ('regressor__regressor__tol', 0.00990322785585118), ('regressor__regressor__verbose', False)])





OPTIMIZING HYPERPARAMETERS FOR REGRESSOR NGB 	SEED: 1234567890


Best parameters: OrderedDict([('regressor__regressor__learning_rate', 0.045099491813388626), ('regressor__regressor__n_estimators', 2000), ('regressor__regressor__natural_gradient', True), ('regressor__regressor__tol', 0.01), ('regressor__regressor__verbose', False)])





OPTIMIZING HYPERPARAMETERS FOR REGRESSOR NGB 	SEED: 1234567890


Best parameters: OrderedDict([('regressor__regressor__learning_rate', 0.03941272593822519), ('regressor__regressor__n_estimators', 762), ('regressor__regressor__natural_gradient', True), ('regressor__regressor__tol', 0.00010766863351475252), ('regressor__regressor__verbose', False)])





-------------------------------------------------- 
OPTIMIZING HYPERPARAMETERS FOR REGRESSOR NGB 	SEED: 473129


Best parameters: OrderedDict([('regressor__regressor__learning_rate', 0.09969594575979603), ('regressor__regressor__n_estimators', 271), ('regressor__regressor__natural_gradient', True), ('regressor__regressor__tol', 0.0004127534602150117), ('regressor__regressor__verbose', False)])




Best parameters: OrderedDict([('regressor__regressor__learning_rate', 0.1), ('regressor__regressor__n_estimators', 427), ('regressor__regressor__natural_gradient', True), ('regressor__regressor__tol', 0.01), ('regressor__regressor__verbose', False)])




Best parameters: OrderedDict([('regressor__regressor__learning_rate', 0.019572817480022927), ('regressor__regressor__n_estimators', 1151), ('regressor__regressor__natural_gradient', True), ('regressor__regressor__tol', 0.0001), ('regressor__regressor__verbose', False)])




Best parameters: OrderedDict([('regressor__regressor__learning_rate', 0.1), ('regressor__regressor__n_estimators', 1350), ('regressor__regressor__natural_gradient', True), ('regressor__regressor__tol', 0.01), ('regressor__regressor__verbose', False)])




Best parameters: OrderedDict([('regressor__regressor__learning_rate', 0.1), ('regressor__regressor__n_estimators', 502), ('regressor__regressor__natural_gradient', True), ('regressor__regressor__tol', 0.0001), ('regressor__regressor__verbose', False)])





OPTIMIZING HYPERPARAMETERS FOR REGRESSOR NGB 	SEED: 473129


Best parameters: OrderedDict([('regressor__regressor__learning_rate', 0.1), ('regressor__regressor__n_estimators', 1320), ('regressor__regressor__natural_gradient', True), ('regressor__regressor__tol', 0.01), ('regressor__regressor__verbose', False)])





OPTIMIZING HYPERPARAMETERS FOR REGRESSOR NGB 	SEED: 473129


Best parameters: OrderedDict([('regressor__regressor__learning_rate', 0.02687191180703949), ('regressor__regressor__n_estimators', 925), ('regressor__regressor__natural_gradient', True), ('regressor__regressor__tol', 0.01), ('regressor__regressor__verbose', False)])





OPTIMIZING HYPERPARAMETERS FOR REGRESSOR NGB 	SEED: 473129


Best parameters: OrderedDict([('regressor__regressor__learning_rate', 0.06673799092478219), ('regressor__regressor__n_estimators', 286), ('regressor__regressor__natural_gradient', True), ('regressor__regressor__tol', 0.0001), ('regressor__regressor__verbose', False)])





OPTIMIZING HYPERPARAMETERS FOR REGRESSOR NGB 	SEED: 473129


Best parameters: OrderedDict([('regressor__regressor__learning_rate', 0.09957819865796441), ('regressor__regressor__n_estimators', 1019), ('regressor__regressor__natural_gradient', True), ('regressor__regressor__tol', 0.007396920086242636), ('regressor__regressor__verbose', False)])





OPTIMIZING HYPERPARAMETERS FOR REGRESSOR NGB 	SEED: 473129


Best parameters: OrderedDict([('regressor__regressor__learning_rate', 0.054785426981719176), ('regressor__regressor__n_estimators', 1068), ('regressor__regressor__natural_gradient', True), ('regressor__regressor__tol', 0.01), ('regressor__regressor__verbose', False)])





-------------------------------------------------- 
OOD TEST ON PPV



-------------------------------------------------- 
OPTIMIZING HYPERPARAMETERS FOR REGRESSOR NGB 	SEED: 6


Best parameters: OrderedDict([('regressor__regressor__learning_rate', 0.08646479880356304), ('regressor__regressor__n_estimators', 918), ('regressor__regressor__natural_gradient', True), ('regressor__regressor__tol', 0.0005053971397801153), ('regressor__regressor__verbose', False)])




Best parameters: OrderedDict([('regressor__regressor__learning_rate', 0.08646479880356304), ('regressor__regressor__n_estimators', 918), ('regressor__regressor__natural_gradient', True), ('regressor__regressor__tol', 0.0005053971397801153), ('regressor__regressor__verbose', False)])




Best parameters: OrderedDict([('regressor__regressor__learning_rate', 0.1), ('regressor__regressor__n_estimators', 342), ('regressor__regressor__natural_gradient', True), ('regressor__regressor__tol', 0.01), ('regressor__regressor__verbose', False)])




Best parameters: OrderedDict([('regressor__regressor__learning_rate', 0.1), ('regressor__regressor__n_estimators', 341), ('regressor__regressor__natural_gradient', True), ('regressor__regressor__tol', 0.01), ('regressor__regressor__verbose', False)])




Best parameters: OrderedDict([('regressor__regressor__learning_rate', 0.04512889242302289), ('regressor__regressor__n_estimators', 1987), ('regressor__regressor__natural_gradient', True), ('regressor__regressor__tol', 0.006251364573032981), ('regressor__regressor__verbose', False)])





OPTIMIZING HYPERPARAMETERS FOR REGRESSOR NGB 	SEED: 6


Best parameters: OrderedDict([('regressor__regressor__learning_rate', 0.08646479880356304), ('regressor__regressor__n_estimators', 918), ('regressor__regressor__natural_gradient', True), ('regressor__regressor__tol', 0.0005053971397801153), ('regressor__regressor__verbose', False)])





OPTIMIZING HYPERPARAMETERS FOR REGRESSOR NGB 	SEED: 6


Best parameters: OrderedDict([('regressor__regressor__learning_rate', 0.0745505797974713), ('regressor__regressor__n_estimators', 1246), ('regressor__regressor__natural_gradient', True), ('regressor__regressor__tol', 0.01), ('regressor__regressor__verbose', False)])





OPTIMIZING HYPERPARAMETERS FOR REGRESSOR NGB 	SEED: 6


Best parameters: OrderedDict([('regressor__regressor__learning_rate', 0.05456864763703268), ('regressor__regressor__n_estimators', 244), ('regressor__regressor__natural_gradient', True), ('regressor__regressor__tol', 0.01), ('regressor__regressor__verbose', False)])





OPTIMIZING HYPERPARAMETERS FOR REGRESSOR NGB 	SEED: 6


Best parameters: OrderedDict([('regressor__regressor__learning_rate', 0.034981882824017915), ('regressor__regressor__n_estimators', 1715), ('regressor__regressor__natural_gradient', True), ('regressor__regressor__tol', 0.0001), ('regressor__regressor__verbose', False)])





OPTIMIZING HYPERPARAMETERS FOR REGRESSOR NGB 	SEED: 6


Best parameters: OrderedDict([('regressor__regressor__learning_rate', 0.039300336373960396), ('regressor__regressor__n_estimators', 2000), ('regressor__regressor__natural_gradient', True), ('regressor__regressor__tol', 0.0001), ('regressor__regressor__verbose', False)])





-------------------------------------------------- 
OPTIMIZING HYPERPARAMETERS FOR REGRESSOR NGB 	SEED: 13


Best parameters: OrderedDict([('regressor__regressor__learning_rate', 0.09964855017847349), ('regressor__regressor__n_estimators', 110), ('regressor__regressor__natural_gradient', True), ('regressor__regressor__tol', 0.002823364283749739), ('regressor__regressor__verbose', False)])




Best parameters: OrderedDict([('regressor__regressor__learning_rate', 0.06451802825281301), ('regressor__regressor__n_estimators', 392), ('regressor__regressor__natural_gradient', True), ('regressor__regressor__tol', 0.01), ('regressor__regressor__verbose', False)])




Best parameters: OrderedDict([('regressor__regressor__learning_rate', 0.0629508561162849), ('regressor__regressor__n_estimators', 789), ('regressor__regressor__natural_gradient', True), ('regressor__regressor__tol', 0.00011656692705419774), ('regressor__regressor__verbose', False)])




Best parameters: OrderedDict([('regressor__regressor__learning_rate', 0.015160199883696386), ('regressor__regressor__n_estimators', 2000), ('regressor__regressor__natural_gradient', True), ('regressor__regressor__tol', 0.01), ('regressor__regressor__verbose', False)])




Best parameters: OrderedDict([('regressor__regressor__learning_rate', 0.020221087913437727), ('regressor__regressor__n_estimators', 1082), ('regressor__regressor__natural_gradient', True), ('regressor__regressor__tol', 0.0001), ('regressor__regressor__verbose', False)])





OPTIMIZING HYPERPARAMETERS FOR REGRESSOR NGB 	SEED: 13


Best parameters: OrderedDict([('regressor__regressor__learning_rate', 0.045851858519750155), ('regressor__regressor__n_estimators', 809), ('regressor__regressor__natural_gradient', True), ('regressor__regressor__tol', 0.0001), ('regressor__regressor__verbose', False)])





OPTIMIZING HYPERPARAMETERS FOR REGRESSOR NGB 	SEED: 13


Best parameters: OrderedDict([('regressor__regressor__learning_rate', 0.09662382642858075), ('regressor__regressor__n_estimators', 1265), ('regressor__regressor__natural_gradient', True), ('regressor__regressor__tol', 0.00010369061247552492), ('regressor__regressor__verbose', False)])





OPTIMIZING HYPERPARAMETERS FOR REGRESSOR NGB 	SEED: 13


Best parameters: OrderedDict([('regressor__regressor__learning_rate', 0.018565007765286693), ('regressor__regressor__n_estimators', 2000), ('regressor__regressor__natural_gradient', True), ('regressor__regressor__tol', 0.0001), ('regressor__regressor__verbose', False)])





OPTIMIZING HYPERPARAMETERS FOR REGRESSOR NGB 	SEED: 13


Best parameters: OrderedDict([('regressor__regressor__learning_rate', 0.03264795201027384), ('regressor__regressor__n_estimators', 2000), ('regressor__regressor__natural_gradient', True), ('regressor__regressor__tol', 0.0001), ('regressor__regressor__verbose', False)])





OPTIMIZING HYPERPARAMETERS FOR REGRESSOR NGB 	SEED: 13


Best parameters: OrderedDict([('regressor__regressor__learning_rate', 0.04837835446941083), ('regressor__regressor__n_estimators', 2000), ('regressor__regressor__natural_gradient', True), ('regressor__regressor__tol', 0.0001), ('regressor__regressor__verbose', False)])





-------------------------------------------------- 
OPTIMIZING HYPERPARAMETERS FOR REGRESSOR NGB 	SEED: 42


Best parameters: OrderedDict([('regressor__regressor__learning_rate', 0.09561887731251685), ('regressor__regressor__n_estimators', 169), ('regressor__regressor__natural_gradient', True), ('regressor__regressor__tol', 0.0001632827784243636), ('regressor__regressor__verbose', False)])




Best parameters: OrderedDict([('regressor__regressor__learning_rate', 0.1), ('regressor__regressor__n_estimators', 2000), ('regressor__regressor__natural_gradient', True), ('regressor__regressor__tol', 0.0001), ('regressor__regressor__verbose', False)])




Best parameters: OrderedDict([('regressor__regressor__learning_rate', 0.04718412287178019), ('regressor__regressor__n_estimators', 2000), ('regressor__regressor__natural_gradient', True), ('regressor__regressor__tol', 0.01), ('regressor__regressor__verbose', False)])




Best parameters: OrderedDict([('regressor__regressor__learning_rate', 0.04916434180206695), ('regressor__regressor__n_estimators', 309), ('regressor__regressor__natural_gradient', True), ('regressor__regressor__tol', 0.01), ('regressor__regressor__verbose', False)])




Best parameters: OrderedDict([('regressor__regressor__learning_rate', 0.1), ('regressor__regressor__n_estimators', 2000), ('regressor__regressor__natural_gradient', True), ('regressor__regressor__tol', 0.0001), ('regressor__regressor__verbose', False)])





OPTIMIZING HYPERPARAMETERS FOR REGRESSOR NGB 	SEED: 42


Best parameters: OrderedDict([('regressor__regressor__learning_rate', 0.09772737171245677), ('regressor__regressor__n_estimators', 1209), ('regressor__regressor__natural_gradient', True), ('regressor__regressor__tol', 0.00013653739899439584), ('regressor__regressor__verbose', False)])





OPTIMIZING HYPERPARAMETERS FOR REGRESSOR NGB 	SEED: 42


Best parameters: OrderedDict([('regressor__regressor__learning_rate', 0.04430903304681282), ('regressor__regressor__n_estimators', 530), ('regressor__regressor__natural_gradient', True), ('regressor__regressor__tol', 0.01), ('regressor__regressor__verbose', False)])





OPTIMIZING HYPERPARAMETERS FOR REGRESSOR NGB 	SEED: 42


Best parameters: OrderedDict([('regressor__regressor__learning_rate', 0.03252108800594495), ('regressor__regressor__n_estimators', 1300), ('regressor__regressor__natural_gradient', True), ('regressor__regressor__tol', 0.007988179462781242), ('regressor__regressor__verbose', False)])





OPTIMIZING HYPERPARAMETERS FOR REGRESSOR NGB 	SEED: 42


Best parameters: OrderedDict([('regressor__regressor__learning_rate', 0.017826458824880122), ('regressor__regressor__n_estimators', 2000), ('regressor__regressor__natural_gradient', True), ('regressor__regressor__tol', 0.01), ('regressor__regressor__verbose', False)])





OPTIMIZING HYPERPARAMETERS FOR REGRESSOR NGB 	SEED: 42


Best parameters: OrderedDict([('regressor__regressor__learning_rate', 0.1), ('regressor__regressor__n_estimators', 1078), ('regressor__regressor__natural_gradient', True), ('regressor__regressor__tol', 0.0001), ('regressor__regressor__verbose', False)])





-------------------------------------------------- 
OPTIMIZING HYPERPARAMETERS FOR REGRESSOR NGB 	SEED: 69


Best parameters: OrderedDict([('regressor__regressor__learning_rate', 0.05322610525445612), ('regressor__regressor__n_estimators', 2000), ('regressor__regressor__natural_gradient', True), ('regressor__regressor__tol', 0.01), ('regressor__regressor__verbose', False)])




Best parameters: OrderedDict([('regressor__regressor__learning_rate', 0.06255559222706292), ('regressor__regressor__n_estimators', 1530), ('regressor__regressor__natural_gradient', True), ('regressor__regressor__tol', 0.01), ('regressor__regressor__verbose', False)])




Best parameters: OrderedDict([('regressor__regressor__learning_rate', 0.1), ('regressor__regressor__n_estimators', 346), ('regressor__regressor__natural_gradient', True), ('regressor__regressor__tol', 0.01), ('regressor__regressor__verbose', False)])




Best parameters: OrderedDict([('regressor__regressor__learning_rate', 0.0978891000360081), ('regressor__regressor__n_estimators', 984), ('regressor__regressor__natural_gradient', True), ('regressor__regressor__tol', 0.00016949656026168608), ('regressor__regressor__verbose', False)])




Best parameters: OrderedDict([('regressor__regressor__learning_rate', 0.02425086341420862), ('regressor__regressor__n_estimators', 2000), ('regressor__regressor__natural_gradient', True), ('regressor__regressor__tol', 0.01), ('regressor__regressor__verbose', False)])





OPTIMIZING HYPERPARAMETERS FOR REGRESSOR NGB 	SEED: 69


Best parameters: OrderedDict([('regressor__regressor__learning_rate', 0.05372783805817189), ('regressor__regressor__n_estimators', 2000), ('regressor__regressor__natural_gradient', True), ('regressor__regressor__tol', 0.01), ('regressor__regressor__verbose', False)])





OPTIMIZING HYPERPARAMETERS FOR REGRESSOR NGB 	SEED: 69


Best parameters: OrderedDict([('regressor__regressor__learning_rate', 0.1), ('regressor__regressor__n_estimators', 580), ('regressor__regressor__natural_gradient', True), ('regressor__regressor__tol', 0.0001), ('regressor__regressor__verbose', False)])





OPTIMIZING HYPERPARAMETERS FOR REGRESSOR NGB 	SEED: 69


Best parameters: OrderedDict([('regressor__regressor__learning_rate', 0.04206140797917024), ('regressor__regressor__n_estimators', 1985), ('regressor__regressor__natural_gradient', True), ('regressor__regressor__tol', 0.00890319251335363), ('regressor__regressor__verbose', False)])





OPTIMIZING HYPERPARAMETERS FOR REGRESSOR NGB 	SEED: 69


Best parameters: OrderedDict([('regressor__regressor__learning_rate', 0.013495638497793365), ('regressor__regressor__n_estimators', 2000), ('regressor__regressor__natural_gradient', True), ('regressor__regressor__tol', 0.01), ('regressor__regressor__verbose', False)])





OPTIMIZING HYPERPARAMETERS FOR REGRESSOR NGB 	SEED: 69


Best parameters: OrderedDict([('regressor__regressor__learning_rate', 0.09939793013929618), ('regressor__regressor__n_estimators', 1351), ('regressor__regressor__natural_gradient', True), ('regressor__regressor__tol', 0.0029011736234682817), ('regressor__regressor__verbose', False)])





-------------------------------------------------- 
OPTIMIZING HYPERPARAMETERS FOR REGRESSOR NGB 	SEED: 420


Best parameters: OrderedDict([('regressor__regressor__learning_rate', 0.09968645259195529), ('regressor__regressor__n_estimators', 803), ('regressor__regressor__natural_gradient', True), ('regressor__regressor__tol', 0.008807110177308385), ('regressor__regressor__verbose', False)])




Best parameters: OrderedDict([('regressor__regressor__learning_rate', 0.04408761823309446), ('regressor__regressor__n_estimators', 1135), ('regressor__regressor__natural_gradient', True), ('regressor__regressor__tol', 0.0001), ('regressor__regressor__verbose', False)])




Best parameters: OrderedDict([('regressor__regressor__learning_rate', 0.1), ('regressor__regressor__n_estimators', 1565), ('regressor__regressor__natural_gradient', True), ('regressor__regressor__tol', 0.01), ('regressor__regressor__verbose', False)])




Best parameters: OrderedDict([('regressor__regressor__learning_rate', 0.055714295506972177), ('regressor__regressor__n_estimators', 1976), ('regressor__regressor__natural_gradient', True), ('regressor__regressor__tol', 0.00013707771260416309), ('regressor__regressor__verbose', False)])




Best parameters: OrderedDict([('regressor__regressor__learning_rate', 0.1), ('regressor__regressor__n_estimators', 2000), ('regressor__regressor__natural_gradient', True), ('regressor__regressor__tol', 0.0001), ('regressor__regressor__verbose', False)])





OPTIMIZING HYPERPARAMETERS FOR REGRESSOR NGB 	SEED: 420


Best parameters: OrderedDict([('regressor__regressor__learning_rate', 0.09979274591941655), ('regressor__regressor__n_estimators', 1164), ('regressor__regressor__natural_gradient', True), ('regressor__regressor__tol', 0.0003584917225808783), ('regressor__regressor__verbose', False)])





OPTIMIZING HYPERPARAMETERS FOR REGRESSOR NGB 	SEED: 420


Best parameters: OrderedDict([('regressor__regressor__learning_rate', 0.017444446346287962), ('regressor__regressor__n_estimators', 2000), ('regressor__regressor__natural_gradient', True), ('regressor__regressor__tol', 0.00018248073269529585), ('regressor__regressor__verbose', False)])





OPTIMIZING HYPERPARAMETERS FOR REGRESSOR NGB 	SEED: 420


Best parameters: OrderedDict([('regressor__regressor__learning_rate', 0.049648205249165814), ('regressor__regressor__n_estimators', 2000), ('regressor__regressor__natural_gradient', True), ('regressor__regressor__tol', 0.01), ('regressor__regressor__verbose', False)])





OPTIMIZING HYPERPARAMETERS FOR REGRESSOR NGB 	SEED: 420


Best parameters: OrderedDict([('regressor__regressor__learning_rate', 0.050702868756442386), ('regressor__regressor__n_estimators', 671), ('regressor__regressor__natural_gradient', True), ('regressor__regressor__tol', 0.0001), ('regressor__regressor__verbose', False)])





OPTIMIZING HYPERPARAMETERS FOR REGRESSOR NGB 	SEED: 420


Best parameters: OrderedDict([('regressor__regressor__learning_rate', 0.09922283246414859), ('regressor__regressor__n_estimators', 222), ('regressor__regressor__natural_gradient', True), ('regressor__regressor__tol', 0.0027445708934159194), ('regressor__regressor__verbose', False)])





-------------------------------------------------- 
OPTIMIZING HYPERPARAMETERS FOR REGRESSOR NGB 	SEED: 1234567890


Best parameters: OrderedDict([('regressor__regressor__learning_rate', 0.05436248451441311), ('regressor__regressor__n_estimators', 1237), ('regressor__regressor__natural_gradient', True), ('regressor__regressor__tol', 0.01), ('regressor__regressor__verbose', False)])




Best parameters: OrderedDict([('regressor__regressor__learning_rate', 0.1), ('regressor__regressor__n_estimators', 1337), ('regressor__regressor__natural_gradient', True), ('regressor__regressor__tol', 0.01), ('regressor__regressor__verbose', False)])




Best parameters: OrderedDict([('regressor__regressor__learning_rate', 0.03596319526253113), ('regressor__regressor__n_estimators', 1071), ('regressor__regressor__natural_gradient', True), ('regressor__regressor__tol', 0.009529635479326339), ('regressor__regressor__verbose', False)])




Best parameters: OrderedDict([('regressor__regressor__learning_rate', 0.036027445748270936), ('regressor__regressor__n_estimators', 2000), ('regressor__regressor__natural_gradient', True), ('regressor__regressor__tol', 0.0001), ('regressor__regressor__verbose', False)])




Best parameters: OrderedDict([('regressor__regressor__learning_rate', 0.049693745000788145), ('regressor__regressor__n_estimators', 2000), ('regressor__regressor__natural_gradient', True), ('regressor__regressor__tol', 0.01), ('regressor__regressor__verbose', False)])





OPTIMIZING HYPERPARAMETERS FOR REGRESSOR NGB 	SEED: 1234567890


Best parameters: OrderedDict([('regressor__regressor__learning_rate', 0.1), ('regressor__regressor__n_estimators', 1343), ('regressor__regressor__natural_gradient', True), ('regressor__regressor__tol', 0.0001), ('regressor__regressor__verbose', False)])





OPTIMIZING HYPERPARAMETERS FOR REGRESSOR NGB 	SEED: 1234567890


Best parameters: OrderedDict([('regressor__regressor__learning_rate', 0.0760961493335248), ('regressor__regressor__n_estimators', 1938), ('regressor__regressor__natural_gradient', True), ('regressor__regressor__tol', 0.0001114666924945765), ('regressor__regressor__verbose', False)])





OPTIMIZING HYPERPARAMETERS FOR REGRESSOR NGB 	SEED: 1234567890


Best parameters: OrderedDict([('regressor__regressor__learning_rate', 0.04699648323196852), ('regressor__regressor__n_estimators', 2000), ('regressor__regressor__natural_gradient', True), ('regressor__regressor__tol', 0.01), ('regressor__regressor__verbose', False)])





OPTIMIZING HYPERPARAMETERS FOR REGRESSOR NGB 	SEED: 1234567890


Best parameters: OrderedDict([('regressor__regressor__learning_rate', 0.0944197001511092), ('regressor__regressor__n_estimators', 1929), ('regressor__regressor__natural_gradient', True), ('regressor__regressor__tol', 0.0039788401652977425), ('regressor__regressor__verbose', False)])





OPTIMIZING HYPERPARAMETERS FOR REGRESSOR NGB 	SEED: 1234567890


Best parameters: OrderedDict([('regressor__regressor__learning_rate', 0.05971375396006029), ('regressor__regressor__n_estimators', 670), ('regressor__regressor__natural_gradient', True), ('regressor__regressor__tol', 0.0001293243540766746), ('regressor__regressor__verbose', False)])





-------------------------------------------------- 
OPTIMIZING HYPERPARAMETERS FOR REGRESSOR NGB 	SEED: 473129


Best parameters: OrderedDict([('regressor__regressor__learning_rate', 0.09999133787326844), ('regressor__regressor__n_estimators', 1047), ('regressor__regressor__natural_gradient', True), ('regressor__regressor__tol', 0.00013812071953130738), ('regressor__regressor__verbose', False)])




Best parameters: OrderedDict([('regressor__regressor__learning_rate', 0.037529556942714294), ('regressor__regressor__n_estimators', 1123), ('regressor__regressor__natural_gradient', True), ('regressor__regressor__tol', 0.01), ('regressor__regressor__verbose', False)])




Best parameters: OrderedDict([('regressor__regressor__learning_rate', 0.06687068556641909), ('regressor__regressor__n_estimators', 716), ('regressor__regressor__natural_gradient', True), ('regressor__regressor__tol', 0.0001), ('regressor__regressor__verbose', False)])




Best parameters: OrderedDict([('regressor__regressor__learning_rate', 0.05263890884170865), ('regressor__regressor__n_estimators', 1338), ('regressor__regressor__natural_gradient', True), ('regressor__regressor__tol', 0.01), ('regressor__regressor__verbose', False)])




Best parameters: OrderedDict([('regressor__regressor__learning_rate', 0.07938545328315677), ('regressor__regressor__n_estimators', 527), ('regressor__regressor__natural_gradient', True), ('regressor__regressor__tol', 0.001354421220552107), ('regressor__regressor__verbose', False)])





OPTIMIZING HYPERPARAMETERS FOR REGRESSOR NGB 	SEED: 473129


Best parameters: OrderedDict([('regressor__regressor__learning_rate', 0.1), ('regressor__regressor__n_estimators', 2000), ('regressor__regressor__natural_gradient', True), ('regressor__regressor__tol', 0.01), ('regressor__regressor__verbose', False)])





OPTIMIZING HYPERPARAMETERS FOR REGRESSOR NGB 	SEED: 473129


Best parameters: OrderedDict([('regressor__regressor__learning_rate', 0.09904824476768441), ('regressor__regressor__n_estimators', 1987), ('regressor__regressor__natural_gradient', True), ('regressor__regressor__tol', 0.00406731587125308), ('regressor__regressor__verbose', False)])





OPTIMIZING HYPERPARAMETERS FOR REGRESSOR NGB 	SEED: 473129


Best parameters: OrderedDict([('regressor__regressor__learning_rate', 0.044294765858188916), ('regressor__regressor__n_estimators', 2000), ('regressor__regressor__natural_gradient', True), ('regressor__regressor__tol', 0.01), ('regressor__regressor__verbose', False)])





OPTIMIZING HYPERPARAMETERS FOR REGRESSOR NGB 	SEED: 473129


Best parameters: OrderedDict([('regressor__regressor__learning_rate', 0.09988762973425012), ('regressor__regressor__n_estimators', 1959), ('regressor__regressor__natural_gradient', True), ('regressor__regressor__tol', 0.00017884051441690766), ('regressor__regressor__verbose', False)])





OPTIMIZING HYPERPARAMETERS FOR REGRESSOR NGB 	SEED: 473129


Best parameters: OrderedDict([('regressor__regressor__learning_rate', 0.03836332948750662), ('regressor__regressor__n_estimators', 2000), ('regressor__regressor__natural_gradient', True), ('regressor__regressor__tol', 0.01), ('regressor__regressor__verbose', False)])





-------------------------------------------------- 
OOD TEST ON Thiophene



-------------------------------------------------- 
OPTIMIZING HYPERPARAMETERS FOR REGRESSOR NGB 	SEED: 6


Best parameters: OrderedDict([('regressor__regressor__learning_rate', 0.034943272156926386), ('regressor__regressor__n_estimators', 573), ('regressor__regressor__natural_gradient', True), ('regressor__regressor__tol', 0.0001), ('regressor__regressor__verbose', False)])




Best parameters: OrderedDict([('regressor__regressor__learning_rate', 0.029141768742293277), ('regressor__regressor__n_estimators', 869), ('regressor__regressor__natural_gradient', True), ('regressor__regressor__tol', 0.01), ('regressor__regressor__verbose', False)])




Best parameters: OrderedDict([('regressor__regressor__learning_rate', 0.027812792405512654), ('regressor__regressor__n_estimators', 1056), ('regressor__regressor__natural_gradient', True), ('regressor__regressor__tol', 0.0001), ('regressor__regressor__verbose', False)])




Best parameters: OrderedDict([('regressor__regressor__learning_rate', 0.019262457796388126), ('regressor__regressor__n_estimators', 2000), ('regressor__regressor__natural_gradient', True), ('regressor__regressor__tol', 0.01), ('regressor__regressor__verbose', False)])




Best parameters: OrderedDict([('regressor__regressor__learning_rate', 0.03535975642363725), ('regressor__regressor__n_estimators', 2000), ('regressor__regressor__natural_gradient', True), ('regressor__regressor__tol', 0.0003535383093239497), ('regressor__regressor__verbose', False)])





OPTIMIZING HYPERPARAMETERS FOR REGRESSOR NGB 	SEED: 6


Best parameters: OrderedDict([('regressor__regressor__learning_rate', 0.07658325978358972), ('regressor__regressor__n_estimators', 1507), ('regressor__regressor__natural_gradient', True), ('regressor__regressor__tol', 0.0001), ('regressor__regressor__verbose', False)])





OPTIMIZING HYPERPARAMETERS FOR REGRESSOR NGB 	SEED: 6


Best parameters: OrderedDict([('regressor__regressor__learning_rate', 0.08646479880356304), ('regressor__regressor__n_estimators', 918), ('regressor__regressor__natural_gradient', True), ('regressor__regressor__tol', 0.0005053971397801153), ('regressor__regressor__verbose', False)])





OPTIMIZING HYPERPARAMETERS FOR REGRESSOR NGB 	SEED: 6


Best parameters: OrderedDict([('regressor__regressor__learning_rate', 0.014650800830336184), ('regressor__regressor__n_estimators', 1261), ('regressor__regressor__natural_gradient', True), ('regressor__regressor__tol', 0.0001), ('regressor__regressor__verbose', False)])





OPTIMIZING HYPERPARAMETERS FOR REGRESSOR NGB 	SEED: 6


Best parameters: OrderedDict([('regressor__regressor__learning_rate', 0.03825133822835907), ('regressor__regressor__n_estimators', 413), ('regressor__regressor__natural_gradient', True), ('regressor__regressor__tol', 0.00852197856806701), ('regressor__regressor__verbose', False)])





OPTIMIZING HYPERPARAMETERS FOR REGRESSOR NGB 	SEED: 6


Best parameters: OrderedDict([('regressor__regressor__learning_rate', 0.0748304286056469), ('regressor__regressor__n_estimators', 1246), ('regressor__regressor__natural_gradient', True), ('regressor__regressor__tol', 0.0001), ('regressor__regressor__verbose', False)])





-------------------------------------------------- 
OPTIMIZING HYPERPARAMETERS FOR REGRESSOR NGB 	SEED: 13


Best parameters: OrderedDict([('regressor__regressor__learning_rate', 0.09563734687635589), ('regressor__regressor__n_estimators', 414), ('regressor__regressor__natural_gradient', True), ('regressor__regressor__tol', 0.00010289680069906257), ('regressor__regressor__verbose', False)])




Best parameters: OrderedDict([('regressor__regressor__learning_rate', 0.07693173041362837), ('regressor__regressor__n_estimators', 290), ('regressor__regressor__natural_gradient', True), ('regressor__regressor__tol', 0.004184475212836049), ('regressor__regressor__verbose', False)])




Best parameters: OrderedDict([('regressor__regressor__learning_rate', 0.06553009545624033), ('regressor__regressor__n_estimators', 2000), ('regressor__regressor__natural_gradient', True), ('regressor__regressor__tol', 0.01), ('regressor__regressor__verbose', False)])




Best parameters: OrderedDict([('regressor__regressor__learning_rate', 0.1), ('regressor__regressor__n_estimators', 2000), ('regressor__regressor__natural_gradient', True), ('regressor__regressor__tol', 0.01), ('regressor__regressor__verbose', False)])




Best parameters: OrderedDict([('regressor__regressor__learning_rate', 0.011194456417153591), ('regressor__regressor__n_estimators', 2000), ('regressor__regressor__natural_gradient', True), ('regressor__regressor__tol', 0.0001), ('regressor__regressor__verbose', False)])





OPTIMIZING HYPERPARAMETERS FOR REGRESSOR NGB 	SEED: 13


Best parameters: OrderedDict([('regressor__regressor__learning_rate', 0.024023324732055318), ('regressor__regressor__n_estimators', 1206), ('regressor__regressor__natural_gradient', True), ('regressor__regressor__tol', 0.0001), ('regressor__regressor__verbose', False)])





OPTIMIZING HYPERPARAMETERS FOR REGRESSOR NGB 	SEED: 13


Best parameters: OrderedDict([('regressor__regressor__learning_rate', 0.09941467058927925), ('regressor__regressor__n_estimators', 1233), ('regressor__regressor__natural_gradient', True), ('regressor__regressor__tol', 0.00010057749305325055), ('regressor__regressor__verbose', False)])





OPTIMIZING HYPERPARAMETERS FOR REGRESSOR NGB 	SEED: 13


Best parameters: OrderedDict([('regressor__regressor__learning_rate', 0.0191976026074238), ('regressor__regressor__n_estimators', 2000), ('regressor__regressor__natural_gradient', True), ('regressor__regressor__tol', 0.01), ('regressor__regressor__verbose', False)])





OPTIMIZING HYPERPARAMETERS FOR REGRESSOR NGB 	SEED: 13


Best parameters: OrderedDict([('regressor__regressor__learning_rate', 0.015808999751869543), ('regressor__regressor__n_estimators', 2000), ('regressor__regressor__natural_gradient', True), ('regressor__regressor__tol', 0.0001), ('regressor__regressor__verbose', False)])





OPTIMIZING HYPERPARAMETERS FOR REGRESSOR NGB 	SEED: 13


Best parameters: OrderedDict([('regressor__regressor__learning_rate', 0.047561340154341124), ('regressor__regressor__n_estimators', 2000), ('regressor__regressor__natural_gradient', True), ('regressor__regressor__tol', 0.01), ('regressor__regressor__verbose', False)])





-------------------------------------------------- 
OPTIMIZING HYPERPARAMETERS FOR REGRESSOR NGB 	SEED: 42


Best parameters: OrderedDict([('regressor__regressor__learning_rate', 0.049259553433560976), ('regressor__regressor__n_estimators', 1107), ('regressor__regressor__natural_gradient', True), ('regressor__regressor__tol', 0.0001), ('regressor__regressor__verbose', False)])




Best parameters: OrderedDict([('regressor__regressor__learning_rate', 0.1), ('regressor__regressor__n_estimators', 289), ('regressor__regressor__natural_gradient', True), ('regressor__regressor__tol', 0.00011843853205337825), ('regressor__regressor__verbose', False)])




Best parameters: OrderedDict([('regressor__regressor__learning_rate', 0.1), ('regressor__regressor__n_estimators', 96), ('regressor__regressor__natural_gradient', True), ('regressor__regressor__tol', 0.01), ('regressor__regressor__verbose', False)])




Best parameters: OrderedDict([('regressor__regressor__learning_rate', 0.0982351461204072), ('regressor__regressor__n_estimators', 471), ('regressor__regressor__natural_gradient', True), ('regressor__regressor__tol', 0.009960439284172671), ('regressor__regressor__verbose', False)])




Best parameters: OrderedDict([('regressor__regressor__learning_rate', 0.01826576210643153), ('regressor__regressor__n_estimators', 2000), ('regressor__regressor__natural_gradient', True), ('regressor__regressor__tol', 0.01), ('regressor__regressor__verbose', False)])





OPTIMIZING HYPERPARAMETERS FOR REGRESSOR NGB 	SEED: 42


Best parameters: OrderedDict([('regressor__regressor__learning_rate', 0.1), ('regressor__regressor__n_estimators', 685), ('regressor__regressor__natural_gradient', True), ('regressor__regressor__tol', 0.00010672710285684938), ('regressor__regressor__verbose', False)])





OPTIMIZING HYPERPARAMETERS FOR REGRESSOR NGB 	SEED: 42


Best parameters: OrderedDict([('regressor__regressor__learning_rate', 0.1), ('regressor__regressor__n_estimators', 1449), ('regressor__regressor__natural_gradient', True), ('regressor__regressor__tol', 0.01), ('regressor__regressor__verbose', False)])





OPTIMIZING HYPERPARAMETERS FOR REGRESSOR NGB 	SEED: 42


Best parameters: OrderedDict([('regressor__regressor__learning_rate', 0.09819355708415581), ('regressor__regressor__n_estimators', 1963), ('regressor__regressor__natural_gradient', True), ('regressor__regressor__tol', 0.00886382395053588), ('regressor__regressor__verbose', False)])





OPTIMIZING HYPERPARAMETERS FOR REGRESSOR NGB 	SEED: 42


Best parameters: OrderedDict([('regressor__regressor__learning_rate', 0.07352481813242628), ('regressor__regressor__n_estimators', 663), ('regressor__regressor__natural_gradient', True), ('regressor__regressor__tol', 0.0006786442521779151), ('regressor__regressor__verbose', False)])





OPTIMIZING HYPERPARAMETERS FOR REGRESSOR NGB 	SEED: 42


Best parameters: OrderedDict([('regressor__regressor__learning_rate', 0.050407675107185544), ('regressor__regressor__n_estimators', 466), ('regressor__regressor__natural_gradient', True), ('regressor__regressor__tol', 0.008052643637135051), ('regressor__regressor__verbose', False)])





-------------------------------------------------- 
OPTIMIZING HYPERPARAMETERS FOR REGRESSOR NGB 	SEED: 69


Best parameters: OrderedDict([('regressor__regressor__learning_rate', 0.1), ('regressor__regressor__n_estimators', 2000), ('regressor__regressor__natural_gradient', True), ('regressor__regressor__tol', 0.0001), ('regressor__regressor__verbose', False)])




Best parameters: OrderedDict([('regressor__regressor__learning_rate', 0.047172258858630516), ('regressor__regressor__n_estimators', 2000), ('regressor__regressor__natural_gradient', True), ('regressor__regressor__tol', 0.01), ('regressor__regressor__verbose', False)])




Best parameters: OrderedDict([('regressor__regressor__learning_rate', 0.016457403816549587), ('regressor__regressor__n_estimators', 952), ('regressor__regressor__natural_gradient', True), ('regressor__regressor__tol', 0.01), ('regressor__regressor__verbose', False)])




Best parameters: OrderedDict([('regressor__regressor__learning_rate', 0.1), ('regressor__regressor__n_estimators', 2000), ('regressor__regressor__natural_gradient', True), ('regressor__regressor__tol', 0.0001), ('regressor__regressor__verbose', False)])




Best parameters: OrderedDict([('regressor__regressor__learning_rate', 0.09939793013929618), ('regressor__regressor__n_estimators', 1351), ('regressor__regressor__natural_gradient', True), ('regressor__regressor__tol', 0.0029011736234682817), ('regressor__regressor__verbose', False)])





OPTIMIZING HYPERPARAMETERS FOR REGRESSOR NGB 	SEED: 69


Best parameters: OrderedDict([('regressor__regressor__learning_rate', 0.061750355578184854), ('regressor__regressor__n_estimators', 1043), ('regressor__regressor__natural_gradient', True), ('regressor__regressor__tol', 0.00011920550823371318), ('regressor__regressor__verbose', False)])





OPTIMIZING HYPERPARAMETERS FOR REGRESSOR NGB 	SEED: 69


Best parameters: OrderedDict([('regressor__regressor__learning_rate', 0.1), ('regressor__regressor__n_estimators', 2000), ('regressor__regressor__natural_gradient', True), ('regressor__regressor__tol', 0.01), ('regressor__regressor__verbose', False)])





OPTIMIZING HYPERPARAMETERS FOR REGRESSOR NGB 	SEED: 69


Best parameters: OrderedDict([('regressor__regressor__learning_rate', 0.1), ('regressor__regressor__n_estimators', 1193), ('regressor__regressor__natural_gradient', True), ('regressor__regressor__tol', 0.01), ('regressor__regressor__verbose', False)])





OPTIMIZING HYPERPARAMETERS FOR REGRESSOR NGB 	SEED: 69


Best parameters: OrderedDict([('regressor__regressor__learning_rate', 0.05109974661179926), ('regressor__regressor__n_estimators', 2000), ('regressor__regressor__natural_gradient', True), ('regressor__regressor__tol', 0.01), ('regressor__regressor__verbose', False)])





OPTIMIZING HYPERPARAMETERS FOR REGRESSOR NGB 	SEED: 69


Best parameters: OrderedDict([('regressor__regressor__learning_rate', 0.05177232917294162), ('regressor__regressor__n_estimators', 630), ('regressor__regressor__natural_gradient', True), ('regressor__regressor__tol', 0.01), ('regressor__regressor__verbose', False)])





-------------------------------------------------- 
OPTIMIZING HYPERPARAMETERS FOR REGRESSOR NGB 	SEED: 420


Best parameters: OrderedDict([('regressor__regressor__learning_rate', 0.0358152243542522), ('regressor__regressor__n_estimators', 269), ('regressor__regressor__natural_gradient', True), ('regressor__regressor__tol', 0.01), ('regressor__regressor__verbose', False)])




Best parameters: OrderedDict([('regressor__regressor__learning_rate', 0.004210154613465117), ('regressor__regressor__n_estimators', 2000), ('regressor__regressor__natural_gradient', True), ('regressor__regressor__tol', 0.01), ('regressor__regressor__verbose', False)])




Best parameters: OrderedDict([('regressor__regressor__learning_rate', 0.1), ('regressor__regressor__n_estimators', 1235), ('regressor__regressor__natural_gradient', True), ('regressor__regressor__tol', 0.01), ('regressor__regressor__verbose', False)])




Best parameters: OrderedDict([('regressor__regressor__learning_rate', 0.0584011044464524), ('regressor__regressor__n_estimators', 282), ('regressor__regressor__natural_gradient', True), ('regressor__regressor__tol', 0.006880329319591063), ('regressor__regressor__verbose', False)])




Best parameters: OrderedDict([('regressor__regressor__learning_rate', 0.09986387919625105), ('regressor__regressor__n_estimators', 752), ('regressor__regressor__natural_gradient', True), ('regressor__regressor__tol', 0.005675243265873826), ('regressor__regressor__verbose', False)])





OPTIMIZING HYPERPARAMETERS FOR REGRESSOR NGB 	SEED: 420


Best parameters: OrderedDict([('regressor__regressor__learning_rate', 0.09810783751968345), ('regressor__regressor__n_estimators', 588), ('regressor__regressor__natural_gradient', True), ('regressor__regressor__tol', 0.0014766304975218584), ('regressor__regressor__verbose', False)])





OPTIMIZING HYPERPARAMETERS FOR REGRESSOR NGB 	SEED: 420


Best parameters: OrderedDict([('regressor__regressor__learning_rate', 0.052230242970673274), ('regressor__regressor__n_estimators', 1916), ('regressor__regressor__natural_gradient', True), ('regressor__regressor__tol', 0.000123193452113383), ('regressor__regressor__verbose', False)])





OPTIMIZING HYPERPARAMETERS FOR REGRESSOR NGB 	SEED: 420


Best parameters: OrderedDict([('regressor__regressor__learning_rate', 0.010149831183861788), ('regressor__regressor__n_estimators', 2000), ('regressor__regressor__natural_gradient', True), ('regressor__regressor__tol', 0.01), ('regressor__regressor__verbose', False)])





OPTIMIZING HYPERPARAMETERS FOR REGRESSOR NGB 	SEED: 420


Best parameters: OrderedDict([('regressor__regressor__learning_rate', 0.06371453653052549), ('regressor__regressor__n_estimators', 1378), ('regressor__regressor__natural_gradient', True), ('regressor__regressor__tol', 0.00013338370334547452), ('regressor__regressor__verbose', False)])





OPTIMIZING HYPERPARAMETERS FOR REGRESSOR NGB 	SEED: 420


Best parameters: OrderedDict([('regressor__regressor__learning_rate', 0.09933321684365906), ('regressor__regressor__n_estimators', 1962), ('regressor__regressor__natural_gradient', True), ('regressor__regressor__tol', 0.00015134990513939882), ('regressor__regressor__verbose', False)])





-------------------------------------------------- 
OPTIMIZING HYPERPARAMETERS FOR REGRESSOR NGB 	SEED: 1234567890


Best parameters: OrderedDict([('regressor__regressor__learning_rate', 0.046964527719795444), ('regressor__regressor__n_estimators', 2000), ('regressor__regressor__natural_gradient', True), ('regressor__regressor__tol', 0.0001), ('regressor__regressor__verbose', False)])




Best parameters: OrderedDict([('regressor__regressor__learning_rate', 0.014757376970599798), ('regressor__regressor__n_estimators', 2000), ('regressor__regressor__natural_gradient', True), ('regressor__regressor__tol', 0.00011667185960963785), ('regressor__regressor__verbose', False)])




Best parameters: OrderedDict([('regressor__regressor__learning_rate', 0.1), ('regressor__regressor__n_estimators', 2000), ('regressor__regressor__natural_gradient', True), ('regressor__regressor__tol', 0.0001), ('regressor__regressor__verbose', False)])




Best parameters: OrderedDict([('regressor__regressor__learning_rate', 0.04841409039720349), ('regressor__regressor__n_estimators', 251), ('regressor__regressor__natural_gradient', True), ('regressor__regressor__tol', 0.0001), ('regressor__regressor__verbose', False)])




Best parameters: OrderedDict([('regressor__regressor__learning_rate', 0.04726744410789079), ('regressor__regressor__n_estimators', 2000), ('regressor__regressor__natural_gradient', True), ('regressor__regressor__tol', 0.0001), ('regressor__regressor__verbose', False)])





OPTIMIZING HYPERPARAMETERS FOR REGRESSOR NGB 	SEED: 1234567890


Best parameters: OrderedDict([('regressor__regressor__learning_rate', 0.1), ('regressor__regressor__n_estimators', 616), ('regressor__regressor__natural_gradient', True), ('regressor__regressor__tol', 0.0001), ('regressor__regressor__verbose', False)])





OPTIMIZING HYPERPARAMETERS FOR REGRESSOR NGB 	SEED: 1234567890


Best parameters: OrderedDict([('regressor__regressor__learning_rate', 0.06957389314446352), ('regressor__regressor__n_estimators', 1107), ('regressor__regressor__natural_gradient', True), ('regressor__regressor__tol', 0.01), ('regressor__regressor__verbose', False)])





OPTIMIZING HYPERPARAMETERS FOR REGRESSOR NGB 	SEED: 1234567890


Best parameters: OrderedDict([('regressor__regressor__learning_rate', 0.06414101806252047), ('regressor__regressor__n_estimators', 2000), ('regressor__regressor__natural_gradient', True), ('regressor__regressor__tol', 0.01), ('regressor__regressor__verbose', False)])





OPTIMIZING HYPERPARAMETERS FOR REGRESSOR NGB 	SEED: 1234567890


Best parameters: OrderedDict([('regressor__regressor__learning_rate', 0.0707549702007859), ('regressor__regressor__n_estimators', 1399), ('regressor__regressor__natural_gradient', True), ('regressor__regressor__tol', 0.0001), ('regressor__regressor__verbose', False)])





OPTIMIZING HYPERPARAMETERS FOR REGRESSOR NGB 	SEED: 1234567890


Best parameters: OrderedDict([('regressor__regressor__learning_rate', 0.1), ('regressor__regressor__n_estimators', 1242), ('regressor__regressor__natural_gradient', True), ('regressor__regressor__tol', 0.01), ('regressor__regressor__verbose', False)])





-------------------------------------------------- 
OPTIMIZING HYPERPARAMETERS FOR REGRESSOR NGB 	SEED: 473129


Best parameters: OrderedDict([('regressor__regressor__learning_rate', 0.1), ('regressor__regressor__n_estimators', 226), ('regressor__regressor__natural_gradient', True), ('regressor__regressor__tol', 0.01), ('regressor__regressor__verbose', False)])




Best parameters: OrderedDict([('regressor__regressor__learning_rate', 0.010540727125657191), ('regressor__regressor__n_estimators', 2000), ('regressor__regressor__natural_gradient', True), ('regressor__regressor__tol', 0.0001), ('regressor__regressor__verbose', False)])




Best parameters: OrderedDict([('regressor__regressor__learning_rate', 0.1), ('regressor__regressor__n_estimators', 221), ('regressor__regressor__natural_gradient', True), ('regressor__regressor__tol', 0.01), ('regressor__regressor__verbose', False)])




Best parameters: OrderedDict([('regressor__regressor__learning_rate', 0.009114887077754312), ('regressor__regressor__n_estimators', 2000), ('regressor__regressor__natural_gradient', True), ('regressor__regressor__tol', 0.01), ('regressor__regressor__verbose', False)])




Best parameters: OrderedDict([('regressor__regressor__learning_rate', 0.06804456234526339), ('regressor__regressor__n_estimators', 872), ('regressor__regressor__natural_gradient', True), ('regressor__regressor__tol', 0.01), ('regressor__regressor__verbose', False)])





OPTIMIZING HYPERPARAMETERS FOR REGRESSOR NGB 	SEED: 473129


Best parameters: OrderedDict([('regressor__regressor__learning_rate', 0.1), ('regressor__regressor__n_estimators', 146), ('regressor__regressor__natural_gradient', True), ('regressor__regressor__tol', 0.01), ('regressor__regressor__verbose', False)])





OPTIMIZING HYPERPARAMETERS FOR REGRESSOR NGB 	SEED: 473129


Best parameters: OrderedDict([('regressor__regressor__learning_rate', 0.1), ('regressor__regressor__n_estimators', 2000), ('regressor__regressor__natural_gradient', True), ('regressor__regressor__tol', 0.01), ('regressor__regressor__verbose', False)])





OPTIMIZING HYPERPARAMETERS FOR REGRESSOR NGB 	SEED: 473129


Best parameters: OrderedDict([('regressor__regressor__learning_rate', 0.04120648973432133), ('regressor__regressor__n_estimators', 558), ('regressor__regressor__natural_gradient', True), ('regressor__regressor__tol', 0.00012204801107938473), ('regressor__regressor__verbose', False)])





OPTIMIZING HYPERPARAMETERS FOR REGRESSOR NGB 	SEED: 473129


Best parameters: OrderedDict([('regressor__regressor__learning_rate', 0.02377011493315441), ('regressor__regressor__n_estimators', 750), ('regressor__regressor__natural_gradient', True), ('regressor__regressor__tol', 0.0001), ('regressor__regressor__verbose', False)])





OPTIMIZING HYPERPARAMETERS FOR REGRESSOR NGB 	SEED: 473129


Best parameters: OrderedDict([('regressor__regressor__learning_rate', 0.07345813064278209), ('regressor__regressor__n_estimators', 701), ('regressor__regressor__natural_gradient', True), ('regressor__regressor__tol', 0.0001), ('regressor__regressor__verbose', False)])





-------------------------------------------------- 
OOD TEST ON Polar



-------------------------------------------------- 
OPTIMIZING HYPERPARAMETERS FOR REGRESSOR NGB 	SEED: 6


Best parameters: OrderedDict([('regressor__regressor__learning_rate', 0.1), ('regressor__regressor__n_estimators', 536), ('regressor__regressor__natural_gradient', True), ('regressor__regressor__tol', 0.01), ('regressor__regressor__verbose', False)])




Best parameters: OrderedDict([('regressor__regressor__learning_rate', 0.04193915711367386), ('regressor__regressor__n_estimators', 2000), ('regressor__regressor__natural_gradient', True), ('regressor__regressor__tol', 0.0001), ('regressor__regressor__verbose', False)])




Best parameters: OrderedDict([('regressor__regressor__learning_rate', 0.03932409723983557), ('regressor__regressor__n_estimators', 2000), ('regressor__regressor__natural_gradient', True), ('regressor__regressor__tol', 0.0001), ('regressor__regressor__verbose', False)])




Best parameters: OrderedDict([('regressor__regressor__learning_rate', 0.1), ('regressor__regressor__n_estimators', 286), ('regressor__regressor__natural_gradient', True), ('regressor__regressor__tol', 0.0001), ('regressor__regressor__verbose', False)])




Best parameters: OrderedDict([('regressor__regressor__learning_rate', 0.03057307965577891), ('regressor__regressor__n_estimators', 1085), ('regressor__regressor__natural_gradient', True), ('regressor__regressor__tol', 0.01), ('regressor__regressor__verbose', False)])





OPTIMIZING HYPERPARAMETERS FOR REGRESSOR NGB 	SEED: 6


Best parameters: OrderedDict([('regressor__regressor__learning_rate', 0.08646479880356304), ('regressor__regressor__n_estimators', 918), ('regressor__regressor__natural_gradient', True), ('regressor__regressor__tol', 0.0005053971397801153), ('regressor__regressor__verbose', False)])





OPTIMIZING HYPERPARAMETERS FOR REGRESSOR NGB 	SEED: 6


Best parameters: OrderedDict([('regressor__regressor__learning_rate', 0.06583705716269325), ('regressor__regressor__n_estimators', 99), ('regressor__regressor__natural_gradient', True), ('regressor__regressor__tol', 0.005202223758448466), ('regressor__regressor__verbose', False)])





OPTIMIZING HYPERPARAMETERS FOR REGRESSOR NGB 	SEED: 6


Best parameters: OrderedDict([('regressor__regressor__learning_rate', 0.04263251258108304), ('regressor__regressor__n_estimators', 2000), ('regressor__regressor__natural_gradient', True), ('regressor__regressor__tol', 0.01), ('regressor__regressor__verbose', False)])





OPTIMIZING HYPERPARAMETERS FOR REGRESSOR NGB 	SEED: 6


Best parameters: OrderedDict([('regressor__regressor__learning_rate', 0.017025787911014664), ('regressor__regressor__n_estimators', 1574), ('regressor__regressor__natural_gradient', True), ('regressor__regressor__tol', 0.01), ('regressor__regressor__verbose', False)])





OPTIMIZING HYPERPARAMETERS FOR REGRESSOR NGB 	SEED: 6


Best parameters: OrderedDict([('regressor__regressor__learning_rate', 0.06520686236924798), ('regressor__regressor__n_estimators', 1907), ('regressor__regressor__natural_gradient', True), ('regressor__regressor__tol', 0.0001483510927912348), ('regressor__regressor__verbose', False)])





-------------------------------------------------- 
OPTIMIZING HYPERPARAMETERS FOR REGRESSOR NGB 	SEED: 13


Best parameters: OrderedDict([('regressor__regressor__learning_rate', 0.1), ('regressor__regressor__n_estimators', 2000), ('regressor__regressor__natural_gradient', True), ('regressor__regressor__tol', 0.0001), ('regressor__regressor__verbose', False)])




Best parameters: OrderedDict([('regressor__regressor__learning_rate', 0.045921137017301314), ('regressor__regressor__n_estimators', 2000), ('regressor__regressor__natural_gradient', True), ('regressor__regressor__tol', 0.01), ('regressor__regressor__verbose', False)])




Best parameters: OrderedDict([('regressor__regressor__learning_rate', 0.1), ('regressor__regressor__n_estimators', 2000), ('regressor__regressor__natural_gradient', True), ('regressor__regressor__tol', 0.01), ('regressor__regressor__verbose', False)])




Best parameters: OrderedDict([('regressor__regressor__learning_rate', 0.018631449960691302), ('regressor__regressor__n_estimators', 2000), ('regressor__regressor__natural_gradient', True), ('regressor__regressor__tol', 0.01), ('regressor__regressor__verbose', False)])




Best parameters: OrderedDict([('regressor__regressor__learning_rate', 0.1), ('regressor__regressor__n_estimators', 1277), ('regressor__regressor__natural_gradient', True), ('regressor__regressor__tol', 0.01), ('regressor__regressor__verbose', False)])





OPTIMIZING HYPERPARAMETERS FOR REGRESSOR NGB 	SEED: 13


Best parameters: OrderedDict([('regressor__regressor__learning_rate', 0.09830461375630627), ('regressor__regressor__n_estimators', 1365), ('regressor__regressor__natural_gradient', True), ('regressor__regressor__tol', 0.001796341565686873), ('regressor__regressor__verbose', False)])





OPTIMIZING HYPERPARAMETERS FOR REGRESSOR NGB 	SEED: 13


Best parameters: OrderedDict([('regressor__regressor__learning_rate', 0.09633956883069311), ('regressor__regressor__n_estimators', 1395), ('regressor__regressor__natural_gradient', True), ('regressor__regressor__tol', 0.0001287632060724197), ('regressor__regressor__verbose', False)])





OPTIMIZING HYPERPARAMETERS FOR REGRESSOR NGB 	SEED: 13


Best parameters: OrderedDict([('regressor__regressor__learning_rate', 0.018156835599947393), ('regressor__regressor__n_estimators', 604), ('regressor__regressor__natural_gradient', True), ('regressor__regressor__tol', 0.00913140990384016), ('regressor__regressor__verbose', False)])





OPTIMIZING HYPERPARAMETERS FOR REGRESSOR NGB 	SEED: 13


Best parameters: OrderedDict([('regressor__regressor__learning_rate', 0.05927526903912227), ('regressor__regressor__n_estimators', 1550), ('regressor__regressor__natural_gradient', True), ('regressor__regressor__tol', 0.008742750400760205), ('regressor__regressor__verbose', False)])





OPTIMIZING HYPERPARAMETERS FOR REGRESSOR NGB 	SEED: 13


Best parameters: OrderedDict([('regressor__regressor__learning_rate', 0.02533900251962457), ('regressor__regressor__n_estimators', 1233), ('regressor__regressor__natural_gradient', True), ('regressor__regressor__tol', 0.01), ('regressor__regressor__verbose', False)])





-------------------------------------------------- 
OPTIMIZING HYPERPARAMETERS FOR REGRESSOR NGB 	SEED: 42


Best parameters: OrderedDict([('regressor__regressor__learning_rate', 0.09897582454928407), ('regressor__regressor__n_estimators', 1896), ('regressor__regressor__natural_gradient', True), ('regressor__regressor__tol', 0.000257533508972583), ('regressor__regressor__verbose', False)])




Best parameters: OrderedDict([('regressor__regressor__learning_rate', 0.05885859776800631), ('regressor__regressor__n_estimators', 365), ('regressor__regressor__natural_gradient', True), ('regressor__regressor__tol', 0.01), ('regressor__regressor__verbose', False)])




Best parameters: OrderedDict([('regressor__regressor__learning_rate', 0.04322134064879004), ('regressor__regressor__n_estimators', 2000), ('regressor__regressor__natural_gradient', True), ('regressor__regressor__tol', 0.01), ('regressor__regressor__verbose', False)])




Best parameters: OrderedDict([('regressor__regressor__learning_rate', 0.1), ('regressor__regressor__n_estimators', 2000), ('regressor__regressor__natural_gradient', True), ('regressor__regressor__tol', 0.01), ('regressor__regressor__verbose', False)])




Best parameters: OrderedDict([('regressor__regressor__learning_rate', 0.01447135391532248), ('regressor__regressor__n_estimators', 2000), ('regressor__regressor__natural_gradient', True), ('regressor__regressor__tol', 0.01), ('regressor__regressor__verbose', False)])





OPTIMIZING HYPERPARAMETERS FOR REGRESSOR NGB 	SEED: 42


Best parameters: OrderedDict([('regressor__regressor__learning_rate', 0.09019578689489807), ('regressor__regressor__n_estimators', 1937), ('regressor__regressor__natural_gradient', True), ('regressor__regressor__tol', 0.00011403672850785124), ('regressor__regressor__verbose', False)])





OPTIMIZING HYPERPARAMETERS FOR REGRESSOR NGB 	SEED: 42


Best parameters: OrderedDict([('regressor__regressor__learning_rate', 0.1), ('regressor__regressor__n_estimators', 2000), ('regressor__regressor__natural_gradient', True), ('regressor__regressor__tol', 0.01), ('regressor__regressor__verbose', False)])





OPTIMIZING HYPERPARAMETERS FOR REGRESSOR NGB 	SEED: 42


Best parameters: OrderedDict([('regressor__regressor__learning_rate', 0.1), ('regressor__regressor__n_estimators', 795), ('regressor__regressor__natural_gradient', True), ('regressor__regressor__tol', 0.0001), ('regressor__regressor__verbose', False)])





OPTIMIZING HYPERPARAMETERS FOR REGRESSOR NGB 	SEED: 42


Best parameters: OrderedDict([('regressor__regressor__learning_rate', 0.07352481813242628), ('regressor__regressor__n_estimators', 663), ('regressor__regressor__natural_gradient', True), ('regressor__regressor__tol', 0.0006786442521779151), ('regressor__regressor__verbose', False)])





OPTIMIZING HYPERPARAMETERS FOR REGRESSOR NGB 	SEED: 42


Best parameters: OrderedDict([('regressor__regressor__learning_rate', 0.07451830956078076), ('regressor__regressor__n_estimators', 985), ('regressor__regressor__natural_gradient', True), ('regressor__regressor__tol', 0.01), ('regressor__regressor__verbose', False)])





-------------------------------------------------- 
OPTIMIZING HYPERPARAMETERS FOR REGRESSOR NGB 	SEED: 69


Best parameters: OrderedDict([('regressor__regressor__learning_rate', 0.1), ('regressor__regressor__n_estimators', 2000), ('regressor__regressor__natural_gradient', True), ('regressor__regressor__tol', 0.0001), ('regressor__regressor__verbose', False)])




Best parameters: OrderedDict([('regressor__regressor__learning_rate', 0.034127782637438896), ('regressor__regressor__n_estimators', 954), ('regressor__regressor__natural_gradient', True), ('regressor__regressor__tol', 0.0001), ('regressor__regressor__verbose', False)])




Best parameters: OrderedDict([('regressor__regressor__learning_rate', 0.09858830025953505), ('regressor__regressor__n_estimators', 1947), ('regressor__regressor__natural_gradient', True), ('regressor__regressor__tol', 0.003761947947251232), ('regressor__regressor__verbose', False)])




Best parameters: OrderedDict([('regressor__regressor__learning_rate', 0.07159939363572519), ('regressor__regressor__n_estimators', 1508), ('regressor__regressor__natural_gradient', True), ('regressor__regressor__tol', 0.01), ('regressor__regressor__verbose', False)])




Best parameters: OrderedDict([('regressor__regressor__learning_rate', 0.034606168737694044), ('regressor__regressor__n_estimators', 1295), ('regressor__regressor__natural_gradient', True), ('regressor__regressor__tol', 0.01), ('regressor__regressor__verbose', False)])





OPTIMIZING HYPERPARAMETERS FOR REGRESSOR NGB 	SEED: 69


Best parameters: OrderedDict([('regressor__regressor__learning_rate', 0.04854524824753909), ('regressor__regressor__n_estimators', 497), ('regressor__regressor__natural_gradient', True), ('regressor__regressor__tol', 0.0001), ('regressor__regressor__verbose', False)])





OPTIMIZING HYPERPARAMETERS FOR REGRESSOR NGB 	SEED: 69


Best parameters: OrderedDict([('regressor__regressor__learning_rate', 0.09857074683335454), ('regressor__regressor__n_estimators', 1365), ('regressor__regressor__natural_gradient', True), ('regressor__regressor__tol', 0.000111642437460329), ('regressor__regressor__verbose', False)])





OPTIMIZING HYPERPARAMETERS FOR REGRESSOR NGB 	SEED: 69


Best parameters: OrderedDict([('regressor__regressor__learning_rate', 0.09784400370254734), ('regressor__regressor__n_estimators', 1938), ('regressor__regressor__natural_gradient', True), ('regressor__regressor__tol', 0.009587060991233057), ('regressor__regressor__verbose', False)])





OPTIMIZING HYPERPARAMETERS FOR REGRESSOR NGB 	SEED: 69


Best parameters: OrderedDict([('regressor__regressor__learning_rate', 0.01745529252366319), ('regressor__regressor__n_estimators', 1025), ('regressor__regressor__natural_gradient', True), ('regressor__regressor__tol', 0.0001), ('regressor__regressor__verbose', False)])





OPTIMIZING HYPERPARAMETERS FOR REGRESSOR NGB 	SEED: 69


Best parameters: OrderedDict([('regressor__regressor__learning_rate', 0.04394652176459868), ('regressor__regressor__n_estimators', 2000), ('regressor__regressor__natural_gradient', True), ('regressor__regressor__tol', 0.01), ('regressor__regressor__verbose', False)])





-------------------------------------------------- 
OPTIMIZING HYPERPARAMETERS FOR REGRESSOR NGB 	SEED: 420


Best parameters: OrderedDict([('regressor__regressor__learning_rate', 0.1), ('regressor__regressor__n_estimators', 1227), ('regressor__regressor__natural_gradient', True), ('regressor__regressor__tol', 0.0003569553754724159), ('regressor__regressor__verbose', False)])




Best parameters: OrderedDict([('regressor__regressor__learning_rate', 0.040771530667704316), ('regressor__regressor__n_estimators', 1051), ('regressor__regressor__natural_gradient', True), ('regressor__regressor__tol', 0.0001), ('regressor__regressor__verbose', False)])




Best parameters: OrderedDict([('regressor__regressor__learning_rate', 0.05560204135063398), ('regressor__regressor__n_estimators', 2000), ('regressor__regressor__natural_gradient', True), ('regressor__regressor__tol', 0.0001), ('regressor__regressor__verbose', False)])




Best parameters: OrderedDict([('regressor__regressor__learning_rate', 0.02158305281455893), ('regressor__regressor__n_estimators', 2000), ('regressor__regressor__natural_gradient', True), ('regressor__regressor__tol', 0.0001), ('regressor__regressor__verbose', False)])




Best parameters: OrderedDict([('regressor__regressor__learning_rate', 0.07651335097760348), ('regressor__regressor__n_estimators', 1497), ('regressor__regressor__natural_gradient', True), ('regressor__regressor__tol', 0.01), ('regressor__regressor__verbose', False)])





OPTIMIZING HYPERPARAMETERS FOR REGRESSOR NGB 	SEED: 420


Best parameters: OrderedDict([('regressor__regressor__learning_rate', 0.07859941654840304), ('regressor__regressor__n_estimators', 1951), ('regressor__regressor__natural_gradient', True), ('regressor__regressor__tol', 0.0001009443095884358), ('regressor__regressor__verbose', False)])





OPTIMIZING HYPERPARAMETERS FOR REGRESSOR NGB 	SEED: 420


Best parameters: OrderedDict([('regressor__regressor__learning_rate', 0.03292800058058744), ('regressor__regressor__n_estimators', 1963), ('regressor__regressor__natural_gradient', True), ('regressor__regressor__tol', 0.0001820205554785959), ('regressor__regressor__verbose', False)])





OPTIMIZING HYPERPARAMETERS FOR REGRESSOR NGB 	SEED: 420


Best parameters: OrderedDict([('regressor__regressor__learning_rate', 0.008951514699467967), ('regressor__regressor__n_estimators', 2000), ('regressor__regressor__natural_gradient', True), ('regressor__regressor__tol', 0.0001), ('regressor__regressor__verbose', False)])





OPTIMIZING HYPERPARAMETERS FOR REGRESSOR NGB 	SEED: 420


Best parameters: OrderedDict([('regressor__regressor__learning_rate', 0.06056838927016992), ('regressor__regressor__n_estimators', 372), ('regressor__regressor__natural_gradient', True), ('regressor__regressor__tol', 0.01), ('regressor__regressor__verbose', False)])





OPTIMIZING HYPERPARAMETERS FOR REGRESSOR NGB 	SEED: 420


Best parameters: OrderedDict([('regressor__regressor__learning_rate', 0.09979695075810735), ('regressor__regressor__n_estimators', 478), ('regressor__regressor__natural_gradient', True), ('regressor__regressor__tol', 0.00037716691585531814), ('regressor__regressor__verbose', False)])





-------------------------------------------------- 
OPTIMIZING HYPERPARAMETERS FOR REGRESSOR NGB 	SEED: 1234567890


Best parameters: OrderedDict([('regressor__regressor__learning_rate', 0.02357808667319962), ('regressor__regressor__n_estimators', 2000), ('regressor__regressor__natural_gradient', True), ('regressor__regressor__tol', 0.0001), ('regressor__regressor__verbose', False)])




Best parameters: OrderedDict([('regressor__regressor__learning_rate', 0.011292356775722715), ('regressor__regressor__n_estimators', 2000), ('regressor__regressor__natural_gradient', True), ('regressor__regressor__tol', 0.0001), ('regressor__regressor__verbose', False)])




Best parameters: OrderedDict([('regressor__regressor__learning_rate', 0.1), ('regressor__regressor__n_estimators', 746), ('regressor__regressor__natural_gradient', True), ('regressor__regressor__tol', 0.0001), ('regressor__regressor__verbose', False)])




Best parameters: OrderedDict([('regressor__regressor__learning_rate', 0.03210958759443776), ('regressor__regressor__n_estimators', 463), ('regressor__regressor__natural_gradient', True), ('regressor__regressor__tol', 0.009272929586358346), ('regressor__regressor__verbose', False)])




Best parameters: OrderedDict([('regressor__regressor__learning_rate', 0.1), ('regressor__regressor__n_estimators', 256), ('regressor__regressor__natural_gradient', True), ('regressor__regressor__tol', 0.0001), ('regressor__regressor__verbose', False)])





OPTIMIZING HYPERPARAMETERS FOR REGRESSOR NGB 	SEED: 1234567890


Best parameters: OrderedDict([('regressor__regressor__learning_rate', 0.1), ('regressor__regressor__n_estimators', 519), ('regressor__regressor__natural_gradient', True), ('regressor__regressor__tol', 0.0001), ('regressor__regressor__verbose', False)])





OPTIMIZING HYPERPARAMETERS FOR REGRESSOR NGB 	SEED: 1234567890


Best parameters: OrderedDict([('regressor__regressor__learning_rate', 0.1), ('regressor__regressor__n_estimators', 195), ('regressor__regressor__natural_gradient', True), ('regressor__regressor__tol', 0.01), ('regressor__regressor__verbose', False)])





OPTIMIZING HYPERPARAMETERS FOR REGRESSOR NGB 	SEED: 1234567890


Best parameters: OrderedDict([('regressor__regressor__learning_rate', 0.09904038180002706), ('regressor__regressor__n_estimators', 1896), ('regressor__regressor__natural_gradient', True), ('regressor__regressor__tol', 0.0052055396848497025), ('regressor__regressor__verbose', False)])





OPTIMIZING HYPERPARAMETERS FOR REGRESSOR NGB 	SEED: 1234567890


Best parameters: OrderedDict([('regressor__regressor__learning_rate', 0.053648056130351875), ('regressor__regressor__n_estimators', 496), ('regressor__regressor__natural_gradient', True), ('regressor__regressor__tol', 0.01), ('regressor__regressor__verbose', False)])





OPTIMIZING HYPERPARAMETERS FOR REGRESSOR NGB 	SEED: 1234567890


Best parameters: OrderedDict([('regressor__regressor__learning_rate', 0.0659924328512672), ('regressor__regressor__n_estimators', 1202), ('regressor__regressor__natural_gradient', True), ('regressor__regressor__tol', 0.00012196442684752174), ('regressor__regressor__verbose', False)])





-------------------------------------------------- 
OPTIMIZING HYPERPARAMETERS FOR REGRESSOR NGB 	SEED: 473129


Best parameters: OrderedDict([('regressor__regressor__learning_rate', 0.04706554601049907), ('regressor__regressor__n_estimators', 2000), ('regressor__regressor__natural_gradient', True), ('regressor__regressor__tol', 0.0001), ('regressor__regressor__verbose', False)])




Best parameters: OrderedDict([('regressor__regressor__learning_rate', 0.09956315066651134), ('regressor__regressor__n_estimators', 716), ('regressor__regressor__natural_gradient', True), ('regressor__regressor__tol', 0.003936153991970477), ('regressor__regressor__verbose', False)])




Best parameters: OrderedDict([('regressor__regressor__learning_rate', 0.014168638818373547), ('regressor__regressor__n_estimators', 2000), ('regressor__regressor__natural_gradient', True), ('regressor__regressor__tol', 0.01), ('regressor__regressor__verbose', False)])




Best parameters: OrderedDict([('regressor__regressor__learning_rate', 0.060286789661221765), ('regressor__regressor__n_estimators', 2000), ('regressor__regressor__natural_gradient', True), ('regressor__regressor__tol', 0.01), ('regressor__regressor__verbose', False)])




Best parameters: OrderedDict([('regressor__regressor__learning_rate', 0.0334142976265371), ('regressor__regressor__n_estimators', 2000), ('regressor__regressor__natural_gradient', True), ('regressor__regressor__tol', 0.0001), ('regressor__regressor__verbose', False)])





OPTIMIZING HYPERPARAMETERS FOR REGRESSOR NGB 	SEED: 473129


Best parameters: OrderedDict([('regressor__regressor__learning_rate', 0.1), ('regressor__regressor__n_estimators', 1334), ('regressor__regressor__natural_gradient', True), ('regressor__regressor__tol', 0.01), ('regressor__regressor__verbose', False)])





OPTIMIZING HYPERPARAMETERS FOR REGRESSOR NGB 	SEED: 473129


Best parameters: OrderedDict([('regressor__regressor__learning_rate', 0.1), ('regressor__regressor__n_estimators', 1036), ('regressor__regressor__natural_gradient', True), ('regressor__regressor__tol', 0.0001), ('regressor__regressor__verbose', False)])





OPTIMIZING HYPERPARAMETERS FOR REGRESSOR NGB 	SEED: 473129


Best parameters: OrderedDict([('regressor__regressor__learning_rate', 0.031966263592951), ('regressor__regressor__n_estimators', 661), ('regressor__regressor__natural_gradient', True), ('regressor__regressor__tol', 0.0001), ('regressor__regressor__verbose', False)])





OPTIMIZING HYPERPARAMETERS FOR REGRESSOR NGB 	SEED: 473129


Best parameters: OrderedDict([('regressor__regressor__learning_rate', 0.060719000841624376), ('regressor__regressor__n_estimators', 2000), ('regressor__regressor__natural_gradient', True), ('regressor__regressor__tol', 0.0001), ('regressor__regressor__verbose', False)])





OPTIMIZING HYPERPARAMETERS FOR REGRESSOR NGB 	SEED: 473129


Best parameters: OrderedDict([('regressor__regressor__learning_rate', 0.06248276179299552), ('regressor__regressor__n_estimators', 880), ('regressor__regressor__natural_gradient', True), ('regressor__regressor__tol', 0.01), ('regressor__regressor__verbose', False)])


Filename: (MACCS-Xn-Mw-PDI-concentration-temperature-polymer dP-polymer dD-polymer dH-solvent dP-solvent dD-solvent dH)_NGB_Standard
Done Saving scores!

------------------------------------------------------------
Sender: LSF System <lsfadmin@c013n01>
Subject: Job 580586: <NGB_log Rg (nm)_MACCS_Trimer_substructure cluster_20250430> in cluster <Hazel> Done

Job <NGB_log Rg (nm)_MACCS_Trimer_substructure cluster_20250430> was submitted from host <c207n04> by user <sdehgha2> in cluster <Hazel> at Wed Apr 30 16:39:11 2025
Job was executed on host(s) <6*c013n01>, in queue <single_chassis>, as user <sdehgha2> in cluster <Hazel> at Wed Apr 30 16:40:50 2025
</home/sdehgha2> was used as the home directory.
</share/ddomlab/sdehgha2/working-space/main/P1_pls-dataset/pls-dataset-space/PLS-Dataset/code_/training/hpc_submit_training_Rh> was used as the working directory.
Started at Wed Apr 30 16:40:50 2025
Terminated at Fri May  2 10:03:31 2025
Results reported at Fri May  2 10:03:31 2025

Your job looked like:

------------------------------------------------------------
# LSBATCH: User input



#BSUB -n 6
#BSUB -W 72:05
#BSUB -R span[hosts=1]
#BSUB -R "rusage[mem=16GB]"
#BSUB -J "NGB_log Rg (nm)_MACCS_Trimer_substructure cluster_20250430"  
#BSUB -o "/share/ddomlab/sdehgha2/working-space/main/P1_pls-dataset/pls-dataset-space/PLS-Dataset/results/hpc_20250430/NGB_log Rg (nm)_MACCS_Trimer_substructure cluster_20250430.out"
#BSUB -e "/share/ddomlab/sdehgha2/working-space/main/P1_pls-dataset/pls-dataset-space/PLS-Dataset/results/hpc_20250430/NGB_log Rg (nm)_MACCS_Trimer_substructure cluster_20250430.err"

source ~/.bashrc
conda activate /usr/local/usrapps/ddomlab/sdehgha2/pls-dataset-env
python ../make_ood_prediction.py --target_features "log Rg (nm)"                                   --representation "MACCS"                                   --regressor_type "NGB"                                   --oligomer_representation "Trimer"                                   --numerical_feats 'Xn' 'Mw (g/mol)' 'PDI' 'Concentration (mg/ml)' 'Temperature SANS/SLS/DLS/SEC (K)' "polymer dP" "polymer dD" "polymer dH" 'solvent dP' 'solvent dD' 'solvent dH'                                   --clustering_method "substructure cluster" 



------------------------------------------------------------

Successfully completed.

Resource usage summary:

    CPU time :                                   645888.25 sec.
    Max Memory :                                 3 GB
    Average Memory :                             3.00 GB
    Total Requested Memory :                     16.00 GB
    Delta Memory :                               13.00 GB
    Max Swap :                                   -
    Max Processes :                              38
    Max Threads :                                41
    Run time :                                   148988 sec.
    Turnaround time :                            149060 sec.

The output (if any) is above this job summary.



PS:

Read file </share/ddomlab/sdehgha2/working-space/main/P1_pls-dataset/pls-dataset-space/PLS-Dataset/results/hpc_20250430/NGB_log Rg (nm)_MACCS_Trimer_substructure cluster_20250430.err> for stderr output of this job.

